{"accountName":"Virtual Windows 10","eventID":4663,"accessMask":"0x80","level":"Information","objectName":"C:\\Users\\Virtual Windows 10\\Dropbox","accountDomain":"DESKTOP-MAC610T","accesses":"%%4423\n\t\t\t\t","resourceAttributes":"S:AI","keyword":["Audit Success"],"objectType":"File","handleID":"0x2080","timestamp":"2018-08-29T11:54:59.308Z","logonID":"0x238ef","@id":"http://example.org/logEntry#logEntry-13206240-cf52-4111-ad81-0c600b316d8f","@context":"http://sepses.ifs.tuwien.ac.at/contexts/wineventlog.jsonld","processName":"C:\\Program Files (x86)\\Dropbox\\Client\\Dropbox.exe","objectServer":"Security","originatesFrom":{"hostName":{"name":"DESKTOP-MAC610T"},"@id":"http://example.org/sepses#1af89a69-0f40-4811-8622-508f58d31eb9","@type":"rdf:nodeID"},"computerName":"DESKTOP-MAC610T","hasLogType":"wineventlog","upCode":"Info","source":"Microsoft-Windows-Security-Auditing","@type":"http://purl.org/sepses/vocab/log/wineventlog#WindowsEventLogEntry","@timestamp":"2018-08-29T11:54:59.308Z","logMessage":"An attempt was made to access an object.\n\nSubject:\n\tSecurity ID:\t\tS-1-5-21-2889181789-4222170037-1347726928-1001\n\tAccount Name:\t\tVirtual Windows 10\n\tAccount Domain:\t\tDESKTOP-MAC610T\n\tLogon ID:\t\t0x238EF\n\nObject:\n\tObject Server:\t\tSecurity\n\tObject Type:\t\tFile\n\tObject Name:\t\tC:\\Users\\Virtual Windows 10\\Dropbox\n\tHandle ID:\t\t0x2080\n\tResource Attributes:\tS:AI\n\nProcess Information:\n\tProcess ID:\t\t0x14f0\n\tProcess Name:\t\tC:\\Program Files (x86)\\Dropbox\\Client\\Dropbox.exe\n\nAccess Request Information:\n\tAccesses:\t\tReadAttributes\n\t\t\t\t\n\tAccess Mask:\t\t0x80","logName":"Security","taskCategory":"File System","processID":"0x14f0","version":1}
{"accountName":"Virtual Windows 10","eventID":4663,"accessMask":"0x80","level":"Information","objectName":"C:\\Users\\Virtual Windows 10\\Dropbox","accountDomain":"DESKTOP-MAC610T","accesses":"%%4423\n\t\t\t\t","resourceAttributes":"S:AI","keyword":["Audit Success"],"objectType":"File","handleID":"0x2080","timestamp":"2018-08-29T11:54:59.308Z","logonID":"0x238ef","@id":"http://example.org/logEntry#logEntry-1a373a04-5dfe-42db-88f4-d690ac106220","@context":"http://sepses.ifs.tuwien.ac.at/contexts/wineventlog.jsonld","processName":"C:\\Program Files (x86)\\Dropbox\\Client\\Dropbox.exe","objectServer":"Security","originatesFrom":{"hostName":{"name":"DESKTOP-MAC610T"},"@id":"http://example.org/sepses#46ef55b7-ffd3-415f-83f8-fb64d15c2a25","@type":"rdf:nodeID"},"computerName":"DESKTOP-MAC610T","hasLogType":"wineventlog","upCode":"Info","source":"Microsoft-Windows-Security-Auditing","@type":"http://purl.org/sepses/vocab/log/wineventlog#WindowsEventLogEntry","@timestamp":"2018-08-29T11:54:59.308Z","logMessage":"An attempt was made to access an object.\n\nSubject:\n\tSecurity ID:\t\tS-1-5-21-2889181789-4222170037-1347726928-1001\n\tAccount Name:\t\tVirtual Windows 10\n\tAccount Domain:\t\tDESKTOP-MAC610T\n\tLogon ID:\t\t0x238EF\n\nObject:\n\tObject Server:\t\tSecurity\n\tObject Type:\t\tFile\n\tObject Name:\t\tC:\\Users\\Virtual Windows 10\\Dropbox\n\tHandle ID:\t\t0x2080\n\tResource Attributes:\tS:AI\n\nProcess Information:\n\tProcess ID:\t\t0x14f0\n\tProcess Name:\t\tC:\\Program Files (x86)\\Dropbox\\Client\\Dropbox.exe\n\nAccess Request Information:\n\tAccesses:\t\tReadAttributes\n\t\t\t\t\n\tAccess Mask:\t\t0x80","logName":"Security","taskCategory":"File System","processID":"0x14f0","version":1}
{"accountName":"Virtual Windows 10","eventID":4663,"accessMask":"0x80","level":"Information","objectName":"C:\\Users\\Virtual Windows 10\\Dropbox","accountDomain":"DESKTOP-MAC610T","accesses":"%%4423\n\t\t\t\t","resourceAttributes":"S:AI","keyword":["Audit Success"],"objectType":"File","handleID":"0x2080","timestamp":"2018-08-29T11:54:59.309Z","logonID":"0x238ef","@id":"http://example.org/logEntry#logEntry-cbf61029-f69f-4fa2-8564-596988b0d642","@context":"http://sepses.ifs.tuwien.ac.at/contexts/wineventlog.jsonld","processName":"C:\\Program Files (x86)\\Dropbox\\Client\\Dropbox.exe","objectServer":"Security","originatesFrom":{"hostName":{"name":"DESKTOP-MAC610T"},"@id":"http://example.org/sepses#cc2d2290-d698-48ca-92a2-b08d6cbddb6b","@type":"rdf:nodeID"},"computerName":"DESKTOP-MAC610T","hasLogType":"wineventlog","upCode":"Info","source":"Microsoft-Windows-Security-Auditing","@type":"http://purl.org/sepses/vocab/log/wineventlog#WindowsEventLogEntry","@timestamp":"2018-08-29T11:54:59.309Z","logMessage":"An attempt was made to access an object.\n\nSubject:\n\tSecurity ID:\t\tS-1-5-21-2889181789-4222170037-1347726928-1001\n\tAccount Name:\t\tVirtual Windows 10\n\tAccount Domain:\t\tDESKTOP-MAC610T\n\tLogon ID:\t\t0x238EF\n\nObject:\n\tObject Server:\t\tSecurity\n\tObject Type:\t\tFile\n\tObject Name:\t\tC:\\Users\\Virtual Windows 10\\Dropbox\n\tHandle ID:\t\t0x2080\n\tResource Attributes:\tS:AI\n\nProcess Information:\n\tProcess ID:\t\t0x14f0\n\tProcess Name:\t\tC:\\Program Files (x86)\\Dropbox\\Client\\Dropbox.exe\n\nAccess Request Information:\n\tAccesses:\t\tReadAttributes\n\t\t\t\t\n\tAccess Mask:\t\t0x80","logName":"Security","taskCategory":"File System","processID":"0x14f0","version":1}
