<http://example.org/logEntry#logEntry-7813c340-e360-48a5-a595-9945bb597546>
        a                       <http://purl.org/sepses/vocab/log/wineventlog#WindowsEventLogEntry> ;
        scl:hasLogType          "wineventlog"^^rdfs:Literal ;
        scl:logMessage          "A handle to an object was requested.\n\nSubject:\n\tSecurity ID:\t\tS-1-5-21-2361021202-3253521353-2316283985-1001\n\tAccount Name:\t\tVirtualWindows8User\n\tAccount Domain:\t\tVirtualWindows8\n\tLogon ID:\t\t0xBD7C\n\nObject:\n\tObject Server:\t\tSecurity\n\tObject Type:\t\tFile\n\tObject Name:\t\tC:\\Users\\VirtualWindows8User\\Dropbox\n\tHandle ID:\t\t0x22b4\n\tResource Attributes:\t-\n\nProcess Information:\n\tProcess ID:\t\t0x3f8\n\tProcess Name:\t\tC:\\Windows\\explorer.exe\n\nAccess Request Information:\n\tTransaction ID:\t\t{00000000-0000-0000-0000-000000000000}\n\tAccesses:\t\tSYNCHRONIZE\n\t\t\t\tReadAttributes\n\t\t\t\t\n\tAccess Reasons:\t\tSYNCHRONIZE:\tGranted by\tD:(A;OICI;FA;;;S-1-5-21-2361021202-3253521353-2316283985-1001)\n\t\t\t\tReadAttributes:\tGranted by\tD:(A;OICI;FA;;;S-1-5-21-2361021202-3253521353-2316283985-1001)\n\t\t\t\t\n\tAccess Mask:\t\t0x100080\n\tPrivileges Used for Access Check:\t-\n\tRestricted SID Count:\t0"^^rdfs:Literal ;
        scl:originatesFrom      <http://example.org/sepses#c300f2bc-e9cf-49ac-9c9f-337de0b8d87d> ;
        scl:timestamp           "2018-08-29T11:53:56.347Z"^^xsd:dateTime ;
        win:accessMask          "0x100080"^^rdfs:Literal ;
        win:accesses            "%%1541\n\t\t\t\t%%4423\n\t\t\t\t"^^rdfs:Literal ;
        win:accountDomain       "VirtualWindows8"^^rdfs:Literal ;
        win:eventID             "4656"^^xsd:Int , "Information"^^rdfs:Literal ;
        win:handleID            "0x22b4"^^rdfs:Literal ;
        win:hasProtocol         "VirtualWindows8User"^^rdfs:Literal ;
        win:keyword             "Audit Success"^^rdfs:Literal ;
        win:logName             "Security"^^rdfs:Literal ;
        win:logonID             "0xbd7c"^^rdfs:Literal ;
        win:objectName          "C:\\Users\\VirtualWindows8User\\Dropbox"^^rdfs:Literal ;
        win:objectServer        "Security"^^rdfs:Literal ;
        win:objectType          "File"^^rdfs:Literal ;
        win:processID           "0x3f8"^^rdfs:Literal ;
        win:processName         "C:\\Windows\\explorer.exe"^^rdfs:Literal ;
        win:resourceAttributes  "-"^^rdfs:Literal ;
        win:source              "Microsoft-Windows-Security-Auditing"^^rdfs:Literal ;
        win:taskCategory        "File System"^^rdfs:Literal ;
        win:upCode              "Info"^^rdfs:Literal .

<http://example.org/sepses#efe120e4-076b-4474-8129-dc69526e95b8>
        a             rdf:nodeID ;
        scl:hostName  []  .

<http://example.org/sepses#de34b86f-8037-45e3-84fb-3fb20ffaa3bb>
        a             rdf:nodeID ;
        scl:hostName  []  .

<http://example.org/sepses#0adc89ad-e33b-4c86-8cac-1f25e832303e>
        a             rdf:nodeID ;
        scl:hostName  []  .

<http://example.org/sepses#f4b14d28-2f17-4afa-af9f-55f4ef95c24b>
        a             rdf:nodeID ;
        scl:hostName  []  .

<http://example.org/logEntry#logEntry-44596e21-2952-4bbc-a4c6-e4a3f5a0b750>
        a                       <http://purl.org/sepses/vocab/log/wineventlog#WindowsEventLogEntry> ;
        scl:hasLogType          "wineventlog"^^rdfs:Literal ;
        scl:logMessage          "A handle to an object was requested.\n\nSubject:\n\tSecurity ID:\t\tS-1-5-21-2361021202-3253521353-2316283985-1001\n\tAccount Name:\t\tVirtualWindows8User\n\tAccount Domain:\t\tVirtualWindows8\n\tLogon ID:\t\t0xBD7C\n\nObject:\n\tObject Server:\t\tSecurity\n\tObject Type:\t\tFile\n\tObject Name:\t\tC:\\Users\\VirtualWindows8User\\Dropbox\\test1.txt\n\tHandle ID:\t\t0x1438\n\tResource Attributes:\t-\n\nProcess Information:\n\tProcess ID:\t\t0x3f8\n\tProcess Name:\t\tC:\\Windows\\explorer.exe\n\nAccess Request Information:\n\tTransaction ID:\t\t{00000000-0000-0000-0000-000000000000}\n\tAccesses:\t\tDELETE\n\t\t\t\tREAD_CONTROL\n\t\t\t\tWRITE_DAC\n\t\t\t\tSYNCHRONIZE\n\t\t\t\tReadData (or ListDirectory)\n\t\t\t\tWriteData (or AddFile)\n\t\t\t\tAppendData (or AddSubdirectory or CreatePipeInstance)\n\t\t\t\tReadEA\n\t\t\t\tWriteEA\n\t\t\t\tReadAttributes\n\t\t\t\tWriteAttributes\n\t\t\t\t\n\tAccess Reasons:\t\t-\n\tAccess Mask:\t\t0x17019F\n\tPrivileges Used for Access Check:\t-\n\tRestricted SID Count:\t0"^^rdfs:Literal ;
        scl:originatesFrom      <http://example.org/sepses#3c4a00a7-0b48-4ced-a4e4-5bdfdd11603c> ;
        scl:timestamp           "2018-08-29T11:52:04.084Z"^^xsd:dateTime ;
        win:accessMask          "0x17019f"^^rdfs:Literal ;
        win:accesses            "%%1537\n\t\t\t\t%%1538\n\t\t\t\t%%1539\n\t\t\t\t%%1541\n\t\t\t\t%%4416\n\t\t\t\t%%4417\n\t\t\t\t%%4418\n\t\t\t\t%%4419\n\t\t\t\t%%4420\n\t\t\t\t%%4423\n\t\t\t\t%%4424\n\t\t\t\t"^^rdfs:Literal ;
        win:accountDomain       "VirtualWindows8"^^rdfs:Literal ;
        win:eventID             "4656"^^xsd:Int , "Information"^^rdfs:Literal ;
        win:handleID            "0x1438"^^rdfs:Literal ;
        win:hasProtocol         "VirtualWindows8User"^^rdfs:Literal ;
        win:keyword             "Audit Success"^^rdfs:Literal ;
        win:logName             "Security"^^rdfs:Literal ;
        win:logonID             "0xbd7c"^^rdfs:Literal ;
        win:objectName          "C:\\Users\\VirtualWindows8User\\Dropbox\\test1.txt"^^rdfs:Literal ;
        win:objectServer        "Security"^^rdfs:Literal ;
        win:objectType          "File"^^rdfs:Literal ;
        win:processID           "0x3f8"^^rdfs:Literal ;
        win:processName         "C:\\Windows\\explorer.exe"^^rdfs:Literal ;
        win:resourceAttributes  "-"^^rdfs:Literal ;
        win:source              "Microsoft-Windows-Security-Auditing"^^rdfs:Literal ;
        win:taskCategory        "File System"^^rdfs:Literal ;
        win:upCode              "Info"^^rdfs:Literal .

<http://example.org/logEntry#logEntry-10406716-72dd-4e05-a06d-99bfb99dcaf9>
        a                       <http://purl.org/sepses/vocab/log/wineventlog#WindowsEventLogEntry> ;
        scl:hasLogType          "wineventlog"^^rdfs:Literal ;
        scl:logMessage          "A handle to an object was requested.\n\nSubject:\n\tSecurity ID:\t\tS-1-5-21-2361021202-3253521353-2316283985-1001\n\tAccount Name:\t\tVirtualWindows8User\n\tAccount Domain:\t\tVirtualWindows8\n\tLogon ID:\t\t0xBD7C\n\nObject:\n\tObject Server:\t\tSecurity\n\tObject Type:\t\tFile\n\tObject Name:\t\tC:\\Users\\VirtualWindows8User\\Dropbox\n\tHandle ID:\t\t0x1db0\n\tResource Attributes:\t-\n\nProcess Information:\n\tProcess ID:\t\t0xe74\n\tProcess Name:\t\tC:\\Program Files (x86)\\Dropbox\\Client\\Dropbox.exe\n\nAccess Request Information:\n\tTransaction ID:\t\t{00000000-0000-0000-0000-000000000000}\n\tAccesses:\t\tREAD_CONTROL\n\t\t\t\tReadAttributes\n\t\t\t\t\n\tAccess Reasons:\t\tREAD_CONTROL:\tGranted by Ownership\n\t\t\t\tReadAttributes:\tGranted by\tD:(A;OICI;FA;;;S-1-5-21-2361021202-3253521353-2316283985-1001)\n\t\t\t\t\n\tAccess Mask:\t\t0x20080\n\tPrivileges Used for Access Check:\t-\n\tRestricted SID Count:\t0"^^rdfs:Literal ;
        scl:originatesFrom      <http://example.org/sepses#18915ce7-c9a6-448f-947f-6a1dfa614d60> ;
        scl:timestamp           "2018-08-29T11:51:48.505Z"^^xsd:dateTime ;
        win:accessMask          "0x20080"^^rdfs:Literal ;
        win:accesses            "%%1538\n\t\t\t\t%%4423\n\t\t\t\t"^^rdfs:Literal ;
        win:accountDomain       "VirtualWindows8"^^rdfs:Literal ;
        win:eventID             "Information"^^rdfs:Literal , "4656"^^xsd:Int ;
        win:handleID            "0x1db0"^^rdfs:Literal ;
        win:hasProtocol         "VirtualWindows8User"^^rdfs:Literal ;
        win:keyword             "Audit Success"^^rdfs:Literal ;
        win:logName             "Security"^^rdfs:Literal ;
        win:logonID             "0xbd7c"^^rdfs:Literal ;
        win:objectName          "C:\\Users\\VirtualWindows8User\\Dropbox"^^rdfs:Literal ;
        win:objectServer        "Security"^^rdfs:Literal ;
        win:objectType          "File"^^rdfs:Literal ;
        win:processID           "0xe74"^^rdfs:Literal ;
        win:processName         "C:\\Program Files (x86)\\Dropbox\\Client\\Dropbox.exe"^^rdfs:Literal ;
        win:resourceAttributes  "-"^^rdfs:Literal ;
        win:source              "Microsoft-Windows-Security-Auditing"^^rdfs:Literal ;
        win:taskCategory        "File System"^^rdfs:Literal ;
        win:upCode              "Info"^^rdfs:Literal .

<http://example.org/logEntry#logEntry-25036e87-6940-456f-bb8b-60c0e8521e8a>
        a                       <http://purl.org/sepses/vocab/log/wineventlog#WindowsEventLogEntry> ;
        scl:hasLogType          "wineventlog"^^rdfs:Literal ;
        scl:logMessage          "A handle to an object was requested.\n\nSubject:\n\tSecurity ID:\t\tS-1-5-21-2361021202-3253521353-2316283985-1001\n\tAccount Name:\t\tVirtualWindows8User\n\tAccount Domain:\t\tVirtualWindows8\n\tLogon ID:\t\t0xBD7C\n\nObject:\n\tObject Server:\t\tSecurity\n\tObject Type:\t\tFile\n\tObject Name:\t\tC:\\Users\\VirtualWindows8User\\UserDocuments\n\tHandle ID:\t\t0x1eb8\n\tResource Attributes:\t-\n\nProcess Information:\n\tProcess ID:\t\t0x3f8\n\tProcess Name:\t\tC:\\Windows\\explorer.exe\n\nAccess Request Information:\n\tTransaction ID:\t\t{00000000-0000-0000-0000-000000000000}\n\tAccesses:\t\tSYNCHRONIZE\n\t\t\t\tReadData (or ListDirectory)\n\t\t\t\tReadAttributes\n\t\t\t\t\n\tAccess Reasons:\t\tSYNCHRONIZE:\tGranted by\tD:(A;OICI;FA;;;S-1-5-21-2361021202-3253521353-2316283985-1001)\n\t\t\t\tReadData (or ListDirectory):\tGranted by\tD:(A;OICI;FA;;;S-1-5-21-2361021202-3253521353-2316283985-1001)\n\t\t\t\tReadAttributes:\tGranted by\tD:(A;OICI;FA;;;S-1-5-21-2361021202-3253521353-2316283985-1001)\n\t\t\t\t\n\tAccess Mask:\t\t0x100081\n\tPrivileges Used for Access Check:\t-\n\tRestricted SID Count:\t0"^^rdfs:Literal ;
        scl:originatesFrom      <http://example.org/sepses#7bc12f8d-a927-4c29-9c83-d31718996f7a> ;
        scl:timestamp           "2018-08-29T11:52:20.335Z"^^xsd:dateTime ;
        win:accessMask          "0x100081"^^rdfs:Literal ;
        win:accesses            "%%1541\n\t\t\t\t%%4416\n\t\t\t\t%%4423\n\t\t\t\t"^^rdfs:Literal ;
        win:accountDomain       "VirtualWindows8"^^rdfs:Literal ;
        win:eventID             "4656"^^xsd:Int , "Information"^^rdfs:Literal ;
        win:handleID            "0x1eb8"^^rdfs:Literal ;
        win:hasProtocol         "VirtualWindows8User"^^rdfs:Literal ;
        win:keyword             "Audit Success"^^rdfs:Literal ;
        win:logName             "Security"^^rdfs:Literal ;
        win:logonID             "0xbd7c"^^rdfs:Literal ;
        win:objectName          "C:\\Users\\VirtualWindows8User\\UserDocuments"^^rdfs:Literal ;
        win:objectServer        "Security"^^rdfs:Literal ;
        win:objectType          "File"^^rdfs:Literal ;
        win:processID           "0x3f8"^^rdfs:Literal ;
        win:processName         "C:\\Windows\\explorer.exe"^^rdfs:Literal ;
        win:resourceAttributes  "-"^^rdfs:Literal ;
        win:source              "Microsoft-Windows-Security-Auditing"^^rdfs:Literal ;
        win:taskCategory        "File System"^^rdfs:Literal ;
        win:upCode              "Info"^^rdfs:Literal .

<http://example.org/logEntry#logEntry-833cf456-056f-4ea3-998f-8c6fa8550511>
        a                       <http://purl.org/sepses/vocab/log/wineventlog#WindowsEventLogEntry> ;
        scl:hasLogType          "wineventlog"^^rdfs:Literal ;
        scl:logMessage          "An attempt was made to access an object.\n\nSubject:\n\tSecurity ID:\t\tS-1-5-21-2361021202-3253521353-2316283985-1001\n\tAccount Name:\t\tVirtualWindows8User\n\tAccount Domain:\t\tVirtualWindows8\n\tLogon ID:\t\t0xBD7C\n\nObject:\n\tObject Server:\t\tSecurity\n\tObject Type:\t\tFile\n\tObject Name:\t\tC:\\Users\\VirtualWindows8User\\Dropbox\\.dropbox.cache\\2018-08-29\\test2 - Copy (deleted b'816c17378c711eea6b2803604c8c8949').txt\n\tHandle ID:\t\t0x10d4\n\tResource Attributes:\tS:AI\n\nProcess Information:\n\tProcess ID:\t\t0xe74\n\tProcess Name:\t\tC:\\Program Files (x86)\\Dropbox\\Client\\Dropbox.exe\n\nAccess Request Information:\n\tAccesses:\t\tReadAttributes\n\t\t\t\t\n\tAccess Mask:\t\t0x80"^^rdfs:Literal ;
        scl:originatesFrom      <http://example.org/sepses#c011b125-8f5a-4150-b838-4664a8feecc6> ;
        scl:timestamp           "2018-08-29T11:54:58.411Z"^^xsd:dateTime ;
        win:accessMask          "0x80"^^rdfs:Literal ;
        win:accesses            "%%4423\n\t\t\t\t"^^rdfs:Literal ;
        win:accountDomain       "VirtualWindows8"^^rdfs:Literal ;
        win:eventID             "4663"^^xsd:Int , "Information"^^rdfs:Literal ;
        win:handleID            "0x10d4"^^rdfs:Literal ;
        win:hasProtocol         "VirtualWindows8User"^^rdfs:Literal ;
        win:keyword             "Audit Success"^^rdfs:Literal ;
        win:logName             "Security"^^rdfs:Literal ;
        win:logonID             "0xbd7c"^^rdfs:Literal ;
        win:objectName          "C:\\Users\\VirtualWindows8User\\Dropbox\\.dropbox.cache\\2018-08-29\\test2 - Copy (deleted b'816c17378c711eea6b2803604c8c8949').txt"^^rdfs:Literal ;
        win:objectServer        "Security"^^rdfs:Literal ;
        win:objectType          "File"^^rdfs:Literal ;
        win:processID           "0xe74"^^rdfs:Literal ;
        win:processName         "C:\\Program Files (x86)\\Dropbox\\Client\\Dropbox.exe"^^rdfs:Literal ;
        win:resourceAttributes  "S:AI"^^rdfs:Literal ;
        win:source              "Microsoft-Windows-Security-Auditing"^^rdfs:Literal ;
        win:taskCategory        "File System"^^rdfs:Literal ;
        win:upCode              "Info"^^rdfs:Literal .

<http://example.org/sepses#cad3b8d2-ee02-4cef-b5a7-682f6ec30309>
        a             rdf:nodeID ;
        scl:hostName  []  .

<http://example.org/sepses#44aaaec9-c504-443e-ab82-a0c7e80eb38e>
        a             rdf:nodeID ;
        scl:hostName  []  .

<http://example.org/logEntry#logEntry-171cdfb7-29b5-416b-af09-24e07ff32c68>
        a                       <http://purl.org/sepses/vocab/log/wineventlog#WindowsEventLogEntry> ;
        scl:hasLogType          "wineventlog"^^rdfs:Literal ;
        scl:logMessage          "A handle to an object was requested.\n\nSubject:\n\tSecurity ID:\t\tS-1-5-21-2361021202-3253521353-2316283985-1001\n\tAccount Name:\t\tVirtualWindows8User\n\tAccount Domain:\t\tVirtualWindows8\n\tLogon ID:\t\t0xBD7C\n\nObject:\n\tObject Server:\t\tSecurity\n\tObject Type:\t\tFile\n\tObject Name:\t\tC:\\Users\\VirtualWindows8User\\Dropbox\n\tHandle ID:\t\t0x217c\n\tResource Attributes:\t-\n\nProcess Information:\n\tProcess ID:\t\t0x3f8\n\tProcess Name:\t\tC:\\Windows\\explorer.exe\n\nAccess Request Information:\n\tTransaction ID:\t\t{00000000-0000-0000-0000-000000000000}\n\tAccesses:\t\tSYNCHRONIZE\n\t\t\t\tReadAttributes\n\t\t\t\t\n\tAccess Reasons:\t\tSYNCHRONIZE:\tGranted by\tD:(A;OICI;FA;;;S-1-5-21-2361021202-3253521353-2316283985-1001)\n\t\t\t\tReadAttributes:\tGranted by\tD:(A;OICI;FA;;;S-1-5-21-2361021202-3253521353-2316283985-1001)\n\t\t\t\t\n\tAccess Mask:\t\t0x100080\n\tPrivileges Used for Access Check:\t-\n\tRestricted SID Count:\t0"^^rdfs:Literal ;
        scl:originatesFrom      <http://example.org/sepses#28cca173-f107-4401-8988-7960172d4397> ;
        scl:timestamp           "2018-08-29T11:52:19.566Z"^^xsd:dateTime ;
        win:accessMask          "0x100080"^^rdfs:Literal ;
        win:accesses            "%%1541\n\t\t\t\t%%4423\n\t\t\t\t"^^rdfs:Literal ;
        win:accountDomain       "VirtualWindows8"^^rdfs:Literal ;
        win:eventID             "Information"^^rdfs:Literal , "4656"^^xsd:Int ;
        win:handleID            "0x217c"^^rdfs:Literal ;
        win:hasProtocol         "VirtualWindows8User"^^rdfs:Literal ;
        win:keyword             "Audit Success"^^rdfs:Literal ;
        win:logName             "Security"^^rdfs:Literal ;
        win:logonID             "0xbd7c"^^rdfs:Literal ;
        win:objectName          "C:\\Users\\VirtualWindows8User\\Dropbox"^^rdfs:Literal ;
        win:objectServer        "Security"^^rdfs:Literal ;
        win:objectType          "File"^^rdfs:Literal ;
        win:processID           "0x3f8"^^rdfs:Literal ;
        win:processName         "C:\\Windows\\explorer.exe"^^rdfs:Literal ;
        win:resourceAttributes  "-"^^rdfs:Literal ;
        win:source              "Microsoft-Windows-Security-Auditing"^^rdfs:Literal ;
        win:taskCategory        "File System"^^rdfs:Literal ;
        win:upCode              "Info"^^rdfs:Literal .

<http://example.org/logEntry#logEntry-f7acefab-69c8-4725-ba93-dffb95574801>
        a                       <http://purl.org/sepses/vocab/log/wineventlog#WindowsEventLogEntry> ;
        scl:hasLogType          "wineventlog"^^rdfs:Literal ;
        scl:logMessage          "A handle to an object was requested.\n\nSubject:\n\tSecurity ID:\t\tS-1-5-21-2361021202-3253521353-2316283985-1001\n\tAccount Name:\t\tVirtualWindows8User\n\tAccount Domain:\t\tVirtualWindows8\n\tLogon ID:\t\t0xBD7C\n\nObject:\n\tObject Server:\t\tSecurity\n\tObject Type:\t\tFile\n\tObject Name:\t\tC:\\Users\\VirtualWindows8User\\Dropbox\n\tHandle ID:\t\t0x22b4\n\tResource Attributes:\t-\n\nProcess Information:\n\tProcess ID:\t\t0x3f8\n\tProcess Name:\t\tC:\\Windows\\explorer.exe\n\nAccess Request Information:\n\tTransaction ID:\t\t{00000000-0000-0000-0000-000000000000}\n\tAccesses:\t\tSYNCHRONIZE\n\t\t\t\tReadData (or ListDirectory)\n\t\t\t\tReadAttributes\n\t\t\t\t\n\tAccess Reasons:\t\tSYNCHRONIZE:\tGranted by\tD:(A;OICI;FA;;;S-1-5-21-2361021202-3253521353-2316283985-1001)\n\t\t\t\tReadData (or ListDirectory):\tGranted by\tD:(A;OICI;FA;;;S-1-5-21-2361021202-3253521353-2316283985-1001)\n\t\t\t\tReadAttributes:\tGranted by\tD:(A;OICI;FA;;;S-1-5-21-2361021202-3253521353-2316283985-1001)\n\t\t\t\t\n\tAccess Mask:\t\t0x100081\n\tPrivileges Used for Access Check:\t-\n\tRestricted SID Count:\t0"^^rdfs:Literal ;
        scl:originatesFrom      <http://example.org/sepses#67d4c2f0-0b9f-4310-848b-82bac932d483> ;
        scl:timestamp           "2018-08-29T11:53:52.669Z"^^xsd:dateTime ;
        win:accessMask          "0x100081"^^rdfs:Literal ;
        win:accesses            "%%1541\n\t\t\t\t%%4416\n\t\t\t\t%%4423\n\t\t\t\t"^^rdfs:Literal ;
        win:accountDomain       "VirtualWindows8"^^rdfs:Literal ;
        win:eventID             "4656"^^xsd:Int , "Information"^^rdfs:Literal ;
        win:handleID            "0x22b4"^^rdfs:Literal ;
        win:hasProtocol         "VirtualWindows8User"^^rdfs:Literal ;
        win:keyword             "Audit Success"^^rdfs:Literal ;
        win:logName             "Security"^^rdfs:Literal ;
        win:logonID             "0xbd7c"^^rdfs:Literal ;
        win:objectName          "C:\\Users\\VirtualWindows8User\\Dropbox"^^rdfs:Literal ;
        win:objectServer        "Security"^^rdfs:Literal ;
        win:objectType          "File"^^rdfs:Literal ;
        win:processID           "0x3f8"^^rdfs:Literal ;
        win:processName         "C:\\Windows\\explorer.exe"^^rdfs:Literal ;
        win:resourceAttributes  "-"^^rdfs:Literal ;
        win:source              "Microsoft-Windows-Security-Auditing"^^rdfs:Literal ;
        win:taskCategory        "File System"^^rdfs:Literal ;
        win:upCode              "Info"^^rdfs:Literal .

<http://example.org/logEntry#logEntry-08f13e8c-198a-4bd0-a3a1-830df9591da8>
        a                       <http://purl.org/sepses/vocab/log/wineventlog#WindowsEventLogEntry> ;
        scl:hasLogType          "wineventlog"^^rdfs:Literal ;
        scl:logMessage          "An attempt was made to access an object.\n\nSubject:\n\tSecurity ID:\t\tS-1-5-21-2361021202-3253521353-2316283985-1001\n\tAccount Name:\t\tVirtualWindows8User\n\tAccount Domain:\t\tVirtualWindows8\n\tLogon ID:\t\t0xBD7C\n\nObject:\n\tObject Server:\t\tSecurity\n\tObject Type:\t\tFile\n\tObject Name:\t\tC:\\Users\\VirtualWindows8User\\Dropbox\\.dropbox.cache\n\tHandle ID:\t\t0x178c\n\tResource Attributes:\tS:AI\n\nProcess Information:\n\tProcess ID:\t\t0xe74\n\tProcess Name:\t\tC:\\Program Files (x86)\\Dropbox\\Client\\Dropbox.exe\n\nAccess Request Information:\n\tAccesses:\t\tReadAttributes\n\t\t\t\t\n\tAccess Mask:\t\t0x80"^^rdfs:Literal ;
        scl:originatesFrom      <http://example.org/sepses#92df219d-265c-42e2-90f4-8a754bb4b56e> ;
        scl:timestamp           "2018-08-29T11:53:51.907Z"^^xsd:dateTime ;
        win:accessMask          "0x80"^^rdfs:Literal ;
        win:accesses            "%%4423\n\t\t\t\t"^^rdfs:Literal ;
        win:accountDomain       "VirtualWindows8"^^rdfs:Literal ;
        win:eventID             "Information"^^rdfs:Literal , "4663"^^xsd:Int ;
        win:handleID            "0x178c"^^rdfs:Literal ;
        win:hasProtocol         "VirtualWindows8User"^^rdfs:Literal ;
        win:keyword             "Audit Success"^^rdfs:Literal ;
        win:logName             "Security"^^rdfs:Literal ;
        win:logonID             "0xbd7c"^^rdfs:Literal ;
        win:objectName          "C:\\Users\\VirtualWindows8User\\Dropbox\\.dropbox.cache"^^rdfs:Literal ;
        win:objectServer        "Security"^^rdfs:Literal ;
        win:objectType          "File"^^rdfs:Literal ;
        win:processID           "0xe74"^^rdfs:Literal ;
        win:processName         "C:\\Program Files (x86)\\Dropbox\\Client\\Dropbox.exe"^^rdfs:Literal ;
        win:resourceAttributes  "S:AI"^^rdfs:Literal ;
        win:source              "Microsoft-Windows-Security-Auditing"^^rdfs:Literal ;
        win:taskCategory        "File System"^^rdfs:Literal ;
        win:upCode              "Info"^^rdfs:Literal .

<http://example.org/logEntry#logEntry-d7d120c0-4e0d-4695-a0ee-953d6d4c0738>
        a                       <http://purl.org/sepses/vocab/log/wineventlog#WindowsEventLogEntry> ;
        scl:hasLogType          "wineventlog"^^rdfs:Literal ;
        scl:logMessage          "An attempt was made to access an object.\n\nSubject:\n\tSecurity ID:\t\tS-1-5-21-2361021202-3253521353-2316283985-1001\n\tAccount Name:\t\tVirtualWindows8User\n\tAccount Domain:\t\tVirtualWindows8\n\tLogon ID:\t\t0xBD7C\n\nObject:\n\tObject Server:\t\tSecurity\n\tObject Type:\t\tFile\n\tObject Name:\t\tC:\\Users\\VirtualWindows8User\\Dropbox\n\tHandle ID:\t\t0x12ec\n\tResource Attributes:\tS:AI\n\nProcess Information:\n\tProcess ID:\t\t0x3f8\n\tProcess Name:\t\tC:\\Windows\\explorer.exe\n\nAccess Request Information:\n\tAccesses:\t\tReadAttributes\n\t\t\t\t\n\tAccess Mask:\t\t0x80"^^rdfs:Literal ;
        scl:originatesFrom      <http://example.org/sepses#6f143ab3-bdeb-44b3-9560-16fe36c0bd4d> ;
        scl:timestamp           "2018-08-29T11:53:51.776Z"^^xsd:dateTime ;
        win:accessMask          "0x80"^^rdfs:Literal ;
        win:accesses            "%%4423\n\t\t\t\t"^^rdfs:Literal ;
        win:accountDomain       "VirtualWindows8"^^rdfs:Literal ;
        win:eventID             "4663"^^xsd:Int , "Information"^^rdfs:Literal ;
        win:handleID            "0x12ec"^^rdfs:Literal ;
        win:hasProtocol         "VirtualWindows8User"^^rdfs:Literal ;
        win:keyword             "Audit Success"^^rdfs:Literal ;
        win:logName             "Security"^^rdfs:Literal ;
        win:logonID             "0xbd7c"^^rdfs:Literal ;
        win:objectName          "C:\\Users\\VirtualWindows8User\\Dropbox"^^rdfs:Literal ;
        win:objectServer        "Security"^^rdfs:Literal ;
        win:objectType          "File"^^rdfs:Literal ;
        win:processID           "0x3f8"^^rdfs:Literal ;
        win:processName         "C:\\Windows\\explorer.exe"^^rdfs:Literal ;
        win:resourceAttributes  "S:AI"^^rdfs:Literal ;
        win:source              "Microsoft-Windows-Security-Auditing"^^rdfs:Literal ;
        win:taskCategory        "File System"^^rdfs:Literal ;
        win:upCode              "Info"^^rdfs:Literal .

<http://example.org/sepses#61f4b7d3-22a4-44a5-8312-0d4f93213457>
        a             rdf:nodeID ;
        scl:hostName  []  .

<http://example.org/sepses#ce9726be-2dcb-4c4c-ac72-9bc07b166d0a>
        a             rdf:nodeID ;
        scl:hostName  []  .

<http://example.org/sepses#9100155c-4aac-4789-9a0b-29c6f634d0a1>
        a             rdf:nodeID ;
        scl:hostName  []  .

<http://example.org/sepses#19a1c948-3bbd-47d6-8754-8294072f4861>
        a             rdf:nodeID ;
        scl:hostName  []  .

<http://example.org/logEntry#logEntry-5f869025-3ae8-43b5-9400-3c40af327c46>
        a                       <http://purl.org/sepses/vocab/log/wineventlog#WindowsEventLogEntry> ;
        scl:hasLogType          "wineventlog"^^rdfs:Literal ;
        scl:logMessage          "An attempt was made to access an object.\n\nSubject:\n\tSecurity ID:\t\tS-1-5-21-2361021202-3253521353-2316283985-1001\n\tAccount Name:\t\tVirtualWindows8User\n\tAccount Domain:\t\tVirtualWindows8\n\tLogon ID:\t\t0xBD7C\n\nObject:\n\tObject Server:\t\tSecurity\n\tObject Type:\t\tFile\n\tObject Name:\t\tC:\\Users\\VirtualWindows8User\\UserDocuments\n\tHandle ID:\t\t0x20a8\n\tResource Attributes:\tS:AI\n\nProcess Information:\n\tProcess ID:\t\t0x3f8\n\tProcess Name:\t\tC:\\Windows\\explorer.exe\n\nAccess Request Information:\n\tAccesses:\t\tReadAttributes\n\t\t\t\t\n\tAccess Mask:\t\t0x80"^^rdfs:Literal ;
        scl:originatesFrom      <http://example.org/sepses#37e2bf16-d0b5-41a7-a6ec-194f2efc95a7> ;
        scl:timestamp           "2018-08-29T11:52:26.320Z"^^xsd:dateTime ;
        win:accessMask          "0x80"^^rdfs:Literal ;
        win:accesses            "%%4423\n\t\t\t\t"^^rdfs:Literal ;
        win:accountDomain       "VirtualWindows8"^^rdfs:Literal ;
        win:eventID             "Information"^^rdfs:Literal , "4663"^^xsd:Int ;
        win:handleID            "0x20a8"^^rdfs:Literal ;
        win:hasProtocol         "VirtualWindows8User"^^rdfs:Literal ;
        win:keyword             "Audit Success"^^rdfs:Literal ;
        win:logName             "Security"^^rdfs:Literal ;
        win:logonID             "0xbd7c"^^rdfs:Literal ;
        win:objectName          "C:\\Users\\VirtualWindows8User\\UserDocuments"^^rdfs:Literal ;
        win:objectServer        "Security"^^rdfs:Literal ;
        win:objectType          "File"^^rdfs:Literal ;
        win:processID           "0x3f8"^^rdfs:Literal ;
        win:processName         "C:\\Windows\\explorer.exe"^^rdfs:Literal ;
        win:resourceAttributes  "S:AI"^^rdfs:Literal ;
        win:source              "Microsoft-Windows-Security-Auditing"^^rdfs:Literal ;
        win:taskCategory        "File System"^^rdfs:Literal ;
        win:upCode              "Info"^^rdfs:Literal .

<http://example.org/logEntry#logEntry-67ef5681-0ef3-4408-a0f8-69bca4c0e723>
        a                       <http://purl.org/sepses/vocab/log/wineventlog#WindowsEventLogEntry> ;
        scl:hasLogType          "wineventlog"^^rdfs:Literal ;
        scl:logMessage          "A handle to an object was requested.\n\nSubject:\n\tSecurity ID:\t\tS-1-5-21-2361021202-3253521353-2316283985-1001\n\tAccount Name:\t\tVirtualWindows8User\n\tAccount Domain:\t\tVirtualWindows8\n\tLogon ID:\t\t0xBD7C\n\nObject:\n\tObject Server:\t\tSecurity\n\tObject Type:\t\tFile\n\tObject Name:\t\tC:\\Users\\VirtualWindows8User\\Dropbox\n\tHandle ID:\t\t0x1aac\n\tResource Attributes:\t-\n\nProcess Information:\n\tProcess ID:\t\t0xe74\n\tProcess Name:\t\tC:\\Program Files (x86)\\Dropbox\\Client\\Dropbox.exe\n\nAccess Request Information:\n\tTransaction ID:\t\t{00000000-0000-0000-0000-000000000000}\n\tAccesses:\t\tSYNCHRONIZE\n\t\t\t\tReadAttributes\n\t\t\t\t\n\tAccess Reasons:\t\tSYNCHRONIZE:\tGranted by\tD:(A;OICI;FA;;;S-1-5-21-2361021202-3253521353-2316283985-1001)\n\t\t\t\tReadAttributes:\tGranted by\tD:(A;OICI;FA;;;S-1-5-21-2361021202-3253521353-2316283985-1001)\n\t\t\t\t\n\tAccess Mask:\t\t0x100080\n\tPrivileges Used for Access Check:\t-\n\tRestricted SID Count:\t0"^^rdfs:Literal ;
        scl:originatesFrom      <http://example.org/sepses#216db197-4139-4baa-a411-1f7ab0120a61> ;
        scl:timestamp           "2018-08-29T11:52:02.516Z"^^xsd:dateTime ;
        win:accessMask          "0x100080"^^rdfs:Literal ;
        win:accesses            "%%1541\n\t\t\t\t%%4423\n\t\t\t\t"^^rdfs:Literal ;
        win:accountDomain       "VirtualWindows8"^^rdfs:Literal ;
        win:eventID             "Information"^^rdfs:Literal , "4656"^^xsd:Int ;
        win:handleID            "0x1aac"^^rdfs:Literal ;
        win:hasProtocol         "VirtualWindows8User"^^rdfs:Literal ;
        win:keyword             "Audit Success"^^rdfs:Literal ;
        win:logName             "Security"^^rdfs:Literal ;
        win:logonID             "0xbd7c"^^rdfs:Literal ;
        win:objectName          "C:\\Users\\VirtualWindows8User\\Dropbox"^^rdfs:Literal ;
        win:objectServer        "Security"^^rdfs:Literal ;
        win:objectType          "File"^^rdfs:Literal ;
        win:processID           "0xe74"^^rdfs:Literal ;
        win:processName         "C:\\Program Files (x86)\\Dropbox\\Client\\Dropbox.exe"^^rdfs:Literal ;
        win:resourceAttributes  "-"^^rdfs:Literal ;
        win:source              "Microsoft-Windows-Security-Auditing"^^rdfs:Literal ;
        win:taskCategory        "File System"^^rdfs:Literal ;
        win:upCode              "Info"^^rdfs:Literal .

<http://example.org/sepses#23c34c9b-dda4-4697-bf17-073462ab4989>
        a             rdf:nodeID ;
        scl:hostName  []  .

<http://example.org/sepses#4da2f3af-927a-48f1-ac89-79aec77ce9dc>
        a             rdf:nodeID ;
        scl:hostName  []  .

<http://example.org/sepses#d30b4567-1f2f-4492-9072-65163a174952>
        a             rdf:nodeID ;
        scl:hostName  []  .

<http://example.org/logEntry#logEntry-afe59ecb-29e3-455f-b1f5-d78719d0cbd7>
        a                       <http://purl.org/sepses/vocab/log/wineventlog#WindowsEventLogEntry> ;
        scl:hasLogType          "wineventlog"^^rdfs:Literal ;
        scl:logMessage          "A handle to an object was requested.\n\nSubject:\n\tSecurity ID:\t\tS-1-5-21-2361021202-3253521353-2316283985-1001\n\tAccount Name:\t\tVirtualWindows8User\n\tAccount Domain:\t\tVirtualWindows8\n\tLogon ID:\t\t0xBD7C\n\nObject:\n\tObject Server:\t\tSecurity\n\tObject Type:\t\tFile\n\tObject Name:\t\tC:\\Users\\VirtualWindows8User\\Dropbox\n\tHandle ID:\t\t0x1e98\n\tResource Attributes:\t-\n\nProcess Information:\n\tProcess ID:\t\t0x3f8\n\tProcess Name:\t\tC:\\Windows\\explorer.exe\n\nAccess Request Information:\n\tTransaction ID:\t\t{00000000-0000-0000-0000-000000000000}\n\tAccesses:\t\tSYNCHRONIZE\n\t\t\t\tReadData (or ListDirectory)\n\t\t\t\tReadAttributes\n\t\t\t\t\n\tAccess Reasons:\t\tSYNCHRONIZE:\tGranted by\tD:(A;OICI;FA;;;S-1-5-21-2361021202-3253521353-2316283985-1001)\n\t\t\t\tReadData (or ListDirectory):\tGranted by\tD:(A;OICI;FA;;;S-1-5-21-2361021202-3253521353-2316283985-1001)\n\t\t\t\tReadAttributes:\tGranted by\tD:(A;OICI;FA;;;S-1-5-21-2361021202-3253521353-2316283985-1001)\n\t\t\t\t\n\tAccess Mask:\t\t0x100081\n\tPrivileges Used for Access Check:\t-\n\tRestricted SID Count:\t0"^^rdfs:Literal ;
        scl:originatesFrom      <http://example.org/sepses#6482f3c6-1c6c-4fc4-8614-9ea01569cdd7> ;
        scl:timestamp           "2018-08-29T11:51:34.993Z"^^xsd:dateTime ;
        win:accessMask          "0x100081"^^rdfs:Literal ;
        win:accesses            "%%1541\n\t\t\t\t%%4416\n\t\t\t\t%%4423\n\t\t\t\t"^^rdfs:Literal ;
        win:accountDomain       "VirtualWindows8"^^rdfs:Literal ;
        win:eventID             "Information"^^rdfs:Literal , "4656"^^xsd:Int ;
        win:handleID            "0x1e98"^^rdfs:Literal ;
        win:hasProtocol         "VirtualWindows8User"^^rdfs:Literal ;
        win:keyword             "Audit Success"^^rdfs:Literal ;
        win:logName             "Security"^^rdfs:Literal ;
        win:logonID             "0xbd7c"^^rdfs:Literal ;
        win:objectName          "C:\\Users\\VirtualWindows8User\\Dropbox"^^rdfs:Literal ;
        win:objectServer        "Security"^^rdfs:Literal ;
        win:objectType          "File"^^rdfs:Literal ;
        win:processID           "0x3f8"^^rdfs:Literal ;
        win:processName         "C:\\Windows\\explorer.exe"^^rdfs:Literal ;
        win:resourceAttributes  "-"^^rdfs:Literal ;
        win:source              "Microsoft-Windows-Security-Auditing"^^rdfs:Literal ;
        win:taskCategory        "File System"^^rdfs:Literal ;
        win:upCode              "Info"^^rdfs:Literal .

<http://example.org/logEntry#logEntry-ec00ac32-25af-4298-9394-6550391fd585>
        a                       <http://purl.org/sepses/vocab/log/wineventlog#WindowsEventLogEntry> ;
        scl:hasLogType          "wineventlog"^^rdfs:Literal ;
        scl:logMessage          "An attempt was made to access an object.\n\nSubject:\n\tSecurity ID:\t\tS-1-5-21-2361021202-3253521353-2316283985-1001\n\tAccount Name:\t\tVirtualWindows8User\n\tAccount Domain:\t\tVirtualWindows8\n\tLogon ID:\t\t0xBD7C\n\nObject:\n\tObject Server:\t\tSecurity\n\tObject Type:\t\tFile\n\tObject Name:\t\tC:\\Users\\VirtualWindows8User\\UserDocuments\n\tHandle ID:\t\t0x214c\n\tResource Attributes:\tS:AI\n\nProcess Information:\n\tProcess ID:\t\t0x3f8\n\tProcess Name:\t\tC:\\Windows\\explorer.exe\n\nAccess Request Information:\n\tAccesses:\t\tReadAttributes\n\t\t\t\t\n\tAccess Mask:\t\t0x80"^^rdfs:Literal ;
        scl:originatesFrom      <http://example.org/sepses#5928adf7-dc61-4321-8ad8-81b8db16453b> ;
        scl:timestamp           "2018-08-29T11:53:50.909Z"^^xsd:dateTime ;
        win:accessMask          "0x80"^^rdfs:Literal ;
        win:accesses            "%%4423\n\t\t\t\t"^^rdfs:Literal ;
        win:accountDomain       "VirtualWindows8"^^rdfs:Literal ;
        win:eventID             "Information"^^rdfs:Literal , "4663"^^xsd:Int ;
        win:handleID            "0x214c"^^rdfs:Literal ;
        win:hasProtocol         "VirtualWindows8User"^^rdfs:Literal ;
        win:keyword             "Audit Success"^^rdfs:Literal ;
        win:logName             "Security"^^rdfs:Literal ;
        win:logonID             "0xbd7c"^^rdfs:Literal ;
        win:objectName          "C:\\Users\\VirtualWindows8User\\UserDocuments"^^rdfs:Literal ;
        win:objectServer        "Security"^^rdfs:Literal ;
        win:objectType          "File"^^rdfs:Literal ;
        win:processID           "0x3f8"^^rdfs:Literal ;
        win:processName         "C:\\Windows\\explorer.exe"^^rdfs:Literal ;
        win:resourceAttributes  "S:AI"^^rdfs:Literal ;
        win:source              "Microsoft-Windows-Security-Auditing"^^rdfs:Literal ;
        win:taskCategory        "File System"^^rdfs:Literal ;
        win:upCode              "Info"^^rdfs:Literal .

<http://example.org/logEntry#logEntry-cc86b5eb-c208-4ba3-8ec9-ab7173db01aa>
        a                       <http://purl.org/sepses/vocab/log/wineventlog#WindowsEventLogEntry> ;
        scl:hasLogType          "wineventlog"^^rdfs:Literal ;
        scl:logMessage          "A handle to an object was requested.\n\nSubject:\n\tSecurity ID:\t\tS-1-5-21-2361021202-3253521353-2316283985-1001\n\tAccount Name:\t\tVirtualWindows8User\n\tAccount Domain:\t\tVirtualWindows8\n\tLogon ID:\t\t0xBD7C\n\nObject:\n\tObject Server:\t\tSecurity\n\tObject Type:\t\tFile\n\tObject Name:\t\tC:\\Users\\VirtualWindows8User\\Dropbox\n\tHandle ID:\t\t0x1aac\n\tResource Attributes:\t-\n\nProcess Information:\n\tProcess ID:\t\t0xe74\n\tProcess Name:\t\tC:\\Program Files (x86)\\Dropbox\\Client\\Dropbox.exe\n\nAccess Request Information:\n\tTransaction ID:\t\t{00000000-0000-0000-0000-000000000000}\n\tAccesses:\t\tSYNCHRONIZE\n\t\t\t\tReadAttributes\n\t\t\t\t\n\tAccess Reasons:\t\tSYNCHRONIZE:\tGranted by\tD:(A;OICI;FA;;;S-1-5-21-2361021202-3253521353-2316283985-1001)\n\t\t\t\tReadAttributes:\tGranted by\tD:(A;OICI;FA;;;S-1-5-21-2361021202-3253521353-2316283985-1001)\n\t\t\t\t\n\tAccess Mask:\t\t0x100080\n\tPrivileges Used for Access Check:\t-\n\tRestricted SID Count:\t0"^^rdfs:Literal ;
        scl:originatesFrom      <http://example.org/sepses#5a09aff8-f461-490e-a625-d9cc4ee2794d> ;
        scl:timestamp           "2018-08-29T11:52:02.515Z"^^xsd:dateTime ;
        win:accessMask          "0x100080"^^rdfs:Literal ;
        win:accesses            "%%1541\n\t\t\t\t%%4423\n\t\t\t\t"^^rdfs:Literal ;
        win:accountDomain       "VirtualWindows8"^^rdfs:Literal ;
        win:eventID             "4656"^^xsd:Int , "Information"^^rdfs:Literal ;
        win:handleID            "0x1aac"^^rdfs:Literal ;
        win:hasProtocol         "VirtualWindows8User"^^rdfs:Literal ;
        win:keyword             "Audit Success"^^rdfs:Literal ;
        win:logName             "Security"^^rdfs:Literal ;
        win:logonID             "0xbd7c"^^rdfs:Literal ;
        win:objectName          "C:\\Users\\VirtualWindows8User\\Dropbox"^^rdfs:Literal ;
        win:objectServer        "Security"^^rdfs:Literal ;
        win:objectType          "File"^^rdfs:Literal ;
        win:processID           "0xe74"^^rdfs:Literal ;
        win:processName         "C:\\Program Files (x86)\\Dropbox\\Client\\Dropbox.exe"^^rdfs:Literal ;
        win:resourceAttributes  "-"^^rdfs:Literal ;
        win:source              "Microsoft-Windows-Security-Auditing"^^rdfs:Literal ;
        win:taskCategory        "File System"^^rdfs:Literal ;
        win:upCode              "Info"^^rdfs:Literal .

<http://example.org/logEntry#logEntry-e7c4aeda-544f-4f3c-a8c9-5e6dfec301b6>
        a                       <http://purl.org/sepses/vocab/log/wineventlog#WindowsEventLogEntry> ;
        scl:hasLogType          "wineventlog"^^rdfs:Literal ;
        scl:logMessage          "A handle to an object was requested.\n\nSubject:\n\tSecurity ID:\t\tS-1-5-21-2361021202-3253521353-2316283985-1001\n\tAccount Name:\t\tVirtualWindows8User\n\tAccount Domain:\t\tVirtualWindows8\n\tLogon ID:\t\t0xBD7C\n\nObject:\n\tObject Server:\t\tSecurity\n\tObject Type:\t\tFile\n\tObject Name:\t\tC:\\Users\\VirtualWindows8User\\UserDocuments\\test2 - Copy.txt\n\tHandle ID:\t\t0x1bc8\n\tResource Attributes:\t-\n\nProcess Information:\n\tProcess ID:\t\t0x3f8\n\tProcess Name:\t\tC:\\Windows\\explorer.exe\n\nAccess Request Information:\n\tTransaction ID:\t\t{00000000-0000-0000-0000-000000000000}\n\tAccesses:\t\tREAD_CONTROL\n\t\t\t\tReadAttributes\n\t\t\t\t\n\tAccess Reasons:\t\tREAD_CONTROL:\tGranted by Ownership\n\t\t\t\tReadAttributes:\tGranted by\tD:(A;;FA;;;S-1-5-21-2361021202-3253521353-2316283985-1001)\n\t\t\t\t\n\tAccess Mask:\t\t0x20080\n\tPrivileges Used for Access Check:\t-\n\tRestricted SID Count:\t0"^^rdfs:Literal ;
        scl:originatesFrom      <http://example.org/sepses#463fd68b-d5e2-49a0-9485-65a229abc473> ;
        scl:timestamp           "2018-08-29T11:53:42.461Z"^^xsd:dateTime ;
        win:accessMask          "0x20080"^^rdfs:Literal ;
        win:accesses            "%%1538\n\t\t\t\t%%4423\n\t\t\t\t"^^rdfs:Literal ;
        win:accountDomain       "VirtualWindows8"^^rdfs:Literal ;
        win:eventID             "Information"^^rdfs:Literal , "4656"^^xsd:Int ;
        win:handleID            "0x1bc8"^^rdfs:Literal ;
        win:hasProtocol         "VirtualWindows8User"^^rdfs:Literal ;
        win:keyword             "Audit Success"^^rdfs:Literal ;
        win:logName             "Security"^^rdfs:Literal ;
        win:logonID             "0xbd7c"^^rdfs:Literal ;
        win:objectName          "C:\\Users\\VirtualWindows8User\\UserDocuments\\test2 - Copy.txt"^^rdfs:Literal ;
        win:objectServer        "Security"^^rdfs:Literal ;
        win:objectType          "File"^^rdfs:Literal ;
        win:processID           "0x3f8"^^rdfs:Literal ;
        win:processName         "C:\\Windows\\explorer.exe"^^rdfs:Literal ;
        win:resourceAttributes  "-"^^rdfs:Literal ;
        win:source              "Microsoft-Windows-Security-Auditing"^^rdfs:Literal ;
        win:taskCategory        "File System"^^rdfs:Literal ;
        win:upCode              "Info"^^rdfs:Literal .

<http://example.org/sepses#033ed07b-f791-44e5-9a7a-f3ab88cb2328>
        a             rdf:nodeID ;
        scl:hostName  []  .

<http://example.org/logEntry#logEntry-2f8b84b1-5035-41e2-88b2-85c153bfabee>
        a                       <http://purl.org/sepses/vocab/log/wineventlog#WindowsEventLogEntry> ;
        scl:hasLogType          "wineventlog"^^rdfs:Literal ;
        scl:logMessage          "A handle to an object was requested.\n\nSubject:\n\tSecurity ID:\t\tS-1-5-21-2361021202-3253521353-2316283985-1001\n\tAccount Name:\t\tVirtualWindows8User\n\tAccount Domain:\t\tVirtualWindows8\n\tLogon ID:\t\t0xBD7C\n\nObject:\n\tObject Server:\t\tSecurity\n\tObject Type:\t\tFile\n\tObject Name:\t\tC:\\Users\\VirtualWindows8User\\Dropbox\n\tHandle ID:\t\t0x1d64\n\tResource Attributes:\t-\n\nProcess Information:\n\tProcess ID:\t\t0xe74\n\tProcess Name:\t\tC:\\Program Files (x86)\\Dropbox\\Client\\Dropbox.exe\n\nAccess Request Information:\n\tTransaction ID:\t\t{00000000-0000-0000-0000-000000000000}\n\tAccesses:\t\tSYNCHRONIZE\n\t\t\t\tReadAttributes\n\t\t\t\t\n\tAccess Reasons:\t\tSYNCHRONIZE:\tGranted by\tD:(A;OICI;FA;;;S-1-5-21-2361021202-3253521353-2316283985-1001)\n\t\t\t\tReadAttributes:\tGranted by\tD:(A;OICI;FA;;;S-1-5-21-2361021202-3253521353-2316283985-1001)\n\t\t\t\t\n\tAccess Mask:\t\t0x100080\n\tPrivileges Used for Access Check:\t-\n\tRestricted SID Count:\t0"^^rdfs:Literal ;
        scl:originatesFrom      <http://example.org/sepses#80454b41-a7ed-43d4-a464-a24f00a73cef> ;
        scl:timestamp           "2018-08-29T11:51:36.868Z"^^xsd:dateTime ;
        win:accessMask          "0x100080"^^rdfs:Literal ;
        win:accesses            "%%1541\n\t\t\t\t%%4423\n\t\t\t\t"^^rdfs:Literal ;
        win:accountDomain       "VirtualWindows8"^^rdfs:Literal ;
        win:eventID             "4656"^^xsd:Int , "Information"^^rdfs:Literal ;
        win:handleID            "0x1d64"^^rdfs:Literal ;
        win:hasProtocol         "VirtualWindows8User"^^rdfs:Literal ;
        win:keyword             "Audit Success"^^rdfs:Literal ;
        win:logName             "Security"^^rdfs:Literal ;
        win:logonID             "0xbd7c"^^rdfs:Literal ;
        win:objectName          "C:\\Users\\VirtualWindows8User\\Dropbox"^^rdfs:Literal ;
        win:objectServer        "Security"^^rdfs:Literal ;
        win:objectType          "File"^^rdfs:Literal ;
        win:processID           "0xe74"^^rdfs:Literal ;
        win:processName         "C:\\Program Files (x86)\\Dropbox\\Client\\Dropbox.exe"^^rdfs:Literal ;
        win:resourceAttributes  "-"^^rdfs:Literal ;
        win:source              "Microsoft-Windows-Security-Auditing"^^rdfs:Literal ;
        win:taskCategory        "File System"^^rdfs:Literal ;
        win:upCode              "Info"^^rdfs:Literal .

<http://example.org/sepses#f25bc77b-b87b-4de0-98b1-9654cd249511>
        a             rdf:nodeID ;
        scl:hostName  []  .

<http://example.org/logEntry#logEntry-77b23a15-d31a-4e69-8897-f6c23fd13b60>
        a                       <http://purl.org/sepses/vocab/log/wineventlog#WindowsEventLogEntry> ;
        scl:hasLogType          "wineventlog"^^rdfs:Literal ;
        scl:logMessage          "An attempt was made to access an object.\n\nSubject:\n\tSecurity ID:\t\tS-1-5-21-2361021202-3253521353-2316283985-1001\n\tAccount Name:\t\tVirtualWindows8User\n\tAccount Domain:\t\tVirtualWindows8\n\tLogon ID:\t\t0xBD7C\n\nObject:\n\tObject Server:\t\tSecurity\n\tObject Type:\t\tFile\n\tObject Name:\t\tC:\\Users\\VirtualWindows8User\\Dropbox\n\tHandle ID:\t\t0x1db0\n\tResource Attributes:\tS:AI\n\nProcess Information:\n\tProcess ID:\t\t0xe74\n\tProcess Name:\t\tC:\\Program Files (x86)\\Dropbox\\Client\\Dropbox.exe\n\nAccess Request Information:\n\tAccesses:\t\tReadAttributes\n\t\t\t\t\n\tAccess Mask:\t\t0x80"^^rdfs:Literal ;
        scl:originatesFrom      <http://example.org/sepses#9cd282dc-24a1-4733-a85a-216d95eaf340> ;
        scl:timestamp           "2018-08-29T11:51:48.505Z"^^xsd:dateTime ;
        win:accessMask          "0x80"^^rdfs:Literal ;
        win:accesses            "%%4423\n\t\t\t\t"^^rdfs:Literal ;
        win:accountDomain       "VirtualWindows8"^^rdfs:Literal ;
        win:eventID             "Information"^^rdfs:Literal , "4663"^^xsd:Int ;
        win:handleID            "0x1db0"^^rdfs:Literal ;
        win:hasProtocol         "VirtualWindows8User"^^rdfs:Literal ;
        win:keyword             "Audit Success"^^rdfs:Literal ;
        win:logName             "Security"^^rdfs:Literal ;
        win:logonID             "0xbd7c"^^rdfs:Literal ;
        win:objectName          "C:\\Users\\VirtualWindows8User\\Dropbox"^^rdfs:Literal ;
        win:objectServer        "Security"^^rdfs:Literal ;
        win:objectType          "File"^^rdfs:Literal ;
        win:processID           "0xe74"^^rdfs:Literal ;
        win:processName         "C:\\Program Files (x86)\\Dropbox\\Client\\Dropbox.exe"^^rdfs:Literal ;
        win:resourceAttributes  "S:AI"^^rdfs:Literal ;
        win:source              "Microsoft-Windows-Security-Auditing"^^rdfs:Literal ;
        win:taskCategory        "File System"^^rdfs:Literal ;
        win:upCode              "Info"^^rdfs:Literal .

<http://example.org/sepses#9b36e440-9761-45f4-b136-9284787efee1>
        a             rdf:nodeID ;
        scl:hostName  []  .

<http://example.org/sepses#8ef0a8f6-c48b-40f1-ad13-18ab144380f4>
        a             rdf:nodeID ;
        scl:hostName  []  .

<http://example.org/logEntry#logEntry-c26aa567-bf42-4bb7-aeb3-0168dca8497a>
        a                       <http://purl.org/sepses/vocab/log/wineventlog#WindowsEventLogEntry> ;
        scl:hasLogType          "wineventlog"^^rdfs:Literal ;
        scl:logMessage          "A handle to an object was requested.\n\nSubject:\n\tSecurity ID:\t\tS-1-5-21-2361021202-3253521353-2316283985-1001\n\tAccount Name:\t\tVirtualWindows8User\n\tAccount Domain:\t\tVirtualWindows8\n\tLogon ID:\t\t0xBD7C\n\nObject:\n\tObject Server:\t\tSecurity\n\tObject Type:\t\tFile\n\tObject Name:\t\tC:\\Users\\VirtualWindows8User\\UserDocuments\n\tHandle ID:\t\t0x2078\n\tResource Attributes:\t-\n\nProcess Information:\n\tProcess ID:\t\t0x3f8\n\tProcess Name:\t\tC:\\Windows\\explorer.exe\n\nAccess Request Information:\n\tTransaction ID:\t\t{00000000-0000-0000-0000-000000000000}\n\tAccesses:\t\tSYNCHRONIZE\n\t\t\t\tReadData (or ListDirectory)\n\t\t\t\tReadAttributes\n\t\t\t\t\n\tAccess Reasons:\t\tSYNCHRONIZE:\tGranted by\tD:(A;OICI;FA;;;S-1-5-21-2361021202-3253521353-2316283985-1001)\n\t\t\t\tReadData (or ListDirectory):\tGranted by\tD:(A;OICI;FA;;;S-1-5-21-2361021202-3253521353-2316283985-1001)\n\t\t\t\tReadAttributes:\tGranted by\tD:(A;OICI;FA;;;S-1-5-21-2361021202-3253521353-2316283985-1001)\n\t\t\t\t\n\tAccess Mask:\t\t0x100081\n\tPrivileges Used for Access Check:\t-\n\tRestricted SID Count:\t0"^^rdfs:Literal ;
        scl:originatesFrom      <http://example.org/sepses#d1346297-607b-4943-9c06-36407f41b740> ;
        scl:timestamp           "2018-08-29T11:52:17.862Z"^^xsd:dateTime ;
        win:accessMask          "0x100081"^^rdfs:Literal ;
        win:accesses            "%%1541\n\t\t\t\t%%4416\n\t\t\t\t%%4423\n\t\t\t\t"^^rdfs:Literal ;
        win:accountDomain       "VirtualWindows8"^^rdfs:Literal ;
        win:eventID             "Information"^^rdfs:Literal , "4656"^^xsd:Int ;
        win:handleID            "0x2078"^^rdfs:Literal ;
        win:hasProtocol         "VirtualWindows8User"^^rdfs:Literal ;
        win:keyword             "Audit Success"^^rdfs:Literal ;
        win:logName             "Security"^^rdfs:Literal ;
        win:logonID             "0xbd7c"^^rdfs:Literal ;
        win:objectName          "C:\\Users\\VirtualWindows8User\\UserDocuments"^^rdfs:Literal ;
        win:objectServer        "Security"^^rdfs:Literal ;
        win:objectType          "File"^^rdfs:Literal ;
        win:processID           "0x3f8"^^rdfs:Literal ;
        win:processName         "C:\\Windows\\explorer.exe"^^rdfs:Literal ;
        win:resourceAttributes  "-"^^rdfs:Literal ;
        win:source              "Microsoft-Windows-Security-Auditing"^^rdfs:Literal ;
        win:taskCategory        "File System"^^rdfs:Literal ;
        win:upCode              "Info"^^rdfs:Literal .

<http://example.org/sepses#e6a8ff5b-13ef-405c-b3b3-48c40005ba02>
        a             rdf:nodeID ;
        scl:hostName  []  .

<http://example.org/sepses#cd45f18d-bc58-420a-a881-700ae44918db>
        a             rdf:nodeID ;
        scl:hostName  []  .

<http://example.org/sepses#ef778d28-98b1-48e2-816e-aa8165af40b3>
        a             rdf:nodeID ;
        scl:hostName  []  .

