{"accountName":"Virtual Windows 10","eventID":4663,"accessMask":"0x80","level":"Information","objectName":"C:\\Users\\Virtual Windows 10\\Dropbox\\test1.txt","accountDomain":"DESKTOP-MAC610T","accesses":"%%4423\n\t\t\t\t","resourceAttributes":"S:AI","keyword":["Audit Success"],"objectType":"File","handleID":"0x1eb0","timestamp":"2018-08-29T11:46:46.207Z","logonID":"0x238ef","@id":"http://example.org/logEntry#logEntry-cfb31875-9fc4-4986-a22b-ef19ec45d9e1","@context":"http://sepses.ifs.tuwien.ac.at/contexts/wineventlog.jsonld","processName":"C:\\Program Files (x86)\\Dropbox\\Client\\Dropbox.exe","objectServer":"Security","originatesFrom":{"hostName":{"name":"DESKTOP-MAC610T"},"@id":"http://example.org/sepses#72609841-90d3-46d4-9289-e263858a8bd9","@type":"rdf:nodeID"},"computerName":"DESKTOP-MAC610T","hasLogType":"wineventlog","upCode":"Info","source":"Microsoft-Windows-Security-Auditing","@type":"http://purl.org/sepses/vocab/log/wineventlog#WindowsEventLogEntry","@timestamp":"2018-08-29T11:46:46.207Z","logMessage":"An attempt was made to access an object.\n\nSubject:\n\tSecurity ID:\t\tS-1-5-21-2889181789-4222170037-1347726928-1001\n\tAccount Name:\t\tVirtual Windows 10\n\tAccount Domain:\t\tDESKTOP-MAC610T\n\tLogon ID:\t\t0x238EF\n\nObject:\n\tObject Server:\t\tSecurity\n\tObject Type:\t\tFile\n\tObject Name:\t\tC:\\Users\\Virtual Windows 10\\Dropbox\\test1.txt\n\tHandle ID:\t\t0x1eb0\n\tResource Attributes:\tS:AI\n\nProcess Information:\n\tProcess ID:\t\t0x14f0\n\tProcess Name:\t\tC:\\Program Files (x86)\\Dropbox\\Client\\Dropbox.exe\n\nAccess Request Information:\n\tAccesses:\t\tReadAttributes\n\t\t\t\t\n\tAccess Mask:\t\t0x80","logName":"Security","taskCategory":"File System","processID":"0x14f0","version":1}
{"accountName":"Virtual Windows 10","eventID":4663,"accessMask":"0x80","level":"Information","objectName":"C:\\Users\\Virtual Windows 10\\Dropbox","accountDomain":"DESKTOP-MAC610T","accesses":"%%4423\n\t\t\t\t","resourceAttributes":"S:AI","keyword":["Audit Success"],"objectType":"File","handleID":"0x1eb0","timestamp":"2018-08-29T11:46:46.213Z","logonID":"0x238ef","@id":"http://example.org/logEntry#logEntry-a956b8a6-3f0e-4426-8185-f82f438cf526","@context":"http://sepses.ifs.tuwien.ac.at/contexts/wineventlog.jsonld","processName":"C:\\Program Files (x86)\\Dropbox\\Client\\Dropbox.exe","objectServer":"Security","originatesFrom":{"hostName":{"name":"DESKTOP-MAC610T"},"@id":"http://example.org/sepses#2bb6c760-e38b-45a5-9522-c743a9a2a2d2","@type":"rdf:nodeID"},"computerName":"DESKTOP-MAC610T","hasLogType":"wineventlog","upCode":"Info","source":"Microsoft-Windows-Security-Auditing","@type":"http://purl.org/sepses/vocab/log/wineventlog#WindowsEventLogEntry","@timestamp":"2018-08-29T11:46:46.213Z","logMessage":"An attempt was made to access an object.\n\nSubject:\n\tSecurity ID:\t\tS-1-5-21-2889181789-4222170037-1347726928-1001\n\tAccount Name:\t\tVirtual Windows 10\n\tAccount Domain:\t\tDESKTOP-MAC610T\n\tLogon ID:\t\t0x238EF\n\nObject:\n\tObject Server:\t\tSecurity\n\tObject Type:\t\tFile\n\tObject Name:\t\tC:\\Users\\Virtual Windows 10\\Dropbox\n\tHandle ID:\t\t0x1eb0\n\tResource Attributes:\tS:AI\n\nProcess Information:\n\tProcess ID:\t\t0x14f0\n\tProcess Name:\t\tC:\\Program Files (x86)\\Dropbox\\Client\\Dropbox.exe\n\nAccess Request Information:\n\tAccesses:\t\tReadAttributes\n\t\t\t\t\n\tAccess Mask:\t\t0x80","logName":"Security","taskCategory":"File System","processID":"0x14f0","version":1}
{"accountName":"Virtual Windows 10","eventID":4663,"accessMask":"0x80","level":"Information","objectName":"C:\\Users\\Virtual Windows 10\\Dropbox","accountDomain":"DESKTOP-MAC610T","accesses":"%%4423\n\t\t\t\t","resourceAttributes":"S:AI","keyword":["Audit Success"],"objectType":"File","handleID":"0x1eb0","timestamp":"2018-08-29T11:46:46.213Z","logonID":"0x238ef","@id":"http://example.org/logEntry#logEntry-81f5dfce-a82a-4ddf-95d1-68b55d277739","@context":"http://sepses.ifs.tuwien.ac.at/contexts/wineventlog.jsonld","processName":"C:\\Program Files (x86)\\Dropbox\\Client\\Dropbox.exe","objectServer":"Security","originatesFrom":{"hostName":{"name":"DESKTOP-MAC610T"},"@id":"http://example.org/sepses#fd1e70df-aae0-4a5b-a4fa-d4f5e41eea56","@type":"rdf:nodeID"},"computerName":"DESKTOP-MAC610T","hasLogType":"wineventlog","upCode":"Info","source":"Microsoft-Windows-Security-Auditing","@type":"http://purl.org/sepses/vocab/log/wineventlog#WindowsEventLogEntry","@timestamp":"2018-08-29T11:46:46.213Z","logMessage":"An attempt was made to access an object.\n\nSubject:\n\tSecurity ID:\t\tS-1-5-21-2889181789-4222170037-1347726928-1001\n\tAccount Name:\t\tVirtual Windows 10\n\tAccount Domain:\t\tDESKTOP-MAC610T\n\tLogon ID:\t\t0x238EF\n\nObject:\n\tObject Server:\t\tSecurity\n\tObject Type:\t\tFile\n\tObject Name:\t\tC:\\Users\\Virtual Windows 10\\Dropbox\n\tHandle ID:\t\t0x1eb0\n\tResource Attributes:\tS:AI\n\nProcess Information:\n\tProcess ID:\t\t0x14f0\n\tProcess Name:\t\tC:\\Program Files (x86)\\Dropbox\\Client\\Dropbox.exe\n\nAccess Request Information:\n\tAccesses:\t\tReadAttributes\n\t\t\t\t\n\tAccess Mask:\t\t0x80","logName":"Security","taskCategory":"File System","processID":"0x14f0","version":1}
{"accountName":"Virtual Windows 10","eventID":4663,"accessMask":"0x80","level":"Information","objectName":"C:\\Users\\Virtual Windows 10\\Dropbox\\test1.txt","accountDomain":"DESKTOP-MAC610T","accesses":"%%4423\n\t\t\t\t","resourceAttributes":"S:AI","keyword":["Audit Success"],"objectType":"File","handleID":"0x1ee0","timestamp":"2018-08-29T11:46:46.214Z","logonID":"0x238ef","@id":"http://example.org/logEntry#logEntry-9ac7d361-6e98-47e0-9a46-008b12f195bf","@context":"http://sepses.ifs.tuwien.ac.at/contexts/wineventlog.jsonld","processName":"C:\\Program Files (x86)\\Dropbox\\Client\\Dropbox.exe","objectServer":"Security","originatesFrom":{"hostName":{"name":"DESKTOP-MAC610T"},"@id":"http://example.org/sepses#aacfb2c3-39c9-4718-a597-b96907696e3c","@type":"rdf:nodeID"},"computerName":"DESKTOP-MAC610T","hasLogType":"wineventlog","upCode":"Info","source":"Microsoft-Windows-Security-Auditing","@type":"http://purl.org/sepses/vocab/log/wineventlog#WindowsEventLogEntry","@timestamp":"2018-08-29T11:46:46.214Z","logMessage":"An attempt was made to access an object.\n\nSubject:\n\tSecurity ID:\t\tS-1-5-21-2889181789-4222170037-1347726928-1001\n\tAccount Name:\t\tVirtual Windows 10\n\tAccount Domain:\t\tDESKTOP-MAC610T\n\tLogon ID:\t\t0x238EF\n\nObject:\n\tObject Server:\t\tSecurity\n\tObject Type:\t\tFile\n\tObject Name:\t\tC:\\Users\\Virtual Windows 10\\Dropbox\\test1.txt\n\tHandle ID:\t\t0x1ee0\n\tResource Attributes:\tS:AI\n\nProcess Information:\n\tProcess ID:\t\t0x14f0\n\tProcess Name:\t\tC:\\Program Files (x86)\\Dropbox\\Client\\Dropbox.exe\n\nAccess Request Information:\n\tAccesses:\t\tReadAttributes\n\t\t\t\t\n\tAccess Mask:\t\t0x80","logName":"Security","taskCategory":"File System","processID":"0x14f0","version":1}
{"accountName":"Virtual Windows 10","eventID":4663,"accessMask":"0x10000","level":"Information","objectName":"C:\\Users\\Virtual Windows 10\\Dropbox\\test1.txt","accountDomain":"DESKTOP-MAC610T","accesses":"%%1537\n\t\t\t\t","resourceAttributes":"S:AI","keyword":["Audit Success"],"objectType":"File","handleID":"0x1ee0","timestamp":"2018-08-29T11:46:46.214Z","logonID":"0x238ef","@id":"http://example.org/logEntry#logEntry-b8c68193-9c4d-404f-b8ae-b86dea37f325","@context":"http://sepses.ifs.tuwien.ac.at/contexts/wineventlog.jsonld","processName":"C:\\Program Files (x86)\\Dropbox\\Client\\Dropbox.exe","objectServer":"Security","originatesFrom":{"hostName":{"name":"DESKTOP-MAC610T"},"@id":"http://example.org/sepses#934ab4f1-af07-412c-9af8-1346e1fa2d0d","@type":"rdf:nodeID"},"computerName":"DESKTOP-MAC610T","hasLogType":"wineventlog","upCode":"Info","source":"Microsoft-Windows-Security-Auditing","@type":"http://purl.org/sepses/vocab/log/wineventlog#WindowsEventLogEntry","@timestamp":"2018-08-29T11:46:46.214Z","logMessage":"An attempt was made to access an object.\n\nSubject:\n\tSecurity ID:\t\tS-1-5-21-2889181789-4222170037-1347726928-1001\n\tAccount Name:\t\tVirtual Windows 10\n\tAccount Domain:\t\tDESKTOP-MAC610T\n\tLogon ID:\t\t0x238EF\n\nObject:\n\tObject Server:\t\tSecurity\n\tObject Type:\t\tFile\n\tObject Name:\t\tC:\\Users\\Virtual Windows 10\\Dropbox\\test1.txt\n\tHandle ID:\t\t0x1ee0\n\tResource Attributes:\tS:AI\n\nProcess Information:\n\tProcess ID:\t\t0x14f0\n\tProcess Name:\t\tC:\\Program Files (x86)\\Dropbox\\Client\\Dropbox.exe\n\nAccess Request Information:\n\tAccesses:\t\tDELETE\n\t\t\t\t\n\tAccess Mask:\t\t0x10000","logName":"Security","taskCategory":"File System","processID":"0x14f0","version":1}
{"accountName":"Virtual Windows 10","eventID":4663,"accessMask":"0x2","level":"Information","objectName":"C:\\Users\\Virtual Windows 10\\Dropbox\\.dropbox.cache\\2018-08-29","accountDomain":"DESKTOP-MAC610T","accesses":"%%4417\n\t\t\t\t","resourceAttributes":"S:AI","keyword":["Audit Success"],"objectType":"File","handleID":"0x196c","timestamp":"2018-08-29T11:46:46.214Z","logonID":"0x238ef","@id":"http://example.org/logEntry#logEntry-849a9d80-e070-4b40-aa7f-81c9030389e9","@context":"http://sepses.ifs.tuwien.ac.at/contexts/wineventlog.jsonld","processName":"C:\\Program Files (x86)\\Dropbox\\Client\\Dropbox.exe","objectServer":"Security","originatesFrom":{"hostName":{"name":"DESKTOP-MAC610T"},"@id":"http://example.org/sepses#23f40c6f-6a14-4c96-88ba-c8b411571283","@type":"rdf:nodeID"},"computerName":"DESKTOP-MAC610T","hasLogType":"wineventlog","upCode":"Info","source":"Microsoft-Windows-Security-Auditing","@type":"http://purl.org/sepses/vocab/log/wineventlog#WindowsEventLogEntry","@timestamp":"2018-08-29T11:46:46.214Z","logMessage":"An attempt was made to access an object.\n\nSubject:\n\tSecurity ID:\t\tS-1-5-21-2889181789-4222170037-1347726928-1001\n\tAccount Name:\t\tVirtual Windows 10\n\tAccount Domain:\t\tDESKTOP-MAC610T\n\tLogon ID:\t\t0x238EF\n\nObject:\n\tObject Server:\t\tSecurity\n\tObject Type:\t\tFile\n\tObject Name:\t\tC:\\Users\\Virtual Windows 10\\Dropbox\\.dropbox.cache\\2018-08-29\n\tHandle ID:\t\t0x196c\n\tResource Attributes:\tS:AI\n\nProcess Information:\n\tProcess ID:\t\t0x14f0\n\tProcess Name:\t\tC:\\Program Files (x86)\\Dropbox\\Client\\Dropbox.exe\n\nAccess Request Information:\n\tAccesses:\t\tWriteData (or AddFile)\n\t\t\t\t\n\tAccess Mask:\t\t0x2","logName":"Security","taskCategory":"File System","processID":"0x14f0","version":1}
{"accountName":"Virtual Windows 10","eventID":4663,"accessMask":"0x80","level":"Information","objectName":"C:\\Users\\Virtual Windows 10\\Dropbox\\.dropbox.cache\\2018-08-29\\test1 (deleted b'a720a18e72c44b7032b8601a40d976fc').txt","accountDomain":"DESKTOP-MAC610T","accesses":"%%4423\n\t\t\t\t","resourceAttributes":"S:AI","keyword":["Audit Success"],"objectType":"File","handleID":"0x1ee0","timestamp":"2018-08-29T11:46:46.216Z","logonID":"0x238ef","@id":"http://example.org/logEntry#logEntry-f27628b0-5b1d-4285-9d2e-f822ac3053d3","@context":"http://sepses.ifs.tuwien.ac.at/contexts/wineventlog.jsonld","processName":"C:\\Program Files (x86)\\Dropbox\\Client\\Dropbox.exe","objectServer":"Security","originatesFrom":{"hostName":{"name":"DESKTOP-MAC610T"},"@id":"http://example.org/sepses#acb0f03d-6407-4e4c-806e-a828d0d336ff","@type":"rdf:nodeID"},"computerName":"DESKTOP-MAC610T","hasLogType":"wineventlog","upCode":"Info","source":"Microsoft-Windows-Security-Auditing","@type":"http://purl.org/sepses/vocab/log/wineventlog#WindowsEventLogEntry","@timestamp":"2018-08-29T11:46:46.216Z","logMessage":"An attempt was made to access an object.\n\nSubject:\n\tSecurity ID:\t\tS-1-5-21-2889181789-4222170037-1347726928-1001\n\tAccount Name:\t\tVirtual Windows 10\n\tAccount Domain:\t\tDESKTOP-MAC610T\n\tLogon ID:\t\t0x238EF\n\nObject:\n\tObject Server:\t\tSecurity\n\tObject Type:\t\tFile\n\tObject Name:\t\tC:\\Users\\Virtual Windows 10\\Dropbox\\.dropbox.cache\\2018-08-29\\test1 (deleted b'a720a18e72c44b7032b8601a40d976fc').txt\n\tHandle ID:\t\t0x1ee0\n\tResource Attributes:\tS:AI\n\nProcess Information:\n\tProcess ID:\t\t0x14f0\n\tProcess Name:\t\tC:\\Program Files (x86)\\Dropbox\\Client\\Dropbox.exe\n\nAccess Request Information:\n\tAccesses:\t\tReadAttributes\n\t\t\t\t\n\tAccess Mask:\t\t0x80","logName":"Security","taskCategory":"File System","processID":"0x14f0","version":1}
{"accountName":"Virtual Windows 10","eventID":4663,"accessMask":"0x80","level":"Information","objectName":"C:\\Users\\Virtual Windows 10\\Dropbox","accountDomain":"DESKTOP-MAC610T","accesses":"%%4423\n\t\t\t\t","resourceAttributes":"S:AI","keyword":["Audit Success"],"objectType":"File","handleID":"0x1ee0","timestamp":"2018-08-29T11:46:46.233Z","logonID":"0x238ef","@id":"http://example.org/logEntry#logEntry-c9cabace-0847-4631-9831-49bf4e4bdbc6","@context":"http://sepses.ifs.tuwien.ac.at/contexts/wineventlog.jsonld","processName":"C:\\Program Files (x86)\\Dropbox\\Client\\Dropbox.exe","objectServer":"Security","originatesFrom":{"hostName":{"name":"DESKTOP-MAC610T"},"@id":"http://example.org/sepses#e6ae4072-a387-43af-a6ff-70140ec9633e","@type":"rdf:nodeID"},"computerName":"DESKTOP-MAC610T","hasLogType":"wineventlog","upCode":"Info","source":"Microsoft-Windows-Security-Auditing","@type":"http://purl.org/sepses/vocab/log/wineventlog#WindowsEventLogEntry","@timestamp":"2018-08-29T11:46:46.233Z","logMessage":"An attempt was made to access an object.\n\nSubject:\n\tSecurity ID:\t\tS-1-5-21-2889181789-4222170037-1347726928-1001\n\tAccount Name:\t\tVirtual Windows 10\n\tAccount Domain:\t\tDESKTOP-MAC610T\n\tLogon ID:\t\t0x238EF\n\nObject:\n\tObject Server:\t\tSecurity\n\tObject Type:\t\tFile\n\tObject Name:\t\tC:\\Users\\Virtual Windows 10\\Dropbox\n\tHandle ID:\t\t0x1ee0\n\tResource Attributes:\tS:AI\n\nProcess Information:\n\tProcess ID:\t\t0x14f0\n\tProcess Name:\t\tC:\\Program Files (x86)\\Dropbox\\Client\\Dropbox.exe\n\nAccess Request Information:\n\tAccesses:\t\tReadAttributes\n\t\t\t\t\n\tAccess Mask:\t\t0x80","logName":"Security","taskCategory":"File System","processID":"0x14f0","version":1}
{"accountName":"Virtual Windows 10","eventID":4663,"accessMask":"0x80","level":"Information","objectName":"C:\\Users\\Virtual Windows 10\\Dropbox","accountDomain":"DESKTOP-MAC610T","accesses":"%%4423\n\t\t\t\t","resourceAttributes":"S:AI","keyword":["Audit Success"],"objectType":"File","handleID":"0x1ee0","timestamp":"2018-08-29T11:46:46.234Z","logonID":"0x238ef","@id":"http://example.org/logEntry#logEntry-c41cdd36-1976-4bdd-8345-1cc319542cdb","@context":"http://sepses.ifs.tuwien.ac.at/contexts/wineventlog.jsonld","processName":"C:\\Program Files (x86)\\Dropbox\\Client\\Dropbox.exe","objectServer":"Security","originatesFrom":{"hostName":{"name":"DESKTOP-MAC610T"},"@id":"http://example.org/sepses#38438069-eaab-4e09-a79d-eceb3fcab670","@type":"rdf:nodeID"},"computerName":"DESKTOP-MAC610T","hasLogType":"wineventlog","upCode":"Info","source":"Microsoft-Windows-Security-Auditing","@type":"http://purl.org/sepses/vocab/log/wineventlog#WindowsEventLogEntry","@timestamp":"2018-08-29T11:46:46.234Z","logMessage":"An attempt was made to access an object.\n\nSubject:\n\tSecurity ID:\t\tS-1-5-21-2889181789-4222170037-1347726928-1001\n\tAccount Name:\t\tVirtual Windows 10\n\tAccount Domain:\t\tDESKTOP-MAC610T\n\tLogon ID:\t\t0x238EF\n\nObject:\n\tObject Server:\t\tSecurity\n\tObject Type:\t\tFile\n\tObject Name:\t\tC:\\Users\\Virtual Windows 10\\Dropbox\n\tHandle ID:\t\t0x1ee0\n\tResource Attributes:\tS:AI\n\nProcess Information:\n\tProcess ID:\t\t0x14f0\n\tProcess Name:\t\tC:\\Program Files (x86)\\Dropbox\\Client\\Dropbox.exe\n\nAccess Request Information:\n\tAccesses:\t\tReadAttributes\n\t\t\t\t\n\tAccess Mask:\t\t0x80","logName":"Security","taskCategory":"File System","processID":"0x14f0","version":1}
{"accountName":"Virtual Windows 10","eventID":4663,"accessMask":"0x80","level":"Information","objectName":"C:\\Users\\Virtual Windows 10\\Dropbox\\.dropbox.cache\\2018-08-29","accountDomain":"DESKTOP-MAC610T","accesses":"%%4423\n\t\t\t\t","resourceAttributes":"S:AI","keyword":["Audit Success"],"objectType":"File","handleID":"0x1ee0","timestamp":"2018-08-29T11:46:46.241Z","logonID":"0x238ef","@id":"http://example.org/logEntry#logEntry-34a2b83c-0e51-420b-93a8-231c464230f7","@context":"http://sepses.ifs.tuwien.ac.at/contexts/wineventlog.jsonld","processName":"C:\\Program Files (x86)\\Dropbox\\Client\\Dropbox.exe","objectServer":"Security","originatesFrom":{"hostName":{"name":"DESKTOP-MAC610T"},"@id":"http://example.org/sepses#aa660c6c-7b94-4831-b304-6db1d3326a65","@type":"rdf:nodeID"},"computerName":"DESKTOP-MAC610T","hasLogType":"wineventlog","upCode":"Info","source":"Microsoft-Windows-Security-Auditing","@type":"http://purl.org/sepses/vocab/log/wineventlog#WindowsEventLogEntry","@timestamp":"2018-08-29T11:46:46.241Z","logMessage":"An attempt was made to access an object.\n\nSubject:\n\tSecurity ID:\t\tS-1-5-21-2889181789-4222170037-1347726928-1001\n\tAccount Name:\t\tVirtual Windows 10\n\tAccount Domain:\t\tDESKTOP-MAC610T\n\tLogon ID:\t\t0x238EF\n\nObject:\n\tObject Server:\t\tSecurity\n\tObject Type:\t\tFile\n\tObject Name:\t\tC:\\Users\\Virtual Windows 10\\Dropbox\\.dropbox.cache\\2018-08-29\n\tHandle ID:\t\t0x1ee0\n\tResource Attributes:\tS:AI\n\nProcess Information:\n\tProcess ID:\t\t0x14f0\n\tProcess Name:\t\tC:\\Program Files (x86)\\Dropbox\\Client\\Dropbox.exe\n\nAccess Request Information:\n\tAccesses:\t\tReadAttributes\n\t\t\t\t\n\tAccess Mask:\t\t0x80","logName":"Security","taskCategory":"File System","processID":"0x14f0","version":1}
{"accountName":"Virtual Windows 10","eventID":4663,"accessMask":"0x80","level":"Information","objectName":"C:\\Users\\Virtual Windows 10\\Dropbox\\.dropbox.cache\\2018-08-29","accountDomain":"DESKTOP-MAC610T","accesses":"%%4423\n\t\t\t\t","resourceAttributes":"S:AI","keyword":["Audit Success"],"objectType":"File","handleID":"0x1ee0","timestamp":"2018-08-29T11:46:46.241Z","logonID":"0x238ef","@id":"http://example.org/logEntry#logEntry-3289dc1f-7c0c-4171-8686-4235b9867a8d","@context":"http://sepses.ifs.tuwien.ac.at/contexts/wineventlog.jsonld","processName":"C:\\Program Files (x86)\\Dropbox\\Client\\Dropbox.exe","objectServer":"Security","originatesFrom":{"hostName":{"name":"DESKTOP-MAC610T"},"@id":"http://example.org/sepses#d61d227b-53e7-4f45-bad6-b5b77f69c52b","@type":"rdf:nodeID"},"computerName":"DESKTOP-MAC610T","hasLogType":"wineventlog","upCode":"Info","source":"Microsoft-Windows-Security-Auditing","@type":"http://purl.org/sepses/vocab/log/wineventlog#WindowsEventLogEntry","@timestamp":"2018-08-29T11:46:46.241Z","logMessage":"An attempt was made to access an object.\n\nSubject:\n\tSecurity ID:\t\tS-1-5-21-2889181789-4222170037-1347726928-1001\n\tAccount Name:\t\tVirtual Windows 10\n\tAccount Domain:\t\tDESKTOP-MAC610T\n\tLogon ID:\t\t0x238EF\n\nObject:\n\tObject Server:\t\tSecurity\n\tObject Type:\t\tFile\n\tObject Name:\t\tC:\\Users\\Virtual Windows 10\\Dropbox\\.dropbox.cache\\2018-08-29\n\tHandle ID:\t\t0x1ee0\n\tResource Attributes:\tS:AI\n\nProcess Information:\n\tProcess ID:\t\t0x14f0\n\tProcess Name:\t\tC:\\Program Files (x86)\\Dropbox\\Client\\Dropbox.exe\n\nAccess Request Information:\n\tAccesses:\t\tReadAttributes\n\t\t\t\t\n\tAccess Mask:\t\t0x80","logName":"Security","taskCategory":"File System","processID":"0x14f0","version":1}
{"accountName":"Virtual Windows 10","eventID":4663,"accessMask":"0x80","level":"Information","objectName":"C:\\Users\\Virtual Windows 10\\Dropbox\\.dropbox.cache\\2018-08-29\\test1 (deleted b'a720a18e72c44b7032b8601a40d976fc').txt","accountDomain":"DESKTOP-MAC610T","accesses":"%%4423\n\t\t\t\t","resourceAttributes":"S:AI","keyword":["Audit Success"],"objectType":"File","handleID":"0x1ee0","timestamp":"2018-08-29T11:46:46.246Z","logonID":"0x238ef","@id":"http://example.org/logEntry#logEntry-9d7046c0-7703-4191-8739-b323d34f5d2e","@context":"http://sepses.ifs.tuwien.ac.at/contexts/wineventlog.jsonld","processName":"C:\\Program Files (x86)\\Dropbox\\Client\\Dropbox.exe","objectServer":"Security","originatesFrom":{"hostName":{"name":"DESKTOP-MAC610T"},"@id":"http://example.org/sepses#a3491df7-8dcd-45ef-b35e-fc78c4a15dd7","@type":"rdf:nodeID"},"computerName":"DESKTOP-MAC610T","hasLogType":"wineventlog","upCode":"Info","source":"Microsoft-Windows-Security-Auditing","@type":"http://purl.org/sepses/vocab/log/wineventlog#WindowsEventLogEntry","@timestamp":"2018-08-29T11:46:46.246Z","logMessage":"An attempt was made to access an object.\n\nSubject:\n\tSecurity ID:\t\tS-1-5-21-2889181789-4222170037-1347726928-1001\n\tAccount Name:\t\tVirtual Windows 10\n\tAccount Domain:\t\tDESKTOP-MAC610T\n\tLogon ID:\t\t0x238EF\n\nObject:\n\tObject Server:\t\tSecurity\n\tObject Type:\t\tFile\n\tObject Name:\t\tC:\\Users\\Virtual Windows 10\\Dropbox\\.dropbox.cache\\2018-08-29\\test1 (deleted b'a720a18e72c44b7032b8601a40d976fc').txt\n\tHandle ID:\t\t0x1ee0\n\tResource Attributes:\tS:AI\n\nProcess Information:\n\tProcess ID:\t\t0x14f0\n\tProcess Name:\t\tC:\\Program Files (x86)\\Dropbox\\Client\\Dropbox.exe\n\nAccess Request Information:\n\tAccesses:\t\tReadAttributes\n\t\t\t\t\n\tAccess Mask:\t\t0x80","logName":"Security","taskCategory":"File System","processID":"0x14f0","version":1}
{"accountName":"Virtual Windows 10","eventID":4663,"accessMask":"0x80","level":"Information","objectName":"C:\\Users\\Virtual Windows 10\\Dropbox\\.dropbox.cache","accountDomain":"DESKTOP-MAC610T","accesses":"%%4423\n\t\t\t\t","resourceAttributes":"S:AI","keyword":["Audit Success"],"objectType":"File","handleID":"0x1ee0","timestamp":"2018-08-29T11:46:46.253Z","logonID":"0x238ef","@id":"http://example.org/logEntry#logEntry-fe04d338-10d9-430c-b5a8-7d21293742a4","@context":"http://sepses.ifs.tuwien.ac.at/contexts/wineventlog.jsonld","processName":"C:\\Program Files (x86)\\Dropbox\\Client\\Dropbox.exe","objectServer":"Security","originatesFrom":{"hostName":{"name":"DESKTOP-MAC610T"},"@id":"http://example.org/sepses#44807e38-b1d2-40f5-b30e-1519908005a3","@type":"rdf:nodeID"},"computerName":"DESKTOP-MAC610T","hasLogType":"wineventlog","upCode":"Info","source":"Microsoft-Windows-Security-Auditing","@type":"http://purl.org/sepses/vocab/log/wineventlog#WindowsEventLogEntry","@timestamp":"2018-08-29T11:46:46.253Z","logMessage":"An attempt was made to access an object.\n\nSubject:\n\tSecurity ID:\t\tS-1-5-21-2889181789-4222170037-1347726928-1001\n\tAccount Name:\t\tVirtual Windows 10\n\tAccount Domain:\t\tDESKTOP-MAC610T\n\tLogon ID:\t\t0x238EF\n\nObject:\n\tObject Server:\t\tSecurity\n\tObject Type:\t\tFile\n\tObject Name:\t\tC:\\Users\\Virtual Windows 10\\Dropbox\\.dropbox.cache\n\tHandle ID:\t\t0x1ee0\n\tResource Attributes:\tS:AI\n\nProcess Information:\n\tProcess ID:\t\t0x14f0\n\tProcess Name:\t\tC:\\Program Files (x86)\\Dropbox\\Client\\Dropbox.exe\n\nAccess Request Information:\n\tAccesses:\t\tReadAttributes\n\t\t\t\t\n\tAccess Mask:\t\t0x80","logName":"Security","taskCategory":"File System","processID":"0x14f0","version":1}
{"accountName":"Virtual Windows 10","eventID":4663,"accessMask":"0x80","level":"Information","objectName":"C:\\Users\\Virtual Windows 10\\Dropbox\\.dropbox.cache","accountDomain":"DESKTOP-MAC610T","accesses":"%%4423\n\t\t\t\t","resourceAttributes":"S:AI","keyword":["Audit Success"],"objectType":"File","handleID":"0x1ee0","timestamp":"2018-08-29T11:46:46.255Z","logonID":"0x238ef","@id":"http://example.org/logEntry#logEntry-1035b903-528c-462a-89c5-4bf211e2d65e","@context":"http://sepses.ifs.tuwien.ac.at/contexts/wineventlog.jsonld","processName":"C:\\Program Files (x86)\\Dropbox\\Client\\Dropbox.exe","objectServer":"Security","originatesFrom":{"hostName":{"name":"DESKTOP-MAC610T"},"@id":"http://example.org/sepses#204aebed-d6a2-421c-8054-64c118e06822","@type":"rdf:nodeID"},"computerName":"DESKTOP-MAC610T","hasLogType":"wineventlog","upCode":"Info","source":"Microsoft-Windows-Security-Auditing","@type":"http://purl.org/sepses/vocab/log/wineventlog#WindowsEventLogEntry","@timestamp":"2018-08-29T11:46:46.255Z","logMessage":"An attempt was made to access an object.\n\nSubject:\n\tSecurity ID:\t\tS-1-5-21-2889181789-4222170037-1347726928-1001\n\tAccount Name:\t\tVirtual Windows 10\n\tAccount Domain:\t\tDESKTOP-MAC610T\n\tLogon ID:\t\t0x238EF\n\nObject:\n\tObject Server:\t\tSecurity\n\tObject Type:\t\tFile\n\tObject Name:\t\tC:\\Users\\Virtual Windows 10\\Dropbox\\.dropbox.cache\n\tHandle ID:\t\t0x1ee0\n\tResource Attributes:\tS:AI\n\nProcess Information:\n\tProcess ID:\t\t0x14f0\n\tProcess Name:\t\tC:\\Program Files (x86)\\Dropbox\\Client\\Dropbox.exe\n\nAccess Request Information:\n\tAccesses:\t\tReadAttributes\n\t\t\t\t\n\tAccess Mask:\t\t0x80","logName":"Security","taskCategory":"File System","processID":"0x14f0","version":1}
{"accountName":"Virtual Windows 10","eventID":4663,"accessMask":"0x80","level":"Information","objectName":"C:\\Users\\Virtual Windows 10\\Dropbox\\.dropbox.cache\\prefetch_cache","accountDomain":"DESKTOP-MAC610T","accesses":"%%4423\n\t\t\t\t","resourceAttributes":"S:AI","keyword":["Audit Success"],"objectType":"File","handleID":"0x1ee0","timestamp":"2018-08-29T11:46:46.256Z","logonID":"0x238ef","@id":"http://example.org/logEntry#logEntry-c67db775-0aa5-422d-b904-6725fbef3436","@context":"http://sepses.ifs.tuwien.ac.at/contexts/wineventlog.jsonld","processName":"C:\\Program Files (x86)\\Dropbox\\Client\\Dropbox.exe","objectServer":"Security","originatesFrom":{"hostName":{"name":"DESKTOP-MAC610T"},"@id":"http://example.org/sepses#ed43e290-516a-4286-a6d1-fda0d853e37a","@type":"rdf:nodeID"},"computerName":"DESKTOP-MAC610T","hasLogType":"wineventlog","upCode":"Info","source":"Microsoft-Windows-Security-Auditing","@type":"http://purl.org/sepses/vocab/log/wineventlog#WindowsEventLogEntry","@timestamp":"2018-08-29T11:46:46.256Z","logMessage":"An attempt was made to access an object.\n\nSubject:\n\tSecurity ID:\t\tS-1-5-21-2889181789-4222170037-1347726928-1001\n\tAccount Name:\t\tVirtual Windows 10\n\tAccount Domain:\t\tDESKTOP-MAC610T\n\tLogon ID:\t\t0x238EF\n\nObject:\n\tObject Server:\t\tSecurity\n\tObject Type:\t\tFile\n\tObject Name:\t\tC:\\Users\\Virtual Windows 10\\Dropbox\\.dropbox.cache\\prefetch_cache\n\tHandle ID:\t\t0x1ee0\n\tResource Attributes:\tS:AI\n\nProcess Information:\n\tProcess ID:\t\t0x14f0\n\tProcess Name:\t\tC:\\Program Files (x86)\\Dropbox\\Client\\Dropbox.exe\n\nAccess Request Information:\n\tAccesses:\t\tReadAttributes\n\t\t\t\t\n\tAccess Mask:\t\t0x80","logName":"Security","taskCategory":"File System","processID":"0x14f0","version":1}
{"accountName":"Virtual Windows 10","eventID":4663,"accessMask":"0x80","level":"Information","objectName":"C:\\Users\\Virtual Windows 10\\Dropbox\\.dropbox.cache\\prefetch_cache","accountDomain":"DESKTOP-MAC610T","accesses":"%%4423\n\t\t\t\t","resourceAttributes":"S:AI","keyword":["Audit Success"],"objectType":"File","handleID":"0x1ee0","timestamp":"2018-08-29T11:46:46.257Z","logonID":"0x238ef","@id":"http://example.org/logEntry#logEntry-9fc609c7-a206-4882-a722-b375a8bd4588","@context":"http://sepses.ifs.tuwien.ac.at/contexts/wineventlog.jsonld","processName":"C:\\Program Files (x86)\\Dropbox\\Client\\Dropbox.exe","objectServer":"Security","originatesFrom":{"hostName":{"name":"DESKTOP-MAC610T"},"@id":"http://example.org/sepses#b327b742-aff3-44ea-921c-242dd8fa3e5e","@type":"rdf:nodeID"},"computerName":"DESKTOP-MAC610T","hasLogType":"wineventlog","upCode":"Info","source":"Microsoft-Windows-Security-Auditing","@type":"http://purl.org/sepses/vocab/log/wineventlog#WindowsEventLogEntry","@timestamp":"2018-08-29T11:46:46.257Z","logMessage":"An attempt was made to access an object.\n\nSubject:\n\tSecurity ID:\t\tS-1-5-21-2889181789-4222170037-1347726928-1001\n\tAccount Name:\t\tVirtual Windows 10\n\tAccount Domain:\t\tDESKTOP-MAC610T\n\tLogon ID:\t\t0x238EF\n\nObject:\n\tObject Server:\t\tSecurity\n\tObject Type:\t\tFile\n\tObject Name:\t\tC:\\Users\\Virtual Windows 10\\Dropbox\\.dropbox.cache\\prefetch_cache\n\tHandle ID:\t\t0x1ee0\n\tResource Attributes:\tS:AI\n\nProcess Information:\n\tProcess ID:\t\t0x14f0\n\tProcess Name:\t\tC:\\Program Files (x86)\\Dropbox\\Client\\Dropbox.exe\n\nAccess Request Information:\n\tAccesses:\t\tReadAttributes\n\t\t\t\t\n\tAccess Mask:\t\t0x80","logName":"Security","taskCategory":"File System","processID":"0x14f0","version":1}
{"accountName":"Virtual Windows 10","eventID":4663,"accessMask":"0x80","level":"Information","objectName":"C:\\Users\\Virtual Windows 10\\Dropbox\\.dropbox.cache","accountDomain":"DESKTOP-MAC610T","accesses":"%%4423\n\t\t\t\t","resourceAttributes":"S:AI","keyword":["Audit Success"],"objectType":"File","handleID":"0x1ee8","timestamp":"2018-08-29T11:46:46.308Z","logonID":"0x238ef","@id":"http://example.org/logEntry#logEntry-0e34b653-30ba-4762-9599-83ef69a43f04","@context":"http://sepses.ifs.tuwien.ac.at/contexts/wineventlog.jsonld","processName":"C:\\Program Files (x86)\\Dropbox\\Client\\Dropbox.exe","objectServer":"Security","originatesFrom":{"hostName":{"name":"DESKTOP-MAC610T"},"@id":"http://example.org/sepses#47ab1ef4-4a8f-4e3f-be09-4afb010f1569","@type":"rdf:nodeID"},"computerName":"DESKTOP-MAC610T","hasLogType":"wineventlog","upCode":"Info","source":"Microsoft-Windows-Security-Auditing","@type":"http://purl.org/sepses/vocab/log/wineventlog#WindowsEventLogEntry","@timestamp":"2018-08-29T11:46:46.308Z","logMessage":"An attempt was made to access an object.\n\nSubject:\n\tSecurity ID:\t\tS-1-5-21-2889181789-4222170037-1347726928-1001\n\tAccount Name:\t\tVirtual Windows 10\n\tAccount Domain:\t\tDESKTOP-MAC610T\n\tLogon ID:\t\t0x238EF\n\nObject:\n\tObject Server:\t\tSecurity\n\tObject Type:\t\tFile\n\tObject Name:\t\tC:\\Users\\Virtual Windows 10\\Dropbox\\.dropbox.cache\n\tHandle ID:\t\t0x1ee8\n\tResource Attributes:\tS:AI\n\nProcess Information:\n\tProcess ID:\t\t0x14f0\n\tProcess Name:\t\tC:\\Program Files (x86)\\Dropbox\\Client\\Dropbox.exe\n\nAccess Request Information:\n\tAccesses:\t\tReadAttributes\n\t\t\t\t\n\tAccess Mask:\t\t0x80","logName":"Security","taskCategory":"File System","processID":"0x14f0","version":1}
{"accountName":"Virtual Windows 10","eventID":4663,"accessMask":"0x80","level":"Information","objectName":"C:\\Users\\Virtual Windows 10\\Dropbox\\.dropbox.cache","accountDomain":"DESKTOP-MAC610T","accesses":"%%4423\n\t\t\t\t","resourceAttributes":"S:AI","keyword":["Audit Success"],"objectType":"File","handleID":"0x1ee8","timestamp":"2018-08-29T11:46:46.309Z","logonID":"0x238ef","@id":"http://example.org/logEntry#logEntry-14373089-d683-40af-a3ad-61fffbb11a24","@context":"http://sepses.ifs.tuwien.ac.at/contexts/wineventlog.jsonld","processName":"C:\\Program Files (x86)\\Dropbox\\Client\\Dropbox.exe","objectServer":"Security","originatesFrom":{"hostName":{"name":"DESKTOP-MAC610T"},"@id":"http://example.org/sepses#a272bac5-6b62-462f-9416-985a1f7954e4","@type":"rdf:nodeID"},"computerName":"DESKTOP-MAC610T","hasLogType":"wineventlog","upCode":"Info","source":"Microsoft-Windows-Security-Auditing","@type":"http://purl.org/sepses/vocab/log/wineventlog#WindowsEventLogEntry","@timestamp":"2018-08-29T11:46:46.309Z","logMessage":"An attempt was made to access an object.\n\nSubject:\n\tSecurity ID:\t\tS-1-5-21-2889181789-4222170037-1347726928-1001\n\tAccount Name:\t\tVirtual Windows 10\n\tAccount Domain:\t\tDESKTOP-MAC610T\n\tLogon ID:\t\t0x238EF\n\nObject:\n\tObject Server:\t\tSecurity\n\tObject Type:\t\tFile\n\tObject Name:\t\tC:\\Users\\Virtual Windows 10\\Dropbox\\.dropbox.cache\n\tHandle ID:\t\t0x1ee8\n\tResource Attributes:\tS:AI\n\nProcess Information:\n\tProcess ID:\t\t0x14f0\n\tProcess Name:\t\tC:\\Program Files (x86)\\Dropbox\\Client\\Dropbox.exe\n\nAccess Request Information:\n\tAccesses:\t\tReadAttributes\n\t\t\t\t\n\tAccess Mask:\t\t0x80","logName":"Security","taskCategory":"File System","processID":"0x14f0","version":1}
{"accountName":"Virtual Windows 10","eventID":4663,"accessMask":"0x80","level":"Information","objectName":"C:\\Users\\Virtual Windows 10\\Dropbox\\.dropbox.cache\\prefetch_cache","accountDomain":"DESKTOP-MAC610T","accesses":"%%4423\n\t\t\t\t","resourceAttributes":"S:AI","keyword":["Audit Success"],"objectType":"File","handleID":"0x1ee8","timestamp":"2018-08-29T11:46:46.310Z","logonID":"0x238ef","@id":"http://example.org/logEntry#logEntry-d64e4203-2c1b-4ce2-b9c4-3979556db2ba","@context":"http://sepses.ifs.tuwien.ac.at/contexts/wineventlog.jsonld","processName":"C:\\Program Files (x86)\\Dropbox\\Client\\Dropbox.exe","objectServer":"Security","originatesFrom":{"hostName":{"name":"DESKTOP-MAC610T"},"@id":"http://example.org/sepses#d0c70f6e-6694-4bb5-b805-38c120681bfc","@type":"rdf:nodeID"},"computerName":"DESKTOP-MAC610T","hasLogType":"wineventlog","upCode":"Info","source":"Microsoft-Windows-Security-Auditing","@type":"http://purl.org/sepses/vocab/log/wineventlog#WindowsEventLogEntry","@timestamp":"2018-08-29T11:46:46.310Z","logMessage":"An attempt was made to access an object.\n\nSubject:\n\tSecurity ID:\t\tS-1-5-21-2889181789-4222170037-1347726928-1001\n\tAccount Name:\t\tVirtual Windows 10\n\tAccount Domain:\t\tDESKTOP-MAC610T\n\tLogon ID:\t\t0x238EF\n\nObject:\n\tObject Server:\t\tSecurity\n\tObject Type:\t\tFile\n\tObject Name:\t\tC:\\Users\\Virtual Windows 10\\Dropbox\\.dropbox.cache\\prefetch_cache\n\tHandle ID:\t\t0x1ee8\n\tResource Attributes:\tS:AI\n\nProcess Information:\n\tProcess ID:\t\t0x14f0\n\tProcess Name:\t\tC:\\Program Files (x86)\\Dropbox\\Client\\Dropbox.exe\n\nAccess Request Information:\n\tAccesses:\t\tReadAttributes\n\t\t\t\t\n\tAccess Mask:\t\t0x80","logName":"Security","taskCategory":"File System","processID":"0x14f0","version":1}
{"accountName":"Virtual Windows 10","eventID":4663,"accessMask":"0x80","level":"Information","objectName":"C:\\Users\\Virtual Windows 10\\Dropbox\\.dropbox.cache\\prefetch_cache","accountDomain":"DESKTOP-MAC610T","accesses":"%%4423\n\t\t\t\t","resourceAttributes":"S:AI","keyword":["Audit Success"],"objectType":"File","handleID":"0x1ee8","timestamp":"2018-08-29T11:46:46.310Z","logonID":"0x238ef","@id":"http://example.org/logEntry#logEntry-f491bb35-e61d-49f5-9e01-315b7bd6f450","@context":"http://sepses.ifs.tuwien.ac.at/contexts/wineventlog.jsonld","processName":"C:\\Program Files (x86)\\Dropbox\\Client\\Dropbox.exe","objectServer":"Security","originatesFrom":{"hostName":{"name":"DESKTOP-MAC610T"},"@id":"http://example.org/sepses#4c7dfc9e-48d1-46c4-8cdb-f54ada154b50","@type":"rdf:nodeID"},"computerName":"DESKTOP-MAC610T","hasLogType":"wineventlog","upCode":"Info","source":"Microsoft-Windows-Security-Auditing","@type":"http://purl.org/sepses/vocab/log/wineventlog#WindowsEventLogEntry","@timestamp":"2018-08-29T11:46:46.310Z","logMessage":"An attempt was made to access an object.\n\nSubject:\n\tSecurity ID:\t\tS-1-5-21-2889181789-4222170037-1347726928-1001\n\tAccount Name:\t\tVirtual Windows 10\n\tAccount Domain:\t\tDESKTOP-MAC610T\n\tLogon ID:\t\t0x238EF\n\nObject:\n\tObject Server:\t\tSecurity\n\tObject Type:\t\tFile\n\tObject Name:\t\tC:\\Users\\Virtual Windows 10\\Dropbox\\.dropbox.cache\\prefetch_cache\n\tHandle ID:\t\t0x1ee8\n\tResource Attributes:\tS:AI\n\nProcess Information:\n\tProcess ID:\t\t0x14f0\n\tProcess Name:\t\tC:\\Program Files (x86)\\Dropbox\\Client\\Dropbox.exe\n\nAccess Request Information:\n\tAccesses:\t\tReadAttributes\n\t\t\t\t\n\tAccess Mask:\t\t0x80","logName":"Security","taskCategory":"File System","processID":"0x14f0","version":1}
{"accountName":"Virtual Windows 10","eventID":4663,"accessMask":"0x80","level":"Information","objectName":"C:\\Users\\Virtual Windows 10\\Dropbox","accountDomain":"DESKTOP-MAC610T","accesses":"%%4423\n\t\t\t\t","resourceAttributes":"S:AI","keyword":["Audit Success"],"objectType":"File","handleID":"0x1f48","timestamp":"2018-08-29T11:46:46.814Z","logonID":"0x238ef","@id":"http://example.org/logEntry#logEntry-1f45929f-dfb3-404f-a2a7-de3afe4b5cda","@context":"http://sepses.ifs.tuwien.ac.at/contexts/wineventlog.jsonld","processName":"C:\\Program Files (x86)\\Dropbox\\Client\\Dropbox.exe","objectServer":"Security","originatesFrom":{"hostName":{"name":"DESKTOP-MAC610T"},"@id":"http://example.org/sepses#3012c093-e9e6-42be-bf7a-81c614c160ca","@type":"rdf:nodeID"},"computerName":"DESKTOP-MAC610T","hasLogType":"wineventlog","upCode":"Info","source":"Microsoft-Windows-Security-Auditing","@type":"http://purl.org/sepses/vocab/log/wineventlog#WindowsEventLogEntry","@timestamp":"2018-08-29T11:46:46.814Z","logMessage":"An attempt was made to access an object.\n\nSubject:\n\tSecurity ID:\t\tS-1-5-21-2889181789-4222170037-1347726928-1001\n\tAccount Name:\t\tVirtual Windows 10\n\tAccount Domain:\t\tDESKTOP-MAC610T\n\tLogon ID:\t\t0x238EF\n\nObject:\n\tObject Server:\t\tSecurity\n\tObject Type:\t\tFile\n\tObject Name:\t\tC:\\Users\\Virtual Windows 10\\Dropbox\n\tHandle ID:\t\t0x1f48\n\tResource Attributes:\tS:AI\n\nProcess Information:\n\tProcess ID:\t\t0x14f0\n\tProcess Name:\t\tC:\\Program Files (x86)\\Dropbox\\Client\\Dropbox.exe\n\nAccess Request Information:\n\tAccesses:\t\tReadAttributes\n\t\t\t\t\n\tAccess Mask:\t\t0x80","logName":"Security","taskCategory":"File System","processID":"0x14f0","version":1}
{"accountName":"Virtual Windows 10","eventID":4663,"accessMask":"0x80","level":"Information","objectName":"C:\\Users\\Virtual Windows 10\\Dropbox","accountDomain":"DESKTOP-MAC610T","accesses":"%%4423\n\t\t\t\t","resourceAttributes":"S:AI","keyword":["Audit Success"],"objectType":"File","handleID":"0x1f48","timestamp":"2018-08-29T11:46:46.815Z","logonID":"0x238ef","@id":"http://example.org/logEntry#logEntry-7b61dcc1-1cfd-4681-b287-f4e851a4685c","@context":"http://sepses.ifs.tuwien.ac.at/contexts/wineventlog.jsonld","processName":"C:\\Program Files (x86)\\Dropbox\\Client\\Dropbox.exe","objectServer":"Security","originatesFrom":{"hostName":{"name":"DESKTOP-MAC610T"},"@id":"http://example.org/sepses#72a5b274-a16a-4b37-865f-2096aa84681d","@type":"rdf:nodeID"},"computerName":"DESKTOP-MAC610T","hasLogType":"wineventlog","upCode":"Info","source":"Microsoft-Windows-Security-Auditing","@type":"http://purl.org/sepses/vocab/log/wineventlog#WindowsEventLogEntry","@timestamp":"2018-08-29T11:46:46.815Z","logMessage":"An attempt was made to access an object.\n\nSubject:\n\tSecurity ID:\t\tS-1-5-21-2889181789-4222170037-1347726928-1001\n\tAccount Name:\t\tVirtual Windows 10\n\tAccount Domain:\t\tDESKTOP-MAC610T\n\tLogon ID:\t\t0x238EF\n\nObject:\n\tObject Server:\t\tSecurity\n\tObject Type:\t\tFile\n\tObject Name:\t\tC:\\Users\\Virtual Windows 10\\Dropbox\n\tHandle ID:\t\t0x1f48\n\tResource Attributes:\tS:AI\n\nProcess Information:\n\tProcess ID:\t\t0x14f0\n\tProcess Name:\t\tC:\\Program Files (x86)\\Dropbox\\Client\\Dropbox.exe\n\nAccess Request Information:\n\tAccesses:\t\tReadAttributes\n\t\t\t\t\n\tAccess Mask:\t\t0x80","logName":"Security","taskCategory":"File System","processID":"0x14f0","version":1}
{"accountName":"Virtual Windows 10","eventID":4663,"accessMask":"0x80","level":"Information","objectName":"C:\\Users\\Virtual Windows 10\\Dropbox","accountDomain":"DESKTOP-MAC610T","accesses":"%%4423\n\t\t\t\t","resourceAttributes":"S:AI","keyword":["Audit Success"],"objectType":"File","handleID":"0x1f48","timestamp":"2018-08-29T11:46:46.815Z","logonID":"0x238ef","@id":"http://example.org/logEntry#logEntry-b4331c2c-3689-45a6-9fb3-5947ec72a8ee","@context":"http://sepses.ifs.tuwien.ac.at/contexts/wineventlog.jsonld","processName":"C:\\Program Files (x86)\\Dropbox\\Client\\Dropbox.exe","objectServer":"Security","originatesFrom":{"hostName":{"name":"DESKTOP-MAC610T"},"@id":"http://example.org/sepses#b77521a9-612e-440b-9204-cba25f3433a8","@type":"rdf:nodeID"},"computerName":"DESKTOP-MAC610T","hasLogType":"wineventlog","upCode":"Info","source":"Microsoft-Windows-Security-Auditing","@type":"http://purl.org/sepses/vocab/log/wineventlog#WindowsEventLogEntry","@timestamp":"2018-08-29T11:46:46.815Z","logMessage":"An attempt was made to access an object.\n\nSubject:\n\tSecurity ID:\t\tS-1-5-21-2889181789-4222170037-1347726928-1001\n\tAccount Name:\t\tVirtual Windows 10\n\tAccount Domain:\t\tDESKTOP-MAC610T\n\tLogon ID:\t\t0x238EF\n\nObject:\n\tObject Server:\t\tSecurity\n\tObject Type:\t\tFile\n\tObject Name:\t\tC:\\Users\\Virtual Windows 10\\Dropbox\n\tHandle ID:\t\t0x1f48\n\tResource Attributes:\tS:AI\n\nProcess Information:\n\tProcess ID:\t\t0x14f0\n\tProcess Name:\t\tC:\\Program Files (x86)\\Dropbox\\Client\\Dropbox.exe\n\nAccess Request Information:\n\tAccesses:\t\tReadAttributes\n\t\t\t\t\n\tAccess Mask:\t\t0x80","logName":"Security","taskCategory":"File System","processID":"0x14f0","version":1}
{"accountName":"Virtual Windows 10","eventID":4663,"accessMask":"0x80","level":"Information","objectName":"C:\\Users\\Virtual Windows 10\\Dropbox","accountDomain":"DESKTOP-MAC610T","accesses":"%%4423\n\t\t\t\t","resourceAttributes":"S:AI","keyword":["Audit Success"],"objectType":"File","handleID":"0x1f48","timestamp":"2018-08-29T11:46:46.817Z","logonID":"0x238ef","@id":"http://example.org/logEntry#logEntry-05b97ada-d308-4620-8a21-4b137182b025","@context":"http://sepses.ifs.tuwien.ac.at/contexts/wineventlog.jsonld","processName":"C:\\Program Files (x86)\\Dropbox\\Client\\Dropbox.exe","objectServer":"Security","originatesFrom":{"hostName":{"name":"DESKTOP-MAC610T"},"@id":"http://example.org/sepses#f33a2a3e-281a-4ccd-a6ba-621808cc1397","@type":"rdf:nodeID"},"computerName":"DESKTOP-MAC610T","hasLogType":"wineventlog","upCode":"Info","source":"Microsoft-Windows-Security-Auditing","@type":"http://purl.org/sepses/vocab/log/wineventlog#WindowsEventLogEntry","@timestamp":"2018-08-29T11:46:46.817Z","logMessage":"An attempt was made to access an object.\n\nSubject:\n\tSecurity ID:\t\tS-1-5-21-2889181789-4222170037-1347726928-1001\n\tAccount Name:\t\tVirtual Windows 10\n\tAccount Domain:\t\tDESKTOP-MAC610T\n\tLogon ID:\t\t0x238EF\n\nObject:\n\tObject Server:\t\tSecurity\n\tObject Type:\t\tFile\n\tObject Name:\t\tC:\\Users\\Virtual Windows 10\\Dropbox\n\tHandle ID:\t\t0x1f48\n\tResource Attributes:\tS:AI\n\nProcess Information:\n\tProcess ID:\t\t0x14f0\n\tProcess Name:\t\tC:\\Program Files (x86)\\Dropbox\\Client\\Dropbox.exe\n\nAccess Request Information:\n\tAccesses:\t\tReadAttributes\n\t\t\t\t\n\tAccess Mask:\t\t0x80","logName":"Security","taskCategory":"File System","processID":"0x14f0","version":1}
{"accountName":"Virtual Windows 10","eventID":4663,"accessMask":"0x80","level":"Information","objectName":"C:\\Users\\Virtual Windows 10\\Dropbox","accountDomain":"DESKTOP-MAC610T","accesses":"%%4423\n\t\t\t\t","resourceAttributes":"S:AI","keyword":["Audit Success"],"objectType":"File","handleID":"0x1f48","timestamp":"2018-08-29T11:46:46.818Z","logonID":"0x238ef","@id":"http://example.org/logEntry#logEntry-e5624c1a-d234-4e0c-b719-0482d3859b4b","@context":"http://sepses.ifs.tuwien.ac.at/contexts/wineventlog.jsonld","processName":"C:\\Program Files (x86)\\Dropbox\\Client\\Dropbox.exe","objectServer":"Security","originatesFrom":{"hostName":{"name":"DESKTOP-MAC610T"},"@id":"http://example.org/sepses#646e6b0e-ccd2-4db7-916a-dc051935756b","@type":"rdf:nodeID"},"computerName":"DESKTOP-MAC610T","hasLogType":"wineventlog","upCode":"Info","source":"Microsoft-Windows-Security-Auditing","@type":"http://purl.org/sepses/vocab/log/wineventlog#WindowsEventLogEntry","@timestamp":"2018-08-29T11:46:46.818Z","logMessage":"An attempt was made to access an object.\n\nSubject:\n\tSecurity ID:\t\tS-1-5-21-2889181789-4222170037-1347726928-1001\n\tAccount Name:\t\tVirtual Windows 10\n\tAccount Domain:\t\tDESKTOP-MAC610T\n\tLogon ID:\t\t0x238EF\n\nObject:\n\tObject Server:\t\tSecurity\n\tObject Type:\t\tFile\n\tObject Name:\t\tC:\\Users\\Virtual Windows 10\\Dropbox\n\tHandle ID:\t\t0x1f48\n\tResource Attributes:\tS:AI\n\nProcess Information:\n\tProcess ID:\t\t0x14f0\n\tProcess Name:\t\tC:\\Program Files (x86)\\Dropbox\\Client\\Dropbox.exe\n\nAccess Request Information:\n\tAccesses:\t\tReadAttributes\n\t\t\t\t\n\tAccess Mask:\t\t0x80","logName":"Security","taskCategory":"File System","processID":"0x14f0","version":1}
{"accountName":"Virtual Windows 10","eventID":4663,"accessMask":"0x80","level":"Information","objectName":"C:\\Users\\Virtual Windows 10\\Dropbox","accountDomain":"DESKTOP-MAC610T","accesses":"%%4423\n\t\t\t\t","resourceAttributes":"S:AI","keyword":["Audit Success"],"objectType":"File","handleID":"0x1f48","timestamp":"2018-08-29T11:46:46.819Z","logonID":"0x238ef","@id":"http://example.org/logEntry#logEntry-610fbf37-af97-47da-bac7-f1428e5bf275","@context":"http://sepses.ifs.tuwien.ac.at/contexts/wineventlog.jsonld","processName":"C:\\Program Files (x86)\\Dropbox\\Client\\Dropbox.exe","objectServer":"Security","originatesFrom":{"hostName":{"name":"DESKTOP-MAC610T"},"@id":"http://example.org/sepses#561c81cb-8997-4579-8528-a63ff836c057","@type":"rdf:nodeID"},"computerName":"DESKTOP-MAC610T","hasLogType":"wineventlog","upCode":"Info","source":"Microsoft-Windows-Security-Auditing","@type":"http://purl.org/sepses/vocab/log/wineventlog#WindowsEventLogEntry","@timestamp":"2018-08-29T11:46:46.819Z","logMessage":"An attempt was made to access an object.\n\nSubject:\n\tSecurity ID:\t\tS-1-5-21-2889181789-4222170037-1347726928-1001\n\tAccount Name:\t\tVirtual Windows 10\n\tAccount Domain:\t\tDESKTOP-MAC610T\n\tLogon ID:\t\t0x238EF\n\nObject:\n\tObject Server:\t\tSecurity\n\tObject Type:\t\tFile\n\tObject Name:\t\tC:\\Users\\Virtual Windows 10\\Dropbox\n\tHandle ID:\t\t0x1f48\n\tResource Attributes:\tS:AI\n\nProcess Information:\n\tProcess ID:\t\t0x14f0\n\tProcess Name:\t\tC:\\Program Files (x86)\\Dropbox\\Client\\Dropbox.exe\n\nAccess Request Information:\n\tAccesses:\t\tReadAttributes\n\t\t\t\t\n\tAccess Mask:\t\t0x80","logName":"Security","taskCategory":"File System","processID":"0x14f0","version":1}
{"accountName":"Virtual Windows 10","eventID":4663,"accessMask":"0x80","level":"Information","objectName":"C:\\Users\\Virtual Windows 10\\Dropbox","accountDomain":"DESKTOP-MAC610T","accesses":"%%4423\n\t\t\t\t","resourceAttributes":"S:AI","keyword":["Audit Success"],"objectType":"File","handleID":"0x1f48","timestamp":"2018-08-29T11:46:46.821Z","logonID":"0x238ef","@id":"http://example.org/logEntry#logEntry-50626102-7bca-45fb-a0f8-9ddeebf19e08","@context":"http://sepses.ifs.tuwien.ac.at/contexts/wineventlog.jsonld","processName":"C:\\Program Files (x86)\\Dropbox\\Client\\Dropbox.exe","objectServer":"Security","originatesFrom":{"hostName":{"name":"DESKTOP-MAC610T"},"@id":"http://example.org/sepses#5b6c1b55-3a6c-4141-b435-ea3e045c49a0","@type":"rdf:nodeID"},"computerName":"DESKTOP-MAC610T","hasLogType":"wineventlog","upCode":"Info","source":"Microsoft-Windows-Security-Auditing","@type":"http://purl.org/sepses/vocab/log/wineventlog#WindowsEventLogEntry","@timestamp":"2018-08-29T11:46:46.821Z","logMessage":"An attempt was made to access an object.\n\nSubject:\n\tSecurity ID:\t\tS-1-5-21-2889181789-4222170037-1347726928-1001\n\tAccount Name:\t\tVirtual Windows 10\n\tAccount Domain:\t\tDESKTOP-MAC610T\n\tLogon ID:\t\t0x238EF\n\nObject:\n\tObject Server:\t\tSecurity\n\tObject Type:\t\tFile\n\tObject Name:\t\tC:\\Users\\Virtual Windows 10\\Dropbox\n\tHandle ID:\t\t0x1f48\n\tResource Attributes:\tS:AI\n\nProcess Information:\n\tProcess ID:\t\t0x14f0\n\tProcess Name:\t\tC:\\Program Files (x86)\\Dropbox\\Client\\Dropbox.exe\n\nAccess Request Information:\n\tAccesses:\t\tReadAttributes\n\t\t\t\t\n\tAccess Mask:\t\t0x80","logName":"Security","taskCategory":"File System","processID":"0x14f0","version":1}
{"accountName":"Virtual Windows 10","eventID":4663,"accessMask":"0x80","level":"Information","objectName":"C:\\Users\\Virtual Windows 10\\Dropbox","accountDomain":"DESKTOP-MAC610T","accesses":"%%4423\n\t\t\t\t","resourceAttributes":"S:AI","keyword":["Audit Success"],"objectType":"File","handleID":"0x1f48","timestamp":"2018-08-29T11:46:46.822Z","logonID":"0x238ef","@id":"http://example.org/logEntry#logEntry-1fef703b-597d-4aa1-a648-a5ee7895a5e4","@context":"http://sepses.ifs.tuwien.ac.at/contexts/wineventlog.jsonld","processName":"C:\\Program Files (x86)\\Dropbox\\Client\\Dropbox.exe","objectServer":"Security","originatesFrom":{"hostName":{"name":"DESKTOP-MAC610T"},"@id":"http://example.org/sepses#232d44cf-704c-4466-b589-f20fde9297eb","@type":"rdf:nodeID"},"computerName":"DESKTOP-MAC610T","hasLogType":"wineventlog","upCode":"Info","source":"Microsoft-Windows-Security-Auditing","@type":"http://purl.org/sepses/vocab/log/wineventlog#WindowsEventLogEntry","@timestamp":"2018-08-29T11:46:46.822Z","logMessage":"An attempt was made to access an object.\n\nSubject:\n\tSecurity ID:\t\tS-1-5-21-2889181789-4222170037-1347726928-1001\n\tAccount Name:\t\tVirtual Windows 10\n\tAccount Domain:\t\tDESKTOP-MAC610T\n\tLogon ID:\t\t0x238EF\n\nObject:\n\tObject Server:\t\tSecurity\n\tObject Type:\t\tFile\n\tObject Name:\t\tC:\\Users\\Virtual Windows 10\\Dropbox\n\tHandle ID:\t\t0x1f48\n\tResource Attributes:\tS:AI\n\nProcess Information:\n\tProcess ID:\t\t0x14f0\n\tProcess Name:\t\tC:\\Program Files (x86)\\Dropbox\\Client\\Dropbox.exe\n\nAccess Request Information:\n\tAccesses:\t\tReadAttributes\n\t\t\t\t\n\tAccess Mask:\t\t0x80","logName":"Security","taskCategory":"File System","processID":"0x14f0","version":1}
