{"objectServer":"Security","source":"Microsoft-Windows-Security-Auditing","objectName":"C:\\Users\\Virtual Windows 10\\Dropbox","keyword":["Audit Success"],"accessMask":"0x80","version":1,"timestamp":"2018-11-14T11:09:31.850Z","logName":"Security","upCode":"Info","@id":"http://example.org/logEntry#logEntry-7346c688-403b-4fb2-9b64-f2e557091d16","resourceAttributes":"S:AI","handleID":"0x15d8","processID":"0xc60","level":"Information","logonID":"0x29ea7","accountDomain":"DESKTOP-MAC610T","originatesFrom":{"hostName":{"name":"DESKTOP-MAC610T"},"@type":"rdf:nodeID","@id":"http://example.org/sepses#abf12c97-e0ed-4bfd-8815-19f0b2c95834"},"computerName":"DESKTOP-MAC610T","@timestamp":"2018-11-14T11:09:31.850Z","processName":"C:\\Windows\\explorer.exe","objectType":"File","hasLogType":"wineventlog","eventID":4663,"logMessage":"An attempt was made to access an object.\n\nSubject:\n\tSecurity ID:\t\tS-1-5-21-2889181789-4222170037-1347726928-1001\n\tAccount Name:\t\tVirtual Windows 10\n\tAccount Domain:\t\tDESKTOP-MAC610T\n\tLogon ID:\t\t0x29EA7\n\nObject:\n\tObject Server:\t\tSecurity\n\tObject Type:\t\tFile\n\tObject Name:\t\tC:\\Users\\Virtual Windows 10\\Dropbox\n\tHandle ID:\t\t0x15d8\n\tResource Attributes:\tS:AI\n\nProcess Information:\n\tProcess ID:\t\t0xc60\n\tProcess Name:\t\tC:\\Windows\\explorer.exe\n\nAccess Request Information:\n\tAccesses:\t\tReadAttributes\n\t\t\t\t\n\tAccess Mask:\t\t0x80","accesses":"%%4423\n\t\t\t\t","taskCategory":"File System","accountName":"Virtual Windows 10","@context":"http://sepses.ifs.tuwien.ac.at/contexts/wineventlog.jsonld","@type":"http://purl.org/sepses/vocab/log/wineventlog#WindowsEventLogEntry"}
{"objectServer":"Security","source":"Microsoft-Windows-Security-Auditing","objectName":"C:\\Users\\Virtual Windows 10\\Dropbox","keyword":["Audit Success"],"accessMask":"0x80","version":1,"timestamp":"2018-11-14T11:09:31.850Z","logName":"Security","upCode":"Info","@id":"http://example.org/logEntry#logEntry-b769e788-653e-464f-83ac-66cf647eec3d","resourceAttributes":"S:AI","handleID":"0x3e6c","processID":"0xc60","level":"Information","logonID":"0x29ea7","accountDomain":"DESKTOP-MAC610T","originatesFrom":{"hostName":{"name":"DESKTOP-MAC610T"},"@type":"rdf:nodeID","@id":"http://example.org/sepses#a2c63d84-272a-4bcf-a9bd-97a199fac9be"},"computerName":"DESKTOP-MAC610T","@timestamp":"2018-11-14T11:09:31.850Z","processName":"C:\\Windows\\explorer.exe","objectType":"File","hasLogType":"wineventlog","eventID":4663,"logMessage":"An attempt was made to access an object.\n\nSubject:\n\tSecurity ID:\t\tS-1-5-21-2889181789-4222170037-1347726928-1001\n\tAccount Name:\t\tVirtual Windows 10\n\tAccount Domain:\t\tDESKTOP-MAC610T\n\tLogon ID:\t\t0x29EA7\n\nObject:\n\tObject Server:\t\tSecurity\n\tObject Type:\t\tFile\n\tObject Name:\t\tC:\\Users\\Virtual Windows 10\\Dropbox\n\tHandle ID:\t\t0x3e6c\n\tResource Attributes:\tS:AI\n\nProcess Information:\n\tProcess ID:\t\t0xc60\n\tProcess Name:\t\tC:\\Windows\\explorer.exe\n\nAccess Request Information:\n\tAccesses:\t\tReadAttributes\n\t\t\t\t\n\tAccess Mask:\t\t0x80","accesses":"%%4423\n\t\t\t\t","taskCategory":"File System","accountName":"Virtual Windows 10","@context":"http://sepses.ifs.tuwien.ac.at/contexts/wineventlog.jsonld","@type":"http://purl.org/sepses/vocab/log/wineventlog#WindowsEventLogEntry"}
{"objectServer":"Security","source":"Microsoft-Windows-Security-Auditing","objectName":"C:\\Users\\Virtual Windows 10\\UserDocuments","keyword":["Audit Success"],"accessMask":"0x80","version":1,"timestamp":"2018-11-14T11:09:32.102Z","logName":"Security","upCode":"Info","@id":"http://example.org/logEntry#logEntry-f3856121-23d7-4854-a596-02311a9e2c81","resourceAttributes":"S:AI","handleID":"0x19a8","processID":"0xc60","level":"Information","logonID":"0x29ea7","accountDomain":"DESKTOP-MAC610T","originatesFrom":{"hostName":{"name":"DESKTOP-MAC610T"},"@type":"rdf:nodeID","@id":"http://example.org/sepses#98c14830-77e1-4782-832f-c914a49e4c9a"},"computerName":"DESKTOP-MAC610T","@timestamp":"2018-11-14T11:09:32.102Z","processName":"C:\\Windows\\explorer.exe","objectType":"File","hasLogType":"wineventlog","eventID":4663,"logMessage":"An attempt was made to access an object.\n\nSubject:\n\tSecurity ID:\t\tS-1-5-21-2889181789-4222170037-1347726928-1001\n\tAccount Name:\t\tVirtual Windows 10\n\tAccount Domain:\t\tDESKTOP-MAC610T\n\tLogon ID:\t\t0x29EA7\n\nObject:\n\tObject Server:\t\tSecurity\n\tObject Type:\t\tFile\n\tObject Name:\t\tC:\\Users\\Virtual Windows 10\\UserDocuments\n\tHandle ID:\t\t0x19a8\n\tResource Attributes:\tS:AI\n\nProcess Information:\n\tProcess ID:\t\t0xc60\n\tProcess Name:\t\tC:\\Windows\\explorer.exe\n\nAccess Request Information:\n\tAccesses:\t\tReadAttributes\n\t\t\t\t\n\tAccess Mask:\t\t0x80","accesses":"%%4423\n\t\t\t\t","taskCategory":"File System","accountName":"Virtual Windows 10","@context":"http://sepses.ifs.tuwien.ac.at/contexts/wineventlog.jsonld","@type":"http://purl.org/sepses/vocab/log/wineventlog#WindowsEventLogEntry"}
{"objectServer":"Security","source":"Microsoft-Windows-Security-Auditing","objectName":"C:\\Users\\Virtual Windows 10\\Dropbox","keyword":["Audit Success"],"accessMask":"0x80","version":1,"timestamp":"2018-11-14T11:09:32.115Z","logName":"Security","upCode":"Info","@id":"http://example.org/logEntry#logEntry-3a2bb2b5-28bd-4f67-b05d-68f092f1b17c","resourceAttributes":"S:AI","handleID":"0x19a8","processID":"0xc60","level":"Information","logonID":"0x29ea7","accountDomain":"DESKTOP-MAC610T","originatesFrom":{"hostName":{"name":"DESKTOP-MAC610T"},"@type":"rdf:nodeID","@id":"http://example.org/sepses#c9c12cc2-3e0a-48f5-8c13-56edbdc92f46"},"computerName":"DESKTOP-MAC610T","@timestamp":"2018-11-14T11:09:32.115Z","processName":"C:\\Windows\\explorer.exe","objectType":"File","hasLogType":"wineventlog","eventID":4663,"logMessage":"An attempt was made to access an object.\n\nSubject:\n\tSecurity ID:\t\tS-1-5-21-2889181789-4222170037-1347726928-1001\n\tAccount Name:\t\tVirtual Windows 10\n\tAccount Domain:\t\tDESKTOP-MAC610T\n\tLogon ID:\t\t0x29EA7\n\nObject:\n\tObject Server:\t\tSecurity\n\tObject Type:\t\tFile\n\tObject Name:\t\tC:\\Users\\Virtual Windows 10\\Dropbox\n\tHandle ID:\t\t0x19a8\n\tResource Attributes:\tS:AI\n\nProcess Information:\n\tProcess ID:\t\t0xc60\n\tProcess Name:\t\tC:\\Windows\\explorer.exe\n\nAccess Request Information:\n\tAccesses:\t\tReadAttributes\n\t\t\t\t\n\tAccess Mask:\t\t0x80","accesses":"%%4423\n\t\t\t\t","taskCategory":"File System","accountName":"Virtual Windows 10","@context":"http://sepses.ifs.tuwien.ac.at/contexts/wineventlog.jsonld","@type":"http://purl.org/sepses/vocab/log/wineventlog#WindowsEventLogEntry"}
{"objectServer":"Security","source":"Microsoft-Windows-Security-Auditing","objectName":"C:\\Users\\Virtual Windows 10\\UserDocuments","keyword":["Audit Success"],"accessMask":"0x80","version":1,"timestamp":"2018-11-14T11:09:33.824Z","logName":"Security","upCode":"Info","@id":"http://example.org/logEntry#logEntry-28a8ebc6-7efd-42d4-82a8-f8113b320bb4","resourceAttributes":"S:AI","handleID":"0x3f34","processID":"0xc60","level":"Information","logonID":"0x29ea7","accountDomain":"DESKTOP-MAC610T","originatesFrom":{"hostName":{"name":"DESKTOP-MAC610T"},"@type":"rdf:nodeID","@id":"http://example.org/sepses#6a1e1ee1-6ffd-403d-89f8-1ab28119ebba"},"computerName":"DESKTOP-MAC610T","@timestamp":"2018-11-14T11:09:33.824Z","processName":"C:\\Windows\\explorer.exe","objectType":"File","hasLogType":"wineventlog","eventID":4663,"logMessage":"An attempt was made to access an object.\n\nSubject:\n\tSecurity ID:\t\tS-1-5-21-2889181789-4222170037-1347726928-1001\n\tAccount Name:\t\tVirtual Windows 10\n\tAccount Domain:\t\tDESKTOP-MAC610T\n\tLogon ID:\t\t0x29EA7\n\nObject:\n\tObject Server:\t\tSecurity\n\tObject Type:\t\tFile\n\tObject Name:\t\tC:\\Users\\Virtual Windows 10\\UserDocuments\n\tHandle ID:\t\t0x3f34\n\tResource Attributes:\tS:AI\n\nProcess Information:\n\tProcess ID:\t\t0xc60\n\tProcess Name:\t\tC:\\Windows\\explorer.exe\n\nAccess Request Information:\n\tAccesses:\t\tReadAttributes\n\t\t\t\t\n\tAccess Mask:\t\t0x80","accesses":"%%4423\n\t\t\t\t","taskCategory":"File System","accountName":"Virtual Windows 10","@context":"http://sepses.ifs.tuwien.ac.at/contexts/wineventlog.jsonld","@type":"http://purl.org/sepses/vocab/log/wineventlog#WindowsEventLogEntry"}
{"objectServer":"Security","source":"Microsoft-Windows-Security-Auditing","objectName":"C:\\Users\\Virtual Windows 10\\Dropbox","keyword":["Audit Success"],"accessMask":"0x80","version":1,"timestamp":"2018-11-14T11:09:34.069Z","logName":"Security","upCode":"Info","@id":"http://example.org/logEntry#logEntry-2e2dd7b2-a53a-467f-b9c9-1c0899c6cf46","resourceAttributes":"S:AI","handleID":"0x1334","processID":"0x153c","level":"Information","logonID":"0x29ea7","accountDomain":"DESKTOP-MAC610T","originatesFrom":{"hostName":{"name":"DESKTOP-MAC610T"},"@type":"rdf:nodeID","@id":"http://example.org/sepses#f817ed1d-2fa1-4d23-b94d-feda6db22e40"},"computerName":"DESKTOP-MAC610T","@timestamp":"2018-11-14T11:09:34.069Z","processName":"C:\\Program Files (x86)\\Dropbox\\Client\\Dropbox.exe","objectType":"File","hasLogType":"wineventlog","eventID":4663,"logMessage":"An attempt was made to access an object.\n\nSubject:\n\tSecurity ID:\t\tS-1-5-21-2889181789-4222170037-1347726928-1001\n\tAccount Name:\t\tVirtual Windows 10\n\tAccount Domain:\t\tDESKTOP-MAC610T\n\tLogon ID:\t\t0x29EA7\n\nObject:\n\tObject Server:\t\tSecurity\n\tObject Type:\t\tFile\n\tObject Name:\t\tC:\\Users\\Virtual Windows 10\\Dropbox\n\tHandle ID:\t\t0x1334\n\tResource Attributes:\tS:AI\n\nProcess Information:\n\tProcess ID:\t\t0x153c\n\tProcess Name:\t\tC:\\Program Files (x86)\\Dropbox\\Client\\Dropbox.exe\n\nAccess Request Information:\n\tAccesses:\t\tReadAttributes\n\t\t\t\t\n\tAccess Mask:\t\t0x80","accesses":"%%4423\n\t\t\t\t","taskCategory":"File System","accountName":"Virtual Windows 10","@context":"http://sepses.ifs.tuwien.ac.at/contexts/wineventlog.jsonld","@type":"http://purl.org/sepses/vocab/log/wineventlog#WindowsEventLogEntry"}
{"objectServer":"Security","source":"Microsoft-Windows-Security-Auditing","objectName":"C:\\Users\\Virtual Windows 10\\Dropbox","keyword":["Audit Success"],"accessMask":"0x80","version":1,"timestamp":"2018-11-14T11:09:34.069Z","logName":"Security","upCode":"Info","@id":"http://example.org/logEntry#logEntry-77dd48d3-c170-45a0-8c3c-e44d2ed03f9c","resourceAttributes":"S:AI","handleID":"0x1334","processID":"0x153c","level":"Information","logonID":"0x29ea7","accountDomain":"DESKTOP-MAC610T","originatesFrom":{"hostName":{"name":"DESKTOP-MAC610T"},"@type":"rdf:nodeID","@id":"http://example.org/sepses#f71a016a-5077-4482-b2e4-7f1ab8a8fc99"},"computerName":"DESKTOP-MAC610T","@timestamp":"2018-11-14T11:09:34.069Z","processName":"C:\\Program Files (x86)\\Dropbox\\Client\\Dropbox.exe","objectType":"File","hasLogType":"wineventlog","eventID":4663,"logMessage":"An attempt was made to access an object.\n\nSubject:\n\tSecurity ID:\t\tS-1-5-21-2889181789-4222170037-1347726928-1001\n\tAccount Name:\t\tVirtual Windows 10\n\tAccount Domain:\t\tDESKTOP-MAC610T\n\tLogon ID:\t\t0x29EA7\n\nObject:\n\tObject Server:\t\tSecurity\n\tObject Type:\t\tFile\n\tObject Name:\t\tC:\\Users\\Virtual Windows 10\\Dropbox\n\tHandle ID:\t\t0x1334\n\tResource Attributes:\tS:AI\n\nProcess Information:\n\tProcess ID:\t\t0x153c\n\tProcess Name:\t\tC:\\Program Files (x86)\\Dropbox\\Client\\Dropbox.exe\n\nAccess Request Information:\n\tAccesses:\t\tReadAttributes\n\t\t\t\t\n\tAccess Mask:\t\t0x80","accesses":"%%4423\n\t\t\t\t","taskCategory":"File System","accountName":"Virtual Windows 10","@context":"http://sepses.ifs.tuwien.ac.at/contexts/wineventlog.jsonld","@type":"http://purl.org/sepses/vocab/log/wineventlog#WindowsEventLogEntry"}
{"objectServer":"Security","source":"Microsoft-Windows-Security-Auditing","objectName":"C:\\Users\\Virtual Windows 10\\Dropbox","keyword":["Audit Success"],"accessMask":"0x80","version":1,"timestamp":"2018-11-14T11:09:34.070Z","logName":"Security","upCode":"Info","@id":"http://example.org/logEntry#logEntry-ca0c07c9-0ff0-45c8-87aa-7de5988f683b","resourceAttributes":"S:AI","handleID":"0x1334","processID":"0x153c","level":"Information","logonID":"0x29ea7","accountDomain":"DESKTOP-MAC610T","originatesFrom":{"hostName":{"name":"DESKTOP-MAC610T"},"@type":"rdf:nodeID","@id":"http://example.org/sepses#a88cc2e4-b268-44dd-b21a-c780622ded55"},"computerName":"DESKTOP-MAC610T","@timestamp":"2018-11-14T11:09:34.070Z","processName":"C:\\Program Files (x86)\\Dropbox\\Client\\Dropbox.exe","objectType":"File","hasLogType":"wineventlog","eventID":4663,"logMessage":"An attempt was made to access an object.\n\nSubject:\n\tSecurity ID:\t\tS-1-5-21-2889181789-4222170037-1347726928-1001\n\tAccount Name:\t\tVirtual Windows 10\n\tAccount Domain:\t\tDESKTOP-MAC610T\n\tLogon ID:\t\t0x29EA7\n\nObject:\n\tObject Server:\t\tSecurity\n\tObject Type:\t\tFile\n\tObject Name:\t\tC:\\Users\\Virtual Windows 10\\Dropbox\n\tHandle ID:\t\t0x1334\n\tResource Attributes:\tS:AI\n\nProcess Information:\n\tProcess ID:\t\t0x153c\n\tProcess Name:\t\tC:\\Program Files (x86)\\Dropbox\\Client\\Dropbox.exe\n\nAccess Request Information:\n\tAccesses:\t\tReadAttributes\n\t\t\t\t\n\tAccess Mask:\t\t0x80","accesses":"%%4423\n\t\t\t\t","taskCategory":"File System","accountName":"Virtual Windows 10","@context":"http://sepses.ifs.tuwien.ac.at/contexts/wineventlog.jsonld","@type":"http://purl.org/sepses/vocab/log/wineventlog#WindowsEventLogEntry"}
{"objectServer":"Security","source":"Microsoft-Windows-Security-Auditing","objectName":"C:\\Users\\Virtual Windows 10\\Dropbox","keyword":["Audit Success"],"accessMask":"0x80","version":1,"timestamp":"2018-11-14T11:09:34.273Z","logName":"Security","upCode":"Info","@id":"http://example.org/logEntry#logEntry-e0ba0936-4da3-435c-91a7-51afef289518","resourceAttributes":"S:AI","handleID":"0x4288","processID":"0xc60","level":"Information","logonID":"0x29ea7","accountDomain":"DESKTOP-MAC610T","originatesFrom":{"hostName":{"name":"DESKTOP-MAC610T"},"@type":"rdf:nodeID","@id":"http://example.org/sepses#0ccfab2d-d4e6-4e22-b0bf-0d88736fd2c9"},"computerName":"DESKTOP-MAC610T","@timestamp":"2018-11-14T11:09:34.273Z","processName":"C:\\Windows\\explorer.exe","objectType":"File","hasLogType":"wineventlog","eventID":4663,"logMessage":"An attempt was made to access an object.\n\nSubject:\n\tSecurity ID:\t\tS-1-5-21-2889181789-4222170037-1347726928-1001\n\tAccount Name:\t\tVirtual Windows 10\n\tAccount Domain:\t\tDESKTOP-MAC610T\n\tLogon ID:\t\t0x29EA7\n\nObject:\n\tObject Server:\t\tSecurity\n\tObject Type:\t\tFile\n\tObject Name:\t\tC:\\Users\\Virtual Windows 10\\Dropbox\n\tHandle ID:\t\t0x4288\n\tResource Attributes:\tS:AI\n\nProcess Information:\n\tProcess ID:\t\t0xc60\n\tProcess Name:\t\tC:\\Windows\\explorer.exe\n\nAccess Request Information:\n\tAccesses:\t\tReadAttributes\n\t\t\t\t\n\tAccess Mask:\t\t0x80","accesses":"%%4423\n\t\t\t\t","taskCategory":"File System","accountName":"Virtual Windows 10","@context":"http://sepses.ifs.tuwien.ac.at/contexts/wineventlog.jsonld","@type":"http://purl.org/sepses/vocab/log/wineventlog#WindowsEventLogEntry"}
{"objectServer":"Security","source":"Microsoft-Windows-Security-Auditing","objectName":"C:\\Users\\Virtual Windows 10\\Dropbox","keyword":["Audit Success"],"accessMask":"0x80","version":1,"timestamp":"2018-11-14T11:09:35.310Z","logName":"Security","upCode":"Info","@id":"http://example.org/logEntry#logEntry-bd7f5d67-1835-4468-a7ac-313c7bee2efe","resourceAttributes":"S:AI","handleID":"0x3f34","processID":"0xc60","level":"Information","logonID":"0x29ea7","accountDomain":"DESKTOP-MAC610T","originatesFrom":{"hostName":{"name":"DESKTOP-MAC610T"},"@type":"rdf:nodeID","@id":"http://example.org/sepses#9e0bde6c-53d0-466f-a189-eac69623b50b"},"computerName":"DESKTOP-MAC610T","@timestamp":"2018-11-14T11:09:35.310Z","processName":"C:\\Windows\\explorer.exe","objectType":"File","hasLogType":"wineventlog","eventID":4663,"logMessage":"An attempt was made to access an object.\n\nSubject:\n\tSecurity ID:\t\tS-1-5-21-2889181789-4222170037-1347726928-1001\n\tAccount Name:\t\tVirtual Windows 10\n\tAccount Domain:\t\tDESKTOP-MAC610T\n\tLogon ID:\t\t0x29EA7\n\nObject:\n\tObject Server:\t\tSecurity\n\tObject Type:\t\tFile\n\tObject Name:\t\tC:\\Users\\Virtual Windows 10\\Dropbox\n\tHandle ID:\t\t0x3f34\n\tResource Attributes:\tS:AI\n\nProcess Information:\n\tProcess ID:\t\t0xc60\n\tProcess Name:\t\tC:\\Windows\\explorer.exe\n\nAccess Request Information:\n\tAccesses:\t\tReadAttributes\n\t\t\t\t\n\tAccess Mask:\t\t0x80","accesses":"%%4423\n\t\t\t\t","taskCategory":"File System","accountName":"Virtual Windows 10","@context":"http://sepses.ifs.tuwien.ac.at/contexts/wineventlog.jsonld","@type":"http://purl.org/sepses/vocab/log/wineventlog#WindowsEventLogEntry"}
{"objectServer":"Security","source":"Microsoft-Windows-Security-Auditing","objectName":"C:\\Users\\Virtual Windows 10\\Dropbox","keyword":["Audit Success"],"accessMask":"0x80","version":1,"timestamp":"2018-11-14T11:09:35.312Z","logName":"Security","upCode":"Info","@id":"http://example.org/logEntry#logEntry-2e919592-7186-4e6b-8de1-ada715f47a26","resourceAttributes":"S:AI","handleID":"0x3f34","processID":"0xc60","level":"Information","logonID":"0x29ea7","accountDomain":"DESKTOP-MAC610T","originatesFrom":{"hostName":{"name":"DESKTOP-MAC610T"},"@type":"rdf:nodeID","@id":"http://example.org/sepses#ff544bb8-56ba-43c8-b762-c600ab4119aa"},"computerName":"DESKTOP-MAC610T","@timestamp":"2018-11-14T11:09:35.312Z","processName":"C:\\Windows\\explorer.exe","objectType":"File","hasLogType":"wineventlog","eventID":4663,"logMessage":"An attempt was made to access an object.\n\nSubject:\n\tSecurity ID:\t\tS-1-5-21-2889181789-4222170037-1347726928-1001\n\tAccount Name:\t\tVirtual Windows 10\n\tAccount Domain:\t\tDESKTOP-MAC610T\n\tLogon ID:\t\t0x29EA7\n\nObject:\n\tObject Server:\t\tSecurity\n\tObject Type:\t\tFile\n\tObject Name:\t\tC:\\Users\\Virtual Windows 10\\Dropbox\n\tHandle ID:\t\t0x3f34\n\tResource Attributes:\tS:AI\n\nProcess Information:\n\tProcess ID:\t\t0xc60\n\tProcess Name:\t\tC:\\Windows\\explorer.exe\n\nAccess Request Information:\n\tAccesses:\t\tReadAttributes\n\t\t\t\t\n\tAccess Mask:\t\t0x80","accesses":"%%4423\n\t\t\t\t","taskCategory":"File System","accountName":"Virtual Windows 10","@context":"http://sepses.ifs.tuwien.ac.at/contexts/wineventlog.jsonld","@type":"http://purl.org/sepses/vocab/log/wineventlog#WindowsEventLogEntry"}
{"objectServer":"Security","source":"Microsoft-Windows-Security-Auditing","objectName":"C:\\Users\\Virtual Windows 10\\Dropbox","keyword":["Audit Success"],"accessMask":"0x80","version":1,"timestamp":"2018-11-14T11:09:35.456Z","logName":"Security","upCode":"Info","@id":"http://example.org/logEntry#logEntry-84c86407-e8ae-448c-9c1c-1be7b572960b","resourceAttributes":"S:AI","handleID":"0x26e8","processID":"0xc60","level":"Information","logonID":"0x29ea7","accountDomain":"DESKTOP-MAC610T","originatesFrom":{"hostName":{"name":"DESKTOP-MAC610T"},"@type":"rdf:nodeID","@id":"http://example.org/sepses#11451d66-a3bb-4ab3-a50c-5da7ec291c72"},"computerName":"DESKTOP-MAC610T","@timestamp":"2018-11-14T11:09:35.456Z","processName":"C:\\Windows\\explorer.exe","objectType":"File","hasLogType":"wineventlog","eventID":4663,"logMessage":"An attempt was made to access an object.\n\nSubject:\n\tSecurity ID:\t\tS-1-5-21-2889181789-4222170037-1347726928-1001\n\tAccount Name:\t\tVirtual Windows 10\n\tAccount Domain:\t\tDESKTOP-MAC610T\n\tLogon ID:\t\t0x29EA7\n\nObject:\n\tObject Server:\t\tSecurity\n\tObject Type:\t\tFile\n\tObject Name:\t\tC:\\Users\\Virtual Windows 10\\Dropbox\n\tHandle ID:\t\t0x26e8\n\tResource Attributes:\tS:AI\n\nProcess Information:\n\tProcess ID:\t\t0xc60\n\tProcess Name:\t\tC:\\Windows\\explorer.exe\n\nAccess Request Information:\n\tAccesses:\t\tReadAttributes\n\t\t\t\t\n\tAccess Mask:\t\t0x80","accesses":"%%4423\n\t\t\t\t","taskCategory":"File System","accountName":"Virtual Windows 10","@context":"http://sepses.ifs.tuwien.ac.at/contexts/wineventlog.jsonld","@type":"http://purl.org/sepses/vocab/log/wineventlog#WindowsEventLogEntry"}
{"objectServer":"Security","source":"Microsoft-Windows-Security-Auditing","objectName":"C:\\Users\\Virtual Windows 10\\Dropbox","keyword":["Audit Success"],"accessMask":"0x80","version":1,"timestamp":"2018-11-14T11:09:35.457Z","logName":"Security","upCode":"Info","@id":"http://example.org/logEntry#logEntry-f49dd0d2-2ce6-462a-a816-12006d615478","resourceAttributes":"S:AI","handleID":"0x26e8","processID":"0xc60","level":"Information","logonID":"0x29ea7","accountDomain":"DESKTOP-MAC610T","originatesFrom":{"hostName":{"name":"DESKTOP-MAC610T"},"@type":"rdf:nodeID","@id":"http://example.org/sepses#836a4db2-eba4-4d91-962b-9b1eb3c17a2f"},"computerName":"DESKTOP-MAC610T","@timestamp":"2018-11-14T11:09:35.457Z","processName":"C:\\Windows\\explorer.exe","objectType":"File","hasLogType":"wineventlog","eventID":4663,"logMessage":"An attempt was made to access an object.\n\nSubject:\n\tSecurity ID:\t\tS-1-5-21-2889181789-4222170037-1347726928-1001\n\tAccount Name:\t\tVirtual Windows 10\n\tAccount Domain:\t\tDESKTOP-MAC610T\n\tLogon ID:\t\t0x29EA7\n\nObject:\n\tObject Server:\t\tSecurity\n\tObject Type:\t\tFile\n\tObject Name:\t\tC:\\Users\\Virtual Windows 10\\Dropbox\n\tHandle ID:\t\t0x26e8\n\tResource Attributes:\tS:AI\n\nProcess Information:\n\tProcess ID:\t\t0xc60\n\tProcess Name:\t\tC:\\Windows\\explorer.exe\n\nAccess Request Information:\n\tAccesses:\t\tReadAttributes\n\t\t\t\t\n\tAccess Mask:\t\t0x80","accesses":"%%4423\n\t\t\t\t","taskCategory":"File System","accountName":"Virtual Windows 10","@context":"http://sepses.ifs.tuwien.ac.at/contexts/wineventlog.jsonld","@type":"http://purl.org/sepses/vocab/log/wineventlog#WindowsEventLogEntry"}
{"objectServer":"Security","source":"Microsoft-Windows-Security-Auditing","objectName":"C:\\Users\\Virtual Windows 10\\UserDocuments","keyword":["Audit Success"],"accessMask":"0x80","version":1,"timestamp":"2018-11-14T11:09:35.531Z","logName":"Security","upCode":"Info","@id":"http://example.org/logEntry#logEntry-2b23f815-860a-4301-a437-de3fd2421f14","resourceAttributes":"S:AI","handleID":"0x3f34","processID":"0xc60","level":"Information","logonID":"0x29ea7","accountDomain":"DESKTOP-MAC610T","originatesFrom":{"hostName":{"name":"DESKTOP-MAC610T"},"@type":"rdf:nodeID","@id":"http://example.org/sepses#8802afa2-d196-4c80-9144-d7940b2a4dd0"},"computerName":"DESKTOP-MAC610T","@timestamp":"2018-11-14T11:09:35.531Z","processName":"C:\\Windows\\explorer.exe","objectType":"File","hasLogType":"wineventlog","eventID":4663,"logMessage":"An attempt was made to access an object.\n\nSubject:\n\tSecurity ID:\t\tS-1-5-21-2889181789-4222170037-1347726928-1001\n\tAccount Name:\t\tVirtual Windows 10\n\tAccount Domain:\t\tDESKTOP-MAC610T\n\tLogon ID:\t\t0x29EA7\n\nObject:\n\tObject Server:\t\tSecurity\n\tObject Type:\t\tFile\n\tObject Name:\t\tC:\\Users\\Virtual Windows 10\\UserDocuments\n\tHandle ID:\t\t0x3f34\n\tResource Attributes:\tS:AI\n\nProcess Information:\n\tProcess ID:\t\t0xc60\n\tProcess Name:\t\tC:\\Windows\\explorer.exe\n\nAccess Request Information:\n\tAccesses:\t\tReadAttributes\n\t\t\t\t\n\tAccess Mask:\t\t0x80","accesses":"%%4423\n\t\t\t\t","taskCategory":"File System","accountName":"Virtual Windows 10","@context":"http://sepses.ifs.tuwien.ac.at/contexts/wineventlog.jsonld","@type":"http://purl.org/sepses/vocab/log/wineventlog#WindowsEventLogEntry"}
{"objectServer":"Security","source":"Microsoft-Windows-Security-Auditing","objectName":"C:\\Users\\Virtual Windows 10\\Dropbox","keyword":["Audit Success"],"accessMask":"0x80","version":1,"timestamp":"2018-11-14T11:09:35.538Z","logName":"Security","upCode":"Info","@id":"http://example.org/logEntry#logEntry-003c817f-de29-49f8-b2e9-cad4ebda57f0","resourceAttributes":"S:AI","handleID":"0x3ce4","processID":"0xc60","level":"Information","logonID":"0x29ea7","accountDomain":"DESKTOP-MAC610T","originatesFrom":{"hostName":{"name":"DESKTOP-MAC610T"},"@type":"rdf:nodeID","@id":"http://example.org/sepses#d99bda1e-8ed2-4672-8ffc-b57357a175f6"},"computerName":"DESKTOP-MAC610T","@timestamp":"2018-11-14T11:09:35.538Z","processName":"C:\\Windows\\explorer.exe","objectType":"File","hasLogType":"wineventlog","eventID":4663,"logMessage":"An attempt was made to access an object.\n\nSubject:\n\tSecurity ID:\t\tS-1-5-21-2889181789-4222170037-1347726928-1001\n\tAccount Name:\t\tVirtual Windows 10\n\tAccount Domain:\t\tDESKTOP-MAC610T\n\tLogon ID:\t\t0x29EA7\n\nObject:\n\tObject Server:\t\tSecurity\n\tObject Type:\t\tFile\n\tObject Name:\t\tC:\\Users\\Virtual Windows 10\\Dropbox\n\tHandle ID:\t\t0x3ce4\n\tResource Attributes:\tS:AI\n\nProcess Information:\n\tProcess ID:\t\t0xc60\n\tProcess Name:\t\tC:\\Windows\\explorer.exe\n\nAccess Request Information:\n\tAccesses:\t\tReadAttributes\n\t\t\t\t\n\tAccess Mask:\t\t0x80","accesses":"%%4423\n\t\t\t\t","taskCategory":"File System","accountName":"Virtual Windows 10","@context":"http://sepses.ifs.tuwien.ac.at/contexts/wineventlog.jsonld","@type":"http://purl.org/sepses/vocab/log/wineventlog#WindowsEventLogEntry"}
{"objectServer":"Security","source":"Microsoft-Windows-Security-Auditing","objectName":"C:\\Users\\Virtual Windows 10\\Dropbox","keyword":["Audit Success"],"accessMask":"0x80","version":1,"timestamp":"2018-11-14T11:09:36.079Z","logName":"Security","upCode":"Info","@id":"http://example.org/logEntry#logEntry-8f2affed-2064-4870-b0b5-dbd15ae1f392","resourceAttributes":"S:AI","handleID":"0x1334","processID":"0x153c","level":"Information","logonID":"0x29ea7","accountDomain":"DESKTOP-MAC610T","originatesFrom":{"hostName":{"name":"DESKTOP-MAC610T"},"@type":"rdf:nodeID","@id":"http://example.org/sepses#b86948d1-3962-4487-93a1-074630146853"},"computerName":"DESKTOP-MAC610T","@timestamp":"2018-11-14T11:09:36.079Z","processName":"C:\\Program Files (x86)\\Dropbox\\Client\\Dropbox.exe","objectType":"File","hasLogType":"wineventlog","eventID":4663,"logMessage":"An attempt was made to access an object.\n\nSubject:\n\tSecurity ID:\t\tS-1-5-21-2889181789-4222170037-1347726928-1001\n\tAccount Name:\t\tVirtual Windows 10\n\tAccount Domain:\t\tDESKTOP-MAC610T\n\tLogon ID:\t\t0x29EA7\n\nObject:\n\tObject Server:\t\tSecurity\n\tObject Type:\t\tFile\n\tObject Name:\t\tC:\\Users\\Virtual Windows 10\\Dropbox\n\tHandle ID:\t\t0x1334\n\tResource Attributes:\tS:AI\n\nProcess Information:\n\tProcess ID:\t\t0x153c\n\tProcess Name:\t\tC:\\Program Files (x86)\\Dropbox\\Client\\Dropbox.exe\n\nAccess Request Information:\n\tAccesses:\t\tReadAttributes\n\t\t\t\t\n\tAccess Mask:\t\t0x80","accesses":"%%4423\n\t\t\t\t","taskCategory":"File System","accountName":"Virtual Windows 10","@context":"http://sepses.ifs.tuwien.ac.at/contexts/wineventlog.jsonld","@type":"http://purl.org/sepses/vocab/log/wineventlog#WindowsEventLogEntry"}
{"objectServer":"Security","source":"Microsoft-Windows-Security-Auditing","objectName":"C:\\Users\\Virtual Windows 10\\Dropbox","keyword":["Audit Success"],"accessMask":"0x80","version":1,"timestamp":"2018-11-14T11:09:36.080Z","logName":"Security","upCode":"Info","@id":"http://example.org/logEntry#logEntry-895a8953-0f53-4927-b447-74fe9eaa351d","resourceAttributes":"S:AI","handleID":"0x1fec","processID":"0x153c","level":"Information","logonID":"0x29ea7","accountDomain":"DESKTOP-MAC610T","originatesFrom":{"hostName":{"name":"DESKTOP-MAC610T"},"@type":"rdf:nodeID","@id":"http://example.org/sepses#86ff8662-5695-4e84-9389-a3bdab725afc"},"computerName":"DESKTOP-MAC610T","@timestamp":"2018-11-14T11:09:36.080Z","processName":"C:\\Program Files (x86)\\Dropbox\\Client\\Dropbox.exe","objectType":"File","hasLogType":"wineventlog","eventID":4663,"logMessage":"An attempt was made to access an object.\n\nSubject:\n\tSecurity ID:\t\tS-1-5-21-2889181789-4222170037-1347726928-1001\n\tAccount Name:\t\tVirtual Windows 10\n\tAccount Domain:\t\tDESKTOP-MAC610T\n\tLogon ID:\t\t0x29EA7\n\nObject:\n\tObject Server:\t\tSecurity\n\tObject Type:\t\tFile\n\tObject Name:\t\tC:\\Users\\Virtual Windows 10\\Dropbox\n\tHandle ID:\t\t0x1fec\n\tResource Attributes:\tS:AI\n\nProcess Information:\n\tProcess ID:\t\t0x153c\n\tProcess Name:\t\tC:\\Program Files (x86)\\Dropbox\\Client\\Dropbox.exe\n\nAccess Request Information:\n\tAccesses:\t\tReadAttributes\n\t\t\t\t\n\tAccess Mask:\t\t0x80","accesses":"%%4423\n\t\t\t\t","taskCategory":"File System","accountName":"Virtual Windows 10","@context":"http://sepses.ifs.tuwien.ac.at/contexts/wineventlog.jsonld","@type":"http://purl.org/sepses/vocab/log/wineventlog#WindowsEventLogEntry"}
{"objectServer":"Security","source":"Microsoft-Windows-Security-Auditing","objectName":"C:\\Users\\Virtual Windows 10\\Dropbox","keyword":["Audit Success"],"accessMask":"0x80","version":1,"timestamp":"2018-11-14T11:09:36.081Z","logName":"Security","upCode":"Info","@id":"http://example.org/logEntry#logEntry-7be9368a-e55c-4538-aa47-69e9b9026324","resourceAttributes":"S:AI","handleID":"0x1fec","processID":"0x153c","level":"Information","logonID":"0x29ea7","accountDomain":"DESKTOP-MAC610T","originatesFrom":{"hostName":{"name":"DESKTOP-MAC610T"},"@type":"rdf:nodeID","@id":"http://example.org/sepses#f6c9fefd-8548-4892-aeaf-4415e6e327f9"},"computerName":"DESKTOP-MAC610T","@timestamp":"2018-11-14T11:09:36.081Z","processName":"C:\\Program Files (x86)\\Dropbox\\Client\\Dropbox.exe","objectType":"File","hasLogType":"wineventlog","eventID":4663,"logMessage":"An attempt was made to access an object.\n\nSubject:\n\tSecurity ID:\t\tS-1-5-21-2889181789-4222170037-1347726928-1001\n\tAccount Name:\t\tVirtual Windows 10\n\tAccount Domain:\t\tDESKTOP-MAC610T\n\tLogon ID:\t\t0x29EA7\n\nObject:\n\tObject Server:\t\tSecurity\n\tObject Type:\t\tFile\n\tObject Name:\t\tC:\\Users\\Virtual Windows 10\\Dropbox\n\tHandle ID:\t\t0x1fec\n\tResource Attributes:\tS:AI\n\nProcess Information:\n\tProcess ID:\t\t0x153c\n\tProcess Name:\t\tC:\\Program Files (x86)\\Dropbox\\Client\\Dropbox.exe\n\nAccess Request Information:\n\tAccesses:\t\tReadAttributes\n\t\t\t\t\n\tAccess Mask:\t\t0x80","accesses":"%%4423\n\t\t\t\t","taskCategory":"File System","accountName":"Virtual Windows 10","@context":"http://sepses.ifs.tuwien.ac.at/contexts/wineventlog.jsonld","@type":"http://purl.org/sepses/vocab/log/wineventlog#WindowsEventLogEntry"}
{"objectServer":"Security","source":"Microsoft-Windows-Security-Auditing","objectName":"C:\\Users\\Virtual Windows 10\\Dropbox","keyword":["Audit Success"],"accessMask":"0x80","version":1,"timestamp":"2018-11-14T11:09:36.081Z","logName":"Security","upCode":"Info","@id":"http://example.org/logEntry#logEntry-43af294c-1b11-4733-89e8-1b23b53ca32a","resourceAttributes":"S:AI","handleID":"0x1fec","processID":"0x153c","level":"Information","logonID":"0x29ea7","accountDomain":"DESKTOP-MAC610T","originatesFrom":{"hostName":{"name":"DESKTOP-MAC610T"},"@type":"rdf:nodeID","@id":"http://example.org/sepses#0338450a-a521-49ac-9c53-c52b48775946"},"computerName":"DESKTOP-MAC610T","@timestamp":"2018-11-14T11:09:36.081Z","processName":"C:\\Program Files (x86)\\Dropbox\\Client\\Dropbox.exe","objectType":"File","hasLogType":"wineventlog","eventID":4663,"logMessage":"An attempt was made to access an object.\n\nSubject:\n\tSecurity ID:\t\tS-1-5-21-2889181789-4222170037-1347726928-1001\n\tAccount Name:\t\tVirtual Windows 10\n\tAccount Domain:\t\tDESKTOP-MAC610T\n\tLogon ID:\t\t0x29EA7\n\nObject:\n\tObject Server:\t\tSecurity\n\tObject Type:\t\tFile\n\tObject Name:\t\tC:\\Users\\Virtual Windows 10\\Dropbox\n\tHandle ID:\t\t0x1fec\n\tResource Attributes:\tS:AI\n\nProcess Information:\n\tProcess ID:\t\t0x153c\n\tProcess Name:\t\tC:\\Program Files (x86)\\Dropbox\\Client\\Dropbox.exe\n\nAccess Request Information:\n\tAccesses:\t\tReadAttributes\n\t\t\t\t\n\tAccess Mask:\t\t0x80","accesses":"%%4423\n\t\t\t\t","taskCategory":"File System","accountName":"Virtual Windows 10","@context":"http://sepses.ifs.tuwien.ac.at/contexts/wineventlog.jsonld","@type":"http://purl.org/sepses/vocab/log/wineventlog#WindowsEventLogEntry"}
{"objectServer":"Security","source":"Microsoft-Windows-Security-Auditing","objectName":"C:\\Users\\Virtual Windows 10\\Dropbox","keyword":["Audit Success"],"accessMask":"0x80","version":1,"timestamp":"2018-11-14T11:09:36.081Z","logName":"Security","upCode":"Info","@id":"http://example.org/logEntry#logEntry-2fa2f888-5e5d-477d-9e55-b763cd4533bf","resourceAttributes":"S:AI","handleID":"0x1fec","processID":"0x153c","level":"Information","logonID":"0x29ea7","accountDomain":"DESKTOP-MAC610T","originatesFrom":{"hostName":{"name":"DESKTOP-MAC610T"},"@type":"rdf:nodeID","@id":"http://example.org/sepses#211b8b66-5196-4382-89a9-10674a54690a"},"computerName":"DESKTOP-MAC610T","@timestamp":"2018-11-14T11:09:36.081Z","processName":"C:\\Program Files (x86)\\Dropbox\\Client\\Dropbox.exe","objectType":"File","hasLogType":"wineventlog","eventID":4663,"logMessage":"An attempt was made to access an object.\n\nSubject:\n\tSecurity ID:\t\tS-1-5-21-2889181789-4222170037-1347726928-1001\n\tAccount Name:\t\tVirtual Windows 10\n\tAccount Domain:\t\tDESKTOP-MAC610T\n\tLogon ID:\t\t0x29EA7\n\nObject:\n\tObject Server:\t\tSecurity\n\tObject Type:\t\tFile\n\tObject Name:\t\tC:\\Users\\Virtual Windows 10\\Dropbox\n\tHandle ID:\t\t0x1fec\n\tResource Attributes:\tS:AI\n\nProcess Information:\n\tProcess ID:\t\t0x153c\n\tProcess Name:\t\tC:\\Program Files (x86)\\Dropbox\\Client\\Dropbox.exe\n\nAccess Request Information:\n\tAccesses:\t\tReadAttributes\n\t\t\t\t\n\tAccess Mask:\t\t0x80","accesses":"%%4423\n\t\t\t\t","taskCategory":"File System","accountName":"Virtual Windows 10","@context":"http://sepses.ifs.tuwien.ac.at/contexts/wineventlog.jsonld","@type":"http://purl.org/sepses/vocab/log/wineventlog#WindowsEventLogEntry"}
{"objectServer":"Security","source":"Microsoft-Windows-Security-Auditing","objectName":"C:\\Users\\Virtual Windows 10\\Dropbox","keyword":["Audit Success"],"accessMask":"0x80","version":1,"timestamp":"2018-11-14T11:09:36.081Z","logName":"Security","upCode":"Info","@id":"http://example.org/logEntry#logEntry-f6d459ca-32af-4733-a850-ff86e3956621","resourceAttributes":"S:AI","handleID":"0x1fec","processID":"0x153c","level":"Information","logonID":"0x29ea7","accountDomain":"DESKTOP-MAC610T","originatesFrom":{"hostName":{"name":"DESKTOP-MAC610T"},"@type":"rdf:nodeID","@id":"http://example.org/sepses#23382462-5c09-40e6-93b9-a18579b43b95"},"computerName":"DESKTOP-MAC610T","@timestamp":"2018-11-14T11:09:36.081Z","processName":"C:\\Program Files (x86)\\Dropbox\\Client\\Dropbox.exe","objectType":"File","hasLogType":"wineventlog","eventID":4663,"logMessage":"An attempt was made to access an object.\n\nSubject:\n\tSecurity ID:\t\tS-1-5-21-2889181789-4222170037-1347726928-1001\n\tAccount Name:\t\tVirtual Windows 10\n\tAccount Domain:\t\tDESKTOP-MAC610T\n\tLogon ID:\t\t0x29EA7\n\nObject:\n\tObject Server:\t\tSecurity\n\tObject Type:\t\tFile\n\tObject Name:\t\tC:\\Users\\Virtual Windows 10\\Dropbox\n\tHandle ID:\t\t0x1fec\n\tResource Attributes:\tS:AI\n\nProcess Information:\n\tProcess ID:\t\t0x153c\n\tProcess Name:\t\tC:\\Program Files (x86)\\Dropbox\\Client\\Dropbox.exe\n\nAccess Request Information:\n\tAccesses:\t\tReadAttributes\n\t\t\t\t\n\tAccess Mask:\t\t0x80","accesses":"%%4423\n\t\t\t\t","taskCategory":"File System","accountName":"Virtual Windows 10","@context":"http://sepses.ifs.tuwien.ac.at/contexts/wineventlog.jsonld","@type":"http://purl.org/sepses/vocab/log/wineventlog#WindowsEventLogEntry"}
{"objectServer":"Security","source":"Microsoft-Windows-Security-Auditing","objectName":"C:\\Users\\Virtual Windows 10\\Dropbox","keyword":["Audit Success"],"accessMask":"0x80","version":1,"timestamp":"2018-11-14T11:09:36.082Z","logName":"Security","upCode":"Info","@id":"http://example.org/logEntry#logEntry-3a9bd613-9748-421d-9ab0-9b4be3ebd322","resourceAttributes":"S:AI","handleID":"0x1fec","processID":"0x153c","level":"Information","logonID":"0x29ea7","accountDomain":"DESKTOP-MAC610T","originatesFrom":{"hostName":{"name":"DESKTOP-MAC610T"},"@type":"rdf:nodeID","@id":"http://example.org/sepses#004d4e4e-fe38-4a2a-877e-d8047f0c67af"},"computerName":"DESKTOP-MAC610T","@timestamp":"2018-11-14T11:09:36.082Z","processName":"C:\\Program Files (x86)\\Dropbox\\Client\\Dropbox.exe","objectType":"File","hasLogType":"wineventlog","eventID":4663,"logMessage":"An attempt was made to access an object.\n\nSubject:\n\tSecurity ID:\t\tS-1-5-21-2889181789-4222170037-1347726928-1001\n\tAccount Name:\t\tVirtual Windows 10\n\tAccount Domain:\t\tDESKTOP-MAC610T\n\tLogon ID:\t\t0x29EA7\n\nObject:\n\tObject Server:\t\tSecurity\n\tObject Type:\t\tFile\n\tObject Name:\t\tC:\\Users\\Virtual Windows 10\\Dropbox\n\tHandle ID:\t\t0x1fec\n\tResource Attributes:\tS:AI\n\nProcess Information:\n\tProcess ID:\t\t0x153c\n\tProcess Name:\t\tC:\\Program Files (x86)\\Dropbox\\Client\\Dropbox.exe\n\nAccess Request Information:\n\tAccesses:\t\tReadAttributes\n\t\t\t\t\n\tAccess Mask:\t\t0x80","accesses":"%%4423\n\t\t\t\t","taskCategory":"File System","accountName":"Virtual Windows 10","@context":"http://sepses.ifs.tuwien.ac.at/contexts/wineventlog.jsonld","@type":"http://purl.org/sepses/vocab/log/wineventlog#WindowsEventLogEntry"}
{"objectServer":"Security","source":"Microsoft-Windows-Security-Auditing","objectName":"C:\\Users\\Virtual Windows 10\\Dropbox","keyword":["Audit Success"],"accessMask":"0x80","version":1,"timestamp":"2018-11-14T11:09:36.082Z","logName":"Security","upCode":"Info","@id":"http://example.org/logEntry#logEntry-40807016-6577-46c3-bb85-fb69bf969aa0","resourceAttributes":"S:AI","handleID":"0x1fec","processID":"0x153c","level":"Information","logonID":"0x29ea7","accountDomain":"DESKTOP-MAC610T","originatesFrom":{"hostName":{"name":"DESKTOP-MAC610T"},"@type":"rdf:nodeID","@id":"http://example.org/sepses#8f0566f9-4666-42df-b420-5d400d4c78c8"},"computerName":"DESKTOP-MAC610T","@timestamp":"2018-11-14T11:09:36.082Z","processName":"C:\\Program Files (x86)\\Dropbox\\Client\\Dropbox.exe","objectType":"File","hasLogType":"wineventlog","eventID":4663,"logMessage":"An attempt was made to access an object.\n\nSubject:\n\tSecurity ID:\t\tS-1-5-21-2889181789-4222170037-1347726928-1001\n\tAccount Name:\t\tVirtual Windows 10\n\tAccount Domain:\t\tDESKTOP-MAC610T\n\tLogon ID:\t\t0x29EA7\n\nObject:\n\tObject Server:\t\tSecurity\n\tObject Type:\t\tFile\n\tObject Name:\t\tC:\\Users\\Virtual Windows 10\\Dropbox\n\tHandle ID:\t\t0x1fec\n\tResource Attributes:\tS:AI\n\nProcess Information:\n\tProcess ID:\t\t0x153c\n\tProcess Name:\t\tC:\\Program Files (x86)\\Dropbox\\Client\\Dropbox.exe\n\nAccess Request Information:\n\tAccesses:\t\tReadAttributes\n\t\t\t\t\n\tAccess Mask:\t\t0x80","accesses":"%%4423\n\t\t\t\t","taskCategory":"File System","accountName":"Virtual Windows 10","@context":"http://sepses.ifs.tuwien.ac.at/contexts/wineventlog.jsonld","@type":"http://purl.org/sepses/vocab/log/wineventlog#WindowsEventLogEntry"}
{"objectServer":"Security","source":"Microsoft-Windows-Security-Auditing","objectName":"C:\\Users\\Virtual Windows 10\\Dropbox","keyword":["Audit Success"],"accessMask":"0x80","version":1,"timestamp":"2018-11-14T11:09:36.082Z","logName":"Security","upCode":"Info","@id":"http://example.org/logEntry#logEntry-ec6037f1-7e34-4423-bae4-fd94355ae14a","resourceAttributes":"S:AI","handleID":"0x1fec","processID":"0x153c","level":"Information","logonID":"0x29ea7","accountDomain":"DESKTOP-MAC610T","originatesFrom":{"hostName":{"name":"DESKTOP-MAC610T"},"@type":"rdf:nodeID","@id":"http://example.org/sepses#7e7bef8d-1dcc-469e-878b-e9737d90ed04"},"computerName":"DESKTOP-MAC610T","@timestamp":"2018-11-14T11:09:36.082Z","processName":"C:\\Program Files (x86)\\Dropbox\\Client\\Dropbox.exe","objectType":"File","hasLogType":"wineventlog","eventID":4663,"logMessage":"An attempt was made to access an object.\n\nSubject:\n\tSecurity ID:\t\tS-1-5-21-2889181789-4222170037-1347726928-1001\n\tAccount Name:\t\tVirtual Windows 10\n\tAccount Domain:\t\tDESKTOP-MAC610T\n\tLogon ID:\t\t0x29EA7\n\nObject:\n\tObject Server:\t\tSecurity\n\tObject Type:\t\tFile\n\tObject Name:\t\tC:\\Users\\Virtual Windows 10\\Dropbox\n\tHandle ID:\t\t0x1fec\n\tResource Attributes:\tS:AI\n\nProcess Information:\n\tProcess ID:\t\t0x153c\n\tProcess Name:\t\tC:\\Program Files (x86)\\Dropbox\\Client\\Dropbox.exe\n\nAccess Request Information:\n\tAccesses:\t\tReadAttributes\n\t\t\t\t\n\tAccess Mask:\t\t0x80","accesses":"%%4423\n\t\t\t\t","taskCategory":"File System","accountName":"Virtual Windows 10","@context":"http://sepses.ifs.tuwien.ac.at/contexts/wineventlog.jsonld","@type":"http://purl.org/sepses/vocab/log/wineventlog#WindowsEventLogEntry"}
{"objectServer":"Security","source":"Microsoft-Windows-Security-Auditing","objectName":"C:\\Users\\Virtual Windows 10\\Dropbox","keyword":["Audit Success"],"accessMask":"0x80","version":1,"timestamp":"2018-11-14T11:09:36.083Z","logName":"Security","upCode":"Info","@id":"http://example.org/logEntry#logEntry-aed02338-64fb-4ebc-b20e-c6680c4101ef","resourceAttributes":"S:AI","handleID":"0x1fec","processID":"0x153c","level":"Information","logonID":"0x29ea7","accountDomain":"DESKTOP-MAC610T","originatesFrom":{"hostName":{"name":"DESKTOP-MAC610T"},"@type":"rdf:nodeID","@id":"http://example.org/sepses#7023514f-d462-4037-a0a4-8b0956d40605"},"computerName":"DESKTOP-MAC610T","@timestamp":"2018-11-14T11:09:36.083Z","processName":"C:\\Program Files (x86)\\Dropbox\\Client\\Dropbox.exe","objectType":"File","hasLogType":"wineventlog","eventID":4663,"logMessage":"An attempt was made to access an object.\n\nSubject:\n\tSecurity ID:\t\tS-1-5-21-2889181789-4222170037-1347726928-1001\n\tAccount Name:\t\tVirtual Windows 10\n\tAccount Domain:\t\tDESKTOP-MAC610T\n\tLogon ID:\t\t0x29EA7\n\nObject:\n\tObject Server:\t\tSecurity\n\tObject Type:\t\tFile\n\tObject Name:\t\tC:\\Users\\Virtual Windows 10\\Dropbox\n\tHandle ID:\t\t0x1fec\n\tResource Attributes:\tS:AI\n\nProcess Information:\n\tProcess ID:\t\t0x153c\n\tProcess Name:\t\tC:\\Program Files (x86)\\Dropbox\\Client\\Dropbox.exe\n\nAccess Request Information:\n\tAccesses:\t\tReadAttributes\n\t\t\t\t\n\tAccess Mask:\t\t0x80","accesses":"%%4423\n\t\t\t\t","taskCategory":"File System","accountName":"Virtual Windows 10","@context":"http://sepses.ifs.tuwien.ac.at/contexts/wineventlog.jsonld","@type":"http://purl.org/sepses/vocab/log/wineventlog#WindowsEventLogEntry"}
{"objectServer":"Security","source":"Microsoft-Windows-Security-Auditing","objectName":"C:\\Users\\Virtual Windows 10\\Dropbox","keyword":["Audit Success"],"accessMask":"0x80","version":1,"timestamp":"2018-11-14T11:09:36.083Z","logName":"Security","upCode":"Info","@id":"http://example.org/logEntry#logEntry-beb57a70-de4a-4699-bd16-9cc534b7eab0","resourceAttributes":"S:AI","handleID":"0x1fec","processID":"0x153c","level":"Information","logonID":"0x29ea7","accountDomain":"DESKTOP-MAC610T","originatesFrom":{"hostName":{"name":"DESKTOP-MAC610T"},"@type":"rdf:nodeID","@id":"http://example.org/sepses#996de06b-e320-4f16-b395-d64290ed92c4"},"computerName":"DESKTOP-MAC610T","@timestamp":"2018-11-14T11:09:36.083Z","processName":"C:\\Program Files (x86)\\Dropbox\\Client\\Dropbox.exe","objectType":"File","hasLogType":"wineventlog","eventID":4663,"logMessage":"An attempt was made to access an object.\n\nSubject:\n\tSecurity ID:\t\tS-1-5-21-2889181789-4222170037-1347726928-1001\n\tAccount Name:\t\tVirtual Windows 10\n\tAccount Domain:\t\tDESKTOP-MAC610T\n\tLogon ID:\t\t0x29EA7\n\nObject:\n\tObject Server:\t\tSecurity\n\tObject Type:\t\tFile\n\tObject Name:\t\tC:\\Users\\Virtual Windows 10\\Dropbox\n\tHandle ID:\t\t0x1fec\n\tResource Attributes:\tS:AI\n\nProcess Information:\n\tProcess ID:\t\t0x153c\n\tProcess Name:\t\tC:\\Program Files (x86)\\Dropbox\\Client\\Dropbox.exe\n\nAccess Request Information:\n\tAccesses:\t\tReadAttributes\n\t\t\t\t\n\tAccess Mask:\t\t0x80","accesses":"%%4423\n\t\t\t\t","taskCategory":"File System","accountName":"Virtual Windows 10","@context":"http://sepses.ifs.tuwien.ac.at/contexts/wineventlog.jsonld","@type":"http://purl.org/sepses/vocab/log/wineventlog#WindowsEventLogEntry"}
{"objectServer":"Security","source":"Microsoft-Windows-Security-Auditing","objectName":"C:\\Users\\Virtual Windows 10\\Dropbox","keyword":["Audit Success"],"accessMask":"0x80","version":1,"timestamp":"2018-11-14T11:09:36.083Z","logName":"Security","upCode":"Info","@id":"http://example.org/logEntry#logEntry-b54a0d66-874f-4945-8fc1-f61044baec3f","resourceAttributes":"S:AI","handleID":"0x1fec","processID":"0x153c","level":"Information","logonID":"0x29ea7","accountDomain":"DESKTOP-MAC610T","originatesFrom":{"hostName":{"name":"DESKTOP-MAC610T"},"@type":"rdf:nodeID","@id":"http://example.org/sepses#add9f5a3-c13b-4723-9bb1-98d6b4a80436"},"computerName":"DESKTOP-MAC610T","@timestamp":"2018-11-14T11:09:36.083Z","processName":"C:\\Program Files (x86)\\Dropbox\\Client\\Dropbox.exe","objectType":"File","hasLogType":"wineventlog","eventID":4663,"logMessage":"An attempt was made to access an object.\n\nSubject:\n\tSecurity ID:\t\tS-1-5-21-2889181789-4222170037-1347726928-1001\n\tAccount Name:\t\tVirtual Windows 10\n\tAccount Domain:\t\tDESKTOP-MAC610T\n\tLogon ID:\t\t0x29EA7\n\nObject:\n\tObject Server:\t\tSecurity\n\tObject Type:\t\tFile\n\tObject Name:\t\tC:\\Users\\Virtual Windows 10\\Dropbox\n\tHandle ID:\t\t0x1fec\n\tResource Attributes:\tS:AI\n\nProcess Information:\n\tProcess ID:\t\t0x153c\n\tProcess Name:\t\tC:\\Program Files (x86)\\Dropbox\\Client\\Dropbox.exe\n\nAccess Request Information:\n\tAccesses:\t\tReadAttributes\n\t\t\t\t\n\tAccess Mask:\t\t0x80","accesses":"%%4423\n\t\t\t\t","taskCategory":"File System","accountName":"Virtual Windows 10","@context":"http://sepses.ifs.tuwien.ac.at/contexts/wineventlog.jsonld","@type":"http://purl.org/sepses/vocab/log/wineventlog#WindowsEventLogEntry"}
{"objectServer":"Security","source":"Microsoft-Windows-Security-Auditing","objectName":"C:\\Users\\Virtual Windows 10\\Dropbox","keyword":["Audit Success"],"accessMask":"0x80","version":1,"timestamp":"2018-11-14T11:09:36.084Z","logName":"Security","upCode":"Info","@id":"http://example.org/logEntry#logEntry-c210ec9e-3429-493d-a92d-5f19347ee72f","resourceAttributes":"S:AI","handleID":"0x1fec","processID":"0x153c","level":"Information","logonID":"0x29ea7","accountDomain":"DESKTOP-MAC610T","originatesFrom":{"hostName":{"name":"DESKTOP-MAC610T"},"@type":"rdf:nodeID","@id":"http://example.org/sepses#11fff971-3093-4585-9a3a-3047c96acf81"},"computerName":"DESKTOP-MAC610T","@timestamp":"2018-11-14T11:09:36.084Z","processName":"C:\\Program Files (x86)\\Dropbox\\Client\\Dropbox.exe","objectType":"File","hasLogType":"wineventlog","eventID":4663,"logMessage":"An attempt was made to access an object.\n\nSubject:\n\tSecurity ID:\t\tS-1-5-21-2889181789-4222170037-1347726928-1001\n\tAccount Name:\t\tVirtual Windows 10\n\tAccount Domain:\t\tDESKTOP-MAC610T\n\tLogon ID:\t\t0x29EA7\n\nObject:\n\tObject Server:\t\tSecurity\n\tObject Type:\t\tFile\n\tObject Name:\t\tC:\\Users\\Virtual Windows 10\\Dropbox\n\tHandle ID:\t\t0x1fec\n\tResource Attributes:\tS:AI\n\nProcess Information:\n\tProcess ID:\t\t0x153c\n\tProcess Name:\t\tC:\\Program Files (x86)\\Dropbox\\Client\\Dropbox.exe\n\nAccess Request Information:\n\tAccesses:\t\tReadAttributes\n\t\t\t\t\n\tAccess Mask:\t\t0x80","accesses":"%%4423\n\t\t\t\t","taskCategory":"File System","accountName":"Virtual Windows 10","@context":"http://sepses.ifs.tuwien.ac.at/contexts/wineventlog.jsonld","@type":"http://purl.org/sepses/vocab/log/wineventlog#WindowsEventLogEntry"}
{"objectServer":"Security","source":"Microsoft-Windows-Security-Auditing","objectName":"C:\\Users\\Virtual Windows 10\\UserDocuments","keyword":["Audit Success"],"accessMask":"0x80","version":1,"timestamp":"2018-11-14T11:09:38.842Z","logName":"Security","upCode":"Info","@id":"http://example.org/logEntry#logEntry-eb46ac34-11da-4f26-a985-8393ce7e3326","resourceAttributes":"S:AI","handleID":"0x3e6c","processID":"0xc60","level":"Information","logonID":"0x29ea7","accountDomain":"DESKTOP-MAC610T","originatesFrom":{"hostName":{"name":"DESKTOP-MAC610T"},"@type":"rdf:nodeID","@id":"http://example.org/sepses#6970d175-aa27-4340-9aa5-86205d9de264"},"computerName":"DESKTOP-MAC610T","@timestamp":"2018-11-14T11:09:38.842Z","processName":"C:\\Windows\\explorer.exe","objectType":"File","hasLogType":"wineventlog","eventID":4663,"logMessage":"An attempt was made to access an object.\n\nSubject:\n\tSecurity ID:\t\tS-1-5-21-2889181789-4222170037-1347726928-1001\n\tAccount Name:\t\tVirtual Windows 10\n\tAccount Domain:\t\tDESKTOP-MAC610T\n\tLogon ID:\t\t0x29EA7\n\nObject:\n\tObject Server:\t\tSecurity\n\tObject Type:\t\tFile\n\tObject Name:\t\tC:\\Users\\Virtual Windows 10\\UserDocuments\n\tHandle ID:\t\t0x3e6c\n\tResource Attributes:\tS:AI\n\nProcess Information:\n\tProcess ID:\t\t0xc60\n\tProcess Name:\t\tC:\\Windows\\explorer.exe\n\nAccess Request Information:\n\tAccesses:\t\tReadAttributes\n\t\t\t\t\n\tAccess Mask:\t\t0x80","accesses":"%%4423\n\t\t\t\t","taskCategory":"File System","accountName":"Virtual Windows 10","@context":"http://sepses.ifs.tuwien.ac.at/contexts/wineventlog.jsonld","@type":"http://purl.org/sepses/vocab/log/wineventlog#WindowsEventLogEntry"}
