<http://example.org/logEntry#logEntry-7f6937c4-159c-4ab8-85d6-1f5f4dca8543>
        a                       <http://purl.org/sepses/vocab/log/wineventlog#WindowsEventLogEntry> ;
        scl:hasLogType          "wineventlog"^^rdfs:Literal ;
        scl:logMessage          "A handle to an object was requested.\n\nSubject:\n\tSecurity ID:\t\tS-1-5-21-2361021202-3253521353-2316283985-1001\n\tAccount Name:\t\tVirtualWindows8User\n\tAccount Domain:\t\tVirtualWindows8\n\tLogon ID:\t\t0xBD7C\n\nObject:\n\tObject Server:\t\tSecurity\n\tObject Type:\t\tFile\n\tObject Name:\t\tC:\\Users\\VirtualWindows8User\\UserDocuments\\test2 - Copy.txt\n\tHandle ID:\t\t0x1bc8\n\tResource Attributes:\t-\n\nProcess Information:\n\tProcess ID:\t\t0x3f8\n\tProcess Name:\t\tC:\\Windows\\explorer.exe\n\nAccess Request Information:\n\tTransaction ID:\t\t{00000000-0000-0000-0000-000000000000}\n\tAccesses:\t\tDELETE\n\t\t\t\tSYNCHRONIZE\n\t\t\t\tReadAttributes\n\t\t\t\t\n\tAccess Reasons:\t\tDELETE:\tGranted by\tD:(A;;FA;;;S-1-5-21-2361021202-3253521353-2316283985-1001)\n\t\t\t\tSYNCHRONIZE:\tGranted by\tD:(A;;FA;;;S-1-5-21-2361021202-3253521353-2316283985-1001)\n\t\t\t\tReadAttributes:\tGranted by\tD:(A;;FA;;;S-1-5-21-2361021202-3253521353-2316283985-1001)\n\t\t\t\t\n\tAccess Mask:\t\t0x110080\n\tPrivileges Used for Access Check:\t-\n\tRestricted SID Count:\t0"^^rdfs:Literal ;
        scl:originatesFrom      <http://example.org/sepses#596cd1cf-c568-4a0c-9a53-c47c39db9fc2> ;
        scl:timestamp           "2018-08-29T11:53:42.461Z"^^xsd:dateTime ;
        win:accessMask          "0x110080"^^rdfs:Literal ;
        win:accesses            "%%1537\n\t\t\t\t%%1541\n\t\t\t\t%%4423\n\t\t\t\t"^^rdfs:Literal ;
        win:accountDomain       "VirtualWindows8"^^rdfs:Literal ;
        win:eventID             "Information"^^rdfs:Literal , "4656"^^xsd:Int ;
        win:handleID            "0x1bc8"^^rdfs:Literal ;
        win:hasProtocol         "VirtualWindows8User"^^rdfs:Literal ;
        win:keyword             "Audit Success"^^rdfs:Literal ;
        win:logName             "Security"^^rdfs:Literal ;
        win:logonID             "0xbd7c"^^rdfs:Literal ;
        win:objectName          "C:\\Users\\VirtualWindows8User\\UserDocuments\\test2 - Copy.txt"^^rdfs:Literal ;
        win:objectServer        "Security"^^rdfs:Literal ;
        win:objectType          "File"^^rdfs:Literal ;
        win:processID           "0x3f8"^^rdfs:Literal ;
        win:processName         "C:\\Windows\\explorer.exe"^^rdfs:Literal ;
        win:resourceAttributes  "-"^^rdfs:Literal ;
        win:source              "Microsoft-Windows-Security-Auditing"^^rdfs:Literal ;
        win:taskCategory        "File System"^^rdfs:Literal ;
        win:upCode              "Info"^^rdfs:Literal .

<http://example.org/sepses#47faf722-ebb4-420f-9eec-77b00b94cc3c>
        a             rdf:nodeID ;
        scl:hostName  []  .

<http://example.org/sepses#b2793488-49f6-4da3-a2ec-1348ef801baa>
        a             rdf:nodeID ;
        scl:hostName  []  .

<http://example.org/logEntry#logEntry-e88767d3-1fbc-415f-827a-c771e66d9456>
        a                       <http://purl.org/sepses/vocab/log/wineventlog#WindowsEventLogEntry> ;
        scl:hasLogType          "wineventlog"^^rdfs:Literal ;
        scl:logMessage          "A handle to an object was requested.\n\nSubject:\n\tSecurity ID:\t\tS-1-5-21-2361021202-3253521353-2316283985-1001\n\tAccount Name:\t\tVirtualWindows8User\n\tAccount Domain:\t\tVirtualWindows8\n\tLogon ID:\t\t0xBD7C\n\nObject:\n\tObject Server:\t\tSecurity\n\tObject Type:\t\tFile\n\tObject Name:\t\tC:\\Users\\VirtualWindows8User\\Dropbox\n\tHandle ID:\t\t0x1d64\n\tResource Attributes:\t-\n\nProcess Information:\n\tProcess ID:\t\t0xe74\n\tProcess Name:\t\tC:\\Program Files (x86)\\Dropbox\\Client\\Dropbox.exe\n\nAccess Request Information:\n\tTransaction ID:\t\t{00000000-0000-0000-0000-000000000000}\n\tAccesses:\t\tREAD_CONTROL\n\t\t\t\tReadAttributes\n\t\t\t\t\n\tAccess Reasons:\t\tREAD_CONTROL:\tGranted by Ownership\n\t\t\t\tReadAttributes:\tGranted by\tD:(A;OICI;FA;;;S-1-5-21-2361021202-3253521353-2316283985-1001)\n\t\t\t\t\n\tAccess Mask:\t\t0x20080\n\tPrivileges Used for Access Check:\t-\n\tRestricted SID Count:\t0"^^rdfs:Literal ;
        scl:originatesFrom      <http://example.org/sepses#3ee27b76-bab4-41f8-a1a4-9c09cf7a8f76> ;
        scl:timestamp           "2018-08-29T11:51:36.868Z"^^xsd:dateTime ;
        win:accessMask          "0x20080"^^rdfs:Literal ;
        win:accesses            "%%1538\n\t\t\t\t%%4423\n\t\t\t\t"^^rdfs:Literal ;
        win:accountDomain       "VirtualWindows8"^^rdfs:Literal ;
        win:eventID             "4656"^^xsd:Int , "Information"^^rdfs:Literal ;
        win:handleID            "0x1d64"^^rdfs:Literal ;
        win:hasProtocol         "VirtualWindows8User"^^rdfs:Literal ;
        win:keyword             "Audit Success"^^rdfs:Literal ;
        win:logName             "Security"^^rdfs:Literal ;
        win:logonID             "0xbd7c"^^rdfs:Literal ;
        win:objectName          "C:\\Users\\VirtualWindows8User\\Dropbox"^^rdfs:Literal ;
        win:objectServer        "Security"^^rdfs:Literal ;
        win:objectType          "File"^^rdfs:Literal ;
        win:processID           "0xe74"^^rdfs:Literal ;
        win:processName         "C:\\Program Files (x86)\\Dropbox\\Client\\Dropbox.exe"^^rdfs:Literal ;
        win:resourceAttributes  "-"^^rdfs:Literal ;
        win:source              "Microsoft-Windows-Security-Auditing"^^rdfs:Literal ;
        win:taskCategory        "File System"^^rdfs:Literal ;
        win:upCode              "Info"^^rdfs:Literal .

<http://example.org/sepses#e301941a-f16b-4acc-8050-3b0c1eef8792>
        a             rdf:nodeID ;
        scl:hostName  []  .

<http://example.org/sepses#8fade7f5-a63f-4796-b7a6-eec8eb33bb78>
        a             rdf:nodeID ;
        scl:hostName  []  .

<http://example.org/logEntry#logEntry-9a56885e-73bd-48a1-b01a-b578eea03c7c>
        a                       <http://purl.org/sepses/vocab/log/wineventlog#WindowsEventLogEntry> ;
        scl:hasLogType          "wineventlog"^^rdfs:Literal ;
        scl:logMessage          "A handle to an object was requested.\n\nSubject:\n\tSecurity ID:\t\tS-1-5-21-2361021202-3253521353-2316283985-1001\n\tAccount Name:\t\tVirtualWindows8User\n\tAccount Domain:\t\tVirtualWindows8\n\tLogon ID:\t\t0xBD7C\n\nObject:\n\tObject Server:\t\tSecurity\n\tObject Type:\t\tFile\n\tObject Name:\t\tC:\\Users\\VirtualWindows8User\\UserDocuments\n\tHandle ID:\t\t0x22b4\n\tResource Attributes:\t-\n\nProcess Information:\n\tProcess ID:\t\t0x3f8\n\tProcess Name:\t\tC:\\Windows\\explorer.exe\n\nAccess Request Information:\n\tTransaction ID:\t\t{00000000-0000-0000-0000-000000000000}\n\tAccesses:\t\tSYNCHRONIZE\n\t\t\t\tReadData (or ListDirectory)\n\t\t\t\tReadAttributes\n\t\t\t\t\n\tAccess Reasons:\t\tSYNCHRONIZE:\tGranted by\tD:(A;OICI;FA;;;S-1-5-21-2361021202-3253521353-2316283985-1001)\n\t\t\t\tReadData (or ListDirectory):\tGranted by\tD:(A;OICI;FA;;;S-1-5-21-2361021202-3253521353-2316283985-1001)\n\t\t\t\tReadAttributes:\tGranted by\tD:(A;OICI;FA;;;S-1-5-21-2361021202-3253521353-2316283985-1001)\n\t\t\t\t\n\tAccess Mask:\t\t0x100081\n\tPrivileges Used for Access Check:\t-\n\tRestricted SID Count:\t0"^^rdfs:Literal ;
        scl:originatesFrom      <http://example.org/sepses#a967b9e7-d338-49bf-8d57-907de6d4a402> ;
        scl:timestamp           "2018-08-29T11:50:45.737Z"^^xsd:dateTime ;
        win:accessMask          "0x100081"^^rdfs:Literal ;
        win:accesses            "%%1541\n\t\t\t\t%%4416\n\t\t\t\t%%4423\n\t\t\t\t"^^rdfs:Literal ;
        win:accountDomain       "VirtualWindows8"^^rdfs:Literal ;
        win:eventID             "Information"^^rdfs:Literal , "4656"^^xsd:Int ;
        win:handleID            "0x22b4"^^rdfs:Literal ;
        win:hasProtocol         "VirtualWindows8User"^^rdfs:Literal ;
        win:keyword             "Audit Success"^^rdfs:Literal ;
        win:logName             "Security"^^rdfs:Literal ;
        win:logonID             "0xbd7c"^^rdfs:Literal ;
        win:objectName          "C:\\Users\\VirtualWindows8User\\UserDocuments"^^rdfs:Literal ;
        win:objectServer        "Security"^^rdfs:Literal ;
        win:objectType          "File"^^rdfs:Literal ;
        win:processID           "0x3f8"^^rdfs:Literal ;
        win:processName         "C:\\Windows\\explorer.exe"^^rdfs:Literal ;
        win:resourceAttributes  "-"^^rdfs:Literal ;
        win:source              "Microsoft-Windows-Security-Auditing"^^rdfs:Literal ;
        win:taskCategory        "File System"^^rdfs:Literal ;
        win:upCode              "Info"^^rdfs:Literal .

<http://example.org/sepses#1df8e9b6-8ba2-4839-943e-bad6a7594158>
        a             rdf:nodeID ;
        scl:hostName  []  .

<http://example.org/logEntry#logEntry-b224c350-ba5a-4a92-a4f6-915b177a9ad9>
        a                       <http://purl.org/sepses/vocab/log/wineventlog#WindowsEventLogEntry> ;
        scl:hasLogType          "wineventlog"^^rdfs:Literal ;
        scl:logMessage          "A handle to an object was requested.\n\nSubject:\n\tSecurity ID:\t\tS-1-5-21-2361021202-3253521353-2316283985-1001\n\tAccount Name:\t\tVirtualWindows8User\n\tAccount Domain:\t\tVirtualWindows8\n\tLogon ID:\t\t0xBD7C\n\nObject:\n\tObject Server:\t\tSecurity\n\tObject Type:\t\tFile\n\tObject Name:\t\tC:\\Users\\VirtualWindows8User\\Dropbox\n\tHandle ID:\t\t0x217c\n\tResource Attributes:\t-\n\nProcess Information:\n\tProcess ID:\t\t0x3f8\n\tProcess Name:\t\tC:\\Windows\\explorer.exe\n\nAccess Request Information:\n\tTransaction ID:\t\t{00000000-0000-0000-0000-000000000000}\n\tAccesses:\t\tSYNCHRONIZE\n\t\t\t\tReadAttributes\n\t\t\t\t\n\tAccess Reasons:\t\tSYNCHRONIZE:\tGranted by\tD:(A;OICI;FA;;;S-1-5-21-2361021202-3253521353-2316283985-1001)\n\t\t\t\tReadAttributes:\tGranted by\tD:(A;OICI;FA;;;S-1-5-21-2361021202-3253521353-2316283985-1001)\n\t\t\t\t\n\tAccess Mask:\t\t0x100080\n\tPrivileges Used for Access Check:\t-\n\tRestricted SID Count:\t0"^^rdfs:Literal ;
        scl:originatesFrom      <http://example.org/sepses#8f0ef8e0-c74e-4878-8112-d71d7cce600b> ;
        scl:timestamp           "2018-08-29T11:52:19.566Z"^^xsd:dateTime ;
        win:accessMask          "0x100080"^^rdfs:Literal ;
        win:accesses            "%%1541\n\t\t\t\t%%4423\n\t\t\t\t"^^rdfs:Literal ;
        win:accountDomain       "VirtualWindows8"^^rdfs:Literal ;
        win:eventID             "Information"^^rdfs:Literal , "4656"^^xsd:Int ;
        win:handleID            "0x217c"^^rdfs:Literal ;
        win:hasProtocol         "VirtualWindows8User"^^rdfs:Literal ;
        win:keyword             "Audit Success"^^rdfs:Literal ;
        win:logName             "Security"^^rdfs:Literal ;
        win:logonID             "0xbd7c"^^rdfs:Literal ;
        win:objectName          "C:\\Users\\VirtualWindows8User\\Dropbox"^^rdfs:Literal ;
        win:objectServer        "Security"^^rdfs:Literal ;
        win:objectType          "File"^^rdfs:Literal ;
        win:processID           "0x3f8"^^rdfs:Literal ;
        win:processName         "C:\\Windows\\explorer.exe"^^rdfs:Literal ;
        win:resourceAttributes  "-"^^rdfs:Literal ;
        win:source              "Microsoft-Windows-Security-Auditing"^^rdfs:Literal ;
        win:taskCategory        "File System"^^rdfs:Literal ;
        win:upCode              "Info"^^rdfs:Literal .

<http://example.org/sepses#002c6253-f59a-4115-86cc-e58d4ac6fe76>
        a             rdf:nodeID ;
        scl:hostName  []  .

<http://example.org/logEntry#logEntry-a6daf23d-d07f-4d3c-a9cd-71c0377be991>
        a                       <http://purl.org/sepses/vocab/log/wineventlog#WindowsEventLogEntry> ;
        scl:hasLogType          "wineventlog"^^rdfs:Literal ;
        scl:logMessage          "A handle to an object was requested.\n\nSubject:\n\tSecurity ID:\t\tS-1-5-21-2361021202-3253521353-2316283985-1001\n\tAccount Name:\t\tVirtualWindows8User\n\tAccount Domain:\t\tVirtualWindows8\n\tLogon ID:\t\t0xBD7C\n\nObject:\n\tObject Server:\t\tSecurity\n\tObject Type:\t\tFile\n\tObject Name:\t\tC:\\Users\\VirtualWindows8User\\Dropbox\\test1.txt\n\tHandle ID:\t\t0x1cd0\n\tResource Attributes:\t-\n\nProcess Information:\n\tProcess ID:\t\t0xe74\n\tProcess Name:\t\tC:\\Program Files (x86)\\Dropbox\\Client\\Dropbox.exe\n\nAccess Request Information:\n\tTransaction ID:\t\t{00000000-0000-0000-0000-000000000000}\n\tAccesses:\t\tSYNCHRONIZE\n\t\t\t\tReadAttributes\n\t\t\t\t\n\tAccess Reasons:\t\tSYNCHRONIZE:\tGranted by\tD:(A;;FA;;;S-1-5-21-2361021202-3253521353-2316283985-1001)\n\t\t\t\tReadAttributes:\tGranted by\tD:(A;;FA;;;S-1-5-21-2361021202-3253521353-2316283985-1001)\n\t\t\t\t\n\tAccess Mask:\t\t0x100080\n\tPrivileges Used for Access Check:\t-\n\tRestricted SID Count:\t0"^^rdfs:Literal ;
        scl:originatesFrom      <http://example.org/sepses#19b93223-44a3-4488-9063-3a3340735453> ;
        scl:timestamp           "2018-08-29T11:52:04.116Z"^^xsd:dateTime ;
        win:accessMask          "0x100080"^^rdfs:Literal ;
        win:accesses            "%%1541\n\t\t\t\t%%4423\n\t\t\t\t"^^rdfs:Literal ;
        win:accountDomain       "VirtualWindows8"^^rdfs:Literal ;
        win:eventID             "4656"^^xsd:Int , "Information"^^rdfs:Literal ;
        win:handleID            "0x1cd0"^^rdfs:Literal ;
        win:hasProtocol         "VirtualWindows8User"^^rdfs:Literal ;
        win:keyword             "Audit Success"^^rdfs:Literal ;
        win:logName             "Security"^^rdfs:Literal ;
        win:logonID             "0xbd7c"^^rdfs:Literal ;
        win:objectName          "C:\\Users\\VirtualWindows8User\\Dropbox\\test1.txt"^^rdfs:Literal ;
        win:objectServer        "Security"^^rdfs:Literal ;
        win:objectType          "File"^^rdfs:Literal ;
        win:processID           "0xe74"^^rdfs:Literal ;
        win:processName         "C:\\Program Files (x86)\\Dropbox\\Client\\Dropbox.exe"^^rdfs:Literal ;
        win:resourceAttributes  "-"^^rdfs:Literal ;
        win:source              "Microsoft-Windows-Security-Auditing"^^rdfs:Literal ;
        win:taskCategory        "File System"^^rdfs:Literal ;
        win:upCode              "Info"^^rdfs:Literal .

<http://example.org/logEntry#logEntry-8706ea8f-0025-4066-896a-c5cf7dca2f0c>
        a                       <http://purl.org/sepses/vocab/log/wineventlog#WindowsEventLogEntry> ;
        scl:hasLogType          "wineventlog"^^rdfs:Literal ;
        scl:logMessage          "A handle to an object was requested.\n\nSubject:\n\tSecurity ID:\t\tS-1-5-21-2361021202-3253521353-2316283985-1001\n\tAccount Name:\t\tVirtualWindows8User\n\tAccount Domain:\t\tVirtualWindows8\n\tLogon ID:\t\t0xBD7C\n\nObject:\n\tObject Server:\t\tSecurity\n\tObject Type:\t\tFile\n\tObject Name:\t\tC:\\Users\\VirtualWindows8User\\UserDocuments\n\tHandle ID:\t\t0x1b30\n\tResource Attributes:\t-\n\nProcess Information:\n\tProcess ID:\t\t0x3f8\n\tProcess Name:\t\tC:\\Windows\\explorer.exe\n\nAccess Request Information:\n\tTransaction ID:\t\t{00000000-0000-0000-0000-000000000000}\n\tAccesses:\t\tSYNCHRONIZE\n\t\t\t\tReadData (or ListDirectory)\n\t\t\t\tReadAttributes\n\t\t\t\t\n\tAccess Reasons:\t\tSYNCHRONIZE:\tGranted by\tD:(A;OICI;FA;;;S-1-5-21-2361021202-3253521353-2316283985-1001)\n\t\t\t\tReadData (or ListDirectory):\tGranted by\tD:(A;OICI;FA;;;S-1-5-21-2361021202-3253521353-2316283985-1001)\n\t\t\t\tReadAttributes:\tGranted by\tD:(A;OICI;FA;;;S-1-5-21-2361021202-3253521353-2316283985-1001)\n\t\t\t\t\n\tAccess Mask:\t\t0x100081\n\tPrivileges Used for Access Check:\t-\n\tRestricted SID Count:\t0"^^rdfs:Literal ;
        scl:originatesFrom      <http://example.org/sepses#7b8f6545-2692-438b-9cf9-dedf960b50e0> ;
        scl:timestamp           "2018-08-29T11:50:28.081Z"^^xsd:dateTime ;
        win:accessMask          "0x100081"^^rdfs:Literal ;
        win:accesses            "%%1541\n\t\t\t\t%%4416\n\t\t\t\t%%4423\n\t\t\t\t"^^rdfs:Literal ;
        win:accountDomain       "VirtualWindows8"^^rdfs:Literal ;
        win:eventID             "Information"^^rdfs:Literal , "4656"^^xsd:Int ;
        win:handleID            "0x1b30"^^rdfs:Literal ;
        win:hasProtocol         "VirtualWindows8User"^^rdfs:Literal ;
        win:keyword             "Audit Success"^^rdfs:Literal ;
        win:logName             "Security"^^rdfs:Literal ;
        win:logonID             "0xbd7c"^^rdfs:Literal ;
        win:objectName          "C:\\Users\\VirtualWindows8User\\UserDocuments"^^rdfs:Literal ;
        win:objectServer        "Security"^^rdfs:Literal ;
        win:objectType          "File"^^rdfs:Literal ;
        win:processID           "0x3f8"^^rdfs:Literal ;
        win:processName         "C:\\Windows\\explorer.exe"^^rdfs:Literal ;
        win:resourceAttributes  "-"^^rdfs:Literal ;
        win:source              "Microsoft-Windows-Security-Auditing"^^rdfs:Literal ;
        win:taskCategory        "File System"^^rdfs:Literal ;
        win:upCode              "Info"^^rdfs:Literal .

<http://example.org/logEntry#logEntry-26a90213-42f9-498c-a091-35accc23d977>
        a                       <http://purl.org/sepses/vocab/log/wineventlog#WindowsEventLogEntry> ;
        scl:hasLogType          "wineventlog"^^rdfs:Literal ;
        scl:logMessage          "An attempt was made to access an object.\n\nSubject:\n\tSecurity ID:\t\tS-1-5-21-2361021202-3253521353-2316283985-1001\n\tAccount Name:\t\tVirtualWindows8User\n\tAccount Domain:\t\tVirtualWindows8\n\tLogon ID:\t\t0xBD7C\n\nObject:\n\tObject Server:\t\tSecurity\n\tObject Type:\t\tFile\n\tObject Name:\t\tC:\\Users\\VirtualWindows8User\\Dropbox\n\tHandle ID:\t\t0x1db0\n\tResource Attributes:\tS:AI\n\nProcess Information:\n\tProcess ID:\t\t0xe74\n\tProcess Name:\t\tC:\\Program Files (x86)\\Dropbox\\Client\\Dropbox.exe\n\nAccess Request Information:\n\tAccesses:\t\tReadAttributes\n\t\t\t\t\n\tAccess Mask:\t\t0x80"^^rdfs:Literal ;
        scl:originatesFrom      <http://example.org/sepses#eac3d096-183c-4881-b560-5f09e9182210> ;
        scl:timestamp           "2018-08-29T11:48:37.003Z"^^xsd:dateTime ;
        win:accessMask          "0x80"^^rdfs:Literal ;
        win:accesses            "%%4423\n\t\t\t\t"^^rdfs:Literal ;
        win:accountDomain       "VirtualWindows8"^^rdfs:Literal ;
        win:eventID             "Information"^^rdfs:Literal , "4663"^^xsd:Int ;
        win:handleID            "0x1db0"^^rdfs:Literal ;
        win:hasProtocol         "VirtualWindows8User"^^rdfs:Literal ;
        win:keyword             "Audit Success"^^rdfs:Literal ;
        win:logName             "Security"^^rdfs:Literal ;
        win:logonID             "0xbd7c"^^rdfs:Literal ;
        win:objectName          "C:\\Users\\VirtualWindows8User\\Dropbox"^^rdfs:Literal ;
        win:objectServer        "Security"^^rdfs:Literal ;
        win:objectType          "File"^^rdfs:Literal ;
        win:processID           "0xe74"^^rdfs:Literal ;
        win:processName         "C:\\Program Files (x86)\\Dropbox\\Client\\Dropbox.exe"^^rdfs:Literal ;
        win:resourceAttributes  "S:AI"^^rdfs:Literal ;
        win:source              "Microsoft-Windows-Security-Auditing"^^rdfs:Literal ;
        win:taskCategory        "File System"^^rdfs:Literal ;
        win:upCode              "Info"^^rdfs:Literal .

<http://example.org/logEntry#logEntry-057e9e60-e46d-461c-bb1a-96284c86a7be>
        a                       <http://purl.org/sepses/vocab/log/wineventlog#WindowsEventLogEntry> ;
        scl:hasLogType          "wineventlog"^^rdfs:Literal ;
        scl:logMessage          "A handle to an object was requested.\n\nSubject:\n\tSecurity ID:\t\tS-1-5-21-2361021202-3253521353-2316283985-1001\n\tAccount Name:\t\tVirtualWindows8User\n\tAccount Domain:\t\tVirtualWindows8\n\tLogon ID:\t\t0xBD7C\n\nObject:\n\tObject Server:\t\tSecurity\n\tObject Type:\t\tFile\n\tObject Name:\t\tC:\\Users\\VirtualWindows8User\\Dropbox\n\tHandle ID:\t\t0x1da0\n\tResource Attributes:\t-\n\nProcess Information:\n\tProcess ID:\t\t0xe74\n\tProcess Name:\t\tC:\\Program Files (x86)\\Dropbox\\Client\\Dropbox.exe\n\nAccess Request Information:\n\tTransaction ID:\t\t{00000000-0000-0000-0000-000000000000}\n\tAccesses:\t\tREAD_CONTROL\n\t\t\t\tReadAttributes\n\t\t\t\t\n\tAccess Reasons:\t\tREAD_CONTROL:\tGranted by Ownership\n\t\t\t\tReadAttributes:\tGranted by\tD:(A;OICI;FA;;;S-1-5-21-2361021202-3253521353-2316283985-1001)\n\t\t\t\t\n\tAccess Mask:\t\t0x20080\n\tPrivileges Used for Access Check:\t-\n\tRestricted SID Count:\t0"^^rdfs:Literal ;
        scl:originatesFrom      <http://example.org/sepses#2a0e370d-ffda-456d-88b8-1407918d0c4d> ;
        scl:timestamp           "2018-08-29T11:52:04.124Z"^^xsd:dateTime ;
        win:accessMask          "0x20080"^^rdfs:Literal ;
        win:accesses            "%%1538\n\t\t\t\t%%4423\n\t\t\t\t"^^rdfs:Literal ;
        win:accountDomain       "VirtualWindows8"^^rdfs:Literal ;
        win:eventID             "Information"^^rdfs:Literal , "4656"^^xsd:Int ;
        win:handleID            "0x1da0"^^rdfs:Literal ;
        win:hasProtocol         "VirtualWindows8User"^^rdfs:Literal ;
        win:keyword             "Audit Success"^^rdfs:Literal ;
        win:logName             "Security"^^rdfs:Literal ;
        win:logonID             "0xbd7c"^^rdfs:Literal ;
        win:objectName          "C:\\Users\\VirtualWindows8User\\Dropbox"^^rdfs:Literal ;
        win:objectServer        "Security"^^rdfs:Literal ;
        win:objectType          "File"^^rdfs:Literal ;
        win:processID           "0xe74"^^rdfs:Literal ;
        win:processName         "C:\\Program Files (x86)\\Dropbox\\Client\\Dropbox.exe"^^rdfs:Literal ;
        win:resourceAttributes  "-"^^rdfs:Literal ;
        win:source              "Microsoft-Windows-Security-Auditing"^^rdfs:Literal ;
        win:taskCategory        "File System"^^rdfs:Literal ;
        win:upCode              "Info"^^rdfs:Literal .

<http://example.org/logEntry#logEntry-003aa93f-f48b-496e-8e9c-79711a288667>
        a                       <http://purl.org/sepses/vocab/log/wineventlog#WindowsEventLogEntry> ;
        scl:hasLogType          "wineventlog"^^rdfs:Literal ;
        scl:logMessage          "An attempt was made to access an object.\n\nSubject:\n\tSecurity ID:\t\tS-1-5-21-2361021202-3253521353-2316283985-1001\n\tAccount Name:\t\tVirtualWindows8User\n\tAccount Domain:\t\tVirtualWindows8\n\tLogon ID:\t\t0xBD7C\n\nObject:\n\tObject Server:\t\tSecurity\n\tObject Type:\t\tFile\n\tObject Name:\t\tC:\\Users\\VirtualWindows8User\\Dropbox\n\tHandle ID:\t\t0x1ca4\n\tResource Attributes:\tS:AI\n\nProcess Information:\n\tProcess ID:\t\t0xe74\n\tProcess Name:\t\tC:\\Program Files (x86)\\Dropbox\\Client\\Dropbox.exe\n\nAccess Request Information:\n\tAccesses:\t\tReadAttributes\n\t\t\t\t\n\tAccess Mask:\t\t0x80"^^rdfs:Literal ;
        scl:originatesFrom      <http://example.org/sepses#8133d588-206c-4bf7-9259-0423ec96f89b> ;
        scl:timestamp           "2018-08-29T11:53:40.466Z"^^xsd:dateTime ;
        win:accessMask          "0x80"^^rdfs:Literal ;
        win:accesses            "%%4423\n\t\t\t\t"^^rdfs:Literal ;
        win:accountDomain       "VirtualWindows8"^^rdfs:Literal ;
        win:eventID             "Information"^^rdfs:Literal , "4663"^^xsd:Int ;
        win:handleID            "0x1ca4"^^rdfs:Literal ;
        win:hasProtocol         "VirtualWindows8User"^^rdfs:Literal ;
        win:keyword             "Audit Success"^^rdfs:Literal ;
        win:logName             "Security"^^rdfs:Literal ;
        win:logonID             "0xbd7c"^^rdfs:Literal ;
        win:objectName          "C:\\Users\\VirtualWindows8User\\Dropbox"^^rdfs:Literal ;
        win:objectServer        "Security"^^rdfs:Literal ;
        win:objectType          "File"^^rdfs:Literal ;
        win:processID           "0xe74"^^rdfs:Literal ;
        win:processName         "C:\\Program Files (x86)\\Dropbox\\Client\\Dropbox.exe"^^rdfs:Literal ;
        win:resourceAttributes  "S:AI"^^rdfs:Literal ;
        win:source              "Microsoft-Windows-Security-Auditing"^^rdfs:Literal ;
        win:taskCategory        "File System"^^rdfs:Literal ;
        win:upCode              "Info"^^rdfs:Literal .

<http://example.org/sepses#e9d333b6-2016-4be8-b4d4-f8a4e875957c>
        a             rdf:nodeID ;
        scl:hostName  []  .

<http://example.org/sepses#9743bfd2-33a5-44c3-a144-062d7e4e12fa>
        a             rdf:nodeID ;
        scl:hostName  []  .

<http://example.org/logEntry#logEntry-71c395e0-540b-43c6-96d9-2216eaf93797>
        a                       <http://purl.org/sepses/vocab/log/wineventlog#WindowsEventLogEntry> ;
        scl:hasLogType          "wineventlog"^^rdfs:Literal ;
        scl:logMessage          "A handle to an object was requested.\n\nSubject:\n\tSecurity ID:\t\tS-1-5-21-2361021202-3253521353-2316283985-1001\n\tAccount Name:\t\tVirtualWindows8User\n\tAccount Domain:\t\tVirtualWindows8\n\tLogon ID:\t\t0xBD7C\n\nObject:\n\tObject Server:\t\tSecurity\n\tObject Type:\t\tFile\n\tObject Name:\t\tC:\\Users\\VirtualWindows8User\\Dropbox\\test2 - Copy.txt\n\tHandle ID:\t\t0x1d4c\n\tResource Attributes:\t-\n\nProcess Information:\n\tProcess ID:\t\t0xe74\n\tProcess Name:\t\tC:\\Program Files (x86)\\Dropbox\\Client\\Dropbox.exe\n\nAccess Request Information:\n\tTransaction ID:\t\t{00000000-0000-0000-0000-000000000000}\n\tAccesses:\t\tSYNCHRONIZE\n\t\t\t\tReadData (or ListDirectory)\n\t\t\t\tWriteData (or AddFile)\n\t\t\t\tWriteAttributes\n\t\t\t\t\n\tAccess Reasons:\t\tSYNCHRONIZE:\tGranted by\tD:(A;;FA;;;S-1-5-21-2361021202-3253521353-2316283985-1001)\n\t\t\t\tReadData (or ListDirectory):\tGranted by\tD:(A;;FA;;;S-1-5-21-2361021202-3253521353-2316283985-1001)\n\t\t\t\tWriteData (or AddFile):\tGranted by\tD:(A;;FA;;;S-1-5-21-2361021202-3253521353-2316283985-1001)\n\t\t\t\tWriteAttributes:\tGranted by\tD:(A;;FA;;;S-1-5-21-2361021202-3253521353-2316283985-1001)\n\t\t\t\t\n\tAccess Mask:\t\t0x100103\n\tPrivileges Used for Access Check:\t-\n\tRestricted SID Count:\t0"^^rdfs:Literal ;
        scl:originatesFrom      <http://example.org/sepses#8860894e-c006-4659-a445-02c0dfb6bedf> ;
        scl:timestamp           "2018-08-29T11:53:50.924Z"^^xsd:dateTime ;
        win:accessMask          "0x100103"^^rdfs:Literal ;
        win:accesses            "%%1541\n\t\t\t\t%%4416\n\t\t\t\t%%4417\n\t\t\t\t%%4424\n\t\t\t\t"^^rdfs:Literal ;
        win:accountDomain       "VirtualWindows8"^^rdfs:Literal ;
        win:eventID             "4656"^^xsd:Int , "Information"^^rdfs:Literal ;
        win:handleID            "0x1d4c"^^rdfs:Literal ;
        win:hasProtocol         "VirtualWindows8User"^^rdfs:Literal ;
        win:keyword             "Audit Success"^^rdfs:Literal ;
        win:logName             "Security"^^rdfs:Literal ;
        win:logonID             "0xbd7c"^^rdfs:Literal ;
        win:objectName          "C:\\Users\\VirtualWindows8User\\Dropbox\\test2 - Copy.txt"^^rdfs:Literal ;
        win:objectServer        "Security"^^rdfs:Literal ;
        win:objectType          "File"^^rdfs:Literal ;
        win:processID           "0xe74"^^rdfs:Literal ;
        win:processName         "C:\\Program Files (x86)\\Dropbox\\Client\\Dropbox.exe"^^rdfs:Literal ;
        win:resourceAttributes  "-"^^rdfs:Literal ;
        win:source              "Microsoft-Windows-Security-Auditing"^^rdfs:Literal ;
        win:taskCategory        "File System"^^rdfs:Literal ;
        win:upCode              "Info"^^rdfs:Literal .

<http://example.org/sepses#bb6c2457-f99d-46e8-aa09-0e15bb0b5fbc>
        a             rdf:nodeID ;
        scl:hostName  []  .

<http://example.org/logEntry#logEntry-0f4b1b25-ff21-437b-b0ad-1fd8f90cc1f5>
        a                       <http://purl.org/sepses/vocab/log/wineventlog#WindowsEventLogEntry> ;
        scl:hasLogType          "wineventlog"^^rdfs:Literal ;
        scl:logMessage          "An attempt was made to access an object.\n\nSubject:\n\tSecurity ID:\t\tS-1-5-21-2361021202-3253521353-2316283985-1001\n\tAccount Name:\t\tVirtualWindows8User\n\tAccount Domain:\t\tVirtualWindows8\n\tLogon ID:\t\t0xBD7C\n\nObject:\n\tObject Server:\t\tSecurity\n\tObject Type:\t\tFile\n\tObject Name:\t\tC:\\Users\\VirtualWindows8User\\Dropbox\n\tHandle ID:\t\t0x1f98\n\tResource Attributes:\tS:AI\n\nProcess Information:\n\tProcess ID:\t\t0x3f8\n\tProcess Name:\t\tC:\\Windows\\explorer.exe\n\nAccess Request Information:\n\tAccesses:\t\tReadAttributes\n\t\t\t\t\n\tAccess Mask:\t\t0x80"^^rdfs:Literal ;
        scl:originatesFrom      <http://example.org/sepses#f989ed4e-fffa-4036-beb7-7830dd22ad70> ;
        scl:timestamp           "2018-08-29T11:51:15.175Z"^^xsd:dateTime ;
        win:accessMask          "0x80"^^rdfs:Literal ;
        win:accesses            "%%4423\n\t\t\t\t"^^rdfs:Literal ;
        win:accountDomain       "VirtualWindows8"^^rdfs:Literal ;
        win:eventID             "Information"^^rdfs:Literal , "4663"^^xsd:Int ;
        win:handleID            "0x1f98"^^rdfs:Literal ;
        win:hasProtocol         "VirtualWindows8User"^^rdfs:Literal ;
        win:keyword             "Audit Success"^^rdfs:Literal ;
        win:logName             "Security"^^rdfs:Literal ;
        win:logonID             "0xbd7c"^^rdfs:Literal ;
        win:objectName          "C:\\Users\\VirtualWindows8User\\Dropbox"^^rdfs:Literal ;
        win:objectServer        "Security"^^rdfs:Literal ;
        win:objectType          "File"^^rdfs:Literal ;
        win:processID           "0x3f8"^^rdfs:Literal ;
        win:processName         "C:\\Windows\\explorer.exe"^^rdfs:Literal ;
        win:resourceAttributes  "S:AI"^^rdfs:Literal ;
        win:source              "Microsoft-Windows-Security-Auditing"^^rdfs:Literal ;
        win:taskCategory        "File System"^^rdfs:Literal ;
        win:upCode              "Info"^^rdfs:Literal .

<http://example.org/sepses#bbd5ac26-36cf-44f8-adf0-c508f547e5a3>
        a             rdf:nodeID ;
        scl:hostName  []  .

<http://example.org/logEntry#logEntry-47dd595b-1595-4ca1-b671-db2e9091481a>
        a                       <http://purl.org/sepses/vocab/log/wineventlog#WindowsEventLogEntry> ;
        scl:hasLogType          "wineventlog"^^rdfs:Literal ;
        scl:logMessage          "An attempt was made to access an object.\n\nSubject:\n\tSecurity ID:\t\tS-1-5-21-2361021202-3253521353-2316283985-1001\n\tAccount Name:\t\tVirtualWindows8User\n\tAccount Domain:\t\tVirtualWindows8\n\tLogon ID:\t\t0xBD7C\n\nObject:\n\tObject Server:\t\tSecurity\n\tObject Type:\t\tFile\n\tObject Name:\t\tC:\\Users\\VirtualWindows8User\\Dropbox\n\tHandle ID:\t\t0x1c94\n\tResource Attributes:\tS:AI\n\nProcess Information:\n\tProcess ID:\t\t0xe74\n\tProcess Name:\t\tC:\\Program Files (x86)\\Dropbox\\Client\\Dropbox.exe\n\nAccess Request Information:\n\tAccesses:\t\tReadAttributes\n\t\t\t\t\n\tAccess Mask:\t\t0x80"^^rdfs:Literal ;
        scl:originatesFrom      <http://example.org/sepses#e7ee2295-974d-4598-bf2c-ec8dcde921fd> ;
        scl:timestamp           "2018-08-29T11:47:01.424Z"^^xsd:dateTime ;
        win:accessMask          "0x80"^^rdfs:Literal ;
        win:accesses            "%%4423\n\t\t\t\t"^^rdfs:Literal ;
        win:accountDomain       "VirtualWindows8"^^rdfs:Literal ;
        win:eventID             "4663"^^xsd:Int , "Information"^^rdfs:Literal ;
        win:handleID            "0x1c94"^^rdfs:Literal ;
        win:hasProtocol         "VirtualWindows8User"^^rdfs:Literal ;
        win:keyword             "Audit Success"^^rdfs:Literal ;
        win:logName             "Security"^^rdfs:Literal ;
        win:logonID             "0xbd7c"^^rdfs:Literal ;
        win:objectName          "C:\\Users\\VirtualWindows8User\\Dropbox"^^rdfs:Literal ;
        win:objectServer        "Security"^^rdfs:Literal ;
        win:objectType          "File"^^rdfs:Literal ;
        win:processID           "0xe74"^^rdfs:Literal ;
        win:processName         "C:\\Program Files (x86)\\Dropbox\\Client\\Dropbox.exe"^^rdfs:Literal ;
        win:resourceAttributes  "S:AI"^^rdfs:Literal ;
        win:source              "Microsoft-Windows-Security-Auditing"^^rdfs:Literal ;
        win:taskCategory        "File System"^^rdfs:Literal ;
        win:upCode              "Info"^^rdfs:Literal .

<http://example.org/logEntry#logEntry-29b7e334-8315-42e7-8c02-5ba802281872>
        a                       <http://purl.org/sepses/vocab/log/wineventlog#WindowsEventLogEntry> ;
        scl:hasLogType          "wineventlog"^^rdfs:Literal ;
        scl:logMessage          "A handle to an object was requested.\n\nSubject:\n\tSecurity ID:\t\tS-1-5-21-2361021202-3253521353-2316283985-1001\n\tAccount Name:\t\tVirtualWindows8User\n\tAccount Domain:\t\tVirtualWindows8\n\tLogon ID:\t\t0xBD7C\n\nObject:\n\tObject Server:\t\tSecurity\n\tObject Type:\t\tFile\n\tObject Name:\t\tC:\\Users\\VirtualWindows8User\\Dropbox\n\tHandle ID:\t\t0x1db0\n\tResource Attributes:\t-\n\nProcess Information:\n\tProcess ID:\t\t0xe74\n\tProcess Name:\t\tC:\\Program Files (x86)\\Dropbox\\Client\\Dropbox.exe\n\nAccess Request Information:\n\tTransaction ID:\t\t{00000000-0000-0000-0000-000000000000}\n\tAccesses:\t\tSYNCHRONIZE\n\t\t\t\tReadAttributes\n\t\t\t\t\n\tAccess Reasons:\t\tSYNCHRONIZE:\tGranted by\tD:(A;OICI;FA;;;S-1-5-21-2361021202-3253521353-2316283985-1001)\n\t\t\t\tReadAttributes:\tGranted by\tD:(A;OICI;FA;;;S-1-5-21-2361021202-3253521353-2316283985-1001)\n\t\t\t\t\n\tAccess Mask:\t\t0x100080\n\tPrivileges Used for Access Check:\t-\n\tRestricted SID Count:\t0"^^rdfs:Literal ;
        scl:originatesFrom      <http://example.org/sepses#fb2fdac7-221d-4e7f-be2f-7bbd99def9bd> ;
        scl:timestamp           "2018-08-29T11:51:48.505Z"^^xsd:dateTime ;
        win:accessMask          "0x100080"^^rdfs:Literal ;
        win:accesses            "%%1541\n\t\t\t\t%%4423\n\t\t\t\t"^^rdfs:Literal ;
        win:accountDomain       "VirtualWindows8"^^rdfs:Literal ;
        win:eventID             "Information"^^rdfs:Literal , "4656"^^xsd:Int ;
        win:handleID            "0x1db0"^^rdfs:Literal ;
        win:hasProtocol         "VirtualWindows8User"^^rdfs:Literal ;
        win:keyword             "Audit Success"^^rdfs:Literal ;
        win:logName             "Security"^^rdfs:Literal ;
        win:logonID             "0xbd7c"^^rdfs:Literal ;
        win:objectName          "C:\\Users\\VirtualWindows8User\\Dropbox"^^rdfs:Literal ;
        win:objectServer        "Security"^^rdfs:Literal ;
        win:objectType          "File"^^rdfs:Literal ;
        win:processID           "0xe74"^^rdfs:Literal ;
        win:processName         "C:\\Program Files (x86)\\Dropbox\\Client\\Dropbox.exe"^^rdfs:Literal ;
        win:resourceAttributes  "-"^^rdfs:Literal ;
        win:source              "Microsoft-Windows-Security-Auditing"^^rdfs:Literal ;
        win:taskCategory        "File System"^^rdfs:Literal ;
        win:upCode              "Info"^^rdfs:Literal .

<http://example.org/sepses#b5c9e261-71a2-4156-8e4f-d3cc09bfb3e9>
        a             rdf:nodeID ;
        scl:hostName  []  .

<http://example.org/logEntry#logEntry-061287fc-8ef8-474e-b1ea-ddffbcc91aa1>
        a                       <http://purl.org/sepses/vocab/log/wineventlog#WindowsEventLogEntry> ;
        scl:hasLogType          "wineventlog"^^rdfs:Literal ;
        scl:logMessage          "A handle to an object was requested.\n\nSubject:\n\tSecurity ID:\t\tS-1-5-21-2361021202-3253521353-2316283985-1001\n\tAccount Name:\t\tVirtualWindows8User\n\tAccount Domain:\t\tVirtualWindows8\n\tLogon ID:\t\t0xBD7C\n\nObject:\n\tObject Server:\t\tSecurity\n\tObject Type:\t\tFile\n\tObject Name:\t\tC:\\Users\\VirtualWindows8User\\UserDocuments\\test1.txt\n\tHandle ID:\t\t0x1aac\n\tResource Attributes:\t-\n\nProcess Information:\n\tProcess ID:\t\t0xe74\n\tProcess Name:\t\tC:\\Program Files (x86)\\Dropbox\\Client\\Dropbox.exe\n\nAccess Request Information:\n\tTransaction ID:\t\t{00000000-0000-0000-0000-000000000000}\n\tAccesses:\t\tSYNCHRONIZE\n\t\t\t\tReadAttributes\n\t\t\t\t\n\tAccess Reasons:\t\tSYNCHRONIZE:\tGranted by\tD:(A;;FA;;;S-1-5-21-2361021202-3253521353-2316283985-1001)\n\t\t\t\tReadAttributes:\tGranted by\tD:(A;;FA;;;S-1-5-21-2361021202-3253521353-2316283985-1001)\n\t\t\t\t\n\tAccess Mask:\t\t0x100080\n\tPrivileges Used for Access Check:\t-\n\tRestricted SID Count:\t0"^^rdfs:Literal ;
        scl:originatesFrom      <http://example.org/sepses#d1b60259-52eb-4f75-a889-99ce704ec84b> ;
        scl:timestamp           "2018-08-29T11:50:51.981Z"^^xsd:dateTime ;
        win:accessMask          "0x100080"^^rdfs:Literal ;
        win:accesses            "%%1541\n\t\t\t\t%%4423\n\t\t\t\t"^^rdfs:Literal ;
        win:accountDomain       "VirtualWindows8"^^rdfs:Literal ;
        win:eventID             "Information"^^rdfs:Literal , "4656"^^xsd:Int ;
        win:handleID            "0x1aac"^^rdfs:Literal ;
        win:hasProtocol         "VirtualWindows8User"^^rdfs:Literal ;
        win:keyword             "Audit Success"^^rdfs:Literal ;
        win:logName             "Security"^^rdfs:Literal ;
        win:logonID             "0xbd7c"^^rdfs:Literal ;
        win:objectName          "C:\\Users\\VirtualWindows8User\\UserDocuments\\test1.txt"^^rdfs:Literal ;
        win:objectServer        "Security"^^rdfs:Literal ;
        win:objectType          "File"^^rdfs:Literal ;
        win:processID           "0xe74"^^rdfs:Literal ;
        win:processName         "C:\\Program Files (x86)\\Dropbox\\Client\\Dropbox.exe"^^rdfs:Literal ;
        win:resourceAttributes  "-"^^rdfs:Literal ;
        win:source              "Microsoft-Windows-Security-Auditing"^^rdfs:Literal ;
        win:taskCategory        "File System"^^rdfs:Literal ;
        win:upCode              "Info"^^rdfs:Literal .

<http://example.org/sepses#485a496e-6fd7-42fe-a7ed-f602b16545c8>
        a             rdf:nodeID ;
        scl:hostName  []  .

<http://example.org/logEntry#logEntry-73fb393d-dc0c-49a2-aa3d-b9c9712eacb7>
        a                       <http://purl.org/sepses/vocab/log/wineventlog#WindowsEventLogEntry> ;
        scl:hasLogType          "wineventlog"^^rdfs:Literal ;
        scl:logMessage          "A handle to an object was requested.\n\nSubject:\n\tSecurity ID:\t\tS-1-5-21-2361021202-3253521353-2316283985-1001\n\tAccount Name:\t\tVirtualWindows8User\n\tAccount Domain:\t\tVirtualWindows8\n\tLogon ID:\t\t0xBD7C\n\nObject:\n\tObject Server:\t\tSecurity\n\tObject Type:\t\tFile\n\tObject Name:\t\tC:\\Users\\VirtualWindows8User\\UserDocuments\n\tHandle ID:\t\t0x22b4\n\tResource Attributes:\t-\n\nProcess Information:\n\tProcess ID:\t\t0x3f8\n\tProcess Name:\t\tC:\\Windows\\explorer.exe\n\nAccess Request Information:\n\tTransaction ID:\t\t{00000000-0000-0000-0000-000000000000}\n\tAccesses:\t\tSYNCHRONIZE\n\t\t\t\tReadData (or ListDirectory)\n\t\t\t\tReadAttributes\n\t\t\t\t\n\tAccess Reasons:\t\tSYNCHRONIZE:\tGranted by\tD:(A;OICI;FA;;;S-1-5-21-2361021202-3253521353-2316283985-1001)\n\t\t\t\tReadData (or ListDirectory):\tGranted by\tD:(A;OICI;FA;;;S-1-5-21-2361021202-3253521353-2316283985-1001)\n\t\t\t\tReadAttributes:\tGranted by\tD:(A;OICI;FA;;;S-1-5-21-2361021202-3253521353-2316283985-1001)\n\t\t\t\t\n\tAccess Mask:\t\t0x100081\n\tPrivileges Used for Access Check:\t-\n\tRestricted SID Count:\t0"^^rdfs:Literal ;
        scl:originatesFrom      <http://example.org/sepses#9612263b-87f7-46e3-a55b-f3497818ecc9> ;
        scl:timestamp           "2018-08-29T11:50:45.737Z"^^xsd:dateTime ;
        win:accessMask          "0x100081"^^rdfs:Literal ;
        win:accesses            "%%1541\n\t\t\t\t%%4416\n\t\t\t\t%%4423\n\t\t\t\t"^^rdfs:Literal ;
        win:accountDomain       "VirtualWindows8"^^rdfs:Literal ;
        win:eventID             "Information"^^rdfs:Literal , "4656"^^xsd:Int ;
        win:handleID            "0x22b4"^^rdfs:Literal ;
        win:hasProtocol         "VirtualWindows8User"^^rdfs:Literal ;
        win:keyword             "Audit Success"^^rdfs:Literal ;
        win:logName             "Security"^^rdfs:Literal ;
        win:logonID             "0xbd7c"^^rdfs:Literal ;
        win:objectName          "C:\\Users\\VirtualWindows8User\\UserDocuments"^^rdfs:Literal ;
        win:objectServer        "Security"^^rdfs:Literal ;
        win:objectType          "File"^^rdfs:Literal ;
        win:processID           "0x3f8"^^rdfs:Literal ;
        win:processName         "C:\\Windows\\explorer.exe"^^rdfs:Literal ;
        win:resourceAttributes  "-"^^rdfs:Literal ;
        win:source              "Microsoft-Windows-Security-Auditing"^^rdfs:Literal ;
        win:taskCategory        "File System"^^rdfs:Literal ;
        win:upCode              "Info"^^rdfs:Literal .

<http://example.org/logEntry#logEntry-ea13c4d9-ed82-413b-81fc-9973a45a9625>
        a                       <http://purl.org/sepses/vocab/log/wineventlog#WindowsEventLogEntry> ;
        scl:hasLogType          "wineventlog"^^rdfs:Literal ;
        scl:logMessage          "A handle to an object was requested.\n\nSubject:\n\tSecurity ID:\t\tS-1-5-21-2361021202-3253521353-2316283985-1001\n\tAccount Name:\t\tVirtualWindows8User\n\tAccount Domain:\t\tVirtualWindows8\n\tLogon ID:\t\t0xBD7C\n\nObject:\n\tObject Server:\t\tSecurity\n\tObject Type:\t\tFile\n\tObject Name:\t\tC:\\Users\\VirtualWindows8User\\Dropbox\n\tHandle ID:\t\t0xab8\n\tResource Attributes:\t-\n\nProcess Information:\n\tProcess ID:\t\t0x3f8\n\tProcess Name:\t\tC:\\Windows\\explorer.exe\n\nAccess Request Information:\n\tTransaction ID:\t\t{00000000-0000-0000-0000-000000000000}\n\tAccesses:\t\tSYNCHRONIZE\n\t\t\t\tReadData (or ListDirectory)\n\t\t\t\tReadAttributes\n\t\t\t\t\n\tAccess Reasons:\t\tSYNCHRONIZE:\tGranted by\tD:(A;OICI;FA;;;S-1-5-21-2361021202-3253521353-2316283985-1001)\n\t\t\t\tReadData (or ListDirectory):\tGranted by\tD:(A;OICI;FA;;;S-1-5-21-2361021202-3253521353-2316283985-1001)\n\t\t\t\tReadAttributes:\tGranted by\tD:(A;OICI;FA;;;S-1-5-21-2361021202-3253521353-2316283985-1001)\n\t\t\t\t\n\tAccess Mask:\t\t0x100081\n\tPrivileges Used for Access Check:\t-\n\tRestricted SID Count:\t0"^^rdfs:Literal ;
        scl:originatesFrom      <http://example.org/sepses#c41ada72-4e65-4b11-99d6-a86364e999f7> ;
        scl:timestamp           "2018-08-29T11:51:55.806Z"^^xsd:dateTime ;
        win:accessMask          "0x100081"^^rdfs:Literal ;
        win:accesses            "%%1541\n\t\t\t\t%%4416\n\t\t\t\t%%4423\n\t\t\t\t"^^rdfs:Literal ;
        win:accountDomain       "VirtualWindows8"^^rdfs:Literal ;
        win:eventID             "4656"^^xsd:Int , "Information"^^rdfs:Literal ;
        win:handleID            "0xab8"^^rdfs:Literal ;
        win:hasProtocol         "VirtualWindows8User"^^rdfs:Literal ;
        win:keyword             "Audit Success"^^rdfs:Literal ;
        win:logName             "Security"^^rdfs:Literal ;
        win:logonID             "0xbd7c"^^rdfs:Literal ;
        win:objectName          "C:\\Users\\VirtualWindows8User\\Dropbox"^^rdfs:Literal ;
        win:objectServer        "Security"^^rdfs:Literal ;
        win:objectType          "File"^^rdfs:Literal ;
        win:processID           "0x3f8"^^rdfs:Literal ;
        win:processName         "C:\\Windows\\explorer.exe"^^rdfs:Literal ;
        win:resourceAttributes  "-"^^rdfs:Literal ;
        win:source              "Microsoft-Windows-Security-Auditing"^^rdfs:Literal ;
        win:taskCategory        "File System"^^rdfs:Literal ;
        win:upCode              "Info"^^rdfs:Literal .

<http://example.org/sepses#056dacb9-ffad-41d8-91bd-4adfffb55b08>
        a             rdf:nodeID ;
        scl:hostName  []  .

<http://example.org/logEntry#logEntry-b1feb664-c3c5-4017-80c4-fdaaaf2177b8>
        a                       <http://purl.org/sepses/vocab/log/wineventlog#WindowsEventLogEntry> ;
        scl:hasLogType          "wineventlog"^^rdfs:Literal ;
        scl:logMessage          "An attempt was made to access an object.\n\nSubject:\n\tSecurity ID:\t\tS-1-5-21-2361021202-3253521353-2316283985-1001\n\tAccount Name:\t\tVirtualWindows8User\n\tAccount Domain:\t\tVirtualWindows8\n\tLogon ID:\t\t0xBD7C\n\nObject:\n\tObject Server:\t\tSecurity\n\tObject Type:\t\tFile\n\tObject Name:\t\tC:\\Users\\VirtualWindows8User\\Dropbox\n\tHandle ID:\t\t0x191c\n\tResource Attributes:\tS:AI\n\nProcess Information:\n\tProcess ID:\t\t0xe74\n\tProcess Name:\t\tC:\\Program Files (x86)\\Dropbox\\Client\\Dropbox.exe\n\nAccess Request Information:\n\tAccesses:\t\tReadAttributes\n\t\t\t\t\n\tAccess Mask:\t\t0x80"^^rdfs:Literal ;
        scl:originatesFrom      <http://example.org/sepses#2ea0c2de-2385-4317-82a8-e97d5a9537b0> ;
        scl:timestamp           "2018-08-29T11:53:26.320Z"^^xsd:dateTime ;
        win:accessMask          "0x80"^^rdfs:Literal ;
        win:accesses            "%%4423\n\t\t\t\t"^^rdfs:Literal ;
        win:accountDomain       "VirtualWindows8"^^rdfs:Literal ;
        win:eventID             "Information"^^rdfs:Literal , "4663"^^xsd:Int ;
        win:handleID            "0x191c"^^rdfs:Literal ;
        win:hasProtocol         "VirtualWindows8User"^^rdfs:Literal ;
        win:keyword             "Audit Success"^^rdfs:Literal ;
        win:logName             "Security"^^rdfs:Literal ;
        win:logonID             "0xbd7c"^^rdfs:Literal ;
        win:objectName          "C:\\Users\\VirtualWindows8User\\Dropbox"^^rdfs:Literal ;
        win:objectServer        "Security"^^rdfs:Literal ;
        win:objectType          "File"^^rdfs:Literal ;
        win:processID           "0xe74"^^rdfs:Literal ;
        win:processName         "C:\\Program Files (x86)\\Dropbox\\Client\\Dropbox.exe"^^rdfs:Literal ;
        win:resourceAttributes  "S:AI"^^rdfs:Literal ;
        win:source              "Microsoft-Windows-Security-Auditing"^^rdfs:Literal ;
        win:taskCategory        "File System"^^rdfs:Literal ;
        win:upCode              "Info"^^rdfs:Literal .

<http://example.org/logEntry#logEntry-d358d93f-7b90-405d-90bb-a3ab4f6d1535>
        a                       <http://purl.org/sepses/vocab/log/wineventlog#WindowsEventLogEntry> ;
        scl:hasLogType          "wineventlog"^^rdfs:Literal ;
        scl:logMessage          "A handle to an object was requested.\n\nSubject:\n\tSecurity ID:\t\tS-1-5-21-2361021202-3253521353-2316283985-1001\n\tAccount Name:\t\tVirtualWindows8User\n\tAccount Domain:\t\tVirtualWindows8\n\tLogon ID:\t\t0xBD7C\n\nObject:\n\tObject Server:\t\tSecurity\n\tObject Type:\t\tFile\n\tObject Name:\t\tC:\\Users\\VirtualWindows8User\\UserDocuments\n\tHandle ID:\t\t0x1f08\n\tResource Attributes:\t-\n\nProcess Information:\n\tProcess ID:\t\t0x3f8\n\tProcess Name:\t\tC:\\Windows\\explorer.exe\n\nAccess Request Information:\n\tTransaction ID:\t\t{00000000-0000-0000-0000-000000000000}\n\tAccesses:\t\tSYNCHRONIZE\n\t\t\t\tReadAttributes\n\t\t\t\t\n\tAccess Reasons:\t\tSYNCHRONIZE:\tGranted by\tD:(A;OICI;FA;;;S-1-5-21-2361021202-3253521353-2316283985-1001)\n\t\t\t\tReadAttributes:\tGranted by\tD:(A;OICI;FA;;;S-1-5-21-2361021202-3253521353-2316283985-1001)\n\t\t\t\t\n\tAccess Mask:\t\t0x100080\n\tPrivileges Used for Access Check:\t-\n\tRestricted SID Count:\t0"^^rdfs:Literal ;
        scl:originatesFrom      <http://example.org/sepses#b61e5c39-d9bd-4d73-9b0d-6a542740cca1> ;
        scl:timestamp           "2018-08-29T11:50:53.917Z"^^xsd:dateTime ;
        win:accessMask          "0x100080"^^rdfs:Literal ;
        win:accesses            "%%1541\n\t\t\t\t%%4423\n\t\t\t\t"^^rdfs:Literal ;
        win:accountDomain       "VirtualWindows8"^^rdfs:Literal ;
        win:eventID             "4656"^^xsd:Int , "Information"^^rdfs:Literal ;
        win:handleID            "0x1f08"^^rdfs:Literal ;
        win:hasProtocol         "VirtualWindows8User"^^rdfs:Literal ;
        win:keyword             "Audit Success"^^rdfs:Literal ;
        win:logName             "Security"^^rdfs:Literal ;
        win:logonID             "0xbd7c"^^rdfs:Literal ;
        win:objectName          "C:\\Users\\VirtualWindows8User\\UserDocuments"^^rdfs:Literal ;
        win:objectServer        "Security"^^rdfs:Literal ;
        win:objectType          "File"^^rdfs:Literal ;
        win:processID           "0x3f8"^^rdfs:Literal ;
        win:processName         "C:\\Windows\\explorer.exe"^^rdfs:Literal ;
        win:resourceAttributes  "-"^^rdfs:Literal ;
        win:source              "Microsoft-Windows-Security-Auditing"^^rdfs:Literal ;
        win:taskCategory        "File System"^^rdfs:Literal ;
        win:upCode              "Info"^^rdfs:Literal .

