{"objectServer":"Security","source":"Microsoft-Windows-Security-Auditing","objectName":"C:\\Users\\Virtual Windows 10\\Dropbox","keyword":["Audit Success"],"accessMask":"0x80","version":1,"timestamp":"2018-11-14T11:09:59.032Z","logName":"Security","upCode":"Info","@id":"http://example.org/logEntry#logEntry-56085324-d0f6-4a63-aca2-3dc5d68c54e9","resourceAttributes":"S:AI","handleID":"0x1eac","processID":"0x153c","level":"Information","logonID":"0x29ea7","accountDomain":"DESKTOP-MAC610T","originatesFrom":{"hostName":{"name":"DESKTOP-MAC610T"},"@type":"rdf:nodeID","@id":"http://example.org/sepses#1ec867c8-fa12-4c88-816a-f97621c43dec"},"computerName":"DESKTOP-MAC610T","@timestamp":"2018-11-14T11:09:59.032Z","processName":"C:\\Program Files (x86)\\Dropbox\\Client\\Dropbox.exe","objectType":"File","hasLogType":"wineventlog","eventID":4663,"logMessage":"An attempt was made to access an object.\n\nSubject:\n\tSecurity ID:\t\tS-1-5-21-2889181789-4222170037-1347726928-1001\n\tAccount Name:\t\tVirtual Windows 10\n\tAccount Domain:\t\tDESKTOP-MAC610T\n\tLogon ID:\t\t0x29EA7\n\nObject:\n\tObject Server:\t\tSecurity\n\tObject Type:\t\tFile\n\tObject Name:\t\tC:\\Users\\Virtual Windows 10\\Dropbox\n\tHandle ID:\t\t0x1eac\n\tResource Attributes:\tS:AI\n\nProcess Information:\n\tProcess ID:\t\t0x153c\n\tProcess Name:\t\tC:\\Program Files (x86)\\Dropbox\\Client\\Dropbox.exe\n\nAccess Request Information:\n\tAccesses:\t\tReadAttributes\n\t\t\t\t\n\tAccess Mask:\t\t0x80","accesses":"%%4423\n\t\t\t\t","taskCategory":"File System","accountName":"Virtual Windows 10","@context":"http://sepses.ifs.tuwien.ac.at/contexts/wineventlog.jsonld","@type":"http://purl.org/sepses/vocab/log/wineventlog#WindowsEventLogEntry"}
{"objectServer":"Security","source":"Microsoft-Windows-Security-Auditing","objectName":"C:\\Users\\Virtual Windows 10\\Dropbox","keyword":["Audit Success"],"accessMask":"0x80","version":1,"timestamp":"2018-11-14T11:09:59.033Z","logName":"Security","upCode":"Info","@id":"http://example.org/logEntry#logEntry-d9a8bf71-66de-4e00-af5c-512204408616","resourceAttributes":"S:AI","handleID":"0x1eac","processID":"0x153c","level":"Information","logonID":"0x29ea7","accountDomain":"DESKTOP-MAC610T","originatesFrom":{"hostName":{"name":"DESKTOP-MAC610T"},"@type":"rdf:nodeID","@id":"http://example.org/sepses#cadc98bf-89dd-4ca5-b5fb-feee3c9a1c40"},"computerName":"DESKTOP-MAC610T","@timestamp":"2018-11-14T11:09:59.033Z","processName":"C:\\Program Files (x86)\\Dropbox\\Client\\Dropbox.exe","objectType":"File","hasLogType":"wineventlog","eventID":4663,"logMessage":"An attempt was made to access an object.\n\nSubject:\n\tSecurity ID:\t\tS-1-5-21-2889181789-4222170037-1347726928-1001\n\tAccount Name:\t\tVirtual Windows 10\n\tAccount Domain:\t\tDESKTOP-MAC610T\n\tLogon ID:\t\t0x29EA7\n\nObject:\n\tObject Server:\t\tSecurity\n\tObject Type:\t\tFile\n\tObject Name:\t\tC:\\Users\\Virtual Windows 10\\Dropbox\n\tHandle ID:\t\t0x1eac\n\tResource Attributes:\tS:AI\n\nProcess Information:\n\tProcess ID:\t\t0x153c\n\tProcess Name:\t\tC:\\Program Files (x86)\\Dropbox\\Client\\Dropbox.exe\n\nAccess Request Information:\n\tAccesses:\t\tReadAttributes\n\t\t\t\t\n\tAccess Mask:\t\t0x80","accesses":"%%4423\n\t\t\t\t","taskCategory":"File System","accountName":"Virtual Windows 10","@context":"http://sepses.ifs.tuwien.ac.at/contexts/wineventlog.jsonld","@type":"http://purl.org/sepses/vocab/log/wineventlog#WindowsEventLogEntry"}
{"objectServer":"Security","source":"Microsoft-Windows-Security-Auditing","objectName":"C:\\Users\\Virtual Windows 10\\Dropbox","keyword":["Audit Success"],"accessMask":"0x80","version":1,"timestamp":"2018-11-14T11:09:59.033Z","logName":"Security","upCode":"Info","@id":"http://example.org/logEntry#logEntry-c38767a3-0903-4cd3-9653-be5c356cdac2","resourceAttributes":"S:AI","handleID":"0x1eac","processID":"0x153c","level":"Information","logonID":"0x29ea7","accountDomain":"DESKTOP-MAC610T","originatesFrom":{"hostName":{"name":"DESKTOP-MAC610T"},"@type":"rdf:nodeID","@id":"http://example.org/sepses#c645bd66-f547-480e-ab38-f490bf9fedd8"},"computerName":"DESKTOP-MAC610T","@timestamp":"2018-11-14T11:09:59.033Z","processName":"C:\\Program Files (x86)\\Dropbox\\Client\\Dropbox.exe","objectType":"File","hasLogType":"wineventlog","eventID":4663,"logMessage":"An attempt was made to access an object.\n\nSubject:\n\tSecurity ID:\t\tS-1-5-21-2889181789-4222170037-1347726928-1001\n\tAccount Name:\t\tVirtual Windows 10\n\tAccount Domain:\t\tDESKTOP-MAC610T\n\tLogon ID:\t\t0x29EA7\n\nObject:\n\tObject Server:\t\tSecurity\n\tObject Type:\t\tFile\n\tObject Name:\t\tC:\\Users\\Virtual Windows 10\\Dropbox\n\tHandle ID:\t\t0x1eac\n\tResource Attributes:\tS:AI\n\nProcess Information:\n\tProcess ID:\t\t0x153c\n\tProcess Name:\t\tC:\\Program Files (x86)\\Dropbox\\Client\\Dropbox.exe\n\nAccess Request Information:\n\tAccesses:\t\tReadAttributes\n\t\t\t\t\n\tAccess Mask:\t\t0x80","accesses":"%%4423\n\t\t\t\t","taskCategory":"File System","accountName":"Virtual Windows 10","@context":"http://sepses.ifs.tuwien.ac.at/contexts/wineventlog.jsonld","@type":"http://purl.org/sepses/vocab/log/wineventlog#WindowsEventLogEntry"}
{"objectServer":"Security","source":"Microsoft-Windows-Security-Auditing","objectName":"C:\\Users\\Virtual Windows 10\\Dropbox\\wordpad_rename.rtf","keyword":["Audit Success"],"accessMask":"0x80","version":1,"timestamp":"2018-11-14T11:09:59.035Z","logName":"Security","upCode":"Info","@id":"http://example.org/logEntry#logEntry-a71987c0-c957-4b83-992e-c7ac7651b738","resourceAttributes":"S:AI","handleID":"0x1eac","processID":"0x153c","level":"Information","logonID":"0x29ea7","accountDomain":"DESKTOP-MAC610T","originatesFrom":{"hostName":{"name":"DESKTOP-MAC610T"},"@type":"rdf:nodeID","@id":"http://example.org/sepses#5c73ae49-696a-4b6b-a5c9-9f0e10310bda"},"computerName":"DESKTOP-MAC610T","@timestamp":"2018-11-14T11:09:59.035Z","processName":"C:\\Program Files (x86)\\Dropbox\\Client\\Dropbox.exe","objectType":"File","hasLogType":"wineventlog","eventID":4663,"logMessage":"An attempt was made to access an object.\n\nSubject:\n\tSecurity ID:\t\tS-1-5-21-2889181789-4222170037-1347726928-1001\n\tAccount Name:\t\tVirtual Windows 10\n\tAccount Domain:\t\tDESKTOP-MAC610T\n\tLogon ID:\t\t0x29EA7\n\nObject:\n\tObject Server:\t\tSecurity\n\tObject Type:\t\tFile\n\tObject Name:\t\tC:\\Users\\Virtual Windows 10\\Dropbox\\wordpad_rename.rtf\n\tHandle ID:\t\t0x1eac\n\tResource Attributes:\tS:AI\n\nProcess Information:\n\tProcess ID:\t\t0x153c\n\tProcess Name:\t\tC:\\Program Files (x86)\\Dropbox\\Client\\Dropbox.exe\n\nAccess Request Information:\n\tAccesses:\t\tReadAttributes\n\t\t\t\t\n\tAccess Mask:\t\t0x80","accesses":"%%4423\n\t\t\t\t","taskCategory":"File System","accountName":"Virtual Windows 10","@context":"http://sepses.ifs.tuwien.ac.at/contexts/wineventlog.jsonld","@type":"http://purl.org/sepses/vocab/log/wineventlog#WindowsEventLogEntry"}
{"objectServer":"Security","source":"Microsoft-Windows-Security-Auditing","objectName":"C:\\Users\\Virtual Windows 10\\Dropbox\\wordpad_rename.rtf","keyword":["Audit Success"],"accessMask":"0x80","version":1,"timestamp":"2018-11-14T11:09:59.035Z","logName":"Security","upCode":"Info","@id":"http://example.org/logEntry#logEntry-b3b360d5-4293-4dbc-9dd2-42e49fcb38a9","resourceAttributes":"S:AI","handleID":"0x1eac","processID":"0x153c","level":"Information","logonID":"0x29ea7","accountDomain":"DESKTOP-MAC610T","originatesFrom":{"hostName":{"name":"DESKTOP-MAC610T"},"@type":"rdf:nodeID","@id":"http://example.org/sepses#ddcba7af-57f4-4f26-807a-43ffcef3baf0"},"computerName":"DESKTOP-MAC610T","@timestamp":"2018-11-14T11:09:59.035Z","processName":"C:\\Program Files (x86)\\Dropbox\\Client\\Dropbox.exe","objectType":"File","hasLogType":"wineventlog","eventID":4663,"logMessage":"An attempt was made to access an object.\n\nSubject:\n\tSecurity ID:\t\tS-1-5-21-2889181789-4222170037-1347726928-1001\n\tAccount Name:\t\tVirtual Windows 10\n\tAccount Domain:\t\tDESKTOP-MAC610T\n\tLogon ID:\t\t0x29EA7\n\nObject:\n\tObject Server:\t\tSecurity\n\tObject Type:\t\tFile\n\tObject Name:\t\tC:\\Users\\Virtual Windows 10\\Dropbox\\wordpad_rename.rtf\n\tHandle ID:\t\t0x1eac\n\tResource Attributes:\tS:AI\n\nProcess Information:\n\tProcess ID:\t\t0x153c\n\tProcess Name:\t\tC:\\Program Files (x86)\\Dropbox\\Client\\Dropbox.exe\n\nAccess Request Information:\n\tAccesses:\t\tReadAttributes\n\t\t\t\t\n\tAccess Mask:\t\t0x80","accesses":"%%4423\n\t\t\t\t","taskCategory":"File System","accountName":"Virtual Windows 10","@context":"http://sepses.ifs.tuwien.ac.at/contexts/wineventlog.jsonld","@type":"http://purl.org/sepses/vocab/log/wineventlog#WindowsEventLogEntry"}
{"objectServer":"Security","source":"Microsoft-Windows-Security-Auditing","objectName":"C:\\Users\\Virtual Windows 10\\Dropbox\\wordpad_rename.rtf","keyword":["Audit Success"],"accessMask":"0x80","version":1,"timestamp":"2018-11-14T11:09:59.038Z","logName":"Security","upCode":"Info","@id":"http://example.org/logEntry#logEntry-8ad52708-bc58-4875-b2b5-0d965ba7ea05","resourceAttributes":"S:AI","handleID":"0x1f74","processID":"0x153c","level":"Information","logonID":"0x29ea7","accountDomain":"DESKTOP-MAC610T","originatesFrom":{"hostName":{"name":"DESKTOP-MAC610T"},"@type":"rdf:nodeID","@id":"http://example.org/sepses#45bd7448-ed68-406e-81de-1685d98d86f0"},"computerName":"DESKTOP-MAC610T","@timestamp":"2018-11-14T11:09:59.038Z","processName":"C:\\Program Files (x86)\\Dropbox\\Client\\Dropbox.exe","objectType":"File","hasLogType":"wineventlog","eventID":4663,"logMessage":"An attempt was made to access an object.\n\nSubject:\n\tSecurity ID:\t\tS-1-5-21-2889181789-4222170037-1347726928-1001\n\tAccount Name:\t\tVirtual Windows 10\n\tAccount Domain:\t\tDESKTOP-MAC610T\n\tLogon ID:\t\t0x29EA7\n\nObject:\n\tObject Server:\t\tSecurity\n\tObject Type:\t\tFile\n\tObject Name:\t\tC:\\Users\\Virtual Windows 10\\Dropbox\\wordpad_rename.rtf\n\tHandle ID:\t\t0x1f74\n\tResource Attributes:\tS:AI\n\nProcess Information:\n\tProcess ID:\t\t0x153c\n\tProcess Name:\t\tC:\\Program Files (x86)\\Dropbox\\Client\\Dropbox.exe\n\nAccess Request Information:\n\tAccesses:\t\tReadAttributes\n\t\t\t\t\n\tAccess Mask:\t\t0x80","accesses":"%%4423\n\t\t\t\t","taskCategory":"File System","accountName":"Virtual Windows 10","@context":"http://sepses.ifs.tuwien.ac.at/contexts/wineventlog.jsonld","@type":"http://purl.org/sepses/vocab/log/wineventlog#WindowsEventLogEntry"}
{"objectServer":"Security","source":"Microsoft-Windows-Security-Auditing","objectName":"C:\\Users\\Virtual Windows 10\\Dropbox\\wordpad_rename.rtf","keyword":["Audit Success"],"accessMask":"0x80","version":1,"timestamp":"2018-11-14T11:09:59.038Z","logName":"Security","upCode":"Info","@id":"http://example.org/logEntry#logEntry-d278df9c-144b-402d-9bb2-b9bf1fdfe432","resourceAttributes":"S:AI","handleID":"0x1f74","processID":"0x153c","level":"Information","logonID":"0x29ea7","accountDomain":"DESKTOP-MAC610T","originatesFrom":{"hostName":{"name":"DESKTOP-MAC610T"},"@type":"rdf:nodeID","@id":"http://example.org/sepses#799171a7-8ce2-4c5c-9636-dc38944c022b"},"computerName":"DESKTOP-MAC610T","@timestamp":"2018-11-14T11:09:59.038Z","processName":"C:\\Program Files (x86)\\Dropbox\\Client\\Dropbox.exe","objectType":"File","hasLogType":"wineventlog","eventID":4663,"logMessage":"An attempt was made to access an object.\n\nSubject:\n\tSecurity ID:\t\tS-1-5-21-2889181789-4222170037-1347726928-1001\n\tAccount Name:\t\tVirtual Windows 10\n\tAccount Domain:\t\tDESKTOP-MAC610T\n\tLogon ID:\t\t0x29EA7\n\nObject:\n\tObject Server:\t\tSecurity\n\tObject Type:\t\tFile\n\tObject Name:\t\tC:\\Users\\Virtual Windows 10\\Dropbox\\wordpad_rename.rtf\n\tHandle ID:\t\t0x1f74\n\tResource Attributes:\tS:AI\n\nProcess Information:\n\tProcess ID:\t\t0x153c\n\tProcess Name:\t\tC:\\Program Files (x86)\\Dropbox\\Client\\Dropbox.exe\n\nAccess Request Information:\n\tAccesses:\t\tReadAttributes\n\t\t\t\t\n\tAccess Mask:\t\t0x80","accesses":"%%4423\n\t\t\t\t","taskCategory":"File System","accountName":"Virtual Windows 10","@context":"http://sepses.ifs.tuwien.ac.at/contexts/wineventlog.jsonld","@type":"http://purl.org/sepses/vocab/log/wineventlog#WindowsEventLogEntry"}
{"objectServer":"Security","source":"Microsoft-Windows-Security-Auditing","objectName":"C:\\Users\\Virtual Windows 10\\Dropbox","keyword":["Audit Success"],"accessMask":"0x80","version":1,"timestamp":"2018-11-14T11:09:59.041Z","logName":"Security","upCode":"Info","@id":"http://example.org/logEntry#logEntry-86c1de7c-c37e-4faa-84df-e814f817cd82","resourceAttributes":"S:AI","handleID":"0x2888","processID":"0xc60","level":"Information","logonID":"0x29ea7","accountDomain":"DESKTOP-MAC610T","originatesFrom":{"hostName":{"name":"DESKTOP-MAC610T"},"@type":"rdf:nodeID","@id":"http://example.org/sepses#7f014ebe-7af7-4159-82f9-64b15316d391"},"computerName":"DESKTOP-MAC610T","@timestamp":"2018-11-14T11:09:59.041Z","processName":"C:\\Windows\\explorer.exe","objectType":"File","hasLogType":"wineventlog","eventID":4663,"logMessage":"An attempt was made to access an object.\n\nSubject:\n\tSecurity ID:\t\tS-1-5-21-2889181789-4222170037-1347726928-1001\n\tAccount Name:\t\tVirtual Windows 10\n\tAccount Domain:\t\tDESKTOP-MAC610T\n\tLogon ID:\t\t0x29EA7\n\nObject:\n\tObject Server:\t\tSecurity\n\tObject Type:\t\tFile\n\tObject Name:\t\tC:\\Users\\Virtual Windows 10\\Dropbox\n\tHandle ID:\t\t0x2888\n\tResource Attributes:\tS:AI\n\nProcess Information:\n\tProcess ID:\t\t0xc60\n\tProcess Name:\t\tC:\\Windows\\explorer.exe\n\nAccess Request Information:\n\tAccesses:\t\tReadAttributes\n\t\t\t\t\n\tAccess Mask:\t\t0x80","accesses":"%%4423\n\t\t\t\t","taskCategory":"File System","accountName":"Virtual Windows 10","@context":"http://sepses.ifs.tuwien.ac.at/contexts/wineventlog.jsonld","@type":"http://purl.org/sepses/vocab/log/wineventlog#WindowsEventLogEntry"}
{"objectServer":"Security","source":"Microsoft-Windows-Security-Auditing","objectName":"C:\\Users\\Virtual Windows 10\\Dropbox","keyword":["Audit Success"],"accessMask":"0x80","version":1,"timestamp":"2018-11-14T11:09:59.067Z","logName":"Security","upCode":"Info","@id":"http://example.org/logEntry#logEntry-4f4562a5-2bc2-4100-ad93-587060777770","resourceAttributes":"S:AI","handleID":"0x3dc8","processID":"0xc60","level":"Information","logonID":"0x29ea7","accountDomain":"DESKTOP-MAC610T","originatesFrom":{"hostName":{"name":"DESKTOP-MAC610T"},"@type":"rdf:nodeID","@id":"http://example.org/sepses#f035a93f-197b-4668-bce0-6acecd572e29"},"computerName":"DESKTOP-MAC610T","@timestamp":"2018-11-14T11:09:59.067Z","processName":"C:\\Windows\\explorer.exe","objectType":"File","hasLogType":"wineventlog","eventID":4663,"logMessage":"An attempt was made to access an object.\n\nSubject:\n\tSecurity ID:\t\tS-1-5-21-2889181789-4222170037-1347726928-1001\n\tAccount Name:\t\tVirtual Windows 10\n\tAccount Domain:\t\tDESKTOP-MAC610T\n\tLogon ID:\t\t0x29EA7\n\nObject:\n\tObject Server:\t\tSecurity\n\tObject Type:\t\tFile\n\tObject Name:\t\tC:\\Users\\Virtual Windows 10\\Dropbox\n\tHandle ID:\t\t0x3dc8\n\tResource Attributes:\tS:AI\n\nProcess Information:\n\tProcess ID:\t\t0xc60\n\tProcess Name:\t\tC:\\Windows\\explorer.exe\n\nAccess Request Information:\n\tAccesses:\t\tReadAttributes\n\t\t\t\t\n\tAccess Mask:\t\t0x80","accesses":"%%4423\n\t\t\t\t","taskCategory":"File System","accountName":"Virtual Windows 10","@context":"http://sepses.ifs.tuwien.ac.at/contexts/wineventlog.jsonld","@type":"http://purl.org/sepses/vocab/log/wineventlog#WindowsEventLogEntry"}
{"objectServer":"Security","source":"Microsoft-Windows-Security-Auditing","objectName":"C:\\Users\\Virtual Windows 10\\Dropbox","keyword":["Audit Success"],"accessMask":"0x80","version":1,"timestamp":"2018-11-14T11:09:59.101Z","logName":"Security","upCode":"Info","@id":"http://example.org/logEntry#logEntry-86b3a60a-e371-4297-821d-fa9186747736","resourceAttributes":"S:AI","handleID":"0x3a24","processID":"0xc60","level":"Information","logonID":"0x29ea7","accountDomain":"DESKTOP-MAC610T","originatesFrom":{"hostName":{"name":"DESKTOP-MAC610T"},"@type":"rdf:nodeID","@id":"http://example.org/sepses#c85e75cb-ec2c-4e5b-b6a6-4f73706e5b52"},"computerName":"DESKTOP-MAC610T","@timestamp":"2018-11-14T11:09:59.101Z","processName":"C:\\Windows\\explorer.exe","objectType":"File","hasLogType":"wineventlog","eventID":4663,"logMessage":"An attempt was made to access an object.\n\nSubject:\n\tSecurity ID:\t\tS-1-5-21-2889181789-4222170037-1347726928-1001\n\tAccount Name:\t\tVirtual Windows 10\n\tAccount Domain:\t\tDESKTOP-MAC610T\n\tLogon ID:\t\t0x29EA7\n\nObject:\n\tObject Server:\t\tSecurity\n\tObject Type:\t\tFile\n\tObject Name:\t\tC:\\Users\\Virtual Windows 10\\Dropbox\n\tHandle ID:\t\t0x3a24\n\tResource Attributes:\tS:AI\n\nProcess Information:\n\tProcess ID:\t\t0xc60\n\tProcess Name:\t\tC:\\Windows\\explorer.exe\n\nAccess Request Information:\n\tAccesses:\t\tReadAttributes\n\t\t\t\t\n\tAccess Mask:\t\t0x80","accesses":"%%4423\n\t\t\t\t","taskCategory":"File System","accountName":"Virtual Windows 10","@context":"http://sepses.ifs.tuwien.ac.at/contexts/wineventlog.jsonld","@type":"http://purl.org/sepses/vocab/log/wineventlog#WindowsEventLogEntry"}
{"objectServer":"Security","source":"Microsoft-Windows-Security-Auditing","objectName":"C:\\Users\\Virtual Windows 10\\Dropbox","keyword":["Audit Success"],"accessMask":"0x80","version":1,"timestamp":"2018-11-14T11:09:59.102Z","logName":"Security","upCode":"Info","@id":"http://example.org/logEntry#logEntry-fef6daf8-bcc8-49b8-a87d-bf701619c789","resourceAttributes":"S:AI","handleID":"0x3a24","processID":"0xc60","level":"Information","logonID":"0x29ea7","accountDomain":"DESKTOP-MAC610T","originatesFrom":{"hostName":{"name":"DESKTOP-MAC610T"},"@type":"rdf:nodeID","@id":"http://example.org/sepses#61024f45-9b49-46f6-9dfa-9788fc2c8059"},"computerName":"DESKTOP-MAC610T","@timestamp":"2018-11-14T11:09:59.102Z","processName":"C:\\Windows\\explorer.exe","objectType":"File","hasLogType":"wineventlog","eventID":4663,"logMessage":"An attempt was made to access an object.\n\nSubject:\n\tSecurity ID:\t\tS-1-5-21-2889181789-4222170037-1347726928-1001\n\tAccount Name:\t\tVirtual Windows 10\n\tAccount Domain:\t\tDESKTOP-MAC610T\n\tLogon ID:\t\t0x29EA7\n\nObject:\n\tObject Server:\t\tSecurity\n\tObject Type:\t\tFile\n\tObject Name:\t\tC:\\Users\\Virtual Windows 10\\Dropbox\n\tHandle ID:\t\t0x3a24\n\tResource Attributes:\tS:AI\n\nProcess Information:\n\tProcess ID:\t\t0xc60\n\tProcess Name:\t\tC:\\Windows\\explorer.exe\n\nAccess Request Information:\n\tAccesses:\t\tReadAttributes\n\t\t\t\t\n\tAccess Mask:\t\t0x80","accesses":"%%4423\n\t\t\t\t","taskCategory":"File System","accountName":"Virtual Windows 10","@context":"http://sepses.ifs.tuwien.ac.at/contexts/wineventlog.jsonld","@type":"http://purl.org/sepses/vocab/log/wineventlog#WindowsEventLogEntry"}
{"objectServer":"Security","source":"Microsoft-Windows-Security-Auditing","objectName":"C:\\Users\\Virtual Windows 10\\Dropbox","keyword":["Audit Success"],"accessMask":"0x80","version":1,"timestamp":"2018-11-14T11:09:59.149Z","logName":"Security","upCode":"Info","@id":"http://example.org/logEntry#logEntry-e4ac1060-3b03-4890-b0d2-f82202c89b5b","resourceAttributes":"S:AI","handleID":"0x1f74","processID":"0x153c","level":"Information","logonID":"0x29ea7","accountDomain":"DESKTOP-MAC610T","originatesFrom":{"hostName":{"name":"DESKTOP-MAC610T"},"@type":"rdf:nodeID","@id":"http://example.org/sepses#737e94bb-ff8a-4518-8ac8-f6b11d9ca7d7"},"computerName":"DESKTOP-MAC610T","@timestamp":"2018-11-14T11:09:59.149Z","processName":"C:\\Program Files (x86)\\Dropbox\\Client\\Dropbox.exe","objectType":"File","hasLogType":"wineventlog","eventID":4663,"logMessage":"An attempt was made to access an object.\n\nSubject:\n\tSecurity ID:\t\tS-1-5-21-2889181789-4222170037-1347726928-1001\n\tAccount Name:\t\tVirtual Windows 10\n\tAccount Domain:\t\tDESKTOP-MAC610T\n\tLogon ID:\t\t0x29EA7\n\nObject:\n\tObject Server:\t\tSecurity\n\tObject Type:\t\tFile\n\tObject Name:\t\tC:\\Users\\Virtual Windows 10\\Dropbox\n\tHandle ID:\t\t0x1f74\n\tResource Attributes:\tS:AI\n\nProcess Information:\n\tProcess ID:\t\t0x153c\n\tProcess Name:\t\tC:\\Program Files (x86)\\Dropbox\\Client\\Dropbox.exe\n\nAccess Request Information:\n\tAccesses:\t\tReadAttributes\n\t\t\t\t\n\tAccess Mask:\t\t0x80","accesses":"%%4423\n\t\t\t\t","taskCategory":"File System","accountName":"Virtual Windows 10","@context":"http://sepses.ifs.tuwien.ac.at/contexts/wineventlog.jsonld","@type":"http://purl.org/sepses/vocab/log/wineventlog#WindowsEventLogEntry"}
{"objectServer":"Security","source":"Microsoft-Windows-Security-Auditing","objectName":"C:\\Users\\Virtual Windows 10\\Dropbox","keyword":["Audit Success"],"accessMask":"0x80","version":1,"timestamp":"2018-11-14T11:09:59.149Z","logName":"Security","upCode":"Info","@id":"http://example.org/logEntry#logEntry-bd16f401-427e-4fd3-b248-93ef73562923","resourceAttributes":"S:AI","handleID":"0x1f74","processID":"0x153c","level":"Information","logonID":"0x29ea7","accountDomain":"DESKTOP-MAC610T","originatesFrom":{"hostName":{"name":"DESKTOP-MAC610T"},"@type":"rdf:nodeID","@id":"http://example.org/sepses#f0691dc5-ac9c-49b2-8424-5f20d671bbbc"},"computerName":"DESKTOP-MAC610T","@timestamp":"2018-11-14T11:09:59.149Z","processName":"C:\\Program Files (x86)\\Dropbox\\Client\\Dropbox.exe","objectType":"File","hasLogType":"wineventlog","eventID":4663,"logMessage":"An attempt was made to access an object.\n\nSubject:\n\tSecurity ID:\t\tS-1-5-21-2889181789-4222170037-1347726928-1001\n\tAccount Name:\t\tVirtual Windows 10\n\tAccount Domain:\t\tDESKTOP-MAC610T\n\tLogon ID:\t\t0x29EA7\n\nObject:\n\tObject Server:\t\tSecurity\n\tObject Type:\t\tFile\n\tObject Name:\t\tC:\\Users\\Virtual Windows 10\\Dropbox\n\tHandle ID:\t\t0x1f74\n\tResource Attributes:\tS:AI\n\nProcess Information:\n\tProcess ID:\t\t0x153c\n\tProcess Name:\t\tC:\\Program Files (x86)\\Dropbox\\Client\\Dropbox.exe\n\nAccess Request Information:\n\tAccesses:\t\tReadAttributes\n\t\t\t\t\n\tAccess Mask:\t\t0x80","accesses":"%%4423\n\t\t\t\t","taskCategory":"File System","accountName":"Virtual Windows 10","@context":"http://sepses.ifs.tuwien.ac.at/contexts/wineventlog.jsonld","@type":"http://purl.org/sepses/vocab/log/wineventlog#WindowsEventLogEntry"}
{"objectServer":"Security","source":"Microsoft-Windows-Security-Auditing","objectName":"C:\\Users\\Virtual Windows 10\\Dropbox","keyword":["Audit Success"],"accessMask":"0x80","version":1,"timestamp":"2018-11-14T11:09:59.150Z","logName":"Security","upCode":"Info","@id":"http://example.org/logEntry#logEntry-b2094069-3ec2-4eed-990b-e6a5dfc6ba5b","resourceAttributes":"S:AI","handleID":"0x1f74","processID":"0x153c","level":"Information","logonID":"0x29ea7","accountDomain":"DESKTOP-MAC610T","originatesFrom":{"hostName":{"name":"DESKTOP-MAC610T"},"@type":"rdf:nodeID","@id":"http://example.org/sepses#94a38918-677b-45c8-a4da-1681371d8897"},"computerName":"DESKTOP-MAC610T","@timestamp":"2018-11-14T11:09:59.150Z","processName":"C:\\Program Files (x86)\\Dropbox\\Client\\Dropbox.exe","objectType":"File","hasLogType":"wineventlog","eventID":4663,"logMessage":"An attempt was made to access an object.\n\nSubject:\n\tSecurity ID:\t\tS-1-5-21-2889181789-4222170037-1347726928-1001\n\tAccount Name:\t\tVirtual Windows 10\n\tAccount Domain:\t\tDESKTOP-MAC610T\n\tLogon ID:\t\t0x29EA7\n\nObject:\n\tObject Server:\t\tSecurity\n\tObject Type:\t\tFile\n\tObject Name:\t\tC:\\Users\\Virtual Windows 10\\Dropbox\n\tHandle ID:\t\t0x1f74\n\tResource Attributes:\tS:AI\n\nProcess Information:\n\tProcess ID:\t\t0x153c\n\tProcess Name:\t\tC:\\Program Files (x86)\\Dropbox\\Client\\Dropbox.exe\n\nAccess Request Information:\n\tAccesses:\t\tReadAttributes\n\t\t\t\t\n\tAccess Mask:\t\t0x80","accesses":"%%4423\n\t\t\t\t","taskCategory":"File System","accountName":"Virtual Windows 10","@context":"http://sepses.ifs.tuwien.ac.at/contexts/wineventlog.jsonld","@type":"http://purl.org/sepses/vocab/log/wineventlog#WindowsEventLogEntry"}
{"objectServer":"Security","source":"Microsoft-Windows-Security-Auditing","objectName":"C:\\Users\\Virtual Windows 10\\Dropbox\\wordpad_rename.rtf","keyword":["Audit Success"],"accessMask":"0x80","version":1,"timestamp":"2018-11-14T11:09:59.154Z","logName":"Security","upCode":"Info","@id":"http://example.org/logEntry#logEntry-3448c2fe-dcf8-4344-9c3a-5931d2ab32a0","resourceAttributes":"S:AI","handleID":"0x1f74","processID":"0x153c","level":"Information","logonID":"0x29ea7","accountDomain":"DESKTOP-MAC610T","originatesFrom":{"hostName":{"name":"DESKTOP-MAC610T"},"@type":"rdf:nodeID","@id":"http://example.org/sepses#b46122f9-7533-48a4-a988-77caf866916a"},"computerName":"DESKTOP-MAC610T","@timestamp":"2018-11-14T11:09:59.154Z","processName":"C:\\Program Files (x86)\\Dropbox\\Client\\Dropbox.exe","objectType":"File","hasLogType":"wineventlog","eventID":4663,"logMessage":"An attempt was made to access an object.\n\nSubject:\n\tSecurity ID:\t\tS-1-5-21-2889181789-4222170037-1347726928-1001\n\tAccount Name:\t\tVirtual Windows 10\n\tAccount Domain:\t\tDESKTOP-MAC610T\n\tLogon ID:\t\t0x29EA7\n\nObject:\n\tObject Server:\t\tSecurity\n\tObject Type:\t\tFile\n\tObject Name:\t\tC:\\Users\\Virtual Windows 10\\Dropbox\\wordpad_rename.rtf\n\tHandle ID:\t\t0x1f74\n\tResource Attributes:\tS:AI\n\nProcess Information:\n\tProcess ID:\t\t0x153c\n\tProcess Name:\t\tC:\\Program Files (x86)\\Dropbox\\Client\\Dropbox.exe\n\nAccess Request Information:\n\tAccesses:\t\tReadAttributes\n\t\t\t\t\n\tAccess Mask:\t\t0x80","accesses":"%%4423\n\t\t\t\t","taskCategory":"File System","accountName":"Virtual Windows 10","@context":"http://sepses.ifs.tuwien.ac.at/contexts/wineventlog.jsonld","@type":"http://purl.org/sepses/vocab/log/wineventlog#WindowsEventLogEntry"}
{"objectServer":"Security","source":"Microsoft-Windows-Security-Auditing","objectName":"C:\\Users\\Virtual Windows 10\\Dropbox\\wordpad_rename.rtf","keyword":["Audit Success"],"accessMask":"0x80","version":1,"timestamp":"2018-11-14T11:09:59.154Z","logName":"Security","upCode":"Info","@id":"http://example.org/logEntry#logEntry-78053b6b-d23a-4523-b60b-3f577aa48adb","resourceAttributes":"S:AI","handleID":"0x1f74","processID":"0x153c","level":"Information","logonID":"0x29ea7","accountDomain":"DESKTOP-MAC610T","originatesFrom":{"hostName":{"name":"DESKTOP-MAC610T"},"@type":"rdf:nodeID","@id":"http://example.org/sepses#f5420f23-4df0-48d6-b223-ee62f48723e2"},"computerName":"DESKTOP-MAC610T","@timestamp":"2018-11-14T11:09:59.154Z","processName":"C:\\Program Files (x86)\\Dropbox\\Client\\Dropbox.exe","objectType":"File","hasLogType":"wineventlog","eventID":4663,"logMessage":"An attempt was made to access an object.\n\nSubject:\n\tSecurity ID:\t\tS-1-5-21-2889181789-4222170037-1347726928-1001\n\tAccount Name:\t\tVirtual Windows 10\n\tAccount Domain:\t\tDESKTOP-MAC610T\n\tLogon ID:\t\t0x29EA7\n\nObject:\n\tObject Server:\t\tSecurity\n\tObject Type:\t\tFile\n\tObject Name:\t\tC:\\Users\\Virtual Windows 10\\Dropbox\\wordpad_rename.rtf\n\tHandle ID:\t\t0x1f74\n\tResource Attributes:\tS:AI\n\nProcess Information:\n\tProcess ID:\t\t0x153c\n\tProcess Name:\t\tC:\\Program Files (x86)\\Dropbox\\Client\\Dropbox.exe\n\nAccess Request Information:\n\tAccesses:\t\tReadAttributes\n\t\t\t\t\n\tAccess Mask:\t\t0x80","accesses":"%%4423\n\t\t\t\t","taskCategory":"File System","accountName":"Virtual Windows 10","@context":"http://sepses.ifs.tuwien.ac.at/contexts/wineventlog.jsonld","@type":"http://purl.org/sepses/vocab/log/wineventlog#WindowsEventLogEntry"}
{"objectServer":"Security","source":"Microsoft-Windows-Security-Auditing","objectName":"C:\\Users\\Virtual Windows 10\\Dropbox","keyword":["Audit Success"],"accessMask":"0x80","version":1,"timestamp":"2018-11-14T11:09:59.156Z","logName":"Security","upCode":"Info","@id":"http://example.org/logEntry#logEntry-fd27ea41-bbbe-43b5-80c9-189587a6d9fa","resourceAttributes":"S:AI","handleID":"0x2068","processID":"0x153c","level":"Information","logonID":"0x29ea7","accountDomain":"DESKTOP-MAC610T","originatesFrom":{"hostName":{"name":"DESKTOP-MAC610T"},"@type":"rdf:nodeID","@id":"http://example.org/sepses#1118b98b-2a6f-4723-8870-e7f5250df718"},"computerName":"DESKTOP-MAC610T","@timestamp":"2018-11-14T11:09:59.156Z","processName":"C:\\Program Files (x86)\\Dropbox\\Client\\Dropbox.exe","objectType":"File","hasLogType":"wineventlog","eventID":4663,"logMessage":"An attempt was made to access an object.\n\nSubject:\n\tSecurity ID:\t\tS-1-5-21-2889181789-4222170037-1347726928-1001\n\tAccount Name:\t\tVirtual Windows 10\n\tAccount Domain:\t\tDESKTOP-MAC610T\n\tLogon ID:\t\t0x29EA7\n\nObject:\n\tObject Server:\t\tSecurity\n\tObject Type:\t\tFile\n\tObject Name:\t\tC:\\Users\\Virtual Windows 10\\Dropbox\n\tHandle ID:\t\t0x2068\n\tResource Attributes:\tS:AI\n\nProcess Information:\n\tProcess ID:\t\t0x153c\n\tProcess Name:\t\tC:\\Program Files (x86)\\Dropbox\\Client\\Dropbox.exe\n\nAccess Request Information:\n\tAccesses:\t\tReadAttributes\n\t\t\t\t\n\tAccess Mask:\t\t0x80","accesses":"%%4423\n\t\t\t\t","taskCategory":"File System","accountName":"Virtual Windows 10","@context":"http://sepses.ifs.tuwien.ac.at/contexts/wineventlog.jsonld","@type":"http://purl.org/sepses/vocab/log/wineventlog#WindowsEventLogEntry"}
{"objectServer":"Security","source":"Microsoft-Windows-Security-Auditing","objectName":"C:\\Users\\Virtual Windows 10\\Dropbox","keyword":["Audit Success"],"accessMask":"0x80","version":1,"timestamp":"2018-11-14T11:09:59.157Z","logName":"Security","upCode":"Info","@id":"http://example.org/logEntry#logEntry-969ff139-a314-4b19-bc27-c1a2df49cdbf","resourceAttributes":"S:AI","handleID":"0x2068","processID":"0x153c","level":"Information","logonID":"0x29ea7","accountDomain":"DESKTOP-MAC610T","originatesFrom":{"hostName":{"name":"DESKTOP-MAC610T"},"@type":"rdf:nodeID","@id":"http://example.org/sepses#1c9dc2e1-690e-486d-9114-43c02e855655"},"computerName":"DESKTOP-MAC610T","@timestamp":"2018-11-14T11:09:59.157Z","processName":"C:\\Program Files (x86)\\Dropbox\\Client\\Dropbox.exe","objectType":"File","hasLogType":"wineventlog","eventID":4663,"logMessage":"An attempt was made to access an object.\n\nSubject:\n\tSecurity ID:\t\tS-1-5-21-2889181789-4222170037-1347726928-1001\n\tAccount Name:\t\tVirtual Windows 10\n\tAccount Domain:\t\tDESKTOP-MAC610T\n\tLogon ID:\t\t0x29EA7\n\nObject:\n\tObject Server:\t\tSecurity\n\tObject Type:\t\tFile\n\tObject Name:\t\tC:\\Users\\Virtual Windows 10\\Dropbox\n\tHandle ID:\t\t0x2068\n\tResource Attributes:\tS:AI\n\nProcess Information:\n\tProcess ID:\t\t0x153c\n\tProcess Name:\t\tC:\\Program Files (x86)\\Dropbox\\Client\\Dropbox.exe\n\nAccess Request Information:\n\tAccesses:\t\tReadAttributes\n\t\t\t\t\n\tAccess Mask:\t\t0x80","accesses":"%%4423\n\t\t\t\t","taskCategory":"File System","accountName":"Virtual Windows 10","@context":"http://sepses.ifs.tuwien.ac.at/contexts/wineventlog.jsonld","@type":"http://purl.org/sepses/vocab/log/wineventlog#WindowsEventLogEntry"}
{"objectServer":"Security","source":"Microsoft-Windows-Security-Auditing","objectName":"C:\\Users\\Virtual Windows 10\\Dropbox","keyword":["Audit Success"],"accessMask":"0x80","version":1,"timestamp":"2018-11-14T11:09:59.157Z","logName":"Security","upCode":"Info","@id":"http://example.org/logEntry#logEntry-a668f510-ddb2-4311-bc89-4b33611a8cf2","resourceAttributes":"S:AI","handleID":"0x2068","processID":"0x153c","level":"Information","logonID":"0x29ea7","accountDomain":"DESKTOP-MAC610T","originatesFrom":{"hostName":{"name":"DESKTOP-MAC610T"},"@type":"rdf:nodeID","@id":"http://example.org/sepses#b13b1cee-8b7b-45c0-9a12-99a28217c3e0"},"computerName":"DESKTOP-MAC610T","@timestamp":"2018-11-14T11:09:59.157Z","processName":"C:\\Program Files (x86)\\Dropbox\\Client\\Dropbox.exe","objectType":"File","hasLogType":"wineventlog","eventID":4663,"logMessage":"An attempt was made to access an object.\n\nSubject:\n\tSecurity ID:\t\tS-1-5-21-2889181789-4222170037-1347726928-1001\n\tAccount Name:\t\tVirtual Windows 10\n\tAccount Domain:\t\tDESKTOP-MAC610T\n\tLogon ID:\t\t0x29EA7\n\nObject:\n\tObject Server:\t\tSecurity\n\tObject Type:\t\tFile\n\tObject Name:\t\tC:\\Users\\Virtual Windows 10\\Dropbox\n\tHandle ID:\t\t0x2068\n\tResource Attributes:\tS:AI\n\nProcess Information:\n\tProcess ID:\t\t0x153c\n\tProcess Name:\t\tC:\\Program Files (x86)\\Dropbox\\Client\\Dropbox.exe\n\nAccess Request Information:\n\tAccesses:\t\tReadAttributes\n\t\t\t\t\n\tAccess Mask:\t\t0x80","accesses":"%%4423\n\t\t\t\t","taskCategory":"File System","accountName":"Virtual Windows 10","@context":"http://sepses.ifs.tuwien.ac.at/contexts/wineventlog.jsonld","@type":"http://purl.org/sepses/vocab/log/wineventlog#WindowsEventLogEntry"}
{"objectServer":"Security","source":"Microsoft-Windows-Security-Auditing","objectName":"C:\\Users\\Virtual Windows 10\\Dropbox","keyword":["Audit Success"],"accessMask":"0x80","version":1,"timestamp":"2018-11-14T11:09:59.159Z","logName":"Security","upCode":"Info","@id":"http://example.org/logEntry#logEntry-ae31c704-0aef-413b-83f5-205534e078ee","resourceAttributes":"S:AI","handleID":"0x2068","processID":"0x153c","level":"Information","logonID":"0x29ea7","accountDomain":"DESKTOP-MAC610T","originatesFrom":{"hostName":{"name":"DESKTOP-MAC610T"},"@type":"rdf:nodeID","@id":"http://example.org/sepses#43001577-5fdc-4b0f-8b6a-5a3b206d67b9"},"computerName":"DESKTOP-MAC610T","@timestamp":"2018-11-14T11:09:59.159Z","processName":"C:\\Program Files (x86)\\Dropbox\\Client\\Dropbox.exe","objectType":"File","hasLogType":"wineventlog","eventID":4663,"logMessage":"An attempt was made to access an object.\n\nSubject:\n\tSecurity ID:\t\tS-1-5-21-2889181789-4222170037-1347726928-1001\n\tAccount Name:\t\tVirtual Windows 10\n\tAccount Domain:\t\tDESKTOP-MAC610T\n\tLogon ID:\t\t0x29EA7\n\nObject:\n\tObject Server:\t\tSecurity\n\tObject Type:\t\tFile\n\tObject Name:\t\tC:\\Users\\Virtual Windows 10\\Dropbox\n\tHandle ID:\t\t0x2068\n\tResource Attributes:\tS:AI\n\nProcess Information:\n\tProcess ID:\t\t0x153c\n\tProcess Name:\t\tC:\\Program Files (x86)\\Dropbox\\Client\\Dropbox.exe\n\nAccess Request Information:\n\tAccesses:\t\tReadAttributes\n\t\t\t\t\n\tAccess Mask:\t\t0x80","accesses":"%%4423\n\t\t\t\t","taskCategory":"File System","accountName":"Virtual Windows 10","@context":"http://sepses.ifs.tuwien.ac.at/contexts/wineventlog.jsonld","@type":"http://purl.org/sepses/vocab/log/wineventlog#WindowsEventLogEntry"}
{"objectServer":"Security","source":"Microsoft-Windows-Security-Auditing","objectName":"C:\\Users\\Virtual Windows 10\\Dropbox","keyword":["Audit Success"],"accessMask":"0x80","version":1,"timestamp":"2018-11-14T11:09:59.159Z","logName":"Security","upCode":"Info","@id":"http://example.org/logEntry#logEntry-16995967-5c8f-4cae-b25f-16d41b2678cd","resourceAttributes":"S:AI","handleID":"0x2068","processID":"0x153c","level":"Information","logonID":"0x29ea7","accountDomain":"DESKTOP-MAC610T","originatesFrom":{"hostName":{"name":"DESKTOP-MAC610T"},"@type":"rdf:nodeID","@id":"http://example.org/sepses#be746124-2d35-48fb-9740-e0fbb27cabea"},"computerName":"DESKTOP-MAC610T","@timestamp":"2018-11-14T11:09:59.159Z","processName":"C:\\Program Files (x86)\\Dropbox\\Client\\Dropbox.exe","objectType":"File","hasLogType":"wineventlog","eventID":4663,"logMessage":"An attempt was made to access an object.\n\nSubject:\n\tSecurity ID:\t\tS-1-5-21-2889181789-4222170037-1347726928-1001\n\tAccount Name:\t\tVirtual Windows 10\n\tAccount Domain:\t\tDESKTOP-MAC610T\n\tLogon ID:\t\t0x29EA7\n\nObject:\n\tObject Server:\t\tSecurity\n\tObject Type:\t\tFile\n\tObject Name:\t\tC:\\Users\\Virtual Windows 10\\Dropbox\n\tHandle ID:\t\t0x2068\n\tResource Attributes:\tS:AI\n\nProcess Information:\n\tProcess ID:\t\t0x153c\n\tProcess Name:\t\tC:\\Program Files (x86)\\Dropbox\\Client\\Dropbox.exe\n\nAccess Request Information:\n\tAccesses:\t\tReadAttributes\n\t\t\t\t\n\tAccess Mask:\t\t0x80","accesses":"%%4423\n\t\t\t\t","taskCategory":"File System","accountName":"Virtual Windows 10","@context":"http://sepses.ifs.tuwien.ac.at/contexts/wineventlog.jsonld","@type":"http://purl.org/sepses/vocab/log/wineventlog#WindowsEventLogEntry"}
{"objectServer":"Security","source":"Microsoft-Windows-Security-Auditing","objectName":"C:\\Users\\Virtual Windows 10\\Dropbox","keyword":["Audit Success"],"accessMask":"0x80","version":1,"timestamp":"2018-11-14T11:09:59.159Z","logName":"Security","upCode":"Info","@id":"http://example.org/logEntry#logEntry-623a0ebd-1bc2-419e-a04d-39fbf42fd9d9","resourceAttributes":"S:AI","handleID":"0x2068","processID":"0x153c","level":"Information","logonID":"0x29ea7","accountDomain":"DESKTOP-MAC610T","originatesFrom":{"hostName":{"name":"DESKTOP-MAC610T"},"@type":"rdf:nodeID","@id":"http://example.org/sepses#96ac674d-e846-46a8-be09-d53654069224"},"computerName":"DESKTOP-MAC610T","@timestamp":"2018-11-14T11:09:59.159Z","processName":"C:\\Program Files (x86)\\Dropbox\\Client\\Dropbox.exe","objectType":"File","hasLogType":"wineventlog","eventID":4663,"logMessage":"An attempt was made to access an object.\n\nSubject:\n\tSecurity ID:\t\tS-1-5-21-2889181789-4222170037-1347726928-1001\n\tAccount Name:\t\tVirtual Windows 10\n\tAccount Domain:\t\tDESKTOP-MAC610T\n\tLogon ID:\t\t0x29EA7\n\nObject:\n\tObject Server:\t\tSecurity\n\tObject Type:\t\tFile\n\tObject Name:\t\tC:\\Users\\Virtual Windows 10\\Dropbox\n\tHandle ID:\t\t0x2068\n\tResource Attributes:\tS:AI\n\nProcess Information:\n\tProcess ID:\t\t0x153c\n\tProcess Name:\t\tC:\\Program Files (x86)\\Dropbox\\Client\\Dropbox.exe\n\nAccess Request Information:\n\tAccesses:\t\tReadAttributes\n\t\t\t\t\n\tAccess Mask:\t\t0x80","accesses":"%%4423\n\t\t\t\t","taskCategory":"File System","accountName":"Virtual Windows 10","@context":"http://sepses.ifs.tuwien.ac.at/contexts/wineventlog.jsonld","@type":"http://purl.org/sepses/vocab/log/wineventlog#WindowsEventLogEntry"}
{"objectServer":"Security","source":"Microsoft-Windows-Security-Auditing","objectName":"C:\\Users\\Virtual Windows 10\\Dropbox","keyword":["Audit Success"],"accessMask":"0x80","version":1,"timestamp":"2018-11-14T11:09:59.195Z","logName":"Security","upCode":"Info","@id":"http://example.org/logEntry#logEntry-01ef73ad-892b-4acf-97b8-b2f439ed9889","resourceAttributes":"S:AI","handleID":"0x35fc","processID":"0xc60","level":"Information","logonID":"0x29ea7","accountDomain":"DESKTOP-MAC610T","originatesFrom":{"hostName":{"name":"DESKTOP-MAC610T"},"@type":"rdf:nodeID","@id":"http://example.org/sepses#bd3bcd58-e8f1-41b3-b17e-26e46eaed91e"},"computerName":"DESKTOP-MAC610T","@timestamp":"2018-11-14T11:09:59.195Z","processName":"C:\\Windows\\explorer.exe","objectType":"File","hasLogType":"wineventlog","eventID":4663,"logMessage":"An attempt was made to access an object.\n\nSubject:\n\tSecurity ID:\t\tS-1-5-21-2889181789-4222170037-1347726928-1001\n\tAccount Name:\t\tVirtual Windows 10\n\tAccount Domain:\t\tDESKTOP-MAC610T\n\tLogon ID:\t\t0x29EA7\n\nObject:\n\tObject Server:\t\tSecurity\n\tObject Type:\t\tFile\n\tObject Name:\t\tC:\\Users\\Virtual Windows 10\\Dropbox\n\tHandle ID:\t\t0x35fc\n\tResource Attributes:\tS:AI\n\nProcess Information:\n\tProcess ID:\t\t0xc60\n\tProcess Name:\t\tC:\\Windows\\explorer.exe\n\nAccess Request Information:\n\tAccesses:\t\tReadAttributes\n\t\t\t\t\n\tAccess Mask:\t\t0x80","accesses":"%%4423\n\t\t\t\t","taskCategory":"File System","accountName":"Virtual Windows 10","@context":"http://sepses.ifs.tuwien.ac.at/contexts/wineventlog.jsonld","@type":"http://purl.org/sepses/vocab/log/wineventlog#WindowsEventLogEntry"}
{"objectServer":"Security","source":"Microsoft-Windows-Security-Auditing","objectName":"C:\\Users\\Virtual Windows 10\\Dropbox","keyword":["Audit Success"],"accessMask":"0x80","version":1,"timestamp":"2018-11-14T11:09:59.197Z","logName":"Security","upCode":"Info","@id":"http://example.org/logEntry#logEntry-504369d4-99b7-4450-8dfb-4f6c5c68f03c","resourceAttributes":"S:AI","handleID":"0x416c","processID":"0xc60","level":"Information","logonID":"0x29ea7","accountDomain":"DESKTOP-MAC610T","originatesFrom":{"hostName":{"name":"DESKTOP-MAC610T"},"@type":"rdf:nodeID","@id":"http://example.org/sepses#efadc664-f3f3-4f0e-b385-559c449d21c5"},"computerName":"DESKTOP-MAC610T","@timestamp":"2018-11-14T11:09:59.197Z","processName":"C:\\Windows\\explorer.exe","objectType":"File","hasLogType":"wineventlog","eventID":4663,"logMessage":"An attempt was made to access an object.\n\nSubject:\n\tSecurity ID:\t\tS-1-5-21-2889181789-4222170037-1347726928-1001\n\tAccount Name:\t\tVirtual Windows 10\n\tAccount Domain:\t\tDESKTOP-MAC610T\n\tLogon ID:\t\t0x29EA7\n\nObject:\n\tObject Server:\t\tSecurity\n\tObject Type:\t\tFile\n\tObject Name:\t\tC:\\Users\\Virtual Windows 10\\Dropbox\n\tHandle ID:\t\t0x416c\n\tResource Attributes:\tS:AI\n\nProcess Information:\n\tProcess ID:\t\t0xc60\n\tProcess Name:\t\tC:\\Windows\\explorer.exe\n\nAccess Request Information:\n\tAccesses:\t\tReadAttributes\n\t\t\t\t\n\tAccess Mask:\t\t0x80","accesses":"%%4423\n\t\t\t\t","taskCategory":"File System","accountName":"Virtual Windows 10","@context":"http://sepses.ifs.tuwien.ac.at/contexts/wineventlog.jsonld","@type":"http://purl.org/sepses/vocab/log/wineventlog#WindowsEventLogEntry"}
{"objectServer":"Security","source":"Microsoft-Windows-Security-Auditing","objectName":"C:\\Users\\Virtual Windows 10\\Dropbox","keyword":["Audit Success"],"accessMask":"0x80","version":1,"timestamp":"2018-11-14T11:09:59.197Z","logName":"Security","upCode":"Info","@id":"http://example.org/logEntry#logEntry-0364a52c-1ddf-47a8-828b-1779aa4dd785","resourceAttributes":"S:AI","handleID":"0x416c","processID":"0xc60","level":"Information","logonID":"0x29ea7","accountDomain":"DESKTOP-MAC610T","originatesFrom":{"hostName":{"name":"DESKTOP-MAC610T"},"@type":"rdf:nodeID","@id":"http://example.org/sepses#a4d92f09-4975-4cad-bc66-53de6259ee72"},"computerName":"DESKTOP-MAC610T","@timestamp":"2018-11-14T11:09:59.197Z","processName":"C:\\Windows\\explorer.exe","objectType":"File","hasLogType":"wineventlog","eventID":4663,"logMessage":"An attempt was made to access an object.\n\nSubject:\n\tSecurity ID:\t\tS-1-5-21-2889181789-4222170037-1347726928-1001\n\tAccount Name:\t\tVirtual Windows 10\n\tAccount Domain:\t\tDESKTOP-MAC610T\n\tLogon ID:\t\t0x29EA7\n\nObject:\n\tObject Server:\t\tSecurity\n\tObject Type:\t\tFile\n\tObject Name:\t\tC:\\Users\\Virtual Windows 10\\Dropbox\n\tHandle ID:\t\t0x416c\n\tResource Attributes:\tS:AI\n\nProcess Information:\n\tProcess ID:\t\t0xc60\n\tProcess Name:\t\tC:\\Windows\\explorer.exe\n\nAccess Request Information:\n\tAccesses:\t\tReadAttributes\n\t\t\t\t\n\tAccess Mask:\t\t0x80","accesses":"%%4423\n\t\t\t\t","taskCategory":"File System","accountName":"Virtual Windows 10","@context":"http://sepses.ifs.tuwien.ac.at/contexts/wineventlog.jsonld","@type":"http://purl.org/sepses/vocab/log/wineventlog#WindowsEventLogEntry"}
{"objectServer":"Security","source":"Microsoft-Windows-Security-Auditing","objectName":"C:\\Users\\Virtual Windows 10\\Dropbox","keyword":["Audit Success"],"accessMask":"0x80","version":1,"timestamp":"2018-11-14T11:09:59.198Z","logName":"Security","upCode":"Info","@id":"http://example.org/logEntry#logEntry-9b450e0d-82c9-42d5-89e1-6796031ac462","resourceAttributes":"S:AI","handleID":"0x416c","processID":"0xc60","level":"Information","logonID":"0x29ea7","accountDomain":"DESKTOP-MAC610T","originatesFrom":{"hostName":{"name":"DESKTOP-MAC610T"},"@type":"rdf:nodeID","@id":"http://example.org/sepses#614b4484-d262-4a36-93bb-b4f4f240fc8f"},"computerName":"DESKTOP-MAC610T","@timestamp":"2018-11-14T11:09:59.198Z","processName":"C:\\Windows\\explorer.exe","objectType":"File","hasLogType":"wineventlog","eventID":4663,"logMessage":"An attempt was made to access an object.\n\nSubject:\n\tSecurity ID:\t\tS-1-5-21-2889181789-4222170037-1347726928-1001\n\tAccount Name:\t\tVirtual Windows 10\n\tAccount Domain:\t\tDESKTOP-MAC610T\n\tLogon ID:\t\t0x29EA7\n\nObject:\n\tObject Server:\t\tSecurity\n\tObject Type:\t\tFile\n\tObject Name:\t\tC:\\Users\\Virtual Windows 10\\Dropbox\n\tHandle ID:\t\t0x416c\n\tResource Attributes:\tS:AI\n\nProcess Information:\n\tProcess ID:\t\t0xc60\n\tProcess Name:\t\tC:\\Windows\\explorer.exe\n\nAccess Request Information:\n\tAccesses:\t\tReadAttributes\n\t\t\t\t\n\tAccess Mask:\t\t0x80","accesses":"%%4423\n\t\t\t\t","taskCategory":"File System","accountName":"Virtual Windows 10","@context":"http://sepses.ifs.tuwien.ac.at/contexts/wineventlog.jsonld","@type":"http://purl.org/sepses/vocab/log/wineventlog#WindowsEventLogEntry"}
{"objectServer":"Security","source":"Microsoft-Windows-Security-Auditing","objectName":"\\Device\\HarddiskVolume3\\","keyword":["Audit Success"],"accessMask":"0x1","version":1,"timestamp":"2018-11-14T11:09:59.373Z","logName":"Security","upCode":"Info","@id":"http://example.org/logEntry#logEntry-a4a01e7d-8420-4f1b-8887-d34d33bfa61c","handleID":"0x26f8","processID":"0xc60","level":"Information","logonID":"0x29ea7","accountDomain":"DESKTOP-MAC610T","originatesFrom":{"hostName":{"name":"DESKTOP-MAC610T"},"@type":"rdf:nodeID","@id":"http://example.org/sepses#376b8416-eaa3-48af-b992-3aa24dbdf117"},"computerName":"DESKTOP-MAC610T","@timestamp":"2018-11-14T11:09:59.373Z","processName":"C:\\Windows\\explorer.exe","objectType":"File","hasLogType":"wineventlog","eventID":4663,"logMessage":"An attempt was made to access an object.\n\nSubject:\n\tSecurity ID:\t\tS-1-5-21-2889181789-4222170037-1347726928-1001\n\tAccount Name:\t\tVirtual Windows 10\n\tAccount Domain:\t\tDESKTOP-MAC610T\n\tLogon ID:\t\t0x29EA7\n\nObject:\n\tObject Server:\t\tSecurity\n\tObject Type:\t\tFile\n\tObject Name:\t\t\\Device\\HarddiskVolume3\\\n\tHandle ID:\t\t0x26f8\n\tResource Attributes:\t\n\nProcess Information:\n\tProcess ID:\t\t0xc60\n\tProcess Name:\t\tC:\\Windows\\explorer.exe\n\nAccess Request Information:\n\tAccesses:\t\tReadData (or ListDirectory)\n\t\t\t\t\n\tAccess Mask:\t\t0x1","accesses":"%%4416\n\t\t\t\t","taskCategory":"Removable Storage","accountName":"Virtual Windows 10","@context":"http://sepses.ifs.tuwien.ac.at/contexts/wineventlog.jsonld","@type":"http://purl.org/sepses/vocab/log/wineventlog#WindowsEventLogEntry"}
{"objectServer":"Security","source":"Microsoft-Windows-Security-Auditing","objectName":"C:\\Users\\Virtual Windows 10\\Dropbox","keyword":["Audit Success"],"accessMask":"0x80","version":1,"timestamp":"2018-11-14T11:09:59.627Z","logName":"Security","upCode":"Info","@id":"http://example.org/logEntry#logEntry-a12d0f6b-5f8b-48b5-87a6-e0e129eba6fd","resourceAttributes":"S:AI","handleID":"0x26f8","processID":"0xc60","level":"Information","logonID":"0x29ea7","accountDomain":"DESKTOP-MAC610T","originatesFrom":{"hostName":{"name":"DESKTOP-MAC610T"},"@type":"rdf:nodeID","@id":"http://example.org/sepses#39863389-69fe-4df0-9b4a-95f698158e90"},"computerName":"DESKTOP-MAC610T","@timestamp":"2018-11-14T11:09:59.627Z","processName":"C:\\Windows\\explorer.exe","objectType":"File","hasLogType":"wineventlog","eventID":4663,"logMessage":"An attempt was made to access an object.\n\nSubject:\n\tSecurity ID:\t\tS-1-5-21-2889181789-4222170037-1347726928-1001\n\tAccount Name:\t\tVirtual Windows 10\n\tAccount Domain:\t\tDESKTOP-MAC610T\n\tLogon ID:\t\t0x29EA7\n\nObject:\n\tObject Server:\t\tSecurity\n\tObject Type:\t\tFile\n\tObject Name:\t\tC:\\Users\\Virtual Windows 10\\Dropbox\n\tHandle ID:\t\t0x26f8\n\tResource Attributes:\tS:AI\n\nProcess Information:\n\tProcess ID:\t\t0xc60\n\tProcess Name:\t\tC:\\Windows\\explorer.exe\n\nAccess Request Information:\n\tAccesses:\t\tReadAttributes\n\t\t\t\t\n\tAccess Mask:\t\t0x80","accesses":"%%4423\n\t\t\t\t","taskCategory":"File System","accountName":"Virtual Windows 10","@context":"http://sepses.ifs.tuwien.ac.at/contexts/wineventlog.jsonld","@type":"http://purl.org/sepses/vocab/log/wineventlog#WindowsEventLogEntry"}
{"objectServer":"Security","source":"Microsoft-Windows-Security-Auditing","objectName":"C:\\Users\\Virtual Windows 10\\UserDocuments","keyword":["Audit Success"],"accessMask":"0x80","version":1,"timestamp":"2018-11-14T11:09:59.631Z","logName":"Security","upCode":"Info","@id":"http://example.org/logEntry#logEntry-2120c854-61bc-4785-9f35-12aa9b146372","resourceAttributes":"S:AI","handleID":"0x2560","processID":"0xc60","level":"Information","logonID":"0x29ea7","accountDomain":"DESKTOP-MAC610T","originatesFrom":{"hostName":{"name":"DESKTOP-MAC610T"},"@type":"rdf:nodeID","@id":"http://example.org/sepses#ec97e58d-439e-4f06-b6f9-fba1400edb1d"},"computerName":"DESKTOP-MAC610T","@timestamp":"2018-11-14T11:09:59.631Z","processName":"C:\\Windows\\explorer.exe","objectType":"File","hasLogType":"wineventlog","eventID":4663,"logMessage":"An attempt was made to access an object.\n\nSubject:\n\tSecurity ID:\t\tS-1-5-21-2889181789-4222170037-1347726928-1001\n\tAccount Name:\t\tVirtual Windows 10\n\tAccount Domain:\t\tDESKTOP-MAC610T\n\tLogon ID:\t\t0x29EA7\n\nObject:\n\tObject Server:\t\tSecurity\n\tObject Type:\t\tFile\n\tObject Name:\t\tC:\\Users\\Virtual Windows 10\\UserDocuments\n\tHandle ID:\t\t0x2560\n\tResource Attributes:\tS:AI\n\nProcess Information:\n\tProcess ID:\t\t0xc60\n\tProcess Name:\t\tC:\\Windows\\explorer.exe\n\nAccess Request Information:\n\tAccesses:\t\tReadAttributes\n\t\t\t\t\n\tAccess Mask:\t\t0x80","accesses":"%%4423\n\t\t\t\t","taskCategory":"File System","accountName":"Virtual Windows 10","@context":"http://sepses.ifs.tuwien.ac.at/contexts/wineventlog.jsonld","@type":"http://purl.org/sepses/vocab/log/wineventlog#WindowsEventLogEntry"}
