{"source":"Microsoft-Windows-Security-Auditing","computerName":"VirtualWindows8","taskCategory":"File System","accessMask":"0x100000","logName":"Security","@timestamp":"2018-10-03T10:00:35.170Z","objectServer":"Security","upCode":"Info","hasLogType":"wineventlog","originatesFrom":{"@id":"http://example.org/sepses#ccfad348-9ca9-4dd1-b24a-f30b977c1df7","hostName":{"name":"VirtualWindows8"},"@type":"rdf:nodeID"},"@id":"http://example.org/logEntry#logEntry-9a5897c6-999c-47cb-948d-b2555264d5ea","accountName":"VirtualWindows8User","handleID":"0x1f9c","@context":"http://sepses.ifs.tuwien.ac.at/contexts/wineventlog.jsonld","version":1,"processID":"0x6ec","accesses":"%%1541\n\t\t\t\t","logMessage":"An attempt was made to access an object.\n\nSubject:\n\tSecurity ID:\t\tS-1-5-21-2361021202-3253521353-2316283985-1001\n\tAccount Name:\t\tVirtualWindows8User\n\tAccount Domain:\t\tVirtualWindows8\n\tLogon ID:\t\t0x108AF\n\nObject:\n\tObject Server:\t\tSecurity\n\tObject Type:\t\tFile\n\tObject Name:\t\tC:\\Windows\\WinSxS\\FileMaps\\program_files_internet_explorer_a421d1bfaf856e2b.cdf-ms\n\tHandle ID:\t\t0x1f9c\n\tResource Attributes:\tS:AI\n\nProcess Information:\n\tProcess ID:\t\t0x6ec\n\tProcess Name:\t\tC:\\Windows\\explorer.exe\n\nAccess Request Information:\n\tAccesses:\t\tSYNCHRONIZE\n\t\t\t\t\n\tAccess Mask:\t\t0x100000","timestamp":"2018-10-03T10:00:35.170Z","resourceAttributes":"S:AI","eventID":4663,"level":"Information","keyword":["Audit Success"],"objectType":"File","objectName":"C:\\Windows\\WinSxS\\FileMaps\\program_files_internet_explorer_a421d1bfaf856e2b.cdf-ms","processName":"C:\\Windows\\explorer.exe","accountDomain":"VirtualWindows8","logonID":"0x108af","@type":"http://purl.org/sepses/vocab/log/wineventlog#WindowsEventLogEntry"}
{"source":"Microsoft-Windows-Security-Auditing","computerName":"VirtualWindows8","taskCategory":"File System","accessMask":"0x80","logName":"Security","@timestamp":"2018-10-03T10:05:28.265Z","objectServer":"Security","upCode":"Info","hasLogType":"wineventlog","originatesFrom":{"@id":"http://example.org/sepses#f3f20a0b-d709-43e8-b9f6-376729c182f3","hostName":{"name":"VirtualWindows8"},"@type":"rdf:nodeID"},"@id":"http://example.org/logEntry#logEntry-48765802-2724-477b-9e4c-7362b66c68b0","accountName":"VirtualWindows8User","handleID":"0xc10","@context":"http://sepses.ifs.tuwien.ac.at/contexts/wineventlog.jsonld","version":1,"processID":"0x6ec","accesses":"%%4423\n\t\t\t\t","logMessage":"An attempt was made to access an object.\n\nSubject:\n\tSecurity ID:\t\tS-1-5-21-2361021202-3253521353-2316283985-1001\n\tAccount Name:\t\tVirtualWindows8User\n\tAccount Domain:\t\tVirtualWindows8\n\tLogon ID:\t\t0x108AF\n\nObject:\n\tObject Server:\t\tSecurity\n\tObject Type:\t\tFile\n\tObject Name:\t\tC:\\Users\\VirtualWindows8User\\Links\\Dropbox.lnk\n\tHandle ID:\t\t0xc10\n\tResource Attributes:\tS:AI\n\nProcess Information:\n\tProcess ID:\t\t0x6ec\n\tProcess Name:\t\tC:\\Windows\\explorer.exe\n\nAccess Request Information:\n\tAccesses:\t\tReadAttributes\n\t\t\t\t\n\tAccess Mask:\t\t0x80","timestamp":"2018-10-03T10:05:28.265Z","resourceAttributes":"S:AI","eventID":4663,"level":"Information","keyword":["Audit Success"],"objectType":"File","objectName":"C:\\Users\\VirtualWindows8User\\Links\\Dropbox.lnk","processName":"C:\\Windows\\explorer.exe","accountDomain":"VirtualWindows8","logonID":"0x108af","@type":"http://purl.org/sepses/vocab/log/wineventlog#WindowsEventLogEntry"}
{"source":"Microsoft-Windows-Security-Auditing","computerName":"VirtualWindows8","taskCategory":"File System","accessMask":"0x80","logName":"Security","@timestamp":"2018-10-03T10:05:28.280Z","objectServer":"Security","upCode":"Info","hasLogType":"wineventlog","originatesFrom":{"@id":"http://example.org/sepses#47d5b9d6-190d-4f4c-9d11-dc176b18df85","hostName":{"name":"VirtualWindows8"},"@type":"rdf:nodeID"},"@id":"http://example.org/logEntry#logEntry-f5d4c839-cb45-4967-804e-c0b3bf3dce6e","accountName":"VirtualWindows8User","handleID":"0x678","@context":"http://sepses.ifs.tuwien.ac.at/contexts/wineventlog.jsonld","version":1,"processID":"0x6ec","accesses":"%%4423\n\t\t\t\t","logMessage":"An attempt was made to access an object.\n\nSubject:\n\tSecurity ID:\t\tS-1-5-21-2361021202-3253521353-2316283985-1001\n\tAccount Name:\t\tVirtualWindows8User\n\tAccount Domain:\t\tVirtualWindows8\n\tLogon ID:\t\t0x108AF\n\nObject:\n\tObject Server:\t\tSecurity\n\tObject Type:\t\tFile\n\tObject Name:\t\tC:\\Users\\VirtualWindows8User\\Dropbox\\desktop.ini\n\tHandle ID:\t\t0x678\n\tResource Attributes:\tS:AI\n\nProcess Information:\n\tProcess ID:\t\t0x6ec\n\tProcess Name:\t\tC:\\Windows\\explorer.exe\n\nAccess Request Information:\n\tAccesses:\t\tReadAttributes\n\t\t\t\t\n\tAccess Mask:\t\t0x80","timestamp":"2018-10-03T10:05:28.280Z","resourceAttributes":"S:AI","eventID":4663,"level":"Information","keyword":["Audit Success"],"objectType":"File","objectName":"C:\\Users\\VirtualWindows8User\\Dropbox\\desktop.ini","processName":"C:\\Windows\\explorer.exe","accountDomain":"VirtualWindows8","logonID":"0x108af","@type":"http://purl.org/sepses/vocab/log/wineventlog#WindowsEventLogEntry"}
{"source":"Microsoft-Windows-Security-Auditing","computerName":"VirtualWindows8","taskCategory":"File System","accessMask":"0x80","logName":"Security","@timestamp":"2018-10-03T10:05:28.280Z","objectServer":"Security","upCode":"Info","hasLogType":"wineventlog","originatesFrom":{"@id":"http://example.org/sepses#c84a999a-ba6a-4579-bfdf-3b3959967331","hostName":{"name":"VirtualWindows8"},"@type":"rdf:nodeID"},"@id":"http://example.org/logEntry#logEntry-eeb39372-f7ef-45b5-874d-e6299efc1c63","accountName":"VirtualWindows8User","handleID":"0x1558","@context":"http://sepses.ifs.tuwien.ac.at/contexts/wineventlog.jsonld","version":1,"processID":"0x6ec","accesses":"%%4423\n\t\t\t\t","logMessage":"An attempt was made to access an object.\n\nSubject:\n\tSecurity ID:\t\tS-1-5-21-2361021202-3253521353-2316283985-1001\n\tAccount Name:\t\tVirtualWindows8User\n\tAccount Domain:\t\tVirtualWindows8\n\tLogon ID:\t\t0x108AF\n\nObject:\n\tObject Server:\t\tSecurity\n\tObject Type:\t\tFile\n\tObject Name:\t\tC:\\Users\\VirtualWindows8User\\Dropbox\n\tHandle ID:\t\t0x1558\n\tResource Attributes:\tS:AI\n\nProcess Information:\n\tProcess ID:\t\t0x6ec\n\tProcess Name:\t\tC:\\Windows\\explorer.exe\n\nAccess Request Information:\n\tAccesses:\t\tReadAttributes\n\t\t\t\t\n\tAccess Mask:\t\t0x80","timestamp":"2018-10-03T10:05:28.280Z","resourceAttributes":"S:AI","eventID":4663,"level":"Information","keyword":["Audit Success"],"objectType":"File","objectName":"C:\\Users\\VirtualWindows8User\\Dropbox","processName":"C:\\Windows\\explorer.exe","accountDomain":"VirtualWindows8","logonID":"0x108af","@type":"http://purl.org/sepses/vocab/log/wineventlog#WindowsEventLogEntry"}
{"source":"Microsoft-Windows-Security-Auditing","computerName":"VirtualWindows8","taskCategory":"File System","accessMask":"0x80","logName":"Security","@timestamp":"2018-10-03T10:05:28.280Z","objectServer":"Security","upCode":"Info","hasLogType":"wineventlog","originatesFrom":{"@id":"http://example.org/sepses#5ff69088-5456-4509-afce-6b916066156c","hostName":{"name":"VirtualWindows8"},"@type":"rdf:nodeID"},"@id":"http://example.org/logEntry#logEntry-a113d8bd-f401-4e6d-9c2f-d091f571a992","accountName":"VirtualWindows8User","handleID":"0x20bc","@context":"http://sepses.ifs.tuwien.ac.at/contexts/wineventlog.jsonld","version":1,"processID":"0x6ec","accesses":"%%4423\n\t\t\t\t","logMessage":"An attempt was made to access an object.\n\nSubject:\n\tSecurity ID:\t\tS-1-5-21-2361021202-3253521353-2316283985-1001\n\tAccount Name:\t\tVirtualWindows8User\n\tAccount Domain:\t\tVirtualWindows8\n\tLogon ID:\t\t0x108AF\n\nObject:\n\tObject Server:\t\tSecurity\n\tObject Type:\t\tFile\n\tObject Name:\t\tC:\\Users\\VirtualWindows8User\\Dropbox\n\tHandle ID:\t\t0x20bc\n\tResource Attributes:\tS:AI\n\nProcess Information:\n\tProcess ID:\t\t0x6ec\n\tProcess Name:\t\tC:\\Windows\\explorer.exe\n\nAccess Request Information:\n\tAccesses:\t\tReadAttributes\n\t\t\t\t\n\tAccess Mask:\t\t0x80","timestamp":"2018-10-03T10:05:28.280Z","resourceAttributes":"S:AI","eventID":4663,"level":"Information","keyword":["Audit Success"],"objectType":"File","objectName":"C:\\Users\\VirtualWindows8User\\Dropbox","processName":"C:\\Windows\\explorer.exe","accountDomain":"VirtualWindows8","logonID":"0x108af","@type":"http://purl.org/sepses/vocab/log/wineventlog#WindowsEventLogEntry"}
{"source":"Microsoft-Windows-Security-Auditing","computerName":"VirtualWindows8","taskCategory":"File System","accessMask":"0x80","logName":"Security","@timestamp":"2018-10-03T10:05:28.295Z","objectServer":"Security","upCode":"Info","hasLogType":"wineventlog","originatesFrom":{"@id":"http://example.org/sepses#450cc051-da78-47cd-959e-1043fbb53919","hostName":{"name":"VirtualWindows8"},"@type":"rdf:nodeID"},"@id":"http://example.org/logEntry#logEntry-4f2a17e1-db65-4aef-a73d-71987231a890","accountName":"VirtualWindows8User","handleID":"0x1388","@context":"http://sepses.ifs.tuwien.ac.at/contexts/wineventlog.jsonld","version":1,"processID":"0x6ec","accesses":"%%4423\n\t\t\t\t","logMessage":"An attempt was made to access an object.\n\nSubject:\n\tSecurity ID:\t\tS-1-5-21-2361021202-3253521353-2316283985-1001\n\tAccount Name:\t\tVirtualWindows8User\n\tAccount Domain:\t\tVirtualWindows8\n\tLogon ID:\t\t0x108AF\n\nObject:\n\tObject Server:\t\tSecurity\n\tObject Type:\t\tFile\n\tObject Name:\t\tC:\\Users\\VirtualWindows8User\\Links\\Dropbox.lnk\n\tHandle ID:\t\t0x1388\n\tResource Attributes:\tS:AI\n\nProcess Information:\n\tProcess ID:\t\t0x6ec\n\tProcess Name:\t\tC:\\Windows\\explorer.exe\n\nAccess Request Information:\n\tAccesses:\t\tReadAttributes\n\t\t\t\t\n\tAccess Mask:\t\t0x80","timestamp":"2018-10-03T10:05:28.295Z","resourceAttributes":"S:AI","eventID":4663,"level":"Information","keyword":["Audit Success"],"objectType":"File","objectName":"C:\\Users\\VirtualWindows8User\\Links\\Dropbox.lnk","processName":"C:\\Windows\\explorer.exe","accountDomain":"VirtualWindows8","logonID":"0x108af","@type":"http://purl.org/sepses/vocab/log/wineventlog#WindowsEventLogEntry"}
{"source":"Microsoft-Windows-Security-Auditing","computerName":"VirtualWindows8","taskCategory":"File System","accessMask":"0x80","logName":"Security","@timestamp":"2018-10-03T10:05:28.295Z","objectServer":"Security","upCode":"Info","hasLogType":"wineventlog","originatesFrom":{"@id":"http://example.org/sepses#2636b692-b05d-40bc-ab0b-310a1c728b8a","hostName":{"name":"VirtualWindows8"},"@type":"rdf:nodeID"},"@id":"http://example.org/logEntry#logEntry-4995a0e7-96d4-4ada-ae52-cafd96da4c2e","accountName":"VirtualWindows8User","handleID":"0x1388","@context":"http://sepses.ifs.tuwien.ac.at/contexts/wineventlog.jsonld","version":1,"processID":"0x6ec","accesses":"%%4423\n\t\t\t\t","logMessage":"An attempt was made to access an object.\n\nSubject:\n\tSecurity ID:\t\tS-1-5-21-2361021202-3253521353-2316283985-1001\n\tAccount Name:\t\tVirtualWindows8User\n\tAccount Domain:\t\tVirtualWindows8\n\tLogon ID:\t\t0x108AF\n\nObject:\n\tObject Server:\t\tSecurity\n\tObject Type:\t\tFile\n\tObject Name:\t\tC:\\Users\\VirtualWindows8User\\Links\\Dropbox.lnk\n\tHandle ID:\t\t0x1388\n\tResource Attributes:\tS:AI\n\nProcess Information:\n\tProcess ID:\t\t0x6ec\n\tProcess Name:\t\tC:\\Windows\\explorer.exe\n\nAccess Request Information:\n\tAccesses:\t\tReadAttributes\n\t\t\t\t\n\tAccess Mask:\t\t0x80","timestamp":"2018-10-03T10:05:28.295Z","resourceAttributes":"S:AI","eventID":4663,"level":"Information","keyword":["Audit Success"],"objectType":"File","objectName":"C:\\Users\\VirtualWindows8User\\Links\\Dropbox.lnk","processName":"C:\\Windows\\explorer.exe","accountDomain":"VirtualWindows8","logonID":"0x108af","@type":"http://purl.org/sepses/vocab/log/wineventlog#WindowsEventLogEntry"}
{"source":"Microsoft-Windows-Security-Auditing","computerName":"VirtualWindows8","taskCategory":"File System","accessMask":"0x80","logName":"Security","@timestamp":"2018-10-03T10:05:28.295Z","objectServer":"Security","upCode":"Info","hasLogType":"wineventlog","originatesFrom":{"@id":"http://example.org/sepses#43b12b1a-f629-4539-8efc-31022d8ab9e1","hostName":{"name":"VirtualWindows8"},"@type":"rdf:nodeID"},"@id":"http://example.org/logEntry#logEntry-b5e49335-1673-4a04-9b70-1a11860d6294","accountName":"VirtualWindows8User","handleID":"0x1388","@context":"http://sepses.ifs.tuwien.ac.at/contexts/wineventlog.jsonld","version":1,"processID":"0x6ec","accesses":"%%4423\n\t\t\t\t","logMessage":"An attempt was made to access an object.\n\nSubject:\n\tSecurity ID:\t\tS-1-5-21-2361021202-3253521353-2316283985-1001\n\tAccount Name:\t\tVirtualWindows8User\n\tAccount Domain:\t\tVirtualWindows8\n\tLogon ID:\t\t0x108AF\n\nObject:\n\tObject Server:\t\tSecurity\n\tObject Type:\t\tFile\n\tObject Name:\t\tC:\\Users\\VirtualWindows8User\\Links\\Dropbox.lnk\n\tHandle ID:\t\t0x1388\n\tResource Attributes:\tS:AI\n\nProcess Information:\n\tProcess ID:\t\t0x6ec\n\tProcess Name:\t\tC:\\Windows\\explorer.exe\n\nAccess Request Information:\n\tAccesses:\t\tReadAttributes\n\t\t\t\t\n\tAccess Mask:\t\t0x80","timestamp":"2018-10-03T10:05:28.295Z","resourceAttributes":"S:AI","eventID":4663,"level":"Information","keyword":["Audit Success"],"objectType":"File","objectName":"C:\\Users\\VirtualWindows8User\\Links\\Dropbox.lnk","processName":"C:\\Windows\\explorer.exe","accountDomain":"VirtualWindows8","logonID":"0x108af","@type":"http://purl.org/sepses/vocab/log/wineventlog#WindowsEventLogEntry"}
{"source":"Microsoft-Windows-Security-Auditing","computerName":"VirtualWindows8","taskCategory":"File System","accessMask":"0x80","logName":"Security","@timestamp":"2018-10-03T10:05:28.342Z","objectServer":"Security","upCode":"Info","hasLogType":"wineventlog","originatesFrom":{"@id":"http://example.org/sepses#cabbd902-cd49-4c04-8549-648f45a68e5a","hostName":{"name":"VirtualWindows8"},"@type":"rdf:nodeID"},"@id":"http://example.org/logEntry#logEntry-7eb108ed-963c-4d6c-ad41-5c83ac924015","accountName":"VirtualWindows8User","handleID":"0x1a00","@context":"http://sepses.ifs.tuwien.ac.at/contexts/wineventlog.jsonld","version":1,"processID":"0x6ec","accesses":"%%4423\n\t\t\t\t","logMessage":"An attempt was made to access an object.\n\nSubject:\n\tSecurity ID:\t\tS-1-5-21-2361021202-3253521353-2316283985-1001\n\tAccount Name:\t\tVirtualWindows8User\n\tAccount Domain:\t\tVirtualWindows8\n\tLogon ID:\t\t0x108AF\n\nObject:\n\tObject Server:\t\tSecurity\n\tObject Type:\t\tFile\n\tObject Name:\t\tC:\\Users\\VirtualWindows8User\\Dropbox\n\tHandle ID:\t\t0x1a00\n\tResource Attributes:\tS:AI\n\nProcess Information:\n\tProcess ID:\t\t0x6ec\n\tProcess Name:\t\tC:\\Windows\\explorer.exe\n\nAccess Request Information:\n\tAccesses:\t\tReadAttributes\n\t\t\t\t\n\tAccess Mask:\t\t0x80","timestamp":"2018-10-03T10:05:28.342Z","resourceAttributes":"S:AI","eventID":4663,"level":"Information","keyword":["Audit Success"],"objectType":"File","objectName":"C:\\Users\\VirtualWindows8User\\Dropbox","processName":"C:\\Windows\\explorer.exe","accountDomain":"VirtualWindows8","logonID":"0x108af","@type":"http://purl.org/sepses/vocab/log/wineventlog#WindowsEventLogEntry"}
{"source":"Microsoft-Windows-Security-Auditing","computerName":"VirtualWindows8","taskCategory":"File System","accessMask":"0x80","logName":"Security","@timestamp":"2018-10-03T10:05:28.342Z","objectServer":"Security","upCode":"Info","hasLogType":"wineventlog","originatesFrom":{"@id":"http://example.org/sepses#90e316a7-d559-410e-8b91-ac282d02e9dd","hostName":{"name":"VirtualWindows8"},"@type":"rdf:nodeID"},"@id":"http://example.org/logEntry#logEntry-ebb1c88e-3e36-4f91-adb7-5c668fa7e12b","accountName":"VirtualWindows8User","handleID":"0xcf4","@context":"http://sepses.ifs.tuwien.ac.at/contexts/wineventlog.jsonld","version":1,"processID":"0x6ec","accesses":"%%4423\n\t\t\t\t","logMessage":"An attempt was made to access an object.\n\nSubject:\n\tSecurity ID:\t\tS-1-5-21-2361021202-3253521353-2316283985-1001\n\tAccount Name:\t\tVirtualWindows8User\n\tAccount Domain:\t\tVirtualWindows8\n\tLogon ID:\t\t0x108AF\n\nObject:\n\tObject Server:\t\tSecurity\n\tObject Type:\t\tFile\n\tObject Name:\t\tC:\\Users\\VirtualWindows8User\\Dropbox\n\tHandle ID:\t\t0xcf4\n\tResource Attributes:\tS:AI\n\nProcess Information:\n\tProcess ID:\t\t0x6ec\n\tProcess Name:\t\tC:\\Windows\\explorer.exe\n\nAccess Request Information:\n\tAccesses:\t\tReadAttributes\n\t\t\t\t\n\tAccess Mask:\t\t0x80","timestamp":"2018-10-03T10:05:28.342Z","resourceAttributes":"S:AI","eventID":4663,"level":"Information","keyword":["Audit Success"],"objectType":"File","objectName":"C:\\Users\\VirtualWindows8User\\Dropbox","processName":"C:\\Windows\\explorer.exe","accountDomain":"VirtualWindows8","logonID":"0x108af","@type":"http://purl.org/sepses/vocab/log/wineventlog#WindowsEventLogEntry"}
{"source":"Microsoft-Windows-Security-Auditing","computerName":"VirtualWindows8","taskCategory":"File System","accessMask":"0x80","logName":"Security","@timestamp":"2018-10-03T10:05:28.374Z","objectServer":"Security","upCode":"Info","hasLogType":"wineventlog","originatesFrom":{"@id":"http://example.org/sepses#a8437e6d-6e0e-499a-acee-f217adbce219","hostName":{"name":"VirtualWindows8"},"@type":"rdf:nodeID"},"@id":"http://example.org/logEntry#logEntry-ebe1b6a8-8a97-45f6-8228-1bc427299aab","accountName":"VirtualWindows8User","handleID":"0x1798","@context":"http://sepses.ifs.tuwien.ac.at/contexts/wineventlog.jsonld","version":1,"processID":"0x6ec","accesses":"%%4423\n\t\t\t\t","logMessage":"An attempt was made to access an object.\n\nSubject:\n\tSecurity ID:\t\tS-1-5-21-2361021202-3253521353-2316283985-1001\n\tAccount Name:\t\tVirtualWindows8User\n\tAccount Domain:\t\tVirtualWindows8\n\tLogon ID:\t\t0x108AF\n\nObject:\n\tObject Server:\t\tSecurity\n\tObject Type:\t\tFile\n\tObject Name:\t\tC:\\Users\\VirtualWindows8User\\Links\\Dropbox.lnk\n\tHandle ID:\t\t0x1798\n\tResource Attributes:\tS:AI\n\nProcess Information:\n\tProcess ID:\t\t0x6ec\n\tProcess Name:\t\tC:\\Windows\\explorer.exe\n\nAccess Request Information:\n\tAccesses:\t\tReadAttributes\n\t\t\t\t\n\tAccess Mask:\t\t0x80","timestamp":"2018-10-03T10:05:28.374Z","resourceAttributes":"S:AI","eventID":4663,"level":"Information","keyword":["Audit Success"],"objectType":"File","objectName":"C:\\Users\\VirtualWindows8User\\Links\\Dropbox.lnk","processName":"C:\\Windows\\explorer.exe","accountDomain":"VirtualWindows8","logonID":"0x108af","@type":"http://purl.org/sepses/vocab/log/wineventlog#WindowsEventLogEntry"}
{"source":"Microsoft-Windows-Security-Auditing","computerName":"VirtualWindows8","taskCategory":"File System","accessMask":"0x80","logName":"Security","@timestamp":"2018-10-03T10:05:28.389Z","objectServer":"Security","upCode":"Info","hasLogType":"wineventlog","originatesFrom":{"@id":"http://example.org/sepses#c79d0707-9275-4c44-ae76-9b2999affadd","hostName":{"name":"VirtualWindows8"},"@type":"rdf:nodeID"},"@id":"http://example.org/logEntry#logEntry-30de14c5-3de0-4578-a0fe-bfc815183fbe","accountName":"VirtualWindows8User","handleID":"0x2160","@context":"http://sepses.ifs.tuwien.ac.at/contexts/wineventlog.jsonld","version":1,"processID":"0x6ec","accesses":"%%4423\n\t\t\t\t","logMessage":"An attempt was made to access an object.\n\nSubject:\n\tSecurity ID:\t\tS-1-5-21-2361021202-3253521353-2316283985-1001\n\tAccount Name:\t\tVirtualWindows8User\n\tAccount Domain:\t\tVirtualWindows8\n\tLogon ID:\t\t0x108AF\n\nObject:\n\tObject Server:\t\tSecurity\n\tObject Type:\t\tFile\n\tObject Name:\t\tC:\\Users\\VirtualWindows8User\\Dropbox\n\tHandle ID:\t\t0x2160\n\tResource Attributes:\tS:AI\n\nProcess Information:\n\tProcess ID:\t\t0x6ec\n\tProcess Name:\t\tC:\\Windows\\explorer.exe\n\nAccess Request Information:\n\tAccesses:\t\tReadAttributes\n\t\t\t\t\n\tAccess Mask:\t\t0x80","timestamp":"2018-10-03T10:05:28.389Z","resourceAttributes":"S:AI","eventID":4663,"level":"Information","keyword":["Audit Success"],"objectType":"File","objectName":"C:\\Users\\VirtualWindows8User\\Dropbox","processName":"C:\\Windows\\explorer.exe","accountDomain":"VirtualWindows8","logonID":"0x108af","@type":"http://purl.org/sepses/vocab/log/wineventlog#WindowsEventLogEntry"}
{"source":"Microsoft-Windows-Security-Auditing","computerName":"VirtualWindows8","taskCategory":"File System","accessMask":"0x80","logName":"Security","@timestamp":"2018-10-03T10:05:28.389Z","objectServer":"Security","upCode":"Info","hasLogType":"wineventlog","originatesFrom":{"@id":"http://example.org/sepses#ca063b61-3839-44fd-b69a-fe2d2a750441","hostName":{"name":"VirtualWindows8"},"@type":"rdf:nodeID"},"@id":"http://example.org/logEntry#logEntry-a9b02edf-b300-4e63-b172-350e5fa67645","accountName":"VirtualWindows8User","handleID":"0x2160","@context":"http://sepses.ifs.tuwien.ac.at/contexts/wineventlog.jsonld","version":1,"processID":"0x6ec","accesses":"%%4423\n\t\t\t\t","logMessage":"An attempt was made to access an object.\n\nSubject:\n\tSecurity ID:\t\tS-1-5-21-2361021202-3253521353-2316283985-1001\n\tAccount Name:\t\tVirtualWindows8User\n\tAccount Domain:\t\tVirtualWindows8\n\tLogon ID:\t\t0x108AF\n\nObject:\n\tObject Server:\t\tSecurity\n\tObject Type:\t\tFile\n\tObject Name:\t\tC:\\Users\\VirtualWindows8User\\Dropbox\n\tHandle ID:\t\t0x2160\n\tResource Attributes:\tS:AI\n\nProcess Information:\n\tProcess ID:\t\t0x6ec\n\tProcess Name:\t\tC:\\Windows\\explorer.exe\n\nAccess Request Information:\n\tAccesses:\t\tReadAttributes\n\t\t\t\t\n\tAccess Mask:\t\t0x80","timestamp":"2018-10-03T10:05:28.389Z","resourceAttributes":"S:AI","eventID":4663,"level":"Information","keyword":["Audit Success"],"objectType":"File","objectName":"C:\\Users\\VirtualWindows8User\\Dropbox","processName":"C:\\Windows\\explorer.exe","accountDomain":"VirtualWindows8","logonID":"0x108af","@type":"http://purl.org/sepses/vocab/log/wineventlog#WindowsEventLogEntry"}
{"source":"Microsoft-Windows-Security-Auditing","computerName":"VirtualWindows8","taskCategory":"File System","accessMask":"0x80","logName":"Security","@timestamp":"2018-10-03T10:00:24.280Z","objectServer":"Security","upCode":"Info","hasLogType":"wineventlog","originatesFrom":{"@id":"http://example.org/sepses#e5cf146f-6d2e-4c31-8cab-1db645c4c3bb","hostName":{"name":"VirtualWindows8"},"@type":"rdf:nodeID"},"@id":"http://example.org/logEntry#logEntry-2c40e7fe-1e9a-4953-8f9e-03aa2f071923","accountName":"VirtualWindows8User","handleID":"0x1f14","@context":"http://sepses.ifs.tuwien.ac.at/contexts/wineventlog.jsonld","version":1,"processID":"0x6ec","accesses":"%%4423\n\t\t\t\t","logMessage":"An attempt was made to access an object.\n\nSubject:\n\tSecurity ID:\t\tS-1-5-21-2361021202-3253521353-2316283985-1001\n\tAccount Name:\t\tVirtualWindows8User\n\tAccount Domain:\t\tVirtualWindows8\n\tLogon ID:\t\t0x108AF\n\nObject:\n\tObject Server:\t\tSecurity\n\tObject Type:\t\tFile\n\tObject Name:\t\tC:\\Users\\VirtualWindows8User\\UserDocuments\n\tHandle ID:\t\t0x1f14\n\tResource Attributes:\tS:AI\n\nProcess Information:\n\tProcess ID:\t\t0x6ec\n\tProcess Name:\t\tC:\\Windows\\explorer.exe\n\nAccess Request Information:\n\tAccesses:\t\tReadAttributes\n\t\t\t\t\n\tAccess Mask:\t\t0x80","timestamp":"2018-10-03T10:00:24.280Z","resourceAttributes":"S:AI","eventID":4663,"level":"Information","keyword":["Audit Success"],"objectType":"File","objectName":"C:\\Users\\VirtualWindows8User\\UserDocuments","processName":"C:\\Windows\\explorer.exe","accountDomain":"VirtualWindows8","logonID":"0x108af","@type":"http://purl.org/sepses/vocab/log/wineventlog#WindowsEventLogEntry"}
{"source":"Microsoft-Windows-Security-Auditing","computerName":"VirtualWindows8","taskCategory":"File System","accessMask":"0x80","logName":"Security","@timestamp":"2018-10-03T10:00:24.280Z","objectServer":"Security","upCode":"Info","hasLogType":"wineventlog","originatesFrom":{"@id":"http://example.org/sepses#8fd74b5d-83cf-450e-8824-a5dd5b9081dc","hostName":{"name":"VirtualWindows8"},"@type":"rdf:nodeID"},"@id":"http://example.org/logEntry#logEntry-a9beecd8-fa0b-41f7-8552-59c4282fbb5f","accountName":"VirtualWindows8User","handleID":"0x1b64","@context":"http://sepses.ifs.tuwien.ac.at/contexts/wineventlog.jsonld","version":1,"processID":"0x6ec","accesses":"%%4423\n\t\t\t\t","logMessage":"An attempt was made to access an object.\n\nSubject:\n\tSecurity ID:\t\tS-1-5-21-2361021202-3253521353-2316283985-1001\n\tAccount Name:\t\tVirtualWindows8User\n\tAccount Domain:\t\tVirtualWindows8\n\tLogon ID:\t\t0x108AF\n\nObject:\n\tObject Server:\t\tSecurity\n\tObject Type:\t\tFile\n\tObject Name:\t\tC:\\Users\\VirtualWindows8User\\UserDocuments\n\tHandle ID:\t\t0x1b64\n\tResource Attributes:\tS:AI\n\nProcess Information:\n\tProcess ID:\t\t0x6ec\n\tProcess Name:\t\tC:\\Windows\\explorer.exe\n\nAccess Request Information:\n\tAccesses:\t\tReadAttributes\n\t\t\t\t\n\tAccess Mask:\t\t0x80","timestamp":"2018-10-03T10:00:24.280Z","resourceAttributes":"S:AI","eventID":4663,"level":"Information","keyword":["Audit Success"],"objectType":"File","objectName":"C:\\Users\\VirtualWindows8User\\UserDocuments","processName":"C:\\Windows\\explorer.exe","accountDomain":"VirtualWindows8","logonID":"0x108af","@type":"http://purl.org/sepses/vocab/log/wineventlog#WindowsEventLogEntry"}
{"source":"Microsoft-Windows-Security-Auditing","computerName":"VirtualWindows8","taskCategory":"File System","accessMask":"0x80","logName":"Security","@timestamp":"2018-10-03T10:05:30.342Z","objectServer":"Security","upCode":"Info","hasLogType":"wineventlog","originatesFrom":{"@id":"http://example.org/sepses#a5b9c7ad-4a24-4f1b-9b23-8547f30dfc58","hostName":{"name":"VirtualWindows8"},"@type":"rdf:nodeID"},"@id":"http://example.org/logEntry#logEntry-2069cb74-1c39-4367-ab98-653471deeaba","accountName":"VirtualWindows8User","handleID":"0x1678","@context":"http://sepses.ifs.tuwien.ac.at/contexts/wineventlog.jsonld","version":1,"processID":"0x6ec","accesses":"%%4423\n\t\t\t\t","logMessage":"An attempt was made to access an object.\n\nSubject:\n\tSecurity ID:\t\tS-1-5-21-2361021202-3253521353-2316283985-1001\n\tAccount Name:\t\tVirtualWindows8User\n\tAccount Domain:\t\tVirtualWindows8\n\tLogon ID:\t\t0x108AF\n\nObject:\n\tObject Server:\t\tSecurity\n\tObject Type:\t\tFile\n\tObject Name:\t\tC:\\Users\\VirtualWindows8User\\Links\\UserDocuments.lnk\n\tHandle ID:\t\t0x1678\n\tResource Attributes:\tS:AI\n\nProcess Information:\n\tProcess ID:\t\t0x6ec\n\tProcess Name:\t\tC:\\Windows\\explorer.exe\n\nAccess Request Information:\n\tAccesses:\t\tReadAttributes\n\t\t\t\t\n\tAccess Mask:\t\t0x80","timestamp":"2018-10-03T10:05:30.342Z","resourceAttributes":"S:AI","eventID":4663,"level":"Information","keyword":["Audit Success"],"objectType":"File","objectName":"C:\\Users\\VirtualWindows8User\\Links\\UserDocuments.lnk","processName":"C:\\Windows\\explorer.exe","accountDomain":"VirtualWindows8","logonID":"0x108af","@type":"http://purl.org/sepses/vocab/log/wineventlog#WindowsEventLogEntry"}
{"source":"Microsoft-Windows-Security-Auditing","computerName":"VirtualWindows8","taskCategory":"File System","accessMask":"0x80","logName":"Security","@timestamp":"2018-10-03T10:05:30.358Z","objectServer":"Security","upCode":"Info","hasLogType":"wineventlog","originatesFrom":{"@id":"http://example.org/sepses#e467e57b-6da7-49c5-8f33-9ac5aba31465","hostName":{"name":"VirtualWindows8"},"@type":"rdf:nodeID"},"@id":"http://example.org/logEntry#logEntry-a45e06c1-e62a-491b-9a63-45b6e2f266a1","accountName":"VirtualWindows8User","handleID":"0x1c30","@context":"http://sepses.ifs.tuwien.ac.at/contexts/wineventlog.jsonld","version":1,"processID":"0x6ec","accesses":"%%4423\n\t\t\t\t","logMessage":"An attempt was made to access an object.\n\nSubject:\n\tSecurity ID:\t\tS-1-5-21-2361021202-3253521353-2316283985-1001\n\tAccount Name:\t\tVirtualWindows8User\n\tAccount Domain:\t\tVirtualWindows8\n\tLogon ID:\t\t0x108AF\n\nObject:\n\tObject Server:\t\tSecurity\n\tObject Type:\t\tFile\n\tObject Name:\t\tC:\\Users\\VirtualWindows8User\\Links\\UserDocuments.lnk\n\tHandle ID:\t\t0x1c30\n\tResource Attributes:\tS:AI\n\nProcess Information:\n\tProcess ID:\t\t0x6ec\n\tProcess Name:\t\tC:\\Windows\\explorer.exe\n\nAccess Request Information:\n\tAccesses:\t\tReadAttributes\n\t\t\t\t\n\tAccess Mask:\t\t0x80","timestamp":"2018-10-03T10:05:30.358Z","resourceAttributes":"S:AI","eventID":4663,"level":"Information","keyword":["Audit Success"],"objectType":"File","objectName":"C:\\Users\\VirtualWindows8User\\Links\\UserDocuments.lnk","processName":"C:\\Windows\\explorer.exe","accountDomain":"VirtualWindows8","logonID":"0x108af","@type":"http://purl.org/sepses/vocab/log/wineventlog#WindowsEventLogEntry"}
{"source":"Microsoft-Windows-Security-Auditing","computerName":"VirtualWindows8","taskCategory":"File System","accessMask":"0x80","logName":"Security","@timestamp":"2018-10-03T10:05:30.373Z","objectServer":"Security","upCode":"Info","hasLogType":"wineventlog","originatesFrom":{"@id":"http://example.org/sepses#a905bda9-be96-4006-8886-2f549e6fe524","hostName":{"name":"VirtualWindows8"},"@type":"rdf:nodeID"},"@id":"http://example.org/logEntry#logEntry-44b59c0c-a200-45ef-8799-c417f0650f54","accountName":"VirtualWindows8User","handleID":"0x1c30","@context":"http://sepses.ifs.tuwien.ac.at/contexts/wineventlog.jsonld","version":1,"processID":"0x6ec","accesses":"%%4423\n\t\t\t\t","logMessage":"An attempt was made to access an object.\n\nSubject:\n\tSecurity ID:\t\tS-1-5-21-2361021202-3253521353-2316283985-1001\n\tAccount Name:\t\tVirtualWindows8User\n\tAccount Domain:\t\tVirtualWindows8\n\tLogon ID:\t\t0x108AF\n\nObject:\n\tObject Server:\t\tSecurity\n\tObject Type:\t\tFile\n\tObject Name:\t\tC:\\Users\\VirtualWindows8User\\Links\\UserDocuments.lnk\n\tHandle ID:\t\t0x1c30\n\tResource Attributes:\tS:AI\n\nProcess Information:\n\tProcess ID:\t\t0x6ec\n\tProcess Name:\t\tC:\\Windows\\explorer.exe\n\nAccess Request Information:\n\tAccesses:\t\tReadAttributes\n\t\t\t\t\n\tAccess Mask:\t\t0x80","timestamp":"2018-10-03T10:05:30.373Z","resourceAttributes":"S:AI","eventID":4663,"level":"Information","keyword":["Audit Success"],"objectType":"File","objectName":"C:\\Users\\VirtualWindows8User\\Links\\UserDocuments.lnk","processName":"C:\\Windows\\explorer.exe","accountDomain":"VirtualWindows8","logonID":"0x108af","@type":"http://purl.org/sepses/vocab/log/wineventlog#WindowsEventLogEntry"}
{"source":"Microsoft-Windows-Security-Auditing","computerName":"VirtualWindows8","taskCategory":"File System","accessMask":"0x80","logName":"Security","@timestamp":"2018-10-03T10:05:30.373Z","objectServer":"Security","upCode":"Info","hasLogType":"wineventlog","originatesFrom":{"@id":"http://example.org/sepses#6d025cbe-abe8-4f22-9e00-8496e8edc1ee","hostName":{"name":"VirtualWindows8"},"@type":"rdf:nodeID"},"@id":"http://example.org/logEntry#logEntry-bb420746-4330-4708-a1c9-18f0bec8e325","accountName":"VirtualWindows8User","handleID":"0x1c30","@context":"http://sepses.ifs.tuwien.ac.at/contexts/wineventlog.jsonld","version":1,"processID":"0x6ec","accesses":"%%4423\n\t\t\t\t","logMessage":"An attempt was made to access an object.\n\nSubject:\n\tSecurity ID:\t\tS-1-5-21-2361021202-3253521353-2316283985-1001\n\tAccount Name:\t\tVirtualWindows8User\n\tAccount Domain:\t\tVirtualWindows8\n\tLogon ID:\t\t0x108AF\n\nObject:\n\tObject Server:\t\tSecurity\n\tObject Type:\t\tFile\n\tObject Name:\t\tC:\\Users\\VirtualWindows8User\\Links\\UserDocuments.lnk\n\tHandle ID:\t\t0x1c30\n\tResource Attributes:\tS:AI\n\nProcess Information:\n\tProcess ID:\t\t0x6ec\n\tProcess Name:\t\tC:\\Windows\\explorer.exe\n\nAccess Request Information:\n\tAccesses:\t\tReadAttributes\n\t\t\t\t\n\tAccess Mask:\t\t0x80","timestamp":"2018-10-03T10:05:30.373Z","resourceAttributes":"S:AI","eventID":4663,"level":"Information","keyword":["Audit Success"],"objectType":"File","objectName":"C:\\Users\\VirtualWindows8User\\Links\\UserDocuments.lnk","processName":"C:\\Windows\\explorer.exe","accountDomain":"VirtualWindows8","logonID":"0x108af","@type":"http://purl.org/sepses/vocab/log/wineventlog#WindowsEventLogEntry"}
{"source":"Microsoft-Windows-Security-Auditing","computerName":"VirtualWindows8","taskCategory":"File System","accessMask":"0x80","logName":"Security","@timestamp":"2018-10-03T10:05:30.389Z","objectServer":"Security","upCode":"Info","hasLogType":"wineventlog","originatesFrom":{"@id":"http://example.org/sepses#44cf64b3-824c-4e19-ac8c-d9494ecb6ba4","hostName":{"name":"VirtualWindows8"},"@type":"rdf:nodeID"},"@id":"http://example.org/logEntry#logEntry-edce9439-d50d-4123-8dbe-12027552dc8b","accountName":"VirtualWindows8User","handleID":"0x1678","@context":"http://sepses.ifs.tuwien.ac.at/contexts/wineventlog.jsonld","version":1,"processID":"0x6ec","accesses":"%%4423\n\t\t\t\t","logMessage":"An attempt was made to access an object.\n\nSubject:\n\tSecurity ID:\t\tS-1-5-21-2361021202-3253521353-2316283985-1001\n\tAccount Name:\t\tVirtualWindows8User\n\tAccount Domain:\t\tVirtualWindows8\n\tLogon ID:\t\t0x108AF\n\nObject:\n\tObject Server:\t\tSecurity\n\tObject Type:\t\tFile\n\tObject Name:\t\tC:\\Users\\VirtualWindows8User\\UserDocuments\n\tHandle ID:\t\t0x1678\n\tResource Attributes:\tS:AI\n\nProcess Information:\n\tProcess ID:\t\t0x6ec\n\tProcess Name:\t\tC:\\Windows\\explorer.exe\n\nAccess Request Information:\n\tAccesses:\t\tReadAttributes\n\t\t\t\t\n\tAccess Mask:\t\t0x80","timestamp":"2018-10-03T10:05:30.389Z","resourceAttributes":"S:AI","eventID":4663,"level":"Information","keyword":["Audit Success"],"objectType":"File","objectName":"C:\\Users\\VirtualWindows8User\\UserDocuments","processName":"C:\\Windows\\explorer.exe","accountDomain":"VirtualWindows8","logonID":"0x108af","@type":"http://purl.org/sepses/vocab/log/wineventlog#WindowsEventLogEntry"}
{"source":"Microsoft-Windows-Security-Auditing","computerName":"VirtualWindows8","taskCategory":"File System","accessMask":"0x80","logName":"Security","@timestamp":"2018-10-03T10:05:30.389Z","objectServer":"Security","upCode":"Info","hasLogType":"wineventlog","originatesFrom":{"@id":"http://example.org/sepses#71ad507e-5958-4ef3-9d6d-b47eb1d26dbc","hostName":{"name":"VirtualWindows8"},"@type":"rdf:nodeID"},"@id":"http://example.org/logEntry#logEntry-946fca3d-6e00-45cc-8dda-8b48ec368440","accountName":"VirtualWindows8User","handleID":"0x1678","@context":"http://sepses.ifs.tuwien.ac.at/contexts/wineventlog.jsonld","version":1,"processID":"0x6ec","accesses":"%%4423\n\t\t\t\t","logMessage":"An attempt was made to access an object.\n\nSubject:\n\tSecurity ID:\t\tS-1-5-21-2361021202-3253521353-2316283985-1001\n\tAccount Name:\t\tVirtualWindows8User\n\tAccount Domain:\t\tVirtualWindows8\n\tLogon ID:\t\t0x108AF\n\nObject:\n\tObject Server:\t\tSecurity\n\tObject Type:\t\tFile\n\tObject Name:\t\tC:\\Users\\VirtualWindows8User\\UserDocuments\n\tHandle ID:\t\t0x1678\n\tResource Attributes:\tS:AI\n\nProcess Information:\n\tProcess ID:\t\t0x6ec\n\tProcess Name:\t\tC:\\Windows\\explorer.exe\n\nAccess Request Information:\n\tAccesses:\t\tReadAttributes\n\t\t\t\t\n\tAccess Mask:\t\t0x80","timestamp":"2018-10-03T10:05:30.389Z","resourceAttributes":"S:AI","eventID":4663,"level":"Information","keyword":["Audit Success"],"objectType":"File","objectName":"C:\\Users\\VirtualWindows8User\\UserDocuments","processName":"C:\\Windows\\explorer.exe","accountDomain":"VirtualWindows8","logonID":"0x108af","@type":"http://purl.org/sepses/vocab/log/wineventlog#WindowsEventLogEntry"}
{"source":"Microsoft-Windows-Security-Auditing","computerName":"VirtualWindows8","taskCategory":"File System","accessMask":"0x80","logName":"Security","@timestamp":"2018-10-03T10:05:30.405Z","objectServer":"Security","upCode":"Info","hasLogType":"wineventlog","originatesFrom":{"@id":"http://example.org/sepses#4575b6ce-de79-457f-ac47-7afe244ec9d6","hostName":{"name":"VirtualWindows8"},"@type":"rdf:nodeID"},"@id":"http://example.org/logEntry#logEntry-ff97d283-4ea2-45cb-99e8-82195a2eeda1","accountName":"VirtualWindows8User","handleID":"0x1558","@context":"http://sepses.ifs.tuwien.ac.at/contexts/wineventlog.jsonld","version":1,"processID":"0x6ec","accesses":"%%4423\n\t\t\t\t","logMessage":"An attempt was made to access an object.\n\nSubject:\n\tSecurity ID:\t\tS-1-5-21-2361021202-3253521353-2316283985-1001\n\tAccount Name:\t\tVirtualWindows8User\n\tAccount Domain:\t\tVirtualWindows8\n\tLogon ID:\t\t0x108AF\n\nObject:\n\tObject Server:\t\tSecurity\n\tObject Type:\t\tFile\n\tObject Name:\t\tC:\\Users\\VirtualWindows8User\\Links\\UserDocuments.lnk\n\tHandle ID:\t\t0x1558\n\tResource Attributes:\tS:AI\n\nProcess Information:\n\tProcess ID:\t\t0x6ec\n\tProcess Name:\t\tC:\\Windows\\explorer.exe\n\nAccess Request Information:\n\tAccesses:\t\tReadAttributes\n\t\t\t\t\n\tAccess Mask:\t\t0x80","timestamp":"2018-10-03T10:05:30.405Z","resourceAttributes":"S:AI","eventID":4663,"level":"Information","keyword":["Audit Success"],"objectType":"File","objectName":"C:\\Users\\VirtualWindows8User\\Links\\UserDocuments.lnk","processName":"C:\\Windows\\explorer.exe","accountDomain":"VirtualWindows8","logonID":"0x108af","@type":"http://purl.org/sepses/vocab/log/wineventlog#WindowsEventLogEntry"}
{"source":"Microsoft-Windows-Security-Auditing","computerName":"VirtualWindows8","taskCategory":"File System","accessMask":"0x80","logName":"Security","@timestamp":"2018-10-03T10:05:30.483Z","objectServer":"Security","upCode":"Info","hasLogType":"wineventlog","originatesFrom":{"@id":"http://example.org/sepses#525eff3d-944b-4900-86d0-66436f98b993","hostName":{"name":"VirtualWindows8"},"@type":"rdf:nodeID"},"@id":"http://example.org/logEntry#logEntry-09cad047-c53d-44f0-acd5-39392fc0a2d1","accountName":"VirtualWindows8User","handleID":"0x185c","@context":"http://sepses.ifs.tuwien.ac.at/contexts/wineventlog.jsonld","version":1,"processID":"0x6ec","accesses":"%%4423\n\t\t\t\t","logMessage":"An attempt was made to access an object.\n\nSubject:\n\tSecurity ID:\t\tS-1-5-21-2361021202-3253521353-2316283985-1001\n\tAccount Name:\t\tVirtualWindows8User\n\tAccount Domain:\t\tVirtualWindows8\n\tLogon ID:\t\t0x108AF\n\nObject:\n\tObject Server:\t\tSecurity\n\tObject Type:\t\tFile\n\tObject Name:\t\tC:\\Users\\VirtualWindows8User\\UserDocuments\n\tHandle ID:\t\t0x185c\n\tResource Attributes:\tS:AI\n\nProcess Information:\n\tProcess ID:\t\t0x6ec\n\tProcess Name:\t\tC:\\Windows\\explorer.exe\n\nAccess Request Information:\n\tAccesses:\t\tReadAttributes\n\t\t\t\t\n\tAccess Mask:\t\t0x80","timestamp":"2018-10-03T10:05:30.483Z","resourceAttributes":"S:AI","eventID":4663,"level":"Information","keyword":["Audit Success"],"objectType":"File","objectName":"C:\\Users\\VirtualWindows8User\\UserDocuments","processName":"C:\\Windows\\explorer.exe","accountDomain":"VirtualWindows8","logonID":"0x108af","@type":"http://purl.org/sepses/vocab/log/wineventlog#WindowsEventLogEntry"}
{"source":"Microsoft-Windows-Security-Auditing","computerName":"VirtualWindows8","taskCategory":"File System","accessMask":"0x80","logName":"Security","@timestamp":"2018-10-03T10:05:30.483Z","objectServer":"Security","upCode":"Info","hasLogType":"wineventlog","originatesFrom":{"@id":"http://example.org/sepses#0b8e4352-3854-4d72-8ac3-90f2470c9d81","hostName":{"name":"VirtualWindows8"},"@type":"rdf:nodeID"},"@id":"http://example.org/logEntry#logEntry-0e2fe0fa-cc63-42ec-bf89-1dfb9d93995c","accountName":"VirtualWindows8User","handleID":"0x185c","@context":"http://sepses.ifs.tuwien.ac.at/contexts/wineventlog.jsonld","version":1,"processID":"0x6ec","accesses":"%%4423\n\t\t\t\t","logMessage":"An attempt was made to access an object.\n\nSubject:\n\tSecurity ID:\t\tS-1-5-21-2361021202-3253521353-2316283985-1001\n\tAccount Name:\t\tVirtualWindows8User\n\tAccount Domain:\t\tVirtualWindows8\n\tLogon ID:\t\t0x108AF\n\nObject:\n\tObject Server:\t\tSecurity\n\tObject Type:\t\tFile\n\tObject Name:\t\tC:\\Users\\VirtualWindows8User\\UserDocuments\n\tHandle ID:\t\t0x185c\n\tResource Attributes:\tS:AI\n\nProcess Information:\n\tProcess ID:\t\t0x6ec\n\tProcess Name:\t\tC:\\Windows\\explorer.exe\n\nAccess Request Information:\n\tAccesses:\t\tReadAttributes\n\t\t\t\t\n\tAccess Mask:\t\t0x80","timestamp":"2018-10-03T10:05:30.483Z","resourceAttributes":"S:AI","eventID":4663,"level":"Information","keyword":["Audit Success"],"objectType":"File","objectName":"C:\\Users\\VirtualWindows8User\\UserDocuments","processName":"C:\\Windows\\explorer.exe","accountDomain":"VirtualWindows8","logonID":"0x108af","@type":"http://purl.org/sepses/vocab/log/wineventlog#WindowsEventLogEntry"}
{"source":"Microsoft-Windows-Security-Auditing","computerName":"VirtualWindows8","taskCategory":"File System","accessMask":"0x80","logName":"Security","@timestamp":"2018-10-03T10:05:30.530Z","objectServer":"Security","upCode":"Info","hasLogType":"wineventlog","originatesFrom":{"@id":"http://example.org/sepses#4340b7b8-f691-4075-8bfe-74b65f8fe50e","hostName":{"name":"VirtualWindows8"},"@type":"rdf:nodeID"},"@id":"http://example.org/logEntry#logEntry-4004bfee-c15f-47e8-8aac-07ed503fbb40","accountName":"VirtualWindows8User","handleID":"0x1558","@context":"http://sepses.ifs.tuwien.ac.at/contexts/wineventlog.jsonld","version":1,"processID":"0x6ec","accesses":"%%4423\n\t\t\t\t","logMessage":"An attempt was made to access an object.\n\nSubject:\n\tSecurity ID:\t\tS-1-5-21-2361021202-3253521353-2316283985-1001\n\tAccount Name:\t\tVirtualWindows8User\n\tAccount Domain:\t\tVirtualWindows8\n\tLogon ID:\t\t0x108AF\n\nObject:\n\tObject Server:\t\tSecurity\n\tObject Type:\t\tFile\n\tObject Name:\t\tC:\\Users\\VirtualWindows8User\\UserDocuments\n\tHandle ID:\t\t0x1558\n\tResource Attributes:\tS:AI\n\nProcess Information:\n\tProcess ID:\t\t0x6ec\n\tProcess Name:\t\tC:\\Windows\\explorer.exe\n\nAccess Request Information:\n\tAccesses:\t\tReadAttributes\n\t\t\t\t\n\tAccess Mask:\t\t0x80","timestamp":"2018-10-03T10:05:30.530Z","resourceAttributes":"S:AI","eventID":4663,"level":"Information","keyword":["Audit Success"],"objectType":"File","objectName":"C:\\Users\\VirtualWindows8User\\UserDocuments","processName":"C:\\Windows\\explorer.exe","accountDomain":"VirtualWindows8","logonID":"0x108af","@type":"http://purl.org/sepses/vocab/log/wineventlog#WindowsEventLogEntry"}
{"source":"Microsoft-Windows-Security-Auditing","computerName":"VirtualWindows8","taskCategory":"File System","accessMask":"0x80","logName":"Security","@timestamp":"2018-10-03T10:05:30.530Z","objectServer":"Security","upCode":"Info","hasLogType":"wineventlog","originatesFrom":{"@id":"http://example.org/sepses#593ed9c0-c1a2-4fc0-939d-cde2956b83ad","hostName":{"name":"VirtualWindows8"},"@type":"rdf:nodeID"},"@id":"http://example.org/logEntry#logEntry-282ef3dc-1c00-4db5-b25f-ad0787c57f24","accountName":"VirtualWindows8User","handleID":"0x1558","@context":"http://sepses.ifs.tuwien.ac.at/contexts/wineventlog.jsonld","version":1,"processID":"0x6ec","accesses":"%%4423\n\t\t\t\t","logMessage":"An attempt was made to access an object.\n\nSubject:\n\tSecurity ID:\t\tS-1-5-21-2361021202-3253521353-2316283985-1001\n\tAccount Name:\t\tVirtualWindows8User\n\tAccount Domain:\t\tVirtualWindows8\n\tLogon ID:\t\t0x108AF\n\nObject:\n\tObject Server:\t\tSecurity\n\tObject Type:\t\tFile\n\tObject Name:\t\tC:\\Users\\VirtualWindows8User\\UserDocuments\n\tHandle ID:\t\t0x1558\n\tResource Attributes:\tS:AI\n\nProcess Information:\n\tProcess ID:\t\t0x6ec\n\tProcess Name:\t\tC:\\Windows\\explorer.exe\n\nAccess Request Information:\n\tAccesses:\t\tReadAttributes\n\t\t\t\t\n\tAccess Mask:\t\t0x80","timestamp":"2018-10-03T10:05:30.530Z","resourceAttributes":"S:AI","eventID":4663,"level":"Information","keyword":["Audit Success"],"objectType":"File","objectName":"C:\\Users\\VirtualWindows8User\\UserDocuments","processName":"C:\\Windows\\explorer.exe","accountDomain":"VirtualWindows8","logonID":"0x108af","@type":"http://purl.org/sepses/vocab/log/wineventlog#WindowsEventLogEntry"}
{"source":"Microsoft-Windows-Security-Auditing","computerName":"VirtualWindows8","taskCategory":"File System","accessMask":"0x80","logName":"Security","@timestamp":"2018-10-03T10:05:30.686Z","objectServer":"Security","upCode":"Info","hasLogType":"wineventlog","originatesFrom":{"@id":"http://example.org/sepses#c590494f-8e08-4430-8e97-d89ac53175e0","hostName":{"name":"VirtualWindows8"},"@type":"rdf:nodeID"},"@id":"http://example.org/logEntry#logEntry-cb0ed56f-8ad3-4d00-a81b-df59878daeda","accountName":"VirtualWindows8User","handleID":"0xae4","@context":"http://sepses.ifs.tuwien.ac.at/contexts/wineventlog.jsonld","version":1,"processID":"0x6ec","accesses":"%%4423\n\t\t\t\t","logMessage":"An attempt was made to access an object.\n\nSubject:\n\tSecurity ID:\t\tS-1-5-21-2361021202-3253521353-2316283985-1001\n\tAccount Name:\t\tVirtualWindows8User\n\tAccount Domain:\t\tVirtualWindows8\n\tLogon ID:\t\t0x108AF\n\nObject:\n\tObject Server:\t\tSecurity\n\tObject Type:\t\tFile\n\tObject Name:\t\tC:\\Users\\VirtualWindows8User\\UserDocuments\n\tHandle ID:\t\t0xae4\n\tResource Attributes:\tS:AI\n\nProcess Information:\n\tProcess ID:\t\t0x6ec\n\tProcess Name:\t\tC:\\Windows\\explorer.exe\n\nAccess Request Information:\n\tAccesses:\t\tReadAttributes\n\t\t\t\t\n\tAccess Mask:\t\t0x80","timestamp":"2018-10-03T10:05:30.686Z","resourceAttributes":"S:AI","eventID":4663,"level":"Information","keyword":["Audit Success"],"objectType":"File","objectName":"C:\\Users\\VirtualWindows8User\\UserDocuments","processName":"C:\\Windows\\explorer.exe","accountDomain":"VirtualWindows8","logonID":"0x108af","@type":"http://purl.org/sepses/vocab/log/wineventlog#WindowsEventLogEntry"}
{"source":"Microsoft-Windows-Security-Auditing","computerName":"VirtualWindows8","taskCategory":"File System","accessMask":"0x80","logName":"Security","@timestamp":"2018-10-03T10:05:30.686Z","objectServer":"Security","upCode":"Info","hasLogType":"wineventlog","originatesFrom":{"@id":"http://example.org/sepses#7b2ab552-8152-4e05-824c-7c7ab769f7d4","hostName":{"name":"VirtualWindows8"},"@type":"rdf:nodeID"},"@id":"http://example.org/logEntry#logEntry-b8650241-3032-4509-9d9f-8e331a5c20f7","accountName":"VirtualWindows8User","handleID":"0xae4","@context":"http://sepses.ifs.tuwien.ac.at/contexts/wineventlog.jsonld","version":1,"processID":"0x6ec","accesses":"%%4423\n\t\t\t\t","logMessage":"An attempt was made to access an object.\n\nSubject:\n\tSecurity ID:\t\tS-1-5-21-2361021202-3253521353-2316283985-1001\n\tAccount Name:\t\tVirtualWindows8User\n\tAccount Domain:\t\tVirtualWindows8\n\tLogon ID:\t\t0x108AF\n\nObject:\n\tObject Server:\t\tSecurity\n\tObject Type:\t\tFile\n\tObject Name:\t\tC:\\Users\\VirtualWindows8User\\UserDocuments\n\tHandle ID:\t\t0xae4\n\tResource Attributes:\tS:AI\n\nProcess Information:\n\tProcess ID:\t\t0x6ec\n\tProcess Name:\t\tC:\\Windows\\explorer.exe\n\nAccess Request Information:\n\tAccesses:\t\tReadAttributes\n\t\t\t\t\n\tAccess Mask:\t\t0x80","timestamp":"2018-10-03T10:05:30.686Z","resourceAttributes":"S:AI","eventID":4663,"level":"Information","keyword":["Audit Success"],"objectType":"File","objectName":"C:\\Users\\VirtualWindows8User\\UserDocuments","processName":"C:\\Windows\\explorer.exe","accountDomain":"VirtualWindows8","logonID":"0x108af","@type":"http://purl.org/sepses/vocab/log/wineventlog#WindowsEventLogEntry"}
{"source":"Microsoft-Windows-Security-Auditing","computerName":"VirtualWindows8","taskCategory":"File System","accessMask":"0x80","logName":"Security","@timestamp":"2018-10-03T10:05:31.733Z","objectServer":"Security","upCode":"Info","hasLogType":"wineventlog","originatesFrom":{"@id":"http://example.org/sepses#7ea54f51-11be-46f9-9850-ece8cb601ae2","hostName":{"name":"VirtualWindows8"},"@type":"rdf:nodeID"},"@id":"http://example.org/logEntry#logEntry-4a5751f9-ecb5-4131-8684-9e1fc562f132","accountName":"VirtualWindows8User","handleID":"0x1388","@context":"http://sepses.ifs.tuwien.ac.at/contexts/wineventlog.jsonld","version":1,"processID":"0x6ec","accesses":"%%4423\n\t\t\t\t","logMessage":"An attempt was made to access an object.\n\nSubject:\n\tSecurity ID:\t\tS-1-5-21-2361021202-3253521353-2316283985-1001\n\tAccount Name:\t\tVirtualWindows8User\n\tAccount Domain:\t\tVirtualWindows8\n\tLogon ID:\t\t0x108AF\n\nObject:\n\tObject Server:\t\tSecurity\n\tObject Type:\t\tFile\n\tObject Name:\t\tC:\\Users\\VirtualWindows8User\\UserDocuments\n\tHandle ID:\t\t0x1388\n\tResource Attributes:\tS:AI\n\nProcess Information:\n\tProcess ID:\t\t0x6ec\n\tProcess Name:\t\tC:\\Windows\\explorer.exe\n\nAccess Request Information:\n\tAccesses:\t\tReadAttributes\n\t\t\t\t\n\tAccess Mask:\t\t0x80","timestamp":"2018-10-03T10:05:31.733Z","resourceAttributes":"S:AI","eventID":4663,"level":"Information","keyword":["Audit Success"],"objectType":"File","objectName":"C:\\Users\\VirtualWindows8User\\UserDocuments","processName":"C:\\Windows\\explorer.exe","accountDomain":"VirtualWindows8","logonID":"0x108af","@type":"http://purl.org/sepses/vocab/log/wineventlog#WindowsEventLogEntry"}
