<http://example.org/logEntry#logEntry-7f5759ab-c64e-44ca-b8a5-4f1f9c105e1b>
        a                       <http://purl.org/sepses/vocab/log/wineventlog#WindowsEventLogEntry> ;
        scl:hasLogType          "wineventlog"^^rdfs:Literal ;
        scl:logMessage          "A handle to an object was requested.\n\nSubject:\n\tSecurity ID:\t\tS-1-5-21-2361021202-3253521353-2316283985-1001\n\tAccount Name:\t\tVirtualWindows8User\n\tAccount Domain:\t\tVirtualWindows8\n\tLogon ID:\t\t0xBD7C\n\nObject:\n\tObject Server:\t\tSecurity\n\tObject Type:\t\tFile\n\tObject Name:\t\tC:\\Users\\VirtualWindows8User\\Dropbox\n\tHandle ID:\t\t0x22c0\n\tResource Attributes:\t-\n\nProcess Information:\n\tProcess ID:\t\t0x3f8\n\tProcess Name:\t\tC:\\Windows\\explorer.exe\n\nAccess Request Information:\n\tTransaction ID:\t\t{00000000-0000-0000-0000-000000000000}\n\tAccesses:\t\tSYNCHRONIZE\n\t\t\t\tReadAttributes\n\t\t\t\t\n\tAccess Reasons:\t\tSYNCHRONIZE:\tGranted by\tD:(A;OICI;FA;;;S-1-5-21-2361021202-3253521353-2316283985-1001)\n\t\t\t\tReadAttributes:\tGranted by\tD:(A;OICI;FA;;;S-1-5-21-2361021202-3253521353-2316283985-1001)\n\t\t\t\t\n\tAccess Mask:\t\t0x100080\n\tPrivileges Used for Access Check:\t-\n\tRestricted SID Count:\t0"^^rdfs:Literal ;
        scl:originatesFrom      <http://example.org/sepses#2afd4b8b-5d36-4e7d-9c1f-8ffc74f2e4b2> ;
        scl:timestamp           "2018-08-29T11:52:04.691Z"^^xsd:dateTime ;
        win:accessMask          "0x100080"^^rdfs:Literal ;
        win:accesses            "%%1541\n\t\t\t\t%%4423\n\t\t\t\t"^^rdfs:Literal ;
        win:accountDomain       "VirtualWindows8"^^rdfs:Literal ;
        win:eventID             "4656"^^xsd:Int , "Information"^^rdfs:Literal ;
        win:handleID            "0x22c0"^^rdfs:Literal ;
        win:hasProtocol         "VirtualWindows8User"^^rdfs:Literal ;
        win:keyword             "Audit Success"^^rdfs:Literal ;
        win:logName             "Security"^^rdfs:Literal ;
        win:logonID             "0xbd7c"^^rdfs:Literal ;
        win:objectName          "C:\\Users\\VirtualWindows8User\\Dropbox"^^rdfs:Literal ;
        win:objectServer        "Security"^^rdfs:Literal ;
        win:objectType          "File"^^rdfs:Literal ;
        win:processID           "0x3f8"^^rdfs:Literal ;
        win:processName         "C:\\Windows\\explorer.exe"^^rdfs:Literal ;
        win:resourceAttributes  "-"^^rdfs:Literal ;
        win:source              "Microsoft-Windows-Security-Auditing"^^rdfs:Literal ;
        win:taskCategory        "File System"^^rdfs:Literal ;
        win:upCode              "Info"^^rdfs:Literal .

<http://example.org/sepses#0e7d189d-ad26-4b72-895c-905cff1ebe91>
        a             rdf:nodeID ;
        scl:hostName  []  .

<http://example.org/sepses#e563179d-8a09-4632-9872-ca63864bdf91>
        a             rdf:nodeID ;
        scl:hostName  []  .

<http://example.org/logEntry#logEntry-ff2a1916-d1db-464f-8d84-65608ba05605>
        a                       <http://purl.org/sepses/vocab/log/wineventlog#WindowsEventLogEntry> ;
        scl:hasLogType          "wineventlog"^^rdfs:Literal ;
        scl:logMessage          "A handle to an object was requested.\n\nSubject:\n\tSecurity ID:\t\tS-1-5-21-2361021202-3253521353-2316283985-1001\n\tAccount Name:\t\tVirtualWindows8User\n\tAccount Domain:\t\tVirtualWindows8\n\tLogon ID:\t\t0xBD7C\n\nObject:\n\tObject Server:\t\tSecurity\n\tObject Type:\t\tFile\n\tObject Name:\t\tC:\\Users\\VirtualWindows8User\\Dropbox\\test2 - Copy.txt\n\tHandle ID:\t\t0x1d4c\n\tResource Attributes:\t-\n\nProcess Information:\n\tProcess ID:\t\t0xe74\n\tProcess Name:\t\tC:\\Program Files (x86)\\Dropbox\\Client\\Dropbox.exe\n\nAccess Request Information:\n\tTransaction ID:\t\t{00000000-0000-0000-0000-000000000000}\n\tAccesses:\t\tSYNCHRONIZE\n\t\t\t\tReadAttributes\n\t\t\t\t\n\tAccess Reasons:\t\tSYNCHRONIZE:\tGranted by\tD:(A;;FA;;;S-1-5-21-2361021202-3253521353-2316283985-1001)\n\t\t\t\tReadAttributes:\tGranted by\tD:(A;;FA;;;S-1-5-21-2361021202-3253521353-2316283985-1001)\n\t\t\t\t\n\tAccess Mask:\t\t0x100080\n\tPrivileges Used for Access Check:\t-\n\tRestricted SID Count:\t0"^^rdfs:Literal ;
        scl:originatesFrom      <http://example.org/sepses#11b494fe-81b8-4237-abb5-a08ee68f60fd> ;
        scl:timestamp           "2018-08-29T11:53:50.931Z"^^xsd:dateTime ;
        win:accessMask          "0x100080"^^rdfs:Literal ;
        win:accesses            "%%1541\n\t\t\t\t%%4423\n\t\t\t\t"^^rdfs:Literal ;
        win:accountDomain       "VirtualWindows8"^^rdfs:Literal ;
        win:eventID             "4656"^^xsd:Int , "Information"^^rdfs:Literal ;
        win:handleID            "0x1d4c"^^rdfs:Literal ;
        win:hasProtocol         "VirtualWindows8User"^^rdfs:Literal ;
        win:keyword             "Audit Success"^^rdfs:Literal ;
        win:logName             "Security"^^rdfs:Literal ;
        win:logonID             "0xbd7c"^^rdfs:Literal ;
        win:objectName          "C:\\Users\\VirtualWindows8User\\Dropbox\\test2 - Copy.txt"^^rdfs:Literal ;
        win:objectServer        "Security"^^rdfs:Literal ;
        win:objectType          "File"^^rdfs:Literal ;
        win:processID           "0xe74"^^rdfs:Literal ;
        win:processName         "C:\\Program Files (x86)\\Dropbox\\Client\\Dropbox.exe"^^rdfs:Literal ;
        win:resourceAttributes  "-"^^rdfs:Literal ;
        win:source              "Microsoft-Windows-Security-Auditing"^^rdfs:Literal ;
        win:taskCategory        "File System"^^rdfs:Literal ;
        win:upCode              "Info"^^rdfs:Literal .

<http://example.org/sepses#e2c09bbd-efe9-4c46-8002-7debfb2082aa>
        a             rdf:nodeID ;
        scl:hostName  []  .

<http://example.org/logEntry#logEntry-577e1204-63bd-4f92-b09d-5ca0e92639e6>
        a                       <http://purl.org/sepses/vocab/log/wineventlog#WindowsEventLogEntry> ;
        scl:hasLogType          "wineventlog"^^rdfs:Literal ;
        scl:logMessage          "An attempt was made to access an object.\n\nSubject:\n\tSecurity ID:\t\tS-1-5-21-2361021202-3253521353-2316283985-1001\n\tAccount Name:\t\tVirtualWindows8User\n\tAccount Domain:\t\tVirtualWindows8\n\tLogon ID:\t\t0xBD7C\n\nObject:\n\tObject Server:\t\tSecurity\n\tObject Type:\t\tFile\n\tObject Name:\t\tC:\\Users\\VirtualWindows8User\\Dropbox\\test1.txt\n\tHandle ID:\t\t0x1da0\n\tResource Attributes:\tS:AI\n\nProcess Information:\n\tProcess ID:\t\t0xe74\n\tProcess Name:\t\tC:\\Program Files (x86)\\Dropbox\\Client\\Dropbox.exe\n\nAccess Request Information:\n\tAccesses:\t\tReadAttributes\n\t\t\t\t\n\tAccess Mask:\t\t0x80"^^rdfs:Literal ;
        scl:originatesFrom      <http://example.org/sepses#f7f33a69-fd93-4d2e-8c6e-191312cc7998> ;
        scl:timestamp           "2018-08-29T11:52:04.129Z"^^xsd:dateTime ;
        win:accessMask          "0x80"^^rdfs:Literal ;
        win:accesses            "%%4423\n\t\t\t\t"^^rdfs:Literal ;
        win:accountDomain       "VirtualWindows8"^^rdfs:Literal ;
        win:eventID             "4663"^^xsd:Int , "Information"^^rdfs:Literal ;
        win:handleID            "0x1da0"^^rdfs:Literal ;
        win:hasProtocol         "VirtualWindows8User"^^rdfs:Literal ;
        win:keyword             "Audit Success"^^rdfs:Literal ;
        win:logName             "Security"^^rdfs:Literal ;
        win:logonID             "0xbd7c"^^rdfs:Literal ;
        win:objectName          "C:\\Users\\VirtualWindows8User\\Dropbox\\test1.txt"^^rdfs:Literal ;
        win:objectServer        "Security"^^rdfs:Literal ;
        win:objectType          "File"^^rdfs:Literal ;
        win:processID           "0xe74"^^rdfs:Literal ;
        win:processName         "C:\\Program Files (x86)\\Dropbox\\Client\\Dropbox.exe"^^rdfs:Literal ;
        win:resourceAttributes  "S:AI"^^rdfs:Literal ;
        win:source              "Microsoft-Windows-Security-Auditing"^^rdfs:Literal ;
        win:taskCategory        "File System"^^rdfs:Literal ;
        win:upCode              "Info"^^rdfs:Literal .

<http://example.org/logEntry#logEntry-3be5bb49-714f-4917-9013-beddc838100c>
        a                       <http://purl.org/sepses/vocab/log/wineventlog#WindowsEventLogEntry> ;
        scl:hasLogType          "wineventlog"^^rdfs:Literal ;
        scl:logMessage          "An attempt was made to access an object.\n\nSubject:\n\tSecurity ID:\t\tS-1-5-21-2361021202-3253521353-2316283985-1001\n\tAccount Name:\t\tVirtualWindows8User\n\tAccount Domain:\t\tVirtualWindows8\n\tLogon ID:\t\t0xBD7C\n\nObject:\n\tObject Server:\t\tSecurity\n\tObject Type:\t\tFile\n\tObject Name:\t\tC:\\Users\\VirtualWindows8User\\Dropbox\\test2 - Copy.txt\n\tHandle ID:\t\t0x1d4c\n\tResource Attributes:\tS:AI\n\nProcess Information:\n\tProcess ID:\t\t0xe74\n\tProcess Name:\t\tC:\\Program Files (x86)\\Dropbox\\Client\\Dropbox.exe\n\nAccess Request Information:\n\tAccesses:\t\tReadAttributes\n\t\t\t\t\n\tAccess Mask:\t\t0x80"^^rdfs:Literal ;
        scl:originatesFrom      <http://example.org/sepses#51e8fa15-a8e7-414c-96bf-c0bb4da7d340> ;
        scl:timestamp           "2018-08-29T11:53:50.911Z"^^xsd:dateTime ;
        win:accessMask          "0x80"^^rdfs:Literal ;
        win:accesses            "%%4423\n\t\t\t\t"^^rdfs:Literal ;
        win:accountDomain       "VirtualWindows8"^^rdfs:Literal ;
        win:eventID             "Information"^^rdfs:Literal , "4663"^^xsd:Int ;
        win:handleID            "0x1d4c"^^rdfs:Literal ;
        win:hasProtocol         "VirtualWindows8User"^^rdfs:Literal ;
        win:keyword             "Audit Success"^^rdfs:Literal ;
        win:logName             "Security"^^rdfs:Literal ;
        win:logonID             "0xbd7c"^^rdfs:Literal ;
        win:objectName          "C:\\Users\\VirtualWindows8User\\Dropbox\\test2 - Copy.txt"^^rdfs:Literal ;
        win:objectServer        "Security"^^rdfs:Literal ;
        win:objectType          "File"^^rdfs:Literal ;
        win:processID           "0xe74"^^rdfs:Literal ;
        win:processName         "C:\\Program Files (x86)\\Dropbox\\Client\\Dropbox.exe"^^rdfs:Literal ;
        win:resourceAttributes  "S:AI"^^rdfs:Literal ;
        win:source              "Microsoft-Windows-Security-Auditing"^^rdfs:Literal ;
        win:taskCategory        "File System"^^rdfs:Literal ;
        win:upCode              "Info"^^rdfs:Literal .

<http://example.org/logEntry#logEntry-0d8b603a-ba5f-4299-871e-8e384c89763d>
        a                       <http://purl.org/sepses/vocab/log/wineventlog#WindowsEventLogEntry> ;
        scl:hasLogType          "wineventlog"^^rdfs:Literal ;
        scl:logMessage          "An attempt was made to access an object.\n\nSubject:\n\tSecurity ID:\t\tS-1-5-21-2361021202-3253521353-2316283985-1001\n\tAccount Name:\t\tVirtualWindows8User\n\tAccount Domain:\t\tVirtualWindows8\n\tLogon ID:\t\t0xBD7C\n\nObject:\n\tObject Server:\t\tSecurity\n\tObject Type:\t\tFile\n\tObject Name:\t\tC:\\Users\\VirtualWindows8User\\Dropbox\n\tHandle ID:\t\t0x1db0\n\tResource Attributes:\tS:AI\n\nProcess Information:\n\tProcess ID:\t\t0xe74\n\tProcess Name:\t\tC:\\Program Files (x86)\\Dropbox\\Client\\Dropbox.exe\n\nAccess Request Information:\n\tAccesses:\t\tReadAttributes\n\t\t\t\t\n\tAccess Mask:\t\t0x80"^^rdfs:Literal ;
        scl:originatesFrom      <http://example.org/sepses#9bbc0feb-b79b-4b97-8c78-16a6a449722d> ;
        scl:timestamp           "2018-08-29T11:48:37.003Z"^^xsd:dateTime ;
        win:accessMask          "0x80"^^rdfs:Literal ;
        win:accesses            "%%4423\n\t\t\t\t"^^rdfs:Literal ;
        win:accountDomain       "VirtualWindows8"^^rdfs:Literal ;
        win:eventID             "4663"^^xsd:Int , "Information"^^rdfs:Literal ;
        win:handleID            "0x1db0"^^rdfs:Literal ;
        win:hasProtocol         "VirtualWindows8User"^^rdfs:Literal ;
        win:keyword             "Audit Success"^^rdfs:Literal ;
        win:logName             "Security"^^rdfs:Literal ;
        win:logonID             "0xbd7c"^^rdfs:Literal ;
        win:objectName          "C:\\Users\\VirtualWindows8User\\Dropbox"^^rdfs:Literal ;
        win:objectServer        "Security"^^rdfs:Literal ;
        win:objectType          "File"^^rdfs:Literal ;
        win:processID           "0xe74"^^rdfs:Literal ;
        win:processName         "C:\\Program Files (x86)\\Dropbox\\Client\\Dropbox.exe"^^rdfs:Literal ;
        win:resourceAttributes  "S:AI"^^rdfs:Literal ;
        win:source              "Microsoft-Windows-Security-Auditing"^^rdfs:Literal ;
        win:taskCategory        "File System"^^rdfs:Literal ;
        win:upCode              "Info"^^rdfs:Literal .

<http://example.org/sepses#9b5d3b56-8be9-4b54-8fc8-39c94ae31e51>
        a             rdf:nodeID ;
        scl:hostName  []  .

<http://example.org/sepses#0c1abdd9-77c8-4790-ba75-73421ba8e36e>
        a             rdf:nodeID ;
        scl:hostName  []  .

<http://example.org/sepses#d5708164-941a-4077-be7c-094f33b42327>
        a             rdf:nodeID ;
        scl:hostName  []  .

<http://example.org/sepses#81433647-482e-4907-9850-2af4d6870a20>
        a             rdf:nodeID ;
        scl:hostName  []  .

<http://example.org/sepses#2f591736-75d3-477a-82a3-18da45ace736>
        a             rdf:nodeID ;
        scl:hostName  []  .

<http://example.org/logEntry#logEntry-f73ad0a4-53bf-4480-bfe3-3f4778af8415>
        a                       <http://purl.org/sepses/vocab/log/wineventlog#WindowsEventLogEntry> ;
        scl:hasLogType          "wineventlog"^^rdfs:Literal ;
        scl:logMessage          "A handle to an object was requested.\n\nSubject:\n\tSecurity ID:\t\tS-1-5-21-2361021202-3253521353-2316283985-1001\n\tAccount Name:\t\tVirtualWindows8User\n\tAccount Domain:\t\tVirtualWindows8\n\tLogon ID:\t\t0xBD7C\n\nObject:\n\tObject Server:\t\tSecurity\n\tObject Type:\t\tFile\n\tObject Name:\t\tC:\\Users\\VirtualWindows8User\\UserDocuments\n\tHandle ID:\t\t0x1bbc\n\tResource Attributes:\t-\n\nProcess Information:\n\tProcess ID:\t\t0x3f8\n\tProcess Name:\t\tC:\\Windows\\explorer.exe\n\nAccess Request Information:\n\tTransaction ID:\t\t{00000000-0000-0000-0000-000000000000}\n\tAccesses:\t\tSYNCHRONIZE\n\t\t\t\tReadAttributes\n\t\t\t\t\n\tAccess Reasons:\t\tSYNCHRONIZE:\tGranted by\tD:(A;OICI;FA;;;S-1-5-21-2361021202-3253521353-2316283985-1001)\n\t\t\t\tReadAttributes:\tGranted by\tD:(A;OICI;FA;;;S-1-5-21-2361021202-3253521353-2316283985-1001)\n\t\t\t\t\n\tAccess Mask:\t\t0x100080\n\tPrivileges Used for Access Check:\t-\n\tRestricted SID Count:\t0"^^rdfs:Literal ;
        scl:originatesFrom      <http://example.org/sepses#bff67ba2-d452-4feb-9ce0-d5720b53907e> ;
        scl:timestamp           "2018-08-29T11:47:05.690Z"^^xsd:dateTime ;
        win:accessMask          "0x100080"^^rdfs:Literal ;
        win:accesses            "%%1541\n\t\t\t\t%%4423\n\t\t\t\t"^^rdfs:Literal ;
        win:accountDomain       "VirtualWindows8"^^rdfs:Literal ;
        win:eventID             "Information"^^rdfs:Literal , "4656"^^xsd:Int ;
        win:handleID            "0x1bbc"^^rdfs:Literal ;
        win:hasProtocol         "VirtualWindows8User"^^rdfs:Literal ;
        win:keyword             "Audit Success"^^rdfs:Literal ;
        win:logName             "Security"^^rdfs:Literal ;
        win:logonID             "0xbd7c"^^rdfs:Literal ;
        win:objectName          "C:\\Users\\VirtualWindows8User\\UserDocuments"^^rdfs:Literal ;
        win:objectServer        "Security"^^rdfs:Literal ;
        win:objectType          "File"^^rdfs:Literal ;
        win:processID           "0x3f8"^^rdfs:Literal ;
        win:processName         "C:\\Windows\\explorer.exe"^^rdfs:Literal ;
        win:resourceAttributes  "-"^^rdfs:Literal ;
        win:source              "Microsoft-Windows-Security-Auditing"^^rdfs:Literal ;
        win:taskCategory        "File System"^^rdfs:Literal ;
        win:upCode              "Info"^^rdfs:Literal .

<http://example.org/logEntry#logEntry-9d2c52c4-9090-4f99-bd6a-0cc5ff979fa8>
        a                       <http://purl.org/sepses/vocab/log/wineventlog#WindowsEventLogEntry> ;
        scl:hasLogType          "wineventlog"^^rdfs:Literal ;
        scl:logMessage          "An attempt was made to access an object.\n\nSubject:\n\tSecurity ID:\t\tS-1-5-21-2361021202-3253521353-2316283985-1001\n\tAccount Name:\t\tVirtualWindows8User\n\tAccount Domain:\t\tVirtualWindows8\n\tLogon ID:\t\t0xBD7C\n\nObject:\n\tObject Server:\t\tSecurity\n\tObject Type:\t\tFile\n\tObject Name:\t\tC:\\Users\\VirtualWindows8User\\Dropbox\n\tHandle ID:\t\t0x1ca4\n\tResource Attributes:\tS:AI\n\nProcess Information:\n\tProcess ID:\t\t0xe74\n\tProcess Name:\t\tC:\\Program Files (x86)\\Dropbox\\Client\\Dropbox.exe\n\nAccess Request Information:\n\tAccesses:\t\tReadAttributes\n\t\t\t\t\n\tAccess Mask:\t\t0x80"^^rdfs:Literal ;
        scl:originatesFrom      <http://example.org/sepses#e301941a-f16b-4acc-8050-3b0c1eef8792> ;
        scl:timestamp           "2018-08-29T11:53:40.463Z"^^xsd:dateTime ;
        win:accessMask          "0x80"^^rdfs:Literal ;
        win:accesses            "%%4423\n\t\t\t\t"^^rdfs:Literal ;
        win:accountDomain       "VirtualWindows8"^^rdfs:Literal ;
        win:eventID             "Information"^^rdfs:Literal , "4663"^^xsd:Int ;
        win:handleID            "0x1ca4"^^rdfs:Literal ;
        win:hasProtocol         "VirtualWindows8User"^^rdfs:Literal ;
        win:keyword             "Audit Success"^^rdfs:Literal ;
        win:logName             "Security"^^rdfs:Literal ;
        win:logonID             "0xbd7c"^^rdfs:Literal ;
        win:objectName          "C:\\Users\\VirtualWindows8User\\Dropbox"^^rdfs:Literal ;
        win:objectServer        "Security"^^rdfs:Literal ;
        win:objectType          "File"^^rdfs:Literal ;
        win:processID           "0xe74"^^rdfs:Literal ;
        win:processName         "C:\\Program Files (x86)\\Dropbox\\Client\\Dropbox.exe"^^rdfs:Literal ;
        win:resourceAttributes  "S:AI"^^rdfs:Literal ;
        win:source              "Microsoft-Windows-Security-Auditing"^^rdfs:Literal ;
        win:taskCategory        "File System"^^rdfs:Literal ;
        win:upCode              "Info"^^rdfs:Literal .

<http://example.org/sepses#eb984936-2046-4981-a54b-a867e1843578>
        a             rdf:nodeID ;
        scl:hostName  []  .

<http://example.org/logEntry#logEntry-3f443b2c-ac02-4a31-b6bb-67dbfe668425>
        a                       <http://purl.org/sepses/vocab/log/wineventlog#WindowsEventLogEntry> ;
        scl:hasLogType          "wineventlog"^^rdfs:Literal ;
        scl:logMessage          "A handle to an object was requested.\n\nSubject:\n\tSecurity ID:\t\tS-1-5-21-2361021202-3253521353-2316283985-1001\n\tAccount Name:\t\tVirtualWindows8User\n\tAccount Domain:\t\tVirtualWindows8\n\tLogon ID:\t\t0xBD7C\n\nObject:\n\tObject Server:\t\tSecurity\n\tObject Type:\t\tFile\n\tObject Name:\t\tC:\\Users\\VirtualWindows8User\\Dropbox\n\tHandle ID:\t\t0x1d9c\n\tResource Attributes:\t-\n\nProcess Information:\n\tProcess ID:\t\t0xe74\n\tProcess Name:\t\tC:\\Program Files (x86)\\Dropbox\\Client\\Dropbox.exe\n\nAccess Request Information:\n\tTransaction ID:\t\t{00000000-0000-0000-0000-000000000000}\n\tAccesses:\t\tSYNCHRONIZE\n\t\t\t\tReadAttributes\n\t\t\t\t\n\tAccess Reasons:\t\tSYNCHRONIZE:\tGranted by\tD:(A;OICI;FA;;;S-1-5-21-2361021202-3253521353-2316283985-1001)\n\t\t\t\tReadAttributes:\tGranted by\tD:(A;OICI;FA;;;S-1-5-21-2361021202-3253521353-2316283985-1001)\n\t\t\t\t\n\tAccess Mask:\t\t0x100080\n\tPrivileges Used for Access Check:\t-\n\tRestricted SID Count:\t0"^^rdfs:Literal ;
        scl:originatesFrom      <http://example.org/sepses#6ee0d175-beff-456c-a96c-3d42d7828189> ;
        scl:timestamp           "2018-08-29T11:53:40.462Z"^^xsd:dateTime ;
        win:accessMask          "0x100080"^^rdfs:Literal ;
        win:accesses            "%%1541\n\t\t\t\t%%4423\n\t\t\t\t"^^rdfs:Literal ;
        win:accountDomain       "VirtualWindows8"^^rdfs:Literal ;
        win:eventID             "4656"^^xsd:Int , "Information"^^rdfs:Literal ;
        win:handleID            "0x1d9c"^^rdfs:Literal ;
        win:hasProtocol         "VirtualWindows8User"^^rdfs:Literal ;
        win:keyword             "Audit Success"^^rdfs:Literal ;
        win:logName             "Security"^^rdfs:Literal ;
        win:logonID             "0xbd7c"^^rdfs:Literal ;
        win:objectName          "C:\\Users\\VirtualWindows8User\\Dropbox"^^rdfs:Literal ;
        win:objectServer        "Security"^^rdfs:Literal ;
        win:objectType          "File"^^rdfs:Literal ;
        win:processID           "0xe74"^^rdfs:Literal ;
        win:processName         "C:\\Program Files (x86)\\Dropbox\\Client\\Dropbox.exe"^^rdfs:Literal ;
        win:resourceAttributes  "-"^^rdfs:Literal ;
        win:source              "Microsoft-Windows-Security-Auditing"^^rdfs:Literal ;
        win:taskCategory        "File System"^^rdfs:Literal ;
        win:upCode              "Info"^^rdfs:Literal .

<http://example.org/sepses#dada3369-3e57-4644-b21a-07770f46dce8>
        a             rdf:nodeID ;
        scl:hostName  []  .

<http://example.org/logEntry#logEntry-16f20bbe-f8f5-4423-9a30-f4dfda28f736>
        a                       <http://purl.org/sepses/vocab/log/wineventlog#WindowsEventLogEntry> ;
        scl:hasLogType          "wineventlog"^^rdfs:Literal ;
        scl:logMessage          "A handle to an object was requested.\n\nSubject:\n\tSecurity ID:\t\tS-1-5-21-2361021202-3253521353-2316283985-1001\n\tAccount Name:\t\tVirtualWindows8User\n\tAccount Domain:\t\tVirtualWindows8\n\tLogon ID:\t\t0xBD7C\n\nObject:\n\tObject Server:\t\tSecurity\n\tObject Type:\t\tFile\n\tObject Name:\t\tC:\\Users\\VirtualWindows8User\\Dropbox\n\tHandle ID:\t\t0x1440\n\tResource Attributes:\t-\n\nProcess Information:\n\tProcess ID:\t\t0x3f8\n\tProcess Name:\t\tC:\\Windows\\explorer.exe\n\nAccess Request Information:\n\tTransaction ID:\t\t{00000000-0000-0000-0000-000000000000}\n\tAccesses:\t\tSYNCHRONIZE\n\t\t\t\tReadAttributes\n\t\t\t\t\n\tAccess Reasons:\t\tSYNCHRONIZE:\tGranted by\tD:(A;OICI;FA;;;S-1-5-21-2361021202-3253521353-2316283985-1001)\n\t\t\t\tReadAttributes:\tGranted by\tD:(A;OICI;FA;;;S-1-5-21-2361021202-3253521353-2316283985-1001)\n\t\t\t\t\n\tAccess Mask:\t\t0x100080\n\tPrivileges Used for Access Check:\t-\n\tRestricted SID Count:\t0"^^rdfs:Literal ;
        scl:originatesFrom      <http://example.org/sepses#d185062b-a07e-4900-a6e4-8eaee603d33c> ;
        scl:timestamp           "2018-08-29T11:52:25.997Z"^^xsd:dateTime ;
        win:accessMask          "0x100080"^^rdfs:Literal ;
        win:accesses            "%%1541\n\t\t\t\t%%4423\n\t\t\t\t"^^rdfs:Literal ;
        win:accountDomain       "VirtualWindows8"^^rdfs:Literal ;
        win:eventID             "Information"^^rdfs:Literal , "4656"^^xsd:Int ;
        win:handleID            "0x1440"^^rdfs:Literal ;
        win:hasProtocol         "VirtualWindows8User"^^rdfs:Literal ;
        win:keyword             "Audit Success"^^rdfs:Literal ;
        win:logName             "Security"^^rdfs:Literal ;
        win:logonID             "0xbd7c"^^rdfs:Literal ;
        win:objectName          "C:\\Users\\VirtualWindows8User\\Dropbox"^^rdfs:Literal ;
        win:objectServer        "Security"^^rdfs:Literal ;
        win:objectType          "File"^^rdfs:Literal ;
        win:processID           "0x3f8"^^rdfs:Literal ;
        win:processName         "C:\\Windows\\explorer.exe"^^rdfs:Literal ;
        win:resourceAttributes  "-"^^rdfs:Literal ;
        win:source              "Microsoft-Windows-Security-Auditing"^^rdfs:Literal ;
        win:taskCategory        "File System"^^rdfs:Literal ;
        win:upCode              "Info"^^rdfs:Literal .

<http://example.org/logEntry#logEntry-11507be0-7887-4451-af2c-de39467f31f8>
        a                       <http://purl.org/sepses/vocab/log/wineventlog#WindowsEventLogEntry> ;
        scl:hasLogType          "wineventlog"^^rdfs:Literal ;
        scl:logMessage          "A handle to an object was requested.\n\nSubject:\n\tSecurity ID:\t\tS-1-5-21-2361021202-3253521353-2316283985-1001\n\tAccount Name:\t\tVirtualWindows8User\n\tAccount Domain:\t\tVirtualWindows8\n\tLogon ID:\t\t0xBD7C\n\nObject:\n\tObject Server:\t\tSecurity\n\tObject Type:\t\tFile\n\tObject Name:\t\tC:\\Users\\VirtualWindows8User\\Dropbox\n\tHandle ID:\t\t0x127c\n\tResource Attributes:\t-\n\nProcess Information:\n\tProcess ID:\t\t0x3f8\n\tProcess Name:\t\tC:\\Windows\\explorer.exe\n\nAccess Request Information:\n\tTransaction ID:\t\t{00000000-0000-0000-0000-000000000000}\n\tAccesses:\t\tREAD_CONTROL\n\t\t\t\tReadAttributes\n\t\t\t\t\n\tAccess Reasons:\t\tREAD_CONTROL:\tGranted by Ownership\n\t\t\t\tReadAttributes:\tGranted by\tD:(A;OICI;FA;;;S-1-5-21-2361021202-3253521353-2316283985-1001)\n\t\t\t\t\n\tAccess Mask:\t\t0x20080\n\tPrivileges Used for Access Check:\t-\n\tRestricted SID Count:\t0"^^rdfs:Literal ;
        scl:originatesFrom      <http://example.org/sepses#459b3b99-548f-4589-9222-6e9b550324f3> ;
        scl:timestamp           "2018-08-29T11:46:41.268Z"^^xsd:dateTime ;
        win:accessMask          "0x20080"^^rdfs:Literal ;
        win:accesses            "%%1538\n\t\t\t\t%%4423\n\t\t\t\t"^^rdfs:Literal ;
        win:accountDomain       "VirtualWindows8"^^rdfs:Literal ;
        win:eventID             "Information"^^rdfs:Literal , "4656"^^xsd:Int ;
        win:handleID            "0x127c"^^rdfs:Literal ;
        win:hasProtocol         "VirtualWindows8User"^^rdfs:Literal ;
        win:keyword             "Audit Success"^^rdfs:Literal ;
        win:logName             "Security"^^rdfs:Literal ;
        win:logonID             "0xbd7c"^^rdfs:Literal ;
        win:objectName          "C:\\Users\\VirtualWindows8User\\Dropbox"^^rdfs:Literal ;
        win:objectServer        "Security"^^rdfs:Literal ;
        win:objectType          "File"^^rdfs:Literal ;
        win:processID           "0x3f8"^^rdfs:Literal ;
        win:processName         "C:\\Windows\\explorer.exe"^^rdfs:Literal ;
        win:resourceAttributes  "-"^^rdfs:Literal ;
        win:source              "Microsoft-Windows-Security-Auditing"^^rdfs:Literal ;
        win:taskCategory        "File System"^^rdfs:Literal ;
        win:upCode              "Info"^^rdfs:Literal .

<http://example.org/logEntry#logEntry-9e2e821f-af54-4f55-9cda-3687b8481d22>
        a                       <http://purl.org/sepses/vocab/log/wineventlog#WindowsEventLogEntry> ;
        scl:hasLogType          "wineventlog"^^rdfs:Literal ;
        scl:logMessage          "An attempt was made to access an object.\n\nSubject:\n\tSecurity ID:\t\tS-1-5-21-2361021202-3253521353-2316283985-1001\n\tAccount Name:\t\tVirtualWindows8User\n\tAccount Domain:\t\tVirtualWindows8\n\tLogon ID:\t\t0xBD7C\n\nObject:\n\tObject Server:\t\tSecurity\n\tObject Type:\t\tFile\n\tObject Name:\t\tC:\\Users\\VirtualWindows8User\\Dropbox\n\tHandle ID:\t\t0x191c\n\tResource Attributes:\tS:AI\n\nProcess Information:\n\tProcess ID:\t\t0xe74\n\tProcess Name:\t\tC:\\Program Files (x86)\\Dropbox\\Client\\Dropbox.exe\n\nAccess Request Information:\n\tAccesses:\t\tReadAttributes\n\t\t\t\t\n\tAccess Mask:\t\t0x80"^^rdfs:Literal ;
        scl:originatesFrom      <http://example.org/sepses#f05e7c15-b06d-4ef7-b3cf-90cf4581f4f3> ;
        scl:timestamp           "2018-08-29T11:53:26.322Z"^^xsd:dateTime ;
        win:accessMask          "0x80"^^rdfs:Literal ;
        win:accesses            "%%4423\n\t\t\t\t"^^rdfs:Literal ;
        win:accountDomain       "VirtualWindows8"^^rdfs:Literal ;
        win:eventID             "4663"^^xsd:Int , "Information"^^rdfs:Literal ;
        win:handleID            "0x191c"^^rdfs:Literal ;
        win:hasProtocol         "VirtualWindows8User"^^rdfs:Literal ;
        win:keyword             "Audit Success"^^rdfs:Literal ;
        win:logName             "Security"^^rdfs:Literal ;
        win:logonID             "0xbd7c"^^rdfs:Literal ;
        win:objectName          "C:\\Users\\VirtualWindows8User\\Dropbox"^^rdfs:Literal ;
        win:objectServer        "Security"^^rdfs:Literal ;
        win:objectType          "File"^^rdfs:Literal ;
        win:processID           "0xe74"^^rdfs:Literal ;
        win:processName         "C:\\Program Files (x86)\\Dropbox\\Client\\Dropbox.exe"^^rdfs:Literal ;
        win:resourceAttributes  "S:AI"^^rdfs:Literal ;
        win:source              "Microsoft-Windows-Security-Auditing"^^rdfs:Literal ;
        win:taskCategory        "File System"^^rdfs:Literal ;
        win:upCode              "Info"^^rdfs:Literal .

<http://example.org/sepses#df47f9ee-f230-4ae3-a038-6b36a25d20b6>
        a             rdf:nodeID ;
        scl:hostName  []  .

<http://example.org/logEntry#logEntry-882bb3d7-3715-488c-852c-d1fd224f724d>
        a                       <http://purl.org/sepses/vocab/log/wineventlog#WindowsEventLogEntry> ;
        scl:hasLogType          "wineventlog"^^rdfs:Literal ;
        scl:logMessage          "An attempt was made to access an object.\n\nSubject:\n\tSecurity ID:\t\tS-1-5-21-2361021202-3253521353-2316283985-1001\n\tAccount Name:\t\tVirtualWindows8User\n\tAccount Domain:\t\tVirtualWindows8\n\tLogon ID:\t\t0xBD7C\n\nObject:\n\tObject Server:\t\tSecurity\n\tObject Type:\t\tFile\n\tObject Name:\t\tC:\\Users\\VirtualWindows8User\\Dropbox\n\tHandle ID:\t\t0x1aac\n\tResource Attributes:\tS:AI\n\nProcess Information:\n\tProcess ID:\t\t0xe74\n\tProcess Name:\t\tC:\\Program Files (x86)\\Dropbox\\Client\\Dropbox.exe\n\nAccess Request Information:\n\tAccesses:\t\tReadAttributes\n\t\t\t\t\n\tAccess Mask:\t\t0x80"^^rdfs:Literal ;
        scl:originatesFrom      <http://example.org/sepses#5b17a0cb-295b-4dbd-bd8c-ad332a62a30c> ;
        scl:timestamp           "2018-08-29T11:52:02.516Z"^^xsd:dateTime ;
        win:accessMask          "0x80"^^rdfs:Literal ;
        win:accesses            "%%4423\n\t\t\t\t"^^rdfs:Literal ;
        win:accountDomain       "VirtualWindows8"^^rdfs:Literal ;
        win:eventID             "4663"^^xsd:Int , "Information"^^rdfs:Literal ;
        win:handleID            "0x1aac"^^rdfs:Literal ;
        win:hasProtocol         "VirtualWindows8User"^^rdfs:Literal ;
        win:keyword             "Audit Success"^^rdfs:Literal ;
        win:logName             "Security"^^rdfs:Literal ;
        win:logonID             "0xbd7c"^^rdfs:Literal ;
        win:objectName          "C:\\Users\\VirtualWindows8User\\Dropbox"^^rdfs:Literal ;
        win:objectServer        "Security"^^rdfs:Literal ;
        win:objectType          "File"^^rdfs:Literal ;
        win:processID           "0xe74"^^rdfs:Literal ;
        win:processName         "C:\\Program Files (x86)\\Dropbox\\Client\\Dropbox.exe"^^rdfs:Literal ;
        win:resourceAttributes  "S:AI"^^rdfs:Literal ;
        win:source              "Microsoft-Windows-Security-Auditing"^^rdfs:Literal ;
        win:taskCategory        "File System"^^rdfs:Literal ;
        win:upCode              "Info"^^rdfs:Literal .

<http://example.org/logEntry#logEntry-cfb1ee8d-3a6c-4eb3-981f-d0490c5cf8f7>
        a                       <http://purl.org/sepses/vocab/log/wineventlog#WindowsEventLogEntry> ;
        scl:hasLogType          "wineventlog"^^rdfs:Literal ;
        scl:logMessage          "An attempt was made to access an object.\n\nSubject:\n\tSecurity ID:\t\tS-1-5-21-2361021202-3253521353-2316283985-1001\n\tAccount Name:\t\tVirtualWindows8User\n\tAccount Domain:\t\tVirtualWindows8\n\tLogon ID:\t\t0xBD7C\n\nObject:\n\tObject Server:\t\tSecurity\n\tObject Type:\t\tFile\n\tObject Name:\t\tC:\\Users\\VirtualWindows8User\\UserDocuments\\test1.txt\n\tHandle ID:\t\t0x190\n\tResource Attributes:\tS:AI\n\nProcess Information:\n\tProcess ID:\t\t0x2f4\n\tProcess Name:\t\tC:\\Windows\\System32\\notepad.exe\n\nAccess Request Information:\n\tAccesses:\t\tWriteData (or AddFile)\n\t\t\t\t\n\tAccess Mask:\t\t0x2"^^rdfs:Literal ;
        scl:originatesFrom      <http://example.org/sepses#6c7b1969-8335-4cef-a57a-0a75483d2cca> ;
        scl:timestamp           "2018-08-29T11:51:03.140Z"^^xsd:dateTime ;
        win:accessMask          "0x2"^^rdfs:Literal ;
        win:accesses            "%%4417\n\t\t\t\t"^^rdfs:Literal ;
        win:accountDomain       "VirtualWindows8"^^rdfs:Literal ;
        win:eventID             "4663"^^xsd:Int , "Information"^^rdfs:Literal ;
        win:handleID            "0x190"^^rdfs:Literal ;
        win:hasProtocol         "VirtualWindows8User"^^rdfs:Literal ;
        win:keyword             "Audit Success"^^rdfs:Literal ;
        win:logName             "Security"^^rdfs:Literal ;
        win:logonID             "0xbd7c"^^rdfs:Literal ;
        win:objectName          "C:\\Users\\VirtualWindows8User\\UserDocuments\\test1.txt"^^rdfs:Literal ;
        win:objectServer        "Security"^^rdfs:Literal ;
        win:objectType          "File"^^rdfs:Literal ;
        win:processID           "0x2f4"^^rdfs:Literal ;
        win:processName         "C:\\Windows\\System32\\notepad.exe"^^rdfs:Literal ;
        win:resourceAttributes  "S:AI"^^rdfs:Literal ;
        win:source              "Microsoft-Windows-Security-Auditing"^^rdfs:Literal ;
        win:taskCategory        "File System"^^rdfs:Literal ;
        win:upCode              "Info"^^rdfs:Literal .

<http://example.org/logEntry#logEntry-9677b9a8-f5ae-4089-a507-7b10e1327e96>
        a                       <http://purl.org/sepses/vocab/log/wineventlog#WindowsEventLogEntry> ;
        scl:hasLogType          "wineventlog"^^rdfs:Literal ;
        scl:logMessage          "An attempt was made to access an object.\n\nSubject:\n\tSecurity ID:\t\tS-1-5-21-2361021202-3253521353-2316283985-1001\n\tAccount Name:\t\tVirtualWindows8User\n\tAccount Domain:\t\tVirtualWindows8\n\tLogon ID:\t\t0xBD7C\n\nObject:\n\tObject Server:\t\tSecurity\n\tObject Type:\t\tFile\n\tObject Name:\t\tC:\\Users\\VirtualWindows8User\\UserDocuments\n\tHandle ID:\t\t0x2230\n\tResource Attributes:\tS:AI\n\nProcess Information:\n\tProcess ID:\t\t0x3f8\n\tProcess Name:\t\tC:\\Windows\\explorer.exe\n\nAccess Request Information:\n\tAccesses:\t\tReadAttributes\n\t\t\t\t\n\tAccess Mask:\t\t0x80"^^rdfs:Literal ;
        scl:originatesFrom      <http://example.org/sepses#c6f84cf9-4b7d-40a7-9d5c-1ef58aadcb3f> ;
        scl:timestamp           "2018-08-29T11:52:17.862Z"^^xsd:dateTime ;
        win:accessMask          "0x80"^^rdfs:Literal ;
        win:accesses            "%%4423\n\t\t\t\t"^^rdfs:Literal ;
        win:accountDomain       "VirtualWindows8"^^rdfs:Literal ;
        win:eventID             "Information"^^rdfs:Literal , "4663"^^xsd:Int ;
        win:handleID            "0x2230"^^rdfs:Literal ;
        win:hasProtocol         "VirtualWindows8User"^^rdfs:Literal ;
        win:keyword             "Audit Success"^^rdfs:Literal ;
        win:logName             "Security"^^rdfs:Literal ;
        win:logonID             "0xbd7c"^^rdfs:Literal ;
        win:objectName          "C:\\Users\\VirtualWindows8User\\UserDocuments"^^rdfs:Literal ;
        win:objectServer        "Security"^^rdfs:Literal ;
        win:objectType          "File"^^rdfs:Literal ;
        win:processID           "0x3f8"^^rdfs:Literal ;
        win:processName         "C:\\Windows\\explorer.exe"^^rdfs:Literal ;
        win:resourceAttributes  "S:AI"^^rdfs:Literal ;
        win:source              "Microsoft-Windows-Security-Auditing"^^rdfs:Literal ;
        win:taskCategory        "File System"^^rdfs:Literal ;
        win:upCode              "Info"^^rdfs:Literal .

<http://example.org/sepses#ed7f2342-0c9f-4682-86c9-0489e2f94c6f>
        a             rdf:nodeID ;
        scl:hostName  []  .

<http://example.org/sepses#6c5d2903-5029-432d-84ee-03a6ed69727e>
        a             rdf:nodeID ;
        scl:hostName  []  .

<http://example.org/logEntry#logEntry-3968a35c-0832-4c7e-bbdf-d57459564811>
        a                       <http://purl.org/sepses/vocab/log/wineventlog#WindowsEventLogEntry> ;
        scl:hasLogType          "wineventlog"^^rdfs:Literal ;
        scl:logMessage          "An attempt was made to access an object.\n\nSubject:\n\tSecurity ID:\t\tS-1-5-21-2361021202-3253521353-2316283985-1001\n\tAccount Name:\t\tVirtualWindows8User\n\tAccount Domain:\t\tVirtualWindows8\n\tLogon ID:\t\t0xBD7C\n\nObject:\n\tObject Server:\t\tSecurity\n\tObject Type:\t\tFile\n\tObject Name:\t\tC:\\Users\\VirtualWindows8User\\Dropbox\n\tHandle ID:\t\t0x1db0\n\tResource Attributes:\tS:AI\n\nProcess Information:\n\tProcess ID:\t\t0xe74\n\tProcess Name:\t\tC:\\Program Files (x86)\\Dropbox\\Client\\Dropbox.exe\n\nAccess Request Information:\n\tAccesses:\t\tReadAttributes\n\t\t\t\t\n\tAccess Mask:\t\t0x80"^^rdfs:Literal ;
        scl:originatesFrom      <http://example.org/sepses#9743bfd2-33a5-44c3-a144-062d7e4e12fa> ;
        scl:timestamp           "2018-08-29T11:51:48.505Z"^^xsd:dateTime ;
        win:accessMask          "0x80"^^rdfs:Literal ;
        win:accesses            "%%4423\n\t\t\t\t"^^rdfs:Literal ;
        win:accountDomain       "VirtualWindows8"^^rdfs:Literal ;
        win:eventID             "Information"^^rdfs:Literal , "4663"^^xsd:Int ;
        win:handleID            "0x1db0"^^rdfs:Literal ;
        win:hasProtocol         "VirtualWindows8User"^^rdfs:Literal ;
        win:keyword             "Audit Success"^^rdfs:Literal ;
        win:logName             "Security"^^rdfs:Literal ;
        win:logonID             "0xbd7c"^^rdfs:Literal ;
        win:objectName          "C:\\Users\\VirtualWindows8User\\Dropbox"^^rdfs:Literal ;
        win:objectServer        "Security"^^rdfs:Literal ;
        win:objectType          "File"^^rdfs:Literal ;
        win:processID           "0xe74"^^rdfs:Literal ;
        win:processName         "C:\\Program Files (x86)\\Dropbox\\Client\\Dropbox.exe"^^rdfs:Literal ;
        win:resourceAttributes  "S:AI"^^rdfs:Literal ;
        win:source              "Microsoft-Windows-Security-Auditing"^^rdfs:Literal ;
        win:taskCategory        "File System"^^rdfs:Literal ;
        win:upCode              "Info"^^rdfs:Literal .

<http://example.org/sepses#5bfdafca-d8f5-4291-b4d1-2ec582ccb0a0>
        a             rdf:nodeID ;
        scl:hostName  []  .

<http://example.org/logEntry#logEntry-b07b06d3-9bef-4832-b5b9-7f7c67cfe166>
        a                       <http://purl.org/sepses/vocab/log/wineventlog#WindowsEventLogEntry> ;
        scl:hasLogType          "wineventlog"^^rdfs:Literal ;
        scl:logMessage          "A handle to an object was requested.\n\nSubject:\n\tSecurity ID:\t\tS-1-5-21-2361021202-3253521353-2316283985-1001\n\tAccount Name:\t\tVirtualWindows8User\n\tAccount Domain:\t\tVirtualWindows8\n\tLogon ID:\t\t0xBD7C\n\nObject:\n\tObject Server:\t\tSecurity\n\tObject Type:\t\tFile\n\tObject Name:\t\tC:\\Users\\VirtualWindows8User\\Dropbox\n\tHandle ID:\t\t0x191c\n\tResource Attributes:\t-\n\nProcess Information:\n\tProcess ID:\t\t0xe74\n\tProcess Name:\t\tC:\\Program Files (x86)\\Dropbox\\Client\\Dropbox.exe\n\nAccess Request Information:\n\tTransaction ID:\t\t{00000000-0000-0000-0000-000000000000}\n\tAccesses:\t\tSYNCHRONIZE\n\t\t\t\tReadAttributes\n\t\t\t\t\n\tAccess Reasons:\t\tSYNCHRONIZE:\tGranted by\tD:(A;OICI;FA;;;S-1-5-21-2361021202-3253521353-2316283985-1001)\n\t\t\t\tReadAttributes:\tGranted by\tD:(A;OICI;FA;;;S-1-5-21-2361021202-3253521353-2316283985-1001)\n\t\t\t\t\n\tAccess Mask:\t\t0x100080\n\tPrivileges Used for Access Check:\t-\n\tRestricted SID Count:\t0"^^rdfs:Literal ;
        scl:originatesFrom      <http://example.org/sepses#2d2a9b96-fe6a-45ca-bdf1-572c3ab31cac> ;
        scl:timestamp           "2018-08-29T11:53:26.320Z"^^xsd:dateTime ;
        win:accessMask          "0x100080"^^rdfs:Literal ;
        win:accesses            "%%1541\n\t\t\t\t%%4423\n\t\t\t\t"^^rdfs:Literal ;
        win:accountDomain       "VirtualWindows8"^^rdfs:Literal ;
        win:eventID             "4656"^^xsd:Int , "Information"^^rdfs:Literal ;
        win:handleID            "0x191c"^^rdfs:Literal ;
        win:hasProtocol         "VirtualWindows8User"^^rdfs:Literal ;
        win:keyword             "Audit Success"^^rdfs:Literal ;
        win:logName             "Security"^^rdfs:Literal ;
        win:logonID             "0xbd7c"^^rdfs:Literal ;
        win:objectName          "C:\\Users\\VirtualWindows8User\\Dropbox"^^rdfs:Literal ;
        win:objectServer        "Security"^^rdfs:Literal ;
        win:objectType          "File"^^rdfs:Literal ;
        win:processID           "0xe74"^^rdfs:Literal ;
        win:processName         "C:\\Program Files (x86)\\Dropbox\\Client\\Dropbox.exe"^^rdfs:Literal ;
        win:resourceAttributes  "-"^^rdfs:Literal ;
        win:source              "Microsoft-Windows-Security-Auditing"^^rdfs:Literal ;
        win:taskCategory        "File System"^^rdfs:Literal ;
        win:upCode              "Info"^^rdfs:Literal .

<http://example.org/sepses#9057a445-b9f5-4eed-a283-c5cb4456e292>
        a             rdf:nodeID ;
        scl:hostName  []  .

<http://example.org/logEntry#logEntry-8745eaaf-5c0d-4167-8b5f-4bc77b63fe02>
        a                       <http://purl.org/sepses/vocab/log/wineventlog#WindowsEventLogEntry> ;
        scl:hasLogType          "wineventlog"^^rdfs:Literal ;
        scl:logMessage          "An attempt was made to access an object.\n\nSubject:\n\tSecurity ID:\t\tS-1-5-21-2361021202-3253521353-2316283985-1001\n\tAccount Name:\t\tVirtualWindows8User\n\tAccount Domain:\t\tVirtualWindows8\n\tLogon ID:\t\t0xBD7C\n\nObject:\n\tObject Server:\t\tSecurity\n\tObject Type:\t\tFile\n\tObject Name:\t\tC:\\Users\\VirtualWindows8User\\UserDocuments\n\tHandle ID:\t\t0x164c\n\tResource Attributes:\tS:AI\n\nProcess Information:\n\tProcess ID:\t\t0x3f8\n\tProcess Name:\t\tC:\\Windows\\explorer.exe\n\nAccess Request Information:\n\tAccesses:\t\tReadAttributes\n\t\t\t\t\n\tAccess Mask:\t\t0x80"^^rdfs:Literal ;
        scl:originatesFrom      <http://example.org/sepses#9c67b4d0-2d37-4f40-b5f9-a34b12db7771> ;
        scl:timestamp           "2018-08-29T11:50:41.642Z"^^xsd:dateTime ;
        win:accessMask          "0x80"^^rdfs:Literal ;
        win:accesses            "%%4423\n\t\t\t\t"^^rdfs:Literal ;
        win:accountDomain       "VirtualWindows8"^^rdfs:Literal ;
        win:eventID             "4663"^^xsd:Int , "Information"^^rdfs:Literal ;
        win:handleID            "0x164c"^^rdfs:Literal ;
        win:hasProtocol         "VirtualWindows8User"^^rdfs:Literal ;
        win:keyword             "Audit Success"^^rdfs:Literal ;
        win:logName             "Security"^^rdfs:Literal ;
        win:logonID             "0xbd7c"^^rdfs:Literal ;
        win:objectName          "C:\\Users\\VirtualWindows8User\\UserDocuments"^^rdfs:Literal ;
        win:objectServer        "Security"^^rdfs:Literal ;
        win:objectType          "File"^^rdfs:Literal ;
        win:processID           "0x3f8"^^rdfs:Literal ;
        win:processName         "C:\\Windows\\explorer.exe"^^rdfs:Literal ;
        win:resourceAttributes  "S:AI"^^rdfs:Literal ;
        win:source              "Microsoft-Windows-Security-Auditing"^^rdfs:Literal ;
        win:taskCategory        "File System"^^rdfs:Literal ;
        win:upCode              "Info"^^rdfs:Literal .

<http://example.org/logEntry#logEntry-60cfaa1c-2f28-4866-b92d-1e85e7ca5944>
        a                       <http://purl.org/sepses/vocab/log/wineventlog#WindowsEventLogEntry> ;
        scl:hasLogType          "wineventlog"^^rdfs:Literal ;
        scl:logMessage          "A handle to an object was requested.\n\nSubject:\n\tSecurity ID:\t\tS-1-5-21-2361021202-3253521353-2316283985-1001\n\tAccount Name:\t\tVirtualWindows8User\n\tAccount Domain:\t\tVirtualWindows8\n\tLogon ID:\t\t0xBD7C\n\nObject:\n\tObject Server:\t\tSecurity\n\tObject Type:\t\tFile\n\tObject Name:\t\tC:\\Users\\VirtualWindows8User\\UserDocuments\n\tHandle ID:\t\t0x1618\n\tResource Attributes:\t-\n\nProcess Information:\n\tProcess ID:\t\t0x3f8\n\tProcess Name:\t\tC:\\Windows\\explorer.exe\n\nAccess Request Information:\n\tTransaction ID:\t\t{00000000-0000-0000-0000-000000000000}\n\tAccesses:\t\tREAD_CONTROL\n\t\t\t\tReadAttributes\n\t\t\t\t\n\tAccess Reasons:\t\tREAD_CONTROL:\tGranted by Ownership\n\t\t\t\tReadAttributes:\tGranted by\tD:(A;OICI;FA;;;S-1-5-21-2361021202-3253521353-2316283985-1001)\n\t\t\t\t\n\tAccess Mask:\t\t0x20080\n\tPrivileges Used for Access Check:\t-\n\tRestricted SID Count:\t0"^^rdfs:Literal ;
        scl:originatesFrom      <http://example.org/sepses#25a017f2-a7c4-4d24-a535-1f21dcce7137> ;
        scl:timestamp           "2018-08-29T11:50:51.737Z"^^xsd:dateTime ;
        win:accessMask          "0x20080"^^rdfs:Literal ;
        win:accesses            "%%1538\n\t\t\t\t%%4423\n\t\t\t\t"^^rdfs:Literal ;
        win:accountDomain       "VirtualWindows8"^^rdfs:Literal ;
        win:eventID             "4656"^^xsd:Int , "Information"^^rdfs:Literal ;
        win:handleID            "0x1618"^^rdfs:Literal ;
        win:hasProtocol         "VirtualWindows8User"^^rdfs:Literal ;
        win:keyword             "Audit Success"^^rdfs:Literal ;
        win:logName             "Security"^^rdfs:Literal ;
        win:logonID             "0xbd7c"^^rdfs:Literal ;
        win:objectName          "C:\\Users\\VirtualWindows8User\\UserDocuments"^^rdfs:Literal ;
        win:objectServer        "Security"^^rdfs:Literal ;
        win:objectType          "File"^^rdfs:Literal ;
        win:processID           "0x3f8"^^rdfs:Literal ;
        win:processName         "C:\\Windows\\explorer.exe"^^rdfs:Literal ;
        win:resourceAttributes  "-"^^rdfs:Literal ;
        win:source              "Microsoft-Windows-Security-Auditing"^^rdfs:Literal ;
        win:taskCategory        "File System"^^rdfs:Literal ;
        win:upCode              "Info"^^rdfs:Literal .

<http://example.org/logEntry#logEntry-74f3dd6e-9c25-4b1e-9720-5c946e6085e8>
        a                       <http://purl.org/sepses/vocab/log/wineventlog#WindowsEventLogEntry> ;
        scl:hasLogType          "wineventlog"^^rdfs:Literal ;
        scl:logMessage          "An attempt was made to access an object.\n\nSubject:\n\tSecurity ID:\t\tS-1-5-21-2361021202-3253521353-2316283985-1001\n\tAccount Name:\t\tVirtualWindows8User\n\tAccount Domain:\t\tVirtualWindows8\n\tLogon ID:\t\t0xBD7C\n\nObject:\n\tObject Server:\t\tSecurity\n\tObject Type:\t\tFile\n\tObject Name:\t\tC:\\Users\\VirtualWindows8User\\Dropbox\n\tHandle ID:\t\t0x1aac\n\tResource Attributes:\tS:AI\n\nProcess Information:\n\tProcess ID:\t\t0xe74\n\tProcess Name:\t\tC:\\Program Files (x86)\\Dropbox\\Client\\Dropbox.exe\n\nAccess Request Information:\n\tAccesses:\t\tReadAttributes\n\t\t\t\t\n\tAccess Mask:\t\t0x80"^^rdfs:Literal ;
        scl:originatesFrom      <http://example.org/sepses#56bd6df9-c34d-46b9-8398-87314e786813> ;
        scl:timestamp           "2018-08-29T11:52:02.516Z"^^xsd:dateTime ;
        win:accessMask          "0x80"^^rdfs:Literal ;
        win:accesses            "%%4423\n\t\t\t\t"^^rdfs:Literal ;
        win:accountDomain       "VirtualWindows8"^^rdfs:Literal ;
        win:eventID             "Information"^^rdfs:Literal , "4663"^^xsd:Int ;
        win:handleID            "0x1aac"^^rdfs:Literal ;
        win:hasProtocol         "VirtualWindows8User"^^rdfs:Literal ;
        win:keyword             "Audit Success"^^rdfs:Literal ;
        win:logName             "Security"^^rdfs:Literal ;
        win:logonID             "0xbd7c"^^rdfs:Literal ;
        win:objectName          "C:\\Users\\VirtualWindows8User\\Dropbox"^^rdfs:Literal ;
        win:objectServer        "Security"^^rdfs:Literal ;
        win:objectType          "File"^^rdfs:Literal ;
        win:processID           "0xe74"^^rdfs:Literal ;
        win:processName         "C:\\Program Files (x86)\\Dropbox\\Client\\Dropbox.exe"^^rdfs:Literal ;
        win:resourceAttributes  "S:AI"^^rdfs:Literal ;
        win:source              "Microsoft-Windows-Security-Auditing"^^rdfs:Literal ;
        win:taskCategory        "File System"^^rdfs:Literal ;
        win:upCode              "Info"^^rdfs:Literal .

