{"accountName":"Virtual Windows 10","eventID":4663,"accessMask":"0x80","level":"Information","objectName":"C:\\Users\\Virtual Windows 10\\UserDocuments","accountDomain":"DESKTOP-MAC610T","accesses":"%%4423\n\t\t\t\t","resourceAttributes":"S:AI","keyword":["Audit Success"],"objectType":"File","handleID":"0xe20","timestamp":"2018-08-29T11:54:35.136Z","logonID":"0x238ef","@id":"http://example.org/logEntry#logEntry-b12df776-0d33-4bb7-96a2-53635208e715","@context":"http://sepses.ifs.tuwien.ac.at/contexts/wineventlog.jsonld","processName":"C:\\Windows\\explorer.exe","objectServer":"Security","originatesFrom":{"hostName":{"name":"DESKTOP-MAC610T"},"@id":"http://example.org/sepses#791b4028-3841-4142-b8a2-11f4c8295842","@type":"rdf:nodeID"},"computerName":"DESKTOP-MAC610T","hasLogType":"wineventlog","upCode":"Info","source":"Microsoft-Windows-Security-Auditing","@type":"http://purl.org/sepses/vocab/log/wineventlog#WindowsEventLogEntry","@timestamp":"2018-08-29T11:54:35.136Z","logMessage":"An attempt was made to access an object.\n\nSubject:\n\tSecurity ID:\t\tS-1-5-21-2889181789-4222170037-1347726928-1001\n\tAccount Name:\t\tVirtual Windows 10\n\tAccount Domain:\t\tDESKTOP-MAC610T\n\tLogon ID:\t\t0x238EF\n\nObject:\n\tObject Server:\t\tSecurity\n\tObject Type:\t\tFile\n\tObject Name:\t\tC:\\Users\\Virtual Windows 10\\UserDocuments\n\tHandle ID:\t\t0xe20\n\tResource Attributes:\tS:AI\n\nProcess Information:\n\tProcess ID:\t\t0xc80\n\tProcess Name:\t\tC:\\Windows\\explorer.exe\n\nAccess Request Information:\n\tAccesses:\t\tReadAttributes\n\t\t\t\t\n\tAccess Mask:\t\t0x80","logName":"Security","taskCategory":"File System","processID":"0xc80","version":1}
{"accountName":"Virtual Windows 10","eventID":4663,"accessMask":"0x80","level":"Information","objectName":"C:\\Users\\Virtual Windows 10\\UserDocuments","accountDomain":"DESKTOP-MAC610T","accesses":"%%4423\n\t\t\t\t","resourceAttributes":"S:AI","keyword":["Audit Success"],"objectType":"File","handleID":"0xe20","timestamp":"2018-08-29T11:54:35.137Z","logonID":"0x238ef","@id":"http://example.org/logEntry#logEntry-1c6fd37f-f91d-4b2c-bf1a-877df55ec4c3","@context":"http://sepses.ifs.tuwien.ac.at/contexts/wineventlog.jsonld","processName":"C:\\Windows\\explorer.exe","objectServer":"Security","originatesFrom":{"hostName":{"name":"DESKTOP-MAC610T"},"@id":"http://example.org/sepses#a37bb471-9554-4c80-816c-2a1bfc77b3e1","@type":"rdf:nodeID"},"computerName":"DESKTOP-MAC610T","hasLogType":"wineventlog","upCode":"Info","source":"Microsoft-Windows-Security-Auditing","@type":"http://purl.org/sepses/vocab/log/wineventlog#WindowsEventLogEntry","@timestamp":"2018-08-29T11:54:35.137Z","logMessage":"An attempt was made to access an object.\n\nSubject:\n\tSecurity ID:\t\tS-1-5-21-2889181789-4222170037-1347726928-1001\n\tAccount Name:\t\tVirtual Windows 10\n\tAccount Domain:\t\tDESKTOP-MAC610T\n\tLogon ID:\t\t0x238EF\n\nObject:\n\tObject Server:\t\tSecurity\n\tObject Type:\t\tFile\n\tObject Name:\t\tC:\\Users\\Virtual Windows 10\\UserDocuments\n\tHandle ID:\t\t0xe20\n\tResource Attributes:\tS:AI\n\nProcess Information:\n\tProcess ID:\t\t0xc80\n\tProcess Name:\t\tC:\\Windows\\explorer.exe\n\nAccess Request Information:\n\tAccesses:\t\tReadAttributes\n\t\t\t\t\n\tAccess Mask:\t\t0x80","logName":"Security","taskCategory":"File System","processID":"0xc80","version":1}
{"accountName":"Virtual Windows 10","eventID":4663,"accessMask":"0x80","level":"Information","objectName":"C:\\Users\\Virtual Windows 10\\UserDocuments","accountDomain":"DESKTOP-MAC610T","accesses":"%%4423\n\t\t\t\t","resourceAttributes":"S:AI","keyword":["Audit Success"],"objectType":"File","handleID":"0x1eec","timestamp":"2018-08-29T11:54:35.853Z","logonID":"0x238ef","@id":"http://example.org/logEntry#logEntry-7e3c579e-ae61-4060-a614-1fb463fe3052","@context":"http://sepses.ifs.tuwien.ac.at/contexts/wineventlog.jsonld","processName":"C:\\Program Files (x86)\\Dropbox\\Client\\Dropbox.exe","objectServer":"Security","originatesFrom":{"hostName":{"name":"DESKTOP-MAC610T"},"@id":"http://example.org/sepses#32bc70d3-77db-4bef-8255-ca75695383d2","@type":"rdf:nodeID"},"computerName":"DESKTOP-MAC610T","hasLogType":"wineventlog","upCode":"Info","source":"Microsoft-Windows-Security-Auditing","@type":"http://purl.org/sepses/vocab/log/wineventlog#WindowsEventLogEntry","@timestamp":"2018-08-29T11:54:35.853Z","logMessage":"An attempt was made to access an object.\n\nSubject:\n\tSecurity ID:\t\tS-1-5-21-2889181789-4222170037-1347726928-1001\n\tAccount Name:\t\tVirtual Windows 10\n\tAccount Domain:\t\tDESKTOP-MAC610T\n\tLogon ID:\t\t0x238EF\n\nObject:\n\tObject Server:\t\tSecurity\n\tObject Type:\t\tFile\n\tObject Name:\t\tC:\\Users\\Virtual Windows 10\\UserDocuments\n\tHandle ID:\t\t0x1eec\n\tResource Attributes:\tS:AI\n\nProcess Information:\n\tProcess ID:\t\t0x14f0\n\tProcess Name:\t\tC:\\Program Files (x86)\\Dropbox\\Client\\Dropbox.exe\n\nAccess Request Information:\n\tAccesses:\t\tReadAttributes\n\t\t\t\t\n\tAccess Mask:\t\t0x80","logName":"Security","taskCategory":"File System","processID":"0x14f0","version":1}
{"accountName":"Virtual Windows 10","eventID":4663,"accessMask":"0x80","level":"Information","objectName":"C:\\Users\\Virtual Windows 10\\UserDocuments","accountDomain":"DESKTOP-MAC610T","accesses":"%%4423\n\t\t\t\t","resourceAttributes":"S:AI","keyword":["Audit Success"],"objectType":"File","handleID":"0x2d24","timestamp":"2018-08-29T11:54:39.916Z","logonID":"0x238ef","@id":"http://example.org/logEntry#logEntry-d016dab3-c0a2-41f1-9122-2a3d3175825a","@context":"http://sepses.ifs.tuwien.ac.at/contexts/wineventlog.jsonld","processName":"C:\\Windows\\explorer.exe","objectServer":"Security","originatesFrom":{"hostName":{"name":"DESKTOP-MAC610T"},"@id":"http://example.org/sepses#2d0a091f-67ed-4069-bd36-5ad894b9a811","@type":"rdf:nodeID"},"computerName":"DESKTOP-MAC610T","hasLogType":"wineventlog","upCode":"Info","source":"Microsoft-Windows-Security-Auditing","@type":"http://purl.org/sepses/vocab/log/wineventlog#WindowsEventLogEntry","@timestamp":"2018-08-29T11:54:39.916Z","logMessage":"An attempt was made to access an object.\n\nSubject:\n\tSecurity ID:\t\tS-1-5-21-2889181789-4222170037-1347726928-1001\n\tAccount Name:\t\tVirtual Windows 10\n\tAccount Domain:\t\tDESKTOP-MAC610T\n\tLogon ID:\t\t0x238EF\n\nObject:\n\tObject Server:\t\tSecurity\n\tObject Type:\t\tFile\n\tObject Name:\t\tC:\\Users\\Virtual Windows 10\\UserDocuments\n\tHandle ID:\t\t0x2d24\n\tResource Attributes:\tS:AI\n\nProcess Information:\n\tProcess ID:\t\t0xc80\n\tProcess Name:\t\tC:\\Windows\\explorer.exe\n\nAccess Request Information:\n\tAccesses:\t\tReadAttributes\n\t\t\t\t\n\tAccess Mask:\t\t0x80","logName":"Security","taskCategory":"File System","processID":"0xc80","version":1}
{"accountName":"Virtual Windows 10","eventID":4663,"accessMask":"0x80","level":"Information","objectName":"C:\\Users\\Virtual Windows 10\\UserDocuments","accountDomain":"DESKTOP-MAC610T","accesses":"%%4423\n\t\t\t\t","resourceAttributes":"S:AI","keyword":["Audit Success"],"objectType":"File","handleID":"0x31d0","timestamp":"2018-08-29T11:54:39.916Z","logonID":"0x238ef","@id":"http://example.org/logEntry#logEntry-eab236cb-ac74-4fee-a468-954e445e2ba1","@context":"http://sepses.ifs.tuwien.ac.at/contexts/wineventlog.jsonld","processName":"C:\\Windows\\explorer.exe","objectServer":"Security","originatesFrom":{"hostName":{"name":"DESKTOP-MAC610T"},"@id":"http://example.org/sepses#c80e35ff-8c29-489d-bad7-cd5e57cb3d9a","@type":"rdf:nodeID"},"computerName":"DESKTOP-MAC610T","hasLogType":"wineventlog","upCode":"Info","source":"Microsoft-Windows-Security-Auditing","@type":"http://purl.org/sepses/vocab/log/wineventlog#WindowsEventLogEntry","@timestamp":"2018-08-29T11:54:39.916Z","logMessage":"An attempt was made to access an object.\n\nSubject:\n\tSecurity ID:\t\tS-1-5-21-2889181789-4222170037-1347726928-1001\n\tAccount Name:\t\tVirtual Windows 10\n\tAccount Domain:\t\tDESKTOP-MAC610T\n\tLogon ID:\t\t0x238EF\n\nObject:\n\tObject Server:\t\tSecurity\n\tObject Type:\t\tFile\n\tObject Name:\t\tC:\\Users\\Virtual Windows 10\\UserDocuments\n\tHandle ID:\t\t0x31d0\n\tResource Attributes:\tS:AI\n\nProcess Information:\n\tProcess ID:\t\t0xc80\n\tProcess Name:\t\tC:\\Windows\\explorer.exe\n\nAccess Request Information:\n\tAccesses:\t\tReadAttributes\n\t\t\t\t\n\tAccess Mask:\t\t0x80","logName":"Security","taskCategory":"File System","processID":"0xc80","version":1}
{"accountName":"Virtual Windows 10","eventID":4663,"accessMask":"0x80","level":"Information","objectName":"C:\\Users\\Virtual Windows 10\\Dropbox","accountDomain":"DESKTOP-MAC610T","accesses":"%%4423\n\t\t\t\t","resourceAttributes":"S:AI","keyword":["Audit Success"],"objectType":"File","handleID":"0x3154","timestamp":"2018-08-29T11:54:40.720Z","logonID":"0x238ef","@id":"http://example.org/logEntry#logEntry-089b9d89-8b1a-4bc2-b9dc-69a9a93f7a84","@context":"http://sepses.ifs.tuwien.ac.at/contexts/wineventlog.jsonld","processName":"C:\\Windows\\explorer.exe","objectServer":"Security","originatesFrom":{"hostName":{"name":"DESKTOP-MAC610T"},"@id":"http://example.org/sepses#853a2714-dc72-40c9-9bb3-2e094cb35b75","@type":"rdf:nodeID"},"computerName":"DESKTOP-MAC610T","hasLogType":"wineventlog","upCode":"Info","source":"Microsoft-Windows-Security-Auditing","@type":"http://purl.org/sepses/vocab/log/wineventlog#WindowsEventLogEntry","@timestamp":"2018-08-29T11:54:40.720Z","logMessage":"An attempt was made to access an object.\n\nSubject:\n\tSecurity ID:\t\tS-1-5-21-2889181789-4222170037-1347726928-1001\n\tAccount Name:\t\tVirtual Windows 10\n\tAccount Domain:\t\tDESKTOP-MAC610T\n\tLogon ID:\t\t0x238EF\n\nObject:\n\tObject Server:\t\tSecurity\n\tObject Type:\t\tFile\n\tObject Name:\t\tC:\\Users\\Virtual Windows 10\\Dropbox\n\tHandle ID:\t\t0x3154\n\tResource Attributes:\tS:AI\n\nProcess Information:\n\tProcess ID:\t\t0xc80\n\tProcess Name:\t\tC:\\Windows\\explorer.exe\n\nAccess Request Information:\n\tAccesses:\t\tReadAttributes\n\t\t\t\t\n\tAccess Mask:\t\t0x80","logName":"Security","taskCategory":"File System","processID":"0xc80","version":1}
{"accountName":"Virtual Windows 10","eventID":4663,"accessMask":"0x80","level":"Information","objectName":"C:\\Users\\Virtual Windows 10\\Dropbox","accountDomain":"DESKTOP-MAC610T","accesses":"%%4423\n\t\t\t\t","resourceAttributes":"S:AI","keyword":["Audit Success"],"objectType":"File","handleID":"0x3154","timestamp":"2018-08-29T11:54:40.722Z","logonID":"0x238ef","@id":"http://example.org/logEntry#logEntry-69b7a40e-a69f-49a1-b4e9-db167c47e6f7","@context":"http://sepses.ifs.tuwien.ac.at/contexts/wineventlog.jsonld","processName":"C:\\Windows\\explorer.exe","objectServer":"Security","originatesFrom":{"hostName":{"name":"DESKTOP-MAC610T"},"@id":"http://example.org/sepses#ea213f46-02d2-4016-a8eb-9ccc656d3649","@type":"rdf:nodeID"},"computerName":"DESKTOP-MAC610T","hasLogType":"wineventlog","upCode":"Info","source":"Microsoft-Windows-Security-Auditing","@type":"http://purl.org/sepses/vocab/log/wineventlog#WindowsEventLogEntry","@timestamp":"2018-08-29T11:54:40.722Z","logMessage":"An attempt was made to access an object.\n\nSubject:\n\tSecurity ID:\t\tS-1-5-21-2889181789-4222170037-1347726928-1001\n\tAccount Name:\t\tVirtual Windows 10\n\tAccount Domain:\t\tDESKTOP-MAC610T\n\tLogon ID:\t\t0x238EF\n\nObject:\n\tObject Server:\t\tSecurity\n\tObject Type:\t\tFile\n\tObject Name:\t\tC:\\Users\\Virtual Windows 10\\Dropbox\n\tHandle ID:\t\t0x3154\n\tResource Attributes:\tS:AI\n\nProcess Information:\n\tProcess ID:\t\t0xc80\n\tProcess Name:\t\tC:\\Windows\\explorer.exe\n\nAccess Request Information:\n\tAccesses:\t\tReadAttributes\n\t\t\t\t\n\tAccess Mask:\t\t0x80","logName":"Security","taskCategory":"File System","processID":"0xc80","version":1}
{"accountName":"Virtual Windows 10","eventID":4663,"accessMask":"0x80","level":"Information","objectName":"C:\\Users\\Virtual Windows 10\\Dropbox","accountDomain":"DESKTOP-MAC610T","accesses":"%%4423\n\t\t\t\t","resourceAttributes":"S:AI","keyword":["Audit Success"],"objectType":"File","handleID":"0x3148","timestamp":"2018-08-29T11:54:41.927Z","logonID":"0x238ef","@id":"http://example.org/logEntry#logEntry-227ae848-1d89-4bc1-809d-9c65df58cbd7","@context":"http://sepses.ifs.tuwien.ac.at/contexts/wineventlog.jsonld","processName":"C:\\Windows\\explorer.exe","objectServer":"Security","originatesFrom":{"hostName":{"name":"DESKTOP-MAC610T"},"@id":"http://example.org/sepses#bc1df78c-d7d2-4d7e-8528-3830414b6a35","@type":"rdf:nodeID"},"computerName":"DESKTOP-MAC610T","hasLogType":"wineventlog","upCode":"Info","source":"Microsoft-Windows-Security-Auditing","@type":"http://purl.org/sepses/vocab/log/wineventlog#WindowsEventLogEntry","@timestamp":"2018-08-29T11:54:41.927Z","logMessage":"An attempt was made to access an object.\n\nSubject:\n\tSecurity ID:\t\tS-1-5-21-2889181789-4222170037-1347726928-1001\n\tAccount Name:\t\tVirtual Windows 10\n\tAccount Domain:\t\tDESKTOP-MAC610T\n\tLogon ID:\t\t0x238EF\n\nObject:\n\tObject Server:\t\tSecurity\n\tObject Type:\t\tFile\n\tObject Name:\t\tC:\\Users\\Virtual Windows 10\\Dropbox\n\tHandle ID:\t\t0x3148\n\tResource Attributes:\tS:AI\n\nProcess Information:\n\tProcess ID:\t\t0xc80\n\tProcess Name:\t\tC:\\Windows\\explorer.exe\n\nAccess Request Information:\n\tAccesses:\t\tReadAttributes\n\t\t\t\t\n\tAccess Mask:\t\t0x80","logName":"Security","taskCategory":"File System","processID":"0xc80","version":1}
{"accountName":"Virtual Windows 10","eventID":4663,"accessMask":"0x80","level":"Information","objectName":"C:\\Users\\Virtual Windows 10\\Dropbox","accountDomain":"DESKTOP-MAC610T","accesses":"%%4423\n\t\t\t\t","resourceAttributes":"S:AI","keyword":["Audit Success"],"objectType":"File","handleID":"0x2b7c","timestamp":"2018-08-29T11:54:41.933Z","logonID":"0x238ef","@id":"http://example.org/logEntry#logEntry-602d7074-ca67-44fc-bb2a-f8bb138a41c5","@context":"http://sepses.ifs.tuwien.ac.at/contexts/wineventlog.jsonld","processName":"C:\\Windows\\explorer.exe","objectServer":"Security","originatesFrom":{"hostName":{"name":"DESKTOP-MAC610T"},"@id":"http://example.org/sepses#4f79bbf9-e4ac-41d1-a927-925290cd7beb","@type":"rdf:nodeID"},"computerName":"DESKTOP-MAC610T","hasLogType":"wineventlog","upCode":"Info","source":"Microsoft-Windows-Security-Auditing","@type":"http://purl.org/sepses/vocab/log/wineventlog#WindowsEventLogEntry","@timestamp":"2018-08-29T11:54:41.933Z","logMessage":"An attempt was made to access an object.\n\nSubject:\n\tSecurity ID:\t\tS-1-5-21-2889181789-4222170037-1347726928-1001\n\tAccount Name:\t\tVirtual Windows 10\n\tAccount Domain:\t\tDESKTOP-MAC610T\n\tLogon ID:\t\t0x238EF\n\nObject:\n\tObject Server:\t\tSecurity\n\tObject Type:\t\tFile\n\tObject Name:\t\tC:\\Users\\Virtual Windows 10\\Dropbox\n\tHandle ID:\t\t0x2b7c\n\tResource Attributes:\tS:AI\n\nProcess Information:\n\tProcess ID:\t\t0xc80\n\tProcess Name:\t\tC:\\Windows\\explorer.exe\n\nAccess Request Information:\n\tAccesses:\t\tReadAttributes\n\t\t\t\t\n\tAccess Mask:\t\t0x80","logName":"Security","taskCategory":"File System","processID":"0xc80","version":1}
{"accountName":"Virtual Windows 10","eventID":4663,"accessMask":"0x80","level":"Information","objectName":"C:\\Users\\Virtual Windows 10\\Dropbox","accountDomain":"DESKTOP-MAC610T","accesses":"%%4423\n\t\t\t\t","resourceAttributes":"S:AI","keyword":["Audit Success"],"objectType":"File","handleID":"0x2074","timestamp":"2018-08-29T11:54:42.627Z","logonID":"0x238ef","@id":"http://example.org/logEntry#logEntry-13e8ccf1-7650-45de-881b-a59f2a391b80","@context":"http://sepses.ifs.tuwien.ac.at/contexts/wineventlog.jsonld","processName":"C:\\Windows\\explorer.exe","objectServer":"Security","originatesFrom":{"hostName":{"name":"DESKTOP-MAC610T"},"@id":"http://example.org/sepses#684c25f3-d03c-47e4-bd0d-612b751aa79f","@type":"rdf:nodeID"},"computerName":"DESKTOP-MAC610T","hasLogType":"wineventlog","upCode":"Info","source":"Microsoft-Windows-Security-Auditing","@type":"http://purl.org/sepses/vocab/log/wineventlog#WindowsEventLogEntry","@timestamp":"2018-08-29T11:54:42.627Z","logMessage":"An attempt was made to access an object.\n\nSubject:\n\tSecurity ID:\t\tS-1-5-21-2889181789-4222170037-1347726928-1001\n\tAccount Name:\t\tVirtual Windows 10\n\tAccount Domain:\t\tDESKTOP-MAC610T\n\tLogon ID:\t\t0x238EF\n\nObject:\n\tObject Server:\t\tSecurity\n\tObject Type:\t\tFile\n\tObject Name:\t\tC:\\Users\\Virtual Windows 10\\Dropbox\n\tHandle ID:\t\t0x2074\n\tResource Attributes:\tS:AI\n\nProcess Information:\n\tProcess ID:\t\t0xc80\n\tProcess Name:\t\tC:\\Windows\\explorer.exe\n\nAccess Request Information:\n\tAccesses:\t\tReadAttributes\n\t\t\t\t\n\tAccess Mask:\t\t0x80","logName":"Security","taskCategory":"File System","processID":"0xc80","version":1}
{"accountName":"Virtual Windows 10","eventID":4663,"accessMask":"0x80","level":"Information","objectName":"C:\\Users\\Virtual Windows 10\\Dropbox","accountDomain":"DESKTOP-MAC610T","accesses":"%%4423\n\t\t\t\t","resourceAttributes":"S:AI","keyword":["Audit Success"],"objectType":"File","handleID":"0x3188","timestamp":"2018-08-29T11:54:42.631Z","logonID":"0x238ef","@id":"http://example.org/logEntry#logEntry-e5e3e16e-1379-41c1-94d4-cff0258d1ff2","@context":"http://sepses.ifs.tuwien.ac.at/contexts/wineventlog.jsonld","processName":"C:\\Windows\\explorer.exe","objectServer":"Security","originatesFrom":{"hostName":{"name":"DESKTOP-MAC610T"},"@id":"http://example.org/sepses#72310482-f679-46ac-b9c1-693b400a094f","@type":"rdf:nodeID"},"computerName":"DESKTOP-MAC610T","hasLogType":"wineventlog","upCode":"Info","source":"Microsoft-Windows-Security-Auditing","@type":"http://purl.org/sepses/vocab/log/wineventlog#WindowsEventLogEntry","@timestamp":"2018-08-29T11:54:42.631Z","logMessage":"An attempt was made to access an object.\n\nSubject:\n\tSecurity ID:\t\tS-1-5-21-2889181789-4222170037-1347726928-1001\n\tAccount Name:\t\tVirtual Windows 10\n\tAccount Domain:\t\tDESKTOP-MAC610T\n\tLogon ID:\t\t0x238EF\n\nObject:\n\tObject Server:\t\tSecurity\n\tObject Type:\t\tFile\n\tObject Name:\t\tC:\\Users\\Virtual Windows 10\\Dropbox\n\tHandle ID:\t\t0x3188\n\tResource Attributes:\tS:AI\n\nProcess Information:\n\tProcess ID:\t\t0xc80\n\tProcess Name:\t\tC:\\Windows\\explorer.exe\n\nAccess Request Information:\n\tAccesses:\t\tReadAttributes\n\t\t\t\t\n\tAccess Mask:\t\t0x80","logName":"Security","taskCategory":"File System","processID":"0xc80","version":1}
{"accountName":"Virtual Windows 10","eventID":4663,"accessMask":"0x80","level":"Information","objectName":"C:\\Users\\Virtual Windows 10\\Dropbox","accountDomain":"DESKTOP-MAC610T","accesses":"%%4423\n\t\t\t\t","resourceAttributes":"S:AI","keyword":["Audit Success"],"objectType":"File","handleID":"0x3144","timestamp":"2018-08-29T11:54:43.979Z","logonID":"0x238ef","@id":"http://example.org/logEntry#logEntry-bb0c6e6c-9f12-4ffb-a58b-00c2311a0620","@context":"http://sepses.ifs.tuwien.ac.at/contexts/wineventlog.jsonld","processName":"C:\\Windows\\explorer.exe","objectServer":"Security","originatesFrom":{"hostName":{"name":"DESKTOP-MAC610T"},"@id":"http://example.org/sepses#5e0c8d45-cf95-4b3d-8377-e64439471988","@type":"rdf:nodeID"},"computerName":"DESKTOP-MAC610T","hasLogType":"wineventlog","upCode":"Info","source":"Microsoft-Windows-Security-Auditing","@type":"http://purl.org/sepses/vocab/log/wineventlog#WindowsEventLogEntry","@timestamp":"2018-08-29T11:54:43.979Z","logMessage":"An attempt was made to access an object.\n\nSubject:\n\tSecurity ID:\t\tS-1-5-21-2889181789-4222170037-1347726928-1001\n\tAccount Name:\t\tVirtual Windows 10\n\tAccount Domain:\t\tDESKTOP-MAC610T\n\tLogon ID:\t\t0x238EF\n\nObject:\n\tObject Server:\t\tSecurity\n\tObject Type:\t\tFile\n\tObject Name:\t\tC:\\Users\\Virtual Windows 10\\Dropbox\n\tHandle ID:\t\t0x3144\n\tResource Attributes:\tS:AI\n\nProcess Information:\n\tProcess ID:\t\t0xc80\n\tProcess Name:\t\tC:\\Windows\\explorer.exe\n\nAccess Request Information:\n\tAccesses:\t\tReadAttributes\n\t\t\t\t\n\tAccess Mask:\t\t0x80","logName":"Security","taskCategory":"File System","processID":"0xc80","version":1}
{"accountName":"Virtual Windows 10","eventID":4663,"accessMask":"0x80","level":"Information","objectName":"C:\\Users\\Virtual Windows 10\\Dropbox","accountDomain":"DESKTOP-MAC610T","accesses":"%%4423\n\t\t\t\t","resourceAttributes":"S:AI","keyword":["Audit Success"],"objectType":"File","handleID":"0x1fa0","timestamp":"2018-08-29T11:54:43.985Z","logonID":"0x238ef","@id":"http://example.org/logEntry#logEntry-e307b253-5869-4dbf-977e-f26d25b3d275","@context":"http://sepses.ifs.tuwien.ac.at/contexts/wineventlog.jsonld","processName":"C:\\Windows\\explorer.exe","objectServer":"Security","originatesFrom":{"hostName":{"name":"DESKTOP-MAC610T"},"@id":"http://example.org/sepses#158f9e39-5d74-4846-9578-7e56d0cc6512","@type":"rdf:nodeID"},"computerName":"DESKTOP-MAC610T","hasLogType":"wineventlog","upCode":"Info","source":"Microsoft-Windows-Security-Auditing","@type":"http://purl.org/sepses/vocab/log/wineventlog#WindowsEventLogEntry","@timestamp":"2018-08-29T11:54:43.985Z","logMessage":"An attempt was made to access an object.\n\nSubject:\n\tSecurity ID:\t\tS-1-5-21-2889181789-4222170037-1347726928-1001\n\tAccount Name:\t\tVirtual Windows 10\n\tAccount Domain:\t\tDESKTOP-MAC610T\n\tLogon ID:\t\t0x238EF\n\nObject:\n\tObject Server:\t\tSecurity\n\tObject Type:\t\tFile\n\tObject Name:\t\tC:\\Users\\Virtual Windows 10\\Dropbox\n\tHandle ID:\t\t0x1fa0\n\tResource Attributes:\tS:AI\n\nProcess Information:\n\tProcess ID:\t\t0xc80\n\tProcess Name:\t\tC:\\Windows\\explorer.exe\n\nAccess Request Information:\n\tAccesses:\t\tReadAttributes\n\t\t\t\t\n\tAccess Mask:\t\t0x80","logName":"Security","taskCategory":"File System","processID":"0xc80","version":1}
{"accountName":"Virtual Windows 10","eventID":4663,"accessMask":"0x80","level":"Information","objectName":"C:\\Users\\Virtual Windows 10\\Dropbox","accountDomain":"DESKTOP-MAC610T","accesses":"%%4423\n\t\t\t\t","resourceAttributes":"S:AI","keyword":["Audit Success"],"objectType":"File","handleID":"0x1fa0","timestamp":"2018-08-29T11:54:44.835Z","logonID":"0x238ef","@id":"http://example.org/logEntry#logEntry-b9d48447-eb8e-401f-b3de-3e83cc4c0c85","@context":"http://sepses.ifs.tuwien.ac.at/contexts/wineventlog.jsonld","processName":"C:\\Windows\\explorer.exe","objectServer":"Security","originatesFrom":{"hostName":{"name":"DESKTOP-MAC610T"},"@id":"http://example.org/sepses#deddbe15-d8a5-4035-b4ab-68efb7bbc67e","@type":"rdf:nodeID"},"computerName":"DESKTOP-MAC610T","hasLogType":"wineventlog","upCode":"Info","source":"Microsoft-Windows-Security-Auditing","@type":"http://purl.org/sepses/vocab/log/wineventlog#WindowsEventLogEntry","@timestamp":"2018-08-29T11:54:44.835Z","logMessage":"An attempt was made to access an object.\n\nSubject:\n\tSecurity ID:\t\tS-1-5-21-2889181789-4222170037-1347726928-1001\n\tAccount Name:\t\tVirtual Windows 10\n\tAccount Domain:\t\tDESKTOP-MAC610T\n\tLogon ID:\t\t0x238EF\n\nObject:\n\tObject Server:\t\tSecurity\n\tObject Type:\t\tFile\n\tObject Name:\t\tC:\\Users\\Virtual Windows 10\\Dropbox\n\tHandle ID:\t\t0x1fa0\n\tResource Attributes:\tS:AI\n\nProcess Information:\n\tProcess ID:\t\t0xc80\n\tProcess Name:\t\tC:\\Windows\\explorer.exe\n\nAccess Request Information:\n\tAccesses:\t\tReadAttributes\n\t\t\t\t\n\tAccess Mask:\t\t0x80","logName":"Security","taskCategory":"File System","processID":"0xc80","version":1}
{"accountName":"Virtual Windows 10","eventID":4663,"accessMask":"0x80","level":"Information","objectName":"C:\\Users\\Virtual Windows 10\\Dropbox","accountDomain":"DESKTOP-MAC610T","accesses":"%%4423\n\t\t\t\t","resourceAttributes":"S:AI","keyword":["Audit Success"],"objectType":"File","handleID":"0x11b4","timestamp":"2018-08-29T11:54:44.842Z","logonID":"0x238ef","@id":"http://example.org/logEntry#logEntry-75512387-f382-4f99-b058-714a27e420bc","@context":"http://sepses.ifs.tuwien.ac.at/contexts/wineventlog.jsonld","processName":"C:\\Windows\\explorer.exe","objectServer":"Security","originatesFrom":{"hostName":{"name":"DESKTOP-MAC610T"},"@id":"http://example.org/sepses#eb403f60-53ff-4226-90e7-937ae09c4693","@type":"rdf:nodeID"},"computerName":"DESKTOP-MAC610T","hasLogType":"wineventlog","upCode":"Info","source":"Microsoft-Windows-Security-Auditing","@type":"http://purl.org/sepses/vocab/log/wineventlog#WindowsEventLogEntry","@timestamp":"2018-08-29T11:54:44.842Z","logMessage":"An attempt was made to access an object.\n\nSubject:\n\tSecurity ID:\t\tS-1-5-21-2889181789-4222170037-1347726928-1001\n\tAccount Name:\t\tVirtual Windows 10\n\tAccount Domain:\t\tDESKTOP-MAC610T\n\tLogon ID:\t\t0x238EF\n\nObject:\n\tObject Server:\t\tSecurity\n\tObject Type:\t\tFile\n\tObject Name:\t\tC:\\Users\\Virtual Windows 10\\Dropbox\n\tHandle ID:\t\t0x11b4\n\tResource Attributes:\tS:AI\n\nProcess Information:\n\tProcess ID:\t\t0xc80\n\tProcess Name:\t\tC:\\Windows\\explorer.exe\n\nAccess Request Information:\n\tAccesses:\t\tReadAttributes\n\t\t\t\t\n\tAccess Mask:\t\t0x80","logName":"Security","taskCategory":"File System","processID":"0xc80","version":1}
{"accountName":"Virtual Windows 10","eventID":4663,"accessMask":"0x80","level":"Information","objectName":"C:\\Users\\Virtual Windows 10\\Dropbox\\test2 - Copy.txt","accountDomain":"DESKTOP-MAC610T","accesses":"%%4423\n\t\t\t\t","resourceAttributes":"S:AI","keyword":["Audit Success"],"objectType":"File","handleID":"0x1f58","timestamp":"2018-08-29T11:54:45.272Z","logonID":"0x238ef","@id":"http://example.org/logEntry#logEntry-c23012df-76cd-4fb2-ba49-7742b15f8848","@context":"http://sepses.ifs.tuwien.ac.at/contexts/wineventlog.jsonld","processName":"C:\\Program Files (x86)\\Dropbox\\Client\\Dropbox.exe","objectServer":"Security","originatesFrom":{"hostName":{"name":"DESKTOP-MAC610T"},"@id":"http://example.org/sepses#add72981-dce6-4546-8c82-ea74c7279c0f","@type":"rdf:nodeID"},"computerName":"DESKTOP-MAC610T","hasLogType":"wineventlog","upCode":"Info","source":"Microsoft-Windows-Security-Auditing","@type":"http://purl.org/sepses/vocab/log/wineventlog#WindowsEventLogEntry","@timestamp":"2018-08-29T11:54:45.272Z","logMessage":"An attempt was made to access an object.\n\nSubject:\n\tSecurity ID:\t\tS-1-5-21-2889181789-4222170037-1347726928-1001\n\tAccount Name:\t\tVirtual Windows 10\n\tAccount Domain:\t\tDESKTOP-MAC610T\n\tLogon ID:\t\t0x238EF\n\nObject:\n\tObject Server:\t\tSecurity\n\tObject Type:\t\tFile\n\tObject Name:\t\tC:\\Users\\Virtual Windows 10\\Dropbox\\test2 - Copy.txt\n\tHandle ID:\t\t0x1f58\n\tResource Attributes:\tS:AI\n\nProcess Information:\n\tProcess ID:\t\t0x14f0\n\tProcess Name:\t\tC:\\Program Files (x86)\\Dropbox\\Client\\Dropbox.exe\n\nAccess Request Information:\n\tAccesses:\t\tReadAttributes\n\t\t\t\t\n\tAccess Mask:\t\t0x80","logName":"Security","taskCategory":"File System","processID":"0x14f0","version":1}
{"accountName":"Virtual Windows 10","eventID":4663,"accessMask":"0x80","level":"Information","objectName":"C:\\Users\\Virtual Windows 10\\Dropbox\\test1.txt","accountDomain":"DESKTOP-MAC610T","accesses":"%%4423\n\t\t\t\t","resourceAttributes":"S:AI","keyword":["Audit Success"],"objectType":"File","handleID":"0x1918","timestamp":"2018-08-29T11:54:45.273Z","logonID":"0x238ef","@id":"http://example.org/logEntry#logEntry-7af2872d-f992-44d5-8580-bffebfd2ba5b","@context":"http://sepses.ifs.tuwien.ac.at/contexts/wineventlog.jsonld","processName":"C:\\Program Files (x86)\\Dropbox\\Client\\Dropbox.exe","objectServer":"Security","originatesFrom":{"hostName":{"name":"DESKTOP-MAC610T"},"@id":"http://example.org/sepses#a89dcb43-cbc1-450c-baf5-fa16403acc5d","@type":"rdf:nodeID"},"computerName":"DESKTOP-MAC610T","hasLogType":"wineventlog","upCode":"Info","source":"Microsoft-Windows-Security-Auditing","@type":"http://purl.org/sepses/vocab/log/wineventlog#WindowsEventLogEntry","@timestamp":"2018-08-29T11:54:45.273Z","logMessage":"An attempt was made to access an object.\n\nSubject:\n\tSecurity ID:\t\tS-1-5-21-2889181789-4222170037-1347726928-1001\n\tAccount Name:\t\tVirtual Windows 10\n\tAccount Domain:\t\tDESKTOP-MAC610T\n\tLogon ID:\t\t0x238EF\n\nObject:\n\tObject Server:\t\tSecurity\n\tObject Type:\t\tFile\n\tObject Name:\t\tC:\\Users\\Virtual Windows 10\\Dropbox\\test1.txt\n\tHandle ID:\t\t0x1918\n\tResource Attributes:\tS:AI\n\nProcess Information:\n\tProcess ID:\t\t0x14f0\n\tProcess Name:\t\tC:\\Program Files (x86)\\Dropbox\\Client\\Dropbox.exe\n\nAccess Request Information:\n\tAccesses:\t\tReadAttributes\n\t\t\t\t\n\tAccess Mask:\t\t0x80","logName":"Security","taskCategory":"File System","processID":"0x14f0","version":1}
{"accountName":"Virtual Windows 10","eventID":4663,"accessMask":"0x80","level":"Information","objectName":"C:\\Users\\Virtual Windows 10\\UserDocuments","accountDomain":"DESKTOP-MAC610T","accesses":"%%4423\n\t\t\t\t","resourceAttributes":"S:AI","keyword":["Audit Success"],"objectType":"File","handleID":"0x1b40","timestamp":"2018-08-29T11:54:47.430Z","logonID":"0x238ef","@id":"http://example.org/logEntry#logEntry-228b0530-4ad1-4ded-9ffb-159ae0f09085","@context":"http://sepses.ifs.tuwien.ac.at/contexts/wineventlog.jsonld","processName":"C:\\Program Files (x86)\\Dropbox\\Client\\Dropbox.exe","objectServer":"Security","originatesFrom":{"hostName":{"name":"DESKTOP-MAC610T"},"@id":"http://example.org/sepses#b422631c-1f60-4c5f-a41e-d8316736fc11","@type":"rdf:nodeID"},"computerName":"DESKTOP-MAC610T","hasLogType":"wineventlog","upCode":"Info","source":"Microsoft-Windows-Security-Auditing","@type":"http://purl.org/sepses/vocab/log/wineventlog#WindowsEventLogEntry","@timestamp":"2018-08-29T11:54:47.430Z","logMessage":"An attempt was made to access an object.\n\nSubject:\n\tSecurity ID:\t\tS-1-5-21-2889181789-4222170037-1347726928-1001\n\tAccount Name:\t\tVirtual Windows 10\n\tAccount Domain:\t\tDESKTOP-MAC610T\n\tLogon ID:\t\t0x238EF\n\nObject:\n\tObject Server:\t\tSecurity\n\tObject Type:\t\tFile\n\tObject Name:\t\tC:\\Users\\Virtual Windows 10\\UserDocuments\n\tHandle ID:\t\t0x1b40\n\tResource Attributes:\tS:AI\n\nProcess Information:\n\tProcess ID:\t\t0x14f0\n\tProcess Name:\t\tC:\\Program Files (x86)\\Dropbox\\Client\\Dropbox.exe\n\nAccess Request Information:\n\tAccesses:\t\tReadAttributes\n\t\t\t\t\n\tAccess Mask:\t\t0x80","logName":"Security","taskCategory":"File System","processID":"0x14f0","version":1}
{"accountName":"Virtual Windows 10","eventID":4663,"accessMask":"0x80","level":"Information","objectName":"C:\\Users\\Virtual Windows 10\\Dropbox\\test2 - Copy.txt","accountDomain":"DESKTOP-MAC610T","accesses":"%%4423\n\t\t\t\t","resourceAttributes":"S:AI","keyword":["Audit Success"],"objectType":"File","handleID":"0x31d0","timestamp":"2018-08-29T11:54:48.977Z","logonID":"0x238ef","@id":"http://example.org/logEntry#logEntry-c5c95634-b688-4e27-a600-e7bab7bb8fe8","@context":"http://sepses.ifs.tuwien.ac.at/contexts/wineventlog.jsonld","processName":"C:\\Windows\\explorer.exe","objectServer":"Security","originatesFrom":{"hostName":{"name":"DESKTOP-MAC610T"},"@id":"http://example.org/sepses#93872a60-81aa-45c4-b506-444c6aeacf94","@type":"rdf:nodeID"},"computerName":"DESKTOP-MAC610T","hasLogType":"wineventlog","upCode":"Info","source":"Microsoft-Windows-Security-Auditing","@type":"http://purl.org/sepses/vocab/log/wineventlog#WindowsEventLogEntry","@timestamp":"2018-08-29T11:54:48.977Z","logMessage":"An attempt was made to access an object.\n\nSubject:\n\tSecurity ID:\t\tS-1-5-21-2889181789-4222170037-1347726928-1001\n\tAccount Name:\t\tVirtual Windows 10\n\tAccount Domain:\t\tDESKTOP-MAC610T\n\tLogon ID:\t\t0x238EF\n\nObject:\n\tObject Server:\t\tSecurity\n\tObject Type:\t\tFile\n\tObject Name:\t\tC:\\Users\\Virtual Windows 10\\Dropbox\\test2 - Copy.txt\n\tHandle ID:\t\t0x31d0\n\tResource Attributes:\tS:AI\n\nProcess Information:\n\tProcess ID:\t\t0xc80\n\tProcess Name:\t\tC:\\Windows\\explorer.exe\n\nAccess Request Information:\n\tAccesses:\t\tReadAttributes\n\t\t\t\t\n\tAccess Mask:\t\t0x80","logName":"Security","taskCategory":"File System","processID":"0xc80","version":1}
{"accountName":"Virtual Windows 10","eventID":4663,"accessMask":"0x80","level":"Information","objectName":"C:\\Users\\Virtual Windows 10\\Dropbox\\test2 - Copy.txt","accountDomain":"DESKTOP-MAC610T","accesses":"%%4423\n\t\t\t\t","resourceAttributes":"S:AI","keyword":["Audit Success"],"objectType":"File","handleID":"0x31d0","timestamp":"2018-08-29T11:54:48.977Z","logonID":"0x238ef","@id":"http://example.org/logEntry#logEntry-cb54cb20-11b8-43fa-b3d9-293dee4fd9d7","@context":"http://sepses.ifs.tuwien.ac.at/contexts/wineventlog.jsonld","processName":"C:\\Windows\\explorer.exe","objectServer":"Security","originatesFrom":{"hostName":{"name":"DESKTOP-MAC610T"},"@id":"http://example.org/sepses#f3786d60-b9f6-46bb-be9d-cc387abb1590","@type":"rdf:nodeID"},"computerName":"DESKTOP-MAC610T","hasLogType":"wineventlog","upCode":"Info","source":"Microsoft-Windows-Security-Auditing","@type":"http://purl.org/sepses/vocab/log/wineventlog#WindowsEventLogEntry","@timestamp":"2018-08-29T11:54:48.977Z","logMessage":"An attempt was made to access an object.\n\nSubject:\n\tSecurity ID:\t\tS-1-5-21-2889181789-4222170037-1347726928-1001\n\tAccount Name:\t\tVirtual Windows 10\n\tAccount Domain:\t\tDESKTOP-MAC610T\n\tLogon ID:\t\t0x238EF\n\nObject:\n\tObject Server:\t\tSecurity\n\tObject Type:\t\tFile\n\tObject Name:\t\tC:\\Users\\Virtual Windows 10\\Dropbox\\test2 - Copy.txt\n\tHandle ID:\t\t0x31d0\n\tResource Attributes:\tS:AI\n\nProcess Information:\n\tProcess ID:\t\t0xc80\n\tProcess Name:\t\tC:\\Windows\\explorer.exe\n\nAccess Request Information:\n\tAccesses:\t\tReadAttributes\n\t\t\t\t\n\tAccess Mask:\t\t0x80","logName":"Security","taskCategory":"File System","processID":"0xc80","version":1}
{"accountName":"Virtual Windows 10","eventID":4663,"accessMask":"0x80","level":"Information","objectName":"C:\\Users\\Virtual Windows 10\\UserDocuments\\test2 - Copy.txt","accountDomain":"DESKTOP-MAC610T","accesses":"%%4423\n\t\t\t\t","resourceAttributes":"S:AI","keyword":["Audit Success"],"objectType":"File","handleID":"0x235c","timestamp":"2018-08-29T11:54:48.980Z","logonID":"0x238ef","@id":"http://example.org/logEntry#logEntry-ca66d5c3-e470-4584-b39d-1e25879b1f06","@context":"http://sepses.ifs.tuwien.ac.at/contexts/wineventlog.jsonld","processName":"C:\\Windows\\explorer.exe","objectServer":"Security","originatesFrom":{"hostName":{"name":"DESKTOP-MAC610T"},"@id":"http://example.org/sepses#7b8c9098-7b14-4b64-a099-f61b0b3af8f9","@type":"rdf:nodeID"},"computerName":"DESKTOP-MAC610T","hasLogType":"wineventlog","upCode":"Info","source":"Microsoft-Windows-Security-Auditing","@type":"http://purl.org/sepses/vocab/log/wineventlog#WindowsEventLogEntry","@timestamp":"2018-08-29T11:54:48.980Z","logMessage":"An attempt was made to access an object.\n\nSubject:\n\tSecurity ID:\t\tS-1-5-21-2889181789-4222170037-1347726928-1001\n\tAccount Name:\t\tVirtual Windows 10\n\tAccount Domain:\t\tDESKTOP-MAC610T\n\tLogon ID:\t\t0x238EF\n\nObject:\n\tObject Server:\t\tSecurity\n\tObject Type:\t\tFile\n\tObject Name:\t\tC:\\Users\\Virtual Windows 10\\UserDocuments\\test2 - Copy.txt\n\tHandle ID:\t\t0x235c\n\tResource Attributes:\tS:AI\n\nProcess Information:\n\tProcess ID:\t\t0xc80\n\tProcess Name:\t\tC:\\Windows\\explorer.exe\n\nAccess Request Information:\n\tAccesses:\t\tReadAttributes\n\t\t\t\t\n\tAccess Mask:\t\t0x80","logName":"Security","taskCategory":"File System","processID":"0xc80","version":1}
{"accountName":"Virtual Windows 10","eventID":4663,"accessMask":"0x2","level":"Information","objectName":"C:\\Users\\Virtual Windows 10\\UserDocuments\\test2 - Copy.txt","accountDomain":"DESKTOP-MAC610T","accesses":"%%4417\n\t\t\t\t","resourceAttributes":"S:AI","keyword":["Audit Success"],"objectType":"File","handleID":"0x235c","timestamp":"2018-08-29T11:54:48.980Z","logonID":"0x238ef","@id":"http://example.org/logEntry#logEntry-71581ec2-81d3-4da1-ac8f-27c72fa70a1e","@context":"http://sepses.ifs.tuwien.ac.at/contexts/wineventlog.jsonld","processName":"C:\\Windows\\explorer.exe","objectServer":"Security","originatesFrom":{"hostName":{"name":"DESKTOP-MAC610T"},"@id":"http://example.org/sepses#c16babbf-32f8-457a-86ad-7602dfef8c82","@type":"rdf:nodeID"},"computerName":"DESKTOP-MAC610T","hasLogType":"wineventlog","upCode":"Info","source":"Microsoft-Windows-Security-Auditing","@type":"http://purl.org/sepses/vocab/log/wineventlog#WindowsEventLogEntry","@timestamp":"2018-08-29T11:54:48.980Z","logMessage":"An attempt was made to access an object.\n\nSubject:\n\tSecurity ID:\t\tS-1-5-21-2889181789-4222170037-1347726928-1001\n\tAccount Name:\t\tVirtual Windows 10\n\tAccount Domain:\t\tDESKTOP-MAC610T\n\tLogon ID:\t\t0x238EF\n\nObject:\n\tObject Server:\t\tSecurity\n\tObject Type:\t\tFile\n\tObject Name:\t\tC:\\Users\\Virtual Windows 10\\UserDocuments\\test2 - Copy.txt\n\tHandle ID:\t\t0x235c\n\tResource Attributes:\tS:AI\n\nProcess Information:\n\tProcess ID:\t\t0xc80\n\tProcess Name:\t\tC:\\Windows\\explorer.exe\n\nAccess Request Information:\n\tAccesses:\t\tWriteData (or AddFile)\n\t\t\t\t\n\tAccess Mask:\t\t0x2","logName":"Security","taskCategory":"File System","processID":"0xc80","version":1}
{"accountName":"Virtual Windows 10","eventID":4663,"accessMask":"0x80","level":"Information","objectName":"C:\\Users\\Virtual Windows 10\\Dropbox\\test2 - Copy.txt:com.dropbox.attributes","accountDomain":"DESKTOP-MAC610T","accesses":"%%4423\n\t\t\t\t","resourceAttributes":"S:AI","keyword":["Audit Success"],"objectType":"File","handleID":"0x1930","timestamp":"2018-08-29T11:54:48.981Z","logonID":"0x238ef","@id":"http://example.org/logEntry#logEntry-ca8f892c-73b8-4eb6-90f3-f21eeee18ca1","@context":"http://sepses.ifs.tuwien.ac.at/contexts/wineventlog.jsonld","processName":"C:\\Windows\\explorer.exe","objectServer":"Security","originatesFrom":{"hostName":{"name":"DESKTOP-MAC610T"},"@id":"http://example.org/sepses#1dfa6b0b-ac55-470c-a14f-9bbb1ccb5e26","@type":"rdf:nodeID"},"computerName":"DESKTOP-MAC610T","hasLogType":"wineventlog","upCode":"Info","source":"Microsoft-Windows-Security-Auditing","@type":"http://purl.org/sepses/vocab/log/wineventlog#WindowsEventLogEntry","@timestamp":"2018-08-29T11:54:48.981Z","logMessage":"An attempt was made to access an object.\n\nSubject:\n\tSecurity ID:\t\tS-1-5-21-2889181789-4222170037-1347726928-1001\n\tAccount Name:\t\tVirtual Windows 10\n\tAccount Domain:\t\tDESKTOP-MAC610T\n\tLogon ID:\t\t0x238EF\n\nObject:\n\tObject Server:\t\tSecurity\n\tObject Type:\t\tFile\n\tObject Name:\t\tC:\\Users\\Virtual Windows 10\\Dropbox\\test2 - Copy.txt:com.dropbox.attributes\n\tHandle ID:\t\t0x1930\n\tResource Attributes:\tS:AI\n\nProcess Information:\n\tProcess ID:\t\t0xc80\n\tProcess Name:\t\tC:\\Windows\\explorer.exe\n\nAccess Request Information:\n\tAccesses:\t\tReadAttributes\n\t\t\t\t\n\tAccess Mask:\t\t0x80","logName":"Security","taskCategory":"File System","processID":"0xc80","version":1}
{"accountName":"Virtual Windows 10","eventID":4663,"accessMask":"0x2","level":"Information","objectName":"C:\\Users\\Virtual Windows 10\\UserDocuments\\test2 - Copy.txt:com.dropbox.attributes","accountDomain":"DESKTOP-MAC610T","accesses":"%%4417\n\t\t\t\t","resourceAttributes":"S:AI","keyword":["Audit Success"],"objectType":"File","handleID":"0x11b4","timestamp":"2018-08-29T11:54:48.981Z","logonID":"0x238ef","@id":"http://example.org/logEntry#logEntry-40267d25-4388-4e88-a0c1-18a0d1ceeb7e","@context":"http://sepses.ifs.tuwien.ac.at/contexts/wineventlog.jsonld","processName":"C:\\Windows\\explorer.exe","objectServer":"Security","originatesFrom":{"hostName":{"name":"DESKTOP-MAC610T"},"@id":"http://example.org/sepses#d23a37d1-fee6-4e3a-9795-dda70ca67337","@type":"rdf:nodeID"},"computerName":"DESKTOP-MAC610T","hasLogType":"wineventlog","upCode":"Info","source":"Microsoft-Windows-Security-Auditing","@type":"http://purl.org/sepses/vocab/log/wineventlog#WindowsEventLogEntry","@timestamp":"2018-08-29T11:54:48.981Z","logMessage":"An attempt was made to access an object.\n\nSubject:\n\tSecurity ID:\t\tS-1-5-21-2889181789-4222170037-1347726928-1001\n\tAccount Name:\t\tVirtual Windows 10\n\tAccount Domain:\t\tDESKTOP-MAC610T\n\tLogon ID:\t\t0x238EF\n\nObject:\n\tObject Server:\t\tSecurity\n\tObject Type:\t\tFile\n\tObject Name:\t\tC:\\Users\\Virtual Windows 10\\UserDocuments\\test2 - Copy.txt:com.dropbox.attributes\n\tHandle ID:\t\t0x11b4\n\tResource Attributes:\tS:AI\n\nProcess Information:\n\tProcess ID:\t\t0xc80\n\tProcess Name:\t\tC:\\Windows\\explorer.exe\n\nAccess Request Information:\n\tAccesses:\t\tWriteData (or AddFile)\n\t\t\t\t\n\tAccess Mask:\t\t0x2","logName":"Security","taskCategory":"File System","processID":"0xc80","version":1}
{"accountName":"Virtual Windows 10","eventID":4663,"accessMask":"0x80","level":"Information","objectName":"C:\\Users\\Virtual Windows 10\\Dropbox\\test2 - Copy.txt:com.dropbox.attrs","accountDomain":"DESKTOP-MAC610T","accesses":"%%4423\n\t\t\t\t","resourceAttributes":"S:AI","keyword":["Audit Success"],"objectType":"File","handleID":"0x11b4","timestamp":"2018-08-29T11:54:48.982Z","logonID":"0x238ef","@id":"http://example.org/logEntry#logEntry-9b3d2110-c4c4-468d-8aa2-b08b8528422a","@context":"http://sepses.ifs.tuwien.ac.at/contexts/wineventlog.jsonld","processName":"C:\\Windows\\explorer.exe","objectServer":"Security","originatesFrom":{"hostName":{"name":"DESKTOP-MAC610T"},"@id":"http://example.org/sepses#97a488ba-a462-4b2d-8fee-22cca7b621b5","@type":"rdf:nodeID"},"computerName":"DESKTOP-MAC610T","hasLogType":"wineventlog","upCode":"Info","source":"Microsoft-Windows-Security-Auditing","@type":"http://purl.org/sepses/vocab/log/wineventlog#WindowsEventLogEntry","@timestamp":"2018-08-29T11:54:48.982Z","logMessage":"An attempt was made to access an object.\n\nSubject:\n\tSecurity ID:\t\tS-1-5-21-2889181789-4222170037-1347726928-1001\n\tAccount Name:\t\tVirtual Windows 10\n\tAccount Domain:\t\tDESKTOP-MAC610T\n\tLogon ID:\t\t0x238EF\n\nObject:\n\tObject Server:\t\tSecurity\n\tObject Type:\t\tFile\n\tObject Name:\t\tC:\\Users\\Virtual Windows 10\\Dropbox\\test2 - Copy.txt:com.dropbox.attrs\n\tHandle ID:\t\t0x11b4\n\tResource Attributes:\tS:AI\n\nProcess Information:\n\tProcess ID:\t\t0xc80\n\tProcess Name:\t\tC:\\Windows\\explorer.exe\n\nAccess Request Information:\n\tAccesses:\t\tReadAttributes\n\t\t\t\t\n\tAccess Mask:\t\t0x80","logName":"Security","taskCategory":"File System","processID":"0xc80","version":1}
{"accountName":"Virtual Windows 10","eventID":4663,"accessMask":"0x2","level":"Information","objectName":"C:\\Users\\Virtual Windows 10\\UserDocuments\\test2 - Copy.txt:com.dropbox.attrs","accountDomain":"DESKTOP-MAC610T","accesses":"%%4417\n\t\t\t\t","resourceAttributes":"S:AI","keyword":["Audit Success"],"objectType":"File","handleID":"0x1930","timestamp":"2018-08-29T11:54:48.983Z","logonID":"0x238ef","@id":"http://example.org/logEntry#logEntry-90aa9407-a10b-4d8b-8c7a-1880263d592e","@context":"http://sepses.ifs.tuwien.ac.at/contexts/wineventlog.jsonld","processName":"C:\\Windows\\explorer.exe","objectServer":"Security","originatesFrom":{"hostName":{"name":"DESKTOP-MAC610T"},"@id":"http://example.org/sepses#16cc1987-5f87-4d2c-9d7f-d05a59f5ef50","@type":"rdf:nodeID"},"computerName":"DESKTOP-MAC610T","hasLogType":"wineventlog","upCode":"Info","source":"Microsoft-Windows-Security-Auditing","@type":"http://purl.org/sepses/vocab/log/wineventlog#WindowsEventLogEntry","@timestamp":"2018-08-29T11:54:48.983Z","logMessage":"An attempt was made to access an object.\n\nSubject:\n\tSecurity ID:\t\tS-1-5-21-2889181789-4222170037-1347726928-1001\n\tAccount Name:\t\tVirtual Windows 10\n\tAccount Domain:\t\tDESKTOP-MAC610T\n\tLogon ID:\t\t0x238EF\n\nObject:\n\tObject Server:\t\tSecurity\n\tObject Type:\t\tFile\n\tObject Name:\t\tC:\\Users\\Virtual Windows 10\\UserDocuments\\test2 - Copy.txt:com.dropbox.attrs\n\tHandle ID:\t\t0x1930\n\tResource Attributes:\tS:AI\n\nProcess Information:\n\tProcess ID:\t\t0xc80\n\tProcess Name:\t\tC:\\Windows\\explorer.exe\n\nAccess Request Information:\n\tAccesses:\t\tWriteData (or AddFile)\n\t\t\t\t\n\tAccess Mask:\t\t0x2","logName":"Security","taskCategory":"File System","processID":"0xc80","version":1}
{"accountName":"Virtual Windows 10","eventID":4663,"accessMask":"0x80","level":"Information","objectName":"C:\\Users\\Virtual Windows 10\\Dropbox\\test1.txt","accountDomain":"DESKTOP-MAC610T","accesses":"%%4423\n\t\t\t\t","resourceAttributes":"S:AI","keyword":["Audit Success"],"objectType":"File","handleID":"0x31d0","timestamp":"2018-08-29T11:54:48.988Z","logonID":"0x238ef","@id":"http://example.org/logEntry#logEntry-816ec690-78a9-43d2-ad90-47fd10cc5184","@context":"http://sepses.ifs.tuwien.ac.at/contexts/wineventlog.jsonld","processName":"C:\\Windows\\explorer.exe","objectServer":"Security","originatesFrom":{"hostName":{"name":"DESKTOP-MAC610T"},"@id":"http://example.org/sepses#bb2cb2ff-7e38-42e0-8a14-3cec558d1368","@type":"rdf:nodeID"},"computerName":"DESKTOP-MAC610T","hasLogType":"wineventlog","upCode":"Info","source":"Microsoft-Windows-Security-Auditing","@type":"http://purl.org/sepses/vocab/log/wineventlog#WindowsEventLogEntry","@timestamp":"2018-08-29T11:54:48.988Z","logMessage":"An attempt was made to access an object.\n\nSubject:\n\tSecurity ID:\t\tS-1-5-21-2889181789-4222170037-1347726928-1001\n\tAccount Name:\t\tVirtual Windows 10\n\tAccount Domain:\t\tDESKTOP-MAC610T\n\tLogon ID:\t\t0x238EF\n\nObject:\n\tObject Server:\t\tSecurity\n\tObject Type:\t\tFile\n\tObject Name:\t\tC:\\Users\\Virtual Windows 10\\Dropbox\\test1.txt\n\tHandle ID:\t\t0x31d0\n\tResource Attributes:\tS:AI\n\nProcess Information:\n\tProcess ID:\t\t0xc80\n\tProcess Name:\t\tC:\\Windows\\explorer.exe\n\nAccess Request Information:\n\tAccesses:\t\tReadAttributes\n\t\t\t\t\n\tAccess Mask:\t\t0x80","logName":"Security","taskCategory":"File System","processID":"0xc80","version":1}
{"accountName":"Virtual Windows 10","eventID":4663,"accessMask":"0x80","level":"Information","objectName":"C:\\Users\\Virtual Windows 10\\UserDocuments\\test1.txt","accountDomain":"DESKTOP-MAC610T","accesses":"%%4423\n\t\t\t\t","resourceAttributes":"S:AI","keyword":["Audit Success"],"objectType":"File","handleID":"0x2d24","timestamp":"2018-08-29T11:54:48.988Z","logonID":"0x238ef","@id":"http://example.org/logEntry#logEntry-f11d2878-4820-4fd2-97dc-5202829696e5","@context":"http://sepses.ifs.tuwien.ac.at/contexts/wineventlog.jsonld","processName":"C:\\Windows\\explorer.exe","objectServer":"Security","originatesFrom":{"hostName":{"name":"DESKTOP-MAC610T"},"@id":"http://example.org/sepses#2a978fe3-13d8-4b2c-8c01-7233db0ac1c6","@type":"rdf:nodeID"},"computerName":"DESKTOP-MAC610T","hasLogType":"wineventlog","upCode":"Info","source":"Microsoft-Windows-Security-Auditing","@type":"http://purl.org/sepses/vocab/log/wineventlog#WindowsEventLogEntry","@timestamp":"2018-08-29T11:54:48.988Z","logMessage":"An attempt was made to access an object.\n\nSubject:\n\tSecurity ID:\t\tS-1-5-21-2889181789-4222170037-1347726928-1001\n\tAccount Name:\t\tVirtual Windows 10\n\tAccount Domain:\t\tDESKTOP-MAC610T\n\tLogon ID:\t\t0x238EF\n\nObject:\n\tObject Server:\t\tSecurity\n\tObject Type:\t\tFile\n\tObject Name:\t\tC:\\Users\\Virtual Windows 10\\UserDocuments\\test1.txt\n\tHandle ID:\t\t0x2d24\n\tResource Attributes:\tS:AI\n\nProcess Information:\n\tProcess ID:\t\t0xc80\n\tProcess Name:\t\tC:\\Windows\\explorer.exe\n\nAccess Request Information:\n\tAccesses:\t\tReadAttributes\n\t\t\t\t\n\tAccess Mask:\t\t0x80","logName":"Security","taskCategory":"File System","processID":"0xc80","version":1}
{"accountName":"Virtual Windows 10","eventID":4663,"accessMask":"0x2","level":"Information","objectName":"C:\\Users\\Virtual Windows 10\\UserDocuments\\test1.txt","accountDomain":"DESKTOP-MAC610T","accesses":"%%4417\n\t\t\t\t","resourceAttributes":"S:AI","keyword":["Audit Success"],"objectType":"File","handleID":"0x2d24","timestamp":"2018-08-29T11:54:48.988Z","logonID":"0x238ef","@id":"http://example.org/logEntry#logEntry-221eb3f4-e9f2-414a-bdc5-a284c503a79f","@context":"http://sepses.ifs.tuwien.ac.at/contexts/wineventlog.jsonld","processName":"C:\\Windows\\explorer.exe","objectServer":"Security","originatesFrom":{"hostName":{"name":"DESKTOP-MAC610T"},"@id":"http://example.org/sepses#5f97e871-d928-4700-9e33-0cb1efff0c47","@type":"rdf:nodeID"},"computerName":"DESKTOP-MAC610T","hasLogType":"wineventlog","upCode":"Info","source":"Microsoft-Windows-Security-Auditing","@type":"http://purl.org/sepses/vocab/log/wineventlog#WindowsEventLogEntry","@timestamp":"2018-08-29T11:54:48.988Z","logMessage":"An attempt was made to access an object.\n\nSubject:\n\tSecurity ID:\t\tS-1-5-21-2889181789-4222170037-1347726928-1001\n\tAccount Name:\t\tVirtual Windows 10\n\tAccount Domain:\t\tDESKTOP-MAC610T\n\tLogon ID:\t\t0x238EF\n\nObject:\n\tObject Server:\t\tSecurity\n\tObject Type:\t\tFile\n\tObject Name:\t\tC:\\Users\\Virtual Windows 10\\UserDocuments\\test1.txt\n\tHandle ID:\t\t0x2d24\n\tResource Attributes:\tS:AI\n\nProcess Information:\n\tProcess ID:\t\t0xc80\n\tProcess Name:\t\tC:\\Windows\\explorer.exe\n\nAccess Request Information:\n\tAccesses:\t\tWriteData (or AddFile)\n\t\t\t\t\n\tAccess Mask:\t\t0x2","logName":"Security","taskCategory":"File System","processID":"0xc80","version":1}
