{"timestamp":"2018-08-27T15:31:34.279Z","objectType":"File","hasLogType":"wineventlog","upCode":"Info","accountDomain":"DESKTOP-MAC610T","processID":"0x16c8","objectName":"C:\\Users\\Virtual Windows 10\\Dropbox\\test1.txt","processName":"C:\\Program Files (x86)\\Dropbox\\Client\\Dropbox.exe","eventID":4663,"@type":"http://purl.org/sepses/vocab/log/wineventlog#WindowsEventLogEntry","logName":"Security","originatesFrom":{"@id":"http://example.org/sepses#ff253b5a-ccb2-4e63-ada4-42dcbfb3b7c1","hostName":{"name":"DESKTOP-MAC610T"},"@type":"rdf:nodeID"},"taskCategory":"File System","version":1,"accesses":"%%4423\n\t\t\t\t","keyword":["Audit Success"],"accountName":"Virtual Windows 10","@context":"http://sepses.ifs.tuwien.ac.at/contexts/wineventlog.jsonld","@id":"http://example.org/logEntry#logEntry-3fb3065c-5fc5-45d8-b423-49f5a75086db","@timestamp":"2018-08-27T15:31:34.279Z","handleID":"0x830","accessMask":"0x80","computerName":"DESKTOP-MAC610T","source":"Microsoft-Windows-Security-Auditing","level":"Information","logMessage":"An attempt was made to access an object.\n\nSubject:\n\tSecurity ID:\t\tS-1-5-21-2889181789-4222170037-1347726928-1001\n\tAccount Name:\t\tVirtual Windows 10\n\tAccount Domain:\t\tDESKTOP-MAC610T\n\tLogon ID:\t\t0x1EDF9\n\nObject:\n\tObject Server:\t\tSecurity\n\tObject Type:\t\tFile\n\tObject Name:\t\tC:\\Users\\Virtual Windows 10\\Dropbox\\test1.txt\n\tHandle ID:\t\t0x830\n\tResource Attributes:\tS:AI\n\nProcess Information:\n\tProcess ID:\t\t0x16c8\n\tProcess Name:\t\tC:\\Program Files (x86)\\Dropbox\\Client\\Dropbox.exe\n\nAccess Request Information:\n\tAccesses:\t\tReadAttributes\n\t\t\t\t\n\tAccess Mask:\t\t0x80","objectServer":"Security","resourceAttributes":"S:AI","logonID":"0x1edf9"}
{"timestamp":"2018-08-27T15:31:34.285Z","objectType":"File","hasLogType":"wineventlog","upCode":"Info","accountDomain":"DESKTOP-MAC610T","processID":"0x54","objectName":"C:\\Users\\Virtual Windows 10\\Dropbox","processName":"C:\\Windows\\explorer.exe","eventID":4663,"@type":"http://purl.org/sepses/vocab/log/wineventlog#WindowsEventLogEntry","logName":"Security","originatesFrom":{"@id":"http://example.org/sepses#510a0916-bbc8-4ce6-8103-dde2cfd2f93c","hostName":{"name":"DESKTOP-MAC610T"},"@type":"rdf:nodeID"},"taskCategory":"File System","version":1,"accesses":"%%4423\n\t\t\t\t","keyword":["Audit Success"],"accountName":"Virtual Windows 10","@context":"http://sepses.ifs.tuwien.ac.at/contexts/wineventlog.jsonld","@id":"http://example.org/logEntry#logEntry-cc73a7e2-6fbd-4d8d-9be2-2313d8f63187","@timestamp":"2018-08-27T15:31:34.285Z","handleID":"0x392c","accessMask":"0x80","computerName":"DESKTOP-MAC610T","source":"Microsoft-Windows-Security-Auditing","level":"Information","logMessage":"An attempt was made to access an object.\n\nSubject:\n\tSecurity ID:\t\tS-1-5-21-2889181789-4222170037-1347726928-1001\n\tAccount Name:\t\tVirtual Windows 10\n\tAccount Domain:\t\tDESKTOP-MAC610T\n\tLogon ID:\t\t0x1EDF9\n\nObject:\n\tObject Server:\t\tSecurity\n\tObject Type:\t\tFile\n\tObject Name:\t\tC:\\Users\\Virtual Windows 10\\Dropbox\n\tHandle ID:\t\t0x392c\n\tResource Attributes:\tS:AI\n\nProcess Information:\n\tProcess ID:\t\t0x54\n\tProcess Name:\t\tC:\\Windows\\explorer.exe\n\nAccess Request Information:\n\tAccesses:\t\tReadAttributes\n\t\t\t\t\n\tAccess Mask:\t\t0x80","objectServer":"Security","resourceAttributes":"S:AI","logonID":"0x1edf9"}
{"timestamp":"2018-08-27T15:31:34.285Z","objectType":"File","hasLogType":"wineventlog","upCode":"Info","accountDomain":"DESKTOP-MAC610T","processID":"0x54","objectName":"C:\\Users\\Virtual Windows 10\\Dropbox","processName":"C:\\Windows\\explorer.exe","eventID":4663,"@type":"http://purl.org/sepses/vocab/log/wineventlog#WindowsEventLogEntry","logName":"Security","originatesFrom":{"@id":"http://example.org/sepses#84864d2a-079a-47f4-abb9-9ced750e0d3a","hostName":{"name":"DESKTOP-MAC610T"},"@type":"rdf:nodeID"},"taskCategory":"File System","version":1,"accesses":"%%4423\n\t\t\t\t","keyword":["Audit Success"],"accountName":"Virtual Windows 10","@context":"http://sepses.ifs.tuwien.ac.at/contexts/wineventlog.jsonld","@id":"http://example.org/logEntry#logEntry-b893329f-6d3f-4db4-9659-3cab595d94a6","@timestamp":"2018-08-27T15:31:34.285Z","handleID":"0x24e0","accessMask":"0x80","computerName":"DESKTOP-MAC610T","source":"Microsoft-Windows-Security-Auditing","level":"Information","logMessage":"An attempt was made to access an object.\n\nSubject:\n\tSecurity ID:\t\tS-1-5-21-2889181789-4222170037-1347726928-1001\n\tAccount Name:\t\tVirtual Windows 10\n\tAccount Domain:\t\tDESKTOP-MAC610T\n\tLogon ID:\t\t0x1EDF9\n\nObject:\n\tObject Server:\t\tSecurity\n\tObject Type:\t\tFile\n\tObject Name:\t\tC:\\Users\\Virtual Windows 10\\Dropbox\n\tHandle ID:\t\t0x24e0\n\tResource Attributes:\tS:AI\n\nProcess Information:\n\tProcess ID:\t\t0x54\n\tProcess Name:\t\tC:\\Windows\\explorer.exe\n\nAccess Request Information:\n\tAccesses:\t\tReadAttributes\n\t\t\t\t\n\tAccess Mask:\t\t0x80","objectServer":"Security","resourceAttributes":"S:AI","logonID":"0x1edf9"}
{"timestamp":"2018-08-27T15:31:34.316Z","objectType":"File","hasLogType":"wineventlog","upCode":"Info","accountDomain":"DESKTOP-MAC610T","processID":"0x16c8","objectName":"C:\\Users\\Virtual Windows 10\\Dropbox\\test1.txt","processName":"C:\\Program Files (x86)\\Dropbox\\Client\\Dropbox.exe","eventID":4663,"@type":"http://purl.org/sepses/vocab/log/wineventlog#WindowsEventLogEntry","logName":"Security","originatesFrom":{"@id":"http://example.org/sepses#26d047d5-a61c-420e-9874-98c5e62f0ca5","hostName":{"name":"DESKTOP-MAC610T"},"@type":"rdf:nodeID"},"taskCategory":"File System","version":1,"accesses":"%%4423\n\t\t\t\t","keyword":["Audit Success"],"accountName":"Virtual Windows 10","@context":"http://sepses.ifs.tuwien.ac.at/contexts/wineventlog.jsonld","@id":"http://example.org/logEntry#logEntry-1a6b32f0-0e3b-45a8-baf5-0ae54b60cb0b","@timestamp":"2018-08-27T15:31:34.316Z","handleID":"0x2228","accessMask":"0x80","computerName":"DESKTOP-MAC610T","source":"Microsoft-Windows-Security-Auditing","level":"Information","logMessage":"An attempt was made to access an object.\n\nSubject:\n\tSecurity ID:\t\tS-1-5-21-2889181789-4222170037-1347726928-1001\n\tAccount Name:\t\tVirtual Windows 10\n\tAccount Domain:\t\tDESKTOP-MAC610T\n\tLogon ID:\t\t0x1EDF9\n\nObject:\n\tObject Server:\t\tSecurity\n\tObject Type:\t\tFile\n\tObject Name:\t\tC:\\Users\\Virtual Windows 10\\Dropbox\\test1.txt\n\tHandle ID:\t\t0x2228\n\tResource Attributes:\tS:AI\n\nProcess Information:\n\tProcess ID:\t\t0x16c8\n\tProcess Name:\t\tC:\\Program Files (x86)\\Dropbox\\Client\\Dropbox.exe\n\nAccess Request Information:\n\tAccesses:\t\tReadAttributes\n\t\t\t\t\n\tAccess Mask:\t\t0x80","objectServer":"Security","resourceAttributes":"S:AI","logonID":"0x1edf9"}
{"timestamp":"2018-08-27T15:31:34.317Z","objectType":"File","hasLogType":"wineventlog","upCode":"Info","accountDomain":"DESKTOP-MAC610T","processID":"0x16c8","objectName":"C:\\Users\\Virtual Windows 10\\Dropbox\\test1.txt","processName":"C:\\Program Files (x86)\\Dropbox\\Client\\Dropbox.exe","eventID":4663,"@type":"http://purl.org/sepses/vocab/log/wineventlog#WindowsEventLogEntry","logName":"Security","originatesFrom":{"@id":"http://example.org/sepses#a634ad83-d319-451c-a133-399c8e4306d8","hostName":{"name":"DESKTOP-MAC610T"},"@type":"rdf:nodeID"},"taskCategory":"File System","version":1,"accesses":"%%4423\n\t\t\t\t","keyword":["Audit Success"],"accountName":"Virtual Windows 10","@context":"http://sepses.ifs.tuwien.ac.at/contexts/wineventlog.jsonld","@id":"http://example.org/logEntry#logEntry-1fdc94ac-c75d-4c46-bcaf-3b24cc7a4756","@timestamp":"2018-08-27T15:31:34.317Z","handleID":"0x2228","accessMask":"0x80","computerName":"DESKTOP-MAC610T","source":"Microsoft-Windows-Security-Auditing","level":"Information","logMessage":"An attempt was made to access an object.\n\nSubject:\n\tSecurity ID:\t\tS-1-5-21-2889181789-4222170037-1347726928-1001\n\tAccount Name:\t\tVirtual Windows 10\n\tAccount Domain:\t\tDESKTOP-MAC610T\n\tLogon ID:\t\t0x1EDF9\n\nObject:\n\tObject Server:\t\tSecurity\n\tObject Type:\t\tFile\n\tObject Name:\t\tC:\\Users\\Virtual Windows 10\\Dropbox\\test1.txt\n\tHandle ID:\t\t0x2228\n\tResource Attributes:\tS:AI\n\nProcess Information:\n\tProcess ID:\t\t0x16c8\n\tProcess Name:\t\tC:\\Program Files (x86)\\Dropbox\\Client\\Dropbox.exe\n\nAccess Request Information:\n\tAccesses:\t\tReadAttributes\n\t\t\t\t\n\tAccess Mask:\t\t0x80","objectServer":"Security","resourceAttributes":"S:AI","logonID":"0x1edf9"}
{"timestamp":"2018-08-27T15:31:34.331Z","objectType":"File","hasLogType":"wineventlog","upCode":"Info","accountDomain":"DESKTOP-MAC610T","processID":"0x16c8","objectName":"C:\\Users\\Virtual Windows 10\\Dropbox\\test1.txt","processName":"C:\\Program Files (x86)\\Dropbox\\Client\\Dropbox.exe","eventID":4663,"@type":"http://purl.org/sepses/vocab/log/wineventlog#WindowsEventLogEntry","logName":"Security","originatesFrom":{"@id":"http://example.org/sepses#b72f0511-cf4d-4c89-a627-a33edff767ba","hostName":{"name":"DESKTOP-MAC610T"},"@type":"rdf:nodeID"},"taskCategory":"File System","version":1,"accesses":"%%4423\n\t\t\t\t","keyword":["Audit Success"],"accountName":"Virtual Windows 10","@context":"http://sepses.ifs.tuwien.ac.at/contexts/wineventlog.jsonld","@id":"http://example.org/logEntry#logEntry-26e8c36f-b56c-41cb-bf1c-2388daad6f46","@timestamp":"2018-08-27T15:31:34.331Z","handleID":"0x2220","accessMask":"0x80","computerName":"DESKTOP-MAC610T","source":"Microsoft-Windows-Security-Auditing","level":"Information","logMessage":"An attempt was made to access an object.\n\nSubject:\n\tSecurity ID:\t\tS-1-5-21-2889181789-4222170037-1347726928-1001\n\tAccount Name:\t\tVirtual Windows 10\n\tAccount Domain:\t\tDESKTOP-MAC610T\n\tLogon ID:\t\t0x1EDF9\n\nObject:\n\tObject Server:\t\tSecurity\n\tObject Type:\t\tFile\n\tObject Name:\t\tC:\\Users\\Virtual Windows 10\\Dropbox\\test1.txt\n\tHandle ID:\t\t0x2220\n\tResource Attributes:\tS:AI\n\nProcess Information:\n\tProcess ID:\t\t0x16c8\n\tProcess Name:\t\tC:\\Program Files (x86)\\Dropbox\\Client\\Dropbox.exe\n\nAccess Request Information:\n\tAccesses:\t\tReadAttributes\n\t\t\t\t\n\tAccess Mask:\t\t0x80","objectServer":"Security","resourceAttributes":"S:AI","logonID":"0x1edf9"}
{"timestamp":"2018-08-27T15:31:34.332Z","objectType":"File","hasLogType":"wineventlog","upCode":"Info","accountDomain":"DESKTOP-MAC610T","processID":"0x16c8","objectName":"C:\\Users\\Virtual Windows 10\\Dropbox\\test1.txt","processName":"C:\\Program Files (x86)\\Dropbox\\Client\\Dropbox.exe","eventID":4663,"@type":"http://purl.org/sepses/vocab/log/wineventlog#WindowsEventLogEntry","logName":"Security","originatesFrom":{"@id":"http://example.org/sepses#5c58f0ca-5b27-4493-9691-45ff017ef57c","hostName":{"name":"DESKTOP-MAC610T"},"@type":"rdf:nodeID"},"taskCategory":"File System","version":1,"accesses":"%%4423\n\t\t\t\t","keyword":["Audit Success"],"accountName":"Virtual Windows 10","@context":"http://sepses.ifs.tuwien.ac.at/contexts/wineventlog.jsonld","@id":"http://example.org/logEntry#logEntry-2144eae6-4c48-4b6f-872f-59df55acfdf1","@timestamp":"2018-08-27T15:31:34.332Z","handleID":"0x2220","accessMask":"0x80","computerName":"DESKTOP-MAC610T","source":"Microsoft-Windows-Security-Auditing","level":"Information","logMessage":"An attempt was made to access an object.\n\nSubject:\n\tSecurity ID:\t\tS-1-5-21-2889181789-4222170037-1347726928-1001\n\tAccount Name:\t\tVirtual Windows 10\n\tAccount Domain:\t\tDESKTOP-MAC610T\n\tLogon ID:\t\t0x1EDF9\n\nObject:\n\tObject Server:\t\tSecurity\n\tObject Type:\t\tFile\n\tObject Name:\t\tC:\\Users\\Virtual Windows 10\\Dropbox\\test1.txt\n\tHandle ID:\t\t0x2220\n\tResource Attributes:\tS:AI\n\nProcess Information:\n\tProcess ID:\t\t0x16c8\n\tProcess Name:\t\tC:\\Program Files (x86)\\Dropbox\\Client\\Dropbox.exe\n\nAccess Request Information:\n\tAccesses:\t\tReadAttributes\n\t\t\t\t\n\tAccess Mask:\t\t0x80","objectServer":"Security","resourceAttributes":"S:AI","logonID":"0x1edf9"}
{"timestamp":"2018-08-27T15:31:34.332Z","objectType":"File","hasLogType":"wineventlog","upCode":"Info","accountDomain":"DESKTOP-MAC610T","processID":"0x16c8","objectName":"C:\\Users\\Virtual Windows 10\\Dropbox\\test1.txt","processName":"C:\\Program Files (x86)\\Dropbox\\Client\\Dropbox.exe","eventID":4663,"@type":"http://purl.org/sepses/vocab/log/wineventlog#WindowsEventLogEntry","logName":"Security","originatesFrom":{"@id":"http://example.org/sepses#ffcfb5ac-df68-4ef8-bbbb-f78c805c933f","hostName":{"name":"DESKTOP-MAC610T"},"@type":"rdf:nodeID"},"taskCategory":"File System","version":1,"accesses":"%%4423\n\t\t\t\t","keyword":["Audit Success"],"accountName":"Virtual Windows 10","@context":"http://sepses.ifs.tuwien.ac.at/contexts/wineventlog.jsonld","@id":"http://example.org/logEntry#logEntry-33e41f4d-3e69-4598-ba8f-7eb35f452fc4","@timestamp":"2018-08-27T15:31:34.332Z","handleID":"0x2220","accessMask":"0x80","computerName":"DESKTOP-MAC610T","source":"Microsoft-Windows-Security-Auditing","level":"Information","logMessage":"An attempt was made to access an object.\n\nSubject:\n\tSecurity ID:\t\tS-1-5-21-2889181789-4222170037-1347726928-1001\n\tAccount Name:\t\tVirtual Windows 10\n\tAccount Domain:\t\tDESKTOP-MAC610T\n\tLogon ID:\t\t0x1EDF9\n\nObject:\n\tObject Server:\t\tSecurity\n\tObject Type:\t\tFile\n\tObject Name:\t\tC:\\Users\\Virtual Windows 10\\Dropbox\\test1.txt\n\tHandle ID:\t\t0x2220\n\tResource Attributes:\tS:AI\n\nProcess Information:\n\tProcess ID:\t\t0x16c8\n\tProcess Name:\t\tC:\\Program Files (x86)\\Dropbox\\Client\\Dropbox.exe\n\nAccess Request Information:\n\tAccesses:\t\tReadAttributes\n\t\t\t\t\n\tAccess Mask:\t\t0x80","objectServer":"Security","resourceAttributes":"S:AI","logonID":"0x1edf9"}
{"timestamp":"2018-08-27T15:31:34.333Z","objectType":"File","hasLogType":"wineventlog","upCode":"Info","accountDomain":"DESKTOP-MAC610T","processID":"0x16c8","objectName":"C:\\Users\\Virtual Windows 10\\Dropbox\\test1.txt","processName":"C:\\Program Files (x86)\\Dropbox\\Client\\Dropbox.exe","eventID":4663,"@type":"http://purl.org/sepses/vocab/log/wineventlog#WindowsEventLogEntry","logName":"Security","originatesFrom":{"@id":"http://example.org/sepses#f071ce32-511e-4b49-937f-d23b8587565b","hostName":{"name":"DESKTOP-MAC610T"},"@type":"rdf:nodeID"},"taskCategory":"File System","version":1,"accesses":"%%4423\n\t\t\t\t","keyword":["Audit Success"],"accountName":"Virtual Windows 10","@context":"http://sepses.ifs.tuwien.ac.at/contexts/wineventlog.jsonld","@id":"http://example.org/logEntry#logEntry-36b2ad4b-d262-4d94-966b-8f3b7a2be726","@timestamp":"2018-08-27T15:31:34.333Z","handleID":"0x2220","accessMask":"0x80","computerName":"DESKTOP-MAC610T","source":"Microsoft-Windows-Security-Auditing","level":"Information","logMessage":"An attempt was made to access an object.\n\nSubject:\n\tSecurity ID:\t\tS-1-5-21-2889181789-4222170037-1347726928-1001\n\tAccount Name:\t\tVirtual Windows 10\n\tAccount Domain:\t\tDESKTOP-MAC610T\n\tLogon ID:\t\t0x1EDF9\n\nObject:\n\tObject Server:\t\tSecurity\n\tObject Type:\t\tFile\n\tObject Name:\t\tC:\\Users\\Virtual Windows 10\\Dropbox\\test1.txt\n\tHandle ID:\t\t0x2220\n\tResource Attributes:\tS:AI\n\nProcess Information:\n\tProcess ID:\t\t0x16c8\n\tProcess Name:\t\tC:\\Program Files (x86)\\Dropbox\\Client\\Dropbox.exe\n\nAccess Request Information:\n\tAccesses:\t\tReadAttributes\n\t\t\t\t\n\tAccess Mask:\t\t0x80","objectServer":"Security","resourceAttributes":"S:AI","logonID":"0x1edf9"}
{"timestamp":"2018-08-27T15:31:34.340Z","objectType":"File","hasLogType":"wineventlog","upCode":"Info","accountDomain":"DESKTOP-MAC610T","processID":"0x54","objectName":"C:\\Users\\Virtual Windows 10\\UserDocuments","processName":"C:\\Windows\\explorer.exe","eventID":4663,"@type":"http://purl.org/sepses/vocab/log/wineventlog#WindowsEventLogEntry","logName":"Security","originatesFrom":{"@id":"http://example.org/sepses#24b422ec-68b3-477c-9589-d502389cb026","hostName":{"name":"DESKTOP-MAC610T"},"@type":"rdf:nodeID"},"taskCategory":"File System","version":1,"accesses":"%%4423\n\t\t\t\t","keyword":["Audit Success"],"accountName":"Virtual Windows 10","@context":"http://sepses.ifs.tuwien.ac.at/contexts/wineventlog.jsonld","@id":"http://example.org/logEntry#logEntry-39180b8d-d51a-4903-8caa-924705709c97","@timestamp":"2018-08-27T15:31:34.340Z","handleID":"0x3a6c","accessMask":"0x80","computerName":"DESKTOP-MAC610T","source":"Microsoft-Windows-Security-Auditing","level":"Information","logMessage":"An attempt was made to access an object.\n\nSubject:\n\tSecurity ID:\t\tS-1-5-21-2889181789-4222170037-1347726928-1001\n\tAccount Name:\t\tVirtual Windows 10\n\tAccount Domain:\t\tDESKTOP-MAC610T\n\tLogon ID:\t\t0x1EDF9\n\nObject:\n\tObject Server:\t\tSecurity\n\tObject Type:\t\tFile\n\tObject Name:\t\tC:\\Users\\Virtual Windows 10\\UserDocuments\n\tHandle ID:\t\t0x3a6c\n\tResource Attributes:\tS:AI\n\nProcess Information:\n\tProcess ID:\t\t0x54\n\tProcess Name:\t\tC:\\Windows\\explorer.exe\n\nAccess Request Information:\n\tAccesses:\t\tReadAttributes\n\t\t\t\t\n\tAccess Mask:\t\t0x80","objectServer":"Security","resourceAttributes":"S:AI","logonID":"0x1edf9"}
{"timestamp":"2018-08-27T15:31:34.527Z","objectType":"File","hasLogType":"wineventlog","upCode":"Info","accountDomain":"DESKTOP-MAC610T","processID":"0x54","objectName":"C:\\Users\\Virtual Windows 10\\Dropbox","processName":"C:\\Windows\\explorer.exe","eventID":4663,"@type":"http://purl.org/sepses/vocab/log/wineventlog#WindowsEventLogEntry","logName":"Security","originatesFrom":{"@id":"http://example.org/sepses#88b9e759-00df-4d86-9ad0-0597b1027f60","hostName":{"name":"DESKTOP-MAC610T"},"@type":"rdf:nodeID"},"taskCategory":"File System","version":1,"accesses":"%%4423\n\t\t\t\t","keyword":["Audit Success"],"accountName":"Virtual Windows 10","@context":"http://sepses.ifs.tuwien.ac.at/contexts/wineventlog.jsonld","@id":"http://example.org/logEntry#logEntry-732102b5-86e8-4da6-bb70-a443d5c6cba0","@timestamp":"2018-08-27T15:31:34.527Z","handleID":"0x2c70","accessMask":"0x80","computerName":"DESKTOP-MAC610T","source":"Microsoft-Windows-Security-Auditing","level":"Information","logMessage":"An attempt was made to access an object.\n\nSubject:\n\tSecurity ID:\t\tS-1-5-21-2889181789-4222170037-1347726928-1001\n\tAccount Name:\t\tVirtual Windows 10\n\tAccount Domain:\t\tDESKTOP-MAC610T\n\tLogon ID:\t\t0x1EDF9\n\nObject:\n\tObject Server:\t\tSecurity\n\tObject Type:\t\tFile\n\tObject Name:\t\tC:\\Users\\Virtual Windows 10\\Dropbox\n\tHandle ID:\t\t0x2c70\n\tResource Attributes:\tS:AI\n\nProcess Information:\n\tProcess ID:\t\t0x54\n\tProcess Name:\t\tC:\\Windows\\explorer.exe\n\nAccess Request Information:\n\tAccesses:\t\tReadAttributes\n\t\t\t\t\n\tAccess Mask:\t\t0x80","objectServer":"Security","resourceAttributes":"S:AI","logonID":"0x1edf9"}
{"timestamp":"2018-08-27T15:31:34.528Z","objectType":"File","hasLogType":"wineventlog","upCode":"Info","accountDomain":"DESKTOP-MAC610T","processID":"0x54","objectName":"C:\\Users\\Virtual Windows 10\\Dropbox","processName":"C:\\Windows\\explorer.exe","eventID":4663,"@type":"http://purl.org/sepses/vocab/log/wineventlog#WindowsEventLogEntry","logName":"Security","originatesFrom":{"@id":"http://example.org/sepses#4c4d1c8d-c2bc-4cc9-9da2-fc59944bc2fc","hostName":{"name":"DESKTOP-MAC610T"},"@type":"rdf:nodeID"},"taskCategory":"File System","version":1,"accesses":"%%4423\n\t\t\t\t","keyword":["Audit Success"],"accountName":"Virtual Windows 10","@context":"http://sepses.ifs.tuwien.ac.at/contexts/wineventlog.jsonld","@id":"http://example.org/logEntry#logEntry-e03e9ae0-46ca-4ddc-a571-93fbf561d575","@timestamp":"2018-08-27T15:31:34.528Z","handleID":"0x2c70","accessMask":"0x80","computerName":"DESKTOP-MAC610T","source":"Microsoft-Windows-Security-Auditing","level":"Information","logMessage":"An attempt was made to access an object.\n\nSubject:\n\tSecurity ID:\t\tS-1-5-21-2889181789-4222170037-1347726928-1001\n\tAccount Name:\t\tVirtual Windows 10\n\tAccount Domain:\t\tDESKTOP-MAC610T\n\tLogon ID:\t\t0x1EDF9\n\nObject:\n\tObject Server:\t\tSecurity\n\tObject Type:\t\tFile\n\tObject Name:\t\tC:\\Users\\Virtual Windows 10\\Dropbox\n\tHandle ID:\t\t0x2c70\n\tResource Attributes:\tS:AI\n\nProcess Information:\n\tProcess ID:\t\t0x54\n\tProcess Name:\t\tC:\\Windows\\explorer.exe\n\nAccess Request Information:\n\tAccesses:\t\tReadAttributes\n\t\t\t\t\n\tAccess Mask:\t\t0x80","objectServer":"Security","resourceAttributes":"S:AI","logonID":"0x1edf9"}
{"timestamp":"2018-08-27T15:31:34.631Z","objectType":"File","hasLogType":"wineventlog","upCode":"Info","accountDomain":"DESKTOP-MAC610T","processID":"0x16c8","objectName":"C:\\Users\\Virtual Windows 10\\Dropbox\\desktop.ini","processName":"C:\\Program Files (x86)\\Dropbox\\Client\\Dropbox.exe","eventID":4663,"@type":"http://purl.org/sepses/vocab/log/wineventlog#WindowsEventLogEntry","logName":"Security","originatesFrom":{"@id":"http://example.org/sepses#d8cae139-e140-4c91-8782-afb82a88a561","hostName":{"name":"DESKTOP-MAC610T"},"@type":"rdf:nodeID"},"taskCategory":"File System","version":1,"accesses":"%%4423\n\t\t\t\t","keyword":["Audit Success"],"accountName":"Virtual Windows 10","@context":"http://sepses.ifs.tuwien.ac.at/contexts/wineventlog.jsonld","@id":"http://example.org/logEntry#logEntry-70d88c34-89b4-4078-8d11-7bfe180c235d","@timestamp":"2018-08-27T15:31:34.631Z","handleID":"0x2108","accessMask":"0x80","computerName":"DESKTOP-MAC610T","source":"Microsoft-Windows-Security-Auditing","level":"Information","logMessage":"An attempt was made to access an object.\n\nSubject:\n\tSecurity ID:\t\tS-1-5-21-2889181789-4222170037-1347726928-1001\n\tAccount Name:\t\tVirtual Windows 10\n\tAccount Domain:\t\tDESKTOP-MAC610T\n\tLogon ID:\t\t0x1EDF9\n\nObject:\n\tObject Server:\t\tSecurity\n\tObject Type:\t\tFile\n\tObject Name:\t\tC:\\Users\\Virtual Windows 10\\Dropbox\\desktop.ini\n\tHandle ID:\t\t0x2108\n\tResource Attributes:\tS:AI\n\nProcess Information:\n\tProcess ID:\t\t0x16c8\n\tProcess Name:\t\tC:\\Program Files (x86)\\Dropbox\\Client\\Dropbox.exe\n\nAccess Request Information:\n\tAccesses:\t\tReadAttributes\n\t\t\t\t\n\tAccess Mask:\t\t0x80","objectServer":"Security","resourceAttributes":"S:AI","logonID":"0x1edf9"}
{"timestamp":"2018-08-27T15:31:34.659Z","objectType":"File","hasLogType":"wineventlog","upCode":"Info","accountDomain":"DESKTOP-MAC610T","processID":"0x54","objectName":"C:\\Users\\Virtual Windows 10\\Dropbox","processName":"C:\\Windows\\explorer.exe","eventID":4663,"@type":"http://purl.org/sepses/vocab/log/wineventlog#WindowsEventLogEntry","logName":"Security","originatesFrom":{"@id":"http://example.org/sepses#1f266580-fca0-4673-8a1d-dad355cd5150","hostName":{"name":"DESKTOP-MAC610T"},"@type":"rdf:nodeID"},"taskCategory":"File System","version":1,"accesses":"%%4423\n\t\t\t\t","keyword":["Audit Success"],"accountName":"Virtual Windows 10","@context":"http://sepses.ifs.tuwien.ac.at/contexts/wineventlog.jsonld","@id":"http://example.org/logEntry#logEntry-be9ee3cf-bb2f-44ac-a73a-4215c4379ba0","@timestamp":"2018-08-27T15:31:34.659Z","handleID":"0x34cc","accessMask":"0x80","computerName":"DESKTOP-MAC610T","source":"Microsoft-Windows-Security-Auditing","level":"Information","logMessage":"An attempt was made to access an object.\n\nSubject:\n\tSecurity ID:\t\tS-1-5-21-2889181789-4222170037-1347726928-1001\n\tAccount Name:\t\tVirtual Windows 10\n\tAccount Domain:\t\tDESKTOP-MAC610T\n\tLogon ID:\t\t0x1EDF9\n\nObject:\n\tObject Server:\t\tSecurity\n\tObject Type:\t\tFile\n\tObject Name:\t\tC:\\Users\\Virtual Windows 10\\Dropbox\n\tHandle ID:\t\t0x34cc\n\tResource Attributes:\tS:AI\n\nProcess Information:\n\tProcess ID:\t\t0x54\n\tProcess Name:\t\tC:\\Windows\\explorer.exe\n\nAccess Request Information:\n\tAccesses:\t\tReadAttributes\n\t\t\t\t\n\tAccess Mask:\t\t0x80","objectServer":"Security","resourceAttributes":"S:AI","logonID":"0x1edf9"}
{"timestamp":"2018-08-27T15:31:34.660Z","objectType":"File","hasLogType":"wineventlog","upCode":"Info","accountDomain":"DESKTOP-MAC610T","processID":"0x54","objectName":"C:\\Users\\Virtual Windows 10\\Dropbox","processName":"C:\\Windows\\explorer.exe","eventID":4663,"@type":"http://purl.org/sepses/vocab/log/wineventlog#WindowsEventLogEntry","logName":"Security","originatesFrom":{"@id":"http://example.org/sepses#286bfd62-75eb-4576-9d54-fca1bc8b8e52","hostName":{"name":"DESKTOP-MAC610T"},"@type":"rdf:nodeID"},"taskCategory":"File System","version":1,"accesses":"%%4423\n\t\t\t\t","keyword":["Audit Success"],"accountName":"Virtual Windows 10","@context":"http://sepses.ifs.tuwien.ac.at/contexts/wineventlog.jsonld","@id":"http://example.org/logEntry#logEntry-1d0954fe-5426-45d9-b0ac-d5dd97547319","@timestamp":"2018-08-27T15:31:34.660Z","handleID":"0x34cc","accessMask":"0x80","computerName":"DESKTOP-MAC610T","source":"Microsoft-Windows-Security-Auditing","level":"Information","logMessage":"An attempt was made to access an object.\n\nSubject:\n\tSecurity ID:\t\tS-1-5-21-2889181789-4222170037-1347726928-1001\n\tAccount Name:\t\tVirtual Windows 10\n\tAccount Domain:\t\tDESKTOP-MAC610T\n\tLogon ID:\t\t0x1EDF9\n\nObject:\n\tObject Server:\t\tSecurity\n\tObject Type:\t\tFile\n\tObject Name:\t\tC:\\Users\\Virtual Windows 10\\Dropbox\n\tHandle ID:\t\t0x34cc\n\tResource Attributes:\tS:AI\n\nProcess Information:\n\tProcess ID:\t\t0x54\n\tProcess Name:\t\tC:\\Windows\\explorer.exe\n\nAccess Request Information:\n\tAccesses:\t\tReadAttributes\n\t\t\t\t\n\tAccess Mask:\t\t0x80","objectServer":"Security","resourceAttributes":"S:AI","logonID":"0x1edf9"}
{"timestamp":"2018-08-27T15:31:34.665Z","objectType":"File","hasLogType":"wineventlog","upCode":"Info","accountDomain":"DESKTOP-MAC610T","processID":"0x54","objectName":"C:\\Users\\Virtual Windows 10\\Dropbox","processName":"C:\\Windows\\explorer.exe","eventID":4663,"@type":"http://purl.org/sepses/vocab/log/wineventlog#WindowsEventLogEntry","logName":"Security","originatesFrom":{"@id":"http://example.org/sepses#b57eaa19-165e-4d1a-adac-3c445773c216","hostName":{"name":"DESKTOP-MAC610T"},"@type":"rdf:nodeID"},"taskCategory":"File System","version":1,"accesses":"%%4423\n\t\t\t\t","keyword":["Audit Success"],"accountName":"Virtual Windows 10","@context":"http://sepses.ifs.tuwien.ac.at/contexts/wineventlog.jsonld","@id":"http://example.org/logEntry#logEntry-607eee77-2318-440a-80f5-6edf4717a1f3","@timestamp":"2018-08-27T15:31:34.665Z","handleID":"0x2654","accessMask":"0x80","computerName":"DESKTOP-MAC610T","source":"Microsoft-Windows-Security-Auditing","level":"Information","logMessage":"An attempt was made to access an object.\n\nSubject:\n\tSecurity ID:\t\tS-1-5-21-2889181789-4222170037-1347726928-1001\n\tAccount Name:\t\tVirtual Windows 10\n\tAccount Domain:\t\tDESKTOP-MAC610T\n\tLogon ID:\t\t0x1EDF9\n\nObject:\n\tObject Server:\t\tSecurity\n\tObject Type:\t\tFile\n\tObject Name:\t\tC:\\Users\\Virtual Windows 10\\Dropbox\n\tHandle ID:\t\t0x2654\n\tResource Attributes:\tS:AI\n\nProcess Information:\n\tProcess ID:\t\t0x54\n\tProcess Name:\t\tC:\\Windows\\explorer.exe\n\nAccess Request Information:\n\tAccesses:\t\tReadAttributes\n\t\t\t\t\n\tAccess Mask:\t\t0x80","objectServer":"Security","resourceAttributes":"S:AI","logonID":"0x1edf9"}
{"timestamp":"2018-08-27T15:31:34.840Z","objectType":"File","hasLogType":"wineventlog","upCode":"Info","accountDomain":"DESKTOP-MAC610T","processID":"0x16c8","objectName":"C:\\Users\\Virtual Windows 10\\Dropbox\\test1.txt:com.dropbox.attributes","processName":"C:\\Program Files (x86)\\Dropbox\\Client\\Dropbox.exe","eventID":4663,"@type":"http://purl.org/sepses/vocab/log/wineventlog#WindowsEventLogEntry","logName":"Security","originatesFrom":{"@id":"http://example.org/sepses#c9e5e15a-0acd-4973-8622-666b5f5a5aeb","hostName":{"name":"DESKTOP-MAC610T"},"@type":"rdf:nodeID"},"taskCategory":"File System","version":1,"accesses":"%%4417\n\t\t\t\t","keyword":["Audit Success"],"accountName":"Virtual Windows 10","@context":"http://sepses.ifs.tuwien.ac.at/contexts/wineventlog.jsonld","@id":"http://example.org/logEntry#logEntry-3a5070c3-4f31-45ed-a06d-60b98c454975","@timestamp":"2018-08-27T15:31:34.840Z","handleID":"0x21c4","accessMask":"0x2","computerName":"DESKTOP-MAC610T","source":"Microsoft-Windows-Security-Auditing","level":"Information","logMessage":"An attempt was made to access an object.\n\nSubject:\n\tSecurity ID:\t\tS-1-5-21-2889181789-4222170037-1347726928-1001\n\tAccount Name:\t\tVirtual Windows 10\n\tAccount Domain:\t\tDESKTOP-MAC610T\n\tLogon ID:\t\t0x1EDF9\n\nObject:\n\tObject Server:\t\tSecurity\n\tObject Type:\t\tFile\n\tObject Name:\t\tC:\\Users\\Virtual Windows 10\\Dropbox\\test1.txt:com.dropbox.attributes\n\tHandle ID:\t\t0x21c4\n\tResource Attributes:\tS:AI\n\nProcess Information:\n\tProcess ID:\t\t0x16c8\n\tProcess Name:\t\tC:\\Program Files (x86)\\Dropbox\\Client\\Dropbox.exe\n\nAccess Request Information:\n\tAccesses:\t\tWriteData (or AddFile)\n\t\t\t\t\n\tAccess Mask:\t\t0x2","objectServer":"Security","resourceAttributes":"S:AI","logonID":"0x1edf9"}
{"timestamp":"2018-08-27T15:31:35.082Z","objectType":"File","hasLogType":"wineventlog","upCode":"Info","accountDomain":"DESKTOP-MAC610T","processID":"0x54","objectName":"C:\\Users\\Virtual Windows 10\\Dropbox","processName":"C:\\Windows\\explorer.exe","eventID":4663,"@type":"http://purl.org/sepses/vocab/log/wineventlog#WindowsEventLogEntry","logName":"Security","originatesFrom":{"@id":"http://example.org/sepses#084f7fbc-6458-4b3c-8727-2df0be6de9af","hostName":{"name":"DESKTOP-MAC610T"},"@type":"rdf:nodeID"},"taskCategory":"File System","version":1,"accesses":"%%4423\n\t\t\t\t","keyword":["Audit Success"],"accountName":"Virtual Windows 10","@context":"http://sepses.ifs.tuwien.ac.at/contexts/wineventlog.jsonld","@id":"http://example.org/logEntry#logEntry-bbbb9d66-03e7-4948-911e-2831e3d91196","@timestamp":"2018-08-27T15:31:35.082Z","handleID":"0x3440","accessMask":"0x80","computerName":"DESKTOP-MAC610T","source":"Microsoft-Windows-Security-Auditing","level":"Information","logMessage":"An attempt was made to access an object.\n\nSubject:\n\tSecurity ID:\t\tS-1-5-21-2889181789-4222170037-1347726928-1001\n\tAccount Name:\t\tVirtual Windows 10\n\tAccount Domain:\t\tDESKTOP-MAC610T\n\tLogon ID:\t\t0x1EDF9\n\nObject:\n\tObject Server:\t\tSecurity\n\tObject Type:\t\tFile\n\tObject Name:\t\tC:\\Users\\Virtual Windows 10\\Dropbox\n\tHandle ID:\t\t0x3440\n\tResource Attributes:\tS:AI\n\nProcess Information:\n\tProcess ID:\t\t0x54\n\tProcess Name:\t\tC:\\Windows\\explorer.exe\n\nAccess Request Information:\n\tAccesses:\t\tReadAttributes\n\t\t\t\t\n\tAccess Mask:\t\t0x80","objectServer":"Security","resourceAttributes":"S:AI","logonID":"0x1edf9"}
{"timestamp":"2018-08-27T15:31:35.088Z","objectType":"File","hasLogType":"wineventlog","upCode":"Info","accountDomain":"DESKTOP-MAC610T","processID":"0x54","objectName":"C:\\Users\\Virtual Windows 10\\Dropbox","processName":"C:\\Windows\\explorer.exe","eventID":4663,"@type":"http://purl.org/sepses/vocab/log/wineventlog#WindowsEventLogEntry","logName":"Security","originatesFrom":{"@id":"http://example.org/sepses#a26ce55a-0587-491f-ba4c-f58d0132a082","hostName":{"name":"DESKTOP-MAC610T"},"@type":"rdf:nodeID"},"taskCategory":"File System","version":1,"accesses":"%%4423\n\t\t\t\t","keyword":["Audit Success"],"accountName":"Virtual Windows 10","@context":"http://sepses.ifs.tuwien.ac.at/contexts/wineventlog.jsonld","@id":"http://example.org/logEntry#logEntry-9326f699-4821-461a-afc5-a012e7926f55","@timestamp":"2018-08-27T15:31:35.088Z","handleID":"0x25c0","accessMask":"0x80","computerName":"DESKTOP-MAC610T","source":"Microsoft-Windows-Security-Auditing","level":"Information","logMessage":"An attempt was made to access an object.\n\nSubject:\n\tSecurity ID:\t\tS-1-5-21-2889181789-4222170037-1347726928-1001\n\tAccount Name:\t\tVirtual Windows 10\n\tAccount Domain:\t\tDESKTOP-MAC610T\n\tLogon ID:\t\t0x1EDF9\n\nObject:\n\tObject Server:\t\tSecurity\n\tObject Type:\t\tFile\n\tObject Name:\t\tC:\\Users\\Virtual Windows 10\\Dropbox\n\tHandle ID:\t\t0x25c0\n\tResource Attributes:\tS:AI\n\nProcess Information:\n\tProcess ID:\t\t0x54\n\tProcess Name:\t\tC:\\Windows\\explorer.exe\n\nAccess Request Information:\n\tAccesses:\t\tReadAttributes\n\t\t\t\t\n\tAccess Mask:\t\t0x80","objectServer":"Security","resourceAttributes":"S:AI","logonID":"0x1edf9"}
{"timestamp":"2018-08-27T15:31:35.227Z","objectType":"File","hasLogType":"wineventlog","upCode":"Info","accountDomain":"DESKTOP-MAC610T","processID":"0x16c8","objectName":"C:\\Users\\Virtual Windows 10\\Dropbox\\test1.txt","processName":"C:\\Program Files (x86)\\Dropbox\\Client\\Dropbox.exe","eventID":4663,"@type":"http://purl.org/sepses/vocab/log/wineventlog#WindowsEventLogEntry","logName":"Security","originatesFrom":{"@id":"http://example.org/sepses#b362152d-2aa0-4024-a687-3ae60e5c4b7f","hostName":{"name":"DESKTOP-MAC610T"},"@type":"rdf:nodeID"},"taskCategory":"File System","version":1,"accesses":"%%4423\n\t\t\t\t","keyword":["Audit Success"],"accountName":"Virtual Windows 10","@context":"http://sepses.ifs.tuwien.ac.at/contexts/wineventlog.jsonld","@id":"http://example.org/logEntry#logEntry-8917112d-d1e9-489d-b2cf-17735c372053","@timestamp":"2018-08-27T15:31:35.227Z","handleID":"0x21c4","accessMask":"0x80","computerName":"DESKTOP-MAC610T","source":"Microsoft-Windows-Security-Auditing","level":"Information","logMessage":"An attempt was made to access an object.\n\nSubject:\n\tSecurity ID:\t\tS-1-5-21-2889181789-4222170037-1347726928-1001\n\tAccount Name:\t\tVirtual Windows 10\n\tAccount Domain:\t\tDESKTOP-MAC610T\n\tLogon ID:\t\t0x1EDF9\n\nObject:\n\tObject Server:\t\tSecurity\n\tObject Type:\t\tFile\n\tObject Name:\t\tC:\\Users\\Virtual Windows 10\\Dropbox\\test1.txt\n\tHandle ID:\t\t0x21c4\n\tResource Attributes:\tS:AI\n\nProcess Information:\n\tProcess ID:\t\t0x16c8\n\tProcess Name:\t\tC:\\Program Files (x86)\\Dropbox\\Client\\Dropbox.exe\n\nAccess Request Information:\n\tAccesses:\t\tReadAttributes\n\t\t\t\t\n\tAccess Mask:\t\t0x80","objectServer":"Security","resourceAttributes":"S:AI","logonID":"0x1edf9"}
{"timestamp":"2018-08-27T15:31:35.228Z","objectType":"File","hasLogType":"wineventlog","upCode":"Info","accountDomain":"DESKTOP-MAC610T","processID":"0x16c8","objectName":"C:\\Users\\Virtual Windows 10\\Dropbox\\test1.txt","processName":"C:\\Program Files (x86)\\Dropbox\\Client\\Dropbox.exe","eventID":4663,"@type":"http://purl.org/sepses/vocab/log/wineventlog#WindowsEventLogEntry","logName":"Security","originatesFrom":{"@id":"http://example.org/sepses#84d2fd30-00e2-4bd0-80ed-f091006d21cc","hostName":{"name":"DESKTOP-MAC610T"},"@type":"rdf:nodeID"},"taskCategory":"File System","version":1,"accesses":"%%4423\n\t\t\t\t","keyword":["Audit Success"],"accountName":"Virtual Windows 10","@context":"http://sepses.ifs.tuwien.ac.at/contexts/wineventlog.jsonld","@id":"http://example.org/logEntry#logEntry-deab5be8-ef5f-4d72-848b-e06773f02806","@timestamp":"2018-08-27T15:31:35.228Z","handleID":"0x21c4","accessMask":"0x80","computerName":"DESKTOP-MAC610T","source":"Microsoft-Windows-Security-Auditing","level":"Information","logMessage":"An attempt was made to access an object.\n\nSubject:\n\tSecurity ID:\t\tS-1-5-21-2889181789-4222170037-1347726928-1001\n\tAccount Name:\t\tVirtual Windows 10\n\tAccount Domain:\t\tDESKTOP-MAC610T\n\tLogon ID:\t\t0x1EDF9\n\nObject:\n\tObject Server:\t\tSecurity\n\tObject Type:\t\tFile\n\tObject Name:\t\tC:\\Users\\Virtual Windows 10\\Dropbox\\test1.txt\n\tHandle ID:\t\t0x21c4\n\tResource Attributes:\tS:AI\n\nProcess Information:\n\tProcess ID:\t\t0x16c8\n\tProcess Name:\t\tC:\\Program Files (x86)\\Dropbox\\Client\\Dropbox.exe\n\nAccess Request Information:\n\tAccesses:\t\tReadAttributes\n\t\t\t\t\n\tAccess Mask:\t\t0x80","objectServer":"Security","resourceAttributes":"S:AI","logonID":"0x1edf9"}
{"timestamp":"2018-08-27T15:31:35.249Z","objectType":"File","hasLogType":"wineventlog","upCode":"Info","accountDomain":"DESKTOP-MAC610T","processID":"0x16c8","objectName":"C:\\Users\\Virtual Windows 10\\Dropbox\\test1.txt","processName":"C:\\Program Files (x86)\\Dropbox\\Client\\Dropbox.exe","eventID":4663,"@type":"http://purl.org/sepses/vocab/log/wineventlog#WindowsEventLogEntry","logName":"Security","originatesFrom":{"@id":"http://example.org/sepses#2127e416-a832-4ac9-be4f-7d0461b24c6b","hostName":{"name":"DESKTOP-MAC610T"},"@type":"rdf:nodeID"},"taskCategory":"File System","version":1,"accesses":"%%4423\n\t\t\t\t","keyword":["Audit Success"],"accountName":"Virtual Windows 10","@context":"http://sepses.ifs.tuwien.ac.at/contexts/wineventlog.jsonld","@id":"http://example.org/logEntry#logEntry-bee0c65e-55bb-4deb-a67e-e36cf3f767f5","@timestamp":"2018-08-27T15:31:35.249Z","handleID":"0x2254","accessMask":"0x80","computerName":"DESKTOP-MAC610T","source":"Microsoft-Windows-Security-Auditing","level":"Information","logMessage":"An attempt was made to access an object.\n\nSubject:\n\tSecurity ID:\t\tS-1-5-21-2889181789-4222170037-1347726928-1001\n\tAccount Name:\t\tVirtual Windows 10\n\tAccount Domain:\t\tDESKTOP-MAC610T\n\tLogon ID:\t\t0x1EDF9\n\nObject:\n\tObject Server:\t\tSecurity\n\tObject Type:\t\tFile\n\tObject Name:\t\tC:\\Users\\Virtual Windows 10\\Dropbox\\test1.txt\n\tHandle ID:\t\t0x2254\n\tResource Attributes:\tS:AI\n\nProcess Information:\n\tProcess ID:\t\t0x16c8\n\tProcess Name:\t\tC:\\Program Files (x86)\\Dropbox\\Client\\Dropbox.exe\n\nAccess Request Information:\n\tAccesses:\t\tReadAttributes\n\t\t\t\t\n\tAccess Mask:\t\t0x80","objectServer":"Security","resourceAttributes":"S:AI","logonID":"0x1edf9"}
{"timestamp":"2018-08-27T15:31:35.250Z","objectType":"File","hasLogType":"wineventlog","upCode":"Info","accountDomain":"DESKTOP-MAC610T","processID":"0x16c8","objectName":"C:\\Users\\Virtual Windows 10\\Dropbox\\test1.txt","processName":"C:\\Program Files (x86)\\Dropbox\\Client\\Dropbox.exe","eventID":4663,"@type":"http://purl.org/sepses/vocab/log/wineventlog#WindowsEventLogEntry","logName":"Security","originatesFrom":{"@id":"http://example.org/sepses#d4ae56ea-30dd-41ee-a967-03fd742de1aa","hostName":{"name":"DESKTOP-MAC610T"},"@type":"rdf:nodeID"},"taskCategory":"File System","version":1,"accesses":"%%4423\n\t\t\t\t","keyword":["Audit Success"],"accountName":"Virtual Windows 10","@context":"http://sepses.ifs.tuwien.ac.at/contexts/wineventlog.jsonld","@id":"http://example.org/logEntry#logEntry-b2f857d8-3fe1-48f3-8045-a593dc437f8a","@timestamp":"2018-08-27T15:31:35.250Z","handleID":"0x2254","accessMask":"0x80","computerName":"DESKTOP-MAC610T","source":"Microsoft-Windows-Security-Auditing","level":"Information","logMessage":"An attempt was made to access an object.\n\nSubject:\n\tSecurity ID:\t\tS-1-5-21-2889181789-4222170037-1347726928-1001\n\tAccount Name:\t\tVirtual Windows 10\n\tAccount Domain:\t\tDESKTOP-MAC610T\n\tLogon ID:\t\t0x1EDF9\n\nObject:\n\tObject Server:\t\tSecurity\n\tObject Type:\t\tFile\n\tObject Name:\t\tC:\\Users\\Virtual Windows 10\\Dropbox\\test1.txt\n\tHandle ID:\t\t0x2254\n\tResource Attributes:\tS:AI\n\nProcess Information:\n\tProcess ID:\t\t0x16c8\n\tProcess Name:\t\tC:\\Program Files (x86)\\Dropbox\\Client\\Dropbox.exe\n\nAccess Request Information:\n\tAccesses:\t\tReadAttributes\n\t\t\t\t\n\tAccess Mask:\t\t0x80","objectServer":"Security","resourceAttributes":"S:AI","logonID":"0x1edf9"}
{"timestamp":"2018-08-27T15:31:35.253Z","objectType":"File","hasLogType":"wineventlog","upCode":"Info","accountDomain":"DESKTOP-MAC610T","processID":"0x16c8","objectName":"C:\\Users\\Virtual Windows 10\\Dropbox","processName":"C:\\Program Files (x86)\\Dropbox\\Client\\Dropbox.exe","eventID":4663,"@type":"http://purl.org/sepses/vocab/log/wineventlog#WindowsEventLogEntry","logName":"Security","originatesFrom":{"@id":"http://example.org/sepses#9706feba-765e-4bfc-af94-e6ac69423c3c","hostName":{"name":"DESKTOP-MAC610T"},"@type":"rdf:nodeID"},"taskCategory":"File System","version":1,"accesses":"%%4423\n\t\t\t\t","keyword":["Audit Success"],"accountName":"Virtual Windows 10","@context":"http://sepses.ifs.tuwien.ac.at/contexts/wineventlog.jsonld","@id":"http://example.org/logEntry#logEntry-2f5ca225-5522-475d-8af1-df1bb94dc448","@timestamp":"2018-08-27T15:31:35.253Z","handleID":"0x2254","accessMask":"0x80","computerName":"DESKTOP-MAC610T","source":"Microsoft-Windows-Security-Auditing","level":"Information","logMessage":"An attempt was made to access an object.\n\nSubject:\n\tSecurity ID:\t\tS-1-5-21-2889181789-4222170037-1347726928-1001\n\tAccount Name:\t\tVirtual Windows 10\n\tAccount Domain:\t\tDESKTOP-MAC610T\n\tLogon ID:\t\t0x1EDF9\n\nObject:\n\tObject Server:\t\tSecurity\n\tObject Type:\t\tFile\n\tObject Name:\t\tC:\\Users\\Virtual Windows 10\\Dropbox\n\tHandle ID:\t\t0x2254\n\tResource Attributes:\tS:AI\n\nProcess Information:\n\tProcess ID:\t\t0x16c8\n\tProcess Name:\t\tC:\\Program Files (x86)\\Dropbox\\Client\\Dropbox.exe\n\nAccess Request Information:\n\tAccesses:\t\tReadAttributes\n\t\t\t\t\n\tAccess Mask:\t\t0x80","objectServer":"Security","resourceAttributes":"S:AI","logonID":"0x1edf9"}
{"timestamp":"2018-08-27T15:31:35.254Z","objectType":"File","hasLogType":"wineventlog","upCode":"Info","accountDomain":"DESKTOP-MAC610T","processID":"0x16c8","objectName":"C:\\Users\\Virtual Windows 10\\Dropbox","processName":"C:\\Program Files (x86)\\Dropbox\\Client\\Dropbox.exe","eventID":4663,"@type":"http://purl.org/sepses/vocab/log/wineventlog#WindowsEventLogEntry","logName":"Security","originatesFrom":{"@id":"http://example.org/sepses#96354e51-31ee-4396-9a16-9ae40f2078bf","hostName":{"name":"DESKTOP-MAC610T"},"@type":"rdf:nodeID"},"taskCategory":"File System","version":1,"accesses":"%%4423\n\t\t\t\t","keyword":["Audit Success"],"accountName":"Virtual Windows 10","@context":"http://sepses.ifs.tuwien.ac.at/contexts/wineventlog.jsonld","@id":"http://example.org/logEntry#logEntry-27d79290-687e-4d32-b17f-cfb19bc07544","@timestamp":"2018-08-27T15:31:35.254Z","handleID":"0x2254","accessMask":"0x80","computerName":"DESKTOP-MAC610T","source":"Microsoft-Windows-Security-Auditing","level":"Information","logMessage":"An attempt was made to access an object.\n\nSubject:\n\tSecurity ID:\t\tS-1-5-21-2889181789-4222170037-1347726928-1001\n\tAccount Name:\t\tVirtual Windows 10\n\tAccount Domain:\t\tDESKTOP-MAC610T\n\tLogon ID:\t\t0x1EDF9\n\nObject:\n\tObject Server:\t\tSecurity\n\tObject Type:\t\tFile\n\tObject Name:\t\tC:\\Users\\Virtual Windows 10\\Dropbox\n\tHandle ID:\t\t0x2254\n\tResource Attributes:\tS:AI\n\nProcess Information:\n\tProcess ID:\t\t0x16c8\n\tProcess Name:\t\tC:\\Program Files (x86)\\Dropbox\\Client\\Dropbox.exe\n\nAccess Request Information:\n\tAccesses:\t\tReadAttributes\n\t\t\t\t\n\tAccess Mask:\t\t0x80","objectServer":"Security","resourceAttributes":"S:AI","logonID":"0x1edf9"}
{"timestamp":"2018-08-27T15:31:35.259Z","objectType":"File","hasLogType":"wineventlog","upCode":"Info","accountDomain":"DESKTOP-MAC610T","processID":"0x16c8","objectName":"C:\\Users\\Virtual Windows 10\\Dropbox\\test1.txt","processName":"C:\\Program Files (x86)\\Dropbox\\Client\\Dropbox.exe","eventID":4663,"@type":"http://purl.org/sepses/vocab/log/wineventlog#WindowsEventLogEntry","logName":"Security","originatesFrom":{"@id":"http://example.org/sepses#a1ecee6f-1bbf-4051-a139-ab806d1cc7ef","hostName":{"name":"DESKTOP-MAC610T"},"@type":"rdf:nodeID"},"taskCategory":"File System","version":1,"accesses":"%%4423\n\t\t\t\t","keyword":["Audit Success"],"accountName":"Virtual Windows 10","@context":"http://sepses.ifs.tuwien.ac.at/contexts/wineventlog.jsonld","@id":"http://example.org/logEntry#logEntry-a011db48-7bd2-4209-9a0d-5d0ddd649237","@timestamp":"2018-08-27T15:31:35.259Z","handleID":"0x2254","accessMask":"0x80","computerName":"DESKTOP-MAC610T","source":"Microsoft-Windows-Security-Auditing","level":"Information","logMessage":"An attempt was made to access an object.\n\nSubject:\n\tSecurity ID:\t\tS-1-5-21-2889181789-4222170037-1347726928-1001\n\tAccount Name:\t\tVirtual Windows 10\n\tAccount Domain:\t\tDESKTOP-MAC610T\n\tLogon ID:\t\t0x1EDF9\n\nObject:\n\tObject Server:\t\tSecurity\n\tObject Type:\t\tFile\n\tObject Name:\t\tC:\\Users\\Virtual Windows 10\\Dropbox\\test1.txt\n\tHandle ID:\t\t0x2254\n\tResource Attributes:\tS:AI\n\nProcess Information:\n\tProcess ID:\t\t0x16c8\n\tProcess Name:\t\tC:\\Program Files (x86)\\Dropbox\\Client\\Dropbox.exe\n\nAccess Request Information:\n\tAccesses:\t\tReadAttributes\n\t\t\t\t\n\tAccess Mask:\t\t0x80","objectServer":"Security","resourceAttributes":"S:AI","logonID":"0x1edf9"}
{"timestamp":"2018-08-27T15:31:35.260Z","objectType":"File","hasLogType":"wineventlog","upCode":"Info","accountDomain":"DESKTOP-MAC610T","processID":"0x16c8","objectName":"C:\\Users\\Virtual Windows 10\\Dropbox\\test1.txt","processName":"C:\\Program Files (x86)\\Dropbox\\Client\\Dropbox.exe","eventID":4663,"@type":"http://purl.org/sepses/vocab/log/wineventlog#WindowsEventLogEntry","logName":"Security","originatesFrom":{"@id":"http://example.org/sepses#4dc595b8-649d-4f13-9e86-1a70dbee83fc","hostName":{"name":"DESKTOP-MAC610T"},"@type":"rdf:nodeID"},"taskCategory":"File System","version":1,"accesses":"%%4423\n\t\t\t\t","keyword":["Audit Success"],"accountName":"Virtual Windows 10","@context":"http://sepses.ifs.tuwien.ac.at/contexts/wineventlog.jsonld","@id":"http://example.org/logEntry#logEntry-3c4a3f66-6369-4600-9472-c36c97b0caaf","@timestamp":"2018-08-27T15:31:35.260Z","handleID":"0x2254","accessMask":"0x80","computerName":"DESKTOP-MAC610T","source":"Microsoft-Windows-Security-Auditing","level":"Information","logMessage":"An attempt was made to access an object.\n\nSubject:\n\tSecurity ID:\t\tS-1-5-21-2889181789-4222170037-1347726928-1001\n\tAccount Name:\t\tVirtual Windows 10\n\tAccount Domain:\t\tDESKTOP-MAC610T\n\tLogon ID:\t\t0x1EDF9\n\nObject:\n\tObject Server:\t\tSecurity\n\tObject Type:\t\tFile\n\tObject Name:\t\tC:\\Users\\Virtual Windows 10\\Dropbox\\test1.txt\n\tHandle ID:\t\t0x2254\n\tResource Attributes:\tS:AI\n\nProcess Information:\n\tProcess ID:\t\t0x16c8\n\tProcess Name:\t\tC:\\Program Files (x86)\\Dropbox\\Client\\Dropbox.exe\n\nAccess Request Information:\n\tAccesses:\t\tReadAttributes\n\t\t\t\t\n\tAccess Mask:\t\t0x80","objectServer":"Security","resourceAttributes":"S:AI","logonID":"0x1edf9"}
{"timestamp":"2018-08-27T15:31:35.338Z","objectType":"File","hasLogType":"wineventlog","upCode":"Info","accountDomain":"DESKTOP-MAC610T","processID":"0x16c8","objectName":"C:\\Users\\Virtual Windows 10\\Dropbox\\test1.txt","processName":"C:\\Program Files (x86)\\Dropbox\\Client\\Dropbox.exe","eventID":4663,"@type":"http://purl.org/sepses/vocab/log/wineventlog#WindowsEventLogEntry","logName":"Security","originatesFrom":{"@id":"http://example.org/sepses#451ba8d7-ca8b-492a-9865-1232f6519411","hostName":{"name":"DESKTOP-MAC610T"},"@type":"rdf:nodeID"},"taskCategory":"File System","version":1,"accesses":"%%4423\n\t\t\t\t","keyword":["Audit Success"],"accountName":"Virtual Windows 10","@context":"http://sepses.ifs.tuwien.ac.at/contexts/wineventlog.jsonld","@id":"http://example.org/logEntry#logEntry-09e77240-a7d7-4c57-a270-5b268bc11fac","@timestamp":"2018-08-27T15:31:35.338Z","handleID":"0x21c4","accessMask":"0x80","computerName":"DESKTOP-MAC610T","source":"Microsoft-Windows-Security-Auditing","level":"Information","logMessage":"An attempt was made to access an object.\n\nSubject:\n\tSecurity ID:\t\tS-1-5-21-2889181789-4222170037-1347726928-1001\n\tAccount Name:\t\tVirtual Windows 10\n\tAccount Domain:\t\tDESKTOP-MAC610T\n\tLogon ID:\t\t0x1EDF9\n\nObject:\n\tObject Server:\t\tSecurity\n\tObject Type:\t\tFile\n\tObject Name:\t\tC:\\Users\\Virtual Windows 10\\Dropbox\\test1.txt\n\tHandle ID:\t\t0x21c4\n\tResource Attributes:\tS:AI\n\nProcess Information:\n\tProcess ID:\t\t0x16c8\n\tProcess Name:\t\tC:\\Program Files (x86)\\Dropbox\\Client\\Dropbox.exe\n\nAccess Request Information:\n\tAccesses:\t\tReadAttributes\n\t\t\t\t\n\tAccess Mask:\t\t0x80","objectServer":"Security","resourceAttributes":"S:AI","logonID":"0x1edf9"}
{"timestamp":"2018-08-27T15:31:35.339Z","objectType":"File","hasLogType":"wineventlog","upCode":"Info","accountDomain":"DESKTOP-MAC610T","processID":"0x16c8","objectName":"C:\\Users\\Virtual Windows 10\\Dropbox\\test1.txt","processName":"C:\\Program Files (x86)\\Dropbox\\Client\\Dropbox.exe","eventID":4663,"@type":"http://purl.org/sepses/vocab/log/wineventlog#WindowsEventLogEntry","logName":"Security","originatesFrom":{"@id":"http://example.org/sepses#72841473-4325-4dc2-88b5-1576345e0926","hostName":{"name":"DESKTOP-MAC610T"},"@type":"rdf:nodeID"},"taskCategory":"File System","version":1,"accesses":"%%4423\n\t\t\t\t","keyword":["Audit Success"],"accountName":"Virtual Windows 10","@context":"http://sepses.ifs.tuwien.ac.at/contexts/wineventlog.jsonld","@id":"http://example.org/logEntry#logEntry-c06eb530-8994-4def-a494-5e0988f6f2de","@timestamp":"2018-08-27T15:31:35.339Z","handleID":"0x21c4","accessMask":"0x80","computerName":"DESKTOP-MAC610T","source":"Microsoft-Windows-Security-Auditing","level":"Information","logMessage":"An attempt was made to access an object.\n\nSubject:\n\tSecurity ID:\t\tS-1-5-21-2889181789-4222170037-1347726928-1001\n\tAccount Name:\t\tVirtual Windows 10\n\tAccount Domain:\t\tDESKTOP-MAC610T\n\tLogon ID:\t\t0x1EDF9\n\nObject:\n\tObject Server:\t\tSecurity\n\tObject Type:\t\tFile\n\tObject Name:\t\tC:\\Users\\Virtual Windows 10\\Dropbox\\test1.txt\n\tHandle ID:\t\t0x21c4\n\tResource Attributes:\tS:AI\n\nProcess Information:\n\tProcess ID:\t\t0x16c8\n\tProcess Name:\t\tC:\\Program Files (x86)\\Dropbox\\Client\\Dropbox.exe\n\nAccess Request Information:\n\tAccesses:\t\tReadAttributes\n\t\t\t\t\n\tAccess Mask:\t\t0x80","objectServer":"Security","resourceAttributes":"S:AI","logonID":"0x1edf9"}
