{"accessMask":"0x80","accountName":"Virtual Windows 10","@timestamp":"2018-08-27T15:53:15.393Z","accesses":"%%4423\n\t\t\t\t","logName":"Security","@type":"http://purl.org/sepses/vocab/log/wineventlog#WindowsEventLogEntry","eventID":4663,"logMessage":"An attempt was made to access an object.\n\nSubject:\n\tSecurity ID:\t\tS-1-5-21-2889181789-4222170037-1347726928-1001\n\tAccount Name:\t\tVirtual Windows 10\n\tAccount Domain:\t\tDESKTOP-MAC610T\n\tLogon ID:\t\t0x1EDF9\n\nObject:\n\tObject Server:\t\tSecurity\n\tObject Type:\t\tFile\n\tObject Name:\t\tC:\\Users\\Virtual Windows 10\\UserDocuments\n\tHandle ID:\t\t0x33d8\n\tResource Attributes:\tS:AI\n\nProcess Information:\n\tProcess ID:\t\t0x54\n\tProcess Name:\t\tC:\\Windows\\explorer.exe\n\nAccess Request Information:\n\tAccesses:\t\tReadAttributes\n\t\t\t\t\n\tAccess Mask:\t\t0x80","version":1,"objectServer":"Security","handleID":"0x33d8","objectType":"File","computerName":"DESKTOP-MAC610T","taskCategory":"File System","source":"Microsoft-Windows-Security-Auditing","resourceAttributes":"S:AI","level":"Information","processName":"C:\\Windows\\explorer.exe","objectName":"C:\\Users\\Virtual Windows 10\\UserDocuments","accountDomain":"DESKTOP-MAC610T","processID":"0x54","keyword":["Audit Success"],"upCode":"Info","@context":"http://sepses.ifs.tuwien.ac.at/contexts/wineventlog.jsonld","@id":"http://example.org/logEntry#logEntry-c2ae72de-3f19-4bc1-8bf3-901c41770e19","hasLogType":"wineventlog","logonID":"0x1edf9","originatesFrom":{"hostName":{"name":"DESKTOP-MAC610T"},"@type":"rdf:nodeID","@id":"http://example.org/sepses#616147f9-bc64-4a0f-b6d8-fc03c21c7efe"},"timestamp":"2018-08-27T15:53:15.393Z"}
{"accessMask":"0x80","accountName":"Virtual Windows 10","@timestamp":"2018-08-27T15:53:15.401Z","accesses":"%%4423\n\t\t\t\t","logName":"Security","@type":"http://purl.org/sepses/vocab/log/wineventlog#WindowsEventLogEntry","eventID":4663,"logMessage":"An attempt was made to access an object.\n\nSubject:\n\tSecurity ID:\t\tS-1-5-21-2889181789-4222170037-1347726928-1001\n\tAccount Name:\t\tVirtual Windows 10\n\tAccount Domain:\t\tDESKTOP-MAC610T\n\tLogon ID:\t\t0x1EDF9\n\nObject:\n\tObject Server:\t\tSecurity\n\tObject Type:\t\tFile\n\tObject Name:\t\tC:\\Users\\Virtual Windows 10\\UserDocuments\n\tHandle ID:\t\t0x4a64\n\tResource Attributes:\tS:AI\n\nProcess Information:\n\tProcess ID:\t\t0x54\n\tProcess Name:\t\tC:\\Windows\\explorer.exe\n\nAccess Request Information:\n\tAccesses:\t\tReadAttributes\n\t\t\t\t\n\tAccess Mask:\t\t0x80","version":1,"objectServer":"Security","handleID":"0x4a64","objectType":"File","computerName":"DESKTOP-MAC610T","taskCategory":"File System","source":"Microsoft-Windows-Security-Auditing","resourceAttributes":"S:AI","level":"Information","processName":"C:\\Windows\\explorer.exe","objectName":"C:\\Users\\Virtual Windows 10\\UserDocuments","accountDomain":"DESKTOP-MAC610T","processID":"0x54","keyword":["Audit Success"],"upCode":"Info","@context":"http://sepses.ifs.tuwien.ac.at/contexts/wineventlog.jsonld","@id":"http://example.org/logEntry#logEntry-10b0b7dd-6bf2-4f7d-b21e-9eb1d2bc0ae7","hasLogType":"wineventlog","logonID":"0x1edf9","originatesFrom":{"hostName":{"name":"DESKTOP-MAC610T"},"@type":"rdf:nodeID","@id":"http://example.org/sepses#1b969c4d-d23e-4e0e-a3f1-e1dfdbfd85b6"},"timestamp":"2018-08-27T15:53:15.401Z"}
{"accessMask":"0x80","accountName":"Virtual Windows 10","@timestamp":"2018-08-27T15:53:15.402Z","accesses":"%%4423\n\t\t\t\t","logName":"Security","@type":"http://purl.org/sepses/vocab/log/wineventlog#WindowsEventLogEntry","eventID":4663,"logMessage":"An attempt was made to access an object.\n\nSubject:\n\tSecurity ID:\t\tS-1-5-21-2889181789-4222170037-1347726928-1001\n\tAccount Name:\t\tVirtual Windows 10\n\tAccount Domain:\t\tDESKTOP-MAC610T\n\tLogon ID:\t\t0x1EDF9\n\nObject:\n\tObject Server:\t\tSecurity\n\tObject Type:\t\tFile\n\tObject Name:\t\tC:\\Users\\Virtual Windows 10\\UserDocuments\n\tHandle ID:\t\t0x4a64\n\tResource Attributes:\tS:AI\n\nProcess Information:\n\tProcess ID:\t\t0x54\n\tProcess Name:\t\tC:\\Windows\\explorer.exe\n\nAccess Request Information:\n\tAccesses:\t\tReadAttributes\n\t\t\t\t\n\tAccess Mask:\t\t0x80","version":1,"objectServer":"Security","handleID":"0x4a64","objectType":"File","computerName":"DESKTOP-MAC610T","taskCategory":"File System","source":"Microsoft-Windows-Security-Auditing","resourceAttributes":"S:AI","level":"Information","processName":"C:\\Windows\\explorer.exe","objectName":"C:\\Users\\Virtual Windows 10\\UserDocuments","accountDomain":"DESKTOP-MAC610T","processID":"0x54","keyword":["Audit Success"],"upCode":"Info","@context":"http://sepses.ifs.tuwien.ac.at/contexts/wineventlog.jsonld","@id":"http://example.org/logEntry#logEntry-7ba39593-8c82-46b8-a4b1-a3e7adbd6f1e","hasLogType":"wineventlog","logonID":"0x1edf9","originatesFrom":{"hostName":{"name":"DESKTOP-MAC610T"},"@type":"rdf:nodeID","@id":"http://example.org/sepses#3c633b81-4e39-44e0-a58b-3a5863ddaf47"},"timestamp":"2018-08-27T15:53:15.402Z"}
{"accessMask":"0x80","accountName":"Virtual Windows 10","@timestamp":"2018-08-27T15:53:15.416Z","accesses":"%%4423\n\t\t\t\t","logName":"Security","@type":"http://purl.org/sepses/vocab/log/wineventlog#WindowsEventLogEntry","eventID":4663,"logMessage":"An attempt was made to access an object.\n\nSubject:\n\tSecurity ID:\t\tS-1-5-21-2889181789-4222170037-1347726928-1001\n\tAccount Name:\t\tVirtual Windows 10\n\tAccount Domain:\t\tDESKTOP-MAC610T\n\tLogon ID:\t\t0x1EDF9\n\nObject:\n\tObject Server:\t\tSecurity\n\tObject Type:\t\tFile\n\tObject Name:\t\tC:\\Users\\Virtual Windows 10\\UserDocuments\n\tHandle ID:\t\t0x4a64\n\tResource Attributes:\tS:AI\n\nProcess Information:\n\tProcess ID:\t\t0x54\n\tProcess Name:\t\tC:\\Windows\\explorer.exe\n\nAccess Request Information:\n\tAccesses:\t\tReadAttributes\n\t\t\t\t\n\tAccess Mask:\t\t0x80","version":1,"objectServer":"Security","handleID":"0x4a64","objectType":"File","computerName":"DESKTOP-MAC610T","taskCategory":"File System","source":"Microsoft-Windows-Security-Auditing","resourceAttributes":"S:AI","level":"Information","processName":"C:\\Windows\\explorer.exe","objectName":"C:\\Users\\Virtual Windows 10\\UserDocuments","accountDomain":"DESKTOP-MAC610T","processID":"0x54","keyword":["Audit Success"],"upCode":"Info","@context":"http://sepses.ifs.tuwien.ac.at/contexts/wineventlog.jsonld","@id":"http://example.org/logEntry#logEntry-a16bdd01-896f-4405-a027-9301b70dc76f","hasLogType":"wineventlog","logonID":"0x1edf9","originatesFrom":{"hostName":{"name":"DESKTOP-MAC610T"},"@type":"rdf:nodeID","@id":"http://example.org/sepses#f1cb3b8f-c6a1-4721-b8ee-8f1d62ce6afd"},"timestamp":"2018-08-27T15:53:15.416Z"}
{"accessMask":"0x80","accountName":"Virtual Windows 10","@timestamp":"2018-08-27T15:53:15.417Z","accesses":"%%4423\n\t\t\t\t","logName":"Security","@type":"http://purl.org/sepses/vocab/log/wineventlog#WindowsEventLogEntry","eventID":4663,"logMessage":"An attempt was made to access an object.\n\nSubject:\n\tSecurity ID:\t\tS-1-5-21-2889181789-4222170037-1347726928-1001\n\tAccount Name:\t\tVirtual Windows 10\n\tAccount Domain:\t\tDESKTOP-MAC610T\n\tLogon ID:\t\t0x1EDF9\n\nObject:\n\tObject Server:\t\tSecurity\n\tObject Type:\t\tFile\n\tObject Name:\t\tC:\\Users\\Virtual Windows 10\\UserDocuments\n\tHandle ID:\t\t0x4a64\n\tResource Attributes:\tS:AI\n\nProcess Information:\n\tProcess ID:\t\t0x54\n\tProcess Name:\t\tC:\\Windows\\explorer.exe\n\nAccess Request Information:\n\tAccesses:\t\tReadAttributes\n\t\t\t\t\n\tAccess Mask:\t\t0x80","version":1,"objectServer":"Security","handleID":"0x4a64","objectType":"File","computerName":"DESKTOP-MAC610T","taskCategory":"File System","source":"Microsoft-Windows-Security-Auditing","resourceAttributes":"S:AI","level":"Information","processName":"C:\\Windows\\explorer.exe","objectName":"C:\\Users\\Virtual Windows 10\\UserDocuments","accountDomain":"DESKTOP-MAC610T","processID":"0x54","keyword":["Audit Success"],"upCode":"Info","@context":"http://sepses.ifs.tuwien.ac.at/contexts/wineventlog.jsonld","@id":"http://example.org/logEntry#logEntry-b7013eb1-9141-4373-aca9-701e21ff923e","hasLogType":"wineventlog","logonID":"0x1edf9","originatesFrom":{"hostName":{"name":"DESKTOP-MAC610T"},"@type":"rdf:nodeID","@id":"http://example.org/sepses#9f73c554-abb8-48d2-9f13-144e2aa0e82c"},"timestamp":"2018-08-27T15:53:15.417Z"}
{"accessMask":"0x80","accountName":"Virtual Windows 10","@timestamp":"2018-08-27T15:53:15.448Z","accesses":"%%4423\n\t\t\t\t","logName":"Security","@type":"http://purl.org/sepses/vocab/log/wineventlog#WindowsEventLogEntry","eventID":4663,"logMessage":"An attempt was made to access an object.\n\nSubject:\n\tSecurity ID:\t\tS-1-5-21-2889181789-4222170037-1347726928-1001\n\tAccount Name:\t\tVirtual Windows 10\n\tAccount Domain:\t\tDESKTOP-MAC610T\n\tLogon ID:\t\t0x1EDF9\n\nObject:\n\tObject Server:\t\tSecurity\n\tObject Type:\t\tFile\n\tObject Name:\t\tC:\\Users\\Virtual Windows 10\\UserDocuments\n\tHandle ID:\t\t0x4a64\n\tResource Attributes:\tS:AI\n\nProcess Information:\n\tProcess ID:\t\t0x54\n\tProcess Name:\t\tC:\\Windows\\explorer.exe\n\nAccess Request Information:\n\tAccesses:\t\tReadAttributes\n\t\t\t\t\n\tAccess Mask:\t\t0x80","version":1,"objectServer":"Security","handleID":"0x4a64","objectType":"File","computerName":"DESKTOP-MAC610T","taskCategory":"File System","source":"Microsoft-Windows-Security-Auditing","resourceAttributes":"S:AI","level":"Information","processName":"C:\\Windows\\explorer.exe","objectName":"C:\\Users\\Virtual Windows 10\\UserDocuments","accountDomain":"DESKTOP-MAC610T","processID":"0x54","keyword":["Audit Success"],"upCode":"Info","@context":"http://sepses.ifs.tuwien.ac.at/contexts/wineventlog.jsonld","@id":"http://example.org/logEntry#logEntry-0e624281-1021-46e0-896c-1ff5f534501b","hasLogType":"wineventlog","logonID":"0x1edf9","originatesFrom":{"hostName":{"name":"DESKTOP-MAC610T"},"@type":"rdf:nodeID","@id":"http://example.org/sepses#c193be73-a1f9-426e-b429-306dcf1dfea1"},"timestamp":"2018-08-27T15:53:15.448Z"}
{"accessMask":"0x80","accountName":"Virtual Windows 10","@timestamp":"2018-08-27T15:53:15.497Z","accesses":"%%4423\n\t\t\t\t","logName":"Security","@type":"http://purl.org/sepses/vocab/log/wineventlog#WindowsEventLogEntry","eventID":4663,"logMessage":"An attempt was made to access an object.\n\nSubject:\n\tSecurity ID:\t\tS-1-5-21-2889181789-4222170037-1347726928-1001\n\tAccount Name:\t\tVirtual Windows 10\n\tAccount Domain:\t\tDESKTOP-MAC610T\n\tLogon ID:\t\t0x1EDF9\n\nObject:\n\tObject Server:\t\tSecurity\n\tObject Type:\t\tFile\n\tObject Name:\t\tC:\\Users\\Virtual Windows 10\\UserDocuments\n\tHandle ID:\t\t0x2e0c\n\tResource Attributes:\tS:AI\n\nProcess Information:\n\tProcess ID:\t\t0x54\n\tProcess Name:\t\tC:\\Windows\\explorer.exe\n\nAccess Request Information:\n\tAccesses:\t\tReadAttributes\n\t\t\t\t\n\tAccess Mask:\t\t0x80","version":1,"objectServer":"Security","handleID":"0x2e0c","objectType":"File","computerName":"DESKTOP-MAC610T","taskCategory":"File System","source":"Microsoft-Windows-Security-Auditing","resourceAttributes":"S:AI","level":"Information","processName":"C:\\Windows\\explorer.exe","objectName":"C:\\Users\\Virtual Windows 10\\UserDocuments","accountDomain":"DESKTOP-MAC610T","processID":"0x54","keyword":["Audit Success"],"upCode":"Info","@context":"http://sepses.ifs.tuwien.ac.at/contexts/wineventlog.jsonld","@id":"http://example.org/logEntry#logEntry-e875d64f-36e0-467b-8766-f8eae67a94b0","hasLogType":"wineventlog","logonID":"0x1edf9","originatesFrom":{"hostName":{"name":"DESKTOP-MAC610T"},"@type":"rdf:nodeID","@id":"http://example.org/sepses#d0abe2dc-e3b3-47b7-bb3d-18569248f979"},"timestamp":"2018-08-27T15:53:15.497Z"}
{"accessMask":"0x80","accountName":"Virtual Windows 10","@timestamp":"2018-08-27T15:53:15.512Z","accesses":"%%4423\n\t\t\t\t","logName":"Security","@type":"http://purl.org/sepses/vocab/log/wineventlog#WindowsEventLogEntry","eventID":4663,"logMessage":"An attempt was made to access an object.\n\nSubject:\n\tSecurity ID:\t\tS-1-5-21-2889181789-4222170037-1347726928-1001\n\tAccount Name:\t\tVirtual Windows 10\n\tAccount Domain:\t\tDESKTOP-MAC610T\n\tLogon ID:\t\t0x1EDF9\n\nObject:\n\tObject Server:\t\tSecurity\n\tObject Type:\t\tFile\n\tObject Name:\t\tC:\\Users\\Virtual Windows 10\\UserDocuments\n\tHandle ID:\t\t0x44bc\n\tResource Attributes:\tS:AI\n\nProcess Information:\n\tProcess ID:\t\t0x54\n\tProcess Name:\t\tC:\\Windows\\explorer.exe\n\nAccess Request Information:\n\tAccesses:\t\tReadAttributes\n\t\t\t\t\n\tAccess Mask:\t\t0x80","version":1,"objectServer":"Security","handleID":"0x44bc","objectType":"File","computerName":"DESKTOP-MAC610T","taskCategory":"File System","source":"Microsoft-Windows-Security-Auditing","resourceAttributes":"S:AI","level":"Information","processName":"C:\\Windows\\explorer.exe","objectName":"C:\\Users\\Virtual Windows 10\\UserDocuments","accountDomain":"DESKTOP-MAC610T","processID":"0x54","keyword":["Audit Success"],"upCode":"Info","@context":"http://sepses.ifs.tuwien.ac.at/contexts/wineventlog.jsonld","@id":"http://example.org/logEntry#logEntry-84456fb3-3a15-4513-b0ed-0d9abd7a3ef2","hasLogType":"wineventlog","logonID":"0x1edf9","originatesFrom":{"hostName":{"name":"DESKTOP-MAC610T"},"@type":"rdf:nodeID","@id":"http://example.org/sepses#c4debf32-0c62-4936-9e30-81559055fa95"},"timestamp":"2018-08-27T15:53:15.512Z"}
{"accessMask":"0x80","accountName":"Virtual Windows 10","@timestamp":"2018-08-27T15:53:15.525Z","accesses":"%%4423\n\t\t\t\t","logName":"Security","@type":"http://purl.org/sepses/vocab/log/wineventlog#WindowsEventLogEntry","eventID":4663,"logMessage":"An attempt was made to access an object.\n\nSubject:\n\tSecurity ID:\t\tS-1-5-21-2889181789-4222170037-1347726928-1001\n\tAccount Name:\t\tVirtual Windows 10\n\tAccount Domain:\t\tDESKTOP-MAC610T\n\tLogon ID:\t\t0x1EDF9\n\nObject:\n\tObject Server:\t\tSecurity\n\tObject Type:\t\tFile\n\tObject Name:\t\tC:\\Users\\Virtual Windows 10\\UserDocuments\n\tHandle ID:\t\t0x44c0\n\tResource Attributes:\tS:AI\n\nProcess Information:\n\tProcess ID:\t\t0x54\n\tProcess Name:\t\tC:\\Windows\\explorer.exe\n\nAccess Request Information:\n\tAccesses:\t\tReadAttributes\n\t\t\t\t\n\tAccess Mask:\t\t0x80","version":1,"objectServer":"Security","handleID":"0x44c0","objectType":"File","computerName":"DESKTOP-MAC610T","taskCategory":"File System","source":"Microsoft-Windows-Security-Auditing","resourceAttributes":"S:AI","level":"Information","processName":"C:\\Windows\\explorer.exe","objectName":"C:\\Users\\Virtual Windows 10\\UserDocuments","accountDomain":"DESKTOP-MAC610T","processID":"0x54","keyword":["Audit Success"],"upCode":"Info","@context":"http://sepses.ifs.tuwien.ac.at/contexts/wineventlog.jsonld","@id":"http://example.org/logEntry#logEntry-490e85b8-488d-4770-ab1f-4bff4ce5b65f","hasLogType":"wineventlog","logonID":"0x1edf9","originatesFrom":{"hostName":{"name":"DESKTOP-MAC610T"},"@type":"rdf:nodeID","@id":"http://example.org/sepses#5b8ebaa5-f53a-44a3-aa6a-2d9f0a7f97fd"},"timestamp":"2018-08-27T15:53:15.525Z"}
{"accessMask":"0x80","accountName":"Virtual Windows 10","@timestamp":"2018-08-27T15:53:15.694Z","accesses":"%%4423\n\t\t\t\t","logName":"Security","@type":"http://purl.org/sepses/vocab/log/wineventlog#WindowsEventLogEntry","eventID":4663,"logMessage":"An attempt was made to access an object.\n\nSubject:\n\tSecurity ID:\t\tS-1-5-21-2889181789-4222170037-1347726928-1001\n\tAccount Name:\t\tVirtual Windows 10\n\tAccount Domain:\t\tDESKTOP-MAC610T\n\tLogon ID:\t\t0x1EDF9\n\nObject:\n\tObject Server:\t\tSecurity\n\tObject Type:\t\tFile\n\tObject Name:\t\tC:\\Users\\Virtual Windows 10\\UserDocuments\\test2.txt\n\tHandle ID:\t\t0x4690\n\tResource Attributes:\tS:AI\n\nProcess Information:\n\tProcess ID:\t\t0x54\n\tProcess Name:\t\tC:\\Windows\\explorer.exe\n\nAccess Request Information:\n\tAccesses:\t\tReadAttributes\n\t\t\t\t\n\tAccess Mask:\t\t0x80","version":1,"objectServer":"Security","handleID":"0x4690","objectType":"File","computerName":"DESKTOP-MAC610T","taskCategory":"File System","source":"Microsoft-Windows-Security-Auditing","resourceAttributes":"S:AI","level":"Information","processName":"C:\\Windows\\explorer.exe","objectName":"C:\\Users\\Virtual Windows 10\\UserDocuments\\test2.txt","accountDomain":"DESKTOP-MAC610T","processID":"0x54","keyword":["Audit Success"],"upCode":"Info","@context":"http://sepses.ifs.tuwien.ac.at/contexts/wineventlog.jsonld","@id":"http://example.org/logEntry#logEntry-5b1e594b-61c9-48d3-94b0-6be95ec46a34","hasLogType":"wineventlog","logonID":"0x1edf9","originatesFrom":{"hostName":{"name":"DESKTOP-MAC610T"},"@type":"rdf:nodeID","@id":"http://example.org/sepses#233a972d-c3e8-49d9-9f5a-21a797e987e1"},"timestamp":"2018-08-27T15:53:15.694Z"}
{"accessMask":"0x80","accountName":"Virtual Windows 10","@timestamp":"2018-08-27T15:53:15.751Z","accesses":"%%4423\n\t\t\t\t","logName":"Security","@type":"http://purl.org/sepses/vocab/log/wineventlog#WindowsEventLogEntry","eventID":4663,"logMessage":"An attempt was made to access an object.\n\nSubject:\n\tSecurity ID:\t\tS-1-5-21-2889181789-4222170037-1347726928-1001\n\tAccount Name:\t\tVirtual Windows 10\n\tAccount Domain:\t\tDESKTOP-MAC610T\n\tLogon ID:\t\t0x1EDF9\n\nObject:\n\tObject Server:\t\tSecurity\n\tObject Type:\t\tFile\n\tObject Name:\t\tC:\\Users\\Virtual Windows 10\\UserDocuments\\test2.txt\n\tHandle ID:\t\t0x830\n\tResource Attributes:\tS:AI\n\nProcess Information:\n\tProcess ID:\t\t0x16c8\n\tProcess Name:\t\tC:\\Program Files (x86)\\Dropbox\\Client\\Dropbox.exe\n\nAccess Request Information:\n\tAccesses:\t\tReadAttributes\n\t\t\t\t\n\tAccess Mask:\t\t0x80","version":1,"objectServer":"Security","handleID":"0x830","objectType":"File","computerName":"DESKTOP-MAC610T","taskCategory":"File System","source":"Microsoft-Windows-Security-Auditing","resourceAttributes":"S:AI","level":"Information","processName":"C:\\Program Files (x86)\\Dropbox\\Client\\Dropbox.exe","objectName":"C:\\Users\\Virtual Windows 10\\UserDocuments\\test2.txt","accountDomain":"DESKTOP-MAC610T","processID":"0x16c8","keyword":["Audit Success"],"upCode":"Info","@context":"http://sepses.ifs.tuwien.ac.at/contexts/wineventlog.jsonld","@id":"http://example.org/logEntry#logEntry-21486dff-1352-4896-8b58-a27fdd9bad8c","hasLogType":"wineventlog","logonID":"0x1edf9","originatesFrom":{"hostName":{"name":"DESKTOP-MAC610T"},"@type":"rdf:nodeID","@id":"http://example.org/sepses#2e8e2c4b-b155-4853-bac7-9f860dff6553"},"timestamp":"2018-08-27T15:53:15.751Z"}
{"accessMask":"0x80","accountName":"Virtual Windows 10","@timestamp":"2018-08-27T15:53:15.751Z","accesses":"%%4423\n\t\t\t\t","logName":"Security","@type":"http://purl.org/sepses/vocab/log/wineventlog#WindowsEventLogEntry","eventID":4663,"logMessage":"An attempt was made to access an object.\n\nSubject:\n\tSecurity ID:\t\tS-1-5-21-2889181789-4222170037-1347726928-1001\n\tAccount Name:\t\tVirtual Windows 10\n\tAccount Domain:\t\tDESKTOP-MAC610T\n\tLogon ID:\t\t0x1EDF9\n\nObject:\n\tObject Server:\t\tSecurity\n\tObject Type:\t\tFile\n\tObject Name:\t\tC:\\Users\\Virtual Windows 10\\UserDocuments\\test2.txt\n\tHandle ID:\t\t0x830\n\tResource Attributes:\tS:AI\n\nProcess Information:\n\tProcess ID:\t\t0x16c8\n\tProcess Name:\t\tC:\\Program Files (x86)\\Dropbox\\Client\\Dropbox.exe\n\nAccess Request Information:\n\tAccesses:\t\tReadAttributes\n\t\t\t\t\n\tAccess Mask:\t\t0x80","version":1,"objectServer":"Security","handleID":"0x830","objectType":"File","computerName":"DESKTOP-MAC610T","taskCategory":"File System","source":"Microsoft-Windows-Security-Auditing","resourceAttributes":"S:AI","level":"Information","processName":"C:\\Program Files (x86)\\Dropbox\\Client\\Dropbox.exe","objectName":"C:\\Users\\Virtual Windows 10\\UserDocuments\\test2.txt","accountDomain":"DESKTOP-MAC610T","processID":"0x16c8","keyword":["Audit Success"],"upCode":"Info","@context":"http://sepses.ifs.tuwien.ac.at/contexts/wineventlog.jsonld","@id":"http://example.org/logEntry#logEntry-c4fad640-6b35-4d23-ad47-d58d383a25ef","hasLogType":"wineventlog","logonID":"0x1edf9","originatesFrom":{"hostName":{"name":"DESKTOP-MAC610T"},"@type":"rdf:nodeID","@id":"http://example.org/sepses#f94eb578-d338-4e9f-91c7-147c9f8a05d2"},"timestamp":"2018-08-27T15:53:15.751Z"}
{"accessMask":"0x80","accountName":"Virtual Windows 10","@timestamp":"2018-08-27T15:53:15.754Z","accesses":"%%4423\n\t\t\t\t","logName":"Security","@type":"http://purl.org/sepses/vocab/log/wineventlog#WindowsEventLogEntry","eventID":4663,"logMessage":"An attempt was made to access an object.\n\nSubject:\n\tSecurity ID:\t\tS-1-5-21-2889181789-4222170037-1347726928-1001\n\tAccount Name:\t\tVirtual Windows 10\n\tAccount Domain:\t\tDESKTOP-MAC610T\n\tLogon ID:\t\t0x1EDF9\n\nObject:\n\tObject Server:\t\tSecurity\n\tObject Type:\t\tFile\n\tObject Name:\t\tC:\\Users\\Virtual Windows 10\\UserDocuments\\test2.txt\n\tHandle ID:\t\t0x2cc0\n\tResource Attributes:\tS:AI\n\nProcess Information:\n\tProcess ID:\t\t0x54\n\tProcess Name:\t\tC:\\Windows\\explorer.exe\n\nAccess Request Information:\n\tAccesses:\t\tReadAttributes\n\t\t\t\t\n\tAccess Mask:\t\t0x80","version":1,"objectServer":"Security","handleID":"0x2cc0","objectType":"File","computerName":"DESKTOP-MAC610T","taskCategory":"File System","source":"Microsoft-Windows-Security-Auditing","resourceAttributes":"S:AI","level":"Information","processName":"C:\\Windows\\explorer.exe","objectName":"C:\\Users\\Virtual Windows 10\\UserDocuments\\test2.txt","accountDomain":"DESKTOP-MAC610T","processID":"0x54","keyword":["Audit Success"],"upCode":"Info","@context":"http://sepses.ifs.tuwien.ac.at/contexts/wineventlog.jsonld","@id":"http://example.org/logEntry#logEntry-87542ee7-313e-48fd-874b-07c6cdcb630c","hasLogType":"wineventlog","logonID":"0x1edf9","originatesFrom":{"hostName":{"name":"DESKTOP-MAC610T"},"@type":"rdf:nodeID","@id":"http://example.org/sepses#66a65f37-80c7-49c4-ada8-a3fd14b4c1ee"},"timestamp":"2018-08-27T15:53:15.754Z"}
{"accessMask":"0x80","accountName":"Virtual Windows 10","@timestamp":"2018-08-27T15:53:15.756Z","accesses":"%%4423\n\t\t\t\t","logName":"Security","@type":"http://purl.org/sepses/vocab/log/wineventlog#WindowsEventLogEntry","eventID":4663,"logMessage":"An attempt was made to access an object.\n\nSubject:\n\tSecurity ID:\t\tS-1-5-21-2889181789-4222170037-1347726928-1001\n\tAccount Name:\t\tVirtual Windows 10\n\tAccount Domain:\t\tDESKTOP-MAC610T\n\tLogon ID:\t\t0x1EDF9\n\nObject:\n\tObject Server:\t\tSecurity\n\tObject Type:\t\tFile\n\tObject Name:\t\tC:\\Users\\Virtual Windows 10\\UserDocuments\\test2.txt\n\tHandle ID:\t\t0x2cc0\n\tResource Attributes:\tS:AI\n\nProcess Information:\n\tProcess ID:\t\t0x54\n\tProcess Name:\t\tC:\\Windows\\explorer.exe\n\nAccess Request Information:\n\tAccesses:\t\tReadAttributes\n\t\t\t\t\n\tAccess Mask:\t\t0x80","version":1,"objectServer":"Security","handleID":"0x2cc0","objectType":"File","computerName":"DESKTOP-MAC610T","taskCategory":"File System","source":"Microsoft-Windows-Security-Auditing","resourceAttributes":"S:AI","level":"Information","processName":"C:\\Windows\\explorer.exe","objectName":"C:\\Users\\Virtual Windows 10\\UserDocuments\\test2.txt","accountDomain":"DESKTOP-MAC610T","processID":"0x54","keyword":["Audit Success"],"upCode":"Info","@context":"http://sepses.ifs.tuwien.ac.at/contexts/wineventlog.jsonld","@id":"http://example.org/logEntry#logEntry-52a117ed-76d2-42b9-b8cd-148febe3b7ce","hasLogType":"wineventlog","logonID":"0x1edf9","originatesFrom":{"hostName":{"name":"DESKTOP-MAC610T"},"@type":"rdf:nodeID","@id":"http://example.org/sepses#a625cf33-38fa-453c-8319-bef28e535209"},"timestamp":"2018-08-27T15:53:15.756Z"}
{"accessMask":"0x80","accountName":"Virtual Windows 10","@timestamp":"2018-08-27T15:53:15.777Z","accesses":"%%4423\n\t\t\t\t","logName":"Security","@type":"http://purl.org/sepses/vocab/log/wineventlog#WindowsEventLogEntry","eventID":4663,"logMessage":"An attempt was made to access an object.\n\nSubject:\n\tSecurity ID:\t\tS-1-5-21-2889181789-4222170037-1347726928-1001\n\tAccount Name:\t\tVirtual Windows 10\n\tAccount Domain:\t\tDESKTOP-MAC610T\n\tLogon ID:\t\t0x1EDF9\n\nObject:\n\tObject Server:\t\tSecurity\n\tObject Type:\t\tFile\n\tObject Name:\t\tC:\\Users\\Virtual Windows 10\\UserDocuments\n\tHandle ID:\t\t0x4a64\n\tResource Attributes:\tS:AI\n\nProcess Information:\n\tProcess ID:\t\t0x54\n\tProcess Name:\t\tC:\\Windows\\explorer.exe\n\nAccess Request Information:\n\tAccesses:\t\tReadAttributes\n\t\t\t\t\n\tAccess Mask:\t\t0x80","version":1,"objectServer":"Security","handleID":"0x4a64","objectType":"File","computerName":"DESKTOP-MAC610T","taskCategory":"File System","source":"Microsoft-Windows-Security-Auditing","resourceAttributes":"S:AI","level":"Information","processName":"C:\\Windows\\explorer.exe","objectName":"C:\\Users\\Virtual Windows 10\\UserDocuments","accountDomain":"DESKTOP-MAC610T","processID":"0x54","keyword":["Audit Success"],"upCode":"Info","@context":"http://sepses.ifs.tuwien.ac.at/contexts/wineventlog.jsonld","@id":"http://example.org/logEntry#logEntry-556e8baa-7234-47f4-9d6d-39c03da1ccc2","hasLogType":"wineventlog","logonID":"0x1edf9","originatesFrom":{"hostName":{"name":"DESKTOP-MAC610T"},"@type":"rdf:nodeID","@id":"http://example.org/sepses#f79b4702-1ed9-4e06-a44c-b1a2fb0a739b"},"timestamp":"2018-08-27T15:53:15.777Z"}
{"accessMask":"0x80","accountName":"Virtual Windows 10","@timestamp":"2018-08-27T15:53:16.525Z","accesses":"%%4423\n\t\t\t\t","logName":"Security","@type":"http://purl.org/sepses/vocab/log/wineventlog#WindowsEventLogEntry","eventID":4663,"logMessage":"An attempt was made to access an object.\n\nSubject:\n\tSecurity ID:\t\tS-1-5-21-2889181789-4222170037-1347726928-1001\n\tAccount Name:\t\tVirtual Windows 10\n\tAccount Domain:\t\tDESKTOP-MAC610T\n\tLogon ID:\t\t0x1EDF9\n\nObject:\n\tObject Server:\t\tSecurity\n\tObject Type:\t\tFile\n\tObject Name:\t\tC:\\Users\\Virtual Windows 10\\Dropbox\n\tHandle ID:\t\t0x2254\n\tResource Attributes:\tS:AI\n\nProcess Information:\n\tProcess ID:\t\t0x16c8\n\tProcess Name:\t\tC:\\Program Files (x86)\\Dropbox\\Client\\Dropbox.exe\n\nAccess Request Information:\n\tAccesses:\t\tReadAttributes\n\t\t\t\t\n\tAccess Mask:\t\t0x80","version":1,"objectServer":"Security","handleID":"0x2254","objectType":"File","computerName":"DESKTOP-MAC610T","taskCategory":"File System","source":"Microsoft-Windows-Security-Auditing","resourceAttributes":"S:AI","level":"Information","processName":"C:\\Program Files (x86)\\Dropbox\\Client\\Dropbox.exe","objectName":"C:\\Users\\Virtual Windows 10\\Dropbox","accountDomain":"DESKTOP-MAC610T","processID":"0x16c8","keyword":["Audit Success"],"upCode":"Info","@context":"http://sepses.ifs.tuwien.ac.at/contexts/wineventlog.jsonld","@id":"http://example.org/logEntry#logEntry-fb7e3c37-8f12-4d25-8568-4ee064f289c7","hasLogType":"wineventlog","logonID":"0x1edf9","originatesFrom":{"hostName":{"name":"DESKTOP-MAC610T"},"@type":"rdf:nodeID","@id":"http://example.org/sepses#8757e114-b7ef-456c-9332-6516be706879"},"timestamp":"2018-08-27T15:53:16.525Z"}
{"accessMask":"0x80","accountName":"Virtual Windows 10","@timestamp":"2018-08-27T15:53:16.526Z","accesses":"%%4423\n\t\t\t\t","logName":"Security","@type":"http://purl.org/sepses/vocab/log/wineventlog#WindowsEventLogEntry","eventID":4663,"logMessage":"An attempt was made to access an object.\n\nSubject:\n\tSecurity ID:\t\tS-1-5-21-2889181789-4222170037-1347726928-1001\n\tAccount Name:\t\tVirtual Windows 10\n\tAccount Domain:\t\tDESKTOP-MAC610T\n\tLogon ID:\t\t0x1EDF9\n\nObject:\n\tObject Server:\t\tSecurity\n\tObject Type:\t\tFile\n\tObject Name:\t\tC:\\Users\\Virtual Windows 10\\Dropbox\n\tHandle ID:\t\t0x2254\n\tResource Attributes:\tS:AI\n\nProcess Information:\n\tProcess ID:\t\t0x16c8\n\tProcess Name:\t\tC:\\Program Files (x86)\\Dropbox\\Client\\Dropbox.exe\n\nAccess Request Information:\n\tAccesses:\t\tReadAttributes\n\t\t\t\t\n\tAccess Mask:\t\t0x80","version":1,"objectServer":"Security","handleID":"0x2254","objectType":"File","computerName":"DESKTOP-MAC610T","taskCategory":"File System","source":"Microsoft-Windows-Security-Auditing","resourceAttributes":"S:AI","level":"Information","processName":"C:\\Program Files (x86)\\Dropbox\\Client\\Dropbox.exe","objectName":"C:\\Users\\Virtual Windows 10\\Dropbox","accountDomain":"DESKTOP-MAC610T","processID":"0x16c8","keyword":["Audit Success"],"upCode":"Info","@context":"http://sepses.ifs.tuwien.ac.at/contexts/wineventlog.jsonld","@id":"http://example.org/logEntry#logEntry-07fe8b36-f38f-41c0-9fd2-2186fc9b22df","hasLogType":"wineventlog","logonID":"0x1edf9","originatesFrom":{"hostName":{"name":"DESKTOP-MAC610T"},"@type":"rdf:nodeID","@id":"http://example.org/sepses#3ac934b8-b672-495b-8574-0eb74e388916"},"timestamp":"2018-08-27T15:53:16.526Z"}
{"accessMask":"0x80","accountName":"Virtual Windows 10","@timestamp":"2018-08-27T15:53:16.526Z","accesses":"%%4423\n\t\t\t\t","logName":"Security","@type":"http://purl.org/sepses/vocab/log/wineventlog#WindowsEventLogEntry","eventID":4663,"logMessage":"An attempt was made to access an object.\n\nSubject:\n\tSecurity ID:\t\tS-1-5-21-2889181789-4222170037-1347726928-1001\n\tAccount Name:\t\tVirtual Windows 10\n\tAccount Domain:\t\tDESKTOP-MAC610T\n\tLogon ID:\t\t0x1EDF9\n\nObject:\n\tObject Server:\t\tSecurity\n\tObject Type:\t\tFile\n\tObject Name:\t\tC:\\Users\\Virtual Windows 10\\Dropbox\n\tHandle ID:\t\t0x2254\n\tResource Attributes:\tS:AI\n\nProcess Information:\n\tProcess ID:\t\t0x16c8\n\tProcess Name:\t\tC:\\Program Files (x86)\\Dropbox\\Client\\Dropbox.exe\n\nAccess Request Information:\n\tAccesses:\t\tReadAttributes\n\t\t\t\t\n\tAccess Mask:\t\t0x80","version":1,"objectServer":"Security","handleID":"0x2254","objectType":"File","computerName":"DESKTOP-MAC610T","taskCategory":"File System","source":"Microsoft-Windows-Security-Auditing","resourceAttributes":"S:AI","level":"Information","processName":"C:\\Program Files (x86)\\Dropbox\\Client\\Dropbox.exe","objectName":"C:\\Users\\Virtual Windows 10\\Dropbox","accountDomain":"DESKTOP-MAC610T","processID":"0x16c8","keyword":["Audit Success"],"upCode":"Info","@context":"http://sepses.ifs.tuwien.ac.at/contexts/wineventlog.jsonld","@id":"http://example.org/logEntry#logEntry-9992a7d6-2161-4b71-bae2-3f2c95b5fd50","hasLogType":"wineventlog","logonID":"0x1edf9","originatesFrom":{"hostName":{"name":"DESKTOP-MAC610T"},"@type":"rdf:nodeID","@id":"http://example.org/sepses#e2eee9fa-9e80-48ef-884c-4d1702c08155"},"timestamp":"2018-08-27T15:53:16.526Z"}
{"accessMask":"0x80","accountName":"Virtual Windows 10","@timestamp":"2018-08-27T15:53:16.653Z","accesses":"%%4423\n\t\t\t\t","logName":"Security","@type":"http://purl.org/sepses/vocab/log/wineventlog#WindowsEventLogEntry","eventID":4663,"logMessage":"An attempt was made to access an object.\n\nSubject:\n\tSecurity ID:\t\tS-1-5-21-2889181789-4222170037-1347726928-1001\n\tAccount Name:\t\tVirtual Windows 10\n\tAccount Domain:\t\tDESKTOP-MAC610T\n\tLogon ID:\t\t0x1EDF9\n\nObject:\n\tObject Server:\t\tSecurity\n\tObject Type:\t\tFile\n\tObject Name:\t\tC:\\Users\\Virtual Windows 10\\Dropbox\n\tHandle ID:\t\t0x2254\n\tResource Attributes:\tS:AI\n\nProcess Information:\n\tProcess ID:\t\t0x16c8\n\tProcess Name:\t\tC:\\Program Files (x86)\\Dropbox\\Client\\Dropbox.exe\n\nAccess Request Information:\n\tAccesses:\t\tReadAttributes\n\t\t\t\t\n\tAccess Mask:\t\t0x80","version":1,"objectServer":"Security","handleID":"0x2254","objectType":"File","computerName":"DESKTOP-MAC610T","taskCategory":"File System","source":"Microsoft-Windows-Security-Auditing","resourceAttributes":"S:AI","level":"Information","processName":"C:\\Program Files (x86)\\Dropbox\\Client\\Dropbox.exe","objectName":"C:\\Users\\Virtual Windows 10\\Dropbox","accountDomain":"DESKTOP-MAC610T","processID":"0x16c8","keyword":["Audit Success"],"upCode":"Info","@context":"http://sepses.ifs.tuwien.ac.at/contexts/wineventlog.jsonld","@id":"http://example.org/logEntry#logEntry-ae12c518-c533-47e5-9ff6-e339eb754487","hasLogType":"wineventlog","logonID":"0x1edf9","originatesFrom":{"hostName":{"name":"DESKTOP-MAC610T"},"@type":"rdf:nodeID","@id":"http://example.org/sepses#0b8bbacd-456b-46b9-857e-d786b36c46e8"},"timestamp":"2018-08-27T15:53:16.653Z"}
{"accessMask":"0x80","accountName":"Virtual Windows 10","@timestamp":"2018-08-27T15:53:16.656Z","accesses":"%%4423\n\t\t\t\t","logName":"Security","@type":"http://purl.org/sepses/vocab/log/wineventlog#WindowsEventLogEntry","eventID":4663,"logMessage":"An attempt was made to access an object.\n\nSubject:\n\tSecurity ID:\t\tS-1-5-21-2889181789-4222170037-1347726928-1001\n\tAccount Name:\t\tVirtual Windows 10\n\tAccount Domain:\t\tDESKTOP-MAC610T\n\tLogon ID:\t\t0x1EDF9\n\nObject:\n\tObject Server:\t\tSecurity\n\tObject Type:\t\tFile\n\tObject Name:\t\tC:\\Users\\Virtual Windows 10\\Dropbox\n\tHandle ID:\t\t0x2254\n\tResource Attributes:\tS:AI\n\nProcess Information:\n\tProcess ID:\t\t0x16c8\n\tProcess Name:\t\tC:\\Program Files (x86)\\Dropbox\\Client\\Dropbox.exe\n\nAccess Request Information:\n\tAccesses:\t\tReadAttributes\n\t\t\t\t\n\tAccess Mask:\t\t0x80","version":1,"objectServer":"Security","handleID":"0x2254","objectType":"File","computerName":"DESKTOP-MAC610T","taskCategory":"File System","source":"Microsoft-Windows-Security-Auditing","resourceAttributes":"S:AI","level":"Information","processName":"C:\\Program Files (x86)\\Dropbox\\Client\\Dropbox.exe","objectName":"C:\\Users\\Virtual Windows 10\\Dropbox","accountDomain":"DESKTOP-MAC610T","processID":"0x16c8","keyword":["Audit Success"],"upCode":"Info","@context":"http://sepses.ifs.tuwien.ac.at/contexts/wineventlog.jsonld","@id":"http://example.org/logEntry#logEntry-62feb4f9-1cc1-41fa-9ecf-eb5bc59d2562","hasLogType":"wineventlog","logonID":"0x1edf9","originatesFrom":{"hostName":{"name":"DESKTOP-MAC610T"},"@type":"rdf:nodeID","@id":"http://example.org/sepses#de4bcf47-d28b-49b3-b675-9b8b345ca3e2"},"timestamp":"2018-08-27T15:53:16.656Z"}
{"accessMask":"0x80","accountName":"Virtual Windows 10","@timestamp":"2018-08-27T15:53:16.656Z","accesses":"%%4423\n\t\t\t\t","logName":"Security","@type":"http://purl.org/sepses/vocab/log/wineventlog#WindowsEventLogEntry","eventID":4663,"logMessage":"An attempt was made to access an object.\n\nSubject:\n\tSecurity ID:\t\tS-1-5-21-2889181789-4222170037-1347726928-1001\n\tAccount Name:\t\tVirtual Windows 10\n\tAccount Domain:\t\tDESKTOP-MAC610T\n\tLogon ID:\t\t0x1EDF9\n\nObject:\n\tObject Server:\t\tSecurity\n\tObject Type:\t\tFile\n\tObject Name:\t\tC:\\Users\\Virtual Windows 10\\Dropbox\n\tHandle ID:\t\t0x2254\n\tResource Attributes:\tS:AI\n\nProcess Information:\n\tProcess ID:\t\t0x16c8\n\tProcess Name:\t\tC:\\Program Files (x86)\\Dropbox\\Client\\Dropbox.exe\n\nAccess Request Information:\n\tAccesses:\t\tReadAttributes\n\t\t\t\t\n\tAccess Mask:\t\t0x80","version":1,"objectServer":"Security","handleID":"0x2254","objectType":"File","computerName":"DESKTOP-MAC610T","taskCategory":"File System","source":"Microsoft-Windows-Security-Auditing","resourceAttributes":"S:AI","level":"Information","processName":"C:\\Program Files (x86)\\Dropbox\\Client\\Dropbox.exe","objectName":"C:\\Users\\Virtual Windows 10\\Dropbox","accountDomain":"DESKTOP-MAC610T","processID":"0x16c8","keyword":["Audit Success"],"upCode":"Info","@context":"http://sepses.ifs.tuwien.ac.at/contexts/wineventlog.jsonld","@id":"http://example.org/logEntry#logEntry-db17a03d-7854-4393-86ee-394ac4cef9b4","hasLogType":"wineventlog","logonID":"0x1edf9","originatesFrom":{"hostName":{"name":"DESKTOP-MAC610T"},"@type":"rdf:nodeID","@id":"http://example.org/sepses#ebc7dee5-1ebf-4508-80f0-012d1658eef9"},"timestamp":"2018-08-27T15:53:16.656Z"}
{"accessMask":"0x80","accountName":"Virtual Windows 10","@timestamp":"2018-08-27T15:53:16.791Z","accesses":"%%4423\n\t\t\t\t","logName":"Security","@type":"http://purl.org/sepses/vocab/log/wineventlog#WindowsEventLogEntry","eventID":4663,"logMessage":"An attempt was made to access an object.\n\nSubject:\n\tSecurity ID:\t\tS-1-5-21-2889181789-4222170037-1347726928-1001\n\tAccount Name:\t\tVirtual Windows 10\n\tAccount Domain:\t\tDESKTOP-MAC610T\n\tLogon ID:\t\t0x1EDF9\n\nObject:\n\tObject Server:\t\tSecurity\n\tObject Type:\t\tFile\n\tObject Name:\t\tC:\\Users\\Virtual Windows 10\\Dropbox\n\tHandle ID:\t\t0x2254\n\tResource Attributes:\tS:AI\n\nProcess Information:\n\tProcess ID:\t\t0x16c8\n\tProcess Name:\t\tC:\\Program Files (x86)\\Dropbox\\Client\\Dropbox.exe\n\nAccess Request Information:\n\tAccesses:\t\tReadAttributes\n\t\t\t\t\n\tAccess Mask:\t\t0x80","version":1,"objectServer":"Security","handleID":"0x2254","objectType":"File","computerName":"DESKTOP-MAC610T","taskCategory":"File System","source":"Microsoft-Windows-Security-Auditing","resourceAttributes":"S:AI","level":"Information","processName":"C:\\Program Files (x86)\\Dropbox\\Client\\Dropbox.exe","objectName":"C:\\Users\\Virtual Windows 10\\Dropbox","accountDomain":"DESKTOP-MAC610T","processID":"0x16c8","keyword":["Audit Success"],"upCode":"Info","@context":"http://sepses.ifs.tuwien.ac.at/contexts/wineventlog.jsonld","@id":"http://example.org/logEntry#logEntry-5b93c3fd-bce3-4b82-ab63-1a09a75e2b26","hasLogType":"wineventlog","logonID":"0x1edf9","originatesFrom":{"hostName":{"name":"DESKTOP-MAC610T"},"@type":"rdf:nodeID","@id":"http://example.org/sepses#5edad33d-33d0-43c0-b480-d53347b65af0"},"timestamp":"2018-08-27T15:53:16.791Z"}
{"accessMask":"0x80","accountName":"Virtual Windows 10","@timestamp":"2018-08-27T15:53:16.792Z","accesses":"%%4423\n\t\t\t\t","logName":"Security","@type":"http://purl.org/sepses/vocab/log/wineventlog#WindowsEventLogEntry","eventID":4663,"logMessage":"An attempt was made to access an object.\n\nSubject:\n\tSecurity ID:\t\tS-1-5-21-2889181789-4222170037-1347726928-1001\n\tAccount Name:\t\tVirtual Windows 10\n\tAccount Domain:\t\tDESKTOP-MAC610T\n\tLogon ID:\t\t0x1EDF9\n\nObject:\n\tObject Server:\t\tSecurity\n\tObject Type:\t\tFile\n\tObject Name:\t\tC:\\Users\\Virtual Windows 10\\Dropbox\n\tHandle ID:\t\t0x2254\n\tResource Attributes:\tS:AI\n\nProcess Information:\n\tProcess ID:\t\t0x16c8\n\tProcess Name:\t\tC:\\Program Files (x86)\\Dropbox\\Client\\Dropbox.exe\n\nAccess Request Information:\n\tAccesses:\t\tReadAttributes\n\t\t\t\t\n\tAccess Mask:\t\t0x80","version":1,"objectServer":"Security","handleID":"0x2254","objectType":"File","computerName":"DESKTOP-MAC610T","taskCategory":"File System","source":"Microsoft-Windows-Security-Auditing","resourceAttributes":"S:AI","level":"Information","processName":"C:\\Program Files (x86)\\Dropbox\\Client\\Dropbox.exe","objectName":"C:\\Users\\Virtual Windows 10\\Dropbox","accountDomain":"DESKTOP-MAC610T","processID":"0x16c8","keyword":["Audit Success"],"upCode":"Info","@context":"http://sepses.ifs.tuwien.ac.at/contexts/wineventlog.jsonld","@id":"http://example.org/logEntry#logEntry-6d348163-889c-4d82-849d-4b85593e971b","hasLogType":"wineventlog","logonID":"0x1edf9","originatesFrom":{"hostName":{"name":"DESKTOP-MAC610T"},"@type":"rdf:nodeID","@id":"http://example.org/sepses#eb576d3d-22b0-46b9-87fb-bf70aef6b4ab"},"timestamp":"2018-08-27T15:53:16.792Z"}
{"accessMask":"0x80","accountName":"Virtual Windows 10","@timestamp":"2018-08-27T15:53:16.792Z","accesses":"%%4423\n\t\t\t\t","logName":"Security","@type":"http://purl.org/sepses/vocab/log/wineventlog#WindowsEventLogEntry","eventID":4663,"logMessage":"An attempt was made to access an object.\n\nSubject:\n\tSecurity ID:\t\tS-1-5-21-2889181789-4222170037-1347726928-1001\n\tAccount Name:\t\tVirtual Windows 10\n\tAccount Domain:\t\tDESKTOP-MAC610T\n\tLogon ID:\t\t0x1EDF9\n\nObject:\n\tObject Server:\t\tSecurity\n\tObject Type:\t\tFile\n\tObject Name:\t\tC:\\Users\\Virtual Windows 10\\Dropbox\n\tHandle ID:\t\t0x2254\n\tResource Attributes:\tS:AI\n\nProcess Information:\n\tProcess ID:\t\t0x16c8\n\tProcess Name:\t\tC:\\Program Files (x86)\\Dropbox\\Client\\Dropbox.exe\n\nAccess Request Information:\n\tAccesses:\t\tReadAttributes\n\t\t\t\t\n\tAccess Mask:\t\t0x80","version":1,"objectServer":"Security","handleID":"0x2254","objectType":"File","computerName":"DESKTOP-MAC610T","taskCategory":"File System","source":"Microsoft-Windows-Security-Auditing","resourceAttributes":"S:AI","level":"Information","processName":"C:\\Program Files (x86)\\Dropbox\\Client\\Dropbox.exe","objectName":"C:\\Users\\Virtual Windows 10\\Dropbox","accountDomain":"DESKTOP-MAC610T","processID":"0x16c8","keyword":["Audit Success"],"upCode":"Info","@context":"http://sepses.ifs.tuwien.ac.at/contexts/wineventlog.jsonld","@id":"http://example.org/logEntry#logEntry-056cedce-98e1-4511-a34b-674226e870d1","hasLogType":"wineventlog","logonID":"0x1edf9","originatesFrom":{"hostName":{"name":"DESKTOP-MAC610T"},"@type":"rdf:nodeID","@id":"http://example.org/sepses#685b3242-6bad-4d29-8578-763ebdd8127a"},"timestamp":"2018-08-27T15:53:16.792Z"}
{"accessMask":"0x80","accountName":"Virtual Windows 10","@timestamp":"2018-08-27T15:53:16.968Z","accesses":"%%4423\n\t\t\t\t","logName":"Security","@type":"http://purl.org/sepses/vocab/log/wineventlog#WindowsEventLogEntry","eventID":4663,"logMessage":"An attempt was made to access an object.\n\nSubject:\n\tSecurity ID:\t\tS-1-5-21-2889181789-4222170037-1347726928-1001\n\tAccount Name:\t\tVirtual Windows 10\n\tAccount Domain:\t\tDESKTOP-MAC610T\n\tLogon ID:\t\t0x1EDF9\n\nObject:\n\tObject Server:\t\tSecurity\n\tObject Type:\t\tFile\n\tObject Name:\t\tC:\\Users\\Virtual Windows 10\\Dropbox\n\tHandle ID:\t\t0x2254\n\tResource Attributes:\tS:AI\n\nProcess Information:\n\tProcess ID:\t\t0x16c8\n\tProcess Name:\t\tC:\\Program Files (x86)\\Dropbox\\Client\\Dropbox.exe\n\nAccess Request Information:\n\tAccesses:\t\tReadAttributes\n\t\t\t\t\n\tAccess Mask:\t\t0x80","version":1,"objectServer":"Security","handleID":"0x2254","objectType":"File","computerName":"DESKTOP-MAC610T","taskCategory":"File System","source":"Microsoft-Windows-Security-Auditing","resourceAttributes":"S:AI","level":"Information","processName":"C:\\Program Files (x86)\\Dropbox\\Client\\Dropbox.exe","objectName":"C:\\Users\\Virtual Windows 10\\Dropbox","accountDomain":"DESKTOP-MAC610T","processID":"0x16c8","keyword":["Audit Success"],"upCode":"Info","@context":"http://sepses.ifs.tuwien.ac.at/contexts/wineventlog.jsonld","@id":"http://example.org/logEntry#logEntry-eb4f81f8-6328-4e93-8e39-7ae063ef73e1","hasLogType":"wineventlog","logonID":"0x1edf9","originatesFrom":{"hostName":{"name":"DESKTOP-MAC610T"},"@type":"rdf:nodeID","@id":"http://example.org/sepses#3eea6172-a9f4-43fe-bf9c-a0f207e71501"},"timestamp":"2018-08-27T15:53:16.968Z"}
{"accessMask":"0x80","accountName":"Virtual Windows 10","@timestamp":"2018-08-27T15:53:16.969Z","accesses":"%%4423\n\t\t\t\t","logName":"Security","@type":"http://purl.org/sepses/vocab/log/wineventlog#WindowsEventLogEntry","eventID":4663,"logMessage":"An attempt was made to access an object.\n\nSubject:\n\tSecurity ID:\t\tS-1-5-21-2889181789-4222170037-1347726928-1001\n\tAccount Name:\t\tVirtual Windows 10\n\tAccount Domain:\t\tDESKTOP-MAC610T\n\tLogon ID:\t\t0x1EDF9\n\nObject:\n\tObject Server:\t\tSecurity\n\tObject Type:\t\tFile\n\tObject Name:\t\tC:\\Users\\Virtual Windows 10\\Dropbox\n\tHandle ID:\t\t0x2254\n\tResource Attributes:\tS:AI\n\nProcess Information:\n\tProcess ID:\t\t0x16c8\n\tProcess Name:\t\tC:\\Program Files (x86)\\Dropbox\\Client\\Dropbox.exe\n\nAccess Request Information:\n\tAccesses:\t\tReadAttributes\n\t\t\t\t\n\tAccess Mask:\t\t0x80","version":1,"objectServer":"Security","handleID":"0x2254","objectType":"File","computerName":"DESKTOP-MAC610T","taskCategory":"File System","source":"Microsoft-Windows-Security-Auditing","resourceAttributes":"S:AI","level":"Information","processName":"C:\\Program Files (x86)\\Dropbox\\Client\\Dropbox.exe","objectName":"C:\\Users\\Virtual Windows 10\\Dropbox","accountDomain":"DESKTOP-MAC610T","processID":"0x16c8","keyword":["Audit Success"],"upCode":"Info","@context":"http://sepses.ifs.tuwien.ac.at/contexts/wineventlog.jsonld","@id":"http://example.org/logEntry#logEntry-752744d7-7198-41e2-aa47-5483d70f2044","hasLogType":"wineventlog","logonID":"0x1edf9","originatesFrom":{"hostName":{"name":"DESKTOP-MAC610T"},"@type":"rdf:nodeID","@id":"http://example.org/sepses#601fa473-a15f-4c44-a543-e01ca9db596b"},"timestamp":"2018-08-27T15:53:16.969Z"}
{"accessMask":"0x80","accountName":"Virtual Windows 10","@timestamp":"2018-08-27T15:53:16.970Z","accesses":"%%4423\n\t\t\t\t","logName":"Security","@type":"http://purl.org/sepses/vocab/log/wineventlog#WindowsEventLogEntry","eventID":4663,"logMessage":"An attempt was made to access an object.\n\nSubject:\n\tSecurity ID:\t\tS-1-5-21-2889181789-4222170037-1347726928-1001\n\tAccount Name:\t\tVirtual Windows 10\n\tAccount Domain:\t\tDESKTOP-MAC610T\n\tLogon ID:\t\t0x1EDF9\n\nObject:\n\tObject Server:\t\tSecurity\n\tObject Type:\t\tFile\n\tObject Name:\t\tC:\\Users\\Virtual Windows 10\\Dropbox\n\tHandle ID:\t\t0x2254\n\tResource Attributes:\tS:AI\n\nProcess Information:\n\tProcess ID:\t\t0x16c8\n\tProcess Name:\t\tC:\\Program Files (x86)\\Dropbox\\Client\\Dropbox.exe\n\nAccess Request Information:\n\tAccesses:\t\tReadAttributes\n\t\t\t\t\n\tAccess Mask:\t\t0x80","version":1,"objectServer":"Security","handleID":"0x2254","objectType":"File","computerName":"DESKTOP-MAC610T","taskCategory":"File System","source":"Microsoft-Windows-Security-Auditing","resourceAttributes":"S:AI","level":"Information","processName":"C:\\Program Files (x86)\\Dropbox\\Client\\Dropbox.exe","objectName":"C:\\Users\\Virtual Windows 10\\Dropbox","accountDomain":"DESKTOP-MAC610T","processID":"0x16c8","keyword":["Audit Success"],"upCode":"Info","@context":"http://sepses.ifs.tuwien.ac.at/contexts/wineventlog.jsonld","@id":"http://example.org/logEntry#logEntry-c38f1f0e-8b76-4326-9bb0-76fdbd11e81d","hasLogType":"wineventlog","logonID":"0x1edf9","originatesFrom":{"hostName":{"name":"DESKTOP-MAC610T"},"@type":"rdf:nodeID","@id":"http://example.org/sepses#8327f8da-c93c-4414-9113-c06639508592"},"timestamp":"2018-08-27T15:53:16.970Z"}
{"accessMask":"0x80","accountName":"Virtual Windows 10","@timestamp":"2018-08-27T15:53:17.413Z","accesses":"%%4423\n\t\t\t\t","logName":"Security","@type":"http://purl.org/sepses/vocab/log/wineventlog#WindowsEventLogEntry","eventID":4663,"logMessage":"An attempt was made to access an object.\n\nSubject:\n\tSecurity ID:\t\tS-1-5-21-2889181789-4222170037-1347726928-1001\n\tAccount Name:\t\tVirtual Windows 10\n\tAccount Domain:\t\tDESKTOP-MAC610T\n\tLogon ID:\t\t0x1EDF9\n\nObject:\n\tObject Server:\t\tSecurity\n\tObject Type:\t\tFile\n\tObject Name:\t\tC:\\Users\\Virtual Windows 10\\UserDocuments\n\tHandle ID:\t\t0x49b0\n\tResource Attributes:\tS:AI\n\nProcess Information:\n\tProcess ID:\t\t0x54\n\tProcess Name:\t\tC:\\Windows\\explorer.exe\n\nAccess Request Information:\n\tAccesses:\t\tReadAttributes\n\t\t\t\t\n\tAccess Mask:\t\t0x80","version":1,"objectServer":"Security","handleID":"0x49b0","objectType":"File","computerName":"DESKTOP-MAC610T","taskCategory":"File System","source":"Microsoft-Windows-Security-Auditing","resourceAttributes":"S:AI","level":"Information","processName":"C:\\Windows\\explorer.exe","objectName":"C:\\Users\\Virtual Windows 10\\UserDocuments","accountDomain":"DESKTOP-MAC610T","processID":"0x54","keyword":["Audit Success"],"upCode":"Info","@context":"http://sepses.ifs.tuwien.ac.at/contexts/wineventlog.jsonld","@id":"http://example.org/logEntry#logEntry-7eb212d7-13dc-40a5-a9e0-b70c851f0857","hasLogType":"wineventlog","logonID":"0x1edf9","originatesFrom":{"hostName":{"name":"DESKTOP-MAC610T"},"@type":"rdf:nodeID","@id":"http://example.org/sepses#79d7c390-80d9-4c19-8aec-270f65ca1ece"},"timestamp":"2018-08-27T15:53:17.413Z"}
{"accessMask":"0x80","accountName":"Virtual Windows 10","@timestamp":"2018-08-27T15:53:17.413Z","accesses":"%%4423\n\t\t\t\t","logName":"Security","@type":"http://purl.org/sepses/vocab/log/wineventlog#WindowsEventLogEntry","eventID":4663,"logMessage":"An attempt was made to access an object.\n\nSubject:\n\tSecurity ID:\t\tS-1-5-21-2889181789-4222170037-1347726928-1001\n\tAccount Name:\t\tVirtual Windows 10\n\tAccount Domain:\t\tDESKTOP-MAC610T\n\tLogon ID:\t\t0x1EDF9\n\nObject:\n\tObject Server:\t\tSecurity\n\tObject Type:\t\tFile\n\tObject Name:\t\tC:\\Users\\Virtual Windows 10\\UserDocuments\n\tHandle ID:\t\t0x49b0\n\tResource Attributes:\tS:AI\n\nProcess Information:\n\tProcess ID:\t\t0x54\n\tProcess Name:\t\tC:\\Windows\\explorer.exe\n\nAccess Request Information:\n\tAccesses:\t\tReadAttributes\n\t\t\t\t\n\tAccess Mask:\t\t0x80","version":1,"objectServer":"Security","handleID":"0x49b0","objectType":"File","computerName":"DESKTOP-MAC610T","taskCategory":"File System","source":"Microsoft-Windows-Security-Auditing","resourceAttributes":"S:AI","level":"Information","processName":"C:\\Windows\\explorer.exe","objectName":"C:\\Users\\Virtual Windows 10\\UserDocuments","accountDomain":"DESKTOP-MAC610T","processID":"0x54","keyword":["Audit Success"],"upCode":"Info","@context":"http://sepses.ifs.tuwien.ac.at/contexts/wineventlog.jsonld","@id":"http://example.org/logEntry#logEntry-46ad89ff-9a35-4f8f-b146-87b278ce41fe","hasLogType":"wineventlog","logonID":"0x1edf9","originatesFrom":{"hostName":{"name":"DESKTOP-MAC610T"},"@type":"rdf:nodeID","@id":"http://example.org/sepses#03e93274-5237-4e37-aa54-359b6ed1c503"},"timestamp":"2018-08-27T15:53:17.413Z"}
