{"timestamp":"2018-08-27T15:28:47.903Z","objectType":"File","hasLogType":"wineventlog","upCode":"Info","accountDomain":"DESKTOP-MAC610T","processID":"0x54","objectName":"C:\\Users\\Virtual Windows 10\\UserDocuments","processName":"C:\\Windows\\explorer.exe","eventID":4663,"@type":"http://purl.org/sepses/vocab/log/wineventlog#WindowsEventLogEntry","logName":"Security","originatesFrom":{"@id":"http://example.org/sepses#611aa451-d1c1-45ad-816a-490c48f05fde","hostName":{"name":"DESKTOP-MAC610T"},"@type":"rdf:nodeID"},"taskCategory":"File System","version":1,"accesses":"%%4423\n\t\t\t\t","keyword":["Audit Success"],"accountName":"Virtual Windows 10","@context":"http://sepses.ifs.tuwien.ac.at/contexts/wineventlog.jsonld","@id":"http://example.org/logEntry#logEntry-7e185938-213c-4d98-969a-82dd20c76e74","@timestamp":"2018-08-27T15:28:47.903Z","handleID":"0x41c4","accessMask":"0x80","computerName":"DESKTOP-MAC610T","source":"Microsoft-Windows-Security-Auditing","level":"Information","logMessage":"An attempt was made to access an object.\n\nSubject:\n\tSecurity ID:\t\tS-1-5-21-2889181789-4222170037-1347726928-1001\n\tAccount Name:\t\tVirtual Windows 10\n\tAccount Domain:\t\tDESKTOP-MAC610T\n\tLogon ID:\t\t0x1EDF9\n\nObject:\n\tObject Server:\t\tSecurity\n\tObject Type:\t\tFile\n\tObject Name:\t\tC:\\Users\\Virtual Windows 10\\UserDocuments\n\tHandle ID:\t\t0x41c4\n\tResource Attributes:\tS:AI\n\nProcess Information:\n\tProcess ID:\t\t0x54\n\tProcess Name:\t\tC:\\Windows\\explorer.exe\n\nAccess Request Information:\n\tAccesses:\t\tReadAttributes\n\t\t\t\t\n\tAccess Mask:\t\t0x80","objectServer":"Security","resourceAttributes":"S:AI","logonID":"0x1edf9"}
{"timestamp":"2018-08-27T15:28:50.089Z","objectType":"File","hasLogType":"wineventlog","upCode":"Info","accountDomain":"DESKTOP-MAC610T","processID":"0x54","objectName":"C:\\Users\\Virtual Windows 10\\Dropbox","processName":"C:\\Windows\\explorer.exe","eventID":4663,"@type":"http://purl.org/sepses/vocab/log/wineventlog#WindowsEventLogEntry","logName":"Security","originatesFrom":{"@id":"http://example.org/sepses#b714c901-dc2c-4577-bbdb-06a8703977c7","hostName":{"name":"DESKTOP-MAC610T"},"@type":"rdf:nodeID"},"taskCategory":"File System","version":1,"accesses":"%%4423\n\t\t\t\t","keyword":["Audit Success"],"accountName":"Virtual Windows 10","@context":"http://sepses.ifs.tuwien.ac.at/contexts/wineventlog.jsonld","@id":"http://example.org/logEntry#logEntry-6971b6e8-2bf8-4f96-82e7-d6d1781a553e","@timestamp":"2018-08-27T15:28:50.089Z","handleID":"0x3388","accessMask":"0x80","computerName":"DESKTOP-MAC610T","source":"Microsoft-Windows-Security-Auditing","level":"Information","logMessage":"An attempt was made to access an object.\n\nSubject:\n\tSecurity ID:\t\tS-1-5-21-2889181789-4222170037-1347726928-1001\n\tAccount Name:\t\tVirtual Windows 10\n\tAccount Domain:\t\tDESKTOP-MAC610T\n\tLogon ID:\t\t0x1EDF9\n\nObject:\n\tObject Server:\t\tSecurity\n\tObject Type:\t\tFile\n\tObject Name:\t\tC:\\Users\\Virtual Windows 10\\Dropbox\n\tHandle ID:\t\t0x3388\n\tResource Attributes:\tS:AI\n\nProcess Information:\n\tProcess ID:\t\t0x54\n\tProcess Name:\t\tC:\\Windows\\explorer.exe\n\nAccess Request Information:\n\tAccesses:\t\tReadAttributes\n\t\t\t\t\n\tAccess Mask:\t\t0x80","objectServer":"Security","resourceAttributes":"S:AI","logonID":"0x1edf9"}
{"timestamp":"2018-08-27T15:28:50.169Z","objectType":"File","hasLogType":"wineventlog","upCode":"Info","accountDomain":"DESKTOP-MAC610T","processID":"0x54","objectName":"C:\\Users\\Virtual Windows 10\\UserDocuments","processName":"C:\\Windows\\explorer.exe","eventID":4663,"@type":"http://purl.org/sepses/vocab/log/wineventlog#WindowsEventLogEntry","logName":"Security","originatesFrom":{"@id":"http://example.org/sepses#18febdf6-462a-474f-9d4f-bd196ee6e302","hostName":{"name":"DESKTOP-MAC610T"},"@type":"rdf:nodeID"},"taskCategory":"File System","version":1,"accesses":"%%4423\n\t\t\t\t","keyword":["Audit Success"],"accountName":"Virtual Windows 10","@context":"http://sepses.ifs.tuwien.ac.at/contexts/wineventlog.jsonld","@id":"http://example.org/logEntry#logEntry-4ab37c63-c21c-4cd5-9220-e648f4e13a30","@timestamp":"2018-08-27T15:28:50.169Z","handleID":"0x3ef4","accessMask":"0x80","computerName":"DESKTOP-MAC610T","source":"Microsoft-Windows-Security-Auditing","level":"Information","logMessage":"An attempt was made to access an object.\n\nSubject:\n\tSecurity ID:\t\tS-1-5-21-2889181789-4222170037-1347726928-1001\n\tAccount Name:\t\tVirtual Windows 10\n\tAccount Domain:\t\tDESKTOP-MAC610T\n\tLogon ID:\t\t0x1EDF9\n\nObject:\n\tObject Server:\t\tSecurity\n\tObject Type:\t\tFile\n\tObject Name:\t\tC:\\Users\\Virtual Windows 10\\UserDocuments\n\tHandle ID:\t\t0x3ef4\n\tResource Attributes:\tS:AI\n\nProcess Information:\n\tProcess ID:\t\t0x54\n\tProcess Name:\t\tC:\\Windows\\explorer.exe\n\nAccess Request Information:\n\tAccesses:\t\tReadAttributes\n\t\t\t\t\n\tAccess Mask:\t\t0x80","objectServer":"Security","resourceAttributes":"S:AI","logonID":"0x1edf9"}
{"timestamp":"2018-08-27T15:28:52.177Z","objectType":"File","hasLogType":"wineventlog","upCode":"Info","accountDomain":"DESKTOP-MAC610T","processID":"0x54","objectName":"C:\\Users\\Virtual Windows 10\\Dropbox\\desktop.ini","processName":"C:\\Windows\\explorer.exe","eventID":4663,"@type":"http://purl.org/sepses/vocab/log/wineventlog#WindowsEventLogEntry","logName":"Security","originatesFrom":{"@id":"http://example.org/sepses#956e74ff-7d1c-437e-b5f6-7f68e387a469","hostName":{"name":"DESKTOP-MAC610T"},"@type":"rdf:nodeID"},"taskCategory":"File System","version":1,"accesses":"%%4423\n\t\t\t\t","keyword":["Audit Success"],"accountName":"Virtual Windows 10","@context":"http://sepses.ifs.tuwien.ac.at/contexts/wineventlog.jsonld","@id":"http://example.org/logEntry#logEntry-3c0362da-33aa-482d-99be-e323b992cd70","@timestamp":"2018-08-27T15:28:52.177Z","handleID":"0x3a44","accessMask":"0x80","computerName":"DESKTOP-MAC610T","source":"Microsoft-Windows-Security-Auditing","level":"Information","logMessage":"An attempt was made to access an object.\n\nSubject:\n\tSecurity ID:\t\tS-1-5-21-2889181789-4222170037-1347726928-1001\n\tAccount Name:\t\tVirtual Windows 10\n\tAccount Domain:\t\tDESKTOP-MAC610T\n\tLogon ID:\t\t0x1EDF9\n\nObject:\n\tObject Server:\t\tSecurity\n\tObject Type:\t\tFile\n\tObject Name:\t\tC:\\Users\\Virtual Windows 10\\Dropbox\\desktop.ini\n\tHandle ID:\t\t0x3a44\n\tResource Attributes:\tS:AI\n\nProcess Information:\n\tProcess ID:\t\t0x54\n\tProcess Name:\t\tC:\\Windows\\explorer.exe\n\nAccess Request Information:\n\tAccesses:\t\tReadAttributes\n\t\t\t\t\n\tAccess Mask:\t\t0x80","objectServer":"Security","resourceAttributes":"S:AI","logonID":"0x1edf9"}
{"timestamp":"2018-08-27T15:28:52.761Z","objectType":"File","hasLogType":"wineventlog","upCode":"Info","accountDomain":"DESKTOP-MAC610T","processID":"0x54","objectName":"C:\\Users\\Virtual Windows 10\\Dropbox","processName":"C:\\Windows\\explorer.exe","eventID":4663,"@type":"http://purl.org/sepses/vocab/log/wineventlog#WindowsEventLogEntry","logName":"Security","originatesFrom":{"@id":"http://example.org/sepses#90fabc93-c702-453e-ac6b-444eec97c179","hostName":{"name":"DESKTOP-MAC610T"},"@type":"rdf:nodeID"},"taskCategory":"File System","version":1,"accesses":"%%4423\n\t\t\t\t","keyword":["Audit Success"],"accountName":"Virtual Windows 10","@context":"http://sepses.ifs.tuwien.ac.at/contexts/wineventlog.jsonld","@id":"http://example.org/logEntry#logEntry-f9c06480-6d9f-4e2f-8e2a-468230eb9c07","@timestamp":"2018-08-27T15:28:52.761Z","handleID":"0x1fe4","accessMask":"0x80","computerName":"DESKTOP-MAC610T","source":"Microsoft-Windows-Security-Auditing","level":"Information","logMessage":"An attempt was made to access an object.\n\nSubject:\n\tSecurity ID:\t\tS-1-5-21-2889181789-4222170037-1347726928-1001\n\tAccount Name:\t\tVirtual Windows 10\n\tAccount Domain:\t\tDESKTOP-MAC610T\n\tLogon ID:\t\t0x1EDF9\n\nObject:\n\tObject Server:\t\tSecurity\n\tObject Type:\t\tFile\n\tObject Name:\t\tC:\\Users\\Virtual Windows 10\\Dropbox\n\tHandle ID:\t\t0x1fe4\n\tResource Attributes:\tS:AI\n\nProcess Information:\n\tProcess ID:\t\t0x54\n\tProcess Name:\t\tC:\\Windows\\explorer.exe\n\nAccess Request Information:\n\tAccesses:\t\tReadAttributes\n\t\t\t\t\n\tAccess Mask:\t\t0x80","objectServer":"Security","resourceAttributes":"S:AI","logonID":"0x1edf9"}
{"timestamp":"2018-08-27T15:28:52.799Z","objectType":"File","hasLogType":"wineventlog","upCode":"Info","accountDomain":"DESKTOP-MAC610T","processID":"0x54","objectName":"C:\\Users\\Virtual Windows 10\\UserDocuments","processName":"C:\\Windows\\explorer.exe","eventID":4663,"@type":"http://purl.org/sepses/vocab/log/wineventlog#WindowsEventLogEntry","logName":"Security","originatesFrom":{"@id":"http://example.org/sepses#0ab15774-1a1e-4e96-a27c-7f3c4740698b","hostName":{"name":"DESKTOP-MAC610T"},"@type":"rdf:nodeID"},"taskCategory":"File System","version":1,"accesses":"%%4423\n\t\t\t\t","keyword":["Audit Success"],"accountName":"Virtual Windows 10","@context":"http://sepses.ifs.tuwien.ac.at/contexts/wineventlog.jsonld","@id":"http://example.org/logEntry#logEntry-364311d8-45bc-44e0-b35b-d95bf7ea7998","@timestamp":"2018-08-27T15:28:52.799Z","handleID":"0x3b04","accessMask":"0x80","computerName":"DESKTOP-MAC610T","source":"Microsoft-Windows-Security-Auditing","level":"Information","logMessage":"An attempt was made to access an object.\n\nSubject:\n\tSecurity ID:\t\tS-1-5-21-2889181789-4222170037-1347726928-1001\n\tAccount Name:\t\tVirtual Windows 10\n\tAccount Domain:\t\tDESKTOP-MAC610T\n\tLogon ID:\t\t0x1EDF9\n\nObject:\n\tObject Server:\t\tSecurity\n\tObject Type:\t\tFile\n\tObject Name:\t\tC:\\Users\\Virtual Windows 10\\UserDocuments\n\tHandle ID:\t\t0x3b04\n\tResource Attributes:\tS:AI\n\nProcess Information:\n\tProcess ID:\t\t0x54\n\tProcess Name:\t\tC:\\Windows\\explorer.exe\n\nAccess Request Information:\n\tAccesses:\t\tReadAttributes\n\t\t\t\t\n\tAccess Mask:\t\t0x80","objectServer":"Security","resourceAttributes":"S:AI","logonID":"0x1edf9"}
{"timestamp":"2018-08-27T15:28:55.372Z","objectType":"File","hasLogType":"wineventlog","upCode":"Info","accountDomain":"DESKTOP-MAC610T","processID":"0x54","objectName":"C:\\Users\\Virtual Windows 10\\Dropbox","processName":"C:\\Windows\\explorer.exe","eventID":4663,"@type":"http://purl.org/sepses/vocab/log/wineventlog#WindowsEventLogEntry","logName":"Security","originatesFrom":{"@id":"http://example.org/sepses#61cbc453-1fb9-4e9a-a938-2a544a11b077","hostName":{"name":"DESKTOP-MAC610T"},"@type":"rdf:nodeID"},"taskCategory":"File System","version":1,"accesses":"%%4423\n\t\t\t\t","keyword":["Audit Success"],"accountName":"Virtual Windows 10","@context":"http://sepses.ifs.tuwien.ac.at/contexts/wineventlog.jsonld","@id":"http://example.org/logEntry#logEntry-77aaa6a5-a527-45b2-972b-b868ae2fbbf6","@timestamp":"2018-08-27T15:28:55.372Z","handleID":"0x2f14","accessMask":"0x80","computerName":"DESKTOP-MAC610T","source":"Microsoft-Windows-Security-Auditing","level":"Information","logMessage":"An attempt was made to access an object.\n\nSubject:\n\tSecurity ID:\t\tS-1-5-21-2889181789-4222170037-1347726928-1001\n\tAccount Name:\t\tVirtual Windows 10\n\tAccount Domain:\t\tDESKTOP-MAC610T\n\tLogon ID:\t\t0x1EDF9\n\nObject:\n\tObject Server:\t\tSecurity\n\tObject Type:\t\tFile\n\tObject Name:\t\tC:\\Users\\Virtual Windows 10\\Dropbox\n\tHandle ID:\t\t0x2f14\n\tResource Attributes:\tS:AI\n\nProcess Information:\n\tProcess ID:\t\t0x54\n\tProcess Name:\t\tC:\\Windows\\explorer.exe\n\nAccess Request Information:\n\tAccesses:\t\tReadAttributes\n\t\t\t\t\n\tAccess Mask:\t\t0x80","objectServer":"Security","resourceAttributes":"S:AI","logonID":"0x1edf9"}
{"timestamp":"2018-08-27T15:28:55.426Z","objectType":"File","hasLogType":"wineventlog","upCode":"Info","accountDomain":"DESKTOP-MAC610T","processID":"0x54","objectName":"C:\\Users\\Virtual Windows 10\\UserDocuments","processName":"C:\\Windows\\explorer.exe","eventID":4663,"@type":"http://purl.org/sepses/vocab/log/wineventlog#WindowsEventLogEntry","logName":"Security","originatesFrom":{"@id":"http://example.org/sepses#534ce1e1-35dd-4f53-85ae-b2fbc82bf46b","hostName":{"name":"DESKTOP-MAC610T"},"@type":"rdf:nodeID"},"taskCategory":"File System","version":1,"accesses":"%%4423\n\t\t\t\t","keyword":["Audit Success"],"accountName":"Virtual Windows 10","@context":"http://sepses.ifs.tuwien.ac.at/contexts/wineventlog.jsonld","@id":"http://example.org/logEntry#logEntry-88fbc65b-a4b0-4ef9-a48d-bd370f08c367","@timestamp":"2018-08-27T15:28:55.426Z","handleID":"0x4bd8","accessMask":"0x80","computerName":"DESKTOP-MAC610T","source":"Microsoft-Windows-Security-Auditing","level":"Information","logMessage":"An attempt was made to access an object.\n\nSubject:\n\tSecurity ID:\t\tS-1-5-21-2889181789-4222170037-1347726928-1001\n\tAccount Name:\t\tVirtual Windows 10\n\tAccount Domain:\t\tDESKTOP-MAC610T\n\tLogon ID:\t\t0x1EDF9\n\nObject:\n\tObject Server:\t\tSecurity\n\tObject Type:\t\tFile\n\tObject Name:\t\tC:\\Users\\Virtual Windows 10\\UserDocuments\n\tHandle ID:\t\t0x4bd8\n\tResource Attributes:\tS:AI\n\nProcess Information:\n\tProcess ID:\t\t0x54\n\tProcess Name:\t\tC:\\Windows\\explorer.exe\n\nAccess Request Information:\n\tAccesses:\t\tReadAttributes\n\t\t\t\t\n\tAccess Mask:\t\t0x80","objectServer":"Security","resourceAttributes":"S:AI","logonID":"0x1edf9"}
{"timestamp":"2018-08-27T15:29:02.849Z","objectType":"File","hasLogType":"wineventlog","upCode":"Info","accountDomain":"DESKTOP-MAC610T","processID":"0x54","objectName":"C:\\Users\\Virtual Windows 10\\Dropbox","processName":"C:\\Windows\\explorer.exe","eventID":4663,"@type":"http://purl.org/sepses/vocab/log/wineventlog#WindowsEventLogEntry","logName":"Security","originatesFrom":{"@id":"http://example.org/sepses#4638e781-54a8-4ede-bc94-0b34422c0bc0","hostName":{"name":"DESKTOP-MAC610T"},"@type":"rdf:nodeID"},"taskCategory":"File System","version":1,"accesses":"%%4423\n\t\t\t\t","keyword":["Audit Success"],"accountName":"Virtual Windows 10","@context":"http://sepses.ifs.tuwien.ac.at/contexts/wineventlog.jsonld","@id":"http://example.org/logEntry#logEntry-d732bce0-f54f-4ef9-83f9-543c7cd7a421","@timestamp":"2018-08-27T15:29:02.849Z","handleID":"0x4348","accessMask":"0x80","computerName":"DESKTOP-MAC610T","source":"Microsoft-Windows-Security-Auditing","level":"Information","logMessage":"An attempt was made to access an object.\n\nSubject:\n\tSecurity ID:\t\tS-1-5-21-2889181789-4222170037-1347726928-1001\n\tAccount Name:\t\tVirtual Windows 10\n\tAccount Domain:\t\tDESKTOP-MAC610T\n\tLogon ID:\t\t0x1EDF9\n\nObject:\n\tObject Server:\t\tSecurity\n\tObject Type:\t\tFile\n\tObject Name:\t\tC:\\Users\\Virtual Windows 10\\Dropbox\n\tHandle ID:\t\t0x4348\n\tResource Attributes:\tS:AI\n\nProcess Information:\n\tProcess ID:\t\t0x54\n\tProcess Name:\t\tC:\\Windows\\explorer.exe\n\nAccess Request Information:\n\tAccesses:\t\tReadAttributes\n\t\t\t\t\n\tAccess Mask:\t\t0x80","objectServer":"Security","resourceAttributes":"S:AI","logonID":"0x1edf9"}
{"timestamp":"2018-08-27T15:29:02.895Z","objectType":"File","hasLogType":"wineventlog","upCode":"Info","accountDomain":"DESKTOP-MAC610T","processID":"0x54","objectName":"C:\\Users\\Virtual Windows 10\\UserDocuments","processName":"C:\\Windows\\explorer.exe","eventID":4663,"@type":"http://purl.org/sepses/vocab/log/wineventlog#WindowsEventLogEntry","logName":"Security","originatesFrom":{"@id":"http://example.org/sepses#13c644dd-aa1a-444c-9c38-87a8bf918b76","hostName":{"name":"DESKTOP-MAC610T"},"@type":"rdf:nodeID"},"taskCategory":"File System","version":1,"accesses":"%%4423\n\t\t\t\t","keyword":["Audit Success"],"accountName":"Virtual Windows 10","@context":"http://sepses.ifs.tuwien.ac.at/contexts/wineventlog.jsonld","@id":"http://example.org/logEntry#logEntry-0423641e-10f5-43c9-a1d3-b45cd90c5434","@timestamp":"2018-08-27T15:29:02.895Z","handleID":"0x2b6c","accessMask":"0x80","computerName":"DESKTOP-MAC610T","source":"Microsoft-Windows-Security-Auditing","level":"Information","logMessage":"An attempt was made to access an object.\n\nSubject:\n\tSecurity ID:\t\tS-1-5-21-2889181789-4222170037-1347726928-1001\n\tAccount Name:\t\tVirtual Windows 10\n\tAccount Domain:\t\tDESKTOP-MAC610T\n\tLogon ID:\t\t0x1EDF9\n\nObject:\n\tObject Server:\t\tSecurity\n\tObject Type:\t\tFile\n\tObject Name:\t\tC:\\Users\\Virtual Windows 10\\UserDocuments\n\tHandle ID:\t\t0x2b6c\n\tResource Attributes:\tS:AI\n\nProcess Information:\n\tProcess ID:\t\t0x54\n\tProcess Name:\t\tC:\\Windows\\explorer.exe\n\nAccess Request Information:\n\tAccesses:\t\tReadAttributes\n\t\t\t\t\n\tAccess Mask:\t\t0x80","objectServer":"Security","resourceAttributes":"S:AI","logonID":"0x1edf9"}
{"timestamp":"2018-08-27T15:29:13.393Z","objectType":"File","hasLogType":"wineventlog","upCode":"Info","accountDomain":"DESKTOP-MAC610T","processID":"0x54","objectName":"C:\\Users\\Virtual Windows 10\\Dropbox","processName":"C:\\Windows\\explorer.exe","eventID":4663,"@type":"http://purl.org/sepses/vocab/log/wineventlog#WindowsEventLogEntry","logName":"Security","originatesFrom":{"@id":"http://example.org/sepses#0d4bbf63-f25b-463b-8f9f-916e17aaad2c","hostName":{"name":"DESKTOP-MAC610T"},"@type":"rdf:nodeID"},"taskCategory":"File System","version":1,"accesses":"%%4423\n\t\t\t\t","keyword":["Audit Success"],"accountName":"Virtual Windows 10","@context":"http://sepses.ifs.tuwien.ac.at/contexts/wineventlog.jsonld","@id":"http://example.org/logEntry#logEntry-9197e1a3-d86f-463b-bf2a-82250b9e94b2","@timestamp":"2018-08-27T15:29:13.393Z","handleID":"0x2cd8","accessMask":"0x80","computerName":"DESKTOP-MAC610T","source":"Microsoft-Windows-Security-Auditing","level":"Information","logMessage":"An attempt was made to access an object.\n\nSubject:\n\tSecurity ID:\t\tS-1-5-21-2889181789-4222170037-1347726928-1001\n\tAccount Name:\t\tVirtual Windows 10\n\tAccount Domain:\t\tDESKTOP-MAC610T\n\tLogon ID:\t\t0x1EDF9\n\nObject:\n\tObject Server:\t\tSecurity\n\tObject Type:\t\tFile\n\tObject Name:\t\tC:\\Users\\Virtual Windows 10\\Dropbox\n\tHandle ID:\t\t0x2cd8\n\tResource Attributes:\tS:AI\n\nProcess Information:\n\tProcess ID:\t\t0x54\n\tProcess Name:\t\tC:\\Windows\\explorer.exe\n\nAccess Request Information:\n\tAccesses:\t\tReadAttributes\n\t\t\t\t\n\tAccess Mask:\t\t0x80","objectServer":"Security","resourceAttributes":"S:AI","logonID":"0x1edf9"}
{"timestamp":"2018-08-27T15:29:13.417Z","objectType":"File","hasLogType":"wineventlog","upCode":"Info","accountDomain":"DESKTOP-MAC610T","processID":"0x54","objectName":"C:\\Users\\Virtual Windows 10\\UserDocuments","processName":"C:\\Windows\\explorer.exe","eventID":4663,"@type":"http://purl.org/sepses/vocab/log/wineventlog#WindowsEventLogEntry","logName":"Security","originatesFrom":{"@id":"http://example.org/sepses#4d31deba-a61b-456f-a81b-4e1acaea0f33","hostName":{"name":"DESKTOP-MAC610T"},"@type":"rdf:nodeID"},"taskCategory":"File System","version":1,"accesses":"%%4423\n\t\t\t\t","keyword":["Audit Success"],"accountName":"Virtual Windows 10","@context":"http://sepses.ifs.tuwien.ac.at/contexts/wineventlog.jsonld","@id":"http://example.org/logEntry#logEntry-fbdeac41-cf40-45d5-abdd-fc0a89a5dc1d","@timestamp":"2018-08-27T15:29:13.417Z","handleID":"0x41ec","accessMask":"0x80","computerName":"DESKTOP-MAC610T","source":"Microsoft-Windows-Security-Auditing","level":"Information","logMessage":"An attempt was made to access an object.\n\nSubject:\n\tSecurity ID:\t\tS-1-5-21-2889181789-4222170037-1347726928-1001\n\tAccount Name:\t\tVirtual Windows 10\n\tAccount Domain:\t\tDESKTOP-MAC610T\n\tLogon ID:\t\t0x1EDF9\n\nObject:\n\tObject Server:\t\tSecurity\n\tObject Type:\t\tFile\n\tObject Name:\t\tC:\\Users\\Virtual Windows 10\\UserDocuments\n\tHandle ID:\t\t0x41ec\n\tResource Attributes:\tS:AI\n\nProcess Information:\n\tProcess ID:\t\t0x54\n\tProcess Name:\t\tC:\\Windows\\explorer.exe\n\nAccess Request Information:\n\tAccesses:\t\tReadAttributes\n\t\t\t\t\n\tAccess Mask:\t\t0x80","objectServer":"Security","resourceAttributes":"S:AI","logonID":"0x1edf9"}
{"timestamp":"2018-08-27T15:29:15.959Z","objectType":"File","hasLogType":"wineventlog","upCode":"Info","accountDomain":"DESKTOP-MAC610T","processID":"0x54","objectName":"C:\\Users\\Virtual Windows 10\\Dropbox","processName":"C:\\Windows\\explorer.exe","eventID":4663,"@type":"http://purl.org/sepses/vocab/log/wineventlog#WindowsEventLogEntry","logName":"Security","originatesFrom":{"@id":"http://example.org/sepses#676d6bec-9edf-4742-8b1d-b76a1977e30e","hostName":{"name":"DESKTOP-MAC610T"},"@type":"rdf:nodeID"},"taskCategory":"File System","version":1,"accesses":"%%4423\n\t\t\t\t","keyword":["Audit Success"],"accountName":"Virtual Windows 10","@context":"http://sepses.ifs.tuwien.ac.at/contexts/wineventlog.jsonld","@id":"http://example.org/logEntry#logEntry-dd138c7a-40bd-422c-bd9e-646f8fc31ff5","@timestamp":"2018-08-27T15:29:15.959Z","handleID":"0x3928","accessMask":"0x80","computerName":"DESKTOP-MAC610T","source":"Microsoft-Windows-Security-Auditing","level":"Information","logMessage":"An attempt was made to access an object.\n\nSubject:\n\tSecurity ID:\t\tS-1-5-21-2889181789-4222170037-1347726928-1001\n\tAccount Name:\t\tVirtual Windows 10\n\tAccount Domain:\t\tDESKTOP-MAC610T\n\tLogon ID:\t\t0x1EDF9\n\nObject:\n\tObject Server:\t\tSecurity\n\tObject Type:\t\tFile\n\tObject Name:\t\tC:\\Users\\Virtual Windows 10\\Dropbox\n\tHandle ID:\t\t0x3928\n\tResource Attributes:\tS:AI\n\nProcess Information:\n\tProcess ID:\t\t0x54\n\tProcess Name:\t\tC:\\Windows\\explorer.exe\n\nAccess Request Information:\n\tAccesses:\t\tReadAttributes\n\t\t\t\t\n\tAccess Mask:\t\t0x80","objectServer":"Security","resourceAttributes":"S:AI","logonID":"0x1edf9"}
{"timestamp":"2018-08-27T15:29:15.998Z","objectType":"File","hasLogType":"wineventlog","upCode":"Info","accountDomain":"DESKTOP-MAC610T","processID":"0x54","objectName":"C:\\Users\\Virtual Windows 10\\UserDocuments","processName":"C:\\Windows\\explorer.exe","eventID":4663,"@type":"http://purl.org/sepses/vocab/log/wineventlog#WindowsEventLogEntry","logName":"Security","originatesFrom":{"@id":"http://example.org/sepses#75f6cdd8-f71a-4d61-bb6f-dbed80e3afb4","hostName":{"name":"DESKTOP-MAC610T"},"@type":"rdf:nodeID"},"taskCategory":"File System","version":1,"accesses":"%%4423\n\t\t\t\t","keyword":["Audit Success"],"accountName":"Virtual Windows 10","@context":"http://sepses.ifs.tuwien.ac.at/contexts/wineventlog.jsonld","@id":"http://example.org/logEntry#logEntry-ce966b46-afa6-4a0f-8a41-4a60a667fea3","@timestamp":"2018-08-27T15:29:15.998Z","handleID":"0x308c","accessMask":"0x80","computerName":"DESKTOP-MAC610T","source":"Microsoft-Windows-Security-Auditing","level":"Information","logMessage":"An attempt was made to access an object.\n\nSubject:\n\tSecurity ID:\t\tS-1-5-21-2889181789-4222170037-1347726928-1001\n\tAccount Name:\t\tVirtual Windows 10\n\tAccount Domain:\t\tDESKTOP-MAC610T\n\tLogon ID:\t\t0x1EDF9\n\nObject:\n\tObject Server:\t\tSecurity\n\tObject Type:\t\tFile\n\tObject Name:\t\tC:\\Users\\Virtual Windows 10\\UserDocuments\n\tHandle ID:\t\t0x308c\n\tResource Attributes:\tS:AI\n\nProcess Information:\n\tProcess ID:\t\t0x54\n\tProcess Name:\t\tC:\\Windows\\explorer.exe\n\nAccess Request Information:\n\tAccesses:\t\tReadAttributes\n\t\t\t\t\n\tAccess Mask:\t\t0x80","objectServer":"Security","resourceAttributes":"S:AI","logonID":"0x1edf9"}
{"timestamp":"2018-08-27T15:29:21.316Z","objectType":"File","hasLogType":"wineventlog","upCode":"Info","accountDomain":"DESKTOP-MAC610T","processID":"0x16c8","objectName":"C:\\Users\\Virtual Windows 10\\Dropbox","processName":"C:\\Program Files (x86)\\Dropbox\\Client\\Dropbox.exe","eventID":4663,"@type":"http://purl.org/sepses/vocab/log/wineventlog#WindowsEventLogEntry","logName":"Security","originatesFrom":{"@id":"http://example.org/sepses#a6cbfb7b-30b4-4360-9098-5f614ed92bd4","hostName":{"name":"DESKTOP-MAC610T"},"@type":"rdf:nodeID"},"taskCategory":"File System","version":1,"accesses":"%%4423\n\t\t\t\t","keyword":["Audit Success"],"accountName":"Virtual Windows 10","@context":"http://sepses.ifs.tuwien.ac.at/contexts/wineventlog.jsonld","@id":"http://example.org/logEntry#logEntry-2df84082-fa47-45dc-be1c-f2c5ba51684b","@timestamp":"2018-08-27T15:29:21.316Z","handleID":"0x814","accessMask":"0x80","computerName":"DESKTOP-MAC610T","source":"Microsoft-Windows-Security-Auditing","level":"Information","logMessage":"An attempt was made to access an object.\n\nSubject:\n\tSecurity ID:\t\tS-1-5-21-2889181789-4222170037-1347726928-1001\n\tAccount Name:\t\tVirtual Windows 10\n\tAccount Domain:\t\tDESKTOP-MAC610T\n\tLogon ID:\t\t0x1EDF9\n\nObject:\n\tObject Server:\t\tSecurity\n\tObject Type:\t\tFile\n\tObject Name:\t\tC:\\Users\\Virtual Windows 10\\Dropbox\n\tHandle ID:\t\t0x814\n\tResource Attributes:\tS:AI\n\nProcess Information:\n\tProcess ID:\t\t0x16c8\n\tProcess Name:\t\tC:\\Program Files (x86)\\Dropbox\\Client\\Dropbox.exe\n\nAccess Request Information:\n\tAccesses:\t\tReadAttributes\n\t\t\t\t\n\tAccess Mask:\t\t0x80","objectServer":"Security","resourceAttributes":"S:AI","logonID":"0x1edf9"}
{"timestamp":"2018-08-27T15:29:21.317Z","objectType":"File","hasLogType":"wineventlog","upCode":"Info","accountDomain":"DESKTOP-MAC610T","processID":"0x16c8","objectName":"C:\\Users\\Virtual Windows 10\\Dropbox","processName":"C:\\Program Files (x86)\\Dropbox\\Client\\Dropbox.exe","eventID":4663,"@type":"http://purl.org/sepses/vocab/log/wineventlog#WindowsEventLogEntry","logName":"Security","originatesFrom":{"@id":"http://example.org/sepses#11b5f30f-9c7e-4dca-aa28-e7d6edb11cae","hostName":{"name":"DESKTOP-MAC610T"},"@type":"rdf:nodeID"},"taskCategory":"File System","version":1,"accesses":"%%4423\n\t\t\t\t","keyword":["Audit Success"],"accountName":"Virtual Windows 10","@context":"http://sepses.ifs.tuwien.ac.at/contexts/wineventlog.jsonld","@id":"http://example.org/logEntry#logEntry-2e9d52ae-0870-4c3d-801e-878c2256d594","@timestamp":"2018-08-27T15:29:21.317Z","handleID":"0x814","accessMask":"0x80","computerName":"DESKTOP-MAC610T","source":"Microsoft-Windows-Security-Auditing","level":"Information","logMessage":"An attempt was made to access an object.\n\nSubject:\n\tSecurity ID:\t\tS-1-5-21-2889181789-4222170037-1347726928-1001\n\tAccount Name:\t\tVirtual Windows 10\n\tAccount Domain:\t\tDESKTOP-MAC610T\n\tLogon ID:\t\t0x1EDF9\n\nObject:\n\tObject Server:\t\tSecurity\n\tObject Type:\t\tFile\n\tObject Name:\t\tC:\\Users\\Virtual Windows 10\\Dropbox\n\tHandle ID:\t\t0x814\n\tResource Attributes:\tS:AI\n\nProcess Information:\n\tProcess ID:\t\t0x16c8\n\tProcess Name:\t\tC:\\Program Files (x86)\\Dropbox\\Client\\Dropbox.exe\n\nAccess Request Information:\n\tAccesses:\t\tReadAttributes\n\t\t\t\t\n\tAccess Mask:\t\t0x80","objectServer":"Security","resourceAttributes":"S:AI","logonID":"0x1edf9"}
{"timestamp":"2018-08-27T15:29:21.317Z","objectType":"File","hasLogType":"wineventlog","upCode":"Info","accountDomain":"DESKTOP-MAC610T","processID":"0x16c8","objectName":"C:\\Users\\Virtual Windows 10\\Dropbox","processName":"C:\\Program Files (x86)\\Dropbox\\Client\\Dropbox.exe","eventID":4663,"@type":"http://purl.org/sepses/vocab/log/wineventlog#WindowsEventLogEntry","logName":"Security","originatesFrom":{"@id":"http://example.org/sepses#6daabd03-af31-4f4b-b067-53713d8cd1da","hostName":{"name":"DESKTOP-MAC610T"},"@type":"rdf:nodeID"},"taskCategory":"File System","version":1,"accesses":"%%4423\n\t\t\t\t","keyword":["Audit Success"],"accountName":"Virtual Windows 10","@context":"http://sepses.ifs.tuwien.ac.at/contexts/wineventlog.jsonld","@id":"http://example.org/logEntry#logEntry-4b69e25c-b180-4b00-ae7f-5beaec84a37a","@timestamp":"2018-08-27T15:29:21.317Z","handleID":"0x814","accessMask":"0x80","computerName":"DESKTOP-MAC610T","source":"Microsoft-Windows-Security-Auditing","level":"Information","logMessage":"An attempt was made to access an object.\n\nSubject:\n\tSecurity ID:\t\tS-1-5-21-2889181789-4222170037-1347726928-1001\n\tAccount Name:\t\tVirtual Windows 10\n\tAccount Domain:\t\tDESKTOP-MAC610T\n\tLogon ID:\t\t0x1EDF9\n\nObject:\n\tObject Server:\t\tSecurity\n\tObject Type:\t\tFile\n\tObject Name:\t\tC:\\Users\\Virtual Windows 10\\Dropbox\n\tHandle ID:\t\t0x814\n\tResource Attributes:\tS:AI\n\nProcess Information:\n\tProcess ID:\t\t0x16c8\n\tProcess Name:\t\tC:\\Program Files (x86)\\Dropbox\\Client\\Dropbox.exe\n\nAccess Request Information:\n\tAccesses:\t\tReadAttributes\n\t\t\t\t\n\tAccess Mask:\t\t0x80","objectServer":"Security","resourceAttributes":"S:AI","logonID":"0x1edf9"}
{"timestamp":"2018-08-27T15:29:22.647Z","objectType":"File","hasLogType":"wineventlog","upCode":"Info","accountDomain":"DESKTOP-MAC610T","processID":"0x54","objectName":"C:\\Users\\Virtual Windows 10\\Dropbox","processName":"C:\\Windows\\explorer.exe","eventID":4663,"@type":"http://purl.org/sepses/vocab/log/wineventlog#WindowsEventLogEntry","logName":"Security","originatesFrom":{"@id":"http://example.org/sepses#5418090a-3228-4641-8580-c6a4a6064a84","hostName":{"name":"DESKTOP-MAC610T"},"@type":"rdf:nodeID"},"taskCategory":"File System","version":1,"accesses":"%%4423\n\t\t\t\t","keyword":["Audit Success"],"accountName":"Virtual Windows 10","@context":"http://sepses.ifs.tuwien.ac.at/contexts/wineventlog.jsonld","@id":"http://example.org/logEntry#logEntry-1f7d2850-9ac8-413f-ba07-dcccd59dc024","@timestamp":"2018-08-27T15:29:22.647Z","handleID":"0x1aa0","accessMask":"0x80","computerName":"DESKTOP-MAC610T","source":"Microsoft-Windows-Security-Auditing","level":"Information","logMessage":"An attempt was made to access an object.\n\nSubject:\n\tSecurity ID:\t\tS-1-5-21-2889181789-4222170037-1347726928-1001\n\tAccount Name:\t\tVirtual Windows 10\n\tAccount Domain:\t\tDESKTOP-MAC610T\n\tLogon ID:\t\t0x1EDF9\n\nObject:\n\tObject Server:\t\tSecurity\n\tObject Type:\t\tFile\n\tObject Name:\t\tC:\\Users\\Virtual Windows 10\\Dropbox\n\tHandle ID:\t\t0x1aa0\n\tResource Attributes:\tS:AI\n\nProcess Information:\n\tProcess ID:\t\t0x54\n\tProcess Name:\t\tC:\\Windows\\explorer.exe\n\nAccess Request Information:\n\tAccesses:\t\tReadAttributes\n\t\t\t\t\n\tAccess Mask:\t\t0x80","objectServer":"Security","resourceAttributes":"S:AI","logonID":"0x1edf9"}
{"timestamp":"2018-08-27T15:29:22.716Z","objectType":"File","hasLogType":"wineventlog","upCode":"Info","accountDomain":"DESKTOP-MAC610T","processID":"0x54","objectName":"C:\\Users\\Virtual Windows 10\\UserDocuments","processName":"C:\\Windows\\explorer.exe","eventID":4663,"@type":"http://purl.org/sepses/vocab/log/wineventlog#WindowsEventLogEntry","logName":"Security","originatesFrom":{"@id":"http://example.org/sepses#bce9f473-0fd0-4293-bd30-42b7175f185f","hostName":{"name":"DESKTOP-MAC610T"},"@type":"rdf:nodeID"},"taskCategory":"File System","version":1,"accesses":"%%4423\n\t\t\t\t","keyword":["Audit Success"],"accountName":"Virtual Windows 10","@context":"http://sepses.ifs.tuwien.ac.at/contexts/wineventlog.jsonld","@id":"http://example.org/logEntry#logEntry-ece666b2-6573-4368-96fc-33dd84b0b000","@timestamp":"2018-08-27T15:29:22.716Z","handleID":"0x3e74","accessMask":"0x80","computerName":"DESKTOP-MAC610T","source":"Microsoft-Windows-Security-Auditing","level":"Information","logMessage":"An attempt was made to access an object.\n\nSubject:\n\tSecurity ID:\t\tS-1-5-21-2889181789-4222170037-1347726928-1001\n\tAccount Name:\t\tVirtual Windows 10\n\tAccount Domain:\t\tDESKTOP-MAC610T\n\tLogon ID:\t\t0x1EDF9\n\nObject:\n\tObject Server:\t\tSecurity\n\tObject Type:\t\tFile\n\tObject Name:\t\tC:\\Users\\Virtual Windows 10\\UserDocuments\n\tHandle ID:\t\t0x3e74\n\tResource Attributes:\tS:AI\n\nProcess Information:\n\tProcess ID:\t\t0x54\n\tProcess Name:\t\tC:\\Windows\\explorer.exe\n\nAccess Request Information:\n\tAccesses:\t\tReadAttributes\n\t\t\t\t\n\tAccess Mask:\t\t0x80","objectServer":"Security","resourceAttributes":"S:AI","logonID":"0x1edf9"}
{"timestamp":"2018-08-27T15:30:03.241Z","objectType":"File","hasLogType":"wineventlog","upCode":"Info","accountDomain":"DESKTOP-MAC610T","processID":"0x54","objectName":"C:\\Users\\Virtual Windows 10\\UserDocuments","processName":"C:\\Windows\\explorer.exe","eventID":4663,"@type":"http://purl.org/sepses/vocab/log/wineventlog#WindowsEventLogEntry","logName":"Security","originatesFrom":{"@id":"http://example.org/sepses#cbf2522a-b114-4397-92b2-871a50387975","hostName":{"name":"DESKTOP-MAC610T"},"@type":"rdf:nodeID"},"taskCategory":"File System","version":1,"accesses":"%%4423\n\t\t\t\t","keyword":["Audit Success"],"accountName":"Virtual Windows 10","@context":"http://sepses.ifs.tuwien.ac.at/contexts/wineventlog.jsonld","@id":"http://example.org/logEntry#logEntry-d29d5451-fb92-4baa-9e91-f888e0e169ea","@timestamp":"2018-08-27T15:30:03.241Z","handleID":"0x3b58","accessMask":"0x80","computerName":"DESKTOP-MAC610T","source":"Microsoft-Windows-Security-Auditing","level":"Information","logMessage":"An attempt was made to access an object.\n\nSubject:\n\tSecurity ID:\t\tS-1-5-21-2889181789-4222170037-1347726928-1001\n\tAccount Name:\t\tVirtual Windows 10\n\tAccount Domain:\t\tDESKTOP-MAC610T\n\tLogon ID:\t\t0x1EDF9\n\nObject:\n\tObject Server:\t\tSecurity\n\tObject Type:\t\tFile\n\tObject Name:\t\tC:\\Users\\Virtual Windows 10\\UserDocuments\n\tHandle ID:\t\t0x3b58\n\tResource Attributes:\tS:AI\n\nProcess Information:\n\tProcess ID:\t\t0x54\n\tProcess Name:\t\tC:\\Windows\\explorer.exe\n\nAccess Request Information:\n\tAccesses:\t\tReadAttributes\n\t\t\t\t\n\tAccess Mask:\t\t0x80","objectServer":"Security","resourceAttributes":"S:AI","logonID":"0x1edf9"}
{"timestamp":"2018-08-27T15:30:03.241Z","objectType":"File","hasLogType":"wineventlog","upCode":"Info","accountDomain":"DESKTOP-MAC610T","processID":"0x54","objectName":"C:\\Users\\Virtual Windows 10\\UserDocuments","processName":"C:\\Windows\\explorer.exe","eventID":4663,"@type":"http://purl.org/sepses/vocab/log/wineventlog#WindowsEventLogEntry","logName":"Security","originatesFrom":{"@id":"http://example.org/sepses#325594e8-7d92-42fb-b5b5-1e6a712362a2","hostName":{"name":"DESKTOP-MAC610T"},"@type":"rdf:nodeID"},"taskCategory":"File System","version":1,"accesses":"%%4423\n\t\t\t\t","keyword":["Audit Success"],"accountName":"Virtual Windows 10","@context":"http://sepses.ifs.tuwien.ac.at/contexts/wineventlog.jsonld","@id":"http://example.org/logEntry#logEntry-ca0ba459-c9c3-4168-9e26-b771d97420e2","@timestamp":"2018-08-27T15:30:03.241Z","handleID":"0x2ac8","accessMask":"0x80","computerName":"DESKTOP-MAC610T","source":"Microsoft-Windows-Security-Auditing","level":"Information","logMessage":"An attempt was made to access an object.\n\nSubject:\n\tSecurity ID:\t\tS-1-5-21-2889181789-4222170037-1347726928-1001\n\tAccount Name:\t\tVirtual Windows 10\n\tAccount Domain:\t\tDESKTOP-MAC610T\n\tLogon ID:\t\t0x1EDF9\n\nObject:\n\tObject Server:\t\tSecurity\n\tObject Type:\t\tFile\n\tObject Name:\t\tC:\\Users\\Virtual Windows 10\\UserDocuments\n\tHandle ID:\t\t0x2ac8\n\tResource Attributes:\tS:AI\n\nProcess Information:\n\tProcess ID:\t\t0x54\n\tProcess Name:\t\tC:\\Windows\\explorer.exe\n\nAccess Request Information:\n\tAccesses:\t\tReadAttributes\n\t\t\t\t\n\tAccess Mask:\t\t0x80","objectServer":"Security","resourceAttributes":"S:AI","logonID":"0x1edf9"}
{"timestamp":"2018-08-27T15:30:03.242Z","objectType":"File","hasLogType":"wineventlog","upCode":"Info","accountDomain":"DESKTOP-MAC610T","processID":"0x54","objectName":"C:\\Users\\Virtual Windows 10\\Dropbox","processName":"C:\\Windows\\explorer.exe","eventID":4663,"@type":"http://purl.org/sepses/vocab/log/wineventlog#WindowsEventLogEntry","logName":"Security","originatesFrom":{"@id":"http://example.org/sepses#c4cf8e54-44bd-442a-a31a-3cbe8efd7886","hostName":{"name":"DESKTOP-MAC610T"},"@type":"rdf:nodeID"},"taskCategory":"File System","version":1,"accesses":"%%4423\n\t\t\t\t","keyword":["Audit Success"],"accountName":"Virtual Windows 10","@context":"http://sepses.ifs.tuwien.ac.at/contexts/wineventlog.jsonld","@id":"http://example.org/logEntry#logEntry-facc9209-8f4e-4720-9408-8bcd03239a0a","@timestamp":"2018-08-27T15:30:03.242Z","handleID":"0x18a8","accessMask":"0x80","computerName":"DESKTOP-MAC610T","source":"Microsoft-Windows-Security-Auditing","level":"Information","logMessage":"An attempt was made to access an object.\n\nSubject:\n\tSecurity ID:\t\tS-1-5-21-2889181789-4222170037-1347726928-1001\n\tAccount Name:\t\tVirtual Windows 10\n\tAccount Domain:\t\tDESKTOP-MAC610T\n\tLogon ID:\t\t0x1EDF9\n\nObject:\n\tObject Server:\t\tSecurity\n\tObject Type:\t\tFile\n\tObject Name:\t\tC:\\Users\\Virtual Windows 10\\Dropbox\n\tHandle ID:\t\t0x18a8\n\tResource Attributes:\tS:AI\n\nProcess Information:\n\tProcess ID:\t\t0x54\n\tProcess Name:\t\tC:\\Windows\\explorer.exe\n\nAccess Request Information:\n\tAccesses:\t\tReadAttributes\n\t\t\t\t\n\tAccess Mask:\t\t0x80","objectServer":"Security","resourceAttributes":"S:AI","logonID":"0x1edf9"}
{"timestamp":"2018-08-27T15:30:03.242Z","objectType":"File","hasLogType":"wineventlog","upCode":"Info","accountDomain":"DESKTOP-MAC610T","processID":"0x54","objectName":"C:\\Users\\Virtual Windows 10\\Dropbox","processName":"C:\\Windows\\explorer.exe","eventID":4663,"@type":"http://purl.org/sepses/vocab/log/wineventlog#WindowsEventLogEntry","logName":"Security","originatesFrom":{"@id":"http://example.org/sepses#59eb90ed-16b6-43f0-9478-bb120f4463d5","hostName":{"name":"DESKTOP-MAC610T"},"@type":"rdf:nodeID"},"taskCategory":"File System","version":1,"accesses":"%%4423\n\t\t\t\t","keyword":["Audit Success"],"accountName":"Virtual Windows 10","@context":"http://sepses.ifs.tuwien.ac.at/contexts/wineventlog.jsonld","@id":"http://example.org/logEntry#logEntry-0b8564e2-66d8-436c-89a0-dc2bb963b27d","@timestamp":"2018-08-27T15:30:03.242Z","handleID":"0x3bbc","accessMask":"0x80","computerName":"DESKTOP-MAC610T","source":"Microsoft-Windows-Security-Auditing","level":"Information","logMessage":"An attempt was made to access an object.\n\nSubject:\n\tSecurity ID:\t\tS-1-5-21-2889181789-4222170037-1347726928-1001\n\tAccount Name:\t\tVirtual Windows 10\n\tAccount Domain:\t\tDESKTOP-MAC610T\n\tLogon ID:\t\t0x1EDF9\n\nObject:\n\tObject Server:\t\tSecurity\n\tObject Type:\t\tFile\n\tObject Name:\t\tC:\\Users\\Virtual Windows 10\\Dropbox\n\tHandle ID:\t\t0x3bbc\n\tResource Attributes:\tS:AI\n\nProcess Information:\n\tProcess ID:\t\t0x54\n\tProcess Name:\t\tC:\\Windows\\explorer.exe\n\nAccess Request Information:\n\tAccesses:\t\tReadAttributes\n\t\t\t\t\n\tAccess Mask:\t\t0x80","objectServer":"Security","resourceAttributes":"S:AI","logonID":"0x1edf9"}
{"timestamp":"2018-08-27T15:30:22.744Z","objectType":"File","hasLogType":"wineventlog","upCode":"Info","accountDomain":"DESKTOP-MAC610T","processID":"0x54","objectName":"C:\\Users\\Virtual Windows 10\\Dropbox","processName":"C:\\Windows\\explorer.exe","eventID":4663,"@type":"http://purl.org/sepses/vocab/log/wineventlog#WindowsEventLogEntry","logName":"Security","originatesFrom":{"@id":"http://example.org/sepses#6860038c-bb78-4b6d-8d34-45bcad112b95","hostName":{"name":"DESKTOP-MAC610T"},"@type":"rdf:nodeID"},"taskCategory":"File System","version":1,"accesses":"%%4423\n\t\t\t\t","keyword":["Audit Success"],"accountName":"Virtual Windows 10","@context":"http://sepses.ifs.tuwien.ac.at/contexts/wineventlog.jsonld","@id":"http://example.org/logEntry#logEntry-93cd61ea-4a25-4f5d-98ed-990f56db9cb6","@timestamp":"2018-08-27T15:30:22.744Z","handleID":"0x30b4","accessMask":"0x80","computerName":"DESKTOP-MAC610T","source":"Microsoft-Windows-Security-Auditing","level":"Information","logMessage":"An attempt was made to access an object.\n\nSubject:\n\tSecurity ID:\t\tS-1-5-21-2889181789-4222170037-1347726928-1001\n\tAccount Name:\t\tVirtual Windows 10\n\tAccount Domain:\t\tDESKTOP-MAC610T\n\tLogon ID:\t\t0x1EDF9\n\nObject:\n\tObject Server:\t\tSecurity\n\tObject Type:\t\tFile\n\tObject Name:\t\tC:\\Users\\Virtual Windows 10\\Dropbox\n\tHandle ID:\t\t0x30b4\n\tResource Attributes:\tS:AI\n\nProcess Information:\n\tProcess ID:\t\t0x54\n\tProcess Name:\t\tC:\\Windows\\explorer.exe\n\nAccess Request Information:\n\tAccesses:\t\tReadAttributes\n\t\t\t\t\n\tAccess Mask:\t\t0x80","objectServer":"Security","resourceAttributes":"S:AI","logonID":"0x1edf9"}
{"timestamp":"2018-08-27T15:30:22.748Z","objectType":"File","hasLogType":"wineventlog","upCode":"Info","accountDomain":"DESKTOP-MAC610T","processID":"0x54","objectName":"C:\\Users\\Virtual Windows 10\\UserDocuments","processName":"C:\\Windows\\explorer.exe","eventID":4663,"@type":"http://purl.org/sepses/vocab/log/wineventlog#WindowsEventLogEntry","logName":"Security","originatesFrom":{"@id":"http://example.org/sepses#e9871d71-5eb8-446e-bbc9-5c1d85f4cb67","hostName":{"name":"DESKTOP-MAC610T"},"@type":"rdf:nodeID"},"taskCategory":"File System","version":1,"accesses":"%%4423\n\t\t\t\t","keyword":["Audit Success"],"accountName":"Virtual Windows 10","@context":"http://sepses.ifs.tuwien.ac.at/contexts/wineventlog.jsonld","@id":"http://example.org/logEntry#logEntry-363bc83d-5029-41b9-8cb3-00344436e655","@timestamp":"2018-08-27T15:30:22.748Z","handleID":"0x3b90","accessMask":"0x80","computerName":"DESKTOP-MAC610T","source":"Microsoft-Windows-Security-Auditing","level":"Information","logMessage":"An attempt was made to access an object.\n\nSubject:\n\tSecurity ID:\t\tS-1-5-21-2889181789-4222170037-1347726928-1001\n\tAccount Name:\t\tVirtual Windows 10\n\tAccount Domain:\t\tDESKTOP-MAC610T\n\tLogon ID:\t\t0x1EDF9\n\nObject:\n\tObject Server:\t\tSecurity\n\tObject Type:\t\tFile\n\tObject Name:\t\tC:\\Users\\Virtual Windows 10\\UserDocuments\n\tHandle ID:\t\t0x3b90\n\tResource Attributes:\tS:AI\n\nProcess Information:\n\tProcess ID:\t\t0x54\n\tProcess Name:\t\tC:\\Windows\\explorer.exe\n\nAccess Request Information:\n\tAccesses:\t\tReadAttributes\n\t\t\t\t\n\tAccess Mask:\t\t0x80","objectServer":"Security","resourceAttributes":"S:AI","logonID":"0x1edf9"}
{"timestamp":"2018-08-27T15:30:34.105Z","objectType":"File","hasLogType":"wineventlog","upCode":"Info","accountDomain":"DESKTOP-MAC610T","processID":"0x54","objectName":"C:\\Users\\Virtual Windows 10\\Dropbox","processName":"C:\\Windows\\explorer.exe","eventID":4663,"@type":"http://purl.org/sepses/vocab/log/wineventlog#WindowsEventLogEntry","logName":"Security","originatesFrom":{"@id":"http://example.org/sepses#f29c010d-7e43-4dc1-9088-d081e4faf1f4","hostName":{"name":"DESKTOP-MAC610T"},"@type":"rdf:nodeID"},"taskCategory":"File System","version":1,"accesses":"%%4423\n\t\t\t\t","keyword":["Audit Success"],"accountName":"Virtual Windows 10","@context":"http://sepses.ifs.tuwien.ac.at/contexts/wineventlog.jsonld","@id":"http://example.org/logEntry#logEntry-d47eb8a2-d558-466f-b303-4f42872a7e9e","@timestamp":"2018-08-27T15:30:34.105Z","handleID":"0x473c","accessMask":"0x80","computerName":"DESKTOP-MAC610T","source":"Microsoft-Windows-Security-Auditing","level":"Information","logMessage":"An attempt was made to access an object.\n\nSubject:\n\tSecurity ID:\t\tS-1-5-21-2889181789-4222170037-1347726928-1001\n\tAccount Name:\t\tVirtual Windows 10\n\tAccount Domain:\t\tDESKTOP-MAC610T\n\tLogon ID:\t\t0x1EDF9\n\nObject:\n\tObject Server:\t\tSecurity\n\tObject Type:\t\tFile\n\tObject Name:\t\tC:\\Users\\Virtual Windows 10\\Dropbox\n\tHandle ID:\t\t0x473c\n\tResource Attributes:\tS:AI\n\nProcess Information:\n\tProcess ID:\t\t0x54\n\tProcess Name:\t\tC:\\Windows\\explorer.exe\n\nAccess Request Information:\n\tAccesses:\t\tReadAttributes\n\t\t\t\t\n\tAccess Mask:\t\t0x80","objectServer":"Security","resourceAttributes":"S:AI","logonID":"0x1edf9"}
{"timestamp":"2018-08-27T15:30:34.115Z","objectType":"File","hasLogType":"wineventlog","upCode":"Info","accountDomain":"DESKTOP-MAC610T","processID":"0x54","objectName":"C:\\Users\\Virtual Windows 10\\UserDocuments","processName":"C:\\Windows\\explorer.exe","eventID":4663,"@type":"http://purl.org/sepses/vocab/log/wineventlog#WindowsEventLogEntry","logName":"Security","originatesFrom":{"@id":"http://example.org/sepses#74a88fc6-6e69-43b9-b47b-fb7dd28e5003","hostName":{"name":"DESKTOP-MAC610T"},"@type":"rdf:nodeID"},"taskCategory":"File System","version":1,"accesses":"%%4423\n\t\t\t\t","keyword":["Audit Success"],"accountName":"Virtual Windows 10","@context":"http://sepses.ifs.tuwien.ac.at/contexts/wineventlog.jsonld","@id":"http://example.org/logEntry#logEntry-ce160bc9-9aed-4306-942e-8c93b9803020","@timestamp":"2018-08-27T15:30:34.115Z","handleID":"0x40ac","accessMask":"0x80","computerName":"DESKTOP-MAC610T","source":"Microsoft-Windows-Security-Auditing","level":"Information","logMessage":"An attempt was made to access an object.\n\nSubject:\n\tSecurity ID:\t\tS-1-5-21-2889181789-4222170037-1347726928-1001\n\tAccount Name:\t\tVirtual Windows 10\n\tAccount Domain:\t\tDESKTOP-MAC610T\n\tLogon ID:\t\t0x1EDF9\n\nObject:\n\tObject Server:\t\tSecurity\n\tObject Type:\t\tFile\n\tObject Name:\t\tC:\\Users\\Virtual Windows 10\\UserDocuments\n\tHandle ID:\t\t0x40ac\n\tResource Attributes:\tS:AI\n\nProcess Information:\n\tProcess ID:\t\t0x54\n\tProcess Name:\t\tC:\\Windows\\explorer.exe\n\nAccess Request Information:\n\tAccesses:\t\tReadAttributes\n\t\t\t\t\n\tAccess Mask:\t\t0x80","objectServer":"Security","resourceAttributes":"S:AI","logonID":"0x1edf9"}
{"timestamp":"2018-08-27T15:30:38.590Z","objectType":"File","hasLogType":"wineventlog","upCode":"Info","accountDomain":"DESKTOP-MAC610T","processID":"0x54","objectName":"C:\\Users\\Virtual Windows 10\\Dropbox\\desktop.ini","processName":"C:\\Windows\\explorer.exe","eventID":4663,"@type":"http://purl.org/sepses/vocab/log/wineventlog#WindowsEventLogEntry","logName":"Security","originatesFrom":{"@id":"http://example.org/sepses#af347544-5531-4541-b97f-e70253b55502","hostName":{"name":"DESKTOP-MAC610T"},"@type":"rdf:nodeID"},"taskCategory":"File System","version":1,"accesses":"%%4423\n\t\t\t\t","keyword":["Audit Success"],"accountName":"Virtual Windows 10","@context":"http://sepses.ifs.tuwien.ac.at/contexts/wineventlog.jsonld","@id":"http://example.org/logEntry#logEntry-5b168009-a661-4bc5-af19-94c8189052d9","@timestamp":"2018-08-27T15:30:38.590Z","handleID":"0x3cbc","accessMask":"0x80","computerName":"DESKTOP-MAC610T","source":"Microsoft-Windows-Security-Auditing","level":"Information","logMessage":"An attempt was made to access an object.\n\nSubject:\n\tSecurity ID:\t\tS-1-5-21-2889181789-4222170037-1347726928-1001\n\tAccount Name:\t\tVirtual Windows 10\n\tAccount Domain:\t\tDESKTOP-MAC610T\n\tLogon ID:\t\t0x1EDF9\n\nObject:\n\tObject Server:\t\tSecurity\n\tObject Type:\t\tFile\n\tObject Name:\t\tC:\\Users\\Virtual Windows 10\\Dropbox\\desktop.ini\n\tHandle ID:\t\t0x3cbc\n\tResource Attributes:\tS:AI\n\nProcess Information:\n\tProcess ID:\t\t0x54\n\tProcess Name:\t\tC:\\Windows\\explorer.exe\n\nAccess Request Information:\n\tAccesses:\t\tReadAttributes\n\t\t\t\t\n\tAccess Mask:\t\t0x80","objectServer":"Security","resourceAttributes":"S:AI","logonID":"0x1edf9"}
{"timestamp":"2018-08-27T15:30:38.608Z","objectType":"File","hasLogType":"wineventlog","upCode":"Info","accountDomain":"DESKTOP-MAC610T","processID":"0x54","objectName":"C:\\Users\\Virtual Windows 10\\UserDocuments","processName":"C:\\Windows\\explorer.exe","eventID":4663,"@type":"http://purl.org/sepses/vocab/log/wineventlog#WindowsEventLogEntry","logName":"Security","originatesFrom":{"@id":"http://example.org/sepses#3e0f0811-086a-4a71-b6a6-5944a5545b4d","hostName":{"name":"DESKTOP-MAC610T"},"@type":"rdf:nodeID"},"taskCategory":"File System","version":1,"accesses":"%%4423\n\t\t\t\t","keyword":["Audit Success"],"accountName":"Virtual Windows 10","@context":"http://sepses.ifs.tuwien.ac.at/contexts/wineventlog.jsonld","@id":"http://example.org/logEntry#logEntry-3cdb08fa-b6c5-48cd-8b9c-efbd5a86c3e3","@timestamp":"2018-08-27T15:30:38.608Z","handleID":"0x2e64","accessMask":"0x80","computerName":"DESKTOP-MAC610T","source":"Microsoft-Windows-Security-Auditing","level":"Information","logMessage":"An attempt was made to access an object.\n\nSubject:\n\tSecurity ID:\t\tS-1-5-21-2889181789-4222170037-1347726928-1001\n\tAccount Name:\t\tVirtual Windows 10\n\tAccount Domain:\t\tDESKTOP-MAC610T\n\tLogon ID:\t\t0x1EDF9\n\nObject:\n\tObject Server:\t\tSecurity\n\tObject Type:\t\tFile\n\tObject Name:\t\tC:\\Users\\Virtual Windows 10\\UserDocuments\n\tHandle ID:\t\t0x2e64\n\tResource Attributes:\tS:AI\n\nProcess Information:\n\tProcess ID:\t\t0x54\n\tProcess Name:\t\tC:\\Windows\\explorer.exe\n\nAccess Request Information:\n\tAccesses:\t\tReadAttributes\n\t\t\t\t\n\tAccess Mask:\t\t0x80","objectServer":"Security","resourceAttributes":"S:AI","logonID":"0x1edf9"}
