{"objectServer":"Security","source":"Microsoft-Windows-Security-Auditing","objectName":"C:\\Users\\Virtual Windows 10\\Dropbox","keyword":["Audit Success"],"accessMask":"0x80","version":1,"timestamp":"2018-11-14T11:09:57.047Z","logName":"Security","upCode":"Info","@id":"http://example.org/logEntry#logEntry-930b19b0-3067-4cfe-9be6-9d6341e4c0b6","resourceAttributes":"S:AI","handleID":"0x26dc","processID":"0xc60","level":"Information","logonID":"0x29ea7","accountDomain":"DESKTOP-MAC610T","originatesFrom":{"hostName":{"name":"DESKTOP-MAC610T"},"@type":"rdf:nodeID","@id":"http://example.org/sepses#0b802415-eeb4-4fb8-8159-a80fb9e69ef4"},"computerName":"DESKTOP-MAC610T","@timestamp":"2018-11-14T11:09:57.047Z","processName":"C:\\Windows\\explorer.exe","objectType":"File","hasLogType":"wineventlog","eventID":4663,"logMessage":"An attempt was made to access an object.\n\nSubject:\n\tSecurity ID:\t\tS-1-5-21-2889181789-4222170037-1347726928-1001\n\tAccount Name:\t\tVirtual Windows 10\n\tAccount Domain:\t\tDESKTOP-MAC610T\n\tLogon ID:\t\t0x29EA7\n\nObject:\n\tObject Server:\t\tSecurity\n\tObject Type:\t\tFile\n\tObject Name:\t\tC:\\Users\\Virtual Windows 10\\Dropbox\n\tHandle ID:\t\t0x26dc\n\tResource Attributes:\tS:AI\n\nProcess Information:\n\tProcess ID:\t\t0xc60\n\tProcess Name:\t\tC:\\Windows\\explorer.exe\n\nAccess Request Information:\n\tAccesses:\t\tReadAttributes\n\t\t\t\t\n\tAccess Mask:\t\t0x80","accesses":"%%4423\n\t\t\t\t","taskCategory":"File System","accountName":"Virtual Windows 10","@context":"http://sepses.ifs.tuwien.ac.at/contexts/wineventlog.jsonld","@type":"http://purl.org/sepses/vocab/log/wineventlog#WindowsEventLogEntry"}
{"objectServer":"Security","source":"Microsoft-Windows-Security-Auditing","objectName":"C:\\Users\\Virtual Windows 10\\Dropbox","keyword":["Audit Success"],"accessMask":"0x80","version":1,"timestamp":"2018-11-14T11:09:57.050Z","logName":"Security","upCode":"Info","@id":"http://example.org/logEntry#logEntry-cbf5f351-bf75-4f0d-b931-5912b6124d4a","resourceAttributes":"S:AI","handleID":"0x3fd4","processID":"0xc60","level":"Information","logonID":"0x29ea7","accountDomain":"DESKTOP-MAC610T","originatesFrom":{"hostName":{"name":"DESKTOP-MAC610T"},"@type":"rdf:nodeID","@id":"http://example.org/sepses#ae369cec-ac03-452c-b441-84f60984cc98"},"computerName":"DESKTOP-MAC610T","@timestamp":"2018-11-14T11:09:57.050Z","processName":"C:\\Windows\\explorer.exe","objectType":"File","hasLogType":"wineventlog","eventID":4663,"logMessage":"An attempt was made to access an object.\n\nSubject:\n\tSecurity ID:\t\tS-1-5-21-2889181789-4222170037-1347726928-1001\n\tAccount Name:\t\tVirtual Windows 10\n\tAccount Domain:\t\tDESKTOP-MAC610T\n\tLogon ID:\t\t0x29EA7\n\nObject:\n\tObject Server:\t\tSecurity\n\tObject Type:\t\tFile\n\tObject Name:\t\tC:\\Users\\Virtual Windows 10\\Dropbox\n\tHandle ID:\t\t0x3fd4\n\tResource Attributes:\tS:AI\n\nProcess Information:\n\tProcess ID:\t\t0xc60\n\tProcess Name:\t\tC:\\Windows\\explorer.exe\n\nAccess Request Information:\n\tAccesses:\t\tReadAttributes\n\t\t\t\t\n\tAccess Mask:\t\t0x80","accesses":"%%4423\n\t\t\t\t","taskCategory":"File System","accountName":"Virtual Windows 10","@context":"http://sepses.ifs.tuwien.ac.at/contexts/wineventlog.jsonld","@type":"http://purl.org/sepses/vocab/log/wineventlog#WindowsEventLogEntry"}
{"objectServer":"Security","source":"Microsoft-Windows-Security-Auditing","objectName":"C:\\Users\\Virtual Windows 10\\Dropbox\\wordpad_rename.rtf:com.dropbox.attributes","keyword":["Audit Success"],"accessMask":"0x2","version":1,"timestamp":"2018-11-14T11:09:57.228Z","logName":"Security","upCode":"Info","@id":"http://example.org/logEntry#logEntry-8108e092-75b7-41a4-896c-6c21ace00069","resourceAttributes":"S:AI","handleID":"0x2058","processID":"0x153c","level":"Information","logonID":"0x29ea7","accountDomain":"DESKTOP-MAC610T","originatesFrom":{"hostName":{"name":"DESKTOP-MAC610T"},"@type":"rdf:nodeID","@id":"http://example.org/sepses#fba30fba-288d-443a-9326-3aeffab03000"},"computerName":"DESKTOP-MAC610T","@timestamp":"2018-11-14T11:09:57.228Z","processName":"C:\\Program Files (x86)\\Dropbox\\Client\\Dropbox.exe","objectType":"File","hasLogType":"wineventlog","eventID":4663,"logMessage":"An attempt was made to access an object.\n\nSubject:\n\tSecurity ID:\t\tS-1-5-21-2889181789-4222170037-1347726928-1001\n\tAccount Name:\t\tVirtual Windows 10\n\tAccount Domain:\t\tDESKTOP-MAC610T\n\tLogon ID:\t\t0x29EA7\n\nObject:\n\tObject Server:\t\tSecurity\n\tObject Type:\t\tFile\n\tObject Name:\t\tC:\\Users\\Virtual Windows 10\\Dropbox\\wordpad_rename.rtf:com.dropbox.attributes\n\tHandle ID:\t\t0x2058\n\tResource Attributes:\tS:AI\n\nProcess Information:\n\tProcess ID:\t\t0x153c\n\tProcess Name:\t\tC:\\Program Files (x86)\\Dropbox\\Client\\Dropbox.exe\n\nAccess Request Information:\n\tAccesses:\t\tWriteData (or AddFile)\n\t\t\t\t\n\tAccess Mask:\t\t0x2","accesses":"%%4417\n\t\t\t\t","taskCategory":"File System","accountName":"Virtual Windows 10","@context":"http://sepses.ifs.tuwien.ac.at/contexts/wineventlog.jsonld","@type":"http://purl.org/sepses/vocab/log/wineventlog#WindowsEventLogEntry"}
{"objectServer":"Security","source":"Microsoft-Windows-Security-Auditing","objectName":"C:\\Users\\Virtual Windows 10\\Dropbox","keyword":["Audit Success"],"accessMask":"0x80","version":1,"timestamp":"2018-11-14T11:09:57.276Z","logName":"Security","upCode":"Info","@id":"http://example.org/logEntry#logEntry-65eb9993-c7a6-4720-8fa8-5db1cd46980c","resourceAttributes":"S:AI","handleID":"0x3e90","processID":"0xc60","level":"Information","logonID":"0x29ea7","accountDomain":"DESKTOP-MAC610T","originatesFrom":{"hostName":{"name":"DESKTOP-MAC610T"},"@type":"rdf:nodeID","@id":"http://example.org/sepses#7bc30cbd-1b7d-4a05-b43f-57265818d5c7"},"computerName":"DESKTOP-MAC610T","@timestamp":"2018-11-14T11:09:57.276Z","processName":"C:\\Windows\\explorer.exe","objectType":"File","hasLogType":"wineventlog","eventID":4663,"logMessage":"An attempt was made to access an object.\n\nSubject:\n\tSecurity ID:\t\tS-1-5-21-2889181789-4222170037-1347726928-1001\n\tAccount Name:\t\tVirtual Windows 10\n\tAccount Domain:\t\tDESKTOP-MAC610T\n\tLogon ID:\t\t0x29EA7\n\nObject:\n\tObject Server:\t\tSecurity\n\tObject Type:\t\tFile\n\tObject Name:\t\tC:\\Users\\Virtual Windows 10\\Dropbox\n\tHandle ID:\t\t0x3e90\n\tResource Attributes:\tS:AI\n\nProcess Information:\n\tProcess ID:\t\t0xc60\n\tProcess Name:\t\tC:\\Windows\\explorer.exe\n\nAccess Request Information:\n\tAccesses:\t\tReadAttributes\n\t\t\t\t\n\tAccess Mask:\t\t0x80","accesses":"%%4423\n\t\t\t\t","taskCategory":"File System","accountName":"Virtual Windows 10","@context":"http://sepses.ifs.tuwien.ac.at/contexts/wineventlog.jsonld","@type":"http://purl.org/sepses/vocab/log/wineventlog#WindowsEventLogEntry"}
{"objectServer":"Security","source":"Microsoft-Windows-Security-Auditing","objectName":"C:\\Users\\Virtual Windows 10\\Dropbox","keyword":["Audit Success"],"accessMask":"0x80","version":1,"timestamp":"2018-11-14T11:09:57.279Z","logName":"Security","upCode":"Info","@id":"http://example.org/logEntry#logEntry-83ae56bc-5ab5-4c4c-aae0-0275e38a376d","resourceAttributes":"S:AI","handleID":"0x3dd0","processID":"0xc60","level":"Information","logonID":"0x29ea7","accountDomain":"DESKTOP-MAC610T","originatesFrom":{"hostName":{"name":"DESKTOP-MAC610T"},"@type":"rdf:nodeID","@id":"http://example.org/sepses#9c245fed-54d3-476b-b59f-a58aa5d78644"},"computerName":"DESKTOP-MAC610T","@timestamp":"2018-11-14T11:09:57.279Z","processName":"C:\\Windows\\explorer.exe","objectType":"File","hasLogType":"wineventlog","eventID":4663,"logMessage":"An attempt was made to access an object.\n\nSubject:\n\tSecurity ID:\t\tS-1-5-21-2889181789-4222170037-1347726928-1001\n\tAccount Name:\t\tVirtual Windows 10\n\tAccount Domain:\t\tDESKTOP-MAC610T\n\tLogon ID:\t\t0x29EA7\n\nObject:\n\tObject Server:\t\tSecurity\n\tObject Type:\t\tFile\n\tObject Name:\t\tC:\\Users\\Virtual Windows 10\\Dropbox\n\tHandle ID:\t\t0x3dd0\n\tResource Attributes:\tS:AI\n\nProcess Information:\n\tProcess ID:\t\t0xc60\n\tProcess Name:\t\tC:\\Windows\\explorer.exe\n\nAccess Request Information:\n\tAccesses:\t\tReadAttributes\n\t\t\t\t\n\tAccess Mask:\t\t0x80","accesses":"%%4423\n\t\t\t\t","taskCategory":"File System","accountName":"Virtual Windows 10","@context":"http://sepses.ifs.tuwien.ac.at/contexts/wineventlog.jsonld","@type":"http://purl.org/sepses/vocab/log/wineventlog#WindowsEventLogEntry"}
{"objectServer":"Security","source":"Microsoft-Windows-Security-Auditing","objectName":"C:\\Users\\Virtual Windows 10\\Dropbox\\wordpad_rename.rtf","keyword":["Audit Success"],"accessMask":"0x80","version":1,"timestamp":"2018-11-14T11:09:57.408Z","logName":"Security","upCode":"Info","@id":"http://example.org/logEntry#logEntry-a3bd6a8c-513f-4867-bc5f-f473372ca663","resourceAttributes":"S:AI","handleID":"0x2058","processID":"0x153c","level":"Information","logonID":"0x29ea7","accountDomain":"DESKTOP-MAC610T","originatesFrom":{"hostName":{"name":"DESKTOP-MAC610T"},"@type":"rdf:nodeID","@id":"http://example.org/sepses#523f34d3-1f7c-41e3-9557-253cba3a5df8"},"computerName":"DESKTOP-MAC610T","@timestamp":"2018-11-14T11:09:57.408Z","processName":"C:\\Program Files (x86)\\Dropbox\\Client\\Dropbox.exe","objectType":"File","hasLogType":"wineventlog","eventID":4663,"logMessage":"An attempt was made to access an object.\n\nSubject:\n\tSecurity ID:\t\tS-1-5-21-2889181789-4222170037-1347726928-1001\n\tAccount Name:\t\tVirtual Windows 10\n\tAccount Domain:\t\tDESKTOP-MAC610T\n\tLogon ID:\t\t0x29EA7\n\nObject:\n\tObject Server:\t\tSecurity\n\tObject Type:\t\tFile\n\tObject Name:\t\tC:\\Users\\Virtual Windows 10\\Dropbox\\wordpad_rename.rtf\n\tHandle ID:\t\t0x2058\n\tResource Attributes:\tS:AI\n\nProcess Information:\n\tProcess ID:\t\t0x153c\n\tProcess Name:\t\tC:\\Program Files (x86)\\Dropbox\\Client\\Dropbox.exe\n\nAccess Request Information:\n\tAccesses:\t\tReadAttributes\n\t\t\t\t\n\tAccess Mask:\t\t0x80","accesses":"%%4423\n\t\t\t\t","taskCategory":"File System","accountName":"Virtual Windows 10","@context":"http://sepses.ifs.tuwien.ac.at/contexts/wineventlog.jsonld","@type":"http://purl.org/sepses/vocab/log/wineventlog#WindowsEventLogEntry"}
{"objectServer":"Security","source":"Microsoft-Windows-Security-Auditing","objectName":"C:\\Users\\Virtual Windows 10\\Dropbox\\wordpad_rename.rtf","keyword":["Audit Success"],"accessMask":"0x80","version":1,"timestamp":"2018-11-14T11:09:57.408Z","logName":"Security","upCode":"Info","@id":"http://example.org/logEntry#logEntry-8188fe75-1075-43e7-8f3f-2114e3d17ec1","resourceAttributes":"S:AI","handleID":"0x2058","processID":"0x153c","level":"Information","logonID":"0x29ea7","accountDomain":"DESKTOP-MAC610T","originatesFrom":{"hostName":{"name":"DESKTOP-MAC610T"},"@type":"rdf:nodeID","@id":"http://example.org/sepses#6c89730e-ba5e-491d-b1a3-17a2a7cb1703"},"computerName":"DESKTOP-MAC610T","@timestamp":"2018-11-14T11:09:57.408Z","processName":"C:\\Program Files (x86)\\Dropbox\\Client\\Dropbox.exe","objectType":"File","hasLogType":"wineventlog","eventID":4663,"logMessage":"An attempt was made to access an object.\n\nSubject:\n\tSecurity ID:\t\tS-1-5-21-2889181789-4222170037-1347726928-1001\n\tAccount Name:\t\tVirtual Windows 10\n\tAccount Domain:\t\tDESKTOP-MAC610T\n\tLogon ID:\t\t0x29EA7\n\nObject:\n\tObject Server:\t\tSecurity\n\tObject Type:\t\tFile\n\tObject Name:\t\tC:\\Users\\Virtual Windows 10\\Dropbox\\wordpad_rename.rtf\n\tHandle ID:\t\t0x2058\n\tResource Attributes:\tS:AI\n\nProcess Information:\n\tProcess ID:\t\t0x153c\n\tProcess Name:\t\tC:\\Program Files (x86)\\Dropbox\\Client\\Dropbox.exe\n\nAccess Request Information:\n\tAccesses:\t\tReadAttributes\n\t\t\t\t\n\tAccess Mask:\t\t0x80","accesses":"%%4423\n\t\t\t\t","taskCategory":"File System","accountName":"Virtual Windows 10","@context":"http://sepses.ifs.tuwien.ac.at/contexts/wineventlog.jsonld","@type":"http://purl.org/sepses/vocab/log/wineventlog#WindowsEventLogEntry"}
{"objectServer":"Security","source":"Microsoft-Windows-Security-Auditing","objectName":"C:\\Users\\Virtual Windows 10\\Dropbox\\wordpad_rename.rtf","keyword":["Audit Success"],"accessMask":"0x80","version":1,"timestamp":"2018-11-14T11:09:57.412Z","logName":"Security","upCode":"Info","@id":"http://example.org/logEntry#logEntry-e7605761-d663-4cb5-9e39-03dfbb799ed8","resourceAttributes":"S:AI","handleID":"0x1fa0","processID":"0x153c","level":"Information","logonID":"0x29ea7","accountDomain":"DESKTOP-MAC610T","originatesFrom":{"hostName":{"name":"DESKTOP-MAC610T"},"@type":"rdf:nodeID","@id":"http://example.org/sepses#a75fe304-571f-4fe7-b828-f44036fa5eab"},"computerName":"DESKTOP-MAC610T","@timestamp":"2018-11-14T11:09:57.412Z","processName":"C:\\Program Files (x86)\\Dropbox\\Client\\Dropbox.exe","objectType":"File","hasLogType":"wineventlog","eventID":4663,"logMessage":"An attempt was made to access an object.\n\nSubject:\n\tSecurity ID:\t\tS-1-5-21-2889181789-4222170037-1347726928-1001\n\tAccount Name:\t\tVirtual Windows 10\n\tAccount Domain:\t\tDESKTOP-MAC610T\n\tLogon ID:\t\t0x29EA7\n\nObject:\n\tObject Server:\t\tSecurity\n\tObject Type:\t\tFile\n\tObject Name:\t\tC:\\Users\\Virtual Windows 10\\Dropbox\\wordpad_rename.rtf\n\tHandle ID:\t\t0x1fa0\n\tResource Attributes:\tS:AI\n\nProcess Information:\n\tProcess ID:\t\t0x153c\n\tProcess Name:\t\tC:\\Program Files (x86)\\Dropbox\\Client\\Dropbox.exe\n\nAccess Request Information:\n\tAccesses:\t\tReadAttributes\n\t\t\t\t\n\tAccess Mask:\t\t0x80","accesses":"%%4423\n\t\t\t\t","taskCategory":"File System","accountName":"Virtual Windows 10","@context":"http://sepses.ifs.tuwien.ac.at/contexts/wineventlog.jsonld","@type":"http://purl.org/sepses/vocab/log/wineventlog#WindowsEventLogEntry"}
{"objectServer":"Security","source":"Microsoft-Windows-Security-Auditing","objectName":"C:\\Users\\Virtual Windows 10\\Dropbox\\wordpad_rename.rtf","keyword":["Audit Success"],"accessMask":"0x80","version":1,"timestamp":"2018-11-14T11:09:57.413Z","logName":"Security","upCode":"Info","@id":"http://example.org/logEntry#logEntry-81b2385c-783b-49ad-9879-de6846ee3cf8","resourceAttributes":"S:AI","handleID":"0x1fa0","processID":"0x153c","level":"Information","logonID":"0x29ea7","accountDomain":"DESKTOP-MAC610T","originatesFrom":{"hostName":{"name":"DESKTOP-MAC610T"},"@type":"rdf:nodeID","@id":"http://example.org/sepses#7ce4b391-db67-4012-8e39-6becd0984795"},"computerName":"DESKTOP-MAC610T","@timestamp":"2018-11-14T11:09:57.413Z","processName":"C:\\Program Files (x86)\\Dropbox\\Client\\Dropbox.exe","objectType":"File","hasLogType":"wineventlog","eventID":4663,"logMessage":"An attempt was made to access an object.\n\nSubject:\n\tSecurity ID:\t\tS-1-5-21-2889181789-4222170037-1347726928-1001\n\tAccount Name:\t\tVirtual Windows 10\n\tAccount Domain:\t\tDESKTOP-MAC610T\n\tLogon ID:\t\t0x29EA7\n\nObject:\n\tObject Server:\t\tSecurity\n\tObject Type:\t\tFile\n\tObject Name:\t\tC:\\Users\\Virtual Windows 10\\Dropbox\\wordpad_rename.rtf\n\tHandle ID:\t\t0x1fa0\n\tResource Attributes:\tS:AI\n\nProcess Information:\n\tProcess ID:\t\t0x153c\n\tProcess Name:\t\tC:\\Program Files (x86)\\Dropbox\\Client\\Dropbox.exe\n\nAccess Request Information:\n\tAccesses:\t\tReadAttributes\n\t\t\t\t\n\tAccess Mask:\t\t0x80","accesses":"%%4423\n\t\t\t\t","taskCategory":"File System","accountName":"Virtual Windows 10","@context":"http://sepses.ifs.tuwien.ac.at/contexts/wineventlog.jsonld","@type":"http://purl.org/sepses/vocab/log/wineventlog#WindowsEventLogEntry"}
{"objectServer":"Security","source":"Microsoft-Windows-Security-Auditing","objectName":"C:\\Users\\Virtual Windows 10\\Dropbox","keyword":["Audit Success"],"accessMask":"0x80","version":1,"timestamp":"2018-11-14T11:09:57.413Z","logName":"Security","upCode":"Info","@id":"http://example.org/logEntry#logEntry-221087ef-6e36-483d-8bda-18e9423e143b","resourceAttributes":"S:AI","handleID":"0x1fa0","processID":"0x153c","level":"Information","logonID":"0x29ea7","accountDomain":"DESKTOP-MAC610T","originatesFrom":{"hostName":{"name":"DESKTOP-MAC610T"},"@type":"rdf:nodeID","@id":"http://example.org/sepses#191b3b89-7b4d-4713-b512-5212c68dfec0"},"computerName":"DESKTOP-MAC610T","@timestamp":"2018-11-14T11:09:57.413Z","processName":"C:\\Program Files (x86)\\Dropbox\\Client\\Dropbox.exe","objectType":"File","hasLogType":"wineventlog","eventID":4663,"logMessage":"An attempt was made to access an object.\n\nSubject:\n\tSecurity ID:\t\tS-1-5-21-2889181789-4222170037-1347726928-1001\n\tAccount Name:\t\tVirtual Windows 10\n\tAccount Domain:\t\tDESKTOP-MAC610T\n\tLogon ID:\t\t0x29EA7\n\nObject:\n\tObject Server:\t\tSecurity\n\tObject Type:\t\tFile\n\tObject Name:\t\tC:\\Users\\Virtual Windows 10\\Dropbox\n\tHandle ID:\t\t0x1fa0\n\tResource Attributes:\tS:AI\n\nProcess Information:\n\tProcess ID:\t\t0x153c\n\tProcess Name:\t\tC:\\Program Files (x86)\\Dropbox\\Client\\Dropbox.exe\n\nAccess Request Information:\n\tAccesses:\t\tReadAttributes\n\t\t\t\t\n\tAccess Mask:\t\t0x80","accesses":"%%4423\n\t\t\t\t","taskCategory":"File System","accountName":"Virtual Windows 10","@context":"http://sepses.ifs.tuwien.ac.at/contexts/wineventlog.jsonld","@type":"http://purl.org/sepses/vocab/log/wineventlog#WindowsEventLogEntry"}
{"objectServer":"Security","source":"Microsoft-Windows-Security-Auditing","objectName":"C:\\Users\\Virtual Windows 10\\Dropbox","keyword":["Audit Success"],"accessMask":"0x80","version":1,"timestamp":"2018-11-14T11:09:57.414Z","logName":"Security","upCode":"Info","@id":"http://example.org/logEntry#logEntry-f0551f7e-50b0-4b38-8f1b-fc384167629f","resourceAttributes":"S:AI","handleID":"0x1fa0","processID":"0x153c","level":"Information","logonID":"0x29ea7","accountDomain":"DESKTOP-MAC610T","originatesFrom":{"hostName":{"name":"DESKTOP-MAC610T"},"@type":"rdf:nodeID","@id":"http://example.org/sepses#b6de71ee-8c9b-4f59-9340-2775e9b00575"},"computerName":"DESKTOP-MAC610T","@timestamp":"2018-11-14T11:09:57.414Z","processName":"C:\\Program Files (x86)\\Dropbox\\Client\\Dropbox.exe","objectType":"File","hasLogType":"wineventlog","eventID":4663,"logMessage":"An attempt was made to access an object.\n\nSubject:\n\tSecurity ID:\t\tS-1-5-21-2889181789-4222170037-1347726928-1001\n\tAccount Name:\t\tVirtual Windows 10\n\tAccount Domain:\t\tDESKTOP-MAC610T\n\tLogon ID:\t\t0x29EA7\n\nObject:\n\tObject Server:\t\tSecurity\n\tObject Type:\t\tFile\n\tObject Name:\t\tC:\\Users\\Virtual Windows 10\\Dropbox\n\tHandle ID:\t\t0x1fa0\n\tResource Attributes:\tS:AI\n\nProcess Information:\n\tProcess ID:\t\t0x153c\n\tProcess Name:\t\tC:\\Program Files (x86)\\Dropbox\\Client\\Dropbox.exe\n\nAccess Request Information:\n\tAccesses:\t\tReadAttributes\n\t\t\t\t\n\tAccess Mask:\t\t0x80","accesses":"%%4423\n\t\t\t\t","taskCategory":"File System","accountName":"Virtual Windows 10","@context":"http://sepses.ifs.tuwien.ac.at/contexts/wineventlog.jsonld","@type":"http://purl.org/sepses/vocab/log/wineventlog#WindowsEventLogEntry"}
{"objectServer":"Security","source":"Microsoft-Windows-Security-Auditing","objectName":"C:\\Users\\Virtual Windows 10\\Dropbox\\wordpad_rename.rtf","keyword":["Audit Success"],"accessMask":"0x80","version":1,"timestamp":"2018-11-14T11:09:57.416Z","logName":"Security","upCode":"Info","@id":"http://example.org/logEntry#logEntry-832e4ce2-4d7c-4b60-bfcb-a3cc256c4e8d","resourceAttributes":"S:AI","handleID":"0x1fa0","processID":"0x153c","level":"Information","logonID":"0x29ea7","accountDomain":"DESKTOP-MAC610T","originatesFrom":{"hostName":{"name":"DESKTOP-MAC610T"},"@type":"rdf:nodeID","@id":"http://example.org/sepses#a8e2b785-560f-4cc5-812c-56333da765ef"},"computerName":"DESKTOP-MAC610T","@timestamp":"2018-11-14T11:09:57.416Z","processName":"C:\\Program Files (x86)\\Dropbox\\Client\\Dropbox.exe","objectType":"File","hasLogType":"wineventlog","eventID":4663,"logMessage":"An attempt was made to access an object.\n\nSubject:\n\tSecurity ID:\t\tS-1-5-21-2889181789-4222170037-1347726928-1001\n\tAccount Name:\t\tVirtual Windows 10\n\tAccount Domain:\t\tDESKTOP-MAC610T\n\tLogon ID:\t\t0x29EA7\n\nObject:\n\tObject Server:\t\tSecurity\n\tObject Type:\t\tFile\n\tObject Name:\t\tC:\\Users\\Virtual Windows 10\\Dropbox\\wordpad_rename.rtf\n\tHandle ID:\t\t0x1fa0\n\tResource Attributes:\tS:AI\n\nProcess Information:\n\tProcess ID:\t\t0x153c\n\tProcess Name:\t\tC:\\Program Files (x86)\\Dropbox\\Client\\Dropbox.exe\n\nAccess Request Information:\n\tAccesses:\t\tReadAttributes\n\t\t\t\t\n\tAccess Mask:\t\t0x80","accesses":"%%4423\n\t\t\t\t","taskCategory":"File System","accountName":"Virtual Windows 10","@context":"http://sepses.ifs.tuwien.ac.at/contexts/wineventlog.jsonld","@type":"http://purl.org/sepses/vocab/log/wineventlog#WindowsEventLogEntry"}
{"objectServer":"Security","source":"Microsoft-Windows-Security-Auditing","objectName":"C:\\Users\\Virtual Windows 10\\Dropbox\\wordpad_rename.rtf","keyword":["Audit Success"],"accessMask":"0x80","version":1,"timestamp":"2018-11-14T11:09:57.416Z","logName":"Security","upCode":"Info","@id":"http://example.org/logEntry#logEntry-8a718694-39d7-454c-808a-a144964600d3","resourceAttributes":"S:AI","handleID":"0x1fa0","processID":"0x153c","level":"Information","logonID":"0x29ea7","accountDomain":"DESKTOP-MAC610T","originatesFrom":{"hostName":{"name":"DESKTOP-MAC610T"},"@type":"rdf:nodeID","@id":"http://example.org/sepses#f937bc52-357f-4ff6-a031-55441bf72e1b"},"computerName":"DESKTOP-MAC610T","@timestamp":"2018-11-14T11:09:57.416Z","processName":"C:\\Program Files (x86)\\Dropbox\\Client\\Dropbox.exe","objectType":"File","hasLogType":"wineventlog","eventID":4663,"logMessage":"An attempt was made to access an object.\n\nSubject:\n\tSecurity ID:\t\tS-1-5-21-2889181789-4222170037-1347726928-1001\n\tAccount Name:\t\tVirtual Windows 10\n\tAccount Domain:\t\tDESKTOP-MAC610T\n\tLogon ID:\t\t0x29EA7\n\nObject:\n\tObject Server:\t\tSecurity\n\tObject Type:\t\tFile\n\tObject Name:\t\tC:\\Users\\Virtual Windows 10\\Dropbox\\wordpad_rename.rtf\n\tHandle ID:\t\t0x1fa0\n\tResource Attributes:\tS:AI\n\nProcess Information:\n\tProcess ID:\t\t0x153c\n\tProcess Name:\t\tC:\\Program Files (x86)\\Dropbox\\Client\\Dropbox.exe\n\nAccess Request Information:\n\tAccesses:\t\tReadAttributes\n\t\t\t\t\n\tAccess Mask:\t\t0x80","accesses":"%%4423\n\t\t\t\t","taskCategory":"File System","accountName":"Virtual Windows 10","@context":"http://sepses.ifs.tuwien.ac.at/contexts/wineventlog.jsonld","@type":"http://purl.org/sepses/vocab/log/wineventlog#WindowsEventLogEntry"}
{"objectServer":"Security","source":"Microsoft-Windows-Security-Auditing","objectName":"C:\\Users\\Virtual Windows 10\\Dropbox\\wordpad_rename.rtf","keyword":["Audit Success"],"accessMask":"0x80","version":1,"timestamp":"2018-11-14T11:09:57.439Z","logName":"Security","upCode":"Info","@id":"http://example.org/logEntry#logEntry-9f7aae1d-9332-46ed-b49a-ed504cdc234d","resourceAttributes":"S:AI","handleID":"0x2058","processID":"0x153c","level":"Information","logonID":"0x29ea7","accountDomain":"DESKTOP-MAC610T","originatesFrom":{"hostName":{"name":"DESKTOP-MAC610T"},"@type":"rdf:nodeID","@id":"http://example.org/sepses#eeac156f-3214-411a-8a14-3d5f0d12222c"},"computerName":"DESKTOP-MAC610T","@timestamp":"2018-11-14T11:09:57.439Z","processName":"C:\\Program Files (x86)\\Dropbox\\Client\\Dropbox.exe","objectType":"File","hasLogType":"wineventlog","eventID":4663,"logMessage":"An attempt was made to access an object.\n\nSubject:\n\tSecurity ID:\t\tS-1-5-21-2889181789-4222170037-1347726928-1001\n\tAccount Name:\t\tVirtual Windows 10\n\tAccount Domain:\t\tDESKTOP-MAC610T\n\tLogon ID:\t\t0x29EA7\n\nObject:\n\tObject Server:\t\tSecurity\n\tObject Type:\t\tFile\n\tObject Name:\t\tC:\\Users\\Virtual Windows 10\\Dropbox\\wordpad_rename.rtf\n\tHandle ID:\t\t0x2058\n\tResource Attributes:\tS:AI\n\nProcess Information:\n\tProcess ID:\t\t0x153c\n\tProcess Name:\t\tC:\\Program Files (x86)\\Dropbox\\Client\\Dropbox.exe\n\nAccess Request Information:\n\tAccesses:\t\tReadAttributes\n\t\t\t\t\n\tAccess Mask:\t\t0x80","accesses":"%%4423\n\t\t\t\t","taskCategory":"File System","accountName":"Virtual Windows 10","@context":"http://sepses.ifs.tuwien.ac.at/contexts/wineventlog.jsonld","@type":"http://purl.org/sepses/vocab/log/wineventlog#WindowsEventLogEntry"}
{"objectServer":"Security","source":"Microsoft-Windows-Security-Auditing","objectName":"C:\\Users\\Virtual Windows 10\\Dropbox\\wordpad_rename.rtf","keyword":["Audit Success"],"accessMask":"0x80","version":1,"timestamp":"2018-11-14T11:09:57.439Z","logName":"Security","upCode":"Info","@id":"http://example.org/logEntry#logEntry-6c066254-0f3b-48f9-827f-13b3b6b9fec8","resourceAttributes":"S:AI","handleID":"0x2058","processID":"0x153c","level":"Information","logonID":"0x29ea7","accountDomain":"DESKTOP-MAC610T","originatesFrom":{"hostName":{"name":"DESKTOP-MAC610T"},"@type":"rdf:nodeID","@id":"http://example.org/sepses#94b061ea-49bc-4cc3-a54c-6f9f93c5a505"},"computerName":"DESKTOP-MAC610T","@timestamp":"2018-11-14T11:09:57.439Z","processName":"C:\\Program Files (x86)\\Dropbox\\Client\\Dropbox.exe","objectType":"File","hasLogType":"wineventlog","eventID":4663,"logMessage":"An attempt was made to access an object.\n\nSubject:\n\tSecurity ID:\t\tS-1-5-21-2889181789-4222170037-1347726928-1001\n\tAccount Name:\t\tVirtual Windows 10\n\tAccount Domain:\t\tDESKTOP-MAC610T\n\tLogon ID:\t\t0x29EA7\n\nObject:\n\tObject Server:\t\tSecurity\n\tObject Type:\t\tFile\n\tObject Name:\t\tC:\\Users\\Virtual Windows 10\\Dropbox\\wordpad_rename.rtf\n\tHandle ID:\t\t0x2058\n\tResource Attributes:\tS:AI\n\nProcess Information:\n\tProcess ID:\t\t0x153c\n\tProcess Name:\t\tC:\\Program Files (x86)\\Dropbox\\Client\\Dropbox.exe\n\nAccess Request Information:\n\tAccesses:\t\tReadAttributes\n\t\t\t\t\n\tAccess Mask:\t\t0x80","accesses":"%%4423\n\t\t\t\t","taskCategory":"File System","accountName":"Virtual Windows 10","@context":"http://sepses.ifs.tuwien.ac.at/contexts/wineventlog.jsonld","@type":"http://purl.org/sepses/vocab/log/wineventlog#WindowsEventLogEntry"}
{"objectServer":"Security","source":"Microsoft-Windows-Security-Auditing","objectName":"C:\\Users\\Virtual Windows 10\\Dropbox\\wordpad_rename.rtf","keyword":["Audit Success"],"accessMask":"0x80","version":1,"timestamp":"2018-11-14T11:09:57.443Z","logName":"Security","upCode":"Info","@id":"http://example.org/logEntry#logEntry-dc87bac1-bdc2-4f8e-a499-06284ede03e6","resourceAttributes":"S:AI","handleID":"0x2058","processID":"0x153c","level":"Information","logonID":"0x29ea7","accountDomain":"DESKTOP-MAC610T","originatesFrom":{"hostName":{"name":"DESKTOP-MAC610T"},"@type":"rdf:nodeID","@id":"http://example.org/sepses#5ca0b8c0-fb60-423d-a286-27a7730398f2"},"computerName":"DESKTOP-MAC610T","@timestamp":"2018-11-14T11:09:57.443Z","processName":"C:\\Program Files (x86)\\Dropbox\\Client\\Dropbox.exe","objectType":"File","hasLogType":"wineventlog","eventID":4663,"logMessage":"An attempt was made to access an object.\n\nSubject:\n\tSecurity ID:\t\tS-1-5-21-2889181789-4222170037-1347726928-1001\n\tAccount Name:\t\tVirtual Windows 10\n\tAccount Domain:\t\tDESKTOP-MAC610T\n\tLogon ID:\t\t0x29EA7\n\nObject:\n\tObject Server:\t\tSecurity\n\tObject Type:\t\tFile\n\tObject Name:\t\tC:\\Users\\Virtual Windows 10\\Dropbox\\wordpad_rename.rtf\n\tHandle ID:\t\t0x2058\n\tResource Attributes:\tS:AI\n\nProcess Information:\n\tProcess ID:\t\t0x153c\n\tProcess Name:\t\tC:\\Program Files (x86)\\Dropbox\\Client\\Dropbox.exe\n\nAccess Request Information:\n\tAccesses:\t\tReadAttributes\n\t\t\t\t\n\tAccess Mask:\t\t0x80","accesses":"%%4423\n\t\t\t\t","taskCategory":"File System","accountName":"Virtual Windows 10","@context":"http://sepses.ifs.tuwien.ac.at/contexts/wineventlog.jsonld","@type":"http://purl.org/sepses/vocab/log/wineventlog#WindowsEventLogEntry"}
{"objectServer":"Security","source":"Microsoft-Windows-Security-Auditing","objectName":"C:\\Users\\Virtual Windows 10\\Dropbox\\wordpad_rename.rtf","keyword":["Audit Success"],"accessMask":"0x80","version":1,"timestamp":"2018-11-14T11:09:57.445Z","logName":"Security","upCode":"Info","@id":"http://example.org/logEntry#logEntry-5079d34a-0177-4046-85ae-9e82eee2dd62","resourceAttributes":"S:AI","handleID":"0x2058","processID":"0x153c","level":"Information","logonID":"0x29ea7","accountDomain":"DESKTOP-MAC610T","originatesFrom":{"hostName":{"name":"DESKTOP-MAC610T"},"@type":"rdf:nodeID","@id":"http://example.org/sepses#61613652-4dac-4809-aadd-8257e927123d"},"computerName":"DESKTOP-MAC610T","@timestamp":"2018-11-14T11:09:57.445Z","processName":"C:\\Program Files (x86)\\Dropbox\\Client\\Dropbox.exe","objectType":"File","hasLogType":"wineventlog","eventID":4663,"logMessage":"An attempt was made to access an object.\n\nSubject:\n\tSecurity ID:\t\tS-1-5-21-2889181789-4222170037-1347726928-1001\n\tAccount Name:\t\tVirtual Windows 10\n\tAccount Domain:\t\tDESKTOP-MAC610T\n\tLogon ID:\t\t0x29EA7\n\nObject:\n\tObject Server:\t\tSecurity\n\tObject Type:\t\tFile\n\tObject Name:\t\tC:\\Users\\Virtual Windows 10\\Dropbox\\wordpad_rename.rtf\n\tHandle ID:\t\t0x2058\n\tResource Attributes:\tS:AI\n\nProcess Information:\n\tProcess ID:\t\t0x153c\n\tProcess Name:\t\tC:\\Program Files (x86)\\Dropbox\\Client\\Dropbox.exe\n\nAccess Request Information:\n\tAccesses:\t\tReadAttributes\n\t\t\t\t\n\tAccess Mask:\t\t0x80","accesses":"%%4423\n\t\t\t\t","taskCategory":"File System","accountName":"Virtual Windows 10","@context":"http://sepses.ifs.tuwien.ac.at/contexts/wineventlog.jsonld","@type":"http://purl.org/sepses/vocab/log/wineventlog#WindowsEventLogEntry"}
{"objectServer":"Security","source":"Microsoft-Windows-Security-Auditing","objectName":"C:\\Users\\Virtual Windows 10\\Dropbox\\wordpad_rename.rtf","keyword":["Audit Success"],"accessMask":"0x80","version":1,"timestamp":"2018-11-14T11:09:57.445Z","logName":"Security","upCode":"Info","@id":"http://example.org/logEntry#logEntry-0c665ad4-ac3a-443f-a847-f2d801b32472","resourceAttributes":"S:AI","handleID":"0x2058","processID":"0x153c","level":"Information","logonID":"0x29ea7","accountDomain":"DESKTOP-MAC610T","originatesFrom":{"hostName":{"name":"DESKTOP-MAC610T"},"@type":"rdf:nodeID","@id":"http://example.org/sepses#10d90bdf-4e37-409e-a83e-ec7a50548655"},"computerName":"DESKTOP-MAC610T","@timestamp":"2018-11-14T11:09:57.445Z","processName":"C:\\Program Files (x86)\\Dropbox\\Client\\Dropbox.exe","objectType":"File","hasLogType":"wineventlog","eventID":4663,"logMessage":"An attempt was made to access an object.\n\nSubject:\n\tSecurity ID:\t\tS-1-5-21-2889181789-4222170037-1347726928-1001\n\tAccount Name:\t\tVirtual Windows 10\n\tAccount Domain:\t\tDESKTOP-MAC610T\n\tLogon ID:\t\t0x29EA7\n\nObject:\n\tObject Server:\t\tSecurity\n\tObject Type:\t\tFile\n\tObject Name:\t\tC:\\Users\\Virtual Windows 10\\Dropbox\\wordpad_rename.rtf\n\tHandle ID:\t\t0x2058\n\tResource Attributes:\tS:AI\n\nProcess Information:\n\tProcess ID:\t\t0x153c\n\tProcess Name:\t\tC:\\Program Files (x86)\\Dropbox\\Client\\Dropbox.exe\n\nAccess Request Information:\n\tAccesses:\t\tReadAttributes\n\t\t\t\t\n\tAccess Mask:\t\t0x80","accesses":"%%4423\n\t\t\t\t","taskCategory":"File System","accountName":"Virtual Windows 10","@context":"http://sepses.ifs.tuwien.ac.at/contexts/wineventlog.jsonld","@type":"http://purl.org/sepses/vocab/log/wineventlog#WindowsEventLogEntry"}
{"objectServer":"Security","source":"Microsoft-Windows-Security-Auditing","objectName":"C:\\Users\\Virtual Windows 10\\Dropbox","keyword":["Audit Success"],"accessMask":"0x80","version":1,"timestamp":"2018-11-14T11:09:57.482Z","logName":"Security","upCode":"Info","@id":"http://example.org/logEntry#logEntry-54540482-1b9d-4229-95cb-82156e32920f","resourceAttributes":"S:AI","handleID":"0x1f80","processID":"0x153c","level":"Information","logonID":"0x29ea7","accountDomain":"DESKTOP-MAC610T","originatesFrom":{"hostName":{"name":"DESKTOP-MAC610T"},"@type":"rdf:nodeID","@id":"http://example.org/sepses#baf16fef-8e68-420a-a2eb-8a8ff9b1616f"},"computerName":"DESKTOP-MAC610T","@timestamp":"2018-11-14T11:09:57.482Z","processName":"C:\\Program Files (x86)\\Dropbox\\Client\\Dropbox.exe","objectType":"File","hasLogType":"wineventlog","eventID":4663,"logMessage":"An attempt was made to access an object.\n\nSubject:\n\tSecurity ID:\t\tS-1-5-21-2889181789-4222170037-1347726928-1001\n\tAccount Name:\t\tVirtual Windows 10\n\tAccount Domain:\t\tDESKTOP-MAC610T\n\tLogon ID:\t\t0x29EA7\n\nObject:\n\tObject Server:\t\tSecurity\n\tObject Type:\t\tFile\n\tObject Name:\t\tC:\\Users\\Virtual Windows 10\\Dropbox\n\tHandle ID:\t\t0x1f80\n\tResource Attributes:\tS:AI\n\nProcess Information:\n\tProcess ID:\t\t0x153c\n\tProcess Name:\t\tC:\\Program Files (x86)\\Dropbox\\Client\\Dropbox.exe\n\nAccess Request Information:\n\tAccesses:\t\tReadAttributes\n\t\t\t\t\n\tAccess Mask:\t\t0x80","accesses":"%%4423\n\t\t\t\t","taskCategory":"File System","accountName":"Virtual Windows 10","@context":"http://sepses.ifs.tuwien.ac.at/contexts/wineventlog.jsonld","@type":"http://purl.org/sepses/vocab/log/wineventlog#WindowsEventLogEntry"}
{"objectServer":"Security","source":"Microsoft-Windows-Security-Auditing","objectName":"C:\\Users\\Virtual Windows 10\\Dropbox","keyword":["Audit Success"],"accessMask":"0x80","version":1,"timestamp":"2018-11-14T11:09:57.482Z","logName":"Security","upCode":"Info","@id":"http://example.org/logEntry#logEntry-f5d71316-1b27-45be-a411-eca395f01288","resourceAttributes":"S:AI","handleID":"0x1f80","processID":"0x153c","level":"Information","logonID":"0x29ea7","accountDomain":"DESKTOP-MAC610T","originatesFrom":{"hostName":{"name":"DESKTOP-MAC610T"},"@type":"rdf:nodeID","@id":"http://example.org/sepses#ccfca97b-58d8-4930-a92d-192132892231"},"computerName":"DESKTOP-MAC610T","@timestamp":"2018-11-14T11:09:57.482Z","processName":"C:\\Program Files (x86)\\Dropbox\\Client\\Dropbox.exe","objectType":"File","hasLogType":"wineventlog","eventID":4663,"logMessage":"An attempt was made to access an object.\n\nSubject:\n\tSecurity ID:\t\tS-1-5-21-2889181789-4222170037-1347726928-1001\n\tAccount Name:\t\tVirtual Windows 10\n\tAccount Domain:\t\tDESKTOP-MAC610T\n\tLogon ID:\t\t0x29EA7\n\nObject:\n\tObject Server:\t\tSecurity\n\tObject Type:\t\tFile\n\tObject Name:\t\tC:\\Users\\Virtual Windows 10\\Dropbox\n\tHandle ID:\t\t0x1f80\n\tResource Attributes:\tS:AI\n\nProcess Information:\n\tProcess ID:\t\t0x153c\n\tProcess Name:\t\tC:\\Program Files (x86)\\Dropbox\\Client\\Dropbox.exe\n\nAccess Request Information:\n\tAccesses:\t\tReadAttributes\n\t\t\t\t\n\tAccess Mask:\t\t0x80","accesses":"%%4423\n\t\t\t\t","taskCategory":"File System","accountName":"Virtual Windows 10","@context":"http://sepses.ifs.tuwien.ac.at/contexts/wineventlog.jsonld","@type":"http://purl.org/sepses/vocab/log/wineventlog#WindowsEventLogEntry"}
{"objectServer":"Security","source":"Microsoft-Windows-Security-Auditing","objectName":"C:\\Users\\Virtual Windows 10\\Dropbox","keyword":["Audit Success"],"accessMask":"0x80","version":1,"timestamp":"2018-11-14T11:09:59.001Z","logName":"Security","upCode":"Info","@id":"http://example.org/logEntry#logEntry-2f6d491c-e8fd-43c2-873c-0d464cc3e26d","resourceAttributes":"S:AI","handleID":"0x3210","processID":"0xc60","level":"Information","logonID":"0x29ea7","accountDomain":"DESKTOP-MAC610T","originatesFrom":{"hostName":{"name":"DESKTOP-MAC610T"},"@type":"rdf:nodeID","@id":"http://example.org/sepses#e8435092-2760-44a3-9594-0b096558cec4"},"computerName":"DESKTOP-MAC610T","@timestamp":"2018-11-14T11:09:59.001Z","processName":"C:\\Windows\\explorer.exe","objectType":"File","hasLogType":"wineventlog","eventID":4663,"logMessage":"An attempt was made to access an object.\n\nSubject:\n\tSecurity ID:\t\tS-1-5-21-2889181789-4222170037-1347726928-1001\n\tAccount Name:\t\tVirtual Windows 10\n\tAccount Domain:\t\tDESKTOP-MAC610T\n\tLogon ID:\t\t0x29EA7\n\nObject:\n\tObject Server:\t\tSecurity\n\tObject Type:\t\tFile\n\tObject Name:\t\tC:\\Users\\Virtual Windows 10\\Dropbox\n\tHandle ID:\t\t0x3210\n\tResource Attributes:\tS:AI\n\nProcess Information:\n\tProcess ID:\t\t0xc60\n\tProcess Name:\t\tC:\\Windows\\explorer.exe\n\nAccess Request Information:\n\tAccesses:\t\tReadAttributes\n\t\t\t\t\n\tAccess Mask:\t\t0x80","accesses":"%%4423\n\t\t\t\t","taskCategory":"File System","accountName":"Virtual Windows 10","@context":"http://sepses.ifs.tuwien.ac.at/contexts/wineventlog.jsonld","@type":"http://purl.org/sepses/vocab/log/wineventlog#WindowsEventLogEntry"}
{"objectServer":"Security","source":"Microsoft-Windows-Security-Auditing","objectName":"C:\\Users\\Virtual Windows 10\\Dropbox","keyword":["Audit Success"],"accessMask":"0x80","version":1,"timestamp":"2018-11-14T11:09:59.012Z","logName":"Security","upCode":"Info","@id":"http://example.org/logEntry#logEntry-d5beab55-6522-4472-a244-35529a9d324e","resourceAttributes":"S:AI","handleID":"0x3954","processID":"0xc60","level":"Information","logonID":"0x29ea7","accountDomain":"DESKTOP-MAC610T","originatesFrom":{"hostName":{"name":"DESKTOP-MAC610T"},"@type":"rdf:nodeID","@id":"http://example.org/sepses#fa24a946-13cf-4b02-945d-d30638c75058"},"computerName":"DESKTOP-MAC610T","@timestamp":"2018-11-14T11:09:59.012Z","processName":"C:\\Windows\\explorer.exe","objectType":"File","hasLogType":"wineventlog","eventID":4663,"logMessage":"An attempt was made to access an object.\n\nSubject:\n\tSecurity ID:\t\tS-1-5-21-2889181789-4222170037-1347726928-1001\n\tAccount Name:\t\tVirtual Windows 10\n\tAccount Domain:\t\tDESKTOP-MAC610T\n\tLogon ID:\t\t0x29EA7\n\nObject:\n\tObject Server:\t\tSecurity\n\tObject Type:\t\tFile\n\tObject Name:\t\tC:\\Users\\Virtual Windows 10\\Dropbox\n\tHandle ID:\t\t0x3954\n\tResource Attributes:\tS:AI\n\nProcess Information:\n\tProcess ID:\t\t0xc60\n\tProcess Name:\t\tC:\\Windows\\explorer.exe\n\nAccess Request Information:\n\tAccesses:\t\tReadAttributes\n\t\t\t\t\n\tAccess Mask:\t\t0x80","accesses":"%%4423\n\t\t\t\t","taskCategory":"File System","accountName":"Virtual Windows 10","@context":"http://sepses.ifs.tuwien.ac.at/contexts/wineventlog.jsonld","@type":"http://purl.org/sepses/vocab/log/wineventlog#WindowsEventLogEntry"}
{"objectServer":"Security","source":"Microsoft-Windows-Security-Auditing","objectName":"C:\\Users\\Virtual Windows 10\\Dropbox","keyword":["Audit Success"],"accessMask":"0x80","version":1,"timestamp":"2018-11-14T11:09:59.019Z","logName":"Security","upCode":"Info","@id":"http://example.org/logEntry#logEntry-e7b50a74-5e37-4238-bb87-a6321ca6a19b","resourceAttributes":"S:AI","handleID":"0x1eac","processID":"0x153c","level":"Information","logonID":"0x29ea7","accountDomain":"DESKTOP-MAC610T","originatesFrom":{"hostName":{"name":"DESKTOP-MAC610T"},"@type":"rdf:nodeID","@id":"http://example.org/sepses#8a67b4ca-8561-4f10-8179-16c3e122b6e1"},"computerName":"DESKTOP-MAC610T","@timestamp":"2018-11-14T11:09:59.019Z","processName":"C:\\Program Files (x86)\\Dropbox\\Client\\Dropbox.exe","objectType":"File","hasLogType":"wineventlog","eventID":4663,"logMessage":"An attempt was made to access an object.\n\nSubject:\n\tSecurity ID:\t\tS-1-5-21-2889181789-4222170037-1347726928-1001\n\tAccount Name:\t\tVirtual Windows 10\n\tAccount Domain:\t\tDESKTOP-MAC610T\n\tLogon ID:\t\t0x29EA7\n\nObject:\n\tObject Server:\t\tSecurity\n\tObject Type:\t\tFile\n\tObject Name:\t\tC:\\Users\\Virtual Windows 10\\Dropbox\n\tHandle ID:\t\t0x1eac\n\tResource Attributes:\tS:AI\n\nProcess Information:\n\tProcess ID:\t\t0x153c\n\tProcess Name:\t\tC:\\Program Files (x86)\\Dropbox\\Client\\Dropbox.exe\n\nAccess Request Information:\n\tAccesses:\t\tReadAttributes\n\t\t\t\t\n\tAccess Mask:\t\t0x80","accesses":"%%4423\n\t\t\t\t","taskCategory":"File System","accountName":"Virtual Windows 10","@context":"http://sepses.ifs.tuwien.ac.at/contexts/wineventlog.jsonld","@type":"http://purl.org/sepses/vocab/log/wineventlog#WindowsEventLogEntry"}
{"objectServer":"Security","source":"Microsoft-Windows-Security-Auditing","objectName":"C:\\Users\\Virtual Windows 10\\Dropbox","keyword":["Audit Success"],"accessMask":"0x80","version":1,"timestamp":"2018-11-14T11:09:59.019Z","logName":"Security","upCode":"Info","@id":"http://example.org/logEntry#logEntry-7c5473ba-a390-42ab-883d-737015940a36","resourceAttributes":"S:AI","handleID":"0x1eac","processID":"0x153c","level":"Information","logonID":"0x29ea7","accountDomain":"DESKTOP-MAC610T","originatesFrom":{"hostName":{"name":"DESKTOP-MAC610T"},"@type":"rdf:nodeID","@id":"http://example.org/sepses#ceaa282d-9422-4444-96d0-e34409856bb3"},"computerName":"DESKTOP-MAC610T","@timestamp":"2018-11-14T11:09:59.019Z","processName":"C:\\Program Files (x86)\\Dropbox\\Client\\Dropbox.exe","objectType":"File","hasLogType":"wineventlog","eventID":4663,"logMessage":"An attempt was made to access an object.\n\nSubject:\n\tSecurity ID:\t\tS-1-5-21-2889181789-4222170037-1347726928-1001\n\tAccount Name:\t\tVirtual Windows 10\n\tAccount Domain:\t\tDESKTOP-MAC610T\n\tLogon ID:\t\t0x29EA7\n\nObject:\n\tObject Server:\t\tSecurity\n\tObject Type:\t\tFile\n\tObject Name:\t\tC:\\Users\\Virtual Windows 10\\Dropbox\n\tHandle ID:\t\t0x1eac\n\tResource Attributes:\tS:AI\n\nProcess Information:\n\tProcess ID:\t\t0x153c\n\tProcess Name:\t\tC:\\Program Files (x86)\\Dropbox\\Client\\Dropbox.exe\n\nAccess Request Information:\n\tAccesses:\t\tReadAttributes\n\t\t\t\t\n\tAccess Mask:\t\t0x80","accesses":"%%4423\n\t\t\t\t","taskCategory":"File System","accountName":"Virtual Windows 10","@context":"http://sepses.ifs.tuwien.ac.at/contexts/wineventlog.jsonld","@type":"http://purl.org/sepses/vocab/log/wineventlog#WindowsEventLogEntry"}
{"objectServer":"Security","source":"Microsoft-Windows-Security-Auditing","objectName":"C:\\Users\\Virtual Windows 10\\Dropbox","keyword":["Audit Success"],"accessMask":"0x80","version":1,"timestamp":"2018-11-14T11:09:59.020Z","logName":"Security","upCode":"Info","@id":"http://example.org/logEntry#logEntry-150c70bb-7fe3-4614-8f60-dac1b6f6a08e","resourceAttributes":"S:AI","handleID":"0x1eac","processID":"0x153c","level":"Information","logonID":"0x29ea7","accountDomain":"DESKTOP-MAC610T","originatesFrom":{"hostName":{"name":"DESKTOP-MAC610T"},"@type":"rdf:nodeID","@id":"http://example.org/sepses#96ced2f7-7d4a-47fa-8647-f023a4c57a6e"},"computerName":"DESKTOP-MAC610T","@timestamp":"2018-11-14T11:09:59.020Z","processName":"C:\\Program Files (x86)\\Dropbox\\Client\\Dropbox.exe","objectType":"File","hasLogType":"wineventlog","eventID":4663,"logMessage":"An attempt was made to access an object.\n\nSubject:\n\tSecurity ID:\t\tS-1-5-21-2889181789-4222170037-1347726928-1001\n\tAccount Name:\t\tVirtual Windows 10\n\tAccount Domain:\t\tDESKTOP-MAC610T\n\tLogon ID:\t\t0x29EA7\n\nObject:\n\tObject Server:\t\tSecurity\n\tObject Type:\t\tFile\n\tObject Name:\t\tC:\\Users\\Virtual Windows 10\\Dropbox\n\tHandle ID:\t\t0x1eac\n\tResource Attributes:\tS:AI\n\nProcess Information:\n\tProcess ID:\t\t0x153c\n\tProcess Name:\t\tC:\\Program Files (x86)\\Dropbox\\Client\\Dropbox.exe\n\nAccess Request Information:\n\tAccesses:\t\tReadAttributes\n\t\t\t\t\n\tAccess Mask:\t\t0x80","accesses":"%%4423\n\t\t\t\t","taskCategory":"File System","accountName":"Virtual Windows 10","@context":"http://sepses.ifs.tuwien.ac.at/contexts/wineventlog.jsonld","@type":"http://purl.org/sepses/vocab/log/wineventlog#WindowsEventLogEntry"}
{"objectServer":"Security","source":"Microsoft-Windows-Security-Auditing","objectName":"C:\\Users\\Virtual Windows 10\\Dropbox","keyword":["Audit Success"],"accessMask":"0x80","version":1,"timestamp":"2018-11-14T11:09:59.022Z","logName":"Security","upCode":"Info","@id":"http://example.org/logEntry#logEntry-5e60bcf4-d6ac-4a93-9e08-ee76abe090bd","resourceAttributes":"S:AI","handleID":"0x1eac","processID":"0x153c","level":"Information","logonID":"0x29ea7","accountDomain":"DESKTOP-MAC610T","originatesFrom":{"hostName":{"name":"DESKTOP-MAC610T"},"@type":"rdf:nodeID","@id":"http://example.org/sepses#d7d9dd8a-48b5-4c28-966d-876d184abbcf"},"computerName":"DESKTOP-MAC610T","@timestamp":"2018-11-14T11:09:59.022Z","processName":"C:\\Program Files (x86)\\Dropbox\\Client\\Dropbox.exe","objectType":"File","hasLogType":"wineventlog","eventID":4663,"logMessage":"An attempt was made to access an object.\n\nSubject:\n\tSecurity ID:\t\tS-1-5-21-2889181789-4222170037-1347726928-1001\n\tAccount Name:\t\tVirtual Windows 10\n\tAccount Domain:\t\tDESKTOP-MAC610T\n\tLogon ID:\t\t0x29EA7\n\nObject:\n\tObject Server:\t\tSecurity\n\tObject Type:\t\tFile\n\tObject Name:\t\tC:\\Users\\Virtual Windows 10\\Dropbox\n\tHandle ID:\t\t0x1eac\n\tResource Attributes:\tS:AI\n\nProcess Information:\n\tProcess ID:\t\t0x153c\n\tProcess Name:\t\tC:\\Program Files (x86)\\Dropbox\\Client\\Dropbox.exe\n\nAccess Request Information:\n\tAccesses:\t\tReadAttributes\n\t\t\t\t\n\tAccess Mask:\t\t0x80","accesses":"%%4423\n\t\t\t\t","taskCategory":"File System","accountName":"Virtual Windows 10","@context":"http://sepses.ifs.tuwien.ac.at/contexts/wineventlog.jsonld","@type":"http://purl.org/sepses/vocab/log/wineventlog#WindowsEventLogEntry"}
{"objectServer":"Security","source":"Microsoft-Windows-Security-Auditing","objectName":"C:\\Users\\Virtual Windows 10\\Dropbox","keyword":["Audit Success"],"accessMask":"0x80","version":1,"timestamp":"2018-11-14T11:09:59.022Z","logName":"Security","upCode":"Info","@id":"http://example.org/logEntry#logEntry-7f35160a-915c-412b-ab20-47b0ea6e7480","resourceAttributes":"S:AI","handleID":"0x1eac","processID":"0x153c","level":"Information","logonID":"0x29ea7","accountDomain":"DESKTOP-MAC610T","originatesFrom":{"hostName":{"name":"DESKTOP-MAC610T"},"@type":"rdf:nodeID","@id":"http://example.org/sepses#5047240a-7e6e-4eab-b241-05a13ca72e93"},"computerName":"DESKTOP-MAC610T","@timestamp":"2018-11-14T11:09:59.022Z","processName":"C:\\Program Files (x86)\\Dropbox\\Client\\Dropbox.exe","objectType":"File","hasLogType":"wineventlog","eventID":4663,"logMessage":"An attempt was made to access an object.\n\nSubject:\n\tSecurity ID:\t\tS-1-5-21-2889181789-4222170037-1347726928-1001\n\tAccount Name:\t\tVirtual Windows 10\n\tAccount Domain:\t\tDESKTOP-MAC610T\n\tLogon ID:\t\t0x29EA7\n\nObject:\n\tObject Server:\t\tSecurity\n\tObject Type:\t\tFile\n\tObject Name:\t\tC:\\Users\\Virtual Windows 10\\Dropbox\n\tHandle ID:\t\t0x1eac\n\tResource Attributes:\tS:AI\n\nProcess Information:\n\tProcess ID:\t\t0x153c\n\tProcess Name:\t\tC:\\Program Files (x86)\\Dropbox\\Client\\Dropbox.exe\n\nAccess Request Information:\n\tAccesses:\t\tReadAttributes\n\t\t\t\t\n\tAccess Mask:\t\t0x80","accesses":"%%4423\n\t\t\t\t","taskCategory":"File System","accountName":"Virtual Windows 10","@context":"http://sepses.ifs.tuwien.ac.at/contexts/wineventlog.jsonld","@type":"http://purl.org/sepses/vocab/log/wineventlog#WindowsEventLogEntry"}
{"objectServer":"Security","source":"Microsoft-Windows-Security-Auditing","objectName":"C:\\Users\\Virtual Windows 10\\Dropbox","keyword":["Audit Success"],"accessMask":"0x80","version":1,"timestamp":"2018-11-14T11:09:59.031Z","logName":"Security","upCode":"Info","@id":"http://example.org/logEntry#logEntry-db8698ee-a632-4730-a784-f5db0f0a7807","resourceAttributes":"S:AI","handleID":"0x1eac","processID":"0x153c","level":"Information","logonID":"0x29ea7","accountDomain":"DESKTOP-MAC610T","originatesFrom":{"hostName":{"name":"DESKTOP-MAC610T"},"@type":"rdf:nodeID","@id":"http://example.org/sepses#7a09bc5d-20dc-45ce-96ca-93957ef699b1"},"computerName":"DESKTOP-MAC610T","@timestamp":"2018-11-14T11:09:59.031Z","processName":"C:\\Program Files (x86)\\Dropbox\\Client\\Dropbox.exe","objectType":"File","hasLogType":"wineventlog","eventID":4663,"logMessage":"An attempt was made to access an object.\n\nSubject:\n\tSecurity ID:\t\tS-1-5-21-2889181789-4222170037-1347726928-1001\n\tAccount Name:\t\tVirtual Windows 10\n\tAccount Domain:\t\tDESKTOP-MAC610T\n\tLogon ID:\t\t0x29EA7\n\nObject:\n\tObject Server:\t\tSecurity\n\tObject Type:\t\tFile\n\tObject Name:\t\tC:\\Users\\Virtual Windows 10\\Dropbox\n\tHandle ID:\t\t0x1eac\n\tResource Attributes:\tS:AI\n\nProcess Information:\n\tProcess ID:\t\t0x153c\n\tProcess Name:\t\tC:\\Program Files (x86)\\Dropbox\\Client\\Dropbox.exe\n\nAccess Request Information:\n\tAccesses:\t\tReadAttributes\n\t\t\t\t\n\tAccess Mask:\t\t0x80","accesses":"%%4423\n\t\t\t\t","taskCategory":"File System","accountName":"Virtual Windows 10","@context":"http://sepses.ifs.tuwien.ac.at/contexts/wineventlog.jsonld","@type":"http://purl.org/sepses/vocab/log/wineventlog#WindowsEventLogEntry"}
