<http://example.org/logEntry#logEntry-97d57f81-8d90-4d64-839c-f2708085e0c9>
        a                       <http://purl.org/sepses/vocab/log/wineventlog#WindowsEventLogEntry> ;
        scl:hasLogType          "wineventlog"^^rdfs:Literal ;
        scl:logMessage          "A handle to an object was requested.\n\nSubject:\n\tSecurity ID:\t\tS-1-5-21-2361021202-3253521353-2316283985-1001\n\tAccount Name:\t\tVirtualWindows8User\n\tAccount Domain:\t\tVirtualWindows8\n\tLogon ID:\t\t0xBD7C\n\nObject:\n\tObject Server:\t\tSecurity\n\tObject Type:\t\tFile\n\tObject Name:\t\tC:\\Users\\VirtualWindows8User\\Dropbox\n\tHandle ID:\t\t0x1dd0\n\tResource Attributes:\t-\n\nProcess Information:\n\tProcess ID:\t\t0xe74\n\tProcess Name:\t\tC:\\Program Files (x86)\\Dropbox\\Client\\Dropbox.exe\n\nAccess Request Information:\n\tTransaction ID:\t\t{00000000-0000-0000-0000-000000000000}\n\tAccesses:\t\tREAD_CONTROL\n\t\t\t\tReadAttributes\n\t\t\t\t\n\tAccess Reasons:\t\tREAD_CONTROL:\tGranted by Ownership\n\t\t\t\tReadAttributes:\tGranted by\tD:(A;OICI;FA;;;S-1-5-21-2361021202-3253521353-2316283985-1001)\n\t\t\t\t\n\tAccess Mask:\t\t0x20080\n\tPrivileges Used for Access Check:\t-\n\tRestricted SID Count:\t0"^^rdfs:Literal ;
        scl:originatesFrom      <http://example.org/sepses#7c5fc9b2-340b-4f26-8d8b-d39faf98839c> ;
        scl:timestamp           "2018-08-29T11:54:58.300Z"^^xsd:dateTime ;
        win:accessMask          "0x20080"^^rdfs:Literal ;
        win:accesses            "%%1538\n\t\t\t\t%%4423\n\t\t\t\t"^^rdfs:Literal ;
        win:accountDomain       "VirtualWindows8"^^rdfs:Literal ;
        win:eventID             "Information"^^rdfs:Literal , "4656"^^xsd:Int ;
        win:handleID            "0x1dd0"^^rdfs:Literal ;
        win:hasProtocol         "VirtualWindows8User"^^rdfs:Literal ;
        win:keyword             "Audit Success"^^rdfs:Literal ;
        win:logName             "Security"^^rdfs:Literal ;
        win:logonID             "0xbd7c"^^rdfs:Literal ;
        win:objectName          "C:\\Users\\VirtualWindows8User\\Dropbox"^^rdfs:Literal ;
        win:objectServer        "Security"^^rdfs:Literal ;
        win:objectType          "File"^^rdfs:Literal ;
        win:processID           "0xe74"^^rdfs:Literal ;
        win:processName         "C:\\Program Files (x86)\\Dropbox\\Client\\Dropbox.exe"^^rdfs:Literal ;
        win:resourceAttributes  "-"^^rdfs:Literal ;
        win:source              "Microsoft-Windows-Security-Auditing"^^rdfs:Literal ;
        win:taskCategory        "File System"^^rdfs:Literal ;
        win:upCode              "Info"^^rdfs:Literal .

<http://example.org/sepses#0670785f-cbb8-497b-b1bb-84014ce4245c>
        a             rdf:nodeID ;
        scl:hostName  []  .

<http://example.org/logEntry#logEntry-dbdfca42-1a4e-4e3b-95e9-23e557f6946b>
        a                       <http://purl.org/sepses/vocab/log/wineventlog#WindowsEventLogEntry> ;
        scl:hasLogType          "wineventlog"^^rdfs:Literal ;
        scl:logMessage          "An attempt was made to access an object.\n\nSubject:\n\tSecurity ID:\t\tS-1-5-21-2361021202-3253521353-2316283985-1001\n\tAccount Name:\t\tVirtualWindows8User\n\tAccount Domain:\t\tVirtualWindows8\n\tLogon ID:\t\t0xBD7C\n\nObject:\n\tObject Server:\t\tSecurity\n\tObject Type:\t\tFile\n\tObject Name:\t\tC:\\Users\\VirtualWindows8User\\UserDocuments\n\tHandle ID:\t\t0x1c18\n\tResource Attributes:\tS:AI\n\nProcess Information:\n\tProcess ID:\t\t0x3f8\n\tProcess Name:\t\tC:\\Windows\\explorer.exe\n\nAccess Request Information:\n\tAccesses:\t\tReadAttributes\n\t\t\t\t\n\tAccess Mask:\t\t0x80"^^rdfs:Literal ;
        scl:originatesFrom      <http://example.org/sepses#b33250ee-3a68-4383-b4dd-07aa571df5bc> ;
        scl:timestamp           "2018-08-29T11:50:48.436Z"^^xsd:dateTime ;
        win:accessMask          "0x80"^^rdfs:Literal ;
        win:accesses            "%%4423\n\t\t\t\t"^^rdfs:Literal ;
        win:accountDomain       "VirtualWindows8"^^rdfs:Literal ;
        win:eventID             "4663"^^xsd:Int , "Information"^^rdfs:Literal ;
        win:handleID            "0x1c18"^^rdfs:Literal ;
        win:hasProtocol         "VirtualWindows8User"^^rdfs:Literal ;
        win:keyword             "Audit Success"^^rdfs:Literal ;
        win:logName             "Security"^^rdfs:Literal ;
        win:logonID             "0xbd7c"^^rdfs:Literal ;
        win:objectName          "C:\\Users\\VirtualWindows8User\\UserDocuments"^^rdfs:Literal ;
        win:objectServer        "Security"^^rdfs:Literal ;
        win:objectType          "File"^^rdfs:Literal ;
        win:processID           "0x3f8"^^rdfs:Literal ;
        win:processName         "C:\\Windows\\explorer.exe"^^rdfs:Literal ;
        win:resourceAttributes  "S:AI"^^rdfs:Literal ;
        win:source              "Microsoft-Windows-Security-Auditing"^^rdfs:Literal ;
        win:taskCategory        "File System"^^rdfs:Literal ;
        win:upCode              "Info"^^rdfs:Literal .

<http://example.org/sepses#5e99f3f4-689a-4225-a2cd-71e0bbffd612>
        a             rdf:nodeID ;
        scl:hostName  []  .

<http://example.org/logEntry#logEntry-b6812a43-968e-476c-b6c8-d45cd12176a1>
        a                       <http://purl.org/sepses/vocab/log/wineventlog#WindowsEventLogEntry> ;
        scl:hasLogType          "wineventlog"^^rdfs:Literal ;
        scl:logMessage          "A handle to an object was requested.\n\nSubject:\n\tSecurity ID:\t\tS-1-5-21-2361021202-3253521353-2316283985-1001\n\tAccount Name:\t\tVirtualWindows8User\n\tAccount Domain:\t\tVirtualWindows8\n\tLogon ID:\t\t0xBD7C\n\nObject:\n\tObject Server:\t\tSecurity\n\tObject Type:\t\tFile\n\tObject Name:\t\tC:\\Users\\VirtualWindows8User\\Dropbox\n\tHandle ID:\t\t0x1cd0\n\tResource Attributes:\t-\n\nProcess Information:\n\tProcess ID:\t\t0xe74\n\tProcess Name:\t\tC:\\Program Files (x86)\\Dropbox\\Client\\Dropbox.exe\n\nAccess Request Information:\n\tTransaction ID:\t\t{00000000-0000-0000-0000-000000000000}\n\tAccesses:\t\tSYNCHRONIZE\n\t\t\t\tReadAttributes\n\t\t\t\t\n\tAccess Reasons:\t\tSYNCHRONIZE:\tGranted by\tD:(A;OICI;FA;;;S-1-5-21-2361021202-3253521353-2316283985-1001)\n\t\t\t\tReadAttributes:\tGranted by\tD:(A;OICI;FA;;;S-1-5-21-2361021202-3253521353-2316283985-1001)\n\t\t\t\t\n\tAccess Mask:\t\t0x100080\n\tPrivileges Used for Access Check:\t-\n\tRestricted SID Count:\t0"^^rdfs:Literal ;
        scl:originatesFrom      <http://example.org/sepses#9c3370b7-4f30-46c1-90ac-cbdadc8906bf> ;
        scl:timestamp           "2018-08-29T11:51:54.018Z"^^xsd:dateTime ;
        win:accessMask          "0x100080"^^rdfs:Literal ;
        win:accesses            "%%1541\n\t\t\t\t%%4423\n\t\t\t\t"^^rdfs:Literal ;
        win:accountDomain       "VirtualWindows8"^^rdfs:Literal ;
        win:eventID             "4656"^^xsd:Int , "Information"^^rdfs:Literal ;
        win:handleID            "0x1cd0"^^rdfs:Literal ;
        win:hasProtocol         "VirtualWindows8User"^^rdfs:Literal ;
        win:keyword             "Audit Success"^^rdfs:Literal ;
        win:logName             "Security"^^rdfs:Literal ;
        win:logonID             "0xbd7c"^^rdfs:Literal ;
        win:objectName          "C:\\Users\\VirtualWindows8User\\Dropbox"^^rdfs:Literal ;
        win:objectServer        "Security"^^rdfs:Literal ;
        win:objectType          "File"^^rdfs:Literal ;
        win:processID           "0xe74"^^rdfs:Literal ;
        win:processName         "C:\\Program Files (x86)\\Dropbox\\Client\\Dropbox.exe"^^rdfs:Literal ;
        win:resourceAttributes  "-"^^rdfs:Literal ;
        win:source              "Microsoft-Windows-Security-Auditing"^^rdfs:Literal ;
        win:taskCategory        "File System"^^rdfs:Literal ;
        win:upCode              "Info"^^rdfs:Literal .

<http://example.org/sepses#2eb03b15-edbe-4776-a7f9-b6ef0352d2dd>
        a             rdf:nodeID ;
        scl:hostName  []  .

<http://example.org/sepses#95a0b4b3-5445-4726-b1f9-507baab15b1a>
        a             rdf:nodeID ;
        scl:hostName  []  .

<http://example.org/logEntry#logEntry-88ac401f-1d36-4ad9-9da2-27dee17c097a>
        a                       <http://purl.org/sepses/vocab/log/wineventlog#WindowsEventLogEntry> ;
        scl:hasLogType          "wineventlog"^^rdfs:Literal ;
        scl:logMessage          "A handle to an object was requested.\n\nSubject:\n\tSecurity ID:\t\tS-1-5-21-2361021202-3253521353-2316283985-1001\n\tAccount Name:\t\tVirtualWindows8User\n\tAccount Domain:\t\tVirtualWindows8\n\tLogon ID:\t\t0xBD7C\n\nObject:\n\tObject Server:\t\tSecurity\n\tObject Type:\t\tFile\n\tObject Name:\t\tC:\\Users\\VirtualWindows8User\\Dropbox\\test2 - Copy.txt\n\tHandle ID:\t\t0x1cbc\n\tResource Attributes:\t-\n\nProcess Information:\n\tProcess ID:\t\t0xe74\n\tProcess Name:\t\tC:\\Program Files (x86)\\Dropbox\\Client\\Dropbox.exe\n\nAccess Request Information:\n\tTransaction ID:\t\t{00000000-0000-0000-0000-000000000000}\n\tAccesses:\t\tREAD_CONTROL\n\t\t\t\tReadAttributes\n\t\t\t\t\n\tAccess Reasons:\t\tREAD_CONTROL:\tGranted by Ownership\n\t\t\t\tReadAttributes:\tGranted by\tD:(A;;FA;;;S-1-5-21-2361021202-3253521353-2316283985-1001)\n\t\t\t\t\n\tAccess Mask:\t\t0x20080\n\tPrivileges Used for Access Check:\t-\n\tRestricted SID Count:\t0"^^rdfs:Literal ;
        scl:originatesFrom      <http://example.org/sepses#020b5ff6-3c5a-4bbd-b571-7ab43004deff> ;
        scl:timestamp           "2018-08-29T11:53:50.950Z"^^xsd:dateTime ;
        win:accessMask          "0x20080"^^rdfs:Literal ;
        win:accesses            "%%1538\n\t\t\t\t%%4423\n\t\t\t\t"^^rdfs:Literal ;
        win:accountDomain       "VirtualWindows8"^^rdfs:Literal ;
        win:eventID             "Information"^^rdfs:Literal , "4656"^^xsd:Int ;
        win:handleID            "0x1cbc"^^rdfs:Literal ;
        win:hasProtocol         "VirtualWindows8User"^^rdfs:Literal ;
        win:keyword             "Audit Success"^^rdfs:Literal ;
        win:logName             "Security"^^rdfs:Literal ;
        win:logonID             "0xbd7c"^^rdfs:Literal ;
        win:objectName          "C:\\Users\\VirtualWindows8User\\Dropbox\\test2 - Copy.txt"^^rdfs:Literal ;
        win:objectServer        "Security"^^rdfs:Literal ;
        win:objectType          "File"^^rdfs:Literal ;
        win:processID           "0xe74"^^rdfs:Literal ;
        win:processName         "C:\\Program Files (x86)\\Dropbox\\Client\\Dropbox.exe"^^rdfs:Literal ;
        win:resourceAttributes  "-"^^rdfs:Literal ;
        win:source              "Microsoft-Windows-Security-Auditing"^^rdfs:Literal ;
        win:taskCategory        "File System"^^rdfs:Literal ;
        win:upCode              "Info"^^rdfs:Literal .

<http://example.org/logEntry#logEntry-79e031be-9178-42de-a9c5-3d5a20dcf60b>
        a                       <http://purl.org/sepses/vocab/log/wineventlog#WindowsEventLogEntry> ;
        scl:hasLogType          "wineventlog"^^rdfs:Literal ;
        scl:logMessage          "A handle to an object was requested.\n\nSubject:\n\tSecurity ID:\t\tS-1-5-21-2361021202-3253521353-2316283985-1001\n\tAccount Name:\t\tVirtualWindows8User\n\tAccount Domain:\t\tVirtualWindows8\n\tLogon ID:\t\t0xBD7C\n\nObject:\n\tObject Server:\t\tSecurity\n\tObject Type:\t\tFile\n\tObject Name:\t\tC:\\Users\\VirtualWindows8User\\UserDocuments\n\tHandle ID:\t\t0x12ec\n\tResource Attributes:\t-\n\nProcess Information:\n\tProcess ID:\t\t0x3f8\n\tProcess Name:\t\tC:\\Windows\\explorer.exe\n\nAccess Request Information:\n\tTransaction ID:\t\t{00000000-0000-0000-0000-000000000000}\n\tAccesses:\t\tSYNCHRONIZE\n\t\t\t\tReadAttributes\n\t\t\t\t\n\tAccess Reasons:\t\tSYNCHRONIZE:\tGranted by\tD:(A;OICI;FA;;;S-1-5-21-2361021202-3253521353-2316283985-1001)\n\t\t\t\tReadAttributes:\tGranted by\tD:(A;OICI;FA;;;S-1-5-21-2361021202-3253521353-2316283985-1001)\n\t\t\t\t\n\tAccess Mask:\t\t0x100080\n\tPrivileges Used for Access Check:\t-\n\tRestricted SID Count:\t0"^^rdfs:Literal ;
        scl:originatesFrom      <http://example.org/sepses#9c38e8f3-22e5-452f-a5c1-117c99a426f3> ;
        scl:timestamp           "2018-08-29T11:51:09.249Z"^^xsd:dateTime ;
        win:accessMask          "0x100080"^^rdfs:Literal ;
        win:accesses            "%%1541\n\t\t\t\t%%4423\n\t\t\t\t"^^rdfs:Literal ;
        win:accountDomain       "VirtualWindows8"^^rdfs:Literal ;
        win:eventID             "Information"^^rdfs:Literal , "4656"^^xsd:Int ;
        win:handleID            "0x12ec"^^rdfs:Literal ;
        win:hasProtocol         "VirtualWindows8User"^^rdfs:Literal ;
        win:keyword             "Audit Success"^^rdfs:Literal ;
        win:logName             "Security"^^rdfs:Literal ;
        win:logonID             "0xbd7c"^^rdfs:Literal ;
        win:objectName          "C:\\Users\\VirtualWindows8User\\UserDocuments"^^rdfs:Literal ;
        win:objectServer        "Security"^^rdfs:Literal ;
        win:objectType          "File"^^rdfs:Literal ;
        win:processID           "0x3f8"^^rdfs:Literal ;
        win:processName         "C:\\Windows\\explorer.exe"^^rdfs:Literal ;
        win:resourceAttributes  "-"^^rdfs:Literal ;
        win:source              "Microsoft-Windows-Security-Auditing"^^rdfs:Literal ;
        win:taskCategory        "File System"^^rdfs:Literal ;
        win:upCode              "Info"^^rdfs:Literal .

<http://example.org/logEntry#logEntry-107aa139-85ad-4d65-8ffe-d6d5a5e6297a>
        a                       <http://purl.org/sepses/vocab/log/wineventlog#WindowsEventLogEntry> ;
        scl:hasLogType          "wineventlog"^^rdfs:Literal ;
        scl:logMessage          "A handle to an object was requested.\n\nSubject:\n\tSecurity ID:\t\tS-1-5-21-2361021202-3253521353-2316283985-1001\n\tAccount Name:\t\tVirtualWindows8User\n\tAccount Domain:\t\tVirtualWindows8\n\tLogon ID:\t\t0xBD7C\n\nObject:\n\tObject Server:\t\tSecurity\n\tObject Type:\t\tFile\n\tObject Name:\t\tC:\\Users\\VirtualWindows8User\\Dropbox\\.dropbox.cache\\2018-08-29\\test2 - Copy (deleted b'816c17378c711eea6b2803604c8c8949').txt\n\tHandle ID:\t\t0x1dd0\n\tResource Attributes:\t-\n\nProcess Information:\n\tProcess ID:\t\t0xe74\n\tProcess Name:\t\tC:\\Program Files (x86)\\Dropbox\\Client\\Dropbox.exe\n\nAccess Request Information:\n\tTransaction ID:\t\t{00000000-0000-0000-0000-000000000000}\n\tAccesses:\t\tREAD_CONTROL\n\t\t\t\tReadAttributes\n\t\t\t\t\n\tAccess Reasons:\t\tREAD_CONTROL:\tGranted by Ownership\n\t\t\t\tReadAttributes:\tGranted by\tD:(A;;FA;;;S-1-5-21-2361021202-3253521353-2316283985-1001)\n\t\t\t\t\n\tAccess Mask:\t\t0x20080\n\tPrivileges Used for Access Check:\t-\n\tRestricted SID Count:\t0"^^rdfs:Literal ;
        scl:originatesFrom      <http://example.org/sepses#abc64512-bdd7-49e6-9e68-cf2a19dcdc4a> ;
        scl:timestamp           "2018-08-29T11:54:58.315Z"^^xsd:dateTime ;
        win:accessMask          "0x20080"^^rdfs:Literal ;
        win:accesses            "%%1538\n\t\t\t\t%%4423\n\t\t\t\t"^^rdfs:Literal ;
        win:accountDomain       "VirtualWindows8"^^rdfs:Literal ;
        win:eventID             "4656"^^xsd:Int , "Information"^^rdfs:Literal ;
        win:handleID            "0x1dd0"^^rdfs:Literal ;
        win:hasProtocol         "VirtualWindows8User"^^rdfs:Literal ;
        win:keyword             "Audit Success"^^rdfs:Literal ;
        win:logName             "Security"^^rdfs:Literal ;
        win:logonID             "0xbd7c"^^rdfs:Literal ;
        win:objectName          "C:\\Users\\VirtualWindows8User\\Dropbox\\.dropbox.cache\\2018-08-29\\test2 - Copy (deleted b'816c17378c711eea6b2803604c8c8949').txt"^^rdfs:Literal ;
        win:objectServer        "Security"^^rdfs:Literal ;
        win:objectType          "File"^^rdfs:Literal ;
        win:processID           "0xe74"^^rdfs:Literal ;
        win:processName         "C:\\Program Files (x86)\\Dropbox\\Client\\Dropbox.exe"^^rdfs:Literal ;
        win:resourceAttributes  "-"^^rdfs:Literal ;
        win:source              "Microsoft-Windows-Security-Auditing"^^rdfs:Literal ;
        win:taskCategory        "File System"^^rdfs:Literal ;
        win:upCode              "Info"^^rdfs:Literal .

<http://example.org/logEntry#logEntry-cc873996-c759-4f4e-8e73-a63d7c912436>
        a                       <http://purl.org/sepses/vocab/log/wineventlog#WindowsEventLogEntry> ;
        scl:hasLogType          "wineventlog"^^rdfs:Literal ;
        scl:logMessage          "An attempt was made to access an object.\n\nSubject:\n\tSecurity ID:\t\tS-1-5-21-2361021202-3253521353-2316283985-1001\n\tAccount Name:\t\tVirtualWindows8User\n\tAccount Domain:\t\tVirtualWindows8\n\tLogon ID:\t\t0xBD7C\n\nObject:\n\tObject Server:\t\tSecurity\n\tObject Type:\t\tFile\n\tObject Name:\t\tC:\\Users\\VirtualWindows8User\\Dropbox\n\tHandle ID:\t\t0x1f00\n\tResource Attributes:\tS:AI\n\nProcess Information:\n\tProcess ID:\t\t0x3f8\n\tProcess Name:\t\tC:\\Windows\\explorer.exe\n\nAccess Request Information:\n\tAccesses:\t\tReadAttributes\n\t\t\t\t\n\tAccess Mask:\t\t0x80"^^rdfs:Literal ;
        scl:originatesFrom      <http://example.org/sepses#69e57c31-5bab-4e1b-8c4a-956891c1488f> ;
        scl:timestamp           "2018-08-29T11:51:23.160Z"^^xsd:dateTime ;
        win:accessMask          "0x80"^^rdfs:Literal ;
        win:accesses            "%%4423\n\t\t\t\t"^^rdfs:Literal ;
        win:accountDomain       "VirtualWindows8"^^rdfs:Literal ;
        win:eventID             "4663"^^xsd:Int , "Information"^^rdfs:Literal ;
        win:handleID            "0x1f00"^^rdfs:Literal ;
        win:hasProtocol         "VirtualWindows8User"^^rdfs:Literal ;
        win:keyword             "Audit Success"^^rdfs:Literal ;
        win:logName             "Security"^^rdfs:Literal ;
        win:logonID             "0xbd7c"^^rdfs:Literal ;
        win:objectName          "C:\\Users\\VirtualWindows8User\\Dropbox"^^rdfs:Literal ;
        win:objectServer        "Security"^^rdfs:Literal ;
        win:objectType          "File"^^rdfs:Literal ;
        win:processID           "0x3f8"^^rdfs:Literal ;
        win:processName         "C:\\Windows\\explorer.exe"^^rdfs:Literal ;
        win:resourceAttributes  "S:AI"^^rdfs:Literal ;
        win:source              "Microsoft-Windows-Security-Auditing"^^rdfs:Literal ;
        win:taskCategory        "File System"^^rdfs:Literal ;
        win:upCode              "Info"^^rdfs:Literal .

<http://example.org/sepses#b07dc139-4a19-4f8c-a4c5-8744e9f58178>
        a             rdf:nodeID ;
        scl:hostName  []  .

<http://example.org/logEntry#logEntry-6bffce3d-5574-4e93-8822-af6c625ab833>
        a                       <http://purl.org/sepses/vocab/log/wineventlog#WindowsEventLogEntry> ;
        scl:hasLogType          "wineventlog"^^rdfs:Literal ;
        scl:logMessage          "A handle to an object was requested.\n\nSubject:\n\tSecurity ID:\t\tS-1-5-21-2361021202-3253521353-2316283985-1001\n\tAccount Name:\t\tVirtualWindows8User\n\tAccount Domain:\t\tVirtualWindows8\n\tLogon ID:\t\t0xBD7C\n\nObject:\n\tObject Server:\t\tSecurity\n\tObject Type:\t\tFile\n\tObject Name:\t\tC:\\Users\\VirtualWindows8User\\Dropbox\n\tHandle ID:\t\t0x20e4\n\tResource Attributes:\t-\n\nProcess Information:\n\tProcess ID:\t\t0x3f8\n\tProcess Name:\t\tC:\\Windows\\explorer.exe\n\nAccess Request Information:\n\tTransaction ID:\t\t{00000000-0000-0000-0000-000000000000}\n\tAccesses:\t\tREAD_CONTROL\n\t\t\t\tReadAttributes\n\t\t\t\t\n\tAccess Reasons:\t\tREAD_CONTROL:\tGranted by Ownership\n\t\t\t\tReadAttributes:\tGranted by\tD:(A;OICI;FA;;;S-1-5-21-2361021202-3253521353-2316283985-1001)\n\t\t\t\t\n\tAccess Mask:\t\t0x20080\n\tPrivileges Used for Access Check:\t-\n\tRestricted SID Count:\t0"^^rdfs:Literal ;
        scl:originatesFrom      <http://example.org/sepses#0f8f3daa-df5f-4a98-965a-e58577b22a08> ;
        scl:timestamp           "2018-08-29T11:53:56.606Z"^^xsd:dateTime ;
        win:accessMask          "0x20080"^^rdfs:Literal ;
        win:accesses            "%%1538\n\t\t\t\t%%4423\n\t\t\t\t"^^rdfs:Literal ;
        win:accountDomain       "VirtualWindows8"^^rdfs:Literal ;
        win:eventID             "Information"^^rdfs:Literal , "4656"^^xsd:Int ;
        win:handleID            "0x20e4"^^rdfs:Literal ;
        win:hasProtocol         "VirtualWindows8User"^^rdfs:Literal ;
        win:keyword             "Audit Success"^^rdfs:Literal ;
        win:logName             "Security"^^rdfs:Literal ;
        win:logonID             "0xbd7c"^^rdfs:Literal ;
        win:objectName          "C:\\Users\\VirtualWindows8User\\Dropbox"^^rdfs:Literal ;
        win:objectServer        "Security"^^rdfs:Literal ;
        win:objectType          "File"^^rdfs:Literal ;
        win:processID           "0x3f8"^^rdfs:Literal ;
        win:processName         "C:\\Windows\\explorer.exe"^^rdfs:Literal ;
        win:resourceAttributes  "-"^^rdfs:Literal ;
        win:source              "Microsoft-Windows-Security-Auditing"^^rdfs:Literal ;
        win:taskCategory        "File System"^^rdfs:Literal ;
        win:upCode              "Info"^^rdfs:Literal .

<http://example.org/logEntry#logEntry-0e530854-4dde-4e4f-961b-f4ae6f93658e>
        a                       <http://purl.org/sepses/vocab/log/wineventlog#WindowsEventLogEntry> ;
        scl:hasLogType          "wineventlog"^^rdfs:Literal ;
        scl:logMessage          "An attempt was made to access an object.\n\nSubject:\n\tSecurity ID:\t\tS-1-5-21-2361021202-3253521353-2316283985-1001\n\tAccount Name:\t\tVirtualWindows8User\n\tAccount Domain:\t\tVirtualWindows8\n\tLogon ID:\t\t0xBD7C\n\nObject:\n\tObject Server:\t\tSecurity\n\tObject Type:\t\tFile\n\tObject Name:\t\tC:\\Users\\VirtualWindows8User\\Dropbox\n\tHandle ID:\t\t0x1d64\n\tResource Attributes:\tS:AI\n\nProcess Information:\n\tProcess ID:\t\t0xe74\n\tProcess Name:\t\tC:\\Program Files (x86)\\Dropbox\\Client\\Dropbox.exe\n\nAccess Request Information:\n\tAccesses:\t\tReadAttributes\n\t\t\t\t\n\tAccess Mask:\t\t0x80"^^rdfs:Literal ;
        scl:originatesFrom      <http://example.org/sepses#f189cb21-4b30-4ec4-bb7d-d38d1d61006e> ;
        scl:timestamp           "2018-08-29T11:51:36.867Z"^^xsd:dateTime ;
        win:accessMask          "0x80"^^rdfs:Literal ;
        win:accesses            "%%4423\n\t\t\t\t"^^rdfs:Literal ;
        win:accountDomain       "VirtualWindows8"^^rdfs:Literal ;
        win:eventID             "4663"^^xsd:Int , "Information"^^rdfs:Literal ;
        win:handleID            "0x1d64"^^rdfs:Literal ;
        win:hasProtocol         "VirtualWindows8User"^^rdfs:Literal ;
        win:keyword             "Audit Success"^^rdfs:Literal ;
        win:logName             "Security"^^rdfs:Literal ;
        win:logonID             "0xbd7c"^^rdfs:Literal ;
        win:objectName          "C:\\Users\\VirtualWindows8User\\Dropbox"^^rdfs:Literal ;
        win:objectServer        "Security"^^rdfs:Literal ;
        win:objectType          "File"^^rdfs:Literal ;
        win:processID           "0xe74"^^rdfs:Literal ;
        win:processName         "C:\\Program Files (x86)\\Dropbox\\Client\\Dropbox.exe"^^rdfs:Literal ;
        win:resourceAttributes  "S:AI"^^rdfs:Literal ;
        win:source              "Microsoft-Windows-Security-Auditing"^^rdfs:Literal ;
        win:taskCategory        "File System"^^rdfs:Literal ;
        win:upCode              "Info"^^rdfs:Literal .

<http://example.org/logEntry#logEntry-6129ac63-8f80-46b7-ba74-236c293b4ed1>
        a                       <http://purl.org/sepses/vocab/log/wineventlog#WindowsEventLogEntry> ;
        scl:hasLogType          "wineventlog"^^rdfs:Literal ;
        scl:logMessage          "A handle to an object was requested.\n\nSubject:\n\tSecurity ID:\t\tS-1-5-21-2361021202-3253521353-2316283985-1001\n\tAccount Name:\t\tVirtualWindows8User\n\tAccount Domain:\t\tVirtualWindows8\n\tLogon ID:\t\t0xBD7C\n\nObject:\n\tObject Server:\t\tSecurity\n\tObject Type:\t\tFile\n\tObject Name:\t\tC:\\Users\\VirtualWindows8User\\Dropbox\n\tHandle ID:\t\t0x1db0\n\tResource Attributes:\t-\n\nProcess Information:\n\tProcess ID:\t\t0xe74\n\tProcess Name:\t\tC:\\Program Files (x86)\\Dropbox\\Client\\Dropbox.exe\n\nAccess Request Information:\n\tTransaction ID:\t\t{00000000-0000-0000-0000-000000000000}\n\tAccesses:\t\tSYNCHRONIZE\n\t\t\t\tReadAttributes\n\t\t\t\t\n\tAccess Reasons:\t\tSYNCHRONIZE:\tGranted by\tD:(A;OICI;FA;;;S-1-5-21-2361021202-3253521353-2316283985-1001)\n\t\t\t\tReadAttributes:\tGranted by\tD:(A;OICI;FA;;;S-1-5-21-2361021202-3253521353-2316283985-1001)\n\t\t\t\t\n\tAccess Mask:\t\t0x100080\n\tPrivileges Used for Access Check:\t-\n\tRestricted SID Count:\t0"^^rdfs:Literal ;
        scl:originatesFrom      <http://example.org/sepses#3998ea59-2852-4a1d-9e76-cd7860ec3618> ;
        scl:timestamp           "2018-08-29T11:48:31.581Z"^^xsd:dateTime ;
        win:accessMask          "0x100080"^^rdfs:Literal ;
        win:accesses            "%%1541\n\t\t\t\t%%4423\n\t\t\t\t"^^rdfs:Literal ;
        win:accountDomain       "VirtualWindows8"^^rdfs:Literal ;
        win:eventID             "Information"^^rdfs:Literal , "4656"^^xsd:Int ;
        win:handleID            "0x1db0"^^rdfs:Literal ;
        win:hasProtocol         "VirtualWindows8User"^^rdfs:Literal ;
        win:keyword             "Audit Success"^^rdfs:Literal ;
        win:logName             "Security"^^rdfs:Literal ;
        win:logonID             "0xbd7c"^^rdfs:Literal ;
        win:objectName          "C:\\Users\\VirtualWindows8User\\Dropbox"^^rdfs:Literal ;
        win:objectServer        "Security"^^rdfs:Literal ;
        win:objectType          "File"^^rdfs:Literal ;
        win:processID           "0xe74"^^rdfs:Literal ;
        win:processName         "C:\\Program Files (x86)\\Dropbox\\Client\\Dropbox.exe"^^rdfs:Literal ;
        win:resourceAttributes  "-"^^rdfs:Literal ;
        win:source              "Microsoft-Windows-Security-Auditing"^^rdfs:Literal ;
        win:taskCategory        "File System"^^rdfs:Literal ;
        win:upCode              "Info"^^rdfs:Literal .

<http://example.org/sepses#16c2c80d-4ae4-48fb-af23-638032070d2e>
        a             rdf:nodeID ;
        scl:hostName  []  .

<http://example.org/logEntry#logEntry-842224f5-3da0-493b-b452-0ebb6847b061>
        a                       <http://purl.org/sepses/vocab/log/wineventlog#WindowsEventLogEntry> ;
        scl:hasLogType          "wineventlog"^^rdfs:Literal ;
        scl:logMessage          "A handle to an object was requested.\n\nSubject:\n\tSecurity ID:\t\tS-1-5-21-2361021202-3253521353-2316283985-1001\n\tAccount Name:\t\tVirtualWindows8User\n\tAccount Domain:\t\tVirtualWindows8\n\tLogon ID:\t\t0xBD7C\n\nObject:\n\tObject Server:\t\tSecurity\n\tObject Type:\t\tFile\n\tObject Name:\t\tC:\\Users\\VirtualWindows8User\\Dropbox\\test2 - Copy.txt\n\tHandle ID:\t\t0x1d4c\n\tResource Attributes:\t-\n\nProcess Information:\n\tProcess ID:\t\t0xe74\n\tProcess Name:\t\tC:\\Program Files (x86)\\Dropbox\\Client\\Dropbox.exe\n\nAccess Request Information:\n\tTransaction ID:\t\t{00000000-0000-0000-0000-000000000000}\n\tAccesses:\t\tSYNCHRONIZE\n\t\t\t\tReadAttributes\n\t\t\t\t\n\tAccess Reasons:\t\tSYNCHRONIZE:\tGranted by\tD:(A;;FA;;;S-1-5-21-2361021202-3253521353-2316283985-1001)\n\t\t\t\tReadAttributes:\tGranted by\tD:(A;;FA;;;S-1-5-21-2361021202-3253521353-2316283985-1001)\n\t\t\t\t\n\tAccess Mask:\t\t0x100080\n\tPrivileges Used for Access Check:\t-\n\tRestricted SID Count:\t0"^^rdfs:Literal ;
        scl:originatesFrom      <http://example.org/sepses#9b3bb2f8-18b7-4b87-a2a6-c6e54ca55b0d> ;
        scl:timestamp           "2018-08-29T11:53:50.911Z"^^xsd:dateTime ;
        win:accessMask          "0x100080"^^rdfs:Literal ;
        win:accesses            "%%1541\n\t\t\t\t%%4423\n\t\t\t\t"^^rdfs:Literal ;
        win:accountDomain       "VirtualWindows8"^^rdfs:Literal ;
        win:eventID             "Information"^^rdfs:Literal , "4656"^^xsd:Int ;
        win:handleID            "0x1d4c"^^rdfs:Literal ;
        win:hasProtocol         "VirtualWindows8User"^^rdfs:Literal ;
        win:keyword             "Audit Success"^^rdfs:Literal ;
        win:logName             "Security"^^rdfs:Literal ;
        win:logonID             "0xbd7c"^^rdfs:Literal ;
        win:objectName          "C:\\Users\\VirtualWindows8User\\Dropbox\\test2 - Copy.txt"^^rdfs:Literal ;
        win:objectServer        "Security"^^rdfs:Literal ;
        win:objectType          "File"^^rdfs:Literal ;
        win:processID           "0xe74"^^rdfs:Literal ;
        win:processName         "C:\\Program Files (x86)\\Dropbox\\Client\\Dropbox.exe"^^rdfs:Literal ;
        win:resourceAttributes  "-"^^rdfs:Literal ;
        win:source              "Microsoft-Windows-Security-Auditing"^^rdfs:Literal ;
        win:taskCategory        "File System"^^rdfs:Literal ;
        win:upCode              "Info"^^rdfs:Literal .

<http://example.org/sepses#b6b55156-f094-42c6-b376-16efb683d052>
        a             rdf:nodeID ;
        scl:hostName  []  .

<http://example.org/sepses#f545d3d3-8562-4827-948a-a1500044529b>
        a             rdf:nodeID ;
        scl:hostName  []  .

<http://example.org/logEntry#logEntry-b2159cb7-5497-449c-a834-f567503bc158>
        a                       <http://purl.org/sepses/vocab/log/wineventlog#WindowsEventLogEntry> ;
        scl:hasLogType          "wineventlog"^^rdfs:Literal ;
        scl:logMessage          "An attempt was made to access an object.\n\nSubject:\n\tSecurity ID:\t\tS-1-5-21-2361021202-3253521353-2316283985-1001\n\tAccount Name:\t\tVirtualWindows8User\n\tAccount Domain:\t\tVirtualWindows8\n\tLogon ID:\t\t0xBD7C\n\nObject:\n\tObject Server:\t\tSecurity\n\tObject Type:\t\tFile\n\tObject Name:\t\tC:\\Users\\VirtualWindows8User\\UserDocuments\n\tHandle ID:\t\t0x6fc\n\tResource Attributes:\tS:AI\n\nProcess Information:\n\tProcess ID:\t\t0x3f8\n\tProcess Name:\t\tC:\\Windows\\explorer.exe\n\nAccess Request Information:\n\tAccesses:\t\tReadAttributes\n\t\t\t\t\n\tAccess Mask:\t\t0x80"^^rdfs:Literal ;
        scl:originatesFrom      <http://example.org/sepses#84d84ae4-dfa6-4ed2-8f65-6e98595e2703> ;
        scl:timestamp           "2018-08-29T11:53:08.530Z"^^xsd:dateTime ;
        win:accessMask          "0x80"^^rdfs:Literal ;
        win:accesses            "%%4423\n\t\t\t\t"^^rdfs:Literal ;
        win:accountDomain       "VirtualWindows8"^^rdfs:Literal ;
        win:eventID             "Information"^^rdfs:Literal , "4663"^^xsd:Int ;
        win:handleID            "0x6fc"^^rdfs:Literal ;
        win:hasProtocol         "VirtualWindows8User"^^rdfs:Literal ;
        win:keyword             "Audit Success"^^rdfs:Literal ;
        win:logName             "Security"^^rdfs:Literal ;
        win:logonID             "0xbd7c"^^rdfs:Literal ;
        win:objectName          "C:\\Users\\VirtualWindows8User\\UserDocuments"^^rdfs:Literal ;
        win:objectServer        "Security"^^rdfs:Literal ;
        win:objectType          "File"^^rdfs:Literal ;
        win:processID           "0x3f8"^^rdfs:Literal ;
        win:processName         "C:\\Windows\\explorer.exe"^^rdfs:Literal ;
        win:resourceAttributes  "S:AI"^^rdfs:Literal ;
        win:source              "Microsoft-Windows-Security-Auditing"^^rdfs:Literal ;
        win:taskCategory        "File System"^^rdfs:Literal ;
        win:upCode              "Info"^^rdfs:Literal .

<http://example.org/sepses#64cb44cd-6ac9-4943-8b41-9efbead2ec21>
        a             rdf:nodeID ;
        scl:hostName  []  .

<http://example.org/logEntry#logEntry-0ef0a3a6-f999-4373-a745-feff4f7e3e79>
        a                       <http://purl.org/sepses/vocab/log/wineventlog#WindowsEventLogEntry> ;
        scl:hasLogType          "wineventlog"^^rdfs:Literal ;
        scl:logMessage          "A handle to an object was requested.\n\nSubject:\n\tSecurity ID:\t\tS-1-5-21-2361021202-3253521353-2316283985-1001\n\tAccount Name:\t\tVirtualWindows8User\n\tAccount Domain:\t\tVirtualWindows8\n\tLogon ID:\t\t0xBD7C\n\nObject:\n\tObject Server:\t\tSecurity\n\tObject Type:\t\tFile\n\tObject Name:\t\tC:\\Users\\VirtualWindows8User\\UserDocuments\n\tHandle ID:\t\t0x1b90\n\tResource Attributes:\t-\n\nProcess Information:\n\tProcess ID:\t\t0x3f8\n\tProcess Name:\t\tC:\\Windows\\explorer.exe\n\nAccess Request Information:\n\tTransaction ID:\t\t{00000000-0000-0000-0000-000000000000}\n\tAccesses:\t\tREAD_CONTROL\n\t\t\t\tReadAttributes\n\t\t\t\t\n\tAccess Reasons:\t\tREAD_CONTROL:\tGranted by Ownership\n\t\t\t\tReadAttributes:\tGranted by\tD:(A;OICI;FA;;;S-1-5-21-2361021202-3253521353-2316283985-1001)\n\t\t\t\t\n\tAccess Mask:\t\t0x20080\n\tPrivileges Used for Access Check:\t-\n\tRestricted SID Count:\t0"^^rdfs:Literal ;
        scl:originatesFrom      <http://example.org/sepses#dc20456e-e42b-454d-bb91-b771642aa5ac> ;
        scl:timestamp           "2018-08-29T11:53:19.253Z"^^xsd:dateTime ;
        win:accessMask          "0x20080"^^rdfs:Literal ;
        win:accesses            "%%1538\n\t\t\t\t%%4423\n\t\t\t\t"^^rdfs:Literal ;
        win:accountDomain       "VirtualWindows8"^^rdfs:Literal ;
        win:eventID             "4656"^^xsd:Int , "Information"^^rdfs:Literal ;
        win:handleID            "0x1b90"^^rdfs:Literal ;
        win:hasProtocol         "VirtualWindows8User"^^rdfs:Literal ;
        win:keyword             "Audit Success"^^rdfs:Literal ;
        win:logName             "Security"^^rdfs:Literal ;
        win:logonID             "0xbd7c"^^rdfs:Literal ;
        win:objectName          "C:\\Users\\VirtualWindows8User\\UserDocuments"^^rdfs:Literal ;
        win:objectServer        "Security"^^rdfs:Literal ;
        win:objectType          "File"^^rdfs:Literal ;
        win:processID           "0x3f8"^^rdfs:Literal ;
        win:processName         "C:\\Windows\\explorer.exe"^^rdfs:Literal ;
        win:resourceAttributes  "-"^^rdfs:Literal ;
        win:source              "Microsoft-Windows-Security-Auditing"^^rdfs:Literal ;
        win:taskCategory        "File System"^^rdfs:Literal ;
        win:upCode              "Info"^^rdfs:Literal .

<http://example.org/logEntry#logEntry-ae1229d5-6a34-4e15-8a5c-23a63c3f314a>
        a                       <http://purl.org/sepses/vocab/log/wineventlog#WindowsEventLogEntry> ;
        scl:hasLogType          "wineventlog"^^rdfs:Literal ;
        scl:logMessage          "A handle to an object was requested.\n\nSubject:\n\tSecurity ID:\t\tS-1-5-21-2361021202-3253521353-2316283985-1001\n\tAccount Name:\t\tVirtualWindows8User\n\tAccount Domain:\t\tVirtualWindows8\n\tLogon ID:\t\t0xBD7C\n\nObject:\n\tObject Server:\t\tSecurity\n\tObject Type:\t\tFile\n\tObject Name:\t\tC:\\Users\\VirtualWindows8User\\UserDocuments\n\tHandle ID:\t\t0x2230\n\tResource Attributes:\t-\n\nProcess Information:\n\tProcess ID:\t\t0x3f8\n\tProcess Name:\t\tC:\\Windows\\explorer.exe\n\nAccess Request Information:\n\tTransaction ID:\t\t{00000000-0000-0000-0000-000000000000}\n\tAccesses:\t\tREAD_CONTROL\n\t\t\t\tReadAttributes\n\t\t\t\t\n\tAccess Reasons:\t\tREAD_CONTROL:\tGranted by Ownership\n\t\t\t\tReadAttributes:\tGranted by\tD:(A;OICI;FA;;;S-1-5-21-2361021202-3253521353-2316283985-1001)\n\t\t\t\t\n\tAccess Mask:\t\t0x20080\n\tPrivileges Used for Access Check:\t-\n\tRestricted SID Count:\t0"^^rdfs:Literal ;
        scl:originatesFrom      <http://example.org/sepses#98526a8c-b336-49c3-8ce3-6f2c0b3230bd> ;
        scl:timestamp           "2018-08-29T11:52:17.862Z"^^xsd:dateTime ;
        win:accessMask          "0x20080"^^rdfs:Literal ;
        win:accesses            "%%1538\n\t\t\t\t%%4423\n\t\t\t\t"^^rdfs:Literal ;
        win:accountDomain       "VirtualWindows8"^^rdfs:Literal ;
        win:eventID             "Information"^^rdfs:Literal , "4656"^^xsd:Int ;
        win:handleID            "0x2230"^^rdfs:Literal ;
        win:hasProtocol         "VirtualWindows8User"^^rdfs:Literal ;
        win:keyword             "Audit Success"^^rdfs:Literal ;
        win:logName             "Security"^^rdfs:Literal ;
        win:logonID             "0xbd7c"^^rdfs:Literal ;
        win:objectName          "C:\\Users\\VirtualWindows8User\\UserDocuments"^^rdfs:Literal ;
        win:objectServer        "Security"^^rdfs:Literal ;
        win:objectType          "File"^^rdfs:Literal ;
        win:processID           "0x3f8"^^rdfs:Literal ;
        win:processName         "C:\\Windows\\explorer.exe"^^rdfs:Literal ;
        win:resourceAttributes  "-"^^rdfs:Literal ;
        win:source              "Microsoft-Windows-Security-Auditing"^^rdfs:Literal ;
        win:taskCategory        "File System"^^rdfs:Literal ;
        win:upCode              "Info"^^rdfs:Literal .

<http://example.org/sepses#d185062b-a07e-4900-a6e4-8eaee603d33c>
        a             rdf:nodeID ;
        scl:hostName  []  .

<http://example.org/sepses#8f0ef8e0-c74e-4878-8112-d71d7cce600b>
        a             rdf:nodeID ;
        scl:hostName  []  .

<http://example.org/logEntry#logEntry-bae99e8b-f91a-4e9b-88a9-13dac0661bfd>
        a                       <http://purl.org/sepses/vocab/log/wineventlog#WindowsEventLogEntry> ;
        scl:hasLogType          "wineventlog"^^rdfs:Literal ;
        scl:logMessage          "An attempt was made to access an object.\n\nSubject:\n\tSecurity ID:\t\tS-1-5-21-2361021202-3253521353-2316283985-1001\n\tAccount Name:\t\tVirtualWindows8User\n\tAccount Domain:\t\tVirtualWindows8\n\tLogon ID:\t\t0xBD7C\n\nObject:\n\tObject Server:\t\tSecurity\n\tObject Type:\t\tFile\n\tObject Name:\t\tC:\\Users\\VirtualWindows8User\\Dropbox\n\tHandle ID:\t\t0x20e4\n\tResource Attributes:\tS:AI\n\nProcess Information:\n\tProcess ID:\t\t0x3f8\n\tProcess Name:\t\tC:\\Windows\\explorer.exe\n\nAccess Request Information:\n\tAccesses:\t\tReadAttributes\n\t\t\t\t\n\tAccess Mask:\t\t0x80"^^rdfs:Literal ;
        scl:originatesFrom      <http://example.org/sepses#ae2aefdb-d68d-4a33-9810-c805aaf3ca31> ;
        scl:timestamp           "2018-08-29T11:53:56.608Z"^^xsd:dateTime ;
        win:accessMask          "0x80"^^rdfs:Literal ;
        win:accesses            "%%4423\n\t\t\t\t"^^rdfs:Literal ;
        win:accountDomain       "VirtualWindows8"^^rdfs:Literal ;
        win:eventID             "4663"^^xsd:Int , "Information"^^rdfs:Literal ;
        win:handleID            "0x20e4"^^rdfs:Literal ;
        win:hasProtocol         "VirtualWindows8User"^^rdfs:Literal ;
        win:keyword             "Audit Success"^^rdfs:Literal ;
        win:logName             "Security"^^rdfs:Literal ;
        win:logonID             "0xbd7c"^^rdfs:Literal ;
        win:objectName          "C:\\Users\\VirtualWindows8User\\Dropbox"^^rdfs:Literal ;
        win:objectServer        "Security"^^rdfs:Literal ;
        win:objectType          "File"^^rdfs:Literal ;
        win:processID           "0x3f8"^^rdfs:Literal ;
        win:processName         "C:\\Windows\\explorer.exe"^^rdfs:Literal ;
        win:resourceAttributes  "S:AI"^^rdfs:Literal ;
        win:source              "Microsoft-Windows-Security-Auditing"^^rdfs:Literal ;
        win:taskCategory        "File System"^^rdfs:Literal ;
        win:upCode              "Info"^^rdfs:Literal .

<http://example.org/sepses#43f09386-9386-4a75-9a76-31e0dd98d2c8>
        a             rdf:nodeID ;
        scl:hostName  []  .

<http://example.org/logEntry#logEntry-0e4ecad8-a480-48cd-8022-20db6f41cc03>
        a                       <http://purl.org/sepses/vocab/log/wineventlog#WindowsEventLogEntry> ;
        scl:hasLogType          "wineventlog"^^rdfs:Literal ;
        scl:logMessage          "A handle to an object was requested.\n\nSubject:\n\tSecurity ID:\t\tS-1-5-21-2361021202-3253521353-2316283985-1001\n\tAccount Name:\t\tVirtualWindows8User\n\tAccount Domain:\t\tVirtualWindows8\n\tLogon ID:\t\t0xBD7C\n\nObject:\n\tObject Server:\t\tSecurity\n\tObject Type:\t\tFile\n\tObject Name:\t\tC:\\Users\\VirtualWindows8User\\Dropbox\\.dropbox.cache\\2018-08-27\\test_file (deleted b'0c7b0b0c817ebb0b9b7ac0c42f632cb6').txt\n\tHandle ID:\t\t0x1d38\n\tResource Attributes:\t-\n\nProcess Information:\n\tProcess ID:\t\t0xe74\n\tProcess Name:\t\tC:\\Program Files (x86)\\Dropbox\\Client\\Dropbox.exe\n\nAccess Request Information:\n\tTransaction ID:\t\t{00000000-0000-0000-0000-000000000000}\n\tAccesses:\t\tSYNCHRONIZE\n\t\t\t\tReadAttributes\n\t\t\t\t\n\tAccess Reasons:\t\tSYNCHRONIZE:\tGranted by\tD:(A;ID;FA;;;S-1-5-21-2361021202-3253521353-2316283985-1001)\n\t\t\t\tReadAttributes:\tGranted by\tD:(A;ID;FA;;;S-1-5-21-2361021202-3253521353-2316283985-1001)\n\t\t\t\t\n\tAccess Mask:\t\t0x100080\n\tPrivileges Used for Access Check:\t-\n\tRestricted SID Count:\t0"^^rdfs:Literal ;
        scl:originatesFrom      <http://example.org/sepses#7350ff5d-711c-4e09-93cc-38ed03483297> ;
        scl:timestamp           "2018-08-29T11:54:04.856Z"^^xsd:dateTime ;
        win:accessMask          "0x100080"^^rdfs:Literal ;
        win:accesses            "%%1541\n\t\t\t\t%%4423\n\t\t\t\t"^^rdfs:Literal ;
        win:accountDomain       "VirtualWindows8"^^rdfs:Literal ;
        win:eventID             "Information"^^rdfs:Literal , "4656"^^xsd:Int ;
        win:handleID            "0x1d38"^^rdfs:Literal ;
        win:hasProtocol         "VirtualWindows8User"^^rdfs:Literal ;
        win:keyword             "Audit Success"^^rdfs:Literal ;
        win:logName             "Security"^^rdfs:Literal ;
        win:logonID             "0xbd7c"^^rdfs:Literal ;
        win:objectName          "C:\\Users\\VirtualWindows8User\\Dropbox\\.dropbox.cache\\2018-08-27\\test_file (deleted b'0c7b0b0c817ebb0b9b7ac0c42f632cb6').txt"^^rdfs:Literal ;
        win:objectServer        "Security"^^rdfs:Literal ;
        win:objectType          "File"^^rdfs:Literal ;
        win:processID           "0xe74"^^rdfs:Literal ;
        win:processName         "C:\\Program Files (x86)\\Dropbox\\Client\\Dropbox.exe"^^rdfs:Literal ;
        win:resourceAttributes  "-"^^rdfs:Literal ;
        win:source              "Microsoft-Windows-Security-Auditing"^^rdfs:Literal ;
        win:taskCategory        "File System"^^rdfs:Literal ;
        win:upCode              "Info"^^rdfs:Literal .

<http://example.org/sepses#a0695189-a5df-4d70-8773-579cfaa769bb>
        a             rdf:nodeID ;
        scl:hostName  []  .

<http://example.org/logEntry#logEntry-6eacafb1-612a-4a63-be76-2ca388732e0d>
        a                       <http://purl.org/sepses/vocab/log/wineventlog#WindowsEventLogEntry> ;
        scl:hasLogType          "wineventlog"^^rdfs:Literal ;
        scl:logMessage          "A handle to an object was requested.\n\nSubject:\n\tSecurity ID:\t\tS-1-5-21-2361021202-3253521353-2316283985-1001\n\tAccount Name:\t\tVirtualWindows8User\n\tAccount Domain:\t\tVirtualWindows8\n\tLogon ID:\t\t0xBD7C\n\nObject:\n\tObject Server:\t\tSecurity\n\tObject Type:\t\tFile\n\tObject Name:\t\tC:\\Users\\VirtualWindows8User\\Dropbox\n\tHandle ID:\t\t0x1f44\n\tResource Attributes:\t-\n\nProcess Information:\n\tProcess ID:\t\t0x3f8\n\tProcess Name:\t\tC:\\Windows\\explorer.exe\n\nAccess Request Information:\n\tTransaction ID:\t\t{00000000-0000-0000-0000-000000000000}\n\tAccesses:\t\tSYNCHRONIZE\n\t\t\t\tReadData (or ListDirectory)\n\t\t\t\tReadAttributes\n\t\t\t\t\n\tAccess Reasons:\t\tSYNCHRONIZE:\tGranted by\tD:(A;OICI;FA;;;S-1-5-21-2361021202-3253521353-2316283985-1001)\n\t\t\t\tReadData (or ListDirectory):\tGranted by\tD:(A;OICI;FA;;;S-1-5-21-2361021202-3253521353-2316283985-1001)\n\t\t\t\tReadAttributes:\tGranted by\tD:(A;OICI;FA;;;S-1-5-21-2361021202-3253521353-2316283985-1001)\n\t\t\t\t\n\tAccess Mask:\t\t0x100081\n\tPrivileges Used for Access Check:\t-\n\tRestricted SID Count:\t0"^^rdfs:Literal ;
        scl:originatesFrom      <http://example.org/sepses#d780f3b8-fc93-492e-8ec3-f0aae5e9f458> ;
        scl:timestamp           "2018-08-29T11:51:34.993Z"^^xsd:dateTime ;
        win:accessMask          "0x100081"^^rdfs:Literal ;
        win:accesses            "%%1541\n\t\t\t\t%%4416\n\t\t\t\t%%4423\n\t\t\t\t"^^rdfs:Literal ;
        win:accountDomain       "VirtualWindows8"^^rdfs:Literal ;
        win:eventID             "4656"^^xsd:Int , "Information"^^rdfs:Literal ;
        win:handleID            "0x1f44"^^rdfs:Literal ;
        win:hasProtocol         "VirtualWindows8User"^^rdfs:Literal ;
        win:keyword             "Audit Success"^^rdfs:Literal ;
        win:logName             "Security"^^rdfs:Literal ;
        win:logonID             "0xbd7c"^^rdfs:Literal ;
        win:objectName          "C:\\Users\\VirtualWindows8User\\Dropbox"^^rdfs:Literal ;
        win:objectServer        "Security"^^rdfs:Literal ;
        win:objectType          "File"^^rdfs:Literal ;
        win:processID           "0x3f8"^^rdfs:Literal ;
        win:processName         "C:\\Windows\\explorer.exe"^^rdfs:Literal ;
        win:resourceAttributes  "-"^^rdfs:Literal ;
        win:source              "Microsoft-Windows-Security-Auditing"^^rdfs:Literal ;
        win:taskCategory        "File System"^^rdfs:Literal ;
        win:upCode              "Info"^^rdfs:Literal .

<http://example.org/sepses#e625d10c-85f2-4e4d-8514-561a65cd485a>
        a             rdf:nodeID ;
        scl:hostName  []  .

<http://example.org/logEntry#logEntry-a5d52405-5fc7-4016-8b4e-9fb155764eaa>
        a                       <http://purl.org/sepses/vocab/log/wineventlog#WindowsEventLogEntry> ;
        scl:hasLogType          "wineventlog"^^rdfs:Literal ;
        scl:logMessage          "An attempt was made to access an object.\n\nSubject:\n\tSecurity ID:\t\tS-1-5-21-2361021202-3253521353-2316283985-1001\n\tAccount Name:\t\tVirtualWindows8User\n\tAccount Domain:\t\tVirtualWindows8\n\tLogon ID:\t\t0xBD7C\n\nObject:\n\tObject Server:\t\tSecurity\n\tObject Type:\t\tFile\n\tObject Name:\t\tC:\\Users\\VirtualWindows8User\\UserDocuments\n\tHandle ID:\t\t0x1b90\n\tResource Attributes:\tS:AI\n\nProcess Information:\n\tProcess ID:\t\t0x3f8\n\tProcess Name:\t\tC:\\Windows\\explorer.exe\n\nAccess Request Information:\n\tAccesses:\t\tReadAttributes\n\t\t\t\t\n\tAccess Mask:\t\t0x80"^^rdfs:Literal ;
        scl:originatesFrom      <http://example.org/sepses#e4ccbd51-78d0-4cef-91f2-074a583bd6e9> ;
        scl:timestamp           "2018-08-29T11:53:19.253Z"^^xsd:dateTime ;
        win:accessMask          "0x80"^^rdfs:Literal ;
        win:accesses            "%%4423\n\t\t\t\t"^^rdfs:Literal ;
        win:accountDomain       "VirtualWindows8"^^rdfs:Literal ;
        win:eventID             "Information"^^rdfs:Literal , "4663"^^xsd:Int ;
        win:handleID            "0x1b90"^^rdfs:Literal ;
        win:hasProtocol         "VirtualWindows8User"^^rdfs:Literal ;
        win:keyword             "Audit Success"^^rdfs:Literal ;
        win:logName             "Security"^^rdfs:Literal ;
        win:logonID             "0xbd7c"^^rdfs:Literal ;
        win:objectName          "C:\\Users\\VirtualWindows8User\\UserDocuments"^^rdfs:Literal ;
        win:objectServer        "Security"^^rdfs:Literal ;
        win:objectType          "File"^^rdfs:Literal ;
        win:processID           "0x3f8"^^rdfs:Literal ;
        win:processName         "C:\\Windows\\explorer.exe"^^rdfs:Literal ;
        win:resourceAttributes  "S:AI"^^rdfs:Literal ;
        win:source              "Microsoft-Windows-Security-Auditing"^^rdfs:Literal ;
        win:taskCategory        "File System"^^rdfs:Literal ;
        win:upCode              "Info"^^rdfs:Literal .

