{"source":"Microsoft-Windows-Security-Auditing","computerName":"VirtualWindows8","taskCategory":"File System","accessMask":"0x80","logName":"Security","@timestamp":"2018-10-03T10:08:01.843Z","objectServer":"Security","upCode":"Info","hasLogType":"wineventlog","originatesFrom":{"@id":"http://example.org/sepses#ae47c845-cfd1-4b3d-8083-2b9f6099c223","hostName":{"name":"VirtualWindows8"},"@type":"rdf:nodeID"},"@id":"http://example.org/logEntry#logEntry-0b55ab0c-5b27-4b12-8e5f-d05c96472426","accountName":"VirtualWindows8User","handleID":"0xd24","@context":"http://sepses.ifs.tuwien.ac.at/contexts/wineventlog.jsonld","version":1,"processID":"0xc9c","accesses":"%%4423\n\t\t\t\t","logMessage":"An attempt was made to access an object.\n\nSubject:\n\tSecurity ID:\t\tS-1-5-21-2361021202-3253521353-2316283985-1001\n\tAccount Name:\t\tVirtualWindows8User\n\tAccount Domain:\t\tVirtualWindows8\n\tLogon ID:\t\t0x108AF\n\nObject:\n\tObject Server:\t\tSecurity\n\tObject Type:\t\tFile\n\tObject Name:\t\tC:\\Users\\VirtualWindows8User\\Dropbox\\.dropbox.cache\n\tHandle ID:\t\t0xd24\n\tResource Attributes:\tS:AI\n\nProcess Information:\n\tProcess ID:\t\t0xc9c\n\tProcess Name:\t\tC:\\Program Files (x86)\\Dropbox\\Client\\Dropbox.exe\n\nAccess Request Information:\n\tAccesses:\t\tReadAttributes\n\t\t\t\t\n\tAccess Mask:\t\t0x80","timestamp":"2018-10-03T10:08:01.843Z","resourceAttributes":"S:AI","eventID":4663,"level":"Information","keyword":["Audit Success"],"objectType":"File","objectName":"C:\\Users\\VirtualWindows8User\\Dropbox\\.dropbox.cache","processName":"C:\\Program Files (x86)\\Dropbox\\Client\\Dropbox.exe","accountDomain":"VirtualWindows8","logonID":"0x108af","@type":"http://purl.org/sepses/vocab/log/wineventlog#WindowsEventLogEntry"}
{"source":"Microsoft-Windows-Security-Auditing","computerName":"VirtualWindows8","taskCategory":"File System","accessMask":"0x80","logName":"Security","@timestamp":"2018-10-03T10:08:01.850Z","objectServer":"Security","upCode":"Info","hasLogType":"wineventlog","originatesFrom":{"@id":"http://example.org/sepses#a942feef-a3d6-421c-84a9-72dc6df6cce4","hostName":{"name":"VirtualWindows8"},"@type":"rdf:nodeID"},"@id":"http://example.org/logEntry#logEntry-8b0c2209-01ed-462f-b616-845a9313f3c4","accountName":"VirtualWindows8User","handleID":"0xd24","@context":"http://sepses.ifs.tuwien.ac.at/contexts/wineventlog.jsonld","version":1,"processID":"0xc9c","accesses":"%%4423\n\t\t\t\t","logMessage":"An attempt was made to access an object.\n\nSubject:\n\tSecurity ID:\t\tS-1-5-21-2361021202-3253521353-2316283985-1001\n\tAccount Name:\t\tVirtualWindows8User\n\tAccount Domain:\t\tVirtualWindows8\n\tLogon ID:\t\t0x108AF\n\nObject:\n\tObject Server:\t\tSecurity\n\tObject Type:\t\tFile\n\tObject Name:\t\tC:\\Users\\VirtualWindows8User\\Dropbox\\.dropbox.cache\\prefetch_cache\n\tHandle ID:\t\t0xd24\n\tResource Attributes:\tS:AI\n\nProcess Information:\n\tProcess ID:\t\t0xc9c\n\tProcess Name:\t\tC:\\Program Files (x86)\\Dropbox\\Client\\Dropbox.exe\n\nAccess Request Information:\n\tAccesses:\t\tReadAttributes\n\t\t\t\t\n\tAccess Mask:\t\t0x80","timestamp":"2018-10-03T10:08:01.850Z","resourceAttributes":"S:AI","eventID":4663,"level":"Information","keyword":["Audit Success"],"objectType":"File","objectName":"C:\\Users\\VirtualWindows8User\\Dropbox\\.dropbox.cache\\prefetch_cache","processName":"C:\\Program Files (x86)\\Dropbox\\Client\\Dropbox.exe","accountDomain":"VirtualWindows8","logonID":"0x108af","@type":"http://purl.org/sepses/vocab/log/wineventlog#WindowsEventLogEntry"}
{"source":"Microsoft-Windows-Security-Auditing","computerName":"VirtualWindows8","taskCategory":"File System","accessMask":"0x80","logName":"Security","@timestamp":"2018-10-03T10:08:01.852Z","objectServer":"Security","upCode":"Info","hasLogType":"wineventlog","originatesFrom":{"@id":"http://example.org/sepses#e0027c34-65da-4ab4-929e-1b0029c4aaf2","hostName":{"name":"VirtualWindows8"},"@type":"rdf:nodeID"},"@id":"http://example.org/logEntry#logEntry-977cd52a-4225-4a07-903a-670a3987edba","accountName":"VirtualWindows8User","handleID":"0xd24","@context":"http://sepses.ifs.tuwien.ac.at/contexts/wineventlog.jsonld","version":1,"processID":"0xc9c","accesses":"%%4423\n\t\t\t\t","logMessage":"An attempt was made to access an object.\n\nSubject:\n\tSecurity ID:\t\tS-1-5-21-2361021202-3253521353-2316283985-1001\n\tAccount Name:\t\tVirtualWindows8User\n\tAccount Domain:\t\tVirtualWindows8\n\tLogon ID:\t\t0x108AF\n\nObject:\n\tObject Server:\t\tSecurity\n\tObject Type:\t\tFile\n\tObject Name:\t\tC:\\Users\\VirtualWindows8User\\Dropbox\\.dropbox.cache\\prefetch_cache\n\tHandle ID:\t\t0xd24\n\tResource Attributes:\tS:AI\n\nProcess Information:\n\tProcess ID:\t\t0xc9c\n\tProcess Name:\t\tC:\\Program Files (x86)\\Dropbox\\Client\\Dropbox.exe\n\nAccess Request Information:\n\tAccesses:\t\tReadAttributes\n\t\t\t\t\n\tAccess Mask:\t\t0x80","timestamp":"2018-10-03T10:08:01.852Z","resourceAttributes":"S:AI","eventID":4663,"level":"Information","keyword":["Audit Success"],"objectType":"File","objectName":"C:\\Users\\VirtualWindows8User\\Dropbox\\.dropbox.cache\\prefetch_cache","processName":"C:\\Program Files (x86)\\Dropbox\\Client\\Dropbox.exe","accountDomain":"VirtualWindows8","logonID":"0x108af","@type":"http://purl.org/sepses/vocab/log/wineventlog#WindowsEventLogEntry"}
{"source":"Microsoft-Windows-Security-Auditing","computerName":"VirtualWindows8","taskCategory":"File System","accessMask":"0x2","logName":"Security","@timestamp":"2018-10-03T10:08:02.043Z","objectServer":"Security","upCode":"Info","hasLogType":"wineventlog","originatesFrom":{"@id":"http://example.org/sepses#8a34cafd-2d07-4136-9ea4-9b0af0e9afe8","hostName":{"name":"VirtualWindows8"},"@type":"rdf:nodeID"},"@id":"http://example.org/logEntry#logEntry-cb55937e-e0b2-4427-ae66-0d90ea987025","accountName":"VirtualWindows8User","handleID":"0x1570","@context":"http://sepses.ifs.tuwien.ac.at/contexts/wineventlog.jsonld","version":1,"processID":"0xc9c","accesses":"%%4417\n\t\t\t\t","logMessage":"An attempt was made to access an object.\n\nSubject:\n\tSecurity ID:\t\tS-1-5-21-2361021202-3253521353-2316283985-1001\n\tAccount Name:\t\tVirtualWindows8User\n\tAccount Domain:\t\tVirtualWindows8\n\tLogon ID:\t\t0x108AF\n\nObject:\n\tObject Server:\t\tSecurity\n\tObject Type:\t\tFile\n\tObject Name:\t\tC:\\Users\\VirtualWindows8User\\Dropbox\\.dropbox.cache\\~fa80a790.tmp\n\tHandle ID:\t\t0x1570\n\tResource Attributes:\tS:AI\n\nProcess Information:\n\tProcess ID:\t\t0xc9c\n\tProcess Name:\t\tC:\\Program Files (x86)\\Dropbox\\Client\\Dropbox.exe\n\nAccess Request Information:\n\tAccesses:\t\tWriteData (or AddFile)\n\t\t\t\t\n\tAccess Mask:\t\t0x2","timestamp":"2018-10-03T10:08:02.043Z","resourceAttributes":"S:AI","eventID":4663,"level":"Information","keyword":["Audit Success"],"objectType":"File","objectName":"C:\\Users\\VirtualWindows8User\\Dropbox\\.dropbox.cache\\~fa80a790.tmp","processName":"C:\\Program Files (x86)\\Dropbox\\Client\\Dropbox.exe","accountDomain":"VirtualWindows8","logonID":"0x108af","@type":"http://purl.org/sepses/vocab/log/wineventlog#WindowsEventLogEntry"}
{"source":"Microsoft-Windows-Security-Auditing","computerName":"VirtualWindows8","taskCategory":"File System","accessMask":"0x80","logName":"Security","@timestamp":"2018-10-03T10:08:02.052Z","objectServer":"Security","upCode":"Info","hasLogType":"wineventlog","originatesFrom":{"@id":"http://example.org/sepses#bb34a3df-24aa-49ef-919c-2f569112a734","hostName":{"name":"VirtualWindows8"},"@type":"rdf:nodeID"},"@id":"http://example.org/logEntry#logEntry-bceaa0ae-22b3-46b4-984a-e940aad34b1a","accountName":"VirtualWindows8User","handleID":"0x1570","@context":"http://sepses.ifs.tuwien.ac.at/contexts/wineventlog.jsonld","version":1,"processID":"0xc9c","accesses":"%%4423\n\t\t\t\t","logMessage":"An attempt was made to access an object.\n\nSubject:\n\tSecurity ID:\t\tS-1-5-21-2361021202-3253521353-2316283985-1001\n\tAccount Name:\t\tVirtualWindows8User\n\tAccount Domain:\t\tVirtualWindows8\n\tLogon ID:\t\t0x108AF\n\nObject:\n\tObject Server:\t\tSecurity\n\tObject Type:\t\tFile\n\tObject Name:\t\tC:\\Users\\VirtualWindows8User\\Dropbox\\.dropbox.cache\\~fa80a790.tmp\n\tHandle ID:\t\t0x1570\n\tResource Attributes:\tS:AI\n\nProcess Information:\n\tProcess ID:\t\t0xc9c\n\tProcess Name:\t\tC:\\Program Files (x86)\\Dropbox\\Client\\Dropbox.exe\n\nAccess Request Information:\n\tAccesses:\t\tReadAttributes\n\t\t\t\t\n\tAccess Mask:\t\t0x80","timestamp":"2018-10-03T10:08:02.052Z","resourceAttributes":"S:AI","eventID":4663,"level":"Information","keyword":["Audit Success"],"objectType":"File","objectName":"C:\\Users\\VirtualWindows8User\\Dropbox\\.dropbox.cache\\~fa80a790.tmp","processName":"C:\\Program Files (x86)\\Dropbox\\Client\\Dropbox.exe","accountDomain":"VirtualWindows8","logonID":"0x108af","@type":"http://purl.org/sepses/vocab/log/wineventlog#WindowsEventLogEntry"}
{"source":"Microsoft-Windows-Security-Auditing","computerName":"VirtualWindows8","taskCategory":"File System","accessMask":"0x80","logName":"Security","@timestamp":"2018-10-03T10:08:02.052Z","objectServer":"Security","upCode":"Info","hasLogType":"wineventlog","originatesFrom":{"@id":"http://example.org/sepses#c89f8c93-65ab-4699-9ad3-6c9f1de77c29","hostName":{"name":"VirtualWindows8"},"@type":"rdf:nodeID"},"@id":"http://example.org/logEntry#logEntry-e9a44a7a-f29d-4c2c-a2a5-a33c4125a997","accountName":"VirtualWindows8User","handleID":"0x1570","@context":"http://sepses.ifs.tuwien.ac.at/contexts/wineventlog.jsonld","version":1,"processID":"0xc9c","accesses":"%%4423\n\t\t\t\t","logMessage":"An attempt was made to access an object.\n\nSubject:\n\tSecurity ID:\t\tS-1-5-21-2361021202-3253521353-2316283985-1001\n\tAccount Name:\t\tVirtualWindows8User\n\tAccount Domain:\t\tVirtualWindows8\n\tLogon ID:\t\t0x108AF\n\nObject:\n\tObject Server:\t\tSecurity\n\tObject Type:\t\tFile\n\tObject Name:\t\tC:\\Users\\VirtualWindows8User\\Dropbox\\.dropbox.cache\\~fa80a790.tmp\n\tHandle ID:\t\t0x1570\n\tResource Attributes:\tS:AI\n\nProcess Information:\n\tProcess ID:\t\t0xc9c\n\tProcess Name:\t\tC:\\Program Files (x86)\\Dropbox\\Client\\Dropbox.exe\n\nAccess Request Information:\n\tAccesses:\t\tReadAttributes\n\t\t\t\t\n\tAccess Mask:\t\t0x80","timestamp":"2018-10-03T10:08:02.052Z","resourceAttributes":"S:AI","eventID":4663,"level":"Information","keyword":["Audit Success"],"objectType":"File","objectName":"C:\\Users\\VirtualWindows8User\\Dropbox\\.dropbox.cache\\~fa80a790.tmp","processName":"C:\\Program Files (x86)\\Dropbox\\Client\\Dropbox.exe","accountDomain":"VirtualWindows8","logonID":"0x108af","@type":"http://purl.org/sepses/vocab/log/wineventlog#WindowsEventLogEntry"}
{"source":"Microsoft-Windows-Security-Auditing","computerName":"VirtualWindows8","taskCategory":"File System","accessMask":"0x80","logName":"Security","@timestamp":"2018-10-03T10:08:02.061Z","objectServer":"Security","upCode":"Info","hasLogType":"wineventlog","originatesFrom":{"@id":"http://example.org/sepses#85ca4aae-0362-4d1f-8795-cbc2d4a30242","hostName":{"name":"VirtualWindows8"},"@type":"rdf:nodeID"},"@id":"http://example.org/logEntry#logEntry-d363decb-35a4-4638-b305-aa64bc1b874d","accountName":"VirtualWindows8User","handleID":"0x1570","@context":"http://sepses.ifs.tuwien.ac.at/contexts/wineventlog.jsonld","version":1,"processID":"0xc9c","accesses":"%%4423\n\t\t\t\t","logMessage":"An attempt was made to access an object.\n\nSubject:\n\tSecurity ID:\t\tS-1-5-21-2361021202-3253521353-2316283985-1001\n\tAccount Name:\t\tVirtualWindows8User\n\tAccount Domain:\t\tVirtualWindows8\n\tLogon ID:\t\t0x108AF\n\nObject:\n\tObject Server:\t\tSecurity\n\tObject Type:\t\tFile\n\tObject Name:\t\tC:\\Users\\VirtualWindows8User\\Dropbox\\.dropbox.cache\\~fa80a790.tmp\n\tHandle ID:\t\t0x1570\n\tResource Attributes:\tS:AI\n\nProcess Information:\n\tProcess ID:\t\t0xc9c\n\tProcess Name:\t\tC:\\Program Files (x86)\\Dropbox\\Client\\Dropbox.exe\n\nAccess Request Information:\n\tAccesses:\t\tReadAttributes\n\t\t\t\t\n\tAccess Mask:\t\t0x80","timestamp":"2018-10-03T10:08:02.061Z","resourceAttributes":"S:AI","eventID":4663,"level":"Information","keyword":["Audit Success"],"objectType":"File","objectName":"C:\\Users\\VirtualWindows8User\\Dropbox\\.dropbox.cache\\~fa80a790.tmp","processName":"C:\\Program Files (x86)\\Dropbox\\Client\\Dropbox.exe","accountDomain":"VirtualWindows8","logonID":"0x108af","@type":"http://purl.org/sepses/vocab/log/wineventlog#WindowsEventLogEntry"}
{"source":"Microsoft-Windows-Security-Auditing","computerName":"VirtualWindows8","taskCategory":"File System","accessMask":"0x80","logName":"Security","@timestamp":"2018-10-03T10:08:02.061Z","objectServer":"Security","upCode":"Info","hasLogType":"wineventlog","originatesFrom":{"@id":"http://example.org/sepses#336f3d3e-fe43-4b92-818b-08d54ac7187c","hostName":{"name":"VirtualWindows8"},"@type":"rdf:nodeID"},"@id":"http://example.org/logEntry#logEntry-da002bff-9455-4e43-a39a-4fda8d251205","accountName":"VirtualWindows8User","handleID":"0x1570","@context":"http://sepses.ifs.tuwien.ac.at/contexts/wineventlog.jsonld","version":1,"processID":"0xc9c","accesses":"%%4423\n\t\t\t\t","logMessage":"An attempt was made to access an object.\n\nSubject:\n\tSecurity ID:\t\tS-1-5-21-2361021202-3253521353-2316283985-1001\n\tAccount Name:\t\tVirtualWindows8User\n\tAccount Domain:\t\tVirtualWindows8\n\tLogon ID:\t\t0x108AF\n\nObject:\n\tObject Server:\t\tSecurity\n\tObject Type:\t\tFile\n\tObject Name:\t\tC:\\Users\\VirtualWindows8User\\Dropbox\\.dropbox.cache\\~fa80a790.tmp\n\tHandle ID:\t\t0x1570\n\tResource Attributes:\tS:AI\n\nProcess Information:\n\tProcess ID:\t\t0xc9c\n\tProcess Name:\t\tC:\\Program Files (x86)\\Dropbox\\Client\\Dropbox.exe\n\nAccess Request Information:\n\tAccesses:\t\tReadAttributes\n\t\t\t\t\n\tAccess Mask:\t\t0x80","timestamp":"2018-10-03T10:08:02.061Z","resourceAttributes":"S:AI","eventID":4663,"level":"Information","keyword":["Audit Success"],"objectType":"File","objectName":"C:\\Users\\VirtualWindows8User\\Dropbox\\.dropbox.cache\\~fa80a790.tmp","processName":"C:\\Program Files (x86)\\Dropbox\\Client\\Dropbox.exe","accountDomain":"VirtualWindows8","logonID":"0x108af","@type":"http://purl.org/sepses/vocab/log/wineventlog#WindowsEventLogEntry"}
{"source":"Microsoft-Windows-Security-Auditing","computerName":"VirtualWindows8","taskCategory":"File System","accessMask":"0x80","logName":"Security","@timestamp":"2018-10-03T10:08:02.061Z","objectServer":"Security","upCode":"Info","hasLogType":"wineventlog","originatesFrom":{"@id":"http://example.org/sepses#f061800c-8df7-4b19-8149-ede0aea6569a","hostName":{"name":"VirtualWindows8"},"@type":"rdf:nodeID"},"@id":"http://example.org/logEntry#logEntry-b798f9d3-4c22-4c2c-a936-ec29b2d5eac8","accountName":"VirtualWindows8User","handleID":"0x1570","@context":"http://sepses.ifs.tuwien.ac.at/contexts/wineventlog.jsonld","version":1,"processID":"0xc9c","accesses":"%%4423\n\t\t\t\t","logMessage":"An attempt was made to access an object.\n\nSubject:\n\tSecurity ID:\t\tS-1-5-21-2361021202-3253521353-2316283985-1001\n\tAccount Name:\t\tVirtualWindows8User\n\tAccount Domain:\t\tVirtualWindows8\n\tLogon ID:\t\t0x108AF\n\nObject:\n\tObject Server:\t\tSecurity\n\tObject Type:\t\tFile\n\tObject Name:\t\tC:\\Users\\VirtualWindows8User\\Dropbox\\.dropbox.cache\\~fa80a790.tmp\n\tHandle ID:\t\t0x1570\n\tResource Attributes:\tS:AI\n\nProcess Information:\n\tProcess ID:\t\t0xc9c\n\tProcess Name:\t\tC:\\Program Files (x86)\\Dropbox\\Client\\Dropbox.exe\n\nAccess Request Information:\n\tAccesses:\t\tReadAttributes\n\t\t\t\t\n\tAccess Mask:\t\t0x80","timestamp":"2018-10-03T10:08:02.061Z","resourceAttributes":"S:AI","eventID":4663,"level":"Information","keyword":["Audit Success"],"objectType":"File","objectName":"C:\\Users\\VirtualWindows8User\\Dropbox\\.dropbox.cache\\~fa80a790.tmp","processName":"C:\\Program Files (x86)\\Dropbox\\Client\\Dropbox.exe","accountDomain":"VirtualWindows8","logonID":"0x108af","@type":"http://purl.org/sepses/vocab/log/wineventlog#WindowsEventLogEntry"}
{"source":"Microsoft-Windows-Security-Auditing","computerName":"VirtualWindows8","taskCategory":"File System","accessMask":"0x80","logName":"Security","@timestamp":"2018-10-03T10:08:02.077Z","objectServer":"Security","upCode":"Info","hasLogType":"wineventlog","originatesFrom":{"@id":"http://example.org/sepses#b3918e90-3fc9-4e12-b318-76b7560c521a","hostName":{"name":"VirtualWindows8"},"@type":"rdf:nodeID"},"@id":"http://example.org/logEntry#logEntry-46a3ead4-b3e3-40a3-9942-b6428de903b7","accountName":"VirtualWindows8User","handleID":"0x1570","@context":"http://sepses.ifs.tuwien.ac.at/contexts/wineventlog.jsonld","version":1,"processID":"0xc9c","accesses":"%%4423\n\t\t\t\t","logMessage":"An attempt was made to access an object.\n\nSubject:\n\tSecurity ID:\t\tS-1-5-21-2361021202-3253521353-2316283985-1001\n\tAccount Name:\t\tVirtualWindows8User\n\tAccount Domain:\t\tVirtualWindows8\n\tLogon ID:\t\t0x108AF\n\nObject:\n\tObject Server:\t\tSecurity\n\tObject Type:\t\tFile\n\tObject Name:\t\tC:\\Users\\VirtualWindows8User\\Dropbox\\.dropbox.cache\\~fa80a790.tmp\n\tHandle ID:\t\t0x1570\n\tResource Attributes:\tS:AI\n\nProcess Information:\n\tProcess ID:\t\t0xc9c\n\tProcess Name:\t\tC:\\Program Files (x86)\\Dropbox\\Client\\Dropbox.exe\n\nAccess Request Information:\n\tAccesses:\t\tReadAttributes\n\t\t\t\t\n\tAccess Mask:\t\t0x80","timestamp":"2018-10-03T10:08:02.077Z","resourceAttributes":"S:AI","eventID":4663,"level":"Information","keyword":["Audit Success"],"objectType":"File","objectName":"C:\\Users\\VirtualWindows8User\\Dropbox\\.dropbox.cache\\~fa80a790.tmp","processName":"C:\\Program Files (x86)\\Dropbox\\Client\\Dropbox.exe","accountDomain":"VirtualWindows8","logonID":"0x108af","@type":"http://purl.org/sepses/vocab/log/wineventlog#WindowsEventLogEntry"}
{"source":"Microsoft-Windows-Security-Auditing","computerName":"VirtualWindows8","taskCategory":"File System","accessMask":"0x80","logName":"Security","@timestamp":"2018-10-03T10:08:02.144Z","objectServer":"Security","upCode":"Info","hasLogType":"wineventlog","originatesFrom":{"@id":"http://example.org/sepses#eb2f7cfc-3def-4015-b37b-9a2055fa2cb6","hostName":{"name":"VirtualWindows8"},"@type":"rdf:nodeID"},"@id":"http://example.org/logEntry#logEntry-8a06c6de-632f-461a-87b6-dc133097034c","accountName":"VirtualWindows8User","handleID":"0x1c18","@context":"http://sepses.ifs.tuwien.ac.at/contexts/wineventlog.jsonld","version":1,"processID":"0x6ec","accesses":"%%4423\n\t\t\t\t","logMessage":"An attempt was made to access an object.\n\nSubject:\n\tSecurity ID:\t\tS-1-5-21-2361021202-3253521353-2316283985-1001\n\tAccount Name:\t\tVirtualWindows8User\n\tAccount Domain:\t\tVirtualWindows8\n\tLogon ID:\t\t0x108AF\n\nObject:\n\tObject Server:\t\tSecurity\n\tObject Type:\t\tFile\n\tObject Name:\t\tC:\\Users\\VirtualWindows8User\\Dropbox\n\tHandle ID:\t\t0x1c18\n\tResource Attributes:\tS:AI\n\nProcess Information:\n\tProcess ID:\t\t0x6ec\n\tProcess Name:\t\tC:\\Windows\\explorer.exe\n\nAccess Request Information:\n\tAccesses:\t\tReadAttributes\n\t\t\t\t\n\tAccess Mask:\t\t0x80","timestamp":"2018-10-03T10:08:02.144Z","resourceAttributes":"S:AI","eventID":4663,"level":"Information","keyword":["Audit Success"],"objectType":"File","objectName":"C:\\Users\\VirtualWindows8User\\Dropbox","processName":"C:\\Windows\\explorer.exe","accountDomain":"VirtualWindows8","logonID":"0x108af","@type":"http://purl.org/sepses/vocab/log/wineventlog#WindowsEventLogEntry"}
{"source":"Microsoft-Windows-Security-Auditing","computerName":"VirtualWindows8","taskCategory":"File System","accessMask":"0x80","logName":"Security","@timestamp":"2018-10-03T10:08:02.144Z","objectServer":"Security","upCode":"Info","hasLogType":"wineventlog","originatesFrom":{"@id":"http://example.org/sepses#3f0c2346-094c-427d-8e4b-f9914dd9ce54","hostName":{"name":"VirtualWindows8"},"@type":"rdf:nodeID"},"@id":"http://example.org/logEntry#logEntry-78f1d5a3-6c0c-46c4-b48a-5dddbb4d5100","accountName":"VirtualWindows8User","handleID":"0x1c18","@context":"http://sepses.ifs.tuwien.ac.at/contexts/wineventlog.jsonld","version":1,"processID":"0x6ec","accesses":"%%4423\n\t\t\t\t","logMessage":"An attempt was made to access an object.\n\nSubject:\n\tSecurity ID:\t\tS-1-5-21-2361021202-3253521353-2316283985-1001\n\tAccount Name:\t\tVirtualWindows8User\n\tAccount Domain:\t\tVirtualWindows8\n\tLogon ID:\t\t0x108AF\n\nObject:\n\tObject Server:\t\tSecurity\n\tObject Type:\t\tFile\n\tObject Name:\t\tC:\\Users\\VirtualWindows8User\\Dropbox\n\tHandle ID:\t\t0x1c18\n\tResource Attributes:\tS:AI\n\nProcess Information:\n\tProcess ID:\t\t0x6ec\n\tProcess Name:\t\tC:\\Windows\\explorer.exe\n\nAccess Request Information:\n\tAccesses:\t\tReadAttributes\n\t\t\t\t\n\tAccess Mask:\t\t0x80","timestamp":"2018-10-03T10:08:02.144Z","resourceAttributes":"S:AI","eventID":4663,"level":"Information","keyword":["Audit Success"],"objectType":"File","objectName":"C:\\Users\\VirtualWindows8User\\Dropbox","processName":"C:\\Windows\\explorer.exe","accountDomain":"VirtualWindows8","logonID":"0x108af","@type":"http://purl.org/sepses/vocab/log/wineventlog#WindowsEventLogEntry"}
{"source":"Microsoft-Windows-Security-Auditing","computerName":"VirtualWindows8","taskCategory":"File System","accessMask":"0x80","logName":"Security","@timestamp":"2018-10-03T10:08:02.155Z","objectServer":"Security","upCode":"Info","hasLogType":"wineventlog","originatesFrom":{"@id":"http://example.org/sepses#e18dc5e8-b60f-4d5d-b8d8-cc66a4eeed60","hostName":{"name":"VirtualWindows8"},"@type":"rdf:nodeID"},"@id":"http://example.org/logEntry#logEntry-b53cb53f-01ce-4ffb-aa26-561ba270bbd5","accountName":"VirtualWindows8User","handleID":"0xd24","@context":"http://sepses.ifs.tuwien.ac.at/contexts/wineventlog.jsonld","version":1,"processID":"0xc9c","accesses":"%%4423\n\t\t\t\t","logMessage":"An attempt was made to access an object.\n\nSubject:\n\tSecurity ID:\t\tS-1-5-21-2361021202-3253521353-2316283985-1001\n\tAccount Name:\t\tVirtualWindows8User\n\tAccount Domain:\t\tVirtualWindows8\n\tLogon ID:\t\t0x108AF\n\nObject:\n\tObject Server:\t\tSecurity\n\tObject Type:\t\tFile\n\tObject Name:\t\tC:\\Users\\VirtualWindows8User\\Dropbox\\wordpad_rename.rtf\n\tHandle ID:\t\t0xd24\n\tResource Attributes:\tS:AI\n\nProcess Information:\n\tProcess ID:\t\t0xc9c\n\tProcess Name:\t\tC:\\Program Files (x86)\\Dropbox\\Client\\Dropbox.exe\n\nAccess Request Information:\n\tAccesses:\t\tReadAttributes\n\t\t\t\t\n\tAccess Mask:\t\t0x80","timestamp":"2018-10-03T10:08:02.155Z","resourceAttributes":"S:AI","eventID":4663,"level":"Information","keyword":["Audit Success"],"objectType":"File","objectName":"C:\\Users\\VirtualWindows8User\\Dropbox\\wordpad_rename.rtf","processName":"C:\\Program Files (x86)\\Dropbox\\Client\\Dropbox.exe","accountDomain":"VirtualWindows8","logonID":"0x108af","@type":"http://purl.org/sepses/vocab/log/wineventlog#WindowsEventLogEntry"}
{"source":"Microsoft-Windows-Security-Auditing","computerName":"VirtualWindows8","taskCategory":"File System","accessMask":"0x80","logName":"Security","@timestamp":"2018-10-03T10:08:02.188Z","objectServer":"Security","upCode":"Info","hasLogType":"wineventlog","originatesFrom":{"@id":"http://example.org/sepses#33d019b5-411c-4a32-8925-ef8926d5fa0f","hostName":{"name":"VirtualWindows8"},"@type":"rdf:nodeID"},"@id":"http://example.org/logEntry#logEntry-92bbdab3-cd39-4255-9fa6-b6aa4398472e","accountName":"VirtualWindows8User","handleID":"0x1570","@context":"http://sepses.ifs.tuwien.ac.at/contexts/wineventlog.jsonld","version":1,"processID":"0xc9c","accesses":"%%4423\n\t\t\t\t","logMessage":"An attempt was made to access an object.\n\nSubject:\n\tSecurity ID:\t\tS-1-5-21-2361021202-3253521353-2316283985-1001\n\tAccount Name:\t\tVirtualWindows8User\n\tAccount Domain:\t\tVirtualWindows8\n\tLogon ID:\t\t0x108AF\n\nObject:\n\tObject Server:\t\tSecurity\n\tObject Type:\t\tFile\n\tObject Name:\t\tC:\\Users\\VirtualWindows8User\\Dropbox\\.dropbox.cache\n\tHandle ID:\t\t0x1570\n\tResource Attributes:\tS:AI\n\nProcess Information:\n\tProcess ID:\t\t0xc9c\n\tProcess Name:\t\tC:\\Program Files (x86)\\Dropbox\\Client\\Dropbox.exe\n\nAccess Request Information:\n\tAccesses:\t\tReadAttributes\n\t\t\t\t\n\tAccess Mask:\t\t0x80","timestamp":"2018-10-03T10:08:02.188Z","resourceAttributes":"S:AI","eventID":4663,"level":"Information","keyword":["Audit Success"],"objectType":"File","objectName":"C:\\Users\\VirtualWindows8User\\Dropbox\\.dropbox.cache","processName":"C:\\Program Files (x86)\\Dropbox\\Client\\Dropbox.exe","accountDomain":"VirtualWindows8","logonID":"0x108af","@type":"http://purl.org/sepses/vocab/log/wineventlog#WindowsEventLogEntry"}
{"source":"Microsoft-Windows-Security-Auditing","computerName":"VirtualWindows8","taskCategory":"File System","accessMask":"0x80","logName":"Security","@timestamp":"2018-10-03T10:08:02.192Z","objectServer":"Security","upCode":"Info","hasLogType":"wineventlog","originatesFrom":{"@id":"http://example.org/sepses#d430f579-dc1c-4dc1-829f-f6bf0a0a01f2","hostName":{"name":"VirtualWindows8"},"@type":"rdf:nodeID"},"@id":"http://example.org/logEntry#logEntry-39a9280d-3601-4f5a-beb1-5ee895a4d6d4","accountName":"VirtualWindows8User","handleID":"0x1570","@context":"http://sepses.ifs.tuwien.ac.at/contexts/wineventlog.jsonld","version":1,"processID":"0xc9c","accesses":"%%4423\n\t\t\t\t","logMessage":"An attempt was made to access an object.\n\nSubject:\n\tSecurity ID:\t\tS-1-5-21-2361021202-3253521353-2316283985-1001\n\tAccount Name:\t\tVirtualWindows8User\n\tAccount Domain:\t\tVirtualWindows8\n\tLogon ID:\t\t0x108AF\n\nObject:\n\tObject Server:\t\tSecurity\n\tObject Type:\t\tFile\n\tObject Name:\t\tC:\\Users\\VirtualWindows8User\\Dropbox\\.dropbox.cache\n\tHandle ID:\t\t0x1570\n\tResource Attributes:\tS:AI\n\nProcess Information:\n\tProcess ID:\t\t0xc9c\n\tProcess Name:\t\tC:\\Program Files (x86)\\Dropbox\\Client\\Dropbox.exe\n\nAccess Request Information:\n\tAccesses:\t\tReadAttributes\n\t\t\t\t\n\tAccess Mask:\t\t0x80","timestamp":"2018-10-03T10:08:02.192Z","resourceAttributes":"S:AI","eventID":4663,"level":"Information","keyword":["Audit Success"],"objectType":"File","objectName":"C:\\Users\\VirtualWindows8User\\Dropbox\\.dropbox.cache","processName":"C:\\Program Files (x86)\\Dropbox\\Client\\Dropbox.exe","accountDomain":"VirtualWindows8","logonID":"0x108af","@type":"http://purl.org/sepses/vocab/log/wineventlog#WindowsEventLogEntry"}
{"source":"Microsoft-Windows-Security-Auditing","computerName":"VirtualWindows8","taskCategory":"File System","accessMask":"0x80","logName":"Security","@timestamp":"2018-10-03T10:08:02.194Z","objectServer":"Security","upCode":"Info","hasLogType":"wineventlog","originatesFrom":{"@id":"http://example.org/sepses#1f5adc4c-a545-495d-be68-73edf52928cb","hostName":{"name":"VirtualWindows8"},"@type":"rdf:nodeID"},"@id":"http://example.org/logEntry#logEntry-b80247b8-ba6b-4879-8be9-d7d3c7c40086","accountName":"VirtualWindows8User","handleID":"0x1570","@context":"http://sepses.ifs.tuwien.ac.at/contexts/wineventlog.jsonld","version":1,"processID":"0xc9c","accesses":"%%4423\n\t\t\t\t","logMessage":"An attempt was made to access an object.\n\nSubject:\n\tSecurity ID:\t\tS-1-5-21-2361021202-3253521353-2316283985-1001\n\tAccount Name:\t\tVirtualWindows8User\n\tAccount Domain:\t\tVirtualWindows8\n\tLogon ID:\t\t0x108AF\n\nObject:\n\tObject Server:\t\tSecurity\n\tObject Type:\t\tFile\n\tObject Name:\t\tC:\\Users\\VirtualWindows8User\\Dropbox\\.dropbox.cache\\prefetch_cache\n\tHandle ID:\t\t0x1570\n\tResource Attributes:\tS:AI\n\nProcess Information:\n\tProcess ID:\t\t0xc9c\n\tProcess Name:\t\tC:\\Program Files (x86)\\Dropbox\\Client\\Dropbox.exe\n\nAccess Request Information:\n\tAccesses:\t\tReadAttributes\n\t\t\t\t\n\tAccess Mask:\t\t0x80","timestamp":"2018-10-03T10:08:02.194Z","resourceAttributes":"S:AI","eventID":4663,"level":"Information","keyword":["Audit Success"],"objectType":"File","objectName":"C:\\Users\\VirtualWindows8User\\Dropbox\\.dropbox.cache\\prefetch_cache","processName":"C:\\Program Files (x86)\\Dropbox\\Client\\Dropbox.exe","accountDomain":"VirtualWindows8","logonID":"0x108af","@type":"http://purl.org/sepses/vocab/log/wineventlog#WindowsEventLogEntry"}
{"source":"Microsoft-Windows-Security-Auditing","computerName":"VirtualWindows8","taskCategory":"File System","accessMask":"0x80","logName":"Security","@timestamp":"2018-10-03T10:08:02.195Z","objectServer":"Security","upCode":"Info","hasLogType":"wineventlog","originatesFrom":{"@id":"http://example.org/sepses#cf16ab9e-d0c9-48e8-8804-ff8d810e4fce","hostName":{"name":"VirtualWindows8"},"@type":"rdf:nodeID"},"@id":"http://example.org/logEntry#logEntry-4123d2c4-cf6d-46a0-b0cb-0f509c5a5ca7","accountName":"VirtualWindows8User","handleID":"0x1570","@context":"http://sepses.ifs.tuwien.ac.at/contexts/wineventlog.jsonld","version":1,"processID":"0xc9c","accesses":"%%4423\n\t\t\t\t","logMessage":"An attempt was made to access an object.\n\nSubject:\n\tSecurity ID:\t\tS-1-5-21-2361021202-3253521353-2316283985-1001\n\tAccount Name:\t\tVirtualWindows8User\n\tAccount Domain:\t\tVirtualWindows8\n\tLogon ID:\t\t0x108AF\n\nObject:\n\tObject Server:\t\tSecurity\n\tObject Type:\t\tFile\n\tObject Name:\t\tC:\\Users\\VirtualWindows8User\\Dropbox\\.dropbox.cache\\prefetch_cache\n\tHandle ID:\t\t0x1570\n\tResource Attributes:\tS:AI\n\nProcess Information:\n\tProcess ID:\t\t0xc9c\n\tProcess Name:\t\tC:\\Program Files (x86)\\Dropbox\\Client\\Dropbox.exe\n\nAccess Request Information:\n\tAccesses:\t\tReadAttributes\n\t\t\t\t\n\tAccess Mask:\t\t0x80","timestamp":"2018-10-03T10:08:02.195Z","resourceAttributes":"S:AI","eventID":4663,"level":"Information","keyword":["Audit Success"],"objectType":"File","objectName":"C:\\Users\\VirtualWindows8User\\Dropbox\\.dropbox.cache\\prefetch_cache","processName":"C:\\Program Files (x86)\\Dropbox\\Client\\Dropbox.exe","accountDomain":"VirtualWindows8","logonID":"0x108af","@type":"http://purl.org/sepses/vocab/log/wineventlog#WindowsEventLogEntry"}
{"source":"Microsoft-Windows-Security-Auditing","computerName":"VirtualWindows8","taskCategory":"File System","accessMask":"0x80","logName":"Security","@timestamp":"2018-10-03T10:08:02.218Z","objectServer":"Security","upCode":"Info","hasLogType":"wineventlog","originatesFrom":{"@id":"http://example.org/sepses#4431d8a1-19d4-411b-ab1a-6a042ab530ea","hostName":{"name":"VirtualWindows8"},"@type":"rdf:nodeID"},"@id":"http://example.org/logEntry#logEntry-4cef8a13-8499-4710-b9c4-e1cabfab15b7","accountName":"VirtualWindows8User","handleID":"0x1640","@context":"http://sepses.ifs.tuwien.ac.at/contexts/wineventlog.jsonld","version":1,"processID":"0xc9c","accesses":"%%4423\n\t\t\t\t","logMessage":"An attempt was made to access an object.\n\nSubject:\n\tSecurity ID:\t\tS-1-5-21-2361021202-3253521353-2316283985-1001\n\tAccount Name:\t\tVirtualWindows8User\n\tAccount Domain:\t\tVirtualWindows8\n\tLogon ID:\t\t0x108AF\n\nObject:\n\tObject Server:\t\tSecurity\n\tObject Type:\t\tFile\n\tObject Name:\t\tC:\\Users\\VirtualWindows8User\\Dropbox\n\tHandle ID:\t\t0x1640\n\tResource Attributes:\tS:AI\n\nProcess Information:\n\tProcess ID:\t\t0xc9c\n\tProcess Name:\t\tC:\\Program Files (x86)\\Dropbox\\Client\\Dropbox.exe\n\nAccess Request Information:\n\tAccesses:\t\tReadAttributes\n\t\t\t\t\n\tAccess Mask:\t\t0x80","timestamp":"2018-10-03T10:08:02.218Z","resourceAttributes":"S:AI","eventID":4663,"level":"Information","keyword":["Audit Success"],"objectType":"File","objectName":"C:\\Users\\VirtualWindows8User\\Dropbox","processName":"C:\\Program Files (x86)\\Dropbox\\Client\\Dropbox.exe","accountDomain":"VirtualWindows8","logonID":"0x108af","@type":"http://purl.org/sepses/vocab/log/wineventlog#WindowsEventLogEntry"}
{"source":"Microsoft-Windows-Security-Auditing","computerName":"VirtualWindows8","taskCategory":"File System","accessMask":"0x80","logName":"Security","@timestamp":"2018-10-03T10:08:02.219Z","objectServer":"Security","upCode":"Info","hasLogType":"wineventlog","originatesFrom":{"@id":"http://example.org/sepses#63e1004a-59ba-41d4-8d2b-c93f5a8849f3","hostName":{"name":"VirtualWindows8"},"@type":"rdf:nodeID"},"@id":"http://example.org/logEntry#logEntry-5d477074-3169-4f1e-974c-1003fdec2f8c","accountName":"VirtualWindows8User","handleID":"0x1640","@context":"http://sepses.ifs.tuwien.ac.at/contexts/wineventlog.jsonld","version":1,"processID":"0xc9c","accesses":"%%4423\n\t\t\t\t","logMessage":"An attempt was made to access an object.\n\nSubject:\n\tSecurity ID:\t\tS-1-5-21-2361021202-3253521353-2316283985-1001\n\tAccount Name:\t\tVirtualWindows8User\n\tAccount Domain:\t\tVirtualWindows8\n\tLogon ID:\t\t0x108AF\n\nObject:\n\tObject Server:\t\tSecurity\n\tObject Type:\t\tFile\n\tObject Name:\t\tC:\\Users\\VirtualWindows8User\\Dropbox\n\tHandle ID:\t\t0x1640\n\tResource Attributes:\tS:AI\n\nProcess Information:\n\tProcess ID:\t\t0xc9c\n\tProcess Name:\t\tC:\\Program Files (x86)\\Dropbox\\Client\\Dropbox.exe\n\nAccess Request Information:\n\tAccesses:\t\tReadAttributes\n\t\t\t\t\n\tAccess Mask:\t\t0x80","timestamp":"2018-10-03T10:08:02.219Z","resourceAttributes":"S:AI","eventID":4663,"level":"Information","keyword":["Audit Success"],"objectType":"File","objectName":"C:\\Users\\VirtualWindows8User\\Dropbox","processName":"C:\\Program Files (x86)\\Dropbox\\Client\\Dropbox.exe","accountDomain":"VirtualWindows8","logonID":"0x108af","@type":"http://purl.org/sepses/vocab/log/wineventlog#WindowsEventLogEntry"}
{"source":"Microsoft-Windows-Security-Auditing","computerName":"VirtualWindows8","taskCategory":"File System","accessMask":"0x80","logName":"Security","@timestamp":"2018-10-03T10:08:02.224Z","objectServer":"Security","upCode":"Info","hasLogType":"wineventlog","originatesFrom":{"@id":"http://example.org/sepses#509c2b2a-371d-4f16-abb0-1e2cfc4dca74","hostName":{"name":"VirtualWindows8"},"@type":"rdf:nodeID"},"@id":"http://example.org/logEntry#logEntry-65754278-2d9c-41f1-a322-28d2444f18c4","accountName":"VirtualWindows8User","handleID":"0x1640","@context":"http://sepses.ifs.tuwien.ac.at/contexts/wineventlog.jsonld","version":1,"processID":"0xc9c","accesses":"%%4423\n\t\t\t\t","logMessage":"An attempt was made to access an object.\n\nSubject:\n\tSecurity ID:\t\tS-1-5-21-2361021202-3253521353-2316283985-1001\n\tAccount Name:\t\tVirtualWindows8User\n\tAccount Domain:\t\tVirtualWindows8\n\tLogon ID:\t\t0x108AF\n\nObject:\n\tObject Server:\t\tSecurity\n\tObject Type:\t\tFile\n\tObject Name:\t\tC:\\Users\\VirtualWindows8User\\Dropbox\n\tHandle ID:\t\t0x1640\n\tResource Attributes:\tS:AI\n\nProcess Information:\n\tProcess ID:\t\t0xc9c\n\tProcess Name:\t\tC:\\Program Files (x86)\\Dropbox\\Client\\Dropbox.exe\n\nAccess Request Information:\n\tAccesses:\t\tReadAttributes\n\t\t\t\t\n\tAccess Mask:\t\t0x80","timestamp":"2018-10-03T10:08:02.224Z","resourceAttributes":"S:AI","eventID":4663,"level":"Information","keyword":["Audit Success"],"objectType":"File","objectName":"C:\\Users\\VirtualWindows8User\\Dropbox","processName":"C:\\Program Files (x86)\\Dropbox\\Client\\Dropbox.exe","accountDomain":"VirtualWindows8","logonID":"0x108af","@type":"http://purl.org/sepses/vocab/log/wineventlog#WindowsEventLogEntry"}
{"source":"Microsoft-Windows-Security-Auditing","computerName":"VirtualWindows8","taskCategory":"File System","accessMask":"0x80","logName":"Security","@timestamp":"2018-10-03T10:08:02.225Z","objectServer":"Security","upCode":"Info","hasLogType":"wineventlog","originatesFrom":{"@id":"http://example.org/sepses#76fc55d9-0e3c-4a1b-9203-c0843d6366b1","hostName":{"name":"VirtualWindows8"},"@type":"rdf:nodeID"},"@id":"http://example.org/logEntry#logEntry-b198bc65-9e1e-4fcf-bf58-728707d3a84a","accountName":"VirtualWindows8User","handleID":"0x1640","@context":"http://sepses.ifs.tuwien.ac.at/contexts/wineventlog.jsonld","version":1,"processID":"0xc9c","accesses":"%%4423\n\t\t\t\t","logMessage":"An attempt was made to access an object.\n\nSubject:\n\tSecurity ID:\t\tS-1-5-21-2361021202-3253521353-2316283985-1001\n\tAccount Name:\t\tVirtualWindows8User\n\tAccount Domain:\t\tVirtualWindows8\n\tLogon ID:\t\t0x108AF\n\nObject:\n\tObject Server:\t\tSecurity\n\tObject Type:\t\tFile\n\tObject Name:\t\tC:\\Users\\VirtualWindows8User\\Dropbox\n\tHandle ID:\t\t0x1640\n\tResource Attributes:\tS:AI\n\nProcess Information:\n\tProcess ID:\t\t0xc9c\n\tProcess Name:\t\tC:\\Program Files (x86)\\Dropbox\\Client\\Dropbox.exe\n\nAccess Request Information:\n\tAccesses:\t\tReadAttributes\n\t\t\t\t\n\tAccess Mask:\t\t0x80","timestamp":"2018-10-03T10:08:02.225Z","resourceAttributes":"S:AI","eventID":4663,"level":"Information","keyword":["Audit Success"],"objectType":"File","objectName":"C:\\Users\\VirtualWindows8User\\Dropbox","processName":"C:\\Program Files (x86)\\Dropbox\\Client\\Dropbox.exe","accountDomain":"VirtualWindows8","logonID":"0x108af","@type":"http://purl.org/sepses/vocab/log/wineventlog#WindowsEventLogEntry"}
{"source":"Microsoft-Windows-Security-Auditing","computerName":"VirtualWindows8","taskCategory":"File System","accessMask":"0x80","logName":"Security","@timestamp":"2018-10-03T10:08:02.226Z","objectServer":"Security","upCode":"Info","hasLogType":"wineventlog","originatesFrom":{"@id":"http://example.org/sepses#933f24d9-8f7c-4e29-956a-6e7daca69ad3","hostName":{"name":"VirtualWindows8"},"@type":"rdf:nodeID"},"@id":"http://example.org/logEntry#logEntry-d3d1ff7d-1763-439f-b9ff-ef0a39435bac","accountName":"VirtualWindows8User","handleID":"0x1640","@context":"http://sepses.ifs.tuwien.ac.at/contexts/wineventlog.jsonld","version":1,"processID":"0xc9c","accesses":"%%4423\n\t\t\t\t","logMessage":"An attempt was made to access an object.\n\nSubject:\n\tSecurity ID:\t\tS-1-5-21-2361021202-3253521353-2316283985-1001\n\tAccount Name:\t\tVirtualWindows8User\n\tAccount Domain:\t\tVirtualWindows8\n\tLogon ID:\t\t0x108AF\n\nObject:\n\tObject Server:\t\tSecurity\n\tObject Type:\t\tFile\n\tObject Name:\t\tC:\\Users\\VirtualWindows8User\\Dropbox\\.dropbox.cache\\~fa80a790.tmp\n\tHandle ID:\t\t0x1640\n\tResource Attributes:\tS:AI\n\nProcess Information:\n\tProcess ID:\t\t0xc9c\n\tProcess Name:\t\tC:\\Program Files (x86)\\Dropbox\\Client\\Dropbox.exe\n\nAccess Request Information:\n\tAccesses:\t\tReadAttributes\n\t\t\t\t\n\tAccess Mask:\t\t0x80","timestamp":"2018-10-03T10:08:02.226Z","resourceAttributes":"S:AI","eventID":4663,"level":"Information","keyword":["Audit Success"],"objectType":"File","objectName":"C:\\Users\\VirtualWindows8User\\Dropbox\\.dropbox.cache\\~fa80a790.tmp","processName":"C:\\Program Files (x86)\\Dropbox\\Client\\Dropbox.exe","accountDomain":"VirtualWindows8","logonID":"0x108af","@type":"http://purl.org/sepses/vocab/log/wineventlog#WindowsEventLogEntry"}
{"source":"Microsoft-Windows-Security-Auditing","computerName":"VirtualWindows8","taskCategory":"File System","accessMask":"0x80","logName":"Security","@timestamp":"2018-10-03T10:08:02.227Z","objectServer":"Security","upCode":"Info","hasLogType":"wineventlog","originatesFrom":{"@id":"http://example.org/sepses#649f6a99-8a78-4124-b19d-44b70c5e04eb","hostName":{"name":"VirtualWindows8"},"@type":"rdf:nodeID"},"@id":"http://example.org/logEntry#logEntry-6efacb02-927b-4d3b-b951-b70ce01baeee","accountName":"VirtualWindows8User","handleID":"0x1640","@context":"http://sepses.ifs.tuwien.ac.at/contexts/wineventlog.jsonld","version":1,"processID":"0xc9c","accesses":"%%4423\n\t\t\t\t","logMessage":"An attempt was made to access an object.\n\nSubject:\n\tSecurity ID:\t\tS-1-5-21-2361021202-3253521353-2316283985-1001\n\tAccount Name:\t\tVirtualWindows8User\n\tAccount Domain:\t\tVirtualWindows8\n\tLogon ID:\t\t0x108AF\n\nObject:\n\tObject Server:\t\tSecurity\n\tObject Type:\t\tFile\n\tObject Name:\t\tC:\\Users\\VirtualWindows8User\\Dropbox\\.dropbox.cache\\~fa80a790.tmp\n\tHandle ID:\t\t0x1640\n\tResource Attributes:\tS:AI\n\nProcess Information:\n\tProcess ID:\t\t0xc9c\n\tProcess Name:\t\tC:\\Program Files (x86)\\Dropbox\\Client\\Dropbox.exe\n\nAccess Request Information:\n\tAccesses:\t\tReadAttributes\n\t\t\t\t\n\tAccess Mask:\t\t0x80","timestamp":"2018-10-03T10:08:02.227Z","resourceAttributes":"S:AI","eventID":4663,"level":"Information","keyword":["Audit Success"],"objectType":"File","objectName":"C:\\Users\\VirtualWindows8User\\Dropbox\\.dropbox.cache\\~fa80a790.tmp","processName":"C:\\Program Files (x86)\\Dropbox\\Client\\Dropbox.exe","accountDomain":"VirtualWindows8","logonID":"0x108af","@type":"http://purl.org/sepses/vocab/log/wineventlog#WindowsEventLogEntry"}
{"source":"Microsoft-Windows-Security-Auditing","computerName":"VirtualWindows8","taskCategory":"File System","accessMask":"0x80","logName":"Security","@timestamp":"2018-10-03T10:08:02.228Z","objectServer":"Security","upCode":"Info","hasLogType":"wineventlog","originatesFrom":{"@id":"http://example.org/sepses#1558d18f-5ed5-481c-985b-6e63e80ad564","hostName":{"name":"VirtualWindows8"},"@type":"rdf:nodeID"},"@id":"http://example.org/logEntry#logEntry-1b3396ce-fe9a-4a2d-8c2c-9a9d19a48ee6","accountName":"VirtualWindows8User","handleID":"0x1640","@context":"http://sepses.ifs.tuwien.ac.at/contexts/wineventlog.jsonld","version":1,"processID":"0xc9c","accesses":"%%4423\n\t\t\t\t","logMessage":"An attempt was made to access an object.\n\nSubject:\n\tSecurity ID:\t\tS-1-5-21-2361021202-3253521353-2316283985-1001\n\tAccount Name:\t\tVirtualWindows8User\n\tAccount Domain:\t\tVirtualWindows8\n\tLogon ID:\t\t0x108AF\n\nObject:\n\tObject Server:\t\tSecurity\n\tObject Type:\t\tFile\n\tObject Name:\t\tC:\\Users\\VirtualWindows8User\\Dropbox\\.dropbox.cache\\~fa80a790.tmp\n\tHandle ID:\t\t0x1640\n\tResource Attributes:\tS:AI\n\nProcess Information:\n\tProcess ID:\t\t0xc9c\n\tProcess Name:\t\tC:\\Program Files (x86)\\Dropbox\\Client\\Dropbox.exe\n\nAccess Request Information:\n\tAccesses:\t\tReadAttributes\n\t\t\t\t\n\tAccess Mask:\t\t0x80","timestamp":"2018-10-03T10:08:02.228Z","resourceAttributes":"S:AI","eventID":4663,"level":"Information","keyword":["Audit Success"],"objectType":"File","objectName":"C:\\Users\\VirtualWindows8User\\Dropbox\\.dropbox.cache\\~fa80a790.tmp","processName":"C:\\Program Files (x86)\\Dropbox\\Client\\Dropbox.exe","accountDomain":"VirtualWindows8","logonID":"0x108af","@type":"http://purl.org/sepses/vocab/log/wineventlog#WindowsEventLogEntry"}
{"source":"Microsoft-Windows-Security-Auditing","computerName":"VirtualWindows8","taskCategory":"File System","accessMask":"0x10000","logName":"Security","@timestamp":"2018-10-03T10:08:02.228Z","objectServer":"Security","upCode":"Info","hasLogType":"wineventlog","originatesFrom":{"@id":"http://example.org/sepses#e89c31d3-6aef-4dcb-b4c2-6e6a097ff21f","hostName":{"name":"VirtualWindows8"},"@type":"rdf:nodeID"},"@id":"http://example.org/logEntry#logEntry-b57f44df-9654-4f28-b59f-6f33491b7b36","accountName":"VirtualWindows8User","handleID":"0x1640","@context":"http://sepses.ifs.tuwien.ac.at/contexts/wineventlog.jsonld","version":1,"processID":"0xc9c","accesses":"%%1537\n\t\t\t\t","logMessage":"An attempt was made to access an object.\n\nSubject:\n\tSecurity ID:\t\tS-1-5-21-2361021202-3253521353-2316283985-1001\n\tAccount Name:\t\tVirtualWindows8User\n\tAccount Domain:\t\tVirtualWindows8\n\tLogon ID:\t\t0x108AF\n\nObject:\n\tObject Server:\t\tSecurity\n\tObject Type:\t\tFile\n\tObject Name:\t\tC:\\Users\\VirtualWindows8User\\Dropbox\\.dropbox.cache\\~fa80a790.tmp\n\tHandle ID:\t\t0x1640\n\tResource Attributes:\tS:AI\n\nProcess Information:\n\tProcess ID:\t\t0xc9c\n\tProcess Name:\t\tC:\\Program Files (x86)\\Dropbox\\Client\\Dropbox.exe\n\nAccess Request Information:\n\tAccesses:\t\tDELETE\n\t\t\t\t\n\tAccess Mask:\t\t0x10000","timestamp":"2018-10-03T10:08:02.228Z","resourceAttributes":"S:AI","eventID":4663,"level":"Information","keyword":["Audit Success"],"objectType":"File","objectName":"C:\\Users\\VirtualWindows8User\\Dropbox\\.dropbox.cache\\~fa80a790.tmp","processName":"C:\\Program Files (x86)\\Dropbox\\Client\\Dropbox.exe","accountDomain":"VirtualWindows8","logonID":"0x108af","@type":"http://purl.org/sepses/vocab/log/wineventlog#WindowsEventLogEntry"}
{"source":"Microsoft-Windows-Security-Auditing","computerName":"VirtualWindows8","taskCategory":"File System","accessMask":"0x2","logName":"Security","@timestamp":"2018-10-03T10:08:02.228Z","objectServer":"Security","upCode":"Info","hasLogType":"wineventlog","originatesFrom":{"@id":"http://example.org/sepses#55e76e0c-5ad9-454a-bd85-fb164d184b19","hostName":{"name":"VirtualWindows8"},"@type":"rdf:nodeID"},"@id":"http://example.org/logEntry#logEntry-6d1281d8-36a1-4182-a5b5-88ff21ca622f","accountName":"VirtualWindows8User","handleID":"0xd30","@context":"http://sepses.ifs.tuwien.ac.at/contexts/wineventlog.jsonld","version":1,"processID":"0xc9c","accesses":"%%4417\n\t\t\t\t","logMessage":"An attempt was made to access an object.\n\nSubject:\n\tSecurity ID:\t\tS-1-5-21-2361021202-3253521353-2316283985-1001\n\tAccount Name:\t\tVirtualWindows8User\n\tAccount Domain:\t\tVirtualWindows8\n\tLogon ID:\t\t0x108AF\n\nObject:\n\tObject Server:\t\tSecurity\n\tObject Type:\t\tFile\n\tObject Name:\t\tC:\\Users\\VirtualWindows8User\\Dropbox\n\tHandle ID:\t\t0xd30\n\tResource Attributes:\tS:AI\n\nProcess Information:\n\tProcess ID:\t\t0xc9c\n\tProcess Name:\t\tC:\\Program Files (x86)\\Dropbox\\Client\\Dropbox.exe\n\nAccess Request Information:\n\tAccesses:\t\tWriteData (or AddFile)\n\t\t\t\t\n\tAccess Mask:\t\t0x2","timestamp":"2018-10-03T10:08:02.228Z","resourceAttributes":"S:AI","eventID":4663,"level":"Information","keyword":["Audit Success"],"objectType":"File","objectName":"C:\\Users\\VirtualWindows8User\\Dropbox","processName":"C:\\Program Files (x86)\\Dropbox\\Client\\Dropbox.exe","accountDomain":"VirtualWindows8","logonID":"0x108af","@type":"http://purl.org/sepses/vocab/log/wineventlog#WindowsEventLogEntry"}
{"source":"Microsoft-Windows-Security-Auditing","computerName":"VirtualWindows8","taskCategory":"File System","accessMask":"0x2","logName":"Security","@timestamp":"2018-10-03T10:08:02.311Z","objectServer":"Security","upCode":"Info","hasLogType":"wineventlog","originatesFrom":{"@id":"http://example.org/sepses#35b93a28-9dce-4c09-bfc3-71bb0bb3ddf3","hostName":{"name":"VirtualWindows8"},"@type":"rdf:nodeID"},"@id":"http://example.org/logEntry#logEntry-e48ff549-8b0e-4ef0-b44d-e077455941a1","accountName":"VirtualWindows8User","handleID":"0xd24","@context":"http://sepses.ifs.tuwien.ac.at/contexts/wineventlog.jsonld","version":1,"processID":"0xc9c","accesses":"%%4417\n\t\t\t\t","logMessage":"An attempt was made to access an object.\n\nSubject:\n\tSecurity ID:\t\tS-1-5-21-2361021202-3253521353-2316283985-1001\n\tAccount Name:\t\tVirtualWindows8User\n\tAccount Domain:\t\tVirtualWindows8\n\tLogon ID:\t\t0x108AF\n\nObject:\n\tObject Server:\t\tSecurity\n\tObject Type:\t\tFile\n\tObject Name:\t\tC:\\Users\\VirtualWindows8User\\Dropbox\\notepad++_rename.txt:com.dropbox.attributes\n\tHandle ID:\t\t0xd24\n\tResource Attributes:\tS:AI\n\nProcess Information:\n\tProcess ID:\t\t0xc9c\n\tProcess Name:\t\tC:\\Program Files (x86)\\Dropbox\\Client\\Dropbox.exe\n\nAccess Request Information:\n\tAccesses:\t\tWriteData (or AddFile)\n\t\t\t\t\n\tAccess Mask:\t\t0x2","timestamp":"2018-10-03T10:08:02.311Z","resourceAttributes":"S:AI","eventID":4663,"level":"Information","keyword":["Audit Success"],"objectType":"File","objectName":"C:\\Users\\VirtualWindows8User\\Dropbox\\notepad++_rename.txt:com.dropbox.attributes","processName":"C:\\Program Files (x86)\\Dropbox\\Client\\Dropbox.exe","accountDomain":"VirtualWindows8","logonID":"0x108af","@type":"http://purl.org/sepses/vocab/log/wineventlog#WindowsEventLogEntry"}
{"source":"Microsoft-Windows-Security-Auditing","computerName":"VirtualWindows8","taskCategory":"File System","accessMask":"0x2","logName":"Security","@timestamp":"2018-10-03T10:08:02.373Z","objectServer":"Security","upCode":"Info","hasLogType":"wineventlog","originatesFrom":{"@id":"http://example.org/sepses#1599e04d-f3c6-4352-aea2-d9f84ca48ed4","hostName":{"name":"VirtualWindows8"},"@type":"rdf:nodeID"},"@id":"http://example.org/logEntry#logEntry-8c6b9ccb-cef3-4520-b9f8-ed2677975cba","accountName":"VirtualWindows8User","handleID":"0xd24","@context":"http://sepses.ifs.tuwien.ac.at/contexts/wineventlog.jsonld","version":1,"processID":"0xc9c","accesses":"%%4417\n\t\t\t\t","logMessage":"An attempt was made to access an object.\n\nSubject:\n\tSecurity ID:\t\tS-1-5-21-2361021202-3253521353-2316283985-1001\n\tAccount Name:\t\tVirtualWindows8User\n\tAccount Domain:\t\tVirtualWindows8\n\tLogon ID:\t\t0x108AF\n\nObject:\n\tObject Server:\t\tSecurity\n\tObject Type:\t\tFile\n\tObject Name:\t\tC:\\Users\\VirtualWindows8User\\Dropbox\\notepad++_rename.txt:com.dropbox.attrs\n\tHandle ID:\t\t0xd24\n\tResource Attributes:\tS:AI\n\nProcess Information:\n\tProcess ID:\t\t0xc9c\n\tProcess Name:\t\tC:\\Program Files (x86)\\Dropbox\\Client\\Dropbox.exe\n\nAccess Request Information:\n\tAccesses:\t\tWriteData (or AddFile)\n\t\t\t\t\n\tAccess Mask:\t\t0x2","timestamp":"2018-10-03T10:08:02.373Z","resourceAttributes":"S:AI","eventID":4663,"level":"Information","keyword":["Audit Success"],"objectType":"File","objectName":"C:\\Users\\VirtualWindows8User\\Dropbox\\notepad++_rename.txt:com.dropbox.attrs","processName":"C:\\Program Files (x86)\\Dropbox\\Client\\Dropbox.exe","accountDomain":"VirtualWindows8","logonID":"0x108af","@type":"http://purl.org/sepses/vocab/log/wineventlog#WindowsEventLogEntry"}
