{"accessMask":"0x80","accountName":"Virtual Windows 10","@timestamp":"2018-08-27T15:51:35.966Z","accesses":"%%4423\n\t\t\t\t","logName":"Security","@type":"http://purl.org/sepses/vocab/log/wineventlog#WindowsEventLogEntry","eventID":4663,"logMessage":"An attempt was made to access an object.\n\nSubject:\n\tSecurity ID:\t\tS-1-5-21-2889181789-4222170037-1347726928-1001\n\tAccount Name:\t\tVirtual Windows 10\n\tAccount Domain:\t\tDESKTOP-MAC610T\n\tLogon ID:\t\t0x1EDF9\n\nObject:\n\tObject Server:\t\tSecurity\n\tObject Type:\t\tFile\n\tObject Name:\t\tC:\\Users\\Virtual Windows 10\\UserDocuments\\test1.txt\n\tHandle ID:\t\t0x17e0\n\tResource Attributes:\tS:AI\n\nProcess Information:\n\tProcess ID:\t\t0x16c8\n\tProcess Name:\t\tC:\\Program Files (x86)\\Dropbox\\Client\\Dropbox.exe\n\nAccess Request Information:\n\tAccesses:\t\tReadAttributes\n\t\t\t\t\n\tAccess Mask:\t\t0x80","version":1,"objectServer":"Security","handleID":"0x17e0","objectType":"File","computerName":"DESKTOP-MAC610T","taskCategory":"File System","source":"Microsoft-Windows-Security-Auditing","resourceAttributes":"S:AI","level":"Information","processName":"C:\\Program Files (x86)\\Dropbox\\Client\\Dropbox.exe","objectName":"C:\\Users\\Virtual Windows 10\\UserDocuments\\test1.txt","accountDomain":"DESKTOP-MAC610T","processID":"0x16c8","keyword":["Audit Success"],"upCode":"Info","@context":"http://sepses.ifs.tuwien.ac.at/contexts/wineventlog.jsonld","@id":"http://example.org/logEntry#logEntry-d75c7335-748b-4866-b1e5-85bc50fe4a33","hasLogType":"wineventlog","logonID":"0x1edf9","originatesFrom":{"hostName":{"name":"DESKTOP-MAC610T"},"@type":"rdf:nodeID","@id":"http://example.org/sepses#d608656b-89c3-4128-af78-264c7e635fdf"},"timestamp":"2018-08-27T15:51:35.966Z"}
{"accessMask":"0x80","accountName":"Virtual Windows 10","@timestamp":"2018-08-27T15:51:35.968Z","accesses":"%%4423\n\t\t\t\t","logName":"Security","@type":"http://purl.org/sepses/vocab/log/wineventlog#WindowsEventLogEntry","eventID":4663,"logMessage":"An attempt was made to access an object.\n\nSubject:\n\tSecurity ID:\t\tS-1-5-21-2889181789-4222170037-1347726928-1001\n\tAccount Name:\t\tVirtual Windows 10\n\tAccount Domain:\t\tDESKTOP-MAC610T\n\tLogon ID:\t\t0x1EDF9\n\nObject:\n\tObject Server:\t\tSecurity\n\tObject Type:\t\tFile\n\tObject Name:\t\tC:\\Users\\Virtual Windows 10\\UserDocuments\\test1.txt\n\tHandle ID:\t\t0x4178\n\tResource Attributes:\tS:AI\n\nProcess Information:\n\tProcess ID:\t\t0x54\n\tProcess Name:\t\tC:\\Windows\\explorer.exe\n\nAccess Request Information:\n\tAccesses:\t\tReadAttributes\n\t\t\t\t\n\tAccess Mask:\t\t0x80","version":1,"objectServer":"Security","handleID":"0x4178","objectType":"File","computerName":"DESKTOP-MAC610T","taskCategory":"File System","source":"Microsoft-Windows-Security-Auditing","resourceAttributes":"S:AI","level":"Information","processName":"C:\\Windows\\explorer.exe","objectName":"C:\\Users\\Virtual Windows 10\\UserDocuments\\test1.txt","accountDomain":"DESKTOP-MAC610T","processID":"0x54","keyword":["Audit Success"],"upCode":"Info","@context":"http://sepses.ifs.tuwien.ac.at/contexts/wineventlog.jsonld","@id":"http://example.org/logEntry#logEntry-b870a43e-dffc-4143-a569-575059dd20a3","hasLogType":"wineventlog","logonID":"0x1edf9","originatesFrom":{"hostName":{"name":"DESKTOP-MAC610T"},"@type":"rdf:nodeID","@id":"http://example.org/sepses#bd3ae330-519f-45b5-ac86-1225097b4812"},"timestamp":"2018-08-27T15:51:35.968Z"}
{"accessMask":"0x80","accountName":"Virtual Windows 10","@timestamp":"2018-08-27T15:51:35.969Z","accesses":"%%4423\n\t\t\t\t","logName":"Security","@type":"http://purl.org/sepses/vocab/log/wineventlog#WindowsEventLogEntry","eventID":4663,"logMessage":"An attempt was made to access an object.\n\nSubject:\n\tSecurity ID:\t\tS-1-5-21-2889181789-4222170037-1347726928-1001\n\tAccount Name:\t\tVirtual Windows 10\n\tAccount Domain:\t\tDESKTOP-MAC610T\n\tLogon ID:\t\t0x1EDF9\n\nObject:\n\tObject Server:\t\tSecurity\n\tObject Type:\t\tFile\n\tObject Name:\t\tC:\\Users\\Virtual Windows 10\\UserDocuments\\test1.txt\n\tHandle ID:\t\t0x4178\n\tResource Attributes:\tS:AI\n\nProcess Information:\n\tProcess ID:\t\t0x54\n\tProcess Name:\t\tC:\\Windows\\explorer.exe\n\nAccess Request Information:\n\tAccesses:\t\tReadAttributes\n\t\t\t\t\n\tAccess Mask:\t\t0x80","version":1,"objectServer":"Security","handleID":"0x4178","objectType":"File","computerName":"DESKTOP-MAC610T","taskCategory":"File System","source":"Microsoft-Windows-Security-Auditing","resourceAttributes":"S:AI","level":"Information","processName":"C:\\Windows\\explorer.exe","objectName":"C:\\Users\\Virtual Windows 10\\UserDocuments\\test1.txt","accountDomain":"DESKTOP-MAC610T","processID":"0x54","keyword":["Audit Success"],"upCode":"Info","@context":"http://sepses.ifs.tuwien.ac.at/contexts/wineventlog.jsonld","@id":"http://example.org/logEntry#logEntry-e57e9360-da85-4cb0-8f77-3a292e9fd988","hasLogType":"wineventlog","logonID":"0x1edf9","originatesFrom":{"hostName":{"name":"DESKTOP-MAC610T"},"@type":"rdf:nodeID","@id":"http://example.org/sepses#cea31c97-8fca-4037-bc24-80b52bbff067"},"timestamp":"2018-08-27T15:51:35.969Z"}
{"accessMask":"0x80","accountName":"Virtual Windows 10","@timestamp":"2018-08-27T15:51:35.990Z","accesses":"%%4423\n\t\t\t\t","logName":"Security","@type":"http://purl.org/sepses/vocab/log/wineventlog#WindowsEventLogEntry","eventID":4663,"logMessage":"An attempt was made to access an object.\n\nSubject:\n\tSecurity ID:\t\tS-1-5-21-2889181789-4222170037-1347726928-1001\n\tAccount Name:\t\tVirtual Windows 10\n\tAccount Domain:\t\tDESKTOP-MAC610T\n\tLogon ID:\t\t0x1EDF9\n\nObject:\n\tObject Server:\t\tSecurity\n\tObject Type:\t\tFile\n\tObject Name:\t\tC:\\Users\\Virtual Windows 10\\UserDocuments\n\tHandle ID:\t\t0x23d0\n\tResource Attributes:\tS:AI\n\nProcess Information:\n\tProcess ID:\t\t0x54\n\tProcess Name:\t\tC:\\Windows\\explorer.exe\n\nAccess Request Information:\n\tAccesses:\t\tReadAttributes\n\t\t\t\t\n\tAccess Mask:\t\t0x80","version":1,"objectServer":"Security","handleID":"0x23d0","objectType":"File","computerName":"DESKTOP-MAC610T","taskCategory":"File System","source":"Microsoft-Windows-Security-Auditing","resourceAttributes":"S:AI","level":"Information","processName":"C:\\Windows\\explorer.exe","objectName":"C:\\Users\\Virtual Windows 10\\UserDocuments","accountDomain":"DESKTOP-MAC610T","processID":"0x54","keyword":["Audit Success"],"upCode":"Info","@context":"http://sepses.ifs.tuwien.ac.at/contexts/wineventlog.jsonld","@id":"http://example.org/logEntry#logEntry-9f1082c4-4f30-45c2-bf2f-3a4897e5dd00","hasLogType":"wineventlog","logonID":"0x1edf9","originatesFrom":{"hostName":{"name":"DESKTOP-MAC610T"},"@type":"rdf:nodeID","@id":"http://example.org/sepses#3ecd5e2b-39d2-4cf9-a017-5d9c5a45aa04"},"timestamp":"2018-08-27T15:51:35.990Z"}
{"accessMask":"0x80","accountName":"Virtual Windows 10","@timestamp":"2018-08-27T15:51:36.027Z","accesses":"%%4423\n\t\t\t\t","logName":"Security","@type":"http://purl.org/sepses/vocab/log/wineventlog#WindowsEventLogEntry","eventID":4663,"logMessage":"An attempt was made to access an object.\n\nSubject:\n\tSecurity ID:\t\tS-1-5-21-2889181789-4222170037-1347726928-1001\n\tAccount Name:\t\tVirtual Windows 10\n\tAccount Domain:\t\tDESKTOP-MAC610T\n\tLogon ID:\t\t0x1EDF9\n\nObject:\n\tObject Server:\t\tSecurity\n\tObject Type:\t\tFile\n\tObject Name:\t\tC:\\Users\\Virtual Windows 10\\UserDocuments\n\tHandle ID:\t\t0x20f4\n\tResource Attributes:\tS:AI\n\nProcess Information:\n\tProcess ID:\t\t0x16c8\n\tProcess Name:\t\tC:\\Program Files (x86)\\Dropbox\\Client\\Dropbox.exe\n\nAccess Request Information:\n\tAccesses:\t\tReadAttributes\n\t\t\t\t\n\tAccess Mask:\t\t0x80","version":1,"objectServer":"Security","handleID":"0x20f4","objectType":"File","computerName":"DESKTOP-MAC610T","taskCategory":"File System","source":"Microsoft-Windows-Security-Auditing","resourceAttributes":"S:AI","level":"Information","processName":"C:\\Program Files (x86)\\Dropbox\\Client\\Dropbox.exe","objectName":"C:\\Users\\Virtual Windows 10\\UserDocuments","accountDomain":"DESKTOP-MAC610T","processID":"0x16c8","keyword":["Audit Success"],"upCode":"Info","@context":"http://sepses.ifs.tuwien.ac.at/contexts/wineventlog.jsonld","@id":"http://example.org/logEntry#logEntry-ec1097f3-f08c-4019-83bf-521b8b015f2e","hasLogType":"wineventlog","logonID":"0x1edf9","originatesFrom":{"hostName":{"name":"DESKTOP-MAC610T"},"@type":"rdf:nodeID","@id":"http://example.org/sepses#7f4f1c09-cf9a-4ff5-827c-aa8d818308e1"},"timestamp":"2018-08-27T15:51:36.027Z"}
{"accessMask":"0x80","accountName":"Virtual Windows 10","@timestamp":"2018-08-27T15:51:36.027Z","accesses":"%%4423\n\t\t\t\t","logName":"Security","@type":"http://purl.org/sepses/vocab/log/wineventlog#WindowsEventLogEntry","eventID":4663,"logMessage":"An attempt was made to access an object.\n\nSubject:\n\tSecurity ID:\t\tS-1-5-21-2889181789-4222170037-1347726928-1001\n\tAccount Name:\t\tVirtual Windows 10\n\tAccount Domain:\t\tDESKTOP-MAC610T\n\tLogon ID:\t\t0x1EDF9\n\nObject:\n\tObject Server:\t\tSecurity\n\tObject Type:\t\tFile\n\tObject Name:\t\tC:\\Users\\Virtual Windows 10\\UserDocuments\n\tHandle ID:\t\t0x20f4\n\tResource Attributes:\tS:AI\n\nProcess Information:\n\tProcess ID:\t\t0x16c8\n\tProcess Name:\t\tC:\\Program Files (x86)\\Dropbox\\Client\\Dropbox.exe\n\nAccess Request Information:\n\tAccesses:\t\tReadAttributes\n\t\t\t\t\n\tAccess Mask:\t\t0x80","version":1,"objectServer":"Security","handleID":"0x20f4","objectType":"File","computerName":"DESKTOP-MAC610T","taskCategory":"File System","source":"Microsoft-Windows-Security-Auditing","resourceAttributes":"S:AI","level":"Information","processName":"C:\\Program Files (x86)\\Dropbox\\Client\\Dropbox.exe","objectName":"C:\\Users\\Virtual Windows 10\\UserDocuments","accountDomain":"DESKTOP-MAC610T","processID":"0x16c8","keyword":["Audit Success"],"upCode":"Info","@context":"http://sepses.ifs.tuwien.ac.at/contexts/wineventlog.jsonld","@id":"http://example.org/logEntry#logEntry-bcf1099a-21b9-4295-8847-98c01885aa90","hasLogType":"wineventlog","logonID":"0x1edf9","originatesFrom":{"hostName":{"name":"DESKTOP-MAC610T"},"@type":"rdf:nodeID","@id":"http://example.org/sepses#d170ca04-8f4d-4e9e-b4fc-3e6bd3d57ecf"},"timestamp":"2018-08-27T15:51:36.027Z"}
{"accessMask":"0x80","accountName":"Virtual Windows 10","@timestamp":"2018-08-27T15:51:36.799Z","accesses":"%%4423\n\t\t\t\t","logName":"Security","@type":"http://purl.org/sepses/vocab/log/wineventlog#WindowsEventLogEntry","eventID":4663,"logMessage":"An attempt was made to access an object.\n\nSubject:\n\tSecurity ID:\t\tS-1-5-21-2889181789-4222170037-1347726928-1001\n\tAccount Name:\t\tVirtual Windows 10\n\tAccount Domain:\t\tDESKTOP-MAC610T\n\tLogon ID:\t\t0x1EDF9\n\nObject:\n\tObject Server:\t\tSecurity\n\tObject Type:\t\tFile\n\tObject Name:\t\tC:\\Users\\Virtual Windows 10\\Dropbox\n\tHandle ID:\t\t0x1d48\n\tResource Attributes:\tS:AI\n\nProcess Information:\n\tProcess ID:\t\t0x16c8\n\tProcess Name:\t\tC:\\Program Files (x86)\\Dropbox\\Client\\Dropbox.exe\n\nAccess Request Information:\n\tAccesses:\t\tReadAttributes\n\t\t\t\t\n\tAccess Mask:\t\t0x80","version":1,"objectServer":"Security","handleID":"0x1d48","objectType":"File","computerName":"DESKTOP-MAC610T","taskCategory":"File System","source":"Microsoft-Windows-Security-Auditing","resourceAttributes":"S:AI","level":"Information","processName":"C:\\Program Files (x86)\\Dropbox\\Client\\Dropbox.exe","objectName":"C:\\Users\\Virtual Windows 10\\Dropbox","accountDomain":"DESKTOP-MAC610T","processID":"0x16c8","keyword":["Audit Success"],"upCode":"Info","@context":"http://sepses.ifs.tuwien.ac.at/contexts/wineventlog.jsonld","@id":"http://example.org/logEntry#logEntry-ffe5bfe7-ccf1-4ab7-a015-a51bdc93988f","hasLogType":"wineventlog","logonID":"0x1edf9","originatesFrom":{"hostName":{"name":"DESKTOP-MAC610T"},"@type":"rdf:nodeID","@id":"http://example.org/sepses#b603812c-cc63-4343-aabf-350022940c45"},"timestamp":"2018-08-27T15:51:36.799Z"}
{"accessMask":"0x80","accountName":"Virtual Windows 10","@timestamp":"2018-08-27T15:51:36.800Z","accesses":"%%4423\n\t\t\t\t","logName":"Security","@type":"http://purl.org/sepses/vocab/log/wineventlog#WindowsEventLogEntry","eventID":4663,"logMessage":"An attempt was made to access an object.\n\nSubject:\n\tSecurity ID:\t\tS-1-5-21-2889181789-4222170037-1347726928-1001\n\tAccount Name:\t\tVirtual Windows 10\n\tAccount Domain:\t\tDESKTOP-MAC610T\n\tLogon ID:\t\t0x1EDF9\n\nObject:\n\tObject Server:\t\tSecurity\n\tObject Type:\t\tFile\n\tObject Name:\t\tC:\\Users\\Virtual Windows 10\\Dropbox\n\tHandle ID:\t\t0x1d48\n\tResource Attributes:\tS:AI\n\nProcess Information:\n\tProcess ID:\t\t0x16c8\n\tProcess Name:\t\tC:\\Program Files (x86)\\Dropbox\\Client\\Dropbox.exe\n\nAccess Request Information:\n\tAccesses:\t\tReadAttributes\n\t\t\t\t\n\tAccess Mask:\t\t0x80","version":1,"objectServer":"Security","handleID":"0x1d48","objectType":"File","computerName":"DESKTOP-MAC610T","taskCategory":"File System","source":"Microsoft-Windows-Security-Auditing","resourceAttributes":"S:AI","level":"Information","processName":"C:\\Program Files (x86)\\Dropbox\\Client\\Dropbox.exe","objectName":"C:\\Users\\Virtual Windows 10\\Dropbox","accountDomain":"DESKTOP-MAC610T","processID":"0x16c8","keyword":["Audit Success"],"upCode":"Info","@context":"http://sepses.ifs.tuwien.ac.at/contexts/wineventlog.jsonld","@id":"http://example.org/logEntry#logEntry-25187680-8f63-4592-96ed-205f2c51f7d3","hasLogType":"wineventlog","logonID":"0x1edf9","originatesFrom":{"hostName":{"name":"DESKTOP-MAC610T"},"@type":"rdf:nodeID","@id":"http://example.org/sepses#70a8d723-4f00-4ca8-b59c-288679a92bfa"},"timestamp":"2018-08-27T15:51:36.800Z"}
{"accessMask":"0x80","accountName":"Virtual Windows 10","@timestamp":"2018-08-27T15:51:36.801Z","accesses":"%%4423\n\t\t\t\t","logName":"Security","@type":"http://purl.org/sepses/vocab/log/wineventlog#WindowsEventLogEntry","eventID":4663,"logMessage":"An attempt was made to access an object.\n\nSubject:\n\tSecurity ID:\t\tS-1-5-21-2889181789-4222170037-1347726928-1001\n\tAccount Name:\t\tVirtual Windows 10\n\tAccount Domain:\t\tDESKTOP-MAC610T\n\tLogon ID:\t\t0x1EDF9\n\nObject:\n\tObject Server:\t\tSecurity\n\tObject Type:\t\tFile\n\tObject Name:\t\tC:\\Users\\Virtual Windows 10\\Dropbox\n\tHandle ID:\t\t0x1d48\n\tResource Attributes:\tS:AI\n\nProcess Information:\n\tProcess ID:\t\t0x16c8\n\tProcess Name:\t\tC:\\Program Files (x86)\\Dropbox\\Client\\Dropbox.exe\n\nAccess Request Information:\n\tAccesses:\t\tReadAttributes\n\t\t\t\t\n\tAccess Mask:\t\t0x80","version":1,"objectServer":"Security","handleID":"0x1d48","objectType":"File","computerName":"DESKTOP-MAC610T","taskCategory":"File System","source":"Microsoft-Windows-Security-Auditing","resourceAttributes":"S:AI","level":"Information","processName":"C:\\Program Files (x86)\\Dropbox\\Client\\Dropbox.exe","objectName":"C:\\Users\\Virtual Windows 10\\Dropbox","accountDomain":"DESKTOP-MAC610T","processID":"0x16c8","keyword":["Audit Success"],"upCode":"Info","@context":"http://sepses.ifs.tuwien.ac.at/contexts/wineventlog.jsonld","@id":"http://example.org/logEntry#logEntry-bdcd20d8-da70-4892-8aad-1375ea42de62","hasLogType":"wineventlog","logonID":"0x1edf9","originatesFrom":{"hostName":{"name":"DESKTOP-MAC610T"},"@type":"rdf:nodeID","@id":"http://example.org/sepses#020054ac-7a1e-4715-b438-847cfca0e60a"},"timestamp":"2018-08-27T15:51:36.801Z"}
{"accessMask":"0x80","accountName":"Virtual Windows 10","@timestamp":"2018-08-27T15:51:37.057Z","accesses":"%%4423\n\t\t\t\t","logName":"Security","@type":"http://purl.org/sepses/vocab/log/wineventlog#WindowsEventLogEntry","eventID":4663,"logMessage":"An attempt was made to access an object.\n\nSubject:\n\tSecurity ID:\t\tS-1-5-21-2889181789-4222170037-1347726928-1001\n\tAccount Name:\t\tVirtual Windows 10\n\tAccount Domain:\t\tDESKTOP-MAC610T\n\tLogon ID:\t\t0x1EDF9\n\nObject:\n\tObject Server:\t\tSecurity\n\tObject Type:\t\tFile\n\tObject Name:\t\tC:\\Users\\Virtual Windows 10\\Dropbox\n\tHandle ID:\t\t0x1d48\n\tResource Attributes:\tS:AI\n\nProcess Information:\n\tProcess ID:\t\t0x16c8\n\tProcess Name:\t\tC:\\Program Files (x86)\\Dropbox\\Client\\Dropbox.exe\n\nAccess Request Information:\n\tAccesses:\t\tReadAttributes\n\t\t\t\t\n\tAccess Mask:\t\t0x80","version":1,"objectServer":"Security","handleID":"0x1d48","objectType":"File","computerName":"DESKTOP-MAC610T","taskCategory":"File System","source":"Microsoft-Windows-Security-Auditing","resourceAttributes":"S:AI","level":"Information","processName":"C:\\Program Files (x86)\\Dropbox\\Client\\Dropbox.exe","objectName":"C:\\Users\\Virtual Windows 10\\Dropbox","accountDomain":"DESKTOP-MAC610T","processID":"0x16c8","keyword":["Audit Success"],"upCode":"Info","@context":"http://sepses.ifs.tuwien.ac.at/contexts/wineventlog.jsonld","@id":"http://example.org/logEntry#logEntry-f6b99c8d-fd4a-42aa-a814-b869db400dd5","hasLogType":"wineventlog","logonID":"0x1edf9","originatesFrom":{"hostName":{"name":"DESKTOP-MAC610T"},"@type":"rdf:nodeID","@id":"http://example.org/sepses#24781b82-6e5b-4cc7-9c24-f4e15f7359a9"},"timestamp":"2018-08-27T15:51:37.057Z"}
{"accessMask":"0x80","accountName":"Virtual Windows 10","@timestamp":"2018-08-27T15:51:37.058Z","accesses":"%%4423\n\t\t\t\t","logName":"Security","@type":"http://purl.org/sepses/vocab/log/wineventlog#WindowsEventLogEntry","eventID":4663,"logMessage":"An attempt was made to access an object.\n\nSubject:\n\tSecurity ID:\t\tS-1-5-21-2889181789-4222170037-1347726928-1001\n\tAccount Name:\t\tVirtual Windows 10\n\tAccount Domain:\t\tDESKTOP-MAC610T\n\tLogon ID:\t\t0x1EDF9\n\nObject:\n\tObject Server:\t\tSecurity\n\tObject Type:\t\tFile\n\tObject Name:\t\tC:\\Users\\Virtual Windows 10\\Dropbox\n\tHandle ID:\t\t0x1d48\n\tResource Attributes:\tS:AI\n\nProcess Information:\n\tProcess ID:\t\t0x16c8\n\tProcess Name:\t\tC:\\Program Files (x86)\\Dropbox\\Client\\Dropbox.exe\n\nAccess Request Information:\n\tAccesses:\t\tReadAttributes\n\t\t\t\t\n\tAccess Mask:\t\t0x80","version":1,"objectServer":"Security","handleID":"0x1d48","objectType":"File","computerName":"DESKTOP-MAC610T","taskCategory":"File System","source":"Microsoft-Windows-Security-Auditing","resourceAttributes":"S:AI","level":"Information","processName":"C:\\Program Files (x86)\\Dropbox\\Client\\Dropbox.exe","objectName":"C:\\Users\\Virtual Windows 10\\Dropbox","accountDomain":"DESKTOP-MAC610T","processID":"0x16c8","keyword":["Audit Success"],"upCode":"Info","@context":"http://sepses.ifs.tuwien.ac.at/contexts/wineventlog.jsonld","@id":"http://example.org/logEntry#logEntry-7c4dfdd1-8a16-441b-a8c3-3dce7a4c36be","hasLogType":"wineventlog","logonID":"0x1edf9","originatesFrom":{"hostName":{"name":"DESKTOP-MAC610T"},"@type":"rdf:nodeID","@id":"http://example.org/sepses#4f024d2d-7016-4449-800e-f8b09a6f82f9"},"timestamp":"2018-08-27T15:51:37.058Z"}
{"accessMask":"0x80","accountName":"Virtual Windows 10","@timestamp":"2018-08-27T15:51:37.058Z","accesses":"%%4423\n\t\t\t\t","logName":"Security","@type":"http://purl.org/sepses/vocab/log/wineventlog#WindowsEventLogEntry","eventID":4663,"logMessage":"An attempt was made to access an object.\n\nSubject:\n\tSecurity ID:\t\tS-1-5-21-2889181789-4222170037-1347726928-1001\n\tAccount Name:\t\tVirtual Windows 10\n\tAccount Domain:\t\tDESKTOP-MAC610T\n\tLogon ID:\t\t0x1EDF9\n\nObject:\n\tObject Server:\t\tSecurity\n\tObject Type:\t\tFile\n\tObject Name:\t\tC:\\Users\\Virtual Windows 10\\Dropbox\n\tHandle ID:\t\t0x1d48\n\tResource Attributes:\tS:AI\n\nProcess Information:\n\tProcess ID:\t\t0x16c8\n\tProcess Name:\t\tC:\\Program Files (x86)\\Dropbox\\Client\\Dropbox.exe\n\nAccess Request Information:\n\tAccesses:\t\tReadAttributes\n\t\t\t\t\n\tAccess Mask:\t\t0x80","version":1,"objectServer":"Security","handleID":"0x1d48","objectType":"File","computerName":"DESKTOP-MAC610T","taskCategory":"File System","source":"Microsoft-Windows-Security-Auditing","resourceAttributes":"S:AI","level":"Information","processName":"C:\\Program Files (x86)\\Dropbox\\Client\\Dropbox.exe","objectName":"C:\\Users\\Virtual Windows 10\\Dropbox","accountDomain":"DESKTOP-MAC610T","processID":"0x16c8","keyword":["Audit Success"],"upCode":"Info","@context":"http://sepses.ifs.tuwien.ac.at/contexts/wineventlog.jsonld","@id":"http://example.org/logEntry#logEntry-6a36967f-0f63-4e32-b25a-bb40bc682fd7","hasLogType":"wineventlog","logonID":"0x1edf9","originatesFrom":{"hostName":{"name":"DESKTOP-MAC610T"},"@type":"rdf:nodeID","@id":"http://example.org/sepses#df77301a-be26-4291-bdf3-35e4d3242060"},"timestamp":"2018-08-27T15:51:37.058Z"}
{"accessMask":"0x80","accountName":"Virtual Windows 10","@timestamp":"2018-08-27T15:51:37.250Z","accesses":"%%4423\n\t\t\t\t","logName":"Security","@type":"http://purl.org/sepses/vocab/log/wineventlog#WindowsEventLogEntry","eventID":4663,"logMessage":"An attempt was made to access an object.\n\nSubject:\n\tSecurity ID:\t\tS-1-5-21-2889181789-4222170037-1347726928-1001\n\tAccount Name:\t\tVirtual Windows 10\n\tAccount Domain:\t\tDESKTOP-MAC610T\n\tLogon ID:\t\t0x1EDF9\n\nObject:\n\tObject Server:\t\tSecurity\n\tObject Type:\t\tFile\n\tObject Name:\t\tC:\\Users\\Virtual Windows 10\\Dropbox\n\tHandle ID:\t\t0x1d48\n\tResource Attributes:\tS:AI\n\nProcess Information:\n\tProcess ID:\t\t0x16c8\n\tProcess Name:\t\tC:\\Program Files (x86)\\Dropbox\\Client\\Dropbox.exe\n\nAccess Request Information:\n\tAccesses:\t\tReadAttributes\n\t\t\t\t\n\tAccess Mask:\t\t0x80","version":1,"objectServer":"Security","handleID":"0x1d48","objectType":"File","computerName":"DESKTOP-MAC610T","taskCategory":"File System","source":"Microsoft-Windows-Security-Auditing","resourceAttributes":"S:AI","level":"Information","processName":"C:\\Program Files (x86)\\Dropbox\\Client\\Dropbox.exe","objectName":"C:\\Users\\Virtual Windows 10\\Dropbox","accountDomain":"DESKTOP-MAC610T","processID":"0x16c8","keyword":["Audit Success"],"upCode":"Info","@context":"http://sepses.ifs.tuwien.ac.at/contexts/wineventlog.jsonld","@id":"http://example.org/logEntry#logEntry-7514bcbb-a8e4-424b-9d81-ff4ed7824778","hasLogType":"wineventlog","logonID":"0x1edf9","originatesFrom":{"hostName":{"name":"DESKTOP-MAC610T"},"@type":"rdf:nodeID","@id":"http://example.org/sepses#6a4934e9-eaa1-4d49-a08e-034da8500d6c"},"timestamp":"2018-08-27T15:51:37.250Z"}
{"accessMask":"0x80","accountName":"Virtual Windows 10","@timestamp":"2018-08-27T15:51:37.251Z","accesses":"%%4423\n\t\t\t\t","logName":"Security","@type":"http://purl.org/sepses/vocab/log/wineventlog#WindowsEventLogEntry","eventID":4663,"logMessage":"An attempt was made to access an object.\n\nSubject:\n\tSecurity ID:\t\tS-1-5-21-2889181789-4222170037-1347726928-1001\n\tAccount Name:\t\tVirtual Windows 10\n\tAccount Domain:\t\tDESKTOP-MAC610T\n\tLogon ID:\t\t0x1EDF9\n\nObject:\n\tObject Server:\t\tSecurity\n\tObject Type:\t\tFile\n\tObject Name:\t\tC:\\Users\\Virtual Windows 10\\Dropbox\n\tHandle ID:\t\t0x1d48\n\tResource Attributes:\tS:AI\n\nProcess Information:\n\tProcess ID:\t\t0x16c8\n\tProcess Name:\t\tC:\\Program Files (x86)\\Dropbox\\Client\\Dropbox.exe\n\nAccess Request Information:\n\tAccesses:\t\tReadAttributes\n\t\t\t\t\n\tAccess Mask:\t\t0x80","version":1,"objectServer":"Security","handleID":"0x1d48","objectType":"File","computerName":"DESKTOP-MAC610T","taskCategory":"File System","source":"Microsoft-Windows-Security-Auditing","resourceAttributes":"S:AI","level":"Information","processName":"C:\\Program Files (x86)\\Dropbox\\Client\\Dropbox.exe","objectName":"C:\\Users\\Virtual Windows 10\\Dropbox","accountDomain":"DESKTOP-MAC610T","processID":"0x16c8","keyword":["Audit Success"],"upCode":"Info","@context":"http://sepses.ifs.tuwien.ac.at/contexts/wineventlog.jsonld","@id":"http://example.org/logEntry#logEntry-bafff94d-9a5d-4897-8c4c-958b6dcc6e3a","hasLogType":"wineventlog","logonID":"0x1edf9","originatesFrom":{"hostName":{"name":"DESKTOP-MAC610T"},"@type":"rdf:nodeID","@id":"http://example.org/sepses#f98ee864-dc74-4e0f-b582-9b10cf2540a3"},"timestamp":"2018-08-27T15:51:37.251Z"}
{"accessMask":"0x80","accountName":"Virtual Windows 10","@timestamp":"2018-08-27T15:51:37.251Z","accesses":"%%4423\n\t\t\t\t","logName":"Security","@type":"http://purl.org/sepses/vocab/log/wineventlog#WindowsEventLogEntry","eventID":4663,"logMessage":"An attempt was made to access an object.\n\nSubject:\n\tSecurity ID:\t\tS-1-5-21-2889181789-4222170037-1347726928-1001\n\tAccount Name:\t\tVirtual Windows 10\n\tAccount Domain:\t\tDESKTOP-MAC610T\n\tLogon ID:\t\t0x1EDF9\n\nObject:\n\tObject Server:\t\tSecurity\n\tObject Type:\t\tFile\n\tObject Name:\t\tC:\\Users\\Virtual Windows 10\\Dropbox\n\tHandle ID:\t\t0x1d48\n\tResource Attributes:\tS:AI\n\nProcess Information:\n\tProcess ID:\t\t0x16c8\n\tProcess Name:\t\tC:\\Program Files (x86)\\Dropbox\\Client\\Dropbox.exe\n\nAccess Request Information:\n\tAccesses:\t\tReadAttributes\n\t\t\t\t\n\tAccess Mask:\t\t0x80","version":1,"objectServer":"Security","handleID":"0x1d48","objectType":"File","computerName":"DESKTOP-MAC610T","taskCategory":"File System","source":"Microsoft-Windows-Security-Auditing","resourceAttributes":"S:AI","level":"Information","processName":"C:\\Program Files (x86)\\Dropbox\\Client\\Dropbox.exe","objectName":"C:\\Users\\Virtual Windows 10\\Dropbox","accountDomain":"DESKTOP-MAC610T","processID":"0x16c8","keyword":["Audit Success"],"upCode":"Info","@context":"http://sepses.ifs.tuwien.ac.at/contexts/wineventlog.jsonld","@id":"http://example.org/logEntry#logEntry-e3995f6a-91bb-403f-a75a-d74a9c9357d4","hasLogType":"wineventlog","logonID":"0x1edf9","originatesFrom":{"hostName":{"name":"DESKTOP-MAC610T"},"@type":"rdf:nodeID","@id":"http://example.org/sepses#35b2d8bf-699a-4a33-b9ad-af4d8870a090"},"timestamp":"2018-08-27T15:51:37.251Z"}
{"accessMask":"0x80","accountName":"Virtual Windows 10","@timestamp":"2018-08-27T15:51:37.389Z","accesses":"%%4423\n\t\t\t\t","logName":"Security","@type":"http://purl.org/sepses/vocab/log/wineventlog#WindowsEventLogEntry","eventID":4663,"logMessage":"An attempt was made to access an object.\n\nSubject:\n\tSecurity ID:\t\tS-1-5-21-2889181789-4222170037-1347726928-1001\n\tAccount Name:\t\tVirtual Windows 10\n\tAccount Domain:\t\tDESKTOP-MAC610T\n\tLogon ID:\t\t0x1EDF9\n\nObject:\n\tObject Server:\t\tSecurity\n\tObject Type:\t\tFile\n\tObject Name:\t\tC:\\Users\\Virtual Windows 10\\UserDocuments\n\tHandle ID:\t\t0x295c\n\tResource Attributes:\tS:AI\n\nProcess Information:\n\tProcess ID:\t\t0x54\n\tProcess Name:\t\tC:\\Windows\\explorer.exe\n\nAccess Request Information:\n\tAccesses:\t\tReadAttributes\n\t\t\t\t\n\tAccess Mask:\t\t0x80","version":1,"objectServer":"Security","handleID":"0x295c","objectType":"File","computerName":"DESKTOP-MAC610T","taskCategory":"File System","source":"Microsoft-Windows-Security-Auditing","resourceAttributes":"S:AI","level":"Information","processName":"C:\\Windows\\explorer.exe","objectName":"C:\\Users\\Virtual Windows 10\\UserDocuments","accountDomain":"DESKTOP-MAC610T","processID":"0x54","keyword":["Audit Success"],"upCode":"Info","@context":"http://sepses.ifs.tuwien.ac.at/contexts/wineventlog.jsonld","@id":"http://example.org/logEntry#logEntry-6c1fd828-984a-48b9-ba2a-88b61e80c5c2","hasLogType":"wineventlog","logonID":"0x1edf9","originatesFrom":{"hostName":{"name":"DESKTOP-MAC610T"},"@type":"rdf:nodeID","@id":"http://example.org/sepses#0c95781e-7fbf-4799-8c62-e913029d93dd"},"timestamp":"2018-08-27T15:51:37.389Z"}
{"accessMask":"0x80","accountName":"Virtual Windows 10","@timestamp":"2018-08-27T15:51:37.460Z","accesses":"%%4423\n\t\t\t\t","logName":"Security","@type":"http://purl.org/sepses/vocab/log/wineventlog#WindowsEventLogEntry","eventID":4663,"logMessage":"An attempt was made to access an object.\n\nSubject:\n\tSecurity ID:\t\tS-1-5-21-2889181789-4222170037-1347726928-1001\n\tAccount Name:\t\tVirtual Windows 10\n\tAccount Domain:\t\tDESKTOP-MAC610T\n\tLogon ID:\t\t0x1EDF9\n\nObject:\n\tObject Server:\t\tSecurity\n\tObject Type:\t\tFile\n\tObject Name:\t\tC:\\Users\\Virtual Windows 10\\UserDocuments\\test1.txt\n\tHandle ID:\t\t0x48ec\n\tResource Attributes:\tS:AI\n\nProcess Information:\n\tProcess ID:\t\t0x54\n\tProcess Name:\t\tC:\\Windows\\explorer.exe\n\nAccess Request Information:\n\tAccesses:\t\tReadAttributes\n\t\t\t\t\n\tAccess Mask:\t\t0x80","version":1,"objectServer":"Security","handleID":"0x48ec","objectType":"File","computerName":"DESKTOP-MAC610T","taskCategory":"File System","source":"Microsoft-Windows-Security-Auditing","resourceAttributes":"S:AI","level":"Information","processName":"C:\\Windows\\explorer.exe","objectName":"C:\\Users\\Virtual Windows 10\\UserDocuments\\test1.txt","accountDomain":"DESKTOP-MAC610T","processID":"0x54","keyword":["Audit Success"],"upCode":"Info","@context":"http://sepses.ifs.tuwien.ac.at/contexts/wineventlog.jsonld","@id":"http://example.org/logEntry#logEntry-79a4623b-9d9a-4957-9c5c-e2e4a8cd60cb","hasLogType":"wineventlog","logonID":"0x1edf9","originatesFrom":{"hostName":{"name":"DESKTOP-MAC610T"},"@type":"rdf:nodeID","@id":"http://example.org/sepses#478c4170-e544-412d-8d16-2c0b60c82505"},"timestamp":"2018-08-27T15:51:37.460Z"}
{"accessMask":"0x80","accountName":"Virtual Windows 10","@timestamp":"2018-08-27T15:51:37.610Z","accesses":"%%4423\n\t\t\t\t","logName":"Security","@type":"http://purl.org/sepses/vocab/log/wineventlog#WindowsEventLogEntry","eventID":4663,"logMessage":"An attempt was made to access an object.\n\nSubject:\n\tSecurity ID:\t\tS-1-5-21-2889181789-4222170037-1347726928-1001\n\tAccount Name:\t\tVirtual Windows 10\n\tAccount Domain:\t\tDESKTOP-MAC610T\n\tLogon ID:\t\t0x1EDF9\n\nObject:\n\tObject Server:\t\tSecurity\n\tObject Type:\t\tFile\n\tObject Name:\t\tC:\\Users\\Virtual Windows 10\\UserDocuments\\test1.txt\n\tHandle ID:\t\t0x3ac\n\tResource Attributes:\tS:AI\n\nProcess Information:\n\tProcess ID:\t\t0x200c\n\tProcess Name:\t\tC:\\Windows\\System32\\notepad.exe\n\nAccess Request Information:\n\tAccesses:\t\tReadAttributes\n\t\t\t\t\n\tAccess Mask:\t\t0x80","version":1,"objectServer":"Security","handleID":"0x3ac","objectType":"File","computerName":"DESKTOP-MAC610T","taskCategory":"File System","source":"Microsoft-Windows-Security-Auditing","resourceAttributes":"S:AI","level":"Information","processName":"C:\\Windows\\System32\\notepad.exe","objectName":"C:\\Users\\Virtual Windows 10\\UserDocuments\\test1.txt","accountDomain":"DESKTOP-MAC610T","processID":"0x200c","keyword":["Audit Success"],"upCode":"Info","@context":"http://sepses.ifs.tuwien.ac.at/contexts/wineventlog.jsonld","@id":"http://example.org/logEntry#logEntry-1b32f551-0404-415b-a7f7-d1bb6b73c5b2","hasLogType":"wineventlog","logonID":"0x1edf9","originatesFrom":{"hostName":{"name":"DESKTOP-MAC610T"},"@type":"rdf:nodeID","@id":"http://example.org/sepses#4efd2124-4aaa-4e45-90c9-f9784733f225"},"timestamp":"2018-08-27T15:51:37.610Z"}
{"accessMask":"0x80","accountName":"Virtual Windows 10","@timestamp":"2018-08-27T15:51:38.022Z","accesses":"%%4423\n\t\t\t\t","logName":"Security","@type":"http://purl.org/sepses/vocab/log/wineventlog#WindowsEventLogEntry","eventID":4663,"logMessage":"An attempt was made to access an object.\n\nSubject:\n\tSecurity ID:\t\tS-1-5-21-2889181789-4222170037-1347726928-1001\n\tAccount Name:\t\tVirtual Windows 10\n\tAccount Domain:\t\tDESKTOP-MAC610T\n\tLogon ID:\t\t0x1EDF9\n\nObject:\n\tObject Server:\t\tSecurity\n\tObject Type:\t\tFile\n\tObject Name:\t\tC:\\Users\\Virtual Windows 10\\UserDocuments\\test1.txt\n\tHandle ID:\t\t0x3e40\n\tResource Attributes:\tS:AI\n\nProcess Information:\n\tProcess ID:\t\t0x54\n\tProcess Name:\t\tC:\\Windows\\explorer.exe\n\nAccess Request Information:\n\tAccesses:\t\tReadAttributes\n\t\t\t\t\n\tAccess Mask:\t\t0x80","version":1,"objectServer":"Security","handleID":"0x3e40","objectType":"File","computerName":"DESKTOP-MAC610T","taskCategory":"File System","source":"Microsoft-Windows-Security-Auditing","resourceAttributes":"S:AI","level":"Information","processName":"C:\\Windows\\explorer.exe","objectName":"C:\\Users\\Virtual Windows 10\\UserDocuments\\test1.txt","accountDomain":"DESKTOP-MAC610T","processID":"0x54","keyword":["Audit Success"],"upCode":"Info","@context":"http://sepses.ifs.tuwien.ac.at/contexts/wineventlog.jsonld","@id":"http://example.org/logEntry#logEntry-ed950ce7-0646-4877-b125-2a4897cd9f47","hasLogType":"wineventlog","logonID":"0x1edf9","originatesFrom":{"hostName":{"name":"DESKTOP-MAC610T"},"@type":"rdf:nodeID","@id":"http://example.org/sepses#54f96a8f-35a9-4df8-a6d5-f00652ff3d6e"},"timestamp":"2018-08-27T15:51:38.022Z"}
{"accessMask":"0x2","accountName":"Virtual Windows 10","@timestamp":"2018-08-27T15:51:41.875Z","accesses":"%%4417\n\t\t\t\t","logName":"Security","@type":"http://purl.org/sepses/vocab/log/wineventlog#WindowsEventLogEntry","eventID":4663,"logMessage":"An attempt was made to access an object.\n\nSubject:\n\tSecurity ID:\t\tS-1-5-21-2889181789-4222170037-1347726928-1001\n\tAccount Name:\t\tVirtual Windows 10\n\tAccount Domain:\t\tDESKTOP-MAC610T\n\tLogon ID:\t\t0x1EDF9\n\nObject:\n\tObject Server:\t\tSecurity\n\tObject Type:\t\tFile\n\tObject Name:\t\tC:\\Users\\Virtual Windows 10\\UserDocuments\\test1.txt\n\tHandle ID:\t\t0x414\n\tResource Attributes:\tS:AI\n\nProcess Information:\n\tProcess ID:\t\t0x200c\n\tProcess Name:\t\tC:\\Windows\\System32\\notepad.exe\n\nAccess Request Information:\n\tAccesses:\t\tWriteData (or AddFile)\n\t\t\t\t\n\tAccess Mask:\t\t0x2","version":1,"objectServer":"Security","handleID":"0x414","objectType":"File","computerName":"DESKTOP-MAC610T","taskCategory":"File System","source":"Microsoft-Windows-Security-Auditing","resourceAttributes":"S:AI","level":"Information","processName":"C:\\Windows\\System32\\notepad.exe","objectName":"C:\\Users\\Virtual Windows 10\\UserDocuments\\test1.txt","accountDomain":"DESKTOP-MAC610T","processID":"0x200c","keyword":["Audit Success"],"upCode":"Info","@context":"http://sepses.ifs.tuwien.ac.at/contexts/wineventlog.jsonld","@id":"http://example.org/logEntry#logEntry-c2394f15-608b-4032-b11c-01431463ae21","hasLogType":"wineventlog","logonID":"0x1edf9","originatesFrom":{"hostName":{"name":"DESKTOP-MAC610T"},"@type":"rdf:nodeID","@id":"http://example.org/sepses#ea2e3d6f-6367-436a-8ac3-6b61449e694b"},"timestamp":"2018-08-27T15:51:41.875Z"}
{"accessMask":"0x80","accountName":"Virtual Windows 10","@timestamp":"2018-08-27T15:51:42.921Z","accesses":"%%4423\n\t\t\t\t","logName":"Security","@type":"http://purl.org/sepses/vocab/log/wineventlog#WindowsEventLogEntry","eventID":4663,"logMessage":"An attempt was made to access an object.\n\nSubject:\n\tSecurity ID:\t\tS-1-5-21-2889181789-4222170037-1347726928-1001\n\tAccount Name:\t\tVirtual Windows 10\n\tAccount Domain:\t\tDESKTOP-MAC610T\n\tLogon ID:\t\t0x1EDF9\n\nObject:\n\tObject Server:\t\tSecurity\n\tObject Type:\t\tFile\n\tObject Name:\t\tC:\\Users\\Virtual Windows 10\\UserDocuments\n\tHandle ID:\t\t0x3d28\n\tResource Attributes:\tS:AI\n\nProcess Information:\n\tProcess ID:\t\t0x54\n\tProcess Name:\t\tC:\\Windows\\explorer.exe\n\nAccess Request Information:\n\tAccesses:\t\tReadAttributes\n\t\t\t\t\n\tAccess Mask:\t\t0x80","version":1,"objectServer":"Security","handleID":"0x3d28","objectType":"File","computerName":"DESKTOP-MAC610T","taskCategory":"File System","source":"Microsoft-Windows-Security-Auditing","resourceAttributes":"S:AI","level":"Information","processName":"C:\\Windows\\explorer.exe","objectName":"C:\\Users\\Virtual Windows 10\\UserDocuments","accountDomain":"DESKTOP-MAC610T","processID":"0x54","keyword":["Audit Success"],"upCode":"Info","@context":"http://sepses.ifs.tuwien.ac.at/contexts/wineventlog.jsonld","@id":"http://example.org/logEntry#logEntry-adacadb7-ef37-49db-935a-474b44692288","hasLogType":"wineventlog","logonID":"0x1edf9","originatesFrom":{"hostName":{"name":"DESKTOP-MAC610T"},"@type":"rdf:nodeID","@id":"http://example.org/sepses#980e8137-8ac0-4780-880e-02a9d9708c88"},"timestamp":"2018-08-27T15:51:42.921Z"}
{"accessMask":"0x80","accountName":"Virtual Windows 10","@timestamp":"2018-08-27T15:51:42.935Z","accesses":"%%4423\n\t\t\t\t","logName":"Security","@type":"http://purl.org/sepses/vocab/log/wineventlog#WindowsEventLogEntry","eventID":4663,"logMessage":"An attempt was made to access an object.\n\nSubject:\n\tSecurity ID:\t\tS-1-5-21-2889181789-4222170037-1347726928-1001\n\tAccount Name:\t\tVirtual Windows 10\n\tAccount Domain:\t\tDESKTOP-MAC610T\n\tLogon ID:\t\t0x1EDF9\n\nObject:\n\tObject Server:\t\tSecurity\n\tObject Type:\t\tFile\n\tObject Name:\t\tC:\\Users\\Virtual Windows 10\\UserDocuments\n\tHandle ID:\t\t0x48f8\n\tResource Attributes:\tS:AI\n\nProcess Information:\n\tProcess ID:\t\t0x54\n\tProcess Name:\t\tC:\\Windows\\explorer.exe\n\nAccess Request Information:\n\tAccesses:\t\tReadAttributes\n\t\t\t\t\n\tAccess Mask:\t\t0x80","version":1,"objectServer":"Security","handleID":"0x48f8","objectType":"File","computerName":"DESKTOP-MAC610T","taskCategory":"File System","source":"Microsoft-Windows-Security-Auditing","resourceAttributes":"S:AI","level":"Information","processName":"C:\\Windows\\explorer.exe","objectName":"C:\\Users\\Virtual Windows 10\\UserDocuments","accountDomain":"DESKTOP-MAC610T","processID":"0x54","keyword":["Audit Success"],"upCode":"Info","@context":"http://sepses.ifs.tuwien.ac.at/contexts/wineventlog.jsonld","@id":"http://example.org/logEntry#logEntry-fbf7fb44-191d-45d5-b823-40bb05a5f0b9","hasLogType":"wineventlog","logonID":"0x1edf9","originatesFrom":{"hostName":{"name":"DESKTOP-MAC610T"},"@type":"rdf:nodeID","@id":"http://example.org/sepses#f0f9c9cc-c447-426a-ab80-0c149a11f0ab"},"timestamp":"2018-08-27T15:51:42.935Z"}
{"accessMask":"0x80","accountName":"Virtual Windows 10","@timestamp":"2018-08-27T15:51:44.627Z","accesses":"%%4423\n\t\t\t\t","logName":"Security","@type":"http://purl.org/sepses/vocab/log/wineventlog#WindowsEventLogEntry","eventID":4663,"logMessage":"An attempt was made to access an object.\n\nSubject:\n\tSecurity ID:\t\tS-1-5-21-2889181789-4222170037-1347726928-1001\n\tAccount Name:\t\tVirtual Windows 10\n\tAccount Domain:\t\tDESKTOP-MAC610T\n\tLogon ID:\t\t0x1EDF9\n\nObject:\n\tObject Server:\t\tSecurity\n\tObject Type:\t\tFile\n\tObject Name:\t\tC:\\Users\\Virtual Windows 10\\UserDocuments\n\tHandle ID:\t\t0x3b78\n\tResource Attributes:\tS:AI\n\nProcess Information:\n\tProcess ID:\t\t0x54\n\tProcess Name:\t\tC:\\Windows\\explorer.exe\n\nAccess Request Information:\n\tAccesses:\t\tReadAttributes\n\t\t\t\t\n\tAccess Mask:\t\t0x80","version":1,"objectServer":"Security","handleID":"0x3b78","objectType":"File","computerName":"DESKTOP-MAC610T","taskCategory":"File System","source":"Microsoft-Windows-Security-Auditing","resourceAttributes":"S:AI","level":"Information","processName":"C:\\Windows\\explorer.exe","objectName":"C:\\Users\\Virtual Windows 10\\UserDocuments","accountDomain":"DESKTOP-MAC610T","processID":"0x54","keyword":["Audit Success"],"upCode":"Info","@context":"http://sepses.ifs.tuwien.ac.at/contexts/wineventlog.jsonld","@id":"http://example.org/logEntry#logEntry-5875c0da-60d6-4a01-b7cb-fcd270f095bb","hasLogType":"wineventlog","logonID":"0x1edf9","originatesFrom":{"hostName":{"name":"DESKTOP-MAC610T"},"@type":"rdf:nodeID","@id":"http://example.org/sepses#1a355213-2af5-431b-b3ed-65f797609afc"},"timestamp":"2018-08-27T15:51:44.627Z"}
{"accessMask":"0x80","accountName":"Virtual Windows 10","@timestamp":"2018-08-27T15:51:44.690Z","accesses":"%%4423\n\t\t\t\t","logName":"Security","@type":"http://purl.org/sepses/vocab/log/wineventlog#WindowsEventLogEntry","eventID":4663,"logMessage":"An attempt was made to access an object.\n\nSubject:\n\tSecurity ID:\t\tS-1-5-21-2889181789-4222170037-1347726928-1001\n\tAccount Name:\t\tVirtual Windows 10\n\tAccount Domain:\t\tDESKTOP-MAC610T\n\tLogon ID:\t\t0x1EDF9\n\nObject:\n\tObject Server:\t\tSecurity\n\tObject Type:\t\tFile\n\tObject Name:\t\tC:\\Users\\Virtual Windows 10\\Dropbox\n\tHandle ID:\t\t0x4938\n\tResource Attributes:\tS:AI\n\nProcess Information:\n\tProcess ID:\t\t0x54\n\tProcess Name:\t\tC:\\Windows\\explorer.exe\n\nAccess Request Information:\n\tAccesses:\t\tReadAttributes\n\t\t\t\t\n\tAccess Mask:\t\t0x80","version":1,"objectServer":"Security","handleID":"0x4938","objectType":"File","computerName":"DESKTOP-MAC610T","taskCategory":"File System","source":"Microsoft-Windows-Security-Auditing","resourceAttributes":"S:AI","level":"Information","processName":"C:\\Windows\\explorer.exe","objectName":"C:\\Users\\Virtual Windows 10\\Dropbox","accountDomain":"DESKTOP-MAC610T","processID":"0x54","keyword":["Audit Success"],"upCode":"Info","@context":"http://sepses.ifs.tuwien.ac.at/contexts/wineventlog.jsonld","@id":"http://example.org/logEntry#logEntry-d3447db6-b0bb-4672-b527-009f2ceec81c","hasLogType":"wineventlog","logonID":"0x1edf9","originatesFrom":{"hostName":{"name":"DESKTOP-MAC610T"},"@type":"rdf:nodeID","@id":"http://example.org/sepses#3d2a5f8e-e597-4c1f-bf1c-6dd8d9606a4c"},"timestamp":"2018-08-27T15:51:44.690Z"}
{"accessMask":"0x80","accountName":"Virtual Windows 10","@timestamp":"2018-08-27T15:51:46.622Z","accesses":"%%4423\n\t\t\t\t","logName":"Security","@type":"http://purl.org/sepses/vocab/log/wineventlog#WindowsEventLogEntry","eventID":4663,"logMessage":"An attempt was made to access an object.\n\nSubject:\n\tSecurity ID:\t\tS-1-5-21-2889181789-4222170037-1347726928-1001\n\tAccount Name:\t\tVirtual Windows 10\n\tAccount Domain:\t\tDESKTOP-MAC610T\n\tLogon ID:\t\t0x1EDF9\n\nObject:\n\tObject Server:\t\tSecurity\n\tObject Type:\t\tFile\n\tObject Name:\t\tC:\\Users\\Virtual Windows 10\\UserDocuments\\test1.txt\n\tHandle ID:\t\t0x1e20\n\tResource Attributes:\tS:AI\n\nProcess Information:\n\tProcess ID:\t\t0x16c8\n\tProcess Name:\t\tC:\\Program Files (x86)\\Dropbox\\Client\\Dropbox.exe\n\nAccess Request Information:\n\tAccesses:\t\tReadAttributes\n\t\t\t\t\n\tAccess Mask:\t\t0x80","version":1,"objectServer":"Security","handleID":"0x1e20","objectType":"File","computerName":"DESKTOP-MAC610T","taskCategory":"File System","source":"Microsoft-Windows-Security-Auditing","resourceAttributes":"S:AI","level":"Information","processName":"C:\\Program Files (x86)\\Dropbox\\Client\\Dropbox.exe","objectName":"C:\\Users\\Virtual Windows 10\\UserDocuments\\test1.txt","accountDomain":"DESKTOP-MAC610T","processID":"0x16c8","keyword":["Audit Success"],"upCode":"Info","@context":"http://sepses.ifs.tuwien.ac.at/contexts/wineventlog.jsonld","@id":"http://example.org/logEntry#logEntry-6146b2b2-c797-4404-bd23-f0d26d860f5d","hasLogType":"wineventlog","logonID":"0x1edf9","originatesFrom":{"hostName":{"name":"DESKTOP-MAC610T"},"@type":"rdf:nodeID","@id":"http://example.org/sepses#42a84c1d-a088-4e78-925b-f491e7bdfd0a"},"timestamp":"2018-08-27T15:51:46.622Z"}
{"accessMask":"0x80","accountName":"Virtual Windows 10","@timestamp":"2018-08-27T15:51:47.575Z","accesses":"%%4423\n\t\t\t\t","logName":"Security","@type":"http://purl.org/sepses/vocab/log/wineventlog#WindowsEventLogEntry","eventID":4663,"logMessage":"An attempt was made to access an object.\n\nSubject:\n\tSecurity ID:\t\tS-1-5-21-2889181789-4222170037-1347726928-1001\n\tAccount Name:\t\tVirtual Windows 10\n\tAccount Domain:\t\tDESKTOP-MAC610T\n\tLogon ID:\t\t0x1EDF9\n\nObject:\n\tObject Server:\t\tSecurity\n\tObject Type:\t\tFile\n\tObject Name:\t\tC:\\Users\\Virtual Windows 10\\UserDocuments\n\tHandle ID:\t\t0x3b78\n\tResource Attributes:\tS:AI\n\nProcess Information:\n\tProcess ID:\t\t0x54\n\tProcess Name:\t\tC:\\Windows\\explorer.exe\n\nAccess Request Information:\n\tAccesses:\t\tReadAttributes\n\t\t\t\t\n\tAccess Mask:\t\t0x80","version":1,"objectServer":"Security","handleID":"0x3b78","objectType":"File","computerName":"DESKTOP-MAC610T","taskCategory":"File System","source":"Microsoft-Windows-Security-Auditing","resourceAttributes":"S:AI","level":"Information","processName":"C:\\Windows\\explorer.exe","objectName":"C:\\Users\\Virtual Windows 10\\UserDocuments","accountDomain":"DESKTOP-MAC610T","processID":"0x54","keyword":["Audit Success"],"upCode":"Info","@context":"http://sepses.ifs.tuwien.ac.at/contexts/wineventlog.jsonld","@id":"http://example.org/logEntry#logEntry-ddf69175-5601-4c29-bd8c-4a92c463a085","hasLogType":"wineventlog","logonID":"0x1edf9","originatesFrom":{"hostName":{"name":"DESKTOP-MAC610T"},"@type":"rdf:nodeID","@id":"http://example.org/sepses#e5ec90ab-e23b-41fd-9033-08e010f39f7b"},"timestamp":"2018-08-27T15:51:47.575Z"}
{"accessMask":"0x80","accountName":"Virtual Windows 10","@timestamp":"2018-08-27T15:51:47.582Z","accesses":"%%4423\n\t\t\t\t","logName":"Security","@type":"http://purl.org/sepses/vocab/log/wineventlog#WindowsEventLogEntry","eventID":4663,"logMessage":"An attempt was made to access an object.\n\nSubject:\n\tSecurity ID:\t\tS-1-5-21-2889181789-4222170037-1347726928-1001\n\tAccount Name:\t\tVirtual Windows 10\n\tAccount Domain:\t\tDESKTOP-MAC610T\n\tLogon ID:\t\t0x1EDF9\n\nObject:\n\tObject Server:\t\tSecurity\n\tObject Type:\t\tFile\n\tObject Name:\t\tC:\\Users\\Virtual Windows 10\\UserDocuments\n\tHandle ID:\t\t0x4848\n\tResource Attributes:\tS:AI\n\nProcess Information:\n\tProcess ID:\t\t0x54\n\tProcess Name:\t\tC:\\Windows\\explorer.exe\n\nAccess Request Information:\n\tAccesses:\t\tReadAttributes\n\t\t\t\t\n\tAccess Mask:\t\t0x80","version":1,"objectServer":"Security","handleID":"0x4848","objectType":"File","computerName":"DESKTOP-MAC610T","taskCategory":"File System","source":"Microsoft-Windows-Security-Auditing","resourceAttributes":"S:AI","level":"Information","processName":"C:\\Windows\\explorer.exe","objectName":"C:\\Users\\Virtual Windows 10\\UserDocuments","accountDomain":"DESKTOP-MAC610T","processID":"0x54","keyword":["Audit Success"],"upCode":"Info","@context":"http://sepses.ifs.tuwien.ac.at/contexts/wineventlog.jsonld","@id":"http://example.org/logEntry#logEntry-79518a1d-a76a-4da2-91e3-670e4d2c1ac9","hasLogType":"wineventlog","logonID":"0x1edf9","originatesFrom":{"hostName":{"name":"DESKTOP-MAC610T"},"@type":"rdf:nodeID","@id":"http://example.org/sepses#ea656e70-be73-4a94-8795-242d93520e15"},"timestamp":"2018-08-27T15:51:47.582Z"}
{"accessMask":"0x80","accountName":"Virtual Windows 10","@timestamp":"2018-08-27T15:51:48.471Z","accesses":"%%4423\n\t\t\t\t","logName":"Security","@type":"http://purl.org/sepses/vocab/log/wineventlog#WindowsEventLogEntry","eventID":4663,"logMessage":"An attempt was made to access an object.\n\nSubject:\n\tSecurity ID:\t\tS-1-5-21-2889181789-4222170037-1347726928-1001\n\tAccount Name:\t\tVirtual Windows 10\n\tAccount Domain:\t\tDESKTOP-MAC610T\n\tLogon ID:\t\t0x1EDF9\n\nObject:\n\tObject Server:\t\tSecurity\n\tObject Type:\t\tFile\n\tObject Name:\t\tC:\\Users\\Virtual Windows 10\\UserDocuments\n\tHandle ID:\t\t0x31bc\n\tResource Attributes:\tS:AI\n\nProcess Information:\n\tProcess ID:\t\t0x54\n\tProcess Name:\t\tC:\\Windows\\explorer.exe\n\nAccess Request Information:\n\tAccesses:\t\tReadAttributes\n\t\t\t\t\n\tAccess Mask:\t\t0x80","version":1,"objectServer":"Security","handleID":"0x31bc","objectType":"File","computerName":"DESKTOP-MAC610T","taskCategory":"File System","source":"Microsoft-Windows-Security-Auditing","resourceAttributes":"S:AI","level":"Information","processName":"C:\\Windows\\explorer.exe","objectName":"C:\\Users\\Virtual Windows 10\\UserDocuments","accountDomain":"DESKTOP-MAC610T","processID":"0x54","keyword":["Audit Success"],"upCode":"Info","@context":"http://sepses.ifs.tuwien.ac.at/contexts/wineventlog.jsonld","@id":"http://example.org/logEntry#logEntry-79ee3e4a-7d54-4297-aa12-3cbf8c02006f","hasLogType":"wineventlog","logonID":"0x1edf9","originatesFrom":{"hostName":{"name":"DESKTOP-MAC610T"},"@type":"rdf:nodeID","@id":"http://example.org/sepses#2ba87dcc-4815-42ef-9e8c-151fd780b610"},"timestamp":"2018-08-27T15:51:48.471Z"}
{"accessMask":"0x80","accountName":"Virtual Windows 10","@timestamp":"2018-08-27T15:51:48.477Z","accesses":"%%4423\n\t\t\t\t","logName":"Security","@type":"http://purl.org/sepses/vocab/log/wineventlog#WindowsEventLogEntry","eventID":4663,"logMessage":"An attempt was made to access an object.\n\nSubject:\n\tSecurity ID:\t\tS-1-5-21-2889181789-4222170037-1347726928-1001\n\tAccount Name:\t\tVirtual Windows 10\n\tAccount Domain:\t\tDESKTOP-MAC610T\n\tLogon ID:\t\t0x1EDF9\n\nObject:\n\tObject Server:\t\tSecurity\n\tObject Type:\t\tFile\n\tObject Name:\t\tC:\\Users\\Virtual Windows 10\\UserDocuments\n\tHandle ID:\t\t0x5ec\n\tResource Attributes:\tS:AI\n\nProcess Information:\n\tProcess ID:\t\t0x54\n\tProcess Name:\t\tC:\\Windows\\explorer.exe\n\nAccess Request Information:\n\tAccesses:\t\tReadAttributes\n\t\t\t\t\n\tAccess Mask:\t\t0x80","version":1,"objectServer":"Security","handleID":"0x5ec","objectType":"File","computerName":"DESKTOP-MAC610T","taskCategory":"File System","source":"Microsoft-Windows-Security-Auditing","resourceAttributes":"S:AI","level":"Information","processName":"C:\\Windows\\explorer.exe","objectName":"C:\\Users\\Virtual Windows 10\\UserDocuments","accountDomain":"DESKTOP-MAC610T","processID":"0x54","keyword":["Audit Success"],"upCode":"Info","@context":"http://sepses.ifs.tuwien.ac.at/contexts/wineventlog.jsonld","@id":"http://example.org/logEntry#logEntry-96f9ab80-4e35-44d6-9752-7d6097d45d62","hasLogType":"wineventlog","logonID":"0x1edf9","originatesFrom":{"hostName":{"name":"DESKTOP-MAC610T"},"@type":"rdf:nodeID","@id":"http://example.org/sepses#6795c6d3-259d-423d-b113-b6a6a8dd39a6"},"timestamp":"2018-08-27T15:51:48.477Z"}
