{"source":"Microsoft-Windows-Security-Auditing","computerName":"VirtualWindows8","taskCategory":"File System","accessMask":"0x80","logName":"Security","@timestamp":"2018-10-03T10:08:36.784Z","objectServer":"Security","upCode":"Info","hasLogType":"wineventlog","originatesFrom":{"@id":"http://example.org/sepses#357df4e8-92f8-4636-9b19-d3aaca44a917","hostName":{"name":"VirtualWindows8"},"@type":"rdf:nodeID"},"@id":"http://example.org/logEntry#logEntry-f4a18f18-52b2-4017-856f-220a352c18bf","accountName":"VirtualWindows8User","handleID":"0x1d38","@context":"http://sepses.ifs.tuwien.ac.at/contexts/wineventlog.jsonld","version":1,"processID":"0xc9c","accesses":"%%4423\n\t\t\t\t","logMessage":"An attempt was made to access an object.\n\nSubject:\n\tSecurity ID:\t\tS-1-5-21-2361021202-3253521353-2316283985-1001\n\tAccount Name:\t\tVirtualWindows8User\n\tAccount Domain:\t\tVirtualWindows8\n\tLogon ID:\t\t0x108AF\n\nObject:\n\tObject Server:\t\tSecurity\n\tObject Type:\t\tFile\n\tObject Name:\t\tC:\\Users\\VirtualWindows8User\\Dropbox\n\tHandle ID:\t\t0x1d38\n\tResource Attributes:\tS:AI\n\nProcess Information:\n\tProcess ID:\t\t0xc9c\n\tProcess Name:\t\tC:\\Program Files (x86)\\Dropbox\\Client\\Dropbox.exe\n\nAccess Request Information:\n\tAccesses:\t\tReadAttributes\n\t\t\t\t\n\tAccess Mask:\t\t0x80","timestamp":"2018-10-03T10:08:36.784Z","resourceAttributes":"S:AI","eventID":4663,"level":"Information","keyword":["Audit Success"],"objectType":"File","objectName":"C:\\Users\\VirtualWindows8User\\Dropbox","processName":"C:\\Program Files (x86)\\Dropbox\\Client\\Dropbox.exe","accountDomain":"VirtualWindows8","logonID":"0x108af","@type":"http://purl.org/sepses/vocab/log/wineventlog#WindowsEventLogEntry"}
{"source":"Microsoft-Windows-Security-Auditing","computerName":"VirtualWindows8","taskCategory":"File System","accessMask":"0x80","logName":"Security","@timestamp":"2018-10-03T10:08:36.785Z","objectServer":"Security","upCode":"Info","hasLogType":"wineventlog","originatesFrom":{"@id":"http://example.org/sepses#7273f6fe-3f19-41fb-84f3-2f2cb6a16faa","hostName":{"name":"VirtualWindows8"},"@type":"rdf:nodeID"},"@id":"http://example.org/logEntry#logEntry-ee972202-6a86-4e7a-b711-d0177df6eb3f","accountName":"VirtualWindows8User","handleID":"0x1d38","@context":"http://sepses.ifs.tuwien.ac.at/contexts/wineventlog.jsonld","version":1,"processID":"0xc9c","accesses":"%%4423\n\t\t\t\t","logMessage":"An attempt was made to access an object.\n\nSubject:\n\tSecurity ID:\t\tS-1-5-21-2361021202-3253521353-2316283985-1001\n\tAccount Name:\t\tVirtualWindows8User\n\tAccount Domain:\t\tVirtualWindows8\n\tLogon ID:\t\t0x108AF\n\nObject:\n\tObject Server:\t\tSecurity\n\tObject Type:\t\tFile\n\tObject Name:\t\tC:\\Users\\VirtualWindows8User\\Dropbox\n\tHandle ID:\t\t0x1d38\n\tResource Attributes:\tS:AI\n\nProcess Information:\n\tProcess ID:\t\t0xc9c\n\tProcess Name:\t\tC:\\Program Files (x86)\\Dropbox\\Client\\Dropbox.exe\n\nAccess Request Information:\n\tAccesses:\t\tReadAttributes\n\t\t\t\t\n\tAccess Mask:\t\t0x80","timestamp":"2018-10-03T10:08:36.785Z","resourceAttributes":"S:AI","eventID":4663,"level":"Information","keyword":["Audit Success"],"objectType":"File","objectName":"C:\\Users\\VirtualWindows8User\\Dropbox","processName":"C:\\Program Files (x86)\\Dropbox\\Client\\Dropbox.exe","accountDomain":"VirtualWindows8","logonID":"0x108af","@type":"http://purl.org/sepses/vocab/log/wineventlog#WindowsEventLogEntry"}
{"source":"Microsoft-Windows-Security-Auditing","computerName":"VirtualWindows8","taskCategory":"File System","accessMask":"0x80","logName":"Security","@timestamp":"2018-10-03T10:08:40.890Z","objectServer":"Security","upCode":"Info","hasLogType":"wineventlog","originatesFrom":{"@id":"http://example.org/sepses#38c6c8b0-eb16-40e0-9248-4a8098c3b039","hostName":{"name":"VirtualWindows8"},"@type":"rdf:nodeID"},"@id":"http://example.org/logEntry#logEntry-df8d9800-f91f-4f19-82b2-4a60d0a9098f","accountName":"VirtualWindows8User","handleID":"0x1d2c","@context":"http://sepses.ifs.tuwien.ac.at/contexts/wineventlog.jsonld","version":1,"processID":"0xc9c","accesses":"%%4423\n\t\t\t\t","logMessage":"An attempt was made to access an object.\n\nSubject:\n\tSecurity ID:\t\tS-1-5-21-2361021202-3253521353-2316283985-1001\n\tAccount Name:\t\tVirtualWindows8User\n\tAccount Domain:\t\tVirtualWindows8\n\tLogon ID:\t\t0x108AF\n\nObject:\n\tObject Server:\t\tSecurity\n\tObject Type:\t\tFile\n\tObject Name:\t\tC:\\Users\\VirtualWindows8User\\UserDocuments\\wordpad_rename.rtf\n\tHandle ID:\t\t0x1d2c\n\tResource Attributes:\tS:AI\n\nProcess Information:\n\tProcess ID:\t\t0xc9c\n\tProcess Name:\t\tC:\\Program Files (x86)\\Dropbox\\Client\\Dropbox.exe\n\nAccess Request Information:\n\tAccesses:\t\tReadAttributes\n\t\t\t\t\n\tAccess Mask:\t\t0x80","timestamp":"2018-10-03T10:08:40.890Z","resourceAttributes":"S:AI","eventID":4663,"level":"Information","keyword":["Audit Success"],"objectType":"File","objectName":"C:\\Users\\VirtualWindows8User\\UserDocuments\\wordpad_rename.rtf","processName":"C:\\Program Files (x86)\\Dropbox\\Client\\Dropbox.exe","accountDomain":"VirtualWindows8","logonID":"0x108af","@type":"http://purl.org/sepses/vocab/log/wineventlog#WindowsEventLogEntry"}
{"source":"Microsoft-Windows-Security-Auditing","computerName":"VirtualWindows8","taskCategory":"File System","accessMask":"0x100000","logName":"Security","@timestamp":"2018-10-03T10:08:43.264Z","objectServer":"Security","upCode":"Info","hasLogType":"wineventlog","originatesFrom":{"@id":"http://example.org/sepses#59e57605-df0e-4ab7-b9ef-35262d3f7846","hostName":{"name":"VirtualWindows8"},"@type":"rdf:nodeID"},"@id":"http://example.org/logEntry#logEntry-caba7a7a-80ab-4547-8119-3030cd471abf","accountName":"VirtualWindows8User","handleID":"0x1fe4","@context":"http://sepses.ifs.tuwien.ac.at/contexts/wineventlog.jsonld","version":1,"processID":"0x6ec","accesses":"%%1541\n\t\t\t\t","logMessage":"An attempt was made to access an object.\n\nSubject:\n\tSecurity ID:\t\tS-1-5-21-2361021202-3253521353-2316283985-1001\n\tAccount Name:\t\tVirtualWindows8User\n\tAccount Domain:\t\tVirtualWindows8\n\tLogon ID:\t\t0x108AF\n\nObject:\n\tObject Server:\t\tSecurity\n\tObject Type:\t\tFile\n\tObject Name:\t\tC:\\Windows\\WinSxS\\FileMaps\\program_files_windows_nt_accessories_156d2b9b22040474.cdf-ms\n\tHandle ID:\t\t0x1fe4\n\tResource Attributes:\tS:AI\n\nProcess Information:\n\tProcess ID:\t\t0x6ec\n\tProcess Name:\t\tC:\\Windows\\explorer.exe\n\nAccess Request Information:\n\tAccesses:\t\tSYNCHRONIZE\n\t\t\t\t\n\tAccess Mask:\t\t0x100000","timestamp":"2018-10-03T10:08:43.264Z","resourceAttributes":"S:AI","eventID":4663,"level":"Information","keyword":["Audit Success"],"objectType":"File","objectName":"C:\\Windows\\WinSxS\\FileMaps\\program_files_windows_nt_accessories_156d2b9b22040474.cdf-ms","processName":"C:\\Windows\\explorer.exe","accountDomain":"VirtualWindows8","logonID":"0x108af","@type":"http://purl.org/sepses/vocab/log/wineventlog#WindowsEventLogEntry"}
{"source":"Microsoft-Windows-Security-Auditing","computerName":"VirtualWindows8","taskCategory":"File System","accessMask":"0x80","logName":"Security","@timestamp":"2018-10-03T10:08:43.405Z","objectServer":"Security","upCode":"Info","hasLogType":"wineventlog","originatesFrom":{"@id":"http://example.org/sepses#c4cea673-dd1a-457e-a296-fe00d538ee22","hostName":{"name":"VirtualWindows8"},"@type":"rdf:nodeID"},"@id":"http://example.org/logEntry#logEntry-0b16d3e3-4063-4322-87fd-f00e05433cad","accountName":"VirtualWindows8User","handleID":"0x1f58","@context":"http://sepses.ifs.tuwien.ac.at/contexts/wineventlog.jsonld","version":1,"processID":"0x6ec","accesses":"%%4423\n\t\t\t\t","logMessage":"An attempt was made to access an object.\n\nSubject:\n\tSecurity ID:\t\tS-1-5-21-2361021202-3253521353-2316283985-1001\n\tAccount Name:\t\tVirtualWindows8User\n\tAccount Domain:\t\tVirtualWindows8\n\tLogon ID:\t\t0x108AF\n\nObject:\n\tObject Server:\t\tSecurity\n\tObject Type:\t\tFile\n\tObject Name:\t\tC:\\Users\\VirtualWindows8User\\UserDocuments\\wordpad_rename.rtf\n\tHandle ID:\t\t0x1f58\n\tResource Attributes:\tS:AI\n\nProcess Information:\n\tProcess ID:\t\t0x6ec\n\tProcess Name:\t\tC:\\Windows\\explorer.exe\n\nAccess Request Information:\n\tAccesses:\t\tReadAttributes\n\t\t\t\t\n\tAccess Mask:\t\t0x80","timestamp":"2018-10-03T10:08:43.405Z","resourceAttributes":"S:AI","eventID":4663,"level":"Information","keyword":["Audit Success"],"objectType":"File","objectName":"C:\\Users\\VirtualWindows8User\\UserDocuments\\wordpad_rename.rtf","processName":"C:\\Windows\\explorer.exe","accountDomain":"VirtualWindows8","logonID":"0x108af","@type":"http://purl.org/sepses/vocab/log/wineventlog#WindowsEventLogEntry"}
{"source":"Microsoft-Windows-Security-Auditing","computerName":"VirtualWindows8","taskCategory":"File System","accessMask":"0x80","logName":"Security","@timestamp":"2018-10-03T10:08:43.483Z","objectServer":"Security","upCode":"Info","hasLogType":"wineventlog","originatesFrom":{"@id":"http://example.org/sepses#b066349d-fc18-40a7-a52a-0bd1fa564b9a","hostName":{"name":"VirtualWindows8"},"@type":"rdf:nodeID"},"@id":"http://example.org/logEntry#logEntry-d3e690d7-2890-465d-ad75-561792f909f0","accountName":"VirtualWindows8User","handleID":"0x1938","@context":"http://sepses.ifs.tuwien.ac.at/contexts/wineventlog.jsonld","version":1,"processID":"0x6ec","accesses":"%%4423\n\t\t\t\t","logMessage":"An attempt was made to access an object.\n\nSubject:\n\tSecurity ID:\t\tS-1-5-21-2361021202-3253521353-2316283985-1001\n\tAccount Name:\t\tVirtualWindows8User\n\tAccount Domain:\t\tVirtualWindows8\n\tLogon ID:\t\t0x108AF\n\nObject:\n\tObject Server:\t\tSecurity\n\tObject Type:\t\tFile\n\tObject Name:\t\tC:\\Users\\VirtualWindows8User\\UserDocuments\n\tHandle ID:\t\t0x1938\n\tResource Attributes:\tS:AI\n\nProcess Information:\n\tProcess ID:\t\t0x6ec\n\tProcess Name:\t\tC:\\Windows\\explorer.exe\n\nAccess Request Information:\n\tAccesses:\t\tReadAttributes\n\t\t\t\t\n\tAccess Mask:\t\t0x80","timestamp":"2018-10-03T10:08:43.483Z","resourceAttributes":"S:AI","eventID":4663,"level":"Information","keyword":["Audit Success"],"objectType":"File","objectName":"C:\\Users\\VirtualWindows8User\\UserDocuments","processName":"C:\\Windows\\explorer.exe","accountDomain":"VirtualWindows8","logonID":"0x108af","@type":"http://purl.org/sepses/vocab/log/wineventlog#WindowsEventLogEntry"}
{"source":"Microsoft-Windows-Security-Auditing","computerName":"VirtualWindows8","taskCategory":"File System","accessMask":"0x80","logName":"Security","@timestamp":"2018-10-03T10:08:43.546Z","objectServer":"Security","upCode":"Info","hasLogType":"wineventlog","originatesFrom":{"@id":"http://example.org/sepses#8bc91dfc-3ab9-4abe-b79b-e7f0977ab4ce","hostName":{"name":"VirtualWindows8"},"@type":"rdf:nodeID"},"@id":"http://example.org/logEntry#logEntry-2eadcafa-47f6-4b15-9962-73d3a7024b72","accountName":"VirtualWindows8User","handleID":"0x1d8c","@context":"http://sepses.ifs.tuwien.ac.at/contexts/wineventlog.jsonld","version":1,"processID":"0xc9c","accesses":"%%4423\n\t\t\t\t","logMessage":"An attempt was made to access an object.\n\nSubject:\n\tSecurity ID:\t\tS-1-5-21-2361021202-3253521353-2316283985-1001\n\tAccount Name:\t\tVirtualWindows8User\n\tAccount Domain:\t\tVirtualWindows8\n\tLogon ID:\t\t0x108AF\n\nObject:\n\tObject Server:\t\tSecurity\n\tObject Type:\t\tFile\n\tObject Name:\t\tC:\\Users\\VirtualWindows8User\\UserDocuments\\wordpad_rename.rtf\n\tHandle ID:\t\t0x1d8c\n\tResource Attributes:\tS:AI\n\nProcess Information:\n\tProcess ID:\t\t0xc9c\n\tProcess Name:\t\tC:\\Program Files (x86)\\Dropbox\\Client\\Dropbox.exe\n\nAccess Request Information:\n\tAccesses:\t\tReadAttributes\n\t\t\t\t\n\tAccess Mask:\t\t0x80","timestamp":"2018-10-03T10:08:43.546Z","resourceAttributes":"S:AI","eventID":4663,"level":"Information","keyword":["Audit Success"],"objectType":"File","objectName":"C:\\Users\\VirtualWindows8User\\UserDocuments\\wordpad_rename.rtf","processName":"C:\\Program Files (x86)\\Dropbox\\Client\\Dropbox.exe","accountDomain":"VirtualWindows8","logonID":"0x108af","@type":"http://purl.org/sepses/vocab/log/wineventlog#WindowsEventLogEntry"}
{"source":"Microsoft-Windows-Security-Auditing","computerName":"VirtualWindows8","taskCategory":"File System","accessMask":"0x80","logName":"Security","@timestamp":"2018-10-03T10:08:43.546Z","objectServer":"Security","upCode":"Info","hasLogType":"wineventlog","originatesFrom":{"@id":"http://example.org/sepses#20d0fd5e-0fda-4931-8d4d-5bc09bc6dc8a","hostName":{"name":"VirtualWindows8"},"@type":"rdf:nodeID"},"@id":"http://example.org/logEntry#logEntry-19f3e6fd-555a-44e6-9ca8-5b47845ec5d9","accountName":"VirtualWindows8User","handleID":"0x1d30","@context":"http://sepses.ifs.tuwien.ac.at/contexts/wineventlog.jsonld","version":1,"processID":"0xc9c","accesses":"%%4423\n\t\t\t\t","logMessage":"An attempt was made to access an object.\n\nSubject:\n\tSecurity ID:\t\tS-1-5-21-2361021202-3253521353-2316283985-1001\n\tAccount Name:\t\tVirtualWindows8User\n\tAccount Domain:\t\tVirtualWindows8\n\tLogon ID:\t\t0x108AF\n\nObject:\n\tObject Server:\t\tSecurity\n\tObject Type:\t\tFile\n\tObject Name:\t\tC:\\Users\\VirtualWindows8User\\UserDocuments\n\tHandle ID:\t\t0x1d30\n\tResource Attributes:\tS:AI\n\nProcess Information:\n\tProcess ID:\t\t0xc9c\n\tProcess Name:\t\tC:\\Program Files (x86)\\Dropbox\\Client\\Dropbox.exe\n\nAccess Request Information:\n\tAccesses:\t\tReadAttributes\n\t\t\t\t\n\tAccess Mask:\t\t0x80","timestamp":"2018-10-03T10:08:43.546Z","resourceAttributes":"S:AI","eventID":4663,"level":"Information","keyword":["Audit Success"],"objectType":"File","objectName":"C:\\Users\\VirtualWindows8User\\UserDocuments","processName":"C:\\Program Files (x86)\\Dropbox\\Client\\Dropbox.exe","accountDomain":"VirtualWindows8","logonID":"0x108af","@type":"http://purl.org/sepses/vocab/log/wineventlog#WindowsEventLogEntry"}
{"source":"Microsoft-Windows-Security-Auditing","computerName":"VirtualWindows8","taskCategory":"File System","accessMask":"0x80","logName":"Security","@timestamp":"2018-10-03T10:08:43.561Z","objectServer":"Security","upCode":"Info","hasLogType":"wineventlog","originatesFrom":{"@id":"http://example.org/sepses#0c5146a2-7f4a-4c37-be3d-ab75b4e80f6e","hostName":{"name":"VirtualWindows8"},"@type":"rdf:nodeID"},"@id":"http://example.org/logEntry#logEntry-fdb5d96d-dcf4-4aaf-8821-c03217a4bd48","accountName":"VirtualWindows8User","handleID":"0x1d30","@context":"http://sepses.ifs.tuwien.ac.at/contexts/wineventlog.jsonld","version":1,"processID":"0xc9c","accesses":"%%4423\n\t\t\t\t","logMessage":"An attempt was made to access an object.\n\nSubject:\n\tSecurity ID:\t\tS-1-5-21-2361021202-3253521353-2316283985-1001\n\tAccount Name:\t\tVirtualWindows8User\n\tAccount Domain:\t\tVirtualWindows8\n\tLogon ID:\t\t0x108AF\n\nObject:\n\tObject Server:\t\tSecurity\n\tObject Type:\t\tFile\n\tObject Name:\t\tC:\\Users\\VirtualWindows8User\\UserDocuments\n\tHandle ID:\t\t0x1d30\n\tResource Attributes:\tS:AI\n\nProcess Information:\n\tProcess ID:\t\t0xc9c\n\tProcess Name:\t\tC:\\Program Files (x86)\\Dropbox\\Client\\Dropbox.exe\n\nAccess Request Information:\n\tAccesses:\t\tReadAttributes\n\t\t\t\t\n\tAccess Mask:\t\t0x80","timestamp":"2018-10-03T10:08:43.561Z","resourceAttributes":"S:AI","eventID":4663,"level":"Information","keyword":["Audit Success"],"objectType":"File","objectName":"C:\\Users\\VirtualWindows8User\\UserDocuments","processName":"C:\\Program Files (x86)\\Dropbox\\Client\\Dropbox.exe","accountDomain":"VirtualWindows8","logonID":"0x108af","@type":"http://purl.org/sepses/vocab/log/wineventlog#WindowsEventLogEntry"}
{"source":"Microsoft-Windows-Security-Auditing","computerName":"VirtualWindows8","taskCategory":"File System","accessMask":"0x80","logName":"Security","@timestamp":"2018-10-03T10:08:44.218Z","objectServer":"Security","upCode":"Info","hasLogType":"wineventlog","originatesFrom":{"@id":"http://example.org/sepses#4c18c3ee-7c25-494d-87fe-e79a8298e930","hostName":{"name":"VirtualWindows8"},"@type":"rdf:nodeID"},"@id":"http://example.org/logEntry#logEntry-1d3d7d39-c58b-4a3d-97e8-9909b5d84655","accountName":"VirtualWindows8User","handleID":"0x1e4","@context":"http://sepses.ifs.tuwien.ac.at/contexts/wineventlog.jsonld","version":1,"processID":"0xafc","accesses":"%%4423\n\t\t\t\t","logMessage":"An attempt was made to access an object.\n\nSubject:\n\tSecurity ID:\t\tS-1-5-21-2361021202-3253521353-2316283985-1001\n\tAccount Name:\t\tVirtualWindows8User\n\tAccount Domain:\t\tVirtualWindows8\n\tLogon ID:\t\t0x108AF\n\nObject:\n\tObject Server:\t\tSecurity\n\tObject Type:\t\tFile\n\tObject Name:\t\tC:\\Users\\VirtualWindows8User\\UserDocuments\\wordpad_rename.rtf\n\tHandle ID:\t\t0x1e4\n\tResource Attributes:\tS:AI\n\nProcess Information:\n\tProcess ID:\t\t0xafc\n\tProcess Name:\t\tC:\\Program Files\\Windows NT\\Accessories\\wordpad.exe\n\nAccess Request Information:\n\tAccesses:\t\tReadAttributes\n\t\t\t\t\n\tAccess Mask:\t\t0x80","timestamp":"2018-10-03T10:08:44.218Z","resourceAttributes":"S:AI","eventID":4663,"level":"Information","keyword":["Audit Success"],"objectType":"File","objectName":"C:\\Users\\VirtualWindows8User\\UserDocuments\\wordpad_rename.rtf","processName":"C:\\Program Files\\Windows NT\\Accessories\\wordpad.exe","accountDomain":"VirtualWindows8","logonID":"0x108af","@type":"http://purl.org/sepses/vocab/log/wineventlog#WindowsEventLogEntry"}
{"source":"Microsoft-Windows-Security-Auditing","computerName":"VirtualWindows8","taskCategory":"File System","accessMask":"0x80","logName":"Security","@timestamp":"2018-10-03T10:08:47.202Z","objectServer":"Security","upCode":"Info","hasLogType":"wineventlog","originatesFrom":{"@id":"http://example.org/sepses#3ec7ce2c-fb0d-4801-9990-d3f2525e744f","hostName":{"name":"VirtualWindows8"},"@type":"rdf:nodeID"},"@id":"http://example.org/logEntry#logEntry-d6fcf080-f0c5-4327-b947-d93a805d9f79","accountName":"VirtualWindows8User","handleID":"0x348","@context":"http://sepses.ifs.tuwien.ac.at/contexts/wineventlog.jsonld","version":1,"processID":"0xafc","accesses":"%%4423\n\t\t\t\t","logMessage":"An attempt was made to access an object.\n\nSubject:\n\tSecurity ID:\t\tS-1-5-21-2361021202-3253521353-2316283985-1001\n\tAccount Name:\t\tVirtualWindows8User\n\tAccount Domain:\t\tVirtualWindows8\n\tLogon ID:\t\t0x108AF\n\nObject:\n\tObject Server:\t\tSecurity\n\tObject Type:\t\tFile\n\tObject Name:\t\tC:\\Users\\VirtualWindows8User\\UserDocuments\\wordpad_rename.rtf\n\tHandle ID:\t\t0x348\n\tResource Attributes:\tS:AI\n\nProcess Information:\n\tProcess ID:\t\t0xafc\n\tProcess Name:\t\tC:\\Program Files\\Windows NT\\Accessories\\wordpad.exe\n\nAccess Request Information:\n\tAccesses:\t\tReadAttributes\n\t\t\t\t\n\tAccess Mask:\t\t0x80","timestamp":"2018-10-03T10:08:47.202Z","resourceAttributes":"S:AI","eventID":4663,"level":"Information","keyword":["Audit Success"],"objectType":"File","objectName":"C:\\Users\\VirtualWindows8User\\UserDocuments\\wordpad_rename.rtf","processName":"C:\\Program Files\\Windows NT\\Accessories\\wordpad.exe","accountDomain":"VirtualWindows8","logonID":"0x108af","@type":"http://purl.org/sepses/vocab/log/wineventlog#WindowsEventLogEntry"}
{"source":"Microsoft-Windows-Security-Auditing","computerName":"VirtualWindows8","taskCategory":"File System","accessMask":"0x80","logName":"Security","@timestamp":"2018-10-03T10:08:47.219Z","objectServer":"Security","upCode":"Info","hasLogType":"wineventlog","originatesFrom":{"@id":"http://example.org/sepses#2848d076-7d88-4de7-935d-59de69d9d707","hostName":{"name":"VirtualWindows8"},"@type":"rdf:nodeID"},"@id":"http://example.org/logEntry#logEntry-b39550d3-b41a-4792-9024-eb0a32addc99","accountName":"VirtualWindows8User","handleID":"0x364","@context":"http://sepses.ifs.tuwien.ac.at/contexts/wineventlog.jsonld","version":1,"processID":"0xafc","accesses":"%%4423\n\t\t\t\t","logMessage":"An attempt was made to access an object.\n\nSubject:\n\tSecurity ID:\t\tS-1-5-21-2361021202-3253521353-2316283985-1001\n\tAccount Name:\t\tVirtualWindows8User\n\tAccount Domain:\t\tVirtualWindows8\n\tLogon ID:\t\t0x108AF\n\nObject:\n\tObject Server:\t\tSecurity\n\tObject Type:\t\tFile\n\tObject Name:\t\tC:\\Users\\VirtualWindows8User\\UserDocuments\\wordpad_rename.rtf\n\tHandle ID:\t\t0x364\n\tResource Attributes:\tS:AI\n\nProcess Information:\n\tProcess ID:\t\t0xafc\n\tProcess Name:\t\tC:\\Program Files\\Windows NT\\Accessories\\wordpad.exe\n\nAccess Request Information:\n\tAccesses:\t\tReadAttributes\n\t\t\t\t\n\tAccess Mask:\t\t0x80","timestamp":"2018-10-03T10:08:47.219Z","resourceAttributes":"S:AI","eventID":4663,"level":"Information","keyword":["Audit Success"],"objectType":"File","objectName":"C:\\Users\\VirtualWindows8User\\UserDocuments\\wordpad_rename.rtf","processName":"C:\\Program Files\\Windows NT\\Accessories\\wordpad.exe","accountDomain":"VirtualWindows8","logonID":"0x108af","@type":"http://purl.org/sepses/vocab/log/wineventlog#WindowsEventLogEntry"}
{"source":"Microsoft-Windows-Security-Auditing","computerName":"VirtualWindows8","taskCategory":"File System","accessMask":"0x80","logName":"Security","@timestamp":"2018-10-03T10:08:59.498Z","objectServer":"Security","upCode":"Info","hasLogType":"wineventlog","originatesFrom":{"@id":"http://example.org/sepses#241f3852-ca24-408b-bfbc-9a1b60abea31","hostName":{"name":"VirtualWindows8"},"@type":"rdf:nodeID"},"@id":"http://example.org/logEntry#logEntry-f6f2d273-c998-47f0-a765-572aa195482f","accountName":"VirtualWindows8User","handleID":"0x1d4","@context":"http://sepses.ifs.tuwien.ac.at/contexts/wineventlog.jsonld","version":1,"processID":"0xafc","accesses":"%%4423\n\t\t\t\t","logMessage":"An attempt was made to access an object.\n\nSubject:\n\tSecurity ID:\t\tS-1-5-21-2361021202-3253521353-2316283985-1001\n\tAccount Name:\t\tVirtualWindows8User\n\tAccount Domain:\t\tVirtualWindows8\n\tLogon ID:\t\t0x108AF\n\nObject:\n\tObject Server:\t\tSecurity\n\tObject Type:\t\tFile\n\tObject Name:\t\tC:\\Users\\VirtualWindows8User\\UserDocuments\\wordpad_rename.rtf\n\tHandle ID:\t\t0x1d4\n\tResource Attributes:\tS:AI\n\nProcess Information:\n\tProcess ID:\t\t0xafc\n\tProcess Name:\t\tC:\\Program Files\\Windows NT\\Accessories\\wordpad.exe\n\nAccess Request Information:\n\tAccesses:\t\tReadAttributes\n\t\t\t\t\n\tAccess Mask:\t\t0x80","timestamp":"2018-10-03T10:08:59.498Z","resourceAttributes":"S:AI","eventID":4663,"level":"Information","keyword":["Audit Success"],"objectType":"File","objectName":"C:\\Users\\VirtualWindows8User\\UserDocuments\\wordpad_rename.rtf","processName":"C:\\Program Files\\Windows NT\\Accessories\\wordpad.exe","accountDomain":"VirtualWindows8","logonID":"0x108af","@type":"http://purl.org/sepses/vocab/log/wineventlog#WindowsEventLogEntry"}
{"source":"Microsoft-Windows-Security-Auditing","computerName":"VirtualWindows8","taskCategory":"File System","accessMask":"0x2","logName":"Security","@timestamp":"2018-10-03T10:08:59.498Z","objectServer":"Security","upCode":"Info","hasLogType":"wineventlog","originatesFrom":{"@id":"http://example.org/sepses#43037974-d66b-4fc1-8bbc-bcd1559785f0","hostName":{"name":"VirtualWindows8"},"@type":"rdf:nodeID"},"@id":"http://example.org/logEntry#logEntry-c91f7d34-d33b-418a-a13f-7d55ab3b4ec9","accountName":"VirtualWindows8User","handleID":"0x1d4","@context":"http://sepses.ifs.tuwien.ac.at/contexts/wineventlog.jsonld","version":1,"processID":"0xafc","accesses":"%%4417\n\t\t\t\t","logMessage":"An attempt was made to access an object.\n\nSubject:\n\tSecurity ID:\t\tS-1-5-21-2361021202-3253521353-2316283985-1001\n\tAccount Name:\t\tVirtualWindows8User\n\tAccount Domain:\t\tVirtualWindows8\n\tLogon ID:\t\t0x108AF\n\nObject:\n\tObject Server:\t\tSecurity\n\tObject Type:\t\tFile\n\tObject Name:\t\tC:\\Users\\VirtualWindows8User\\UserDocuments\\wordpad_rename.rtf\n\tHandle ID:\t\t0x1d4\n\tResource Attributes:\tS:AI\n\nProcess Information:\n\tProcess ID:\t\t0xafc\n\tProcess Name:\t\tC:\\Program Files\\Windows NT\\Accessories\\wordpad.exe\n\nAccess Request Information:\n\tAccesses:\t\tWriteData (or AddFile)\n\t\t\t\t\n\tAccess Mask:\t\t0x2","timestamp":"2018-10-03T10:08:59.498Z","resourceAttributes":"S:AI","eventID":4663,"level":"Information","keyword":["Audit Success"],"objectType":"File","objectName":"C:\\Users\\VirtualWindows8User\\UserDocuments\\wordpad_rename.rtf","processName":"C:\\Program Files\\Windows NT\\Accessories\\wordpad.exe","accountDomain":"VirtualWindows8","logonID":"0x108af","@type":"http://purl.org/sepses/vocab/log/wineventlog#WindowsEventLogEntry"}
{"source":"Microsoft-Windows-Security-Auditing","computerName":"VirtualWindows8","taskCategory":"File System","accessMask":"0x80","logName":"Security","@timestamp":"2018-10-03T10:09:00.546Z","objectServer":"Security","upCode":"Info","hasLogType":"wineventlog","originatesFrom":{"@id":"http://example.org/sepses#ed13c9f9-536c-40be-a22a-90d644bac866","hostName":{"name":"VirtualWindows8"},"@type":"rdf:nodeID"},"@id":"http://example.org/logEntry#logEntry-852449f5-cd9d-4473-a50a-0e2c2c9aa251","accountName":"VirtualWindows8User","handleID":"0x1f38","@context":"http://sepses.ifs.tuwien.ac.at/contexts/wineventlog.jsonld","version":1,"processID":"0x6ec","accesses":"%%4423\n\t\t\t\t","logMessage":"An attempt was made to access an object.\n\nSubject:\n\tSecurity ID:\t\tS-1-5-21-2361021202-3253521353-2316283985-1001\n\tAccount Name:\t\tVirtualWindows8User\n\tAccount Domain:\t\tVirtualWindows8\n\tLogon ID:\t\t0x108AF\n\nObject:\n\tObject Server:\t\tSecurity\n\tObject Type:\t\tFile\n\tObject Name:\t\tC:\\Users\\VirtualWindows8User\\UserDocuments\n\tHandle ID:\t\t0x1f38\n\tResource Attributes:\tS:AI\n\nProcess Information:\n\tProcess ID:\t\t0x6ec\n\tProcess Name:\t\tC:\\Windows\\explorer.exe\n\nAccess Request Information:\n\tAccesses:\t\tReadAttributes\n\t\t\t\t\n\tAccess Mask:\t\t0x80","timestamp":"2018-10-03T10:09:00.546Z","resourceAttributes":"S:AI","eventID":4663,"level":"Information","keyword":["Audit Success"],"objectType":"File","objectName":"C:\\Users\\VirtualWindows8User\\UserDocuments","processName":"C:\\Windows\\explorer.exe","accountDomain":"VirtualWindows8","logonID":"0x108af","@type":"http://purl.org/sepses/vocab/log/wineventlog#WindowsEventLogEntry"}
{"source":"Microsoft-Windows-Security-Auditing","computerName":"VirtualWindows8","taskCategory":"File System","accessMask":"0x80","logName":"Security","@timestamp":"2018-10-03T10:09:00.546Z","objectServer":"Security","upCode":"Info","hasLogType":"wineventlog","originatesFrom":{"@id":"http://example.org/sepses#28a451dd-7760-40d3-9475-37fcd3de88fe","hostName":{"name":"VirtualWindows8"},"@type":"rdf:nodeID"},"@id":"http://example.org/logEntry#logEntry-a5806149-d166-45a9-beec-1e2411752033","accountName":"VirtualWindows8User","handleID":"0x1f38","@context":"http://sepses.ifs.tuwien.ac.at/contexts/wineventlog.jsonld","version":1,"processID":"0x6ec","accesses":"%%4423\n\t\t\t\t","logMessage":"An attempt was made to access an object.\n\nSubject:\n\tSecurity ID:\t\tS-1-5-21-2361021202-3253521353-2316283985-1001\n\tAccount Name:\t\tVirtualWindows8User\n\tAccount Domain:\t\tVirtualWindows8\n\tLogon ID:\t\t0x108AF\n\nObject:\n\tObject Server:\t\tSecurity\n\tObject Type:\t\tFile\n\tObject Name:\t\tC:\\Users\\VirtualWindows8User\\UserDocuments\n\tHandle ID:\t\t0x1f38\n\tResource Attributes:\tS:AI\n\nProcess Information:\n\tProcess ID:\t\t0x6ec\n\tProcess Name:\t\tC:\\Windows\\explorer.exe\n\nAccess Request Information:\n\tAccesses:\t\tReadAttributes\n\t\t\t\t\n\tAccess Mask:\t\t0x80","timestamp":"2018-10-03T10:09:00.546Z","resourceAttributes":"S:AI","eventID":4663,"level":"Information","keyword":["Audit Success"],"objectType":"File","objectName":"C:\\Users\\VirtualWindows8User\\UserDocuments","processName":"C:\\Windows\\explorer.exe","accountDomain":"VirtualWindows8","logonID":"0x108af","@type":"http://purl.org/sepses/vocab/log/wineventlog#WindowsEventLogEntry"}
{"source":"Microsoft-Windows-Security-Auditing","computerName":"VirtualWindows8","taskCategory":"File System","accessMask":"0x80","logName":"Security","@timestamp":"2018-10-03T10:09:00.592Z","objectServer":"Security","upCode":"Info","hasLogType":"wineventlog","originatesFrom":{"@id":"http://example.org/sepses#3340129d-7c4f-4f88-af45-810994df0feb","hostName":{"name":"VirtualWindows8"},"@type":"rdf:nodeID"},"@id":"http://example.org/logEntry#logEntry-f9dcf01e-ae4e-4a44-8b1a-2a2656fd8497","accountName":"VirtualWindows8User","handleID":"0x1c30","@context":"http://sepses.ifs.tuwien.ac.at/contexts/wineventlog.jsonld","version":1,"processID":"0x6ec","accesses":"%%4423\n\t\t\t\t","logMessage":"An attempt was made to access an object.\n\nSubject:\n\tSecurity ID:\t\tS-1-5-21-2361021202-3253521353-2316283985-1001\n\tAccount Name:\t\tVirtualWindows8User\n\tAccount Domain:\t\tVirtualWindows8\n\tLogon ID:\t\t0x108AF\n\nObject:\n\tObject Server:\t\tSecurity\n\tObject Type:\t\tFile\n\tObject Name:\t\tC:\\Users\\VirtualWindows8User\\UserDocuments\n\tHandle ID:\t\t0x1c30\n\tResource Attributes:\tS:AI\n\nProcess Information:\n\tProcess ID:\t\t0x6ec\n\tProcess Name:\t\tC:\\Windows\\explorer.exe\n\nAccess Request Information:\n\tAccesses:\t\tReadAttributes\n\t\t\t\t\n\tAccess Mask:\t\t0x80","timestamp":"2018-10-03T10:09:00.592Z","resourceAttributes":"S:AI","eventID":4663,"level":"Information","keyword":["Audit Success"],"objectType":"File","objectName":"C:\\Users\\VirtualWindows8User\\UserDocuments","processName":"C:\\Windows\\explorer.exe","accountDomain":"VirtualWindows8","logonID":"0x108af","@type":"http://purl.org/sepses/vocab/log/wineventlog#WindowsEventLogEntry"}
{"source":"Microsoft-Windows-Security-Auditing","computerName":"VirtualWindows8","taskCategory":"File System","accessMask":"0x80","logName":"Security","@timestamp":"2018-10-03T10:09:00.592Z","objectServer":"Security","upCode":"Info","hasLogType":"wineventlog","originatesFrom":{"@id":"http://example.org/sepses#8286b164-2551-423d-b715-84be678904d3","hostName":{"name":"VirtualWindows8"},"@type":"rdf:nodeID"},"@id":"http://example.org/logEntry#logEntry-cc4e2c14-8941-4ba9-b1ac-bdbafdac33e9","accountName":"VirtualWindows8User","handleID":"0x1c30","@context":"http://sepses.ifs.tuwien.ac.at/contexts/wineventlog.jsonld","version":1,"processID":"0x6ec","accesses":"%%4423\n\t\t\t\t","logMessage":"An attempt was made to access an object.\n\nSubject:\n\tSecurity ID:\t\tS-1-5-21-2361021202-3253521353-2316283985-1001\n\tAccount Name:\t\tVirtualWindows8User\n\tAccount Domain:\t\tVirtualWindows8\n\tLogon ID:\t\t0x108AF\n\nObject:\n\tObject Server:\t\tSecurity\n\tObject Type:\t\tFile\n\tObject Name:\t\tC:\\Users\\VirtualWindows8User\\UserDocuments\n\tHandle ID:\t\t0x1c30\n\tResource Attributes:\tS:AI\n\nProcess Information:\n\tProcess ID:\t\t0x6ec\n\tProcess Name:\t\tC:\\Windows\\explorer.exe\n\nAccess Request Information:\n\tAccesses:\t\tReadAttributes\n\t\t\t\t\n\tAccess Mask:\t\t0x80","timestamp":"2018-10-03T10:09:00.592Z","resourceAttributes":"S:AI","eventID":4663,"level":"Information","keyword":["Audit Success"],"objectType":"File","objectName":"C:\\Users\\VirtualWindows8User\\UserDocuments","processName":"C:\\Windows\\explorer.exe","accountDomain":"VirtualWindows8","logonID":"0x108af","@type":"http://purl.org/sepses/vocab/log/wineventlog#WindowsEventLogEntry"}
{"source":"Microsoft-Windows-Security-Auditing","computerName":"VirtualWindows8","taskCategory":"File System","accessMask":"0x80","logName":"Security","@timestamp":"2018-10-03T10:09:16.842Z","objectServer":"Security","upCode":"Info","hasLogType":"wineventlog","originatesFrom":{"@id":"http://example.org/sepses#d1982db7-70e4-4eea-827b-2a126fee7163","hostName":{"name":"VirtualWindows8"},"@type":"rdf:nodeID"},"@id":"http://example.org/logEntry#logEntry-4fbbd17b-4d7f-43c2-ae33-b13ed2edf03a","accountName":"VirtualWindows8User","handleID":"0x1e98","@context":"http://sepses.ifs.tuwien.ac.at/contexts/wineventlog.jsonld","version":1,"processID":"0x6ec","accesses":"%%4423\n\t\t\t\t","logMessage":"An attempt was made to access an object.\n\nSubject:\n\tSecurity ID:\t\tS-1-5-21-2361021202-3253521353-2316283985-1001\n\tAccount Name:\t\tVirtualWindows8User\n\tAccount Domain:\t\tVirtualWindows8\n\tLogon ID:\t\t0x108AF\n\nObject:\n\tObject Server:\t\tSecurity\n\tObject Type:\t\tFile\n\tObject Name:\t\tC:\\Users\\VirtualWindows8User\\Links\\Dropbox.lnk\n\tHandle ID:\t\t0x1e98\n\tResource Attributes:\tS:AI\n\nProcess Information:\n\tProcess ID:\t\t0x6ec\n\tProcess Name:\t\tC:\\Windows\\explorer.exe\n\nAccess Request Information:\n\tAccesses:\t\tReadAttributes\n\t\t\t\t\n\tAccess Mask:\t\t0x80","timestamp":"2018-10-03T10:09:16.842Z","resourceAttributes":"S:AI","eventID":4663,"level":"Information","keyword":["Audit Success"],"objectType":"File","objectName":"C:\\Users\\VirtualWindows8User\\Links\\Dropbox.lnk","processName":"C:\\Windows\\explorer.exe","accountDomain":"VirtualWindows8","logonID":"0x108af","@type":"http://purl.org/sepses/vocab/log/wineventlog#WindowsEventLogEntry"}
{"source":"Microsoft-Windows-Security-Auditing","computerName":"VirtualWindows8","taskCategory":"File System","accessMask":"0x80","logName":"Security","@timestamp":"2018-10-03T10:09:16.874Z","objectServer":"Security","upCode":"Info","hasLogType":"wineventlog","originatesFrom":{"@id":"http://example.org/sepses#8c3525d4-aaa0-4df5-97d6-afa58eec18d4","hostName":{"name":"VirtualWindows8"},"@type":"rdf:nodeID"},"@id":"http://example.org/logEntry#logEntry-d8ee9642-f30d-4792-9483-c2b7cb5ec3c2","accountName":"VirtualWindows8User","handleID":"0x1898","@context":"http://sepses.ifs.tuwien.ac.at/contexts/wineventlog.jsonld","version":1,"processID":"0x6ec","accesses":"%%4423\n\t\t\t\t","logMessage":"An attempt was made to access an object.\n\nSubject:\n\tSecurity ID:\t\tS-1-5-21-2361021202-3253521353-2316283985-1001\n\tAccount Name:\t\tVirtualWindows8User\n\tAccount Domain:\t\tVirtualWindows8\n\tLogon ID:\t\t0x108AF\n\nObject:\n\tObject Server:\t\tSecurity\n\tObject Type:\t\tFile\n\tObject Name:\t\tC:\\Users\\VirtualWindows8User\\Dropbox\\desktop.ini\n\tHandle ID:\t\t0x1898\n\tResource Attributes:\tS:AI\n\nProcess Information:\n\tProcess ID:\t\t0x6ec\n\tProcess Name:\t\tC:\\Windows\\explorer.exe\n\nAccess Request Information:\n\tAccesses:\t\tReadAttributes\n\t\t\t\t\n\tAccess Mask:\t\t0x80","timestamp":"2018-10-03T10:09:16.874Z","resourceAttributes":"S:AI","eventID":4663,"level":"Information","keyword":["Audit Success"],"objectType":"File","objectName":"C:\\Users\\VirtualWindows8User\\Dropbox\\desktop.ini","processName":"C:\\Windows\\explorer.exe","accountDomain":"VirtualWindows8","logonID":"0x108af","@type":"http://purl.org/sepses/vocab/log/wineventlog#WindowsEventLogEntry"}
{"source":"Microsoft-Windows-Security-Auditing","computerName":"VirtualWindows8","taskCategory":"File System","accessMask":"0x80","logName":"Security","@timestamp":"2018-10-03T10:09:16.874Z","objectServer":"Security","upCode":"Info","hasLogType":"wineventlog","originatesFrom":{"@id":"http://example.org/sepses#373ef65a-032b-4b39-bdb3-8d831e87e13f","hostName":{"name":"VirtualWindows8"},"@type":"rdf:nodeID"},"@id":"http://example.org/logEntry#logEntry-b91eab62-578f-4c16-810d-a381d3a7bc01","accountName":"VirtualWindows8User","handleID":"0x17d0","@context":"http://sepses.ifs.tuwien.ac.at/contexts/wineventlog.jsonld","version":1,"processID":"0x6ec","accesses":"%%4423\n\t\t\t\t","logMessage":"An attempt was made to access an object.\n\nSubject:\n\tSecurity ID:\t\tS-1-5-21-2361021202-3253521353-2316283985-1001\n\tAccount Name:\t\tVirtualWindows8User\n\tAccount Domain:\t\tVirtualWindows8\n\tLogon ID:\t\t0x108AF\n\nObject:\n\tObject Server:\t\tSecurity\n\tObject Type:\t\tFile\n\tObject Name:\t\tC:\\Users\\VirtualWindows8User\\Dropbox\n\tHandle ID:\t\t0x17d0\n\tResource Attributes:\tS:AI\n\nProcess Information:\n\tProcess ID:\t\t0x6ec\n\tProcess Name:\t\tC:\\Windows\\explorer.exe\n\nAccess Request Information:\n\tAccesses:\t\tReadAttributes\n\t\t\t\t\n\tAccess Mask:\t\t0x80","timestamp":"2018-10-03T10:09:16.874Z","resourceAttributes":"S:AI","eventID":4663,"level":"Information","keyword":["Audit Success"],"objectType":"File","objectName":"C:\\Users\\VirtualWindows8User\\Dropbox","processName":"C:\\Windows\\explorer.exe","accountDomain":"VirtualWindows8","logonID":"0x108af","@type":"http://purl.org/sepses/vocab/log/wineventlog#WindowsEventLogEntry"}
{"source":"Microsoft-Windows-Security-Auditing","computerName":"VirtualWindows8","taskCategory":"File System","accessMask":"0x80","logName":"Security","@timestamp":"2018-10-03T10:09:16.874Z","objectServer":"Security","upCode":"Info","hasLogType":"wineventlog","originatesFrom":{"@id":"http://example.org/sepses#4a82c221-ae0b-43b4-9006-ea00b51ce9d3","hostName":{"name":"VirtualWindows8"},"@type":"rdf:nodeID"},"@id":"http://example.org/logEntry#logEntry-9b826cf0-f958-419c-8da0-f353c6b3f484","accountName":"VirtualWindows8User","handleID":"0x1ef8","@context":"http://sepses.ifs.tuwien.ac.at/contexts/wineventlog.jsonld","version":1,"processID":"0x6ec","accesses":"%%4423\n\t\t\t\t","logMessage":"An attempt was made to access an object.\n\nSubject:\n\tSecurity ID:\t\tS-1-5-21-2361021202-3253521353-2316283985-1001\n\tAccount Name:\t\tVirtualWindows8User\n\tAccount Domain:\t\tVirtualWindows8\n\tLogon ID:\t\t0x108AF\n\nObject:\n\tObject Server:\t\tSecurity\n\tObject Type:\t\tFile\n\tObject Name:\t\tC:\\Users\\VirtualWindows8User\\Dropbox\n\tHandle ID:\t\t0x1ef8\n\tResource Attributes:\tS:AI\n\nProcess Information:\n\tProcess ID:\t\t0x6ec\n\tProcess Name:\t\tC:\\Windows\\explorer.exe\n\nAccess Request Information:\n\tAccesses:\t\tReadAttributes\n\t\t\t\t\n\tAccess Mask:\t\t0x80","timestamp":"2018-10-03T10:09:16.874Z","resourceAttributes":"S:AI","eventID":4663,"level":"Information","keyword":["Audit Success"],"objectType":"File","objectName":"C:\\Users\\VirtualWindows8User\\Dropbox","processName":"C:\\Windows\\explorer.exe","accountDomain":"VirtualWindows8","logonID":"0x108af","@type":"http://purl.org/sepses/vocab/log/wineventlog#WindowsEventLogEntry"}
{"source":"Microsoft-Windows-Security-Auditing","computerName":"VirtualWindows8","taskCategory":"File System","accessMask":"0x80","logName":"Security","@timestamp":"2018-10-03T10:09:16.905Z","objectServer":"Security","upCode":"Info","hasLogType":"wineventlog","originatesFrom":{"@id":"http://example.org/sepses#f63cee51-468d-435c-ac01-02e57f2e100f","hostName":{"name":"VirtualWindows8"},"@type":"rdf:nodeID"},"@id":"http://example.org/logEntry#logEntry-28492939-7d6c-4b31-9f79-614785869ba6","accountName":"VirtualWindows8User","handleID":"0x1f9c","@context":"http://sepses.ifs.tuwien.ac.at/contexts/wineventlog.jsonld","version":1,"processID":"0x6ec","accesses":"%%4423\n\t\t\t\t","logMessage":"An attempt was made to access an object.\n\nSubject:\n\tSecurity ID:\t\tS-1-5-21-2361021202-3253521353-2316283985-1001\n\tAccount Name:\t\tVirtualWindows8User\n\tAccount Domain:\t\tVirtualWindows8\n\tLogon ID:\t\t0x108AF\n\nObject:\n\tObject Server:\t\tSecurity\n\tObject Type:\t\tFile\n\tObject Name:\t\tC:\\Users\\VirtualWindows8User\\Links\\Dropbox.lnk\n\tHandle ID:\t\t0x1f9c\n\tResource Attributes:\tS:AI\n\nProcess Information:\n\tProcess ID:\t\t0x6ec\n\tProcess Name:\t\tC:\\Windows\\explorer.exe\n\nAccess Request Information:\n\tAccesses:\t\tReadAttributes\n\t\t\t\t\n\tAccess Mask:\t\t0x80","timestamp":"2018-10-03T10:09:16.905Z","resourceAttributes":"S:AI","eventID":4663,"level":"Information","keyword":["Audit Success"],"objectType":"File","objectName":"C:\\Users\\VirtualWindows8User\\Links\\Dropbox.lnk","processName":"C:\\Windows\\explorer.exe","accountDomain":"VirtualWindows8","logonID":"0x108af","@type":"http://purl.org/sepses/vocab/log/wineventlog#WindowsEventLogEntry"}
{"source":"Microsoft-Windows-Security-Auditing","computerName":"VirtualWindows8","taskCategory":"File System","accessMask":"0x80","logName":"Security","@timestamp":"2018-10-03T10:09:16.920Z","objectServer":"Security","upCode":"Info","hasLogType":"wineventlog","originatesFrom":{"@id":"http://example.org/sepses#5fbad534-9a25-446a-b21d-6c4e33a8c758","hostName":{"name":"VirtualWindows8"},"@type":"rdf:nodeID"},"@id":"http://example.org/logEntry#logEntry-aa850f7c-1b10-46d4-80a6-0fda35ab9fae","accountName":"VirtualWindows8User","handleID":"0x1f9c","@context":"http://sepses.ifs.tuwien.ac.at/contexts/wineventlog.jsonld","version":1,"processID":"0x6ec","accesses":"%%4423\n\t\t\t\t","logMessage":"An attempt was made to access an object.\n\nSubject:\n\tSecurity ID:\t\tS-1-5-21-2361021202-3253521353-2316283985-1001\n\tAccount Name:\t\tVirtualWindows8User\n\tAccount Domain:\t\tVirtualWindows8\n\tLogon ID:\t\t0x108AF\n\nObject:\n\tObject Server:\t\tSecurity\n\tObject Type:\t\tFile\n\tObject Name:\t\tC:\\Users\\VirtualWindows8User\\Links\\Dropbox.lnk\n\tHandle ID:\t\t0x1f9c\n\tResource Attributes:\tS:AI\n\nProcess Information:\n\tProcess ID:\t\t0x6ec\n\tProcess Name:\t\tC:\\Windows\\explorer.exe\n\nAccess Request Information:\n\tAccesses:\t\tReadAttributes\n\t\t\t\t\n\tAccess Mask:\t\t0x80","timestamp":"2018-10-03T10:09:16.920Z","resourceAttributes":"S:AI","eventID":4663,"level":"Information","keyword":["Audit Success"],"objectType":"File","objectName":"C:\\Users\\VirtualWindows8User\\Links\\Dropbox.lnk","processName":"C:\\Windows\\explorer.exe","accountDomain":"VirtualWindows8","logonID":"0x108af","@type":"http://purl.org/sepses/vocab/log/wineventlog#WindowsEventLogEntry"}
{"source":"Microsoft-Windows-Security-Auditing","computerName":"VirtualWindows8","taskCategory":"File System","accessMask":"0x80","logName":"Security","@timestamp":"2018-10-03T10:09:16.920Z","objectServer":"Security","upCode":"Info","hasLogType":"wineventlog","originatesFrom":{"@id":"http://example.org/sepses#782e98a7-f79a-44ca-acc8-dc3bbf3a2a70","hostName":{"name":"VirtualWindows8"},"@type":"rdf:nodeID"},"@id":"http://example.org/logEntry#logEntry-feae4003-9a8a-4a4c-87a0-58491dd9d2eb","accountName":"VirtualWindows8User","handleID":"0x1f9c","@context":"http://sepses.ifs.tuwien.ac.at/contexts/wineventlog.jsonld","version":1,"processID":"0x6ec","accesses":"%%4423\n\t\t\t\t","logMessage":"An attempt was made to access an object.\n\nSubject:\n\tSecurity ID:\t\tS-1-5-21-2361021202-3253521353-2316283985-1001\n\tAccount Name:\t\tVirtualWindows8User\n\tAccount Domain:\t\tVirtualWindows8\n\tLogon ID:\t\t0x108AF\n\nObject:\n\tObject Server:\t\tSecurity\n\tObject Type:\t\tFile\n\tObject Name:\t\tC:\\Users\\VirtualWindows8User\\Links\\Dropbox.lnk\n\tHandle ID:\t\t0x1f9c\n\tResource Attributes:\tS:AI\n\nProcess Information:\n\tProcess ID:\t\t0x6ec\n\tProcess Name:\t\tC:\\Windows\\explorer.exe\n\nAccess Request Information:\n\tAccesses:\t\tReadAttributes\n\t\t\t\t\n\tAccess Mask:\t\t0x80","timestamp":"2018-10-03T10:09:16.920Z","resourceAttributes":"S:AI","eventID":4663,"level":"Information","keyword":["Audit Success"],"objectType":"File","objectName":"C:\\Users\\VirtualWindows8User\\Links\\Dropbox.lnk","processName":"C:\\Windows\\explorer.exe","accountDomain":"VirtualWindows8","logonID":"0x108af","@type":"http://purl.org/sepses/vocab/log/wineventlog#WindowsEventLogEntry"}
{"source":"Microsoft-Windows-Security-Auditing","computerName":"VirtualWindows8","taskCategory":"File System","accessMask":"0x80","logName":"Security","@timestamp":"2018-10-03T10:09:16.968Z","objectServer":"Security","upCode":"Info","hasLogType":"wineventlog","originatesFrom":{"@id":"http://example.org/sepses#71f69330-cb64-4de9-a703-bb12c880e409","hostName":{"name":"VirtualWindows8"},"@type":"rdf:nodeID"},"@id":"http://example.org/logEntry#logEntry-8539deea-2183-4b9c-b726-241158830c4d","accountName":"VirtualWindows8User","handleID":"0x2004","@context":"http://sepses.ifs.tuwien.ac.at/contexts/wineventlog.jsonld","version":1,"processID":"0x6ec","accesses":"%%4423\n\t\t\t\t","logMessage":"An attempt was made to access an object.\n\nSubject:\n\tSecurity ID:\t\tS-1-5-21-2361021202-3253521353-2316283985-1001\n\tAccount Name:\t\tVirtualWindows8User\n\tAccount Domain:\t\tVirtualWindows8\n\tLogon ID:\t\t0x108AF\n\nObject:\n\tObject Server:\t\tSecurity\n\tObject Type:\t\tFile\n\tObject Name:\t\tC:\\Users\\VirtualWindows8User\\Links\\Dropbox.lnk\n\tHandle ID:\t\t0x2004\n\tResource Attributes:\tS:AI\n\nProcess Information:\n\tProcess ID:\t\t0x6ec\n\tProcess Name:\t\tC:\\Windows\\explorer.exe\n\nAccess Request Information:\n\tAccesses:\t\tReadAttributes\n\t\t\t\t\n\tAccess Mask:\t\t0x80","timestamp":"2018-10-03T10:09:16.968Z","resourceAttributes":"S:AI","eventID":4663,"level":"Information","keyword":["Audit Success"],"objectType":"File","objectName":"C:\\Users\\VirtualWindows8User\\Links\\Dropbox.lnk","processName":"C:\\Windows\\explorer.exe","accountDomain":"VirtualWindows8","logonID":"0x108af","@type":"http://purl.org/sepses/vocab/log/wineventlog#WindowsEventLogEntry"}
{"source":"Microsoft-Windows-Security-Auditing","computerName":"VirtualWindows8","taskCategory":"File System","accessMask":"0x80","logName":"Security","@timestamp":"2018-10-03T10:09:16.983Z","objectServer":"Security","upCode":"Info","hasLogType":"wineventlog","originatesFrom":{"@id":"http://example.org/sepses#5d4a504d-a88c-4f16-9636-6e91c7a258bf","hostName":{"name":"VirtualWindows8"},"@type":"rdf:nodeID"},"@id":"http://example.org/logEntry#logEntry-d118d716-0073-4c86-a778-16385b767b69","accountName":"VirtualWindows8User","handleID":"0x1f38","@context":"http://sepses.ifs.tuwien.ac.at/contexts/wineventlog.jsonld","version":1,"processID":"0x6ec","accesses":"%%4423\n\t\t\t\t","logMessage":"An attempt was made to access an object.\n\nSubject:\n\tSecurity ID:\t\tS-1-5-21-2361021202-3253521353-2316283985-1001\n\tAccount Name:\t\tVirtualWindows8User\n\tAccount Domain:\t\tVirtualWindows8\n\tLogon ID:\t\t0x108AF\n\nObject:\n\tObject Server:\t\tSecurity\n\tObject Type:\t\tFile\n\tObject Name:\t\tC:\\Users\\VirtualWindows8User\\Dropbox\n\tHandle ID:\t\t0x1f38\n\tResource Attributes:\tS:AI\n\nProcess Information:\n\tProcess ID:\t\t0x6ec\n\tProcess Name:\t\tC:\\Windows\\explorer.exe\n\nAccess Request Information:\n\tAccesses:\t\tReadAttributes\n\t\t\t\t\n\tAccess Mask:\t\t0x80","timestamp":"2018-10-03T10:09:16.983Z","resourceAttributes":"S:AI","eventID":4663,"level":"Information","keyword":["Audit Success"],"objectType":"File","objectName":"C:\\Users\\VirtualWindows8User\\Dropbox","processName":"C:\\Windows\\explorer.exe","accountDomain":"VirtualWindows8","logonID":"0x108af","@type":"http://purl.org/sepses/vocab/log/wineventlog#WindowsEventLogEntry"}
{"source":"Microsoft-Windows-Security-Auditing","computerName":"VirtualWindows8","taskCategory":"File System","accessMask":"0x80","logName":"Security","@timestamp":"2018-10-03T10:09:16.998Z","objectServer":"Security","upCode":"Info","hasLogType":"wineventlog","originatesFrom":{"@id":"http://example.org/sepses#67f3be27-52f6-496d-8a21-eeb1e6931a9a","hostName":{"name":"VirtualWindows8"},"@type":"rdf:nodeID"},"@id":"http://example.org/logEntry#logEntry-cf777a92-a737-455b-8aa8-183fcc602c0b","accountName":"VirtualWindows8User","handleID":"0x1f38","@context":"http://sepses.ifs.tuwien.ac.at/contexts/wineventlog.jsonld","version":1,"processID":"0x6ec","accesses":"%%4423\n\t\t\t\t","logMessage":"An attempt was made to access an object.\n\nSubject:\n\tSecurity ID:\t\tS-1-5-21-2361021202-3253521353-2316283985-1001\n\tAccount Name:\t\tVirtualWindows8User\n\tAccount Domain:\t\tVirtualWindows8\n\tLogon ID:\t\t0x108AF\n\nObject:\n\tObject Server:\t\tSecurity\n\tObject Type:\t\tFile\n\tObject Name:\t\tC:\\Users\\VirtualWindows8User\\Dropbox\n\tHandle ID:\t\t0x1f38\n\tResource Attributes:\tS:AI\n\nProcess Information:\n\tProcess ID:\t\t0x6ec\n\tProcess Name:\t\tC:\\Windows\\explorer.exe\n\nAccess Request Information:\n\tAccesses:\t\tReadAttributes\n\t\t\t\t\n\tAccess Mask:\t\t0x80","timestamp":"2018-10-03T10:09:16.998Z","resourceAttributes":"S:AI","eventID":4663,"level":"Information","keyword":["Audit Success"],"objectType":"File","objectName":"C:\\Users\\VirtualWindows8User\\Dropbox","processName":"C:\\Windows\\explorer.exe","accountDomain":"VirtualWindows8","logonID":"0x108af","@type":"http://purl.org/sepses/vocab/log/wineventlog#WindowsEventLogEntry"}
{"source":"Microsoft-Windows-Security-Auditing","computerName":"VirtualWindows8","taskCategory":"File System","accessMask":"0x80","logName":"Security","@timestamp":"2018-10-03T10:09:17.061Z","objectServer":"Security","upCode":"Info","hasLogType":"wineventlog","originatesFrom":{"@id":"http://example.org/sepses#fb368652-5910-4f4c-9043-e2df9404de32","hostName":{"name":"VirtualWindows8"},"@type":"rdf:nodeID"},"@id":"http://example.org/logEntry#logEntry-1e5bb2da-a998-45c7-b0de-4b9dde9fe581","accountName":"VirtualWindows8User","handleID":"0x1eb4","@context":"http://sepses.ifs.tuwien.ac.at/contexts/wineventlog.jsonld","version":1,"processID":"0x6ec","accesses":"%%4423\n\t\t\t\t","logMessage":"An attempt was made to access an object.\n\nSubject:\n\tSecurity ID:\t\tS-1-5-21-2361021202-3253521353-2316283985-1001\n\tAccount Name:\t\tVirtualWindows8User\n\tAccount Domain:\t\tVirtualWindows8\n\tLogon ID:\t\t0x108AF\n\nObject:\n\tObject Server:\t\tSecurity\n\tObject Type:\t\tFile\n\tObject Name:\t\tC:\\Users\\VirtualWindows8User\\Dropbox\n\tHandle ID:\t\t0x1eb4\n\tResource Attributes:\tS:AI\n\nProcess Information:\n\tProcess ID:\t\t0x6ec\n\tProcess Name:\t\tC:\\Windows\\explorer.exe\n\nAccess Request Information:\n\tAccesses:\t\tReadAttributes\n\t\t\t\t\n\tAccess Mask:\t\t0x80","timestamp":"2018-10-03T10:09:17.061Z","resourceAttributes":"S:AI","eventID":4663,"level":"Information","keyword":["Audit Success"],"objectType":"File","objectName":"C:\\Users\\VirtualWindows8User\\Dropbox","processName":"C:\\Windows\\explorer.exe","accountDomain":"VirtualWindows8","logonID":"0x108af","@type":"http://purl.org/sepses/vocab/log/wineventlog#WindowsEventLogEntry"}
