{"accountName":"Virtual Windows 10","eventID":4663,"accessMask":"0x80","level":"Information","objectName":"C:\\Users\\Virtual Windows 10\\Dropbox","accountDomain":"DESKTOP-MAC610T","accesses":"%%4423\n\t\t\t\t","resourceAttributes":"S:AI","keyword":["Audit Success"],"objectType":"File","handleID":"0x12a8","timestamp":"2018-08-29T11:54:53.618Z","logonID":"0x238ef","@id":"http://example.org/logEntry#logEntry-d68fa63d-9d29-4082-8400-8db26956dcb4","@context":"http://sepses.ifs.tuwien.ac.at/contexts/wineventlog.jsonld","processName":"C:\\Windows\\explorer.exe","objectServer":"Security","originatesFrom":{"hostName":{"name":"DESKTOP-MAC610T"},"@id":"http://example.org/sepses#5d6c03e0-2d1a-483f-b835-c387304fefd2","@type":"rdf:nodeID"},"computerName":"DESKTOP-MAC610T","hasLogType":"wineventlog","upCode":"Info","source":"Microsoft-Windows-Security-Auditing","@type":"http://purl.org/sepses/vocab/log/wineventlog#WindowsEventLogEntry","@timestamp":"2018-08-29T11:54:53.618Z","logMessage":"An attempt was made to access an object.\n\nSubject:\n\tSecurity ID:\t\tS-1-5-21-2889181789-4222170037-1347726928-1001\n\tAccount Name:\t\tVirtual Windows 10\n\tAccount Domain:\t\tDESKTOP-MAC610T\n\tLogon ID:\t\t0x238EF\n\nObject:\n\tObject Server:\t\tSecurity\n\tObject Type:\t\tFile\n\tObject Name:\t\tC:\\Users\\Virtual Windows 10\\Dropbox\n\tHandle ID:\t\t0x12a8\n\tResource Attributes:\tS:AI\n\nProcess Information:\n\tProcess ID:\t\t0xc80\n\tProcess Name:\t\tC:\\Windows\\explorer.exe\n\nAccess Request Information:\n\tAccesses:\t\tReadAttributes\n\t\t\t\t\n\tAccess Mask:\t\t0x80","logName":"Security","taskCategory":"File System","processID":"0xc80","version":1}
{"accountName":"Virtual Windows 10","eventID":4663,"accessMask":"0x80","level":"Information","objectName":"C:\\Users\\Virtual Windows 10\\Dropbox","accountDomain":"DESKTOP-MAC610T","accesses":"%%4423\n\t\t\t\t","resourceAttributes":"S:AI","keyword":["Audit Success"],"objectType":"File","handleID":"0x4fc","timestamp":"2018-08-29T11:54:53.623Z","logonID":"0x238ef","@id":"http://example.org/logEntry#logEntry-4c35b47b-ed15-4cbb-9a20-6c62f8122392","@context":"http://sepses.ifs.tuwien.ac.at/contexts/wineventlog.jsonld","processName":"C:\\Windows\\explorer.exe","objectServer":"Security","originatesFrom":{"hostName":{"name":"DESKTOP-MAC610T"},"@id":"http://example.org/sepses#496044d7-c71a-499a-9c7a-3aaaab683034","@type":"rdf:nodeID"},"computerName":"DESKTOP-MAC610T","hasLogType":"wineventlog","upCode":"Info","source":"Microsoft-Windows-Security-Auditing","@type":"http://purl.org/sepses/vocab/log/wineventlog#WindowsEventLogEntry","@timestamp":"2018-08-29T11:54:53.623Z","logMessage":"An attempt was made to access an object.\n\nSubject:\n\tSecurity ID:\t\tS-1-5-21-2889181789-4222170037-1347726928-1001\n\tAccount Name:\t\tVirtual Windows 10\n\tAccount Domain:\t\tDESKTOP-MAC610T\n\tLogon ID:\t\t0x238EF\n\nObject:\n\tObject Server:\t\tSecurity\n\tObject Type:\t\tFile\n\tObject Name:\t\tC:\\Users\\Virtual Windows 10\\Dropbox\n\tHandle ID:\t\t0x4fc\n\tResource Attributes:\tS:AI\n\nProcess Information:\n\tProcess ID:\t\t0xc80\n\tProcess Name:\t\tC:\\Windows\\explorer.exe\n\nAccess Request Information:\n\tAccesses:\t\tReadAttributes\n\t\t\t\t\n\tAccess Mask:\t\t0x80","logName":"Security","taskCategory":"File System","processID":"0xc80","version":1}
{"accountName":"Virtual Windows 10","eventID":4663,"accessMask":"0x80","level":"Information","objectName":"C:\\Users\\Virtual Windows 10\\Dropbox\\test2 - Copy.txt","accountDomain":"DESKTOP-MAC610T","accesses":"%%4423\n\t\t\t\t","resourceAttributes":"S:AI","keyword":["Audit Success"],"objectType":"File","handleID":"0x207c","timestamp":"2018-08-29T11:54:54.366Z","logonID":"0x238ef","@id":"http://example.org/logEntry#logEntry-42ad12d1-dc47-4734-9300-e9f4a3fdcf3a","@context":"http://sepses.ifs.tuwien.ac.at/contexts/wineventlog.jsonld","processName":"C:\\Windows\\explorer.exe","objectServer":"Security","originatesFrom":{"hostName":{"name":"DESKTOP-MAC610T"},"@id":"http://example.org/sepses#dffb8ee9-45fc-4db2-9349-b828e39c9917","@type":"rdf:nodeID"},"computerName":"DESKTOP-MAC610T","hasLogType":"wineventlog","upCode":"Info","source":"Microsoft-Windows-Security-Auditing","@type":"http://purl.org/sepses/vocab/log/wineventlog#WindowsEventLogEntry","@timestamp":"2018-08-29T11:54:54.366Z","logMessage":"An attempt was made to access an object.\n\nSubject:\n\tSecurity ID:\t\tS-1-5-21-2889181789-4222170037-1347726928-1001\n\tAccount Name:\t\tVirtual Windows 10\n\tAccount Domain:\t\tDESKTOP-MAC610T\n\tLogon ID:\t\t0x238EF\n\nObject:\n\tObject Server:\t\tSecurity\n\tObject Type:\t\tFile\n\tObject Name:\t\tC:\\Users\\Virtual Windows 10\\Dropbox\\test2 - Copy.txt\n\tHandle ID:\t\t0x207c\n\tResource Attributes:\tS:AI\n\nProcess Information:\n\tProcess ID:\t\t0xc80\n\tProcess Name:\t\tC:\\Windows\\explorer.exe\n\nAccess Request Information:\n\tAccesses:\t\tReadAttributes\n\t\t\t\t\n\tAccess Mask:\t\t0x80","logName":"Security","taskCategory":"File System","processID":"0xc80","version":1}
{"accountName":"Virtual Windows 10","eventID":4663,"accessMask":"0x10000","level":"Information","objectName":"C:\\Users\\Virtual Windows 10\\Dropbox\\test2 - Copy.txt","accountDomain":"DESKTOP-MAC610T","accesses":"%%1537\n\t\t\t\t","resourceAttributes":"S:AI","keyword":["Audit Success"],"objectType":"File","handleID":"0x207c","timestamp":"2018-08-29T11:54:54.366Z","logonID":"0x238ef","@id":"http://example.org/logEntry#logEntry-e6cb5471-7758-4f9f-aad8-84a27c6aab58","@context":"http://sepses.ifs.tuwien.ac.at/contexts/wineventlog.jsonld","processName":"C:\\Windows\\explorer.exe","objectServer":"Security","originatesFrom":{"hostName":{"name":"DESKTOP-MAC610T"},"@id":"http://example.org/sepses#fab34525-0423-4039-a7ba-84e8dee577d8","@type":"rdf:nodeID"},"computerName":"DESKTOP-MAC610T","hasLogType":"wineventlog","upCode":"Info","source":"Microsoft-Windows-Security-Auditing","@type":"http://purl.org/sepses/vocab/log/wineventlog#WindowsEventLogEntry","@timestamp":"2018-08-29T11:54:54.366Z","logMessage":"An attempt was made to access an object.\n\nSubject:\n\tSecurity ID:\t\tS-1-5-21-2889181789-4222170037-1347726928-1001\n\tAccount Name:\t\tVirtual Windows 10\n\tAccount Domain:\t\tDESKTOP-MAC610T\n\tLogon ID:\t\t0x238EF\n\nObject:\n\tObject Server:\t\tSecurity\n\tObject Type:\t\tFile\n\tObject Name:\t\tC:\\Users\\Virtual Windows 10\\Dropbox\\test2 - Copy.txt\n\tHandle ID:\t\t0x207c\n\tResource Attributes:\tS:AI\n\nProcess Information:\n\tProcess ID:\t\t0xc80\n\tProcess Name:\t\tC:\\Windows\\explorer.exe\n\nAccess Request Information:\n\tAccesses:\t\tDELETE\n\t\t\t\t\n\tAccess Mask:\t\t0x10000","logName":"Security","taskCategory":"File System","processID":"0xc80","version":1}
{"eventID":4660,"level":"Information","accountDomain":"DESKTOP-MAC610T","keyword":["Audit Success"],"handleID":"0x207c","timestamp":"2018-08-29T11:54:54.366Z","logonID":"0x238ef","@id":"http://example.org/logEntry#logEntry-22b7ef71-ee36-4573-b7ae-53bf989e3552","@context":"http://sepses.ifs.tuwien.ac.at/contexts/wineventlog.jsonld","processName":"C:\\Windows\\explorer.exe","objectServer":"Security","originatesFrom":{"hostName":{"name":"DESKTOP-MAC610T"},"@id":"http://example.org/sepses#358f191d-26ac-40d7-8123-b0f00a114ba5","@type":"rdf:nodeID"},"computerName":"DESKTOP-MAC610T","hasLogType":"wineventlog","upCode":"Info","source":"Microsoft-Windows-Security-Auditing","@type":"http://purl.org/sepses/vocab/log/wineventlog#WindowsEventLogEntry","@timestamp":"2018-08-29T11:54:54.366Z","logMessage":"An object was deleted.\n\nSubject:\n\tSecurity ID:\t\tS-1-5-21-2889181789-4222170037-1347726928-1001\n\tAccount Name:\t\tVirtual Windows 10\n\tAccount Domain:\t\tDESKTOP-MAC610T\n\tLogon ID:\t\t0x238EF\n\nObject:\n\tObject Server:\tSecurity\n\tHandle ID:\t0x207c\n\nProcess Information:\n\tProcess ID:\t0xc80\n\tProcess Name:\tC:\\Windows\\explorer.exe\n\tTransaction ID:\t{00000000-0000-0000-0000-000000000000}","logName":"Security","taskCategory":"File System","processID":"0xc80","accountName":"Virtual Windows 10"}
{"accountName":"Virtual Windows 10","eventID":4663,"accessMask":"0x80","level":"Information","objectName":"C:\\Users\\Virtual Windows 10\\Dropbox\\test1.txt","accountDomain":"DESKTOP-MAC610T","accesses":"%%4423\n\t\t\t\t","resourceAttributes":"S:AI","keyword":["Audit Success"],"objectType":"File","handleID":"0x207c","timestamp":"2018-08-29T11:54:54.367Z","logonID":"0x238ef","@id":"http://example.org/logEntry#logEntry-3ef79c99-61c8-4d71-b9ce-f1db24af6a52","@context":"http://sepses.ifs.tuwien.ac.at/contexts/wineventlog.jsonld","processName":"C:\\Windows\\explorer.exe","objectServer":"Security","originatesFrom":{"hostName":{"name":"DESKTOP-MAC610T"},"@id":"http://example.org/sepses#4726a60e-b1c2-474c-ae35-c5fa152ca84e","@type":"rdf:nodeID"},"computerName":"DESKTOP-MAC610T","hasLogType":"wineventlog","upCode":"Info","source":"Microsoft-Windows-Security-Auditing","@type":"http://purl.org/sepses/vocab/log/wineventlog#WindowsEventLogEntry","@timestamp":"2018-08-29T11:54:54.367Z","logMessage":"An attempt was made to access an object.\n\nSubject:\n\tSecurity ID:\t\tS-1-5-21-2889181789-4222170037-1347726928-1001\n\tAccount Name:\t\tVirtual Windows 10\n\tAccount Domain:\t\tDESKTOP-MAC610T\n\tLogon ID:\t\t0x238EF\n\nObject:\n\tObject Server:\t\tSecurity\n\tObject Type:\t\tFile\n\tObject Name:\t\tC:\\Users\\Virtual Windows 10\\Dropbox\\test1.txt\n\tHandle ID:\t\t0x207c\n\tResource Attributes:\tS:AI\n\nProcess Information:\n\tProcess ID:\t\t0xc80\n\tProcess Name:\t\tC:\\Windows\\explorer.exe\n\nAccess Request Information:\n\tAccesses:\t\tReadAttributes\n\t\t\t\t\n\tAccess Mask:\t\t0x80","logName":"Security","taskCategory":"File System","processID":"0xc80","version":1}
{"accountName":"Virtual Windows 10","eventID":4663,"accessMask":"0x10000","level":"Information","objectName":"C:\\Users\\Virtual Windows 10\\Dropbox\\test1.txt","accountDomain":"DESKTOP-MAC610T","accesses":"%%1537\n\t\t\t\t","resourceAttributes":"S:AI","keyword":["Audit Success"],"objectType":"File","handleID":"0x207c","timestamp":"2018-08-29T11:54:54.367Z","logonID":"0x238ef","@id":"http://example.org/logEntry#logEntry-9a073296-abc9-49c0-9291-f7fcb7deeee7","@context":"http://sepses.ifs.tuwien.ac.at/contexts/wineventlog.jsonld","processName":"C:\\Windows\\explorer.exe","objectServer":"Security","originatesFrom":{"hostName":{"name":"DESKTOP-MAC610T"},"@id":"http://example.org/sepses#8f2b4338-e201-44fd-8748-c2b818f4a52b","@type":"rdf:nodeID"},"computerName":"DESKTOP-MAC610T","hasLogType":"wineventlog","upCode":"Info","source":"Microsoft-Windows-Security-Auditing","@type":"http://purl.org/sepses/vocab/log/wineventlog#WindowsEventLogEntry","@timestamp":"2018-08-29T11:54:54.367Z","logMessage":"An attempt was made to access an object.\n\nSubject:\n\tSecurity ID:\t\tS-1-5-21-2889181789-4222170037-1347726928-1001\n\tAccount Name:\t\tVirtual Windows 10\n\tAccount Domain:\t\tDESKTOP-MAC610T\n\tLogon ID:\t\t0x238EF\n\nObject:\n\tObject Server:\t\tSecurity\n\tObject Type:\t\tFile\n\tObject Name:\t\tC:\\Users\\Virtual Windows 10\\Dropbox\\test1.txt\n\tHandle ID:\t\t0x207c\n\tResource Attributes:\tS:AI\n\nProcess Information:\n\tProcess ID:\t\t0xc80\n\tProcess Name:\t\tC:\\Windows\\explorer.exe\n\nAccess Request Information:\n\tAccesses:\t\tDELETE\n\t\t\t\t\n\tAccess Mask:\t\t0x10000","logName":"Security","taskCategory":"File System","processID":"0xc80","version":1}
{"eventID":4660,"level":"Information","accountDomain":"DESKTOP-MAC610T","keyword":["Audit Success"],"handleID":"0x207c","timestamp":"2018-08-29T11:54:54.367Z","logonID":"0x238ef","@id":"http://example.org/logEntry#logEntry-6dbc9f64-c40b-4488-8a0a-d92c45e3bdbd","@context":"http://sepses.ifs.tuwien.ac.at/contexts/wineventlog.jsonld","processName":"C:\\Windows\\explorer.exe","objectServer":"Security","originatesFrom":{"hostName":{"name":"DESKTOP-MAC610T"},"@id":"http://example.org/sepses#d3f23e78-8d76-486f-ace5-199a05c75fe0","@type":"rdf:nodeID"},"computerName":"DESKTOP-MAC610T","hasLogType":"wineventlog","upCode":"Info","source":"Microsoft-Windows-Security-Auditing","@type":"http://purl.org/sepses/vocab/log/wineventlog#WindowsEventLogEntry","@timestamp":"2018-08-29T11:54:54.367Z","logMessage":"An object was deleted.\n\nSubject:\n\tSecurity ID:\t\tS-1-5-21-2889181789-4222170037-1347726928-1001\n\tAccount Name:\t\tVirtual Windows 10\n\tAccount Domain:\t\tDESKTOP-MAC610T\n\tLogon ID:\t\t0x238EF\n\nObject:\n\tObject Server:\tSecurity\n\tHandle ID:\t0x207c\n\nProcess Information:\n\tProcess ID:\t0xc80\n\tProcess Name:\tC:\\Windows\\explorer.exe\n\tTransaction ID:\t{00000000-0000-0000-0000-000000000000}","logName":"Security","taskCategory":"File System","processID":"0xc80","accountName":"Virtual Windows 10"}
{"accountName":"Virtual Windows 10","eventID":4663,"accessMask":"0x80","level":"Information","objectName":"C:\\Users\\Virtual Windows 10\\Dropbox\\test2 - Copy.txt","accountDomain":"DESKTOP-MAC610T","accesses":"%%4423\n\t\t\t\t","resourceAttributes":"S:AI","keyword":["Audit Success"],"objectType":"File","handleID":"0x2d24","timestamp":"2018-08-29T11:54:54.379Z","logonID":"0x238ef","@id":"http://example.org/logEntry#logEntry-e423848b-d89a-4abc-80f2-1d4c3cd9bfff","@context":"http://sepses.ifs.tuwien.ac.at/contexts/wineventlog.jsonld","processName":"C:\\Windows\\explorer.exe","objectServer":"Security","originatesFrom":{"hostName":{"name":"DESKTOP-MAC610T"},"@id":"http://example.org/sepses#9ea563e7-382b-47a5-a267-12644558aca3","@type":"rdf:nodeID"},"computerName":"DESKTOP-MAC610T","hasLogType":"wineventlog","upCode":"Info","source":"Microsoft-Windows-Security-Auditing","@type":"http://purl.org/sepses/vocab/log/wineventlog#WindowsEventLogEntry","@timestamp":"2018-08-29T11:54:54.379Z","logMessage":"An attempt was made to access an object.\n\nSubject:\n\tSecurity ID:\t\tS-1-5-21-2889181789-4222170037-1347726928-1001\n\tAccount Name:\t\tVirtual Windows 10\n\tAccount Domain:\t\tDESKTOP-MAC610T\n\tLogon ID:\t\t0x238EF\n\nObject:\n\tObject Server:\t\tSecurity\n\tObject Type:\t\tFile\n\tObject Name:\t\tC:\\Users\\Virtual Windows 10\\Dropbox\\test2 - Copy.txt\n\tHandle ID:\t\t0x2d24\n\tResource Attributes:\tS:AI\n\nProcess Information:\n\tProcess ID:\t\t0xc80\n\tProcess Name:\t\tC:\\Windows\\explorer.exe\n\nAccess Request Information:\n\tAccesses:\t\tReadAttributes\n\t\t\t\t\n\tAccess Mask:\t\t0x80","logName":"Security","taskCategory":"File System","processID":"0xc80","version":1}
{"accountName":"Virtual Windows 10","eventID":4663,"accessMask":"0x10000","level":"Information","objectName":"C:\\Users\\Virtual Windows 10\\Dropbox\\test2 - Copy.txt","accountDomain":"DESKTOP-MAC610T","accesses":"%%1537\n\t\t\t\t","resourceAttributes":"S:AI","keyword":["Audit Success"],"objectType":"File","handleID":"0x2d24","timestamp":"2018-08-29T11:54:54.379Z","logonID":"0x238ef","@id":"http://example.org/logEntry#logEntry-61d03c96-44c7-40ca-a7ea-da0a7337009d","@context":"http://sepses.ifs.tuwien.ac.at/contexts/wineventlog.jsonld","processName":"C:\\Windows\\explorer.exe","objectServer":"Security","originatesFrom":{"hostName":{"name":"DESKTOP-MAC610T"},"@id":"http://example.org/sepses#144431b3-c26f-42cb-b729-6d57d50ac27d","@type":"rdf:nodeID"},"computerName":"DESKTOP-MAC610T","hasLogType":"wineventlog","upCode":"Info","source":"Microsoft-Windows-Security-Auditing","@type":"http://purl.org/sepses/vocab/log/wineventlog#WindowsEventLogEntry","@timestamp":"2018-08-29T11:54:54.379Z","logMessage":"An attempt was made to access an object.\n\nSubject:\n\tSecurity ID:\t\tS-1-5-21-2889181789-4222170037-1347726928-1001\n\tAccount Name:\t\tVirtual Windows 10\n\tAccount Domain:\t\tDESKTOP-MAC610T\n\tLogon ID:\t\t0x238EF\n\nObject:\n\tObject Server:\t\tSecurity\n\tObject Type:\t\tFile\n\tObject Name:\t\tC:\\Users\\Virtual Windows 10\\Dropbox\\test2 - Copy.txt\n\tHandle ID:\t\t0x2d24\n\tResource Attributes:\tS:AI\n\nProcess Information:\n\tProcess ID:\t\t0xc80\n\tProcess Name:\t\tC:\\Windows\\explorer.exe\n\nAccess Request Information:\n\tAccesses:\t\tDELETE\n\t\t\t\t\n\tAccess Mask:\t\t0x10000","logName":"Security","taskCategory":"File System","processID":"0xc80","version":1}
{"accountName":"Virtual Windows 10","eventID":4663,"accessMask":"0x80","level":"Information","objectName":"C:\\$Recycle.Bin\\S-1-5-21-2889181789-4222170037-1347726928-1001\\$R81PQ4B.txt","accountDomain":"DESKTOP-MAC610T","accesses":"%%4423\n\t\t\t\t","resourceAttributes":"S:AI","keyword":["Audit Success"],"objectType":"File","handleID":"0x2d24","timestamp":"2018-08-29T11:54:54.379Z","logonID":"0x238ef","@id":"http://example.org/logEntry#logEntry-afdb7c48-2dc1-4cfb-a9f4-67e547ccdcf8","@context":"http://sepses.ifs.tuwien.ac.at/contexts/wineventlog.jsonld","processName":"C:\\Windows\\explorer.exe","objectServer":"Security","originatesFrom":{"hostName":{"name":"DESKTOP-MAC610T"},"@id":"http://example.org/sepses#b957b56f-4c11-46b4-997b-cff7eee8bd53","@type":"rdf:nodeID"},"computerName":"DESKTOP-MAC610T","hasLogType":"wineventlog","upCode":"Info","source":"Microsoft-Windows-Security-Auditing","@type":"http://purl.org/sepses/vocab/log/wineventlog#WindowsEventLogEntry","@timestamp":"2018-08-29T11:54:54.379Z","logMessage":"An attempt was made to access an object.\n\nSubject:\n\tSecurity ID:\t\tS-1-5-21-2889181789-4222170037-1347726928-1001\n\tAccount Name:\t\tVirtual Windows 10\n\tAccount Domain:\t\tDESKTOP-MAC610T\n\tLogon ID:\t\t0x238EF\n\nObject:\n\tObject Server:\t\tSecurity\n\tObject Type:\t\tFile\n\tObject Name:\t\tC:\\$Recycle.Bin\\S-1-5-21-2889181789-4222170037-1347726928-1001\\$R81PQ4B.txt\n\tHandle ID:\t\t0x2d24\n\tResource Attributes:\tS:AI\n\nProcess Information:\n\tProcess ID:\t\t0xc80\n\tProcess Name:\t\tC:\\Windows\\explorer.exe\n\nAccess Request Information:\n\tAccesses:\t\tReadAttributes\n\t\t\t\t\n\tAccess Mask:\t\t0x80","logName":"Security","taskCategory":"File System","processID":"0xc80","version":1}
{"accountName":"Virtual Windows 10","eventID":4663,"accessMask":"0x80","level":"Information","objectName":"C:\\Users\\Virtual Windows 10\\Dropbox\\test1.txt","accountDomain":"DESKTOP-MAC610T","accesses":"%%4423\n\t\t\t\t","resourceAttributes":"S:AI","keyword":["Audit Success"],"objectType":"File","handleID":"0x1f5c","timestamp":"2018-08-29T11:54:54.415Z","logonID":"0x238ef","@id":"http://example.org/logEntry#logEntry-7b15a4c2-d07f-43dc-bbf0-64f4d87ff462","@context":"http://sepses.ifs.tuwien.ac.at/contexts/wineventlog.jsonld","processName":"C:\\Program Files (x86)\\Dropbox\\Client\\Dropbox.exe","objectServer":"Security","originatesFrom":{"hostName":{"name":"DESKTOP-MAC610T"},"@id":"http://example.org/sepses#7997eccd-8654-48d9-a9ae-5f2b896bb441","@type":"rdf:nodeID"},"computerName":"DESKTOP-MAC610T","hasLogType":"wineventlog","upCode":"Info","source":"Microsoft-Windows-Security-Auditing","@type":"http://purl.org/sepses/vocab/log/wineventlog#WindowsEventLogEntry","@timestamp":"2018-08-29T11:54:54.415Z","logMessage":"An attempt was made to access an object.\n\nSubject:\n\tSecurity ID:\t\tS-1-5-21-2889181789-4222170037-1347726928-1001\n\tAccount Name:\t\tVirtual Windows 10\n\tAccount Domain:\t\tDESKTOP-MAC610T\n\tLogon ID:\t\t0x238EF\n\nObject:\n\tObject Server:\t\tSecurity\n\tObject Type:\t\tFile\n\tObject Name:\t\tC:\\Users\\Virtual Windows 10\\Dropbox\\test1.txt\n\tHandle ID:\t\t0x1f5c\n\tResource Attributes:\tS:AI\n\nProcess Information:\n\tProcess ID:\t\t0x14f0\n\tProcess Name:\t\tC:\\Program Files (x86)\\Dropbox\\Client\\Dropbox.exe\n\nAccess Request Information:\n\tAccesses:\t\tReadAttributes\n\t\t\t\t\n\tAccess Mask:\t\t0x80","logName":"Security","taskCategory":"File System","processID":"0x14f0","version":1}
{"accountName":"Virtual Windows 10","eventID":4663,"accessMask":"0x80","level":"Information","objectName":"C:\\Users\\Virtual Windows 10\\Dropbox","accountDomain":"DESKTOP-MAC610T","accesses":"%%4423\n\t\t\t\t","resourceAttributes":"S:AI","keyword":["Audit Success"],"objectType":"File","handleID":"0x1f60","timestamp":"2018-08-29T11:54:54.431Z","logonID":"0x238ef","@id":"http://example.org/logEntry#logEntry-634fbf04-6689-47c1-a094-04475e9f7e9c","@context":"http://sepses.ifs.tuwien.ac.at/contexts/wineventlog.jsonld","processName":"C:\\Program Files (x86)\\Dropbox\\Client\\Dropbox.exe","objectServer":"Security","originatesFrom":{"hostName":{"name":"DESKTOP-MAC610T"},"@id":"http://example.org/sepses#a6e1af6b-ddf5-4a6e-a8ab-0bc664975f84","@type":"rdf:nodeID"},"computerName":"DESKTOP-MAC610T","hasLogType":"wineventlog","upCode":"Info","source":"Microsoft-Windows-Security-Auditing","@type":"http://purl.org/sepses/vocab/log/wineventlog#WindowsEventLogEntry","@timestamp":"2018-08-29T11:54:54.431Z","logMessage":"An attempt was made to access an object.\n\nSubject:\n\tSecurity ID:\t\tS-1-5-21-2889181789-4222170037-1347726928-1001\n\tAccount Name:\t\tVirtual Windows 10\n\tAccount Domain:\t\tDESKTOP-MAC610T\n\tLogon ID:\t\t0x238EF\n\nObject:\n\tObject Server:\t\tSecurity\n\tObject Type:\t\tFile\n\tObject Name:\t\tC:\\Users\\Virtual Windows 10\\Dropbox\n\tHandle ID:\t\t0x1f60\n\tResource Attributes:\tS:AI\n\nProcess Information:\n\tProcess ID:\t\t0x14f0\n\tProcess Name:\t\tC:\\Program Files (x86)\\Dropbox\\Client\\Dropbox.exe\n\nAccess Request Information:\n\tAccesses:\t\tReadAttributes\n\t\t\t\t\n\tAccess Mask:\t\t0x80","logName":"Security","taskCategory":"File System","processID":"0x14f0","version":1}
{"accountName":"Virtual Windows 10","eventID":4663,"accessMask":"0x80","level":"Information","objectName":"C:\\Users\\Virtual Windows 10\\Dropbox","accountDomain":"DESKTOP-MAC610T","accesses":"%%4423\n\t\t\t\t","resourceAttributes":"S:AI","keyword":["Audit Success"],"objectType":"File","handleID":"0x1f60","timestamp":"2018-08-29T11:54:54.431Z","logonID":"0x238ef","@id":"http://example.org/logEntry#logEntry-d0c0fc41-d8b4-4fb4-9c21-dcb471ab5d93","@context":"http://sepses.ifs.tuwien.ac.at/contexts/wineventlog.jsonld","processName":"C:\\Program Files (x86)\\Dropbox\\Client\\Dropbox.exe","objectServer":"Security","originatesFrom":{"hostName":{"name":"DESKTOP-MAC610T"},"@id":"http://example.org/sepses#1c4b511f-2ec8-4898-a72c-d529c4e79ee2","@type":"rdf:nodeID"},"computerName":"DESKTOP-MAC610T","hasLogType":"wineventlog","upCode":"Info","source":"Microsoft-Windows-Security-Auditing","@type":"http://purl.org/sepses/vocab/log/wineventlog#WindowsEventLogEntry","@timestamp":"2018-08-29T11:54:54.431Z","logMessage":"An attempt was made to access an object.\n\nSubject:\n\tSecurity ID:\t\tS-1-5-21-2889181789-4222170037-1347726928-1001\n\tAccount Name:\t\tVirtual Windows 10\n\tAccount Domain:\t\tDESKTOP-MAC610T\n\tLogon ID:\t\t0x238EF\n\nObject:\n\tObject Server:\t\tSecurity\n\tObject Type:\t\tFile\n\tObject Name:\t\tC:\\Users\\Virtual Windows 10\\Dropbox\n\tHandle ID:\t\t0x1f60\n\tResource Attributes:\tS:AI\n\nProcess Information:\n\tProcess ID:\t\t0x14f0\n\tProcess Name:\t\tC:\\Program Files (x86)\\Dropbox\\Client\\Dropbox.exe\n\nAccess Request Information:\n\tAccesses:\t\tReadAttributes\n\t\t\t\t\n\tAccess Mask:\t\t0x80","logName":"Security","taskCategory":"File System","processID":"0x14f0","version":1}
{"accountName":"Virtual Windows 10","eventID":4663,"accessMask":"0x80","level":"Information","objectName":"C:\\Users\\Virtual Windows 10\\Dropbox\\test1.txt","accountDomain":"DESKTOP-MAC610T","accesses":"%%4423\n\t\t\t\t","resourceAttributes":"S:AI","keyword":["Audit Success"],"objectType":"File","handleID":"0x2d24","timestamp":"2018-08-29T11:54:54.443Z","logonID":"0x238ef","@id":"http://example.org/logEntry#logEntry-b321b61e-7c82-4cd5-b513-fc4941d0973c","@context":"http://sepses.ifs.tuwien.ac.at/contexts/wineventlog.jsonld","processName":"C:\\Windows\\explorer.exe","objectServer":"Security","originatesFrom":{"hostName":{"name":"DESKTOP-MAC610T"},"@id":"http://example.org/sepses#b875a507-5c04-4615-b5d3-db0a5a6e666e","@type":"rdf:nodeID"},"computerName":"DESKTOP-MAC610T","hasLogType":"wineventlog","upCode":"Info","source":"Microsoft-Windows-Security-Auditing","@type":"http://purl.org/sepses/vocab/log/wineventlog#WindowsEventLogEntry","@timestamp":"2018-08-29T11:54:54.443Z","logMessage":"An attempt was made to access an object.\n\nSubject:\n\tSecurity ID:\t\tS-1-5-21-2889181789-4222170037-1347726928-1001\n\tAccount Name:\t\tVirtual Windows 10\n\tAccount Domain:\t\tDESKTOP-MAC610T\n\tLogon ID:\t\t0x238EF\n\nObject:\n\tObject Server:\t\tSecurity\n\tObject Type:\t\tFile\n\tObject Name:\t\tC:\\Users\\Virtual Windows 10\\Dropbox\\test1.txt\n\tHandle ID:\t\t0x2d24\n\tResource Attributes:\tS:AI\n\nProcess Information:\n\tProcess ID:\t\t0xc80\n\tProcess Name:\t\tC:\\Windows\\explorer.exe\n\nAccess Request Information:\n\tAccesses:\t\tReadAttributes\n\t\t\t\t\n\tAccess Mask:\t\t0x80","logName":"Security","taskCategory":"File System","processID":"0xc80","version":1}
{"accountName":"Virtual Windows 10","eventID":4663,"accessMask":"0x10000","level":"Information","objectName":"C:\\Users\\Virtual Windows 10\\Dropbox\\test1.txt","accountDomain":"DESKTOP-MAC610T","accesses":"%%1537\n\t\t\t\t","resourceAttributes":"S:AI","keyword":["Audit Success"],"objectType":"File","handleID":"0x2d24","timestamp":"2018-08-29T11:54:54.443Z","logonID":"0x238ef","@id":"http://example.org/logEntry#logEntry-10725c22-5cb8-4848-9c54-1db1e286687d","@context":"http://sepses.ifs.tuwien.ac.at/contexts/wineventlog.jsonld","processName":"C:\\Windows\\explorer.exe","objectServer":"Security","originatesFrom":{"hostName":{"name":"DESKTOP-MAC610T"},"@id":"http://example.org/sepses#ce4314ad-527d-4f99-9d3f-b4f340c9f277","@type":"rdf:nodeID"},"computerName":"DESKTOP-MAC610T","hasLogType":"wineventlog","upCode":"Info","source":"Microsoft-Windows-Security-Auditing","@type":"http://purl.org/sepses/vocab/log/wineventlog#WindowsEventLogEntry","@timestamp":"2018-08-29T11:54:54.443Z","logMessage":"An attempt was made to access an object.\n\nSubject:\n\tSecurity ID:\t\tS-1-5-21-2889181789-4222170037-1347726928-1001\n\tAccount Name:\t\tVirtual Windows 10\n\tAccount Domain:\t\tDESKTOP-MAC610T\n\tLogon ID:\t\t0x238EF\n\nObject:\n\tObject Server:\t\tSecurity\n\tObject Type:\t\tFile\n\tObject Name:\t\tC:\\Users\\Virtual Windows 10\\Dropbox\\test1.txt\n\tHandle ID:\t\t0x2d24\n\tResource Attributes:\tS:AI\n\nProcess Information:\n\tProcess ID:\t\t0xc80\n\tProcess Name:\t\tC:\\Windows\\explorer.exe\n\nAccess Request Information:\n\tAccesses:\t\tDELETE\n\t\t\t\t\n\tAccess Mask:\t\t0x10000","logName":"Security","taskCategory":"File System","processID":"0xc80","version":1}
{"accountName":"Virtual Windows 10","eventID":4663,"accessMask":"0x80","level":"Information","objectName":"C:\\$Recycle.Bin\\S-1-5-21-2889181789-4222170037-1347726928-1001\\$ROIXXCY.txt","accountDomain":"DESKTOP-MAC610T","accesses":"%%4423\n\t\t\t\t","resourceAttributes":"S:AI","keyword":["Audit Success"],"objectType":"File","handleID":"0x2d24","timestamp":"2018-08-29T11:54:54.444Z","logonID":"0x238ef","@id":"http://example.org/logEntry#logEntry-7e8c2eec-4032-4cd8-8873-179bfde64e15","@context":"http://sepses.ifs.tuwien.ac.at/contexts/wineventlog.jsonld","processName":"C:\\Windows\\explorer.exe","objectServer":"Security","originatesFrom":{"hostName":{"name":"DESKTOP-MAC610T"},"@id":"http://example.org/sepses#ed31c5f8-cdbd-4243-8dc2-1665940776a7","@type":"rdf:nodeID"},"computerName":"DESKTOP-MAC610T","hasLogType":"wineventlog","upCode":"Info","source":"Microsoft-Windows-Security-Auditing","@type":"http://purl.org/sepses/vocab/log/wineventlog#WindowsEventLogEntry","@timestamp":"2018-08-29T11:54:54.444Z","logMessage":"An attempt was made to access an object.\n\nSubject:\n\tSecurity ID:\t\tS-1-5-21-2889181789-4222170037-1347726928-1001\n\tAccount Name:\t\tVirtual Windows 10\n\tAccount Domain:\t\tDESKTOP-MAC610T\n\tLogon ID:\t\t0x238EF\n\nObject:\n\tObject Server:\t\tSecurity\n\tObject Type:\t\tFile\n\tObject Name:\t\tC:\\$Recycle.Bin\\S-1-5-21-2889181789-4222170037-1347726928-1001\\$ROIXXCY.txt\n\tHandle ID:\t\t0x2d24\n\tResource Attributes:\tS:AI\n\nProcess Information:\n\tProcess ID:\t\t0xc80\n\tProcess Name:\t\tC:\\Windows\\explorer.exe\n\nAccess Request Information:\n\tAccesses:\t\tReadAttributes\n\t\t\t\t\n\tAccess Mask:\t\t0x80","logName":"Security","taskCategory":"File System","processID":"0xc80","version":1}
{"accountName":"Virtual Windows 10","eventID":4663,"accessMask":"0x80","level":"Information","objectName":"C:\\Users\\Virtual Windows 10\\UserDocuments","accountDomain":"DESKTOP-MAC610T","accesses":"%%4423\n\t\t\t\t","resourceAttributes":"S:AI","keyword":["Audit Success"],"objectType":"File","handleID":"0x1f4c","timestamp":"2018-08-29T11:54:54.449Z","logonID":"0x238ef","@id":"http://example.org/logEntry#logEntry-8316d8d3-0072-4cff-999f-03f36ed5bf63","@context":"http://sepses.ifs.tuwien.ac.at/contexts/wineventlog.jsonld","processName":"C:\\Windows\\explorer.exe","objectServer":"Security","originatesFrom":{"hostName":{"name":"DESKTOP-MAC610T"},"@id":"http://example.org/sepses#049f7348-56a3-4825-9ee4-5f308785e5e2","@type":"rdf:nodeID"},"computerName":"DESKTOP-MAC610T","hasLogType":"wineventlog","upCode":"Info","source":"Microsoft-Windows-Security-Auditing","@type":"http://purl.org/sepses/vocab/log/wineventlog#WindowsEventLogEntry","@timestamp":"2018-08-29T11:54:54.449Z","logMessage":"An attempt was made to access an object.\n\nSubject:\n\tSecurity ID:\t\tS-1-5-21-2889181789-4222170037-1347726928-1001\n\tAccount Name:\t\tVirtual Windows 10\n\tAccount Domain:\t\tDESKTOP-MAC610T\n\tLogon ID:\t\t0x238EF\n\nObject:\n\tObject Server:\t\tSecurity\n\tObject Type:\t\tFile\n\tObject Name:\t\tC:\\Users\\Virtual Windows 10\\UserDocuments\n\tHandle ID:\t\t0x1f4c\n\tResource Attributes:\tS:AI\n\nProcess Information:\n\tProcess ID:\t\t0xc80\n\tProcess Name:\t\tC:\\Windows\\explorer.exe\n\nAccess Request Information:\n\tAccesses:\t\tReadAttributes\n\t\t\t\t\n\tAccess Mask:\t\t0x80","logName":"Security","taskCategory":"File System","processID":"0xc80","version":1}
{"accountName":"Virtual Windows 10","eventID":4663,"accessMask":"0x80","level":"Information","objectName":"C:\\Users\\Virtual Windows 10\\UserDocuments","accountDomain":"DESKTOP-MAC610T","accesses":"%%4423\n\t\t\t\t","resourceAttributes":"S:AI","keyword":["Audit Success"],"objectType":"File","handleID":"0x232c","timestamp":"2018-08-29T11:54:54.449Z","logonID":"0x238ef","@id":"http://example.org/logEntry#logEntry-40a5e9ec-e0ac-428d-ad54-cade9ec983f4","@context":"http://sepses.ifs.tuwien.ac.at/contexts/wineventlog.jsonld","processName":"C:\\Windows\\explorer.exe","objectServer":"Security","originatesFrom":{"hostName":{"name":"DESKTOP-MAC610T"},"@id":"http://example.org/sepses#958cfcb3-871d-4615-ae53-6c131d51b8a5","@type":"rdf:nodeID"},"computerName":"DESKTOP-MAC610T","hasLogType":"wineventlog","upCode":"Info","source":"Microsoft-Windows-Security-Auditing","@type":"http://purl.org/sepses/vocab/log/wineventlog#WindowsEventLogEntry","@timestamp":"2018-08-29T11:54:54.449Z","logMessage":"An attempt was made to access an object.\n\nSubject:\n\tSecurity ID:\t\tS-1-5-21-2889181789-4222170037-1347726928-1001\n\tAccount Name:\t\tVirtual Windows 10\n\tAccount Domain:\t\tDESKTOP-MAC610T\n\tLogon ID:\t\t0x238EF\n\nObject:\n\tObject Server:\t\tSecurity\n\tObject Type:\t\tFile\n\tObject Name:\t\tC:\\Users\\Virtual Windows 10\\UserDocuments\n\tHandle ID:\t\t0x232c\n\tResource Attributes:\tS:AI\n\nProcess Information:\n\tProcess ID:\t\t0xc80\n\tProcess Name:\t\tC:\\Windows\\explorer.exe\n\nAccess Request Information:\n\tAccesses:\t\tReadAttributes\n\t\t\t\t\n\tAccess Mask:\t\t0x80","logName":"Security","taskCategory":"File System","processID":"0xc80","version":1}
{"accountName":"Virtual Windows 10","eventID":4663,"accessMask":"0x80","level":"Information","objectName":"C:\\Users\\Virtual Windows 10\\Dropbox","accountDomain":"DESKTOP-MAC610T","accesses":"%%4423\n\t\t\t\t","resourceAttributes":"S:AI","keyword":["Audit Success"],"objectType":"File","handleID":"0x3d8","timestamp":"2018-08-29T11:54:54.449Z","logonID":"0x238ef","@id":"http://example.org/logEntry#logEntry-d6e931d2-f858-4a6f-a165-79680582cf90","@context":"http://sepses.ifs.tuwien.ac.at/contexts/wineventlog.jsonld","processName":"C:\\Windows\\explorer.exe","objectServer":"Security","originatesFrom":{"hostName":{"name":"DESKTOP-MAC610T"},"@id":"http://example.org/sepses#ca693f95-c6cd-4ceb-94a0-345233085cf0","@type":"rdf:nodeID"},"computerName":"DESKTOP-MAC610T","hasLogType":"wineventlog","upCode":"Info","source":"Microsoft-Windows-Security-Auditing","@type":"http://purl.org/sepses/vocab/log/wineventlog#WindowsEventLogEntry","@timestamp":"2018-08-29T11:54:54.449Z","logMessage":"An attempt was made to access an object.\n\nSubject:\n\tSecurity ID:\t\tS-1-5-21-2889181789-4222170037-1347726928-1001\n\tAccount Name:\t\tVirtual Windows 10\n\tAccount Domain:\t\tDESKTOP-MAC610T\n\tLogon ID:\t\t0x238EF\n\nObject:\n\tObject Server:\t\tSecurity\n\tObject Type:\t\tFile\n\tObject Name:\t\tC:\\Users\\Virtual Windows 10\\Dropbox\n\tHandle ID:\t\t0x3d8\n\tResource Attributes:\tS:AI\n\nProcess Information:\n\tProcess ID:\t\t0xc80\n\tProcess Name:\t\tC:\\Windows\\explorer.exe\n\nAccess Request Information:\n\tAccesses:\t\tReadAttributes\n\t\t\t\t\n\tAccess Mask:\t\t0x80","logName":"Security","taskCategory":"File System","processID":"0xc80","version":1}
{"accountName":"Virtual Windows 10","eventID":4663,"accessMask":"0x80","level":"Information","objectName":"C:\\Users\\Virtual Windows 10\\Dropbox","accountDomain":"DESKTOP-MAC610T","accesses":"%%4423\n\t\t\t\t","resourceAttributes":"S:AI","keyword":["Audit Success"],"objectType":"File","handleID":"0x2310","timestamp":"2018-08-29T11:54:54.449Z","logonID":"0x238ef","@id":"http://example.org/logEntry#logEntry-ecfd9c14-0e32-42ee-9265-1ae0f471d2a6","@context":"http://sepses.ifs.tuwien.ac.at/contexts/wineventlog.jsonld","processName":"C:\\Windows\\explorer.exe","objectServer":"Security","originatesFrom":{"hostName":{"name":"DESKTOP-MAC610T"},"@id":"http://example.org/sepses#c45ab62f-1a3e-4e29-b8c0-50358ca2607b","@type":"rdf:nodeID"},"computerName":"DESKTOP-MAC610T","hasLogType":"wineventlog","upCode":"Info","source":"Microsoft-Windows-Security-Auditing","@type":"http://purl.org/sepses/vocab/log/wineventlog#WindowsEventLogEntry","@timestamp":"2018-08-29T11:54:54.449Z","logMessage":"An attempt was made to access an object.\n\nSubject:\n\tSecurity ID:\t\tS-1-5-21-2889181789-4222170037-1347726928-1001\n\tAccount Name:\t\tVirtual Windows 10\n\tAccount Domain:\t\tDESKTOP-MAC610T\n\tLogon ID:\t\t0x238EF\n\nObject:\n\tObject Server:\t\tSecurity\n\tObject Type:\t\tFile\n\tObject Name:\t\tC:\\Users\\Virtual Windows 10\\Dropbox\n\tHandle ID:\t\t0x2310\n\tResource Attributes:\tS:AI\n\nProcess Information:\n\tProcess ID:\t\t0xc80\n\tProcess Name:\t\tC:\\Windows\\explorer.exe\n\nAccess Request Information:\n\tAccesses:\t\tReadAttributes\n\t\t\t\t\n\tAccess Mask:\t\t0x80","logName":"Security","taskCategory":"File System","processID":"0xc80","version":1}
{"accountName":"Virtual Windows 10","eventID":4663,"accessMask":"0x80","level":"Information","objectName":"C:\\Users\\Virtual Windows 10\\Dropbox","accountDomain":"DESKTOP-MAC610T","accesses":"%%4423\n\t\t\t\t","resourceAttributes":"S:AI","keyword":["Audit Success"],"objectType":"File","handleID":"0x7e4","timestamp":"2018-08-29T11:54:54.628Z","logonID":"0x238ef","@id":"http://example.org/logEntry#logEntry-c6ad6067-5ca6-44b2-ba10-0414829d9792","@context":"http://sepses.ifs.tuwien.ac.at/contexts/wineventlog.jsonld","processName":"C:\\Windows\\explorer.exe","objectServer":"Security","originatesFrom":{"hostName":{"name":"DESKTOP-MAC610T"},"@id":"http://example.org/sepses#e7a252b8-44cb-4d47-a730-6b4785a036f7","@type":"rdf:nodeID"},"computerName":"DESKTOP-MAC610T","hasLogType":"wineventlog","upCode":"Info","source":"Microsoft-Windows-Security-Auditing","@type":"http://purl.org/sepses/vocab/log/wineventlog#WindowsEventLogEntry","@timestamp":"2018-08-29T11:54:54.628Z","logMessage":"An attempt was made to access an object.\n\nSubject:\n\tSecurity ID:\t\tS-1-5-21-2889181789-4222170037-1347726928-1001\n\tAccount Name:\t\tVirtual Windows 10\n\tAccount Domain:\t\tDESKTOP-MAC610T\n\tLogon ID:\t\t0x238EF\n\nObject:\n\tObject Server:\t\tSecurity\n\tObject Type:\t\tFile\n\tObject Name:\t\tC:\\Users\\Virtual Windows 10\\Dropbox\n\tHandle ID:\t\t0x7e4\n\tResource Attributes:\tS:AI\n\nProcess Information:\n\tProcess ID:\t\t0xc80\n\tProcess Name:\t\tC:\\Windows\\explorer.exe\n\nAccess Request Information:\n\tAccesses:\t\tReadAttributes\n\t\t\t\t\n\tAccess Mask:\t\t0x80","logName":"Security","taskCategory":"File System","processID":"0xc80","version":1}
{"accountName":"Virtual Windows 10","eventID":4663,"accessMask":"0x80","level":"Information","objectName":"C:\\Users\\Virtual Windows 10\\Dropbox","accountDomain":"DESKTOP-MAC610T","accesses":"%%4423\n\t\t\t\t","resourceAttributes":"S:AI","keyword":["Audit Success"],"objectType":"File","handleID":"0x7e4","timestamp":"2018-08-29T11:54:54.629Z","logonID":"0x238ef","@id":"http://example.org/logEntry#logEntry-658dc8a1-b997-4659-8a40-fc39113813d1","@context":"http://sepses.ifs.tuwien.ac.at/contexts/wineventlog.jsonld","processName":"C:\\Windows\\explorer.exe","objectServer":"Security","originatesFrom":{"hostName":{"name":"DESKTOP-MAC610T"},"@id":"http://example.org/sepses#a8b8ce31-d201-4e1b-ad10-75f94adcff31","@type":"rdf:nodeID"},"computerName":"DESKTOP-MAC610T","hasLogType":"wineventlog","upCode":"Info","source":"Microsoft-Windows-Security-Auditing","@type":"http://purl.org/sepses/vocab/log/wineventlog#WindowsEventLogEntry","@timestamp":"2018-08-29T11:54:54.629Z","logMessage":"An attempt was made to access an object.\n\nSubject:\n\tSecurity ID:\t\tS-1-5-21-2889181789-4222170037-1347726928-1001\n\tAccount Name:\t\tVirtual Windows 10\n\tAccount Domain:\t\tDESKTOP-MAC610T\n\tLogon ID:\t\t0x238EF\n\nObject:\n\tObject Server:\t\tSecurity\n\tObject Type:\t\tFile\n\tObject Name:\t\tC:\\Users\\Virtual Windows 10\\Dropbox\n\tHandle ID:\t\t0x7e4\n\tResource Attributes:\tS:AI\n\nProcess Information:\n\tProcess ID:\t\t0xc80\n\tProcess Name:\t\tC:\\Windows\\explorer.exe\n\nAccess Request Information:\n\tAccesses:\t\tReadAttributes\n\t\t\t\t\n\tAccess Mask:\t\t0x80","logName":"Security","taskCategory":"File System","processID":"0xc80","version":1}
{"accountName":"Virtual Windows 10","eventID":4663,"accessMask":"0x80","level":"Information","objectName":"C:\\Users\\Virtual Windows 10\\Dropbox","accountDomain":"DESKTOP-MAC610T","accesses":"%%4423\n\t\t\t\t","resourceAttributes":"S:AI","keyword":["Audit Success"],"objectType":"File","handleID":"0x7e4","timestamp":"2018-08-29T11:54:54.656Z","logonID":"0x238ef","@id":"http://example.org/logEntry#logEntry-420329d0-6103-44b9-8d2b-7b787f8b838b","@context":"http://sepses.ifs.tuwien.ac.at/contexts/wineventlog.jsonld","processName":"C:\\Windows\\explorer.exe","objectServer":"Security","originatesFrom":{"hostName":{"name":"DESKTOP-MAC610T"},"@id":"http://example.org/sepses#51e81369-641a-4437-8428-29e647f9fe74","@type":"rdf:nodeID"},"computerName":"DESKTOP-MAC610T","hasLogType":"wineventlog","upCode":"Info","source":"Microsoft-Windows-Security-Auditing","@type":"http://purl.org/sepses/vocab/log/wineventlog#WindowsEventLogEntry","@timestamp":"2018-08-29T11:54:54.656Z","logMessage":"An attempt was made to access an object.\n\nSubject:\n\tSecurity ID:\t\tS-1-5-21-2889181789-4222170037-1347726928-1001\n\tAccount Name:\t\tVirtual Windows 10\n\tAccount Domain:\t\tDESKTOP-MAC610T\n\tLogon ID:\t\t0x238EF\n\nObject:\n\tObject Server:\t\tSecurity\n\tObject Type:\t\tFile\n\tObject Name:\t\tC:\\Users\\Virtual Windows 10\\Dropbox\n\tHandle ID:\t\t0x7e4\n\tResource Attributes:\tS:AI\n\nProcess Information:\n\tProcess ID:\t\t0xc80\n\tProcess Name:\t\tC:\\Windows\\explorer.exe\n\nAccess Request Information:\n\tAccesses:\t\tReadAttributes\n\t\t\t\t\n\tAccess Mask:\t\t0x80","logName":"Security","taskCategory":"File System","processID":"0xc80","version":1}
{"accountName":"Virtual Windows 10","eventID":4663,"accessMask":"0x80","level":"Information","objectName":"C:\\Users\\Virtual Windows 10\\Dropbox","accountDomain":"DESKTOP-MAC610T","accesses":"%%4423\n\t\t\t\t","resourceAttributes":"S:AI","keyword":["Audit Success"],"objectType":"File","handleID":"0x7e4","timestamp":"2018-08-29T11:54:54.657Z","logonID":"0x238ef","@id":"http://example.org/logEntry#logEntry-e52e3ebc-405d-4334-96a8-cfc5d52a9fd1","@context":"http://sepses.ifs.tuwien.ac.at/contexts/wineventlog.jsonld","processName":"C:\\Windows\\explorer.exe","objectServer":"Security","originatesFrom":{"hostName":{"name":"DESKTOP-MAC610T"},"@id":"http://example.org/sepses#2545ec40-ca3c-4544-bae2-24b993a48221","@type":"rdf:nodeID"},"computerName":"DESKTOP-MAC610T","hasLogType":"wineventlog","upCode":"Info","source":"Microsoft-Windows-Security-Auditing","@type":"http://purl.org/sepses/vocab/log/wineventlog#WindowsEventLogEntry","@timestamp":"2018-08-29T11:54:54.657Z","logMessage":"An attempt was made to access an object.\n\nSubject:\n\tSecurity ID:\t\tS-1-5-21-2889181789-4222170037-1347726928-1001\n\tAccount Name:\t\tVirtual Windows 10\n\tAccount Domain:\t\tDESKTOP-MAC610T\n\tLogon ID:\t\t0x238EF\n\nObject:\n\tObject Server:\t\tSecurity\n\tObject Type:\t\tFile\n\tObject Name:\t\tC:\\Users\\Virtual Windows 10\\Dropbox\n\tHandle ID:\t\t0x7e4\n\tResource Attributes:\tS:AI\n\nProcess Information:\n\tProcess ID:\t\t0xc80\n\tProcess Name:\t\tC:\\Windows\\explorer.exe\n\nAccess Request Information:\n\tAccesses:\t\tReadAttributes\n\t\t\t\t\n\tAccess Mask:\t\t0x80","logName":"Security","taskCategory":"File System","processID":"0xc80","version":1}
{"accountName":"Virtual Windows 10","eventID":4663,"accessMask":"0x80","level":"Information","objectName":"C:\\Users\\Virtual Windows 10\\Dropbox","accountDomain":"DESKTOP-MAC610T","accesses":"%%4423\n\t\t\t\t","resourceAttributes":"S:AI","keyword":["Audit Success"],"objectType":"File","handleID":"0x1eec","timestamp":"2018-08-29T11:54:54.684Z","logonID":"0x238ef","@id":"http://example.org/logEntry#logEntry-6ab379e9-418a-4086-96bb-d1eb87beb36e","@context":"http://sepses.ifs.tuwien.ac.at/contexts/wineventlog.jsonld","processName":"C:\\Program Files (x86)\\Dropbox\\Client\\Dropbox.exe","objectServer":"Security","originatesFrom":{"hostName":{"name":"DESKTOP-MAC610T"},"@id":"http://example.org/sepses#bb2bf038-07ee-4062-87cb-8d30c6bf89df","@type":"rdf:nodeID"},"computerName":"DESKTOP-MAC610T","hasLogType":"wineventlog","upCode":"Info","source":"Microsoft-Windows-Security-Auditing","@type":"http://purl.org/sepses/vocab/log/wineventlog#WindowsEventLogEntry","@timestamp":"2018-08-29T11:54:54.684Z","logMessage":"An attempt was made to access an object.\n\nSubject:\n\tSecurity ID:\t\tS-1-5-21-2889181789-4222170037-1347726928-1001\n\tAccount Name:\t\tVirtual Windows 10\n\tAccount Domain:\t\tDESKTOP-MAC610T\n\tLogon ID:\t\t0x238EF\n\nObject:\n\tObject Server:\t\tSecurity\n\tObject Type:\t\tFile\n\tObject Name:\t\tC:\\Users\\Virtual Windows 10\\Dropbox\n\tHandle ID:\t\t0x1eec\n\tResource Attributes:\tS:AI\n\nProcess Information:\n\tProcess ID:\t\t0x14f0\n\tProcess Name:\t\tC:\\Program Files (x86)\\Dropbox\\Client\\Dropbox.exe\n\nAccess Request Information:\n\tAccesses:\t\tReadAttributes\n\t\t\t\t\n\tAccess Mask:\t\t0x80","logName":"Security","taskCategory":"File System","processID":"0x14f0","version":1}
{"accountName":"Virtual Windows 10","eventID":4663,"accessMask":"0x80","level":"Information","objectName":"C:\\Users\\Virtual Windows 10\\Dropbox","accountDomain":"DESKTOP-MAC610T","accesses":"%%4423\n\t\t\t\t","resourceAttributes":"S:AI","keyword":["Audit Success"],"objectType":"File","handleID":"0x1eec","timestamp":"2018-08-29T11:54:54.684Z","logonID":"0x238ef","@id":"http://example.org/logEntry#logEntry-e9529339-298c-4281-b00e-2676d0583cd3","@context":"http://sepses.ifs.tuwien.ac.at/contexts/wineventlog.jsonld","processName":"C:\\Program Files (x86)\\Dropbox\\Client\\Dropbox.exe","objectServer":"Security","originatesFrom":{"hostName":{"name":"DESKTOP-MAC610T"},"@id":"http://example.org/sepses#daa02ec3-e792-4d24-89bb-7073443e3385","@type":"rdf:nodeID"},"computerName":"DESKTOP-MAC610T","hasLogType":"wineventlog","upCode":"Info","source":"Microsoft-Windows-Security-Auditing","@type":"http://purl.org/sepses/vocab/log/wineventlog#WindowsEventLogEntry","@timestamp":"2018-08-29T11:54:54.684Z","logMessage":"An attempt was made to access an object.\n\nSubject:\n\tSecurity ID:\t\tS-1-5-21-2889181789-4222170037-1347726928-1001\n\tAccount Name:\t\tVirtual Windows 10\n\tAccount Domain:\t\tDESKTOP-MAC610T\n\tLogon ID:\t\t0x238EF\n\nObject:\n\tObject Server:\t\tSecurity\n\tObject Type:\t\tFile\n\tObject Name:\t\tC:\\Users\\Virtual Windows 10\\Dropbox\n\tHandle ID:\t\t0x1eec\n\tResource Attributes:\tS:AI\n\nProcess Information:\n\tProcess ID:\t\t0x14f0\n\tProcess Name:\t\tC:\\Program Files (x86)\\Dropbox\\Client\\Dropbox.exe\n\nAccess Request Information:\n\tAccesses:\t\tReadAttributes\n\t\t\t\t\n\tAccess Mask:\t\t0x80","logName":"Security","taskCategory":"File System","processID":"0x14f0","version":1}
{"accountName":"Virtual Windows 10","eventID":4663,"accessMask":"0x80","level":"Information","objectName":"C:\\Users\\Virtual Windows 10\\Dropbox","accountDomain":"DESKTOP-MAC610T","accesses":"%%4423\n\t\t\t\t","resourceAttributes":"S:AI","keyword":["Audit Success"],"objectType":"File","handleID":"0x1f60","timestamp":"2018-08-29T11:54:55.305Z","logonID":"0x238ef","@id":"http://example.org/logEntry#logEntry-f8633c6b-8e04-42c0-a84d-60d446509b35","@context":"http://sepses.ifs.tuwien.ac.at/contexts/wineventlog.jsonld","processName":"C:\\Program Files (x86)\\Dropbox\\Client\\Dropbox.exe","objectServer":"Security","originatesFrom":{"hostName":{"name":"DESKTOP-MAC610T"},"@id":"http://example.org/sepses#6aeae2d0-f869-4708-a6e2-35fb0219712e","@type":"rdf:nodeID"},"computerName":"DESKTOP-MAC610T","hasLogType":"wineventlog","upCode":"Info","source":"Microsoft-Windows-Security-Auditing","@type":"http://purl.org/sepses/vocab/log/wineventlog#WindowsEventLogEntry","@timestamp":"2018-08-29T11:54:55.305Z","logMessage":"An attempt was made to access an object.\n\nSubject:\n\tSecurity ID:\t\tS-1-5-21-2889181789-4222170037-1347726928-1001\n\tAccount Name:\t\tVirtual Windows 10\n\tAccount Domain:\t\tDESKTOP-MAC610T\n\tLogon ID:\t\t0x238EF\n\nObject:\n\tObject Server:\t\tSecurity\n\tObject Type:\t\tFile\n\tObject Name:\t\tC:\\Users\\Virtual Windows 10\\Dropbox\n\tHandle ID:\t\t0x1f60\n\tResource Attributes:\tS:AI\n\nProcess Information:\n\tProcess ID:\t\t0x14f0\n\tProcess Name:\t\tC:\\Program Files (x86)\\Dropbox\\Client\\Dropbox.exe\n\nAccess Request Information:\n\tAccesses:\t\tReadAttributes\n\t\t\t\t\n\tAccess Mask:\t\t0x80","logName":"Security","taskCategory":"File System","processID":"0x14f0","version":1}
{"accountName":"Virtual Windows 10","eventID":4663,"accessMask":"0x80","level":"Information","objectName":"C:\\Users\\Virtual Windows 10\\Dropbox","accountDomain":"DESKTOP-MAC610T","accesses":"%%4423\n\t\t\t\t","resourceAttributes":"S:AI","keyword":["Audit Success"],"objectType":"File","handleID":"0x1f60","timestamp":"2018-08-29T11:54:55.305Z","logonID":"0x238ef","@id":"http://example.org/logEntry#logEntry-cf0a151c-c147-455b-8224-b148897012c0","@context":"http://sepses.ifs.tuwien.ac.at/contexts/wineventlog.jsonld","processName":"C:\\Program Files (x86)\\Dropbox\\Client\\Dropbox.exe","objectServer":"Security","originatesFrom":{"hostName":{"name":"DESKTOP-MAC610T"},"@id":"http://example.org/sepses#40c42409-20f3-445c-8c09-5cacf26b8a83","@type":"rdf:nodeID"},"computerName":"DESKTOP-MAC610T","hasLogType":"wineventlog","upCode":"Info","source":"Microsoft-Windows-Security-Auditing","@type":"http://purl.org/sepses/vocab/log/wineventlog#WindowsEventLogEntry","@timestamp":"2018-08-29T11:54:55.305Z","logMessage":"An attempt was made to access an object.\n\nSubject:\n\tSecurity ID:\t\tS-1-5-21-2889181789-4222170037-1347726928-1001\n\tAccount Name:\t\tVirtual Windows 10\n\tAccount Domain:\t\tDESKTOP-MAC610T\n\tLogon ID:\t\t0x238EF\n\nObject:\n\tObject Server:\t\tSecurity\n\tObject Type:\t\tFile\n\tObject Name:\t\tC:\\Users\\Virtual Windows 10\\Dropbox\n\tHandle ID:\t\t0x1f60\n\tResource Attributes:\tS:AI\n\nProcess Information:\n\tProcess ID:\t\t0x14f0\n\tProcess Name:\t\tC:\\Program Files (x86)\\Dropbox\\Client\\Dropbox.exe\n\nAccess Request Information:\n\tAccesses:\t\tReadAttributes\n\t\t\t\t\n\tAccess Mask:\t\t0x80","logName":"Security","taskCategory":"File System","processID":"0x14f0","version":1}
