{"accountName":"Virtual Windows 10","eventID":4663,"accessMask":"0x80","level":"Information","objectName":"C:\\Users\\Virtual Windows 10\\Dropbox\\test1.txt:com.dropbox.attributes","accountDomain":"DESKTOP-MAC610T","accesses":"%%4423\n\t\t\t\t","resourceAttributes":"S:AI","keyword":["Audit Success"],"objectType":"File","handleID":"0x1930","timestamp":"2018-08-29T11:54:48.988Z","logonID":"0x238ef","@id":"http://example.org/logEntry#logEntry-cd00fef9-0fe9-49f0-930a-2cabde608aec","@context":"http://sepses.ifs.tuwien.ac.at/contexts/wineventlog.jsonld","processName":"C:\\Windows\\explorer.exe","objectServer":"Security","originatesFrom":{"hostName":{"name":"DESKTOP-MAC610T"},"@id":"http://example.org/sepses#d64c0de4-7751-4cc3-8588-3b9d26d1d625","@type":"rdf:nodeID"},"computerName":"DESKTOP-MAC610T","hasLogType":"wineventlog","upCode":"Info","source":"Microsoft-Windows-Security-Auditing","@type":"http://purl.org/sepses/vocab/log/wineventlog#WindowsEventLogEntry","@timestamp":"2018-08-29T11:54:48.988Z","logMessage":"An attempt was made to access an object.\n\nSubject:\n\tSecurity ID:\t\tS-1-5-21-2889181789-4222170037-1347726928-1001\n\tAccount Name:\t\tVirtual Windows 10\n\tAccount Domain:\t\tDESKTOP-MAC610T\n\tLogon ID:\t\t0x238EF\n\nObject:\n\tObject Server:\t\tSecurity\n\tObject Type:\t\tFile\n\tObject Name:\t\tC:\\Users\\Virtual Windows 10\\Dropbox\\test1.txt:com.dropbox.attributes\n\tHandle ID:\t\t0x1930\n\tResource Attributes:\tS:AI\n\nProcess Information:\n\tProcess ID:\t\t0xc80\n\tProcess Name:\t\tC:\\Windows\\explorer.exe\n\nAccess Request Information:\n\tAccesses:\t\tReadAttributes\n\t\t\t\t\n\tAccess Mask:\t\t0x80","logName":"Security","taskCategory":"File System","processID":"0xc80","version":1}
{"accountName":"Virtual Windows 10","eventID":4663,"accessMask":"0x2","level":"Information","objectName":"C:\\Users\\Virtual Windows 10\\UserDocuments\\test1.txt:com.dropbox.attributes","accountDomain":"DESKTOP-MAC610T","accesses":"%%4417\n\t\t\t\t","resourceAttributes":"S:AI","keyword":["Audit Success"],"objectType":"File","handleID":"0x11b4","timestamp":"2018-08-29T11:54:48.989Z","logonID":"0x238ef","@id":"http://example.org/logEntry#logEntry-6bc55b65-fbab-4766-8a0a-60fa363e5a8d","@context":"http://sepses.ifs.tuwien.ac.at/contexts/wineventlog.jsonld","processName":"C:\\Windows\\explorer.exe","objectServer":"Security","originatesFrom":{"hostName":{"name":"DESKTOP-MAC610T"},"@id":"http://example.org/sepses#cc21701d-db56-433c-9b92-83002f0a574f","@type":"rdf:nodeID"},"computerName":"DESKTOP-MAC610T","hasLogType":"wineventlog","upCode":"Info","source":"Microsoft-Windows-Security-Auditing","@type":"http://purl.org/sepses/vocab/log/wineventlog#WindowsEventLogEntry","@timestamp":"2018-08-29T11:54:48.989Z","logMessage":"An attempt was made to access an object.\n\nSubject:\n\tSecurity ID:\t\tS-1-5-21-2889181789-4222170037-1347726928-1001\n\tAccount Name:\t\tVirtual Windows 10\n\tAccount Domain:\t\tDESKTOP-MAC610T\n\tLogon ID:\t\t0x238EF\n\nObject:\n\tObject Server:\t\tSecurity\n\tObject Type:\t\tFile\n\tObject Name:\t\tC:\\Users\\Virtual Windows 10\\UserDocuments\\test1.txt:com.dropbox.attributes\n\tHandle ID:\t\t0x11b4\n\tResource Attributes:\tS:AI\n\nProcess Information:\n\tProcess ID:\t\t0xc80\n\tProcess Name:\t\tC:\\Windows\\explorer.exe\n\nAccess Request Information:\n\tAccesses:\t\tWriteData (or AddFile)\n\t\t\t\t\n\tAccess Mask:\t\t0x2","logName":"Security","taskCategory":"File System","processID":"0xc80","version":1}
{"accountName":"Virtual Windows 10","eventID":4663,"accessMask":"0x80","level":"Information","objectName":"C:\\Users\\Virtual Windows 10\\Dropbox\\test1.txt:com.dropbox.attrs","accountDomain":"DESKTOP-MAC610T","accesses":"%%4423\n\t\t\t\t","resourceAttributes":"S:AI","keyword":["Audit Success"],"objectType":"File","handleID":"0x11b4","timestamp":"2018-08-29T11:54:48.990Z","logonID":"0x238ef","@id":"http://example.org/logEntry#logEntry-77a0c631-5584-4623-908c-71806d820f2e","@context":"http://sepses.ifs.tuwien.ac.at/contexts/wineventlog.jsonld","processName":"C:\\Windows\\explorer.exe","objectServer":"Security","originatesFrom":{"hostName":{"name":"DESKTOP-MAC610T"},"@id":"http://example.org/sepses#4889ee28-8dc7-4479-9f93-5cfb7e124ed4","@type":"rdf:nodeID"},"computerName":"DESKTOP-MAC610T","hasLogType":"wineventlog","upCode":"Info","source":"Microsoft-Windows-Security-Auditing","@type":"http://purl.org/sepses/vocab/log/wineventlog#WindowsEventLogEntry","@timestamp":"2018-08-29T11:54:48.990Z","logMessage":"An attempt was made to access an object.\n\nSubject:\n\tSecurity ID:\t\tS-1-5-21-2889181789-4222170037-1347726928-1001\n\tAccount Name:\t\tVirtual Windows 10\n\tAccount Domain:\t\tDESKTOP-MAC610T\n\tLogon ID:\t\t0x238EF\n\nObject:\n\tObject Server:\t\tSecurity\n\tObject Type:\t\tFile\n\tObject Name:\t\tC:\\Users\\Virtual Windows 10\\Dropbox\\test1.txt:com.dropbox.attrs\n\tHandle ID:\t\t0x11b4\n\tResource Attributes:\tS:AI\n\nProcess Information:\n\tProcess ID:\t\t0xc80\n\tProcess Name:\t\tC:\\Windows\\explorer.exe\n\nAccess Request Information:\n\tAccesses:\t\tReadAttributes\n\t\t\t\t\n\tAccess Mask:\t\t0x80","logName":"Security","taskCategory":"File System","processID":"0xc80","version":1}
{"accountName":"Virtual Windows 10","eventID":4663,"accessMask":"0x2","level":"Information","objectName":"C:\\Users\\Virtual Windows 10\\UserDocuments\\test1.txt:com.dropbox.attrs","accountDomain":"DESKTOP-MAC610T","accesses":"%%4417\n\t\t\t\t","resourceAttributes":"S:AI","keyword":["Audit Success"],"objectType":"File","handleID":"0x1930","timestamp":"2018-08-29T11:54:48.991Z","logonID":"0x238ef","@id":"http://example.org/logEntry#logEntry-46322fe3-5da0-4782-a4b2-524af28f7b16","@context":"http://sepses.ifs.tuwien.ac.at/contexts/wineventlog.jsonld","processName":"C:\\Windows\\explorer.exe","objectServer":"Security","originatesFrom":{"hostName":{"name":"DESKTOP-MAC610T"},"@id":"http://example.org/sepses#96c24ab0-b9ca-4fda-959e-862430343a48","@type":"rdf:nodeID"},"computerName":"DESKTOP-MAC610T","hasLogType":"wineventlog","upCode":"Info","source":"Microsoft-Windows-Security-Auditing","@type":"http://purl.org/sepses/vocab/log/wineventlog#WindowsEventLogEntry","@timestamp":"2018-08-29T11:54:48.991Z","logMessage":"An attempt was made to access an object.\n\nSubject:\n\tSecurity ID:\t\tS-1-5-21-2889181789-4222170037-1347726928-1001\n\tAccount Name:\t\tVirtual Windows 10\n\tAccount Domain:\t\tDESKTOP-MAC610T\n\tLogon ID:\t\t0x238EF\n\nObject:\n\tObject Server:\t\tSecurity\n\tObject Type:\t\tFile\n\tObject Name:\t\tC:\\Users\\Virtual Windows 10\\UserDocuments\\test1.txt:com.dropbox.attrs\n\tHandle ID:\t\t0x1930\n\tResource Attributes:\tS:AI\n\nProcess Information:\n\tProcess ID:\t\t0xc80\n\tProcess Name:\t\tC:\\Windows\\explorer.exe\n\nAccess Request Information:\n\tAccesses:\t\tWriteData (or AddFile)\n\t\t\t\t\n\tAccess Mask:\t\t0x2","logName":"Security","taskCategory":"File System","processID":"0xc80","version":1}
{"accountName":"Virtual Windows 10","eventID":4663,"accessMask":"0x80","level":"Information","objectName":"C:\\Users\\Virtual Windows 10\\UserDocuments","accountDomain":"DESKTOP-MAC610T","accesses":"%%4423\n\t\t\t\t","resourceAttributes":"S:AI","keyword":["Audit Success"],"objectType":"File","handleID":"0x235c","timestamp":"2018-08-29T11:54:48.999Z","logonID":"0x238ef","@id":"http://example.org/logEntry#logEntry-fbf049d3-9207-4269-9799-4e836f79284c","@context":"http://sepses.ifs.tuwien.ac.at/contexts/wineventlog.jsonld","processName":"C:\\Windows\\explorer.exe","objectServer":"Security","originatesFrom":{"hostName":{"name":"DESKTOP-MAC610T"},"@id":"http://example.org/sepses#f6aa44ef-f4aa-4705-9a39-c41cb1f5423a","@type":"rdf:nodeID"},"computerName":"DESKTOP-MAC610T","hasLogType":"wineventlog","upCode":"Info","source":"Microsoft-Windows-Security-Auditing","@type":"http://purl.org/sepses/vocab/log/wineventlog#WindowsEventLogEntry","@timestamp":"2018-08-29T11:54:48.999Z","logMessage":"An attempt was made to access an object.\n\nSubject:\n\tSecurity ID:\t\tS-1-5-21-2889181789-4222170037-1347726928-1001\n\tAccount Name:\t\tVirtual Windows 10\n\tAccount Domain:\t\tDESKTOP-MAC610T\n\tLogon ID:\t\t0x238EF\n\nObject:\n\tObject Server:\t\tSecurity\n\tObject Type:\t\tFile\n\tObject Name:\t\tC:\\Users\\Virtual Windows 10\\UserDocuments\n\tHandle ID:\t\t0x235c\n\tResource Attributes:\tS:AI\n\nProcess Information:\n\tProcess ID:\t\t0xc80\n\tProcess Name:\t\tC:\\Windows\\explorer.exe\n\nAccess Request Information:\n\tAccesses:\t\tReadAttributes\n\t\t\t\t\n\tAccess Mask:\t\t0x80","logName":"Security","taskCategory":"File System","processID":"0xc80","version":1}
{"accountName":"Virtual Windows 10","eventID":4663,"accessMask":"0x80","level":"Information","objectName":"C:\\Users\\Virtual Windows 10\\UserDocuments","accountDomain":"DESKTOP-MAC610T","accesses":"%%4423\n\t\t\t\t","resourceAttributes":"S:AI","keyword":["Audit Success"],"objectType":"File","handleID":"0x2d24","timestamp":"2018-08-29T11:54:48.999Z","logonID":"0x238ef","@id":"http://example.org/logEntry#logEntry-d6811671-a0df-4570-a20c-361a55914660","@context":"http://sepses.ifs.tuwien.ac.at/contexts/wineventlog.jsonld","processName":"C:\\Windows\\explorer.exe","objectServer":"Security","originatesFrom":{"hostName":{"name":"DESKTOP-MAC610T"},"@id":"http://example.org/sepses#4c1338c6-3824-4c23-9214-9f0111e65a1c","@type":"rdf:nodeID"},"computerName":"DESKTOP-MAC610T","hasLogType":"wineventlog","upCode":"Info","source":"Microsoft-Windows-Security-Auditing","@type":"http://purl.org/sepses/vocab/log/wineventlog#WindowsEventLogEntry","@timestamp":"2018-08-29T11:54:48.999Z","logMessage":"An attempt was made to access an object.\n\nSubject:\n\tSecurity ID:\t\tS-1-5-21-2889181789-4222170037-1347726928-1001\n\tAccount Name:\t\tVirtual Windows 10\n\tAccount Domain:\t\tDESKTOP-MAC610T\n\tLogon ID:\t\t0x238EF\n\nObject:\n\tObject Server:\t\tSecurity\n\tObject Type:\t\tFile\n\tObject Name:\t\tC:\\Users\\Virtual Windows 10\\UserDocuments\n\tHandle ID:\t\t0x2d24\n\tResource Attributes:\tS:AI\n\nProcess Information:\n\tProcess ID:\t\t0xc80\n\tProcess Name:\t\tC:\\Windows\\explorer.exe\n\nAccess Request Information:\n\tAccesses:\t\tReadAttributes\n\t\t\t\t\n\tAccess Mask:\t\t0x80","logName":"Security","taskCategory":"File System","processID":"0xc80","version":1}
{"accountName":"Virtual Windows 10","eventID":4663,"accessMask":"0x80","level":"Information","objectName":"C:\\Users\\Virtual Windows 10\\Dropbox","accountDomain":"DESKTOP-MAC610T","accesses":"%%4423\n\t\t\t\t","resourceAttributes":"S:AI","keyword":["Audit Success"],"objectType":"File","handleID":"0x27b8","timestamp":"2018-08-29T11:54:49.002Z","logonID":"0x238ef","@id":"http://example.org/logEntry#logEntry-03cea907-10cb-424f-8041-d37ca66d1f08","@context":"http://sepses.ifs.tuwien.ac.at/contexts/wineventlog.jsonld","processName":"C:\\Windows\\explorer.exe","objectServer":"Security","originatesFrom":{"hostName":{"name":"DESKTOP-MAC610T"},"@id":"http://example.org/sepses#7b3a3a4c-b88b-420f-94d4-c47d18d9b2b1","@type":"rdf:nodeID"},"computerName":"DESKTOP-MAC610T","hasLogType":"wineventlog","upCode":"Info","source":"Microsoft-Windows-Security-Auditing","@type":"http://purl.org/sepses/vocab/log/wineventlog#WindowsEventLogEntry","@timestamp":"2018-08-29T11:54:49.002Z","logMessage":"An attempt was made to access an object.\n\nSubject:\n\tSecurity ID:\t\tS-1-5-21-2889181789-4222170037-1347726928-1001\n\tAccount Name:\t\tVirtual Windows 10\n\tAccount Domain:\t\tDESKTOP-MAC610T\n\tLogon ID:\t\t0x238EF\n\nObject:\n\tObject Server:\t\tSecurity\n\tObject Type:\t\tFile\n\tObject Name:\t\tC:\\Users\\Virtual Windows 10\\Dropbox\n\tHandle ID:\t\t0x27b8\n\tResource Attributes:\tS:AI\n\nProcess Information:\n\tProcess ID:\t\t0xc80\n\tProcess Name:\t\tC:\\Windows\\explorer.exe\n\nAccess Request Information:\n\tAccesses:\t\tReadAttributes\n\t\t\t\t\n\tAccess Mask:\t\t0x80","logName":"Security","taskCategory":"File System","processID":"0xc80","version":1}
{"accountName":"Virtual Windows 10","eventID":4663,"accessMask":"0x80","level":"Information","objectName":"C:\\Users\\Virtual Windows 10\\UserDocuments","accountDomain":"DESKTOP-MAC610T","accesses":"%%4423\n\t\t\t\t","resourceAttributes":"S:AI","keyword":["Audit Success"],"objectType":"File","handleID":"0x20e4","timestamp":"2018-08-29T11:54:49.067Z","logonID":"0x238ef","@id":"http://example.org/logEntry#logEntry-9064fcab-7a01-4900-82c0-8c4c26070b79","@context":"http://sepses.ifs.tuwien.ac.at/contexts/wineventlog.jsonld","processName":"C:\\Windows\\explorer.exe","objectServer":"Security","originatesFrom":{"hostName":{"name":"DESKTOP-MAC610T"},"@id":"http://example.org/sepses#2e891848-124c-429f-854a-ebbe763dfe50","@type":"rdf:nodeID"},"computerName":"DESKTOP-MAC610T","hasLogType":"wineventlog","upCode":"Info","source":"Microsoft-Windows-Security-Auditing","@type":"http://purl.org/sepses/vocab/log/wineventlog#WindowsEventLogEntry","@timestamp":"2018-08-29T11:54:49.067Z","logMessage":"An attempt was made to access an object.\n\nSubject:\n\tSecurity ID:\t\tS-1-5-21-2889181789-4222170037-1347726928-1001\n\tAccount Name:\t\tVirtual Windows 10\n\tAccount Domain:\t\tDESKTOP-MAC610T\n\tLogon ID:\t\t0x238EF\n\nObject:\n\tObject Server:\t\tSecurity\n\tObject Type:\t\tFile\n\tObject Name:\t\tC:\\Users\\Virtual Windows 10\\UserDocuments\n\tHandle ID:\t\t0x20e4\n\tResource Attributes:\tS:AI\n\nProcess Information:\n\tProcess ID:\t\t0xc80\n\tProcess Name:\t\tC:\\Windows\\explorer.exe\n\nAccess Request Information:\n\tAccesses:\t\tReadAttributes\n\t\t\t\t\n\tAccess Mask:\t\t0x80","logName":"Security","taskCategory":"File System","processID":"0xc80","version":1}
{"accountName":"Virtual Windows 10","eventID":4663,"accessMask":"0x80","level":"Information","objectName":"C:\\Users\\Virtual Windows 10\\UserDocuments","accountDomain":"DESKTOP-MAC610T","accesses":"%%4423\n\t\t\t\t","resourceAttributes":"S:AI","keyword":["Audit Success"],"objectType":"File","handleID":"0x2d48","timestamp":"2018-08-29T11:54:49.207Z","logonID":"0x238ef","@id":"http://example.org/logEntry#logEntry-ea4015d7-fac4-4983-9de0-748329cba882","@context":"http://sepses.ifs.tuwien.ac.at/contexts/wineventlog.jsonld","processName":"C:\\Windows\\explorer.exe","objectServer":"Security","originatesFrom":{"hostName":{"name":"DESKTOP-MAC610T"},"@id":"http://example.org/sepses#a9310a53-16fe-47f4-bba0-18d913f8a707","@type":"rdf:nodeID"},"computerName":"DESKTOP-MAC610T","hasLogType":"wineventlog","upCode":"Info","source":"Microsoft-Windows-Security-Auditing","@type":"http://purl.org/sepses/vocab/log/wineventlog#WindowsEventLogEntry","@timestamp":"2018-08-29T11:54:49.207Z","logMessage":"An attempt was made to access an object.\n\nSubject:\n\tSecurity ID:\t\tS-1-5-21-2889181789-4222170037-1347726928-1001\n\tAccount Name:\t\tVirtual Windows 10\n\tAccount Domain:\t\tDESKTOP-MAC610T\n\tLogon ID:\t\t0x238EF\n\nObject:\n\tObject Server:\t\tSecurity\n\tObject Type:\t\tFile\n\tObject Name:\t\tC:\\Users\\Virtual Windows 10\\UserDocuments\n\tHandle ID:\t\t0x2d48\n\tResource Attributes:\tS:AI\n\nProcess Information:\n\tProcess ID:\t\t0xc80\n\tProcess Name:\t\tC:\\Windows\\explorer.exe\n\nAccess Request Information:\n\tAccesses:\t\tReadAttributes\n\t\t\t\t\n\tAccess Mask:\t\t0x80","logName":"Security","taskCategory":"File System","processID":"0xc80","version":1}
{"accountName":"Virtual Windows 10","eventID":4663,"accessMask":"0x80","level":"Information","objectName":"C:\\Users\\Virtual Windows 10\\UserDocuments","accountDomain":"DESKTOP-MAC610T","accesses":"%%4423\n\t\t\t\t","resourceAttributes":"S:AI","keyword":["Audit Success"],"objectType":"File","handleID":"0x2d48","timestamp":"2018-08-29T11:54:49.212Z","logonID":"0x238ef","@id":"http://example.org/logEntry#logEntry-02127f1c-d2eb-4d56-b888-ef2001bf2aaa","@context":"http://sepses.ifs.tuwien.ac.at/contexts/wineventlog.jsonld","processName":"C:\\Windows\\explorer.exe","objectServer":"Security","originatesFrom":{"hostName":{"name":"DESKTOP-MAC610T"},"@id":"http://example.org/sepses#0ca04773-294b-476f-a0c8-0c65bd3c1361","@type":"rdf:nodeID"},"computerName":"DESKTOP-MAC610T","hasLogType":"wineventlog","upCode":"Info","source":"Microsoft-Windows-Security-Auditing","@type":"http://purl.org/sepses/vocab/log/wineventlog#WindowsEventLogEntry","@timestamp":"2018-08-29T11:54:49.212Z","logMessage":"An attempt was made to access an object.\n\nSubject:\n\tSecurity ID:\t\tS-1-5-21-2889181789-4222170037-1347726928-1001\n\tAccount Name:\t\tVirtual Windows 10\n\tAccount Domain:\t\tDESKTOP-MAC610T\n\tLogon ID:\t\t0x238EF\n\nObject:\n\tObject Server:\t\tSecurity\n\tObject Type:\t\tFile\n\tObject Name:\t\tC:\\Users\\Virtual Windows 10\\UserDocuments\n\tHandle ID:\t\t0x2d48\n\tResource Attributes:\tS:AI\n\nProcess Information:\n\tProcess ID:\t\t0xc80\n\tProcess Name:\t\tC:\\Windows\\explorer.exe\n\nAccess Request Information:\n\tAccesses:\t\tReadAttributes\n\t\t\t\t\n\tAccess Mask:\t\t0x80","logName":"Security","taskCategory":"File System","processID":"0xc80","version":1}
{"accountName":"Virtual Windows 10","eventID":4663,"accessMask":"0x80","level":"Information","objectName":"C:\\Users\\Virtual Windows 10\\Dropbox","accountDomain":"DESKTOP-MAC610T","accesses":"%%4423\n\t\t\t\t","resourceAttributes":"S:AI","keyword":["Audit Success"],"objectType":"File","handleID":"0x1f04","timestamp":"2018-08-29T11:54:49.347Z","logonID":"0x238ef","@id":"http://example.org/logEntry#logEntry-d4863485-6c7a-49c7-ac90-309abde6308d","@context":"http://sepses.ifs.tuwien.ac.at/contexts/wineventlog.jsonld","processName":"C:\\Program Files (x86)\\Dropbox\\Client\\Dropbox.exe","objectServer":"Security","originatesFrom":{"hostName":{"name":"DESKTOP-MAC610T"},"@id":"http://example.org/sepses#64d207cb-4bea-4a68-9132-bf629f7f322f","@type":"rdf:nodeID"},"computerName":"DESKTOP-MAC610T","hasLogType":"wineventlog","upCode":"Info","source":"Microsoft-Windows-Security-Auditing","@type":"http://purl.org/sepses/vocab/log/wineventlog#WindowsEventLogEntry","@timestamp":"2018-08-29T11:54:49.347Z","logMessage":"An attempt was made to access an object.\n\nSubject:\n\tSecurity ID:\t\tS-1-5-21-2889181789-4222170037-1347726928-1001\n\tAccount Name:\t\tVirtual Windows 10\n\tAccount Domain:\t\tDESKTOP-MAC610T\n\tLogon ID:\t\t0x238EF\n\nObject:\n\tObject Server:\t\tSecurity\n\tObject Type:\t\tFile\n\tObject Name:\t\tC:\\Users\\Virtual Windows 10\\Dropbox\n\tHandle ID:\t\t0x1f04\n\tResource Attributes:\tS:AI\n\nProcess Information:\n\tProcess ID:\t\t0x14f0\n\tProcess Name:\t\tC:\\Program Files (x86)\\Dropbox\\Client\\Dropbox.exe\n\nAccess Request Information:\n\tAccesses:\t\tReadAttributes\n\t\t\t\t\n\tAccess Mask:\t\t0x80","logName":"Security","taskCategory":"File System","processID":"0x14f0","version":1}
{"accountName":"Virtual Windows 10","eventID":4663,"accessMask":"0x80","level":"Information","objectName":"C:\\Users\\Virtual Windows 10\\Dropbox","accountDomain":"DESKTOP-MAC610T","accesses":"%%4423\n\t\t\t\t","resourceAttributes":"S:AI","keyword":["Audit Success"],"objectType":"File","handleID":"0x1f04","timestamp":"2018-08-29T11:54:49.347Z","logonID":"0x238ef","@id":"http://example.org/logEntry#logEntry-3538ca20-9456-4efe-af47-657d04c6c45f","@context":"http://sepses.ifs.tuwien.ac.at/contexts/wineventlog.jsonld","processName":"C:\\Program Files (x86)\\Dropbox\\Client\\Dropbox.exe","objectServer":"Security","originatesFrom":{"hostName":{"name":"DESKTOP-MAC610T"},"@id":"http://example.org/sepses#ac87823f-5187-4483-baa9-9cb8270903c7","@type":"rdf:nodeID"},"computerName":"DESKTOP-MAC610T","hasLogType":"wineventlog","upCode":"Info","source":"Microsoft-Windows-Security-Auditing","@type":"http://purl.org/sepses/vocab/log/wineventlog#WindowsEventLogEntry","@timestamp":"2018-08-29T11:54:49.347Z","logMessage":"An attempt was made to access an object.\n\nSubject:\n\tSecurity ID:\t\tS-1-5-21-2889181789-4222170037-1347726928-1001\n\tAccount Name:\t\tVirtual Windows 10\n\tAccount Domain:\t\tDESKTOP-MAC610T\n\tLogon ID:\t\t0x238EF\n\nObject:\n\tObject Server:\t\tSecurity\n\tObject Type:\t\tFile\n\tObject Name:\t\tC:\\Users\\Virtual Windows 10\\Dropbox\n\tHandle ID:\t\t0x1f04\n\tResource Attributes:\tS:AI\n\nProcess Information:\n\tProcess ID:\t\t0x14f0\n\tProcess Name:\t\tC:\\Program Files (x86)\\Dropbox\\Client\\Dropbox.exe\n\nAccess Request Information:\n\tAccesses:\t\tReadAttributes\n\t\t\t\t\n\tAccess Mask:\t\t0x80","logName":"Security","taskCategory":"File System","processID":"0x14f0","version":1}
{"accountName":"Virtual Windows 10","eventID":4663,"accessMask":"0x80","level":"Information","objectName":"C:\\Users\\Virtual Windows 10\\Dropbox","accountDomain":"DESKTOP-MAC610T","accesses":"%%4423\n\t\t\t\t","resourceAttributes":"S:AI","keyword":["Audit Success"],"objectType":"File","handleID":"0x1f04","timestamp":"2018-08-29T11:54:49.347Z","logonID":"0x238ef","@id":"http://example.org/logEntry#logEntry-ba563c3d-2b9f-4527-8253-dfe2ddd85a69","@context":"http://sepses.ifs.tuwien.ac.at/contexts/wineventlog.jsonld","processName":"C:\\Program Files (x86)\\Dropbox\\Client\\Dropbox.exe","objectServer":"Security","originatesFrom":{"hostName":{"name":"DESKTOP-MAC610T"},"@id":"http://example.org/sepses#ca0281c8-74ce-4adf-b684-996ad15dd0e6","@type":"rdf:nodeID"},"computerName":"DESKTOP-MAC610T","hasLogType":"wineventlog","upCode":"Info","source":"Microsoft-Windows-Security-Auditing","@type":"http://purl.org/sepses/vocab/log/wineventlog#WindowsEventLogEntry","@timestamp":"2018-08-29T11:54:49.347Z","logMessage":"An attempt was made to access an object.\n\nSubject:\n\tSecurity ID:\t\tS-1-5-21-2889181789-4222170037-1347726928-1001\n\tAccount Name:\t\tVirtual Windows 10\n\tAccount Domain:\t\tDESKTOP-MAC610T\n\tLogon ID:\t\t0x238EF\n\nObject:\n\tObject Server:\t\tSecurity\n\tObject Type:\t\tFile\n\tObject Name:\t\tC:\\Users\\Virtual Windows 10\\Dropbox\n\tHandle ID:\t\t0x1f04\n\tResource Attributes:\tS:AI\n\nProcess Information:\n\tProcess ID:\t\t0x14f0\n\tProcess Name:\t\tC:\\Program Files (x86)\\Dropbox\\Client\\Dropbox.exe\n\nAccess Request Information:\n\tAccesses:\t\tReadAttributes\n\t\t\t\t\n\tAccess Mask:\t\t0x80","logName":"Security","taskCategory":"File System","processID":"0x14f0","version":1}
{"accountName":"Virtual Windows 10","eventID":4663,"accessMask":"0x80","level":"Information","objectName":"C:\\Users\\Virtual Windows 10\\UserDocuments","accountDomain":"DESKTOP-MAC610T","accesses":"%%4423\n\t\t\t\t","resourceAttributes":"S:AI","keyword":["Audit Success"],"objectType":"File","handleID":"0x3098","timestamp":"2018-08-29T11:54:49.371Z","logonID":"0x238ef","@id":"http://example.org/logEntry#logEntry-f8cdb7ce-c11d-488d-aee8-cd320f675f5a","@context":"http://sepses.ifs.tuwien.ac.at/contexts/wineventlog.jsonld","processName":"C:\\Windows\\explorer.exe","objectServer":"Security","originatesFrom":{"hostName":{"name":"DESKTOP-MAC610T"},"@id":"http://example.org/sepses#1fe2e96f-4376-4e3e-a411-c0c1d68a411a","@type":"rdf:nodeID"},"computerName":"DESKTOP-MAC610T","hasLogType":"wineventlog","upCode":"Info","source":"Microsoft-Windows-Security-Auditing","@type":"http://purl.org/sepses/vocab/log/wineventlog#WindowsEventLogEntry","@timestamp":"2018-08-29T11:54:49.371Z","logMessage":"An attempt was made to access an object.\n\nSubject:\n\tSecurity ID:\t\tS-1-5-21-2889181789-4222170037-1347726928-1001\n\tAccount Name:\t\tVirtual Windows 10\n\tAccount Domain:\t\tDESKTOP-MAC610T\n\tLogon ID:\t\t0x238EF\n\nObject:\n\tObject Server:\t\tSecurity\n\tObject Type:\t\tFile\n\tObject Name:\t\tC:\\Users\\Virtual Windows 10\\UserDocuments\n\tHandle ID:\t\t0x3098\n\tResource Attributes:\tS:AI\n\nProcess Information:\n\tProcess ID:\t\t0xc80\n\tProcess Name:\t\tC:\\Windows\\explorer.exe\n\nAccess Request Information:\n\tAccesses:\t\tReadAttributes\n\t\t\t\t\n\tAccess Mask:\t\t0x80","logName":"Security","taskCategory":"File System","processID":"0xc80","version":1}
{"accountName":"Virtual Windows 10","eventID":4663,"accessMask":"0x80","level":"Information","objectName":"C:\\Users\\Virtual Windows 10\\UserDocuments","accountDomain":"DESKTOP-MAC610T","accesses":"%%4423\n\t\t\t\t","resourceAttributes":"S:AI","keyword":["Audit Success"],"objectType":"File","handleID":"0x1af0","timestamp":"2018-08-29T11:54:49.376Z","logonID":"0x238ef","@id":"http://example.org/logEntry#logEntry-b05785d2-7f70-4349-9213-437a1a965aea","@context":"http://sepses.ifs.tuwien.ac.at/contexts/wineventlog.jsonld","processName":"C:\\Windows\\explorer.exe","objectServer":"Security","originatesFrom":{"hostName":{"name":"DESKTOP-MAC610T"},"@id":"http://example.org/sepses#357d5805-536b-44db-bfbe-d277dcc493aa","@type":"rdf:nodeID"},"computerName":"DESKTOP-MAC610T","hasLogType":"wineventlog","upCode":"Info","source":"Microsoft-Windows-Security-Auditing","@type":"http://purl.org/sepses/vocab/log/wineventlog#WindowsEventLogEntry","@timestamp":"2018-08-29T11:54:49.376Z","logMessage":"An attempt was made to access an object.\n\nSubject:\n\tSecurity ID:\t\tS-1-5-21-2889181789-4222170037-1347726928-1001\n\tAccount Name:\t\tVirtual Windows 10\n\tAccount Domain:\t\tDESKTOP-MAC610T\n\tLogon ID:\t\t0x238EF\n\nObject:\n\tObject Server:\t\tSecurity\n\tObject Type:\t\tFile\n\tObject Name:\t\tC:\\Users\\Virtual Windows 10\\UserDocuments\n\tHandle ID:\t\t0x1af0\n\tResource Attributes:\tS:AI\n\nProcess Information:\n\tProcess ID:\t\t0xc80\n\tProcess Name:\t\tC:\\Windows\\explorer.exe\n\nAccess Request Information:\n\tAccesses:\t\tReadAttributes\n\t\t\t\t\n\tAccess Mask:\t\t0x80","logName":"Security","taskCategory":"File System","processID":"0xc80","version":1}
{"accountName":"Virtual Windows 10","eventID":4663,"accessMask":"0x80","level":"Information","objectName":"C:\\Users\\Virtual Windows 10\\Dropbox","accountDomain":"DESKTOP-MAC610T","accesses":"%%4423\n\t\t\t\t","resourceAttributes":"S:AI","keyword":["Audit Success"],"objectType":"File","handleID":"0x1f04","timestamp":"2018-08-29T11:54:49.482Z","logonID":"0x238ef","@id":"http://example.org/logEntry#logEntry-bfea1c50-4d61-4523-b107-0d631e9fa7e5","@context":"http://sepses.ifs.tuwien.ac.at/contexts/wineventlog.jsonld","processName":"C:\\Program Files (x86)\\Dropbox\\Client\\Dropbox.exe","objectServer":"Security","originatesFrom":{"hostName":{"name":"DESKTOP-MAC610T"},"@id":"http://example.org/sepses#ed63e5fb-e1dc-491e-b00e-5cfb7f7a1e83","@type":"rdf:nodeID"},"computerName":"DESKTOP-MAC610T","hasLogType":"wineventlog","upCode":"Info","source":"Microsoft-Windows-Security-Auditing","@type":"http://purl.org/sepses/vocab/log/wineventlog#WindowsEventLogEntry","@timestamp":"2018-08-29T11:54:49.482Z","logMessage":"An attempt was made to access an object.\n\nSubject:\n\tSecurity ID:\t\tS-1-5-21-2889181789-4222170037-1347726928-1001\n\tAccount Name:\t\tVirtual Windows 10\n\tAccount Domain:\t\tDESKTOP-MAC610T\n\tLogon ID:\t\t0x238EF\n\nObject:\n\tObject Server:\t\tSecurity\n\tObject Type:\t\tFile\n\tObject Name:\t\tC:\\Users\\Virtual Windows 10\\Dropbox\n\tHandle ID:\t\t0x1f04\n\tResource Attributes:\tS:AI\n\nProcess Information:\n\tProcess ID:\t\t0x14f0\n\tProcess Name:\t\tC:\\Program Files (x86)\\Dropbox\\Client\\Dropbox.exe\n\nAccess Request Information:\n\tAccesses:\t\tReadAttributes\n\t\t\t\t\n\tAccess Mask:\t\t0x80","logName":"Security","taskCategory":"File System","processID":"0x14f0","version":1}
{"accountName":"Virtual Windows 10","eventID":4663,"accessMask":"0x80","level":"Information","objectName":"C:\\Users\\Virtual Windows 10\\Dropbox","accountDomain":"DESKTOP-MAC610T","accesses":"%%4423\n\t\t\t\t","resourceAttributes":"S:AI","keyword":["Audit Success"],"objectType":"File","handleID":"0x1f04","timestamp":"2018-08-29T11:54:49.482Z","logonID":"0x238ef","@id":"http://example.org/logEntry#logEntry-c09367ff-1dfa-455b-abc7-02728e4f13be","@context":"http://sepses.ifs.tuwien.ac.at/contexts/wineventlog.jsonld","processName":"C:\\Program Files (x86)\\Dropbox\\Client\\Dropbox.exe","objectServer":"Security","originatesFrom":{"hostName":{"name":"DESKTOP-MAC610T"},"@id":"http://example.org/sepses#9d058758-d770-446a-a700-0724a632d89e","@type":"rdf:nodeID"},"computerName":"DESKTOP-MAC610T","hasLogType":"wineventlog","upCode":"Info","source":"Microsoft-Windows-Security-Auditing","@type":"http://purl.org/sepses/vocab/log/wineventlog#WindowsEventLogEntry","@timestamp":"2018-08-29T11:54:49.482Z","logMessage":"An attempt was made to access an object.\n\nSubject:\n\tSecurity ID:\t\tS-1-5-21-2889181789-4222170037-1347726928-1001\n\tAccount Name:\t\tVirtual Windows 10\n\tAccount Domain:\t\tDESKTOP-MAC610T\n\tLogon ID:\t\t0x238EF\n\nObject:\n\tObject Server:\t\tSecurity\n\tObject Type:\t\tFile\n\tObject Name:\t\tC:\\Users\\Virtual Windows 10\\Dropbox\n\tHandle ID:\t\t0x1f04\n\tResource Attributes:\tS:AI\n\nProcess Information:\n\tProcess ID:\t\t0x14f0\n\tProcess Name:\t\tC:\\Program Files (x86)\\Dropbox\\Client\\Dropbox.exe\n\nAccess Request Information:\n\tAccesses:\t\tReadAttributes\n\t\t\t\t\n\tAccess Mask:\t\t0x80","logName":"Security","taskCategory":"File System","processID":"0x14f0","version":1}
{"accountName":"Virtual Windows 10","eventID":4663,"accessMask":"0x80","level":"Information","objectName":"C:\\Users\\Virtual Windows 10\\Dropbox","accountDomain":"DESKTOP-MAC610T","accesses":"%%4423\n\t\t\t\t","resourceAttributes":"S:AI","keyword":["Audit Success"],"objectType":"File","handleID":"0x1f04","timestamp":"2018-08-29T11:54:49.483Z","logonID":"0x238ef","@id":"http://example.org/logEntry#logEntry-0c1cc221-39c7-4a5e-b925-c92d6019b862","@context":"http://sepses.ifs.tuwien.ac.at/contexts/wineventlog.jsonld","processName":"C:\\Program Files (x86)\\Dropbox\\Client\\Dropbox.exe","objectServer":"Security","originatesFrom":{"hostName":{"name":"DESKTOP-MAC610T"},"@id":"http://example.org/sepses#5cb1bb5e-7b9d-4505-a279-9efb18f81be9","@type":"rdf:nodeID"},"computerName":"DESKTOP-MAC610T","hasLogType":"wineventlog","upCode":"Info","source":"Microsoft-Windows-Security-Auditing","@type":"http://purl.org/sepses/vocab/log/wineventlog#WindowsEventLogEntry","@timestamp":"2018-08-29T11:54:49.483Z","logMessage":"An attempt was made to access an object.\n\nSubject:\n\tSecurity ID:\t\tS-1-5-21-2889181789-4222170037-1347726928-1001\n\tAccount Name:\t\tVirtual Windows 10\n\tAccount Domain:\t\tDESKTOP-MAC610T\n\tLogon ID:\t\t0x238EF\n\nObject:\n\tObject Server:\t\tSecurity\n\tObject Type:\t\tFile\n\tObject Name:\t\tC:\\Users\\Virtual Windows 10\\Dropbox\n\tHandle ID:\t\t0x1f04\n\tResource Attributes:\tS:AI\n\nProcess Information:\n\tProcess ID:\t\t0x14f0\n\tProcess Name:\t\tC:\\Program Files (x86)\\Dropbox\\Client\\Dropbox.exe\n\nAccess Request Information:\n\tAccesses:\t\tReadAttributes\n\t\t\t\t\n\tAccess Mask:\t\t0x80","logName":"Security","taskCategory":"File System","processID":"0x14f0","version":1}
{"accountName":"Virtual Windows 10","eventID":4663,"accessMask":"0x80","level":"Information","objectName":"C:\\Users\\Virtual Windows 10\\UserDocuments","accountDomain":"DESKTOP-MAC610T","accesses":"%%4423\n\t\t\t\t","resourceAttributes":"S:AI","keyword":["Audit Success"],"objectType":"File","handleID":"0x2cc4","timestamp":"2018-08-29T11:54:49.506Z","logonID":"0x238ef","@id":"http://example.org/logEntry#logEntry-30783e0d-42e2-4818-8a43-14117f855c7e","@context":"http://sepses.ifs.tuwien.ac.at/contexts/wineventlog.jsonld","processName":"C:\\Windows\\explorer.exe","objectServer":"Security","originatesFrom":{"hostName":{"name":"DESKTOP-MAC610T"},"@id":"http://example.org/sepses#f210c479-c4d6-4ae8-97f7-6d4214d48500","@type":"rdf:nodeID"},"computerName":"DESKTOP-MAC610T","hasLogType":"wineventlog","upCode":"Info","source":"Microsoft-Windows-Security-Auditing","@type":"http://purl.org/sepses/vocab/log/wineventlog#WindowsEventLogEntry","@timestamp":"2018-08-29T11:54:49.506Z","logMessage":"An attempt was made to access an object.\n\nSubject:\n\tSecurity ID:\t\tS-1-5-21-2889181789-4222170037-1347726928-1001\n\tAccount Name:\t\tVirtual Windows 10\n\tAccount Domain:\t\tDESKTOP-MAC610T\n\tLogon ID:\t\t0x238EF\n\nObject:\n\tObject Server:\t\tSecurity\n\tObject Type:\t\tFile\n\tObject Name:\t\tC:\\Users\\Virtual Windows 10\\UserDocuments\n\tHandle ID:\t\t0x2cc4\n\tResource Attributes:\tS:AI\n\nProcess Information:\n\tProcess ID:\t\t0xc80\n\tProcess Name:\t\tC:\\Windows\\explorer.exe\n\nAccess Request Information:\n\tAccesses:\t\tReadAttributes\n\t\t\t\t\n\tAccess Mask:\t\t0x80","logName":"Security","taskCategory":"File System","processID":"0xc80","version":1}
{"accountName":"Virtual Windows 10","eventID":4663,"accessMask":"0x80","level":"Information","objectName":"C:\\Users\\Virtual Windows 10\\UserDocuments","accountDomain":"DESKTOP-MAC610T","accesses":"%%4423\n\t\t\t\t","resourceAttributes":"S:AI","keyword":["Audit Success"],"objectType":"File","handleID":"0x2af4","timestamp":"2018-08-29T11:54:49.513Z","logonID":"0x238ef","@id":"http://example.org/logEntry#logEntry-6357dd51-38e4-4a25-8ed9-3596a933f87a","@context":"http://sepses.ifs.tuwien.ac.at/contexts/wineventlog.jsonld","processName":"C:\\Windows\\explorer.exe","objectServer":"Security","originatesFrom":{"hostName":{"name":"DESKTOP-MAC610T"},"@id":"http://example.org/sepses#8ead4dc7-8e03-435b-8bd0-ebe11d5aa8cd","@type":"rdf:nodeID"},"computerName":"DESKTOP-MAC610T","hasLogType":"wineventlog","upCode":"Info","source":"Microsoft-Windows-Security-Auditing","@type":"http://purl.org/sepses/vocab/log/wineventlog#WindowsEventLogEntry","@timestamp":"2018-08-29T11:54:49.513Z","logMessage":"An attempt was made to access an object.\n\nSubject:\n\tSecurity ID:\t\tS-1-5-21-2889181789-4222170037-1347726928-1001\n\tAccount Name:\t\tVirtual Windows 10\n\tAccount Domain:\t\tDESKTOP-MAC610T\n\tLogon ID:\t\t0x238EF\n\nObject:\n\tObject Server:\t\tSecurity\n\tObject Type:\t\tFile\n\tObject Name:\t\tC:\\Users\\Virtual Windows 10\\UserDocuments\n\tHandle ID:\t\t0x2af4\n\tResource Attributes:\tS:AI\n\nProcess Information:\n\tProcess ID:\t\t0xc80\n\tProcess Name:\t\tC:\\Windows\\explorer.exe\n\nAccess Request Information:\n\tAccesses:\t\tReadAttributes\n\t\t\t\t\n\tAccess Mask:\t\t0x80","logName":"Security","taskCategory":"File System","processID":"0xc80","version":1}
{"accountName":"Virtual Windows 10","eventID":4663,"accessMask":"0x80","level":"Information","objectName":"C:\\Users\\Virtual Windows 10\\Dropbox","accountDomain":"DESKTOP-MAC610T","accesses":"%%4423\n\t\t\t\t","resourceAttributes":"S:AI","keyword":["Audit Success"],"objectType":"File","handleID":"0x1f04","timestamp":"2018-08-29T11:54:49.597Z","logonID":"0x238ef","@id":"http://example.org/logEntry#logEntry-20f133bf-2bc7-4e0c-99d2-4cbb73355a5b","@context":"http://sepses.ifs.tuwien.ac.at/contexts/wineventlog.jsonld","processName":"C:\\Program Files (x86)\\Dropbox\\Client\\Dropbox.exe","objectServer":"Security","originatesFrom":{"hostName":{"name":"DESKTOP-MAC610T"},"@id":"http://example.org/sepses#fd8ecdc1-a1b2-4138-ab06-976aad06ffdf","@type":"rdf:nodeID"},"computerName":"DESKTOP-MAC610T","hasLogType":"wineventlog","upCode":"Info","source":"Microsoft-Windows-Security-Auditing","@type":"http://purl.org/sepses/vocab/log/wineventlog#WindowsEventLogEntry","@timestamp":"2018-08-29T11:54:49.597Z","logMessage":"An attempt was made to access an object.\n\nSubject:\n\tSecurity ID:\t\tS-1-5-21-2889181789-4222170037-1347726928-1001\n\tAccount Name:\t\tVirtual Windows 10\n\tAccount Domain:\t\tDESKTOP-MAC610T\n\tLogon ID:\t\t0x238EF\n\nObject:\n\tObject Server:\t\tSecurity\n\tObject Type:\t\tFile\n\tObject Name:\t\tC:\\Users\\Virtual Windows 10\\Dropbox\n\tHandle ID:\t\t0x1f04\n\tResource Attributes:\tS:AI\n\nProcess Information:\n\tProcess ID:\t\t0x14f0\n\tProcess Name:\t\tC:\\Program Files (x86)\\Dropbox\\Client\\Dropbox.exe\n\nAccess Request Information:\n\tAccesses:\t\tReadAttributes\n\t\t\t\t\n\tAccess Mask:\t\t0x80","logName":"Security","taskCategory":"File System","processID":"0x14f0","version":1}
{"accountName":"Virtual Windows 10","eventID":4663,"accessMask":"0x80","level":"Information","objectName":"C:\\Users\\Virtual Windows 10\\Dropbox","accountDomain":"DESKTOP-MAC610T","accesses":"%%4423\n\t\t\t\t","resourceAttributes":"S:AI","keyword":["Audit Success"],"objectType":"File","handleID":"0x1f04","timestamp":"2018-08-29T11:54:49.598Z","logonID":"0x238ef","@id":"http://example.org/logEntry#logEntry-5cacc074-e4a2-4f84-a799-3f6aa5e84611","@context":"http://sepses.ifs.tuwien.ac.at/contexts/wineventlog.jsonld","processName":"C:\\Program Files (x86)\\Dropbox\\Client\\Dropbox.exe","objectServer":"Security","originatesFrom":{"hostName":{"name":"DESKTOP-MAC610T"},"@id":"http://example.org/sepses#27890fbe-83b8-4994-a5db-9787bd163edf","@type":"rdf:nodeID"},"computerName":"DESKTOP-MAC610T","hasLogType":"wineventlog","upCode":"Info","source":"Microsoft-Windows-Security-Auditing","@type":"http://purl.org/sepses/vocab/log/wineventlog#WindowsEventLogEntry","@timestamp":"2018-08-29T11:54:49.598Z","logMessage":"An attempt was made to access an object.\n\nSubject:\n\tSecurity ID:\t\tS-1-5-21-2889181789-4222170037-1347726928-1001\n\tAccount Name:\t\tVirtual Windows 10\n\tAccount Domain:\t\tDESKTOP-MAC610T\n\tLogon ID:\t\t0x238EF\n\nObject:\n\tObject Server:\t\tSecurity\n\tObject Type:\t\tFile\n\tObject Name:\t\tC:\\Users\\Virtual Windows 10\\Dropbox\n\tHandle ID:\t\t0x1f04\n\tResource Attributes:\tS:AI\n\nProcess Information:\n\tProcess ID:\t\t0x14f0\n\tProcess Name:\t\tC:\\Program Files (x86)\\Dropbox\\Client\\Dropbox.exe\n\nAccess Request Information:\n\tAccesses:\t\tReadAttributes\n\t\t\t\t\n\tAccess Mask:\t\t0x80","logName":"Security","taskCategory":"File System","processID":"0x14f0","version":1}
{"accountName":"Virtual Windows 10","eventID":4663,"accessMask":"0x80","level":"Information","objectName":"C:\\Users\\Virtual Windows 10\\Dropbox","accountDomain":"DESKTOP-MAC610T","accesses":"%%4423\n\t\t\t\t","resourceAttributes":"S:AI","keyword":["Audit Success"],"objectType":"File","handleID":"0x1f04","timestamp":"2018-08-29T11:54:49.598Z","logonID":"0x238ef","@id":"http://example.org/logEntry#logEntry-a81dc593-7eea-4e49-94b8-d3a5874fd7fd","@context":"http://sepses.ifs.tuwien.ac.at/contexts/wineventlog.jsonld","processName":"C:\\Program Files (x86)\\Dropbox\\Client\\Dropbox.exe","objectServer":"Security","originatesFrom":{"hostName":{"name":"DESKTOP-MAC610T"},"@id":"http://example.org/sepses#c6f92ca8-6df1-4d76-a7f4-a17880ded2ff","@type":"rdf:nodeID"},"computerName":"DESKTOP-MAC610T","hasLogType":"wineventlog","upCode":"Info","source":"Microsoft-Windows-Security-Auditing","@type":"http://purl.org/sepses/vocab/log/wineventlog#WindowsEventLogEntry","@timestamp":"2018-08-29T11:54:49.598Z","logMessage":"An attempt was made to access an object.\n\nSubject:\n\tSecurity ID:\t\tS-1-5-21-2889181789-4222170037-1347726928-1001\n\tAccount Name:\t\tVirtual Windows 10\n\tAccount Domain:\t\tDESKTOP-MAC610T\n\tLogon ID:\t\t0x238EF\n\nObject:\n\tObject Server:\t\tSecurity\n\tObject Type:\t\tFile\n\tObject Name:\t\tC:\\Users\\Virtual Windows 10\\Dropbox\n\tHandle ID:\t\t0x1f04\n\tResource Attributes:\tS:AI\n\nProcess Information:\n\tProcess ID:\t\t0x14f0\n\tProcess Name:\t\tC:\\Program Files (x86)\\Dropbox\\Client\\Dropbox.exe\n\nAccess Request Information:\n\tAccesses:\t\tReadAttributes\n\t\t\t\t\n\tAccess Mask:\t\t0x80","logName":"Security","taskCategory":"File System","processID":"0x14f0","version":1}
{"accountName":"Virtual Windows 10","eventID":4663,"accessMask":"0x80","level":"Information","objectName":"C:\\Users\\Virtual Windows 10\\Dropbox","accountDomain":"DESKTOP-MAC610T","accesses":"%%4423\n\t\t\t\t","resourceAttributes":"S:AI","keyword":["Audit Success"],"objectType":"File","handleID":"0x3094","timestamp":"2018-08-29T11:54:50.750Z","logonID":"0x238ef","@id":"http://example.org/logEntry#logEntry-33b98b5b-74c8-4572-88bf-ee9a2d13dc58","@context":"http://sepses.ifs.tuwien.ac.at/contexts/wineventlog.jsonld","processName":"C:\\Windows\\explorer.exe","objectServer":"Security","originatesFrom":{"hostName":{"name":"DESKTOP-MAC610T"},"@id":"http://example.org/sepses#d3dc2e3a-b116-4c1b-9102-df293aa9660f","@type":"rdf:nodeID"},"computerName":"DESKTOP-MAC610T","hasLogType":"wineventlog","upCode":"Info","source":"Microsoft-Windows-Security-Auditing","@type":"http://purl.org/sepses/vocab/log/wineventlog#WindowsEventLogEntry","@timestamp":"2018-08-29T11:54:50.750Z","logMessage":"An attempt was made to access an object.\n\nSubject:\n\tSecurity ID:\t\tS-1-5-21-2889181789-4222170037-1347726928-1001\n\tAccount Name:\t\tVirtual Windows 10\n\tAccount Domain:\t\tDESKTOP-MAC610T\n\tLogon ID:\t\t0x238EF\n\nObject:\n\tObject Server:\t\tSecurity\n\tObject Type:\t\tFile\n\tObject Name:\t\tC:\\Users\\Virtual Windows 10\\Dropbox\n\tHandle ID:\t\t0x3094\n\tResource Attributes:\tS:AI\n\nProcess Information:\n\tProcess ID:\t\t0xc80\n\tProcess Name:\t\tC:\\Windows\\explorer.exe\n\nAccess Request Information:\n\tAccesses:\t\tReadAttributes\n\t\t\t\t\n\tAccess Mask:\t\t0x80","logName":"Security","taskCategory":"File System","processID":"0xc80","version":1}
{"accountName":"Virtual Windows 10","eventID":4663,"accessMask":"0x80","level":"Information","objectName":"C:\\Users\\Virtual Windows 10\\Dropbox","accountDomain":"DESKTOP-MAC610T","accesses":"%%4423\n\t\t\t\t","resourceAttributes":"S:AI","keyword":["Audit Success"],"objectType":"File","handleID":"0x13cc","timestamp":"2018-08-29T11:54:50.776Z","logonID":"0x238ef","@id":"http://example.org/logEntry#logEntry-bd4a3778-b334-4a6e-953a-38eb75cb8ce1","@context":"http://sepses.ifs.tuwien.ac.at/contexts/wineventlog.jsonld","processName":"C:\\Windows\\explorer.exe","objectServer":"Security","originatesFrom":{"hostName":{"name":"DESKTOP-MAC610T"},"@id":"http://example.org/sepses#cad71de4-0cf6-426a-9142-a36e19ff5d82","@type":"rdf:nodeID"},"computerName":"DESKTOP-MAC610T","hasLogType":"wineventlog","upCode":"Info","source":"Microsoft-Windows-Security-Auditing","@type":"http://purl.org/sepses/vocab/log/wineventlog#WindowsEventLogEntry","@timestamp":"2018-08-29T11:54:50.776Z","logMessage":"An attempt was made to access an object.\n\nSubject:\n\tSecurity ID:\t\tS-1-5-21-2889181789-4222170037-1347726928-1001\n\tAccount Name:\t\tVirtual Windows 10\n\tAccount Domain:\t\tDESKTOP-MAC610T\n\tLogon ID:\t\t0x238EF\n\nObject:\n\tObject Server:\t\tSecurity\n\tObject Type:\t\tFile\n\tObject Name:\t\tC:\\Users\\Virtual Windows 10\\Dropbox\n\tHandle ID:\t\t0x13cc\n\tResource Attributes:\tS:AI\n\nProcess Information:\n\tProcess ID:\t\t0xc80\n\tProcess Name:\t\tC:\\Windows\\explorer.exe\n\nAccess Request Information:\n\tAccesses:\t\tReadAttributes\n\t\t\t\t\n\tAccess Mask:\t\t0x80","logName":"Security","taskCategory":"File System","processID":"0xc80","version":1}
{"accountName":"Virtual Windows 10","eventID":4663,"accessMask":"0x80","level":"Information","objectName":"C:\\Users\\Virtual Windows 10\\UserDocuments","accountDomain":"DESKTOP-MAC610T","accesses":"%%4423\n\t\t\t\t","resourceAttributes":"S:AI","keyword":["Audit Success"],"objectType":"File","handleID":"0x20e4","timestamp":"2018-08-29T11:54:50.849Z","logonID":"0x238ef","@id":"http://example.org/logEntry#logEntry-adc8140b-61f8-4999-9151-c80331784309","@context":"http://sepses.ifs.tuwien.ac.at/contexts/wineventlog.jsonld","processName":"C:\\Windows\\explorer.exe","objectServer":"Security","originatesFrom":{"hostName":{"name":"DESKTOP-MAC610T"},"@id":"http://example.org/sepses#0090e411-609a-4e89-8fb3-551572ad63fe","@type":"rdf:nodeID"},"computerName":"DESKTOP-MAC610T","hasLogType":"wineventlog","upCode":"Info","source":"Microsoft-Windows-Security-Auditing","@type":"http://purl.org/sepses/vocab/log/wineventlog#WindowsEventLogEntry","@timestamp":"2018-08-29T11:54:50.849Z","logMessage":"An attempt was made to access an object.\n\nSubject:\n\tSecurity ID:\t\tS-1-5-21-2889181789-4222170037-1347726928-1001\n\tAccount Name:\t\tVirtual Windows 10\n\tAccount Domain:\t\tDESKTOP-MAC610T\n\tLogon ID:\t\t0x238EF\n\nObject:\n\tObject Server:\t\tSecurity\n\tObject Type:\t\tFile\n\tObject Name:\t\tC:\\Users\\Virtual Windows 10\\UserDocuments\n\tHandle ID:\t\t0x20e4\n\tResource Attributes:\tS:AI\n\nProcess Information:\n\tProcess ID:\t\t0xc80\n\tProcess Name:\t\tC:\\Windows\\explorer.exe\n\nAccess Request Information:\n\tAccesses:\t\tReadAttributes\n\t\t\t\t\n\tAccess Mask:\t\t0x80","logName":"Security","taskCategory":"File System","processID":"0xc80","version":1}
{"accountName":"Virtual Windows 10","eventID":4663,"accessMask":"0x80","level":"Information","objectName":"C:\\Users\\Virtual Windows 10\\Dropbox","accountDomain":"DESKTOP-MAC610T","accesses":"%%4423\n\t\t\t\t","resourceAttributes":"S:AI","keyword":["Audit Success"],"objectType":"File","handleID":"0x86c","timestamp":"2018-08-29T11:54:50.851Z","logonID":"0x238ef","@id":"http://example.org/logEntry#logEntry-23dcc7ad-7486-4dc4-a79a-d963b0fc9d7b","@context":"http://sepses.ifs.tuwien.ac.at/contexts/wineventlog.jsonld","processName":"C:\\Windows\\explorer.exe","objectServer":"Security","originatesFrom":{"hostName":{"name":"DESKTOP-MAC610T"},"@id":"http://example.org/sepses#4827c343-fc5c-4a7f-a513-27f94493521c","@type":"rdf:nodeID"},"computerName":"DESKTOP-MAC610T","hasLogType":"wineventlog","upCode":"Info","source":"Microsoft-Windows-Security-Auditing","@type":"http://purl.org/sepses/vocab/log/wineventlog#WindowsEventLogEntry","@timestamp":"2018-08-29T11:54:50.851Z","logMessage":"An attempt was made to access an object.\n\nSubject:\n\tSecurity ID:\t\tS-1-5-21-2889181789-4222170037-1347726928-1001\n\tAccount Name:\t\tVirtual Windows 10\n\tAccount Domain:\t\tDESKTOP-MAC610T\n\tLogon ID:\t\t0x238EF\n\nObject:\n\tObject Server:\t\tSecurity\n\tObject Type:\t\tFile\n\tObject Name:\t\tC:\\Users\\Virtual Windows 10\\Dropbox\n\tHandle ID:\t\t0x86c\n\tResource Attributes:\tS:AI\n\nProcess Information:\n\tProcess ID:\t\t0xc80\n\tProcess Name:\t\tC:\\Windows\\explorer.exe\n\nAccess Request Information:\n\tAccesses:\t\tReadAttributes\n\t\t\t\t\n\tAccess Mask:\t\t0x80","logName":"Security","taskCategory":"File System","processID":"0xc80","version":1}
{"accountName":"Virtual Windows 10","eventID":4663,"accessMask":"0x80","level":"Information","objectName":"C:\\Users\\Virtual Windows 10\\Dropbox","accountDomain":"DESKTOP-MAC610T","accesses":"%%4423\n\t\t\t\t","resourceAttributes":"S:AI","keyword":["Audit Success"],"objectType":"File","handleID":"0x12a8","timestamp":"2018-08-29T11:54:51.956Z","logonID":"0x238ef","@id":"http://example.org/logEntry#logEntry-92b5aa73-d7e3-4d61-8cb1-4d00f75348f2","@context":"http://sepses.ifs.tuwien.ac.at/contexts/wineventlog.jsonld","processName":"C:\\Windows\\explorer.exe","objectServer":"Security","originatesFrom":{"hostName":{"name":"DESKTOP-MAC610T"},"@id":"http://example.org/sepses#509f3020-e47e-4459-94b0-a1a48b4895c6","@type":"rdf:nodeID"},"computerName":"DESKTOP-MAC610T","hasLogType":"wineventlog","upCode":"Info","source":"Microsoft-Windows-Security-Auditing","@type":"http://purl.org/sepses/vocab/log/wineventlog#WindowsEventLogEntry","@timestamp":"2018-08-29T11:54:51.956Z","logMessage":"An attempt was made to access an object.\n\nSubject:\n\tSecurity ID:\t\tS-1-5-21-2889181789-4222170037-1347726928-1001\n\tAccount Name:\t\tVirtual Windows 10\n\tAccount Domain:\t\tDESKTOP-MAC610T\n\tLogon ID:\t\t0x238EF\n\nObject:\n\tObject Server:\t\tSecurity\n\tObject Type:\t\tFile\n\tObject Name:\t\tC:\\Users\\Virtual Windows 10\\Dropbox\n\tHandle ID:\t\t0x12a8\n\tResource Attributes:\tS:AI\n\nProcess Information:\n\tProcess ID:\t\t0xc80\n\tProcess Name:\t\tC:\\Windows\\explorer.exe\n\nAccess Request Information:\n\tAccesses:\t\tReadAttributes\n\t\t\t\t\n\tAccess Mask:\t\t0x80","logName":"Security","taskCategory":"File System","processID":"0xc80","version":1}
{"accountName":"Virtual Windows 10","eventID":4663,"accessMask":"0x80","level":"Information","objectName":"C:\\Users\\Virtual Windows 10\\Dropbox","accountDomain":"DESKTOP-MAC610T","accesses":"%%4423\n\t\t\t\t","resourceAttributes":"S:AI","keyword":["Audit Success"],"objectType":"File","handleID":"0x7e4","timestamp":"2018-08-29T11:54:51.964Z","logonID":"0x238ef","@id":"http://example.org/logEntry#logEntry-f2d0ee32-1157-4bdf-a594-b1851aa057cb","@context":"http://sepses.ifs.tuwien.ac.at/contexts/wineventlog.jsonld","processName":"C:\\Windows\\explorer.exe","objectServer":"Security","originatesFrom":{"hostName":{"name":"DESKTOP-MAC610T"},"@id":"http://example.org/sepses#9eee5bf6-4f09-4fb3-85c3-7f87377e84c4","@type":"rdf:nodeID"},"computerName":"DESKTOP-MAC610T","hasLogType":"wineventlog","upCode":"Info","source":"Microsoft-Windows-Security-Auditing","@type":"http://purl.org/sepses/vocab/log/wineventlog#WindowsEventLogEntry","@timestamp":"2018-08-29T11:54:51.964Z","logMessage":"An attempt was made to access an object.\n\nSubject:\n\tSecurity ID:\t\tS-1-5-21-2889181789-4222170037-1347726928-1001\n\tAccount Name:\t\tVirtual Windows 10\n\tAccount Domain:\t\tDESKTOP-MAC610T\n\tLogon ID:\t\t0x238EF\n\nObject:\n\tObject Server:\t\tSecurity\n\tObject Type:\t\tFile\n\tObject Name:\t\tC:\\Users\\Virtual Windows 10\\Dropbox\n\tHandle ID:\t\t0x7e4\n\tResource Attributes:\tS:AI\n\nProcess Information:\n\tProcess ID:\t\t0xc80\n\tProcess Name:\t\tC:\\Windows\\explorer.exe\n\nAccess Request Information:\n\tAccesses:\t\tReadAttributes\n\t\t\t\t\n\tAccess Mask:\t\t0x80","logName":"Security","taskCategory":"File System","processID":"0xc80","version":1}
