{"accessMask":"0x80","accountName":"Virtual Windows 10","@timestamp":"2018-08-27T15:40:46.683Z","accesses":"%%4423\n\t\t\t\t","logName":"Security","@type":"http://purl.org/sepses/vocab/log/wineventlog#WindowsEventLogEntry","eventID":4663,"logMessage":"An attempt was made to access an object.\n\nSubject:\n\tSecurity ID:\t\tS-1-5-21-2889181789-4222170037-1347726928-1001\n\tAccount Name:\t\tVirtual Windows 10\n\tAccount Domain:\t\tDESKTOP-MAC610T\n\tLogon ID:\t\t0x1EDF9\n\nObject:\n\tObject Server:\t\tSecurity\n\tObject Type:\t\tFile\n\tObject Name:\t\tC:\\Users\\Virtual Windows 10\\Dropbox\n\tHandle ID:\t\t0xec4\n\tResource Attributes:\tS:AI\n\nProcess Information:\n\tProcess ID:\t\t0x16c8\n\tProcess Name:\t\tC:\\Program Files (x86)\\Dropbox\\Client\\Dropbox.exe\n\nAccess Request Information:\n\tAccesses:\t\tReadAttributes\n\t\t\t\t\n\tAccess Mask:\t\t0x80","version":1,"objectServer":"Security","handleID":"0xec4","objectType":"File","computerName":"DESKTOP-MAC610T","taskCategory":"File System","source":"Microsoft-Windows-Security-Auditing","resourceAttributes":"S:AI","level":"Information","processName":"C:\\Program Files (x86)\\Dropbox\\Client\\Dropbox.exe","objectName":"C:\\Users\\Virtual Windows 10\\Dropbox","accountDomain":"DESKTOP-MAC610T","processID":"0x16c8","keyword":["Audit Success"],"upCode":"Info","@context":"http://sepses.ifs.tuwien.ac.at/contexts/wineventlog.jsonld","@id":"http://example.org/logEntry#logEntry-bccf623c-eb1a-487a-8e95-f0d4ca69d8dc","hasLogType":"wineventlog","logonID":"0x1edf9","originatesFrom":{"hostName":{"name":"DESKTOP-MAC610T"},"@type":"rdf:nodeID","@id":"http://example.org/sepses#bfcdbd40-3e97-4ec6-b2b6-c221d976e893"},"timestamp":"2018-08-27T15:40:46.683Z"}
{"accessMask":"0x80","accountName":"Virtual Windows 10","@timestamp":"2018-08-27T15:40:46.690Z","accesses":"%%4423\n\t\t\t\t","logName":"Security","@type":"http://purl.org/sepses/vocab/log/wineventlog#WindowsEventLogEntry","eventID":4663,"logMessage":"An attempt was made to access an object.\n\nSubject:\n\tSecurity ID:\t\tS-1-5-21-2889181789-4222170037-1347726928-1001\n\tAccount Name:\t\tVirtual Windows 10\n\tAccount Domain:\t\tDESKTOP-MAC610T\n\tLogon ID:\t\t0x1EDF9\n\nObject:\n\tObject Server:\t\tSecurity\n\tObject Type:\t\tFile\n\tObject Name:\t\tC:\\Users\\Virtual Windows 10\\Dropbox\n\tHandle ID:\t\t0xec4\n\tResource Attributes:\tS:AI\n\nProcess Information:\n\tProcess ID:\t\t0x16c8\n\tProcess Name:\t\tC:\\Program Files (x86)\\Dropbox\\Client\\Dropbox.exe\n\nAccess Request Information:\n\tAccesses:\t\tReadAttributes\n\t\t\t\t\n\tAccess Mask:\t\t0x80","version":1,"objectServer":"Security","handleID":"0xec4","objectType":"File","computerName":"DESKTOP-MAC610T","taskCategory":"File System","source":"Microsoft-Windows-Security-Auditing","resourceAttributes":"S:AI","level":"Information","processName":"C:\\Program Files (x86)\\Dropbox\\Client\\Dropbox.exe","objectName":"C:\\Users\\Virtual Windows 10\\Dropbox","accountDomain":"DESKTOP-MAC610T","processID":"0x16c8","keyword":["Audit Success"],"upCode":"Info","@context":"http://sepses.ifs.tuwien.ac.at/contexts/wineventlog.jsonld","@id":"http://example.org/logEntry#logEntry-2914e94b-c335-443f-9fcc-b9cfda624d90","hasLogType":"wineventlog","logonID":"0x1edf9","originatesFrom":{"hostName":{"name":"DESKTOP-MAC610T"},"@type":"rdf:nodeID","@id":"http://example.org/sepses#a43ffffa-d467-4bc6-b3dc-859b9c2c7574"},"timestamp":"2018-08-27T15:40:46.690Z"}
{"accessMask":"0x80","accountName":"Virtual Windows 10","@timestamp":"2018-08-27T15:40:46.691Z","accesses":"%%4423\n\t\t\t\t","logName":"Security","@type":"http://purl.org/sepses/vocab/log/wineventlog#WindowsEventLogEntry","eventID":4663,"logMessage":"An attempt was made to access an object.\n\nSubject:\n\tSecurity ID:\t\tS-1-5-21-2889181789-4222170037-1347726928-1001\n\tAccount Name:\t\tVirtual Windows 10\n\tAccount Domain:\t\tDESKTOP-MAC610T\n\tLogon ID:\t\t0x1EDF9\n\nObject:\n\tObject Server:\t\tSecurity\n\tObject Type:\t\tFile\n\tObject Name:\t\tC:\\Users\\Virtual Windows 10\\Dropbox\n\tHandle ID:\t\t0xec4\n\tResource Attributes:\tS:AI\n\nProcess Information:\n\tProcess ID:\t\t0x16c8\n\tProcess Name:\t\tC:\\Program Files (x86)\\Dropbox\\Client\\Dropbox.exe\n\nAccess Request Information:\n\tAccesses:\t\tReadAttributes\n\t\t\t\t\n\tAccess Mask:\t\t0x80","version":1,"objectServer":"Security","handleID":"0xec4","objectType":"File","computerName":"DESKTOP-MAC610T","taskCategory":"File System","source":"Microsoft-Windows-Security-Auditing","resourceAttributes":"S:AI","level":"Information","processName":"C:\\Program Files (x86)\\Dropbox\\Client\\Dropbox.exe","objectName":"C:\\Users\\Virtual Windows 10\\Dropbox","accountDomain":"DESKTOP-MAC610T","processID":"0x16c8","keyword":["Audit Success"],"upCode":"Info","@context":"http://sepses.ifs.tuwien.ac.at/contexts/wineventlog.jsonld","@id":"http://example.org/logEntry#logEntry-9d697cf0-cf10-45ca-a57c-895c9425e533","hasLogType":"wineventlog","logonID":"0x1edf9","originatesFrom":{"hostName":{"name":"DESKTOP-MAC610T"},"@type":"rdf:nodeID","@id":"http://example.org/sepses#d30f8c8a-214f-4bee-9987-c077f97b0074"},"timestamp":"2018-08-27T15:40:46.691Z"}
{"accessMask":"0x80","accountName":"Virtual Windows 10","@timestamp":"2018-08-27T15:40:46.691Z","accesses":"%%4423\n\t\t\t\t","logName":"Security","@type":"http://purl.org/sepses/vocab/log/wineventlog#WindowsEventLogEntry","eventID":4663,"logMessage":"An attempt was made to access an object.\n\nSubject:\n\tSecurity ID:\t\tS-1-5-21-2889181789-4222170037-1347726928-1001\n\tAccount Name:\t\tVirtual Windows 10\n\tAccount Domain:\t\tDESKTOP-MAC610T\n\tLogon ID:\t\t0x1EDF9\n\nObject:\n\tObject Server:\t\tSecurity\n\tObject Type:\t\tFile\n\tObject Name:\t\tC:\\Users\\Virtual Windows 10\\Dropbox\n\tHandle ID:\t\t0xec4\n\tResource Attributes:\tS:AI\n\nProcess Information:\n\tProcess ID:\t\t0x16c8\n\tProcess Name:\t\tC:\\Program Files (x86)\\Dropbox\\Client\\Dropbox.exe\n\nAccess Request Information:\n\tAccesses:\t\tReadAttributes\n\t\t\t\t\n\tAccess Mask:\t\t0x80","version":1,"objectServer":"Security","handleID":"0xec4","objectType":"File","computerName":"DESKTOP-MAC610T","taskCategory":"File System","source":"Microsoft-Windows-Security-Auditing","resourceAttributes":"S:AI","level":"Information","processName":"C:\\Program Files (x86)\\Dropbox\\Client\\Dropbox.exe","objectName":"C:\\Users\\Virtual Windows 10\\Dropbox","accountDomain":"DESKTOP-MAC610T","processID":"0x16c8","keyword":["Audit Success"],"upCode":"Info","@context":"http://sepses.ifs.tuwien.ac.at/contexts/wineventlog.jsonld","@id":"http://example.org/logEntry#logEntry-9b16dc55-f904-499e-813d-64455f98888b","hasLogType":"wineventlog","logonID":"0x1edf9","originatesFrom":{"hostName":{"name":"DESKTOP-MAC610T"},"@type":"rdf:nodeID","@id":"http://example.org/sepses#74f0fc2d-3d73-4bd8-a5c0-ee97704440b9"},"timestamp":"2018-08-27T15:40:46.691Z"}
{"accessMask":"0x80","accountName":"Virtual Windows 10","@timestamp":"2018-08-27T15:40:47.582Z","accesses":"%%4423\n\t\t\t\t","logName":"Security","@type":"http://purl.org/sepses/vocab/log/wineventlog#WindowsEventLogEntry","eventID":4663,"logMessage":"An attempt was made to access an object.\n\nSubject:\n\tSecurity ID:\t\tS-1-5-21-2889181789-4222170037-1347726928-1001\n\tAccount Name:\t\tVirtual Windows 10\n\tAccount Domain:\t\tDESKTOP-MAC610T\n\tLogon ID:\t\t0x1EDF9\n\nObject:\n\tObject Server:\t\tSecurity\n\tObject Type:\t\tFile\n\tObject Name:\t\tC:\\Users\\Virtual Windows 10\\Dropbox\n\tHandle ID:\t\t0xec4\n\tResource Attributes:\tS:AI\n\nProcess Information:\n\tProcess ID:\t\t0x16c8\n\tProcess Name:\t\tC:\\Program Files (x86)\\Dropbox\\Client\\Dropbox.exe\n\nAccess Request Information:\n\tAccesses:\t\tReadAttributes\n\t\t\t\t\n\tAccess Mask:\t\t0x80","version":1,"objectServer":"Security","handleID":"0xec4","objectType":"File","computerName":"DESKTOP-MAC610T","taskCategory":"File System","source":"Microsoft-Windows-Security-Auditing","resourceAttributes":"S:AI","level":"Information","processName":"C:\\Program Files (x86)\\Dropbox\\Client\\Dropbox.exe","objectName":"C:\\Users\\Virtual Windows 10\\Dropbox","accountDomain":"DESKTOP-MAC610T","processID":"0x16c8","keyword":["Audit Success"],"upCode":"Info","@context":"http://sepses.ifs.tuwien.ac.at/contexts/wineventlog.jsonld","@id":"http://example.org/logEntry#logEntry-77b070bc-abf4-40ee-ab6f-0cab77a9b0cf","hasLogType":"wineventlog","logonID":"0x1edf9","originatesFrom":{"hostName":{"name":"DESKTOP-MAC610T"},"@type":"rdf:nodeID","@id":"http://example.org/sepses#4e870502-e4a7-4e12-88cb-0d14fa380bdc"},"timestamp":"2018-08-27T15:40:47.582Z"}
{"accessMask":"0x80","accountName":"Virtual Windows 10","@timestamp":"2018-08-27T15:40:47.582Z","accesses":"%%4423\n\t\t\t\t","logName":"Security","@type":"http://purl.org/sepses/vocab/log/wineventlog#WindowsEventLogEntry","eventID":4663,"logMessage":"An attempt was made to access an object.\n\nSubject:\n\tSecurity ID:\t\tS-1-5-21-2889181789-4222170037-1347726928-1001\n\tAccount Name:\t\tVirtual Windows 10\n\tAccount Domain:\t\tDESKTOP-MAC610T\n\tLogon ID:\t\t0x1EDF9\n\nObject:\n\tObject Server:\t\tSecurity\n\tObject Type:\t\tFile\n\tObject Name:\t\tC:\\Users\\Virtual Windows 10\\Dropbox\n\tHandle ID:\t\t0xec4\n\tResource Attributes:\tS:AI\n\nProcess Information:\n\tProcess ID:\t\t0x16c8\n\tProcess Name:\t\tC:\\Program Files (x86)\\Dropbox\\Client\\Dropbox.exe\n\nAccess Request Information:\n\tAccesses:\t\tReadAttributes\n\t\t\t\t\n\tAccess Mask:\t\t0x80","version":1,"objectServer":"Security","handleID":"0xec4","objectType":"File","computerName":"DESKTOP-MAC610T","taskCategory":"File System","source":"Microsoft-Windows-Security-Auditing","resourceAttributes":"S:AI","level":"Information","processName":"C:\\Program Files (x86)\\Dropbox\\Client\\Dropbox.exe","objectName":"C:\\Users\\Virtual Windows 10\\Dropbox","accountDomain":"DESKTOP-MAC610T","processID":"0x16c8","keyword":["Audit Success"],"upCode":"Info","@context":"http://sepses.ifs.tuwien.ac.at/contexts/wineventlog.jsonld","@id":"http://example.org/logEntry#logEntry-27ab499a-f850-4945-b681-4baa7ba557d2","hasLogType":"wineventlog","logonID":"0x1edf9","originatesFrom":{"hostName":{"name":"DESKTOP-MAC610T"},"@type":"rdf:nodeID","@id":"http://example.org/sepses#cc3d2717-6737-43e9-aa18-8ea3e33fe5c3"},"timestamp":"2018-08-27T15:40:47.582Z"}
{"accessMask":"0x80","accountName":"Virtual Windows 10","@timestamp":"2018-08-27T15:40:47.584Z","accesses":"%%4423\n\t\t\t\t","logName":"Security","@type":"http://purl.org/sepses/vocab/log/wineventlog#WindowsEventLogEntry","eventID":4663,"logMessage":"An attempt was made to access an object.\n\nSubject:\n\tSecurity ID:\t\tS-1-5-21-2889181789-4222170037-1347726928-1001\n\tAccount Name:\t\tVirtual Windows 10\n\tAccount Domain:\t\tDESKTOP-MAC610T\n\tLogon ID:\t\t0x1EDF9\n\nObject:\n\tObject Server:\t\tSecurity\n\tObject Type:\t\tFile\n\tObject Name:\t\tC:\\Users\\Virtual Windows 10\\Dropbox\n\tHandle ID:\t\t0xec4\n\tResource Attributes:\tS:AI\n\nProcess Information:\n\tProcess ID:\t\t0x16c8\n\tProcess Name:\t\tC:\\Program Files (x86)\\Dropbox\\Client\\Dropbox.exe\n\nAccess Request Information:\n\tAccesses:\t\tReadAttributes\n\t\t\t\t\n\tAccess Mask:\t\t0x80","version":1,"objectServer":"Security","handleID":"0xec4","objectType":"File","computerName":"DESKTOP-MAC610T","taskCategory":"File System","source":"Microsoft-Windows-Security-Auditing","resourceAttributes":"S:AI","level":"Information","processName":"C:\\Program Files (x86)\\Dropbox\\Client\\Dropbox.exe","objectName":"C:\\Users\\Virtual Windows 10\\Dropbox","accountDomain":"DESKTOP-MAC610T","processID":"0x16c8","keyword":["Audit Success"],"upCode":"Info","@context":"http://sepses.ifs.tuwien.ac.at/contexts/wineventlog.jsonld","@id":"http://example.org/logEntry#logEntry-f8d19f99-be12-401b-893e-4cf97acfba81","hasLogType":"wineventlog","logonID":"0x1edf9","originatesFrom":{"hostName":{"name":"DESKTOP-MAC610T"},"@type":"rdf:nodeID","@id":"http://example.org/sepses#8e28e9a4-4078-41de-8f4b-5c87bd0bfd18"},"timestamp":"2018-08-27T15:40:47.584Z"}
{"accessMask":"0x80","accountName":"Virtual Windows 10","@timestamp":"2018-08-27T15:40:47.723Z","accesses":"%%4423\n\t\t\t\t","logName":"Security","@type":"http://purl.org/sepses/vocab/log/wineventlog#WindowsEventLogEntry","eventID":4663,"logMessage":"An attempt was made to access an object.\n\nSubject:\n\tSecurity ID:\t\tS-1-5-21-2889181789-4222170037-1347726928-1001\n\tAccount Name:\t\tVirtual Windows 10\n\tAccount Domain:\t\tDESKTOP-MAC610T\n\tLogon ID:\t\t0x1EDF9\n\nObject:\n\tObject Server:\t\tSecurity\n\tObject Type:\t\tFile\n\tObject Name:\t\tC:\\Users\\Virtual Windows 10\\Dropbox\n\tHandle ID:\t\t0xec4\n\tResource Attributes:\tS:AI\n\nProcess Information:\n\tProcess ID:\t\t0x16c8\n\tProcess Name:\t\tC:\\Program Files (x86)\\Dropbox\\Client\\Dropbox.exe\n\nAccess Request Information:\n\tAccesses:\t\tReadAttributes\n\t\t\t\t\n\tAccess Mask:\t\t0x80","version":1,"objectServer":"Security","handleID":"0xec4","objectType":"File","computerName":"DESKTOP-MAC610T","taskCategory":"File System","source":"Microsoft-Windows-Security-Auditing","resourceAttributes":"S:AI","level":"Information","processName":"C:\\Program Files (x86)\\Dropbox\\Client\\Dropbox.exe","objectName":"C:\\Users\\Virtual Windows 10\\Dropbox","accountDomain":"DESKTOP-MAC610T","processID":"0x16c8","keyword":["Audit Success"],"upCode":"Info","@context":"http://sepses.ifs.tuwien.ac.at/contexts/wineventlog.jsonld","@id":"http://example.org/logEntry#logEntry-847e5c6c-ccbe-435c-9e79-d56cf6f48cb7","hasLogType":"wineventlog","logonID":"0x1edf9","originatesFrom":{"hostName":{"name":"DESKTOP-MAC610T"},"@type":"rdf:nodeID","@id":"http://example.org/sepses#9be9157b-62f8-4d9d-bc4c-1f903daca169"},"timestamp":"2018-08-27T15:40:47.723Z"}
{"accessMask":"0x80","accountName":"Virtual Windows 10","@timestamp":"2018-08-27T15:40:47.724Z","accesses":"%%4423\n\t\t\t\t","logName":"Security","@type":"http://purl.org/sepses/vocab/log/wineventlog#WindowsEventLogEntry","eventID":4663,"logMessage":"An attempt was made to access an object.\n\nSubject:\n\tSecurity ID:\t\tS-1-5-21-2889181789-4222170037-1347726928-1001\n\tAccount Name:\t\tVirtual Windows 10\n\tAccount Domain:\t\tDESKTOP-MAC610T\n\tLogon ID:\t\t0x1EDF9\n\nObject:\n\tObject Server:\t\tSecurity\n\tObject Type:\t\tFile\n\tObject Name:\t\tC:\\Users\\Virtual Windows 10\\Dropbox\n\tHandle ID:\t\t0xec4\n\tResource Attributes:\tS:AI\n\nProcess Information:\n\tProcess ID:\t\t0x16c8\n\tProcess Name:\t\tC:\\Program Files (x86)\\Dropbox\\Client\\Dropbox.exe\n\nAccess Request Information:\n\tAccesses:\t\tReadAttributes\n\t\t\t\t\n\tAccess Mask:\t\t0x80","version":1,"objectServer":"Security","handleID":"0xec4","objectType":"File","computerName":"DESKTOP-MAC610T","taskCategory":"File System","source":"Microsoft-Windows-Security-Auditing","resourceAttributes":"S:AI","level":"Information","processName":"C:\\Program Files (x86)\\Dropbox\\Client\\Dropbox.exe","objectName":"C:\\Users\\Virtual Windows 10\\Dropbox","accountDomain":"DESKTOP-MAC610T","processID":"0x16c8","keyword":["Audit Success"],"upCode":"Info","@context":"http://sepses.ifs.tuwien.ac.at/contexts/wineventlog.jsonld","@id":"http://example.org/logEntry#logEntry-c324473e-acd1-46d5-968b-e6048c8cef4e","hasLogType":"wineventlog","logonID":"0x1edf9","originatesFrom":{"hostName":{"name":"DESKTOP-MAC610T"},"@type":"rdf:nodeID","@id":"http://example.org/sepses#f1bf7ecb-20eb-48fa-bf5e-11e024f51869"},"timestamp":"2018-08-27T15:40:47.724Z"}
{"accessMask":"0x80","accountName":"Virtual Windows 10","@timestamp":"2018-08-27T15:40:47.724Z","accesses":"%%4423\n\t\t\t\t","logName":"Security","@type":"http://purl.org/sepses/vocab/log/wineventlog#WindowsEventLogEntry","eventID":4663,"logMessage":"An attempt was made to access an object.\n\nSubject:\n\tSecurity ID:\t\tS-1-5-21-2889181789-4222170037-1347726928-1001\n\tAccount Name:\t\tVirtual Windows 10\n\tAccount Domain:\t\tDESKTOP-MAC610T\n\tLogon ID:\t\t0x1EDF9\n\nObject:\n\tObject Server:\t\tSecurity\n\tObject Type:\t\tFile\n\tObject Name:\t\tC:\\Users\\Virtual Windows 10\\Dropbox\n\tHandle ID:\t\t0xec4\n\tResource Attributes:\tS:AI\n\nProcess Information:\n\tProcess ID:\t\t0x16c8\n\tProcess Name:\t\tC:\\Program Files (x86)\\Dropbox\\Client\\Dropbox.exe\n\nAccess Request Information:\n\tAccesses:\t\tReadAttributes\n\t\t\t\t\n\tAccess Mask:\t\t0x80","version":1,"objectServer":"Security","handleID":"0xec4","objectType":"File","computerName":"DESKTOP-MAC610T","taskCategory":"File System","source":"Microsoft-Windows-Security-Auditing","resourceAttributes":"S:AI","level":"Information","processName":"C:\\Program Files (x86)\\Dropbox\\Client\\Dropbox.exe","objectName":"C:\\Users\\Virtual Windows 10\\Dropbox","accountDomain":"DESKTOP-MAC610T","processID":"0x16c8","keyword":["Audit Success"],"upCode":"Info","@context":"http://sepses.ifs.tuwien.ac.at/contexts/wineventlog.jsonld","@id":"http://example.org/logEntry#logEntry-ef6481f1-3bef-4caf-a9ea-a7bbe0da0cfd","hasLogType":"wineventlog","logonID":"0x1edf9","originatesFrom":{"hostName":{"name":"DESKTOP-MAC610T"},"@type":"rdf:nodeID","@id":"http://example.org/sepses#efc4181b-9088-43a4-b101-e704f1446742"},"timestamp":"2018-08-27T15:40:47.724Z"}
{"accessMask":"0x80","accountName":"Virtual Windows 10","@timestamp":"2018-08-27T15:40:47.906Z","accesses":"%%4423\n\t\t\t\t","logName":"Security","@type":"http://purl.org/sepses/vocab/log/wineventlog#WindowsEventLogEntry","eventID":4663,"logMessage":"An attempt was made to access an object.\n\nSubject:\n\tSecurity ID:\t\tS-1-5-21-2889181789-4222170037-1347726928-1001\n\tAccount Name:\t\tVirtual Windows 10\n\tAccount Domain:\t\tDESKTOP-MAC610T\n\tLogon ID:\t\t0x1EDF9\n\nObject:\n\tObject Server:\t\tSecurity\n\tObject Type:\t\tFile\n\tObject Name:\t\tC:\\Users\\Virtual Windows 10\\Dropbox\n\tHandle ID:\t\t0xec4\n\tResource Attributes:\tS:AI\n\nProcess Information:\n\tProcess ID:\t\t0x16c8\n\tProcess Name:\t\tC:\\Program Files (x86)\\Dropbox\\Client\\Dropbox.exe\n\nAccess Request Information:\n\tAccesses:\t\tReadAttributes\n\t\t\t\t\n\tAccess Mask:\t\t0x80","version":1,"objectServer":"Security","handleID":"0xec4","objectType":"File","computerName":"DESKTOP-MAC610T","taskCategory":"File System","source":"Microsoft-Windows-Security-Auditing","resourceAttributes":"S:AI","level":"Information","processName":"C:\\Program Files (x86)\\Dropbox\\Client\\Dropbox.exe","objectName":"C:\\Users\\Virtual Windows 10\\Dropbox","accountDomain":"DESKTOP-MAC610T","processID":"0x16c8","keyword":["Audit Success"],"upCode":"Info","@context":"http://sepses.ifs.tuwien.ac.at/contexts/wineventlog.jsonld","@id":"http://example.org/logEntry#logEntry-74ae45ee-07f5-4194-9315-5d2a28283d13","hasLogType":"wineventlog","logonID":"0x1edf9","originatesFrom":{"hostName":{"name":"DESKTOP-MAC610T"},"@type":"rdf:nodeID","@id":"http://example.org/sepses#b72138c6-28ed-4ffc-9695-7c75db9ab933"},"timestamp":"2018-08-27T15:40:47.906Z"}
{"accessMask":"0x80","accountName":"Virtual Windows 10","@timestamp":"2018-08-27T15:40:47.907Z","accesses":"%%4423\n\t\t\t\t","logName":"Security","@type":"http://purl.org/sepses/vocab/log/wineventlog#WindowsEventLogEntry","eventID":4663,"logMessage":"An attempt was made to access an object.\n\nSubject:\n\tSecurity ID:\t\tS-1-5-21-2889181789-4222170037-1347726928-1001\n\tAccount Name:\t\tVirtual Windows 10\n\tAccount Domain:\t\tDESKTOP-MAC610T\n\tLogon ID:\t\t0x1EDF9\n\nObject:\n\tObject Server:\t\tSecurity\n\tObject Type:\t\tFile\n\tObject Name:\t\tC:\\Users\\Virtual Windows 10\\Dropbox\n\tHandle ID:\t\t0xec4\n\tResource Attributes:\tS:AI\n\nProcess Information:\n\tProcess ID:\t\t0x16c8\n\tProcess Name:\t\tC:\\Program Files (x86)\\Dropbox\\Client\\Dropbox.exe\n\nAccess Request Information:\n\tAccesses:\t\tReadAttributes\n\t\t\t\t\n\tAccess Mask:\t\t0x80","version":1,"objectServer":"Security","handleID":"0xec4","objectType":"File","computerName":"DESKTOP-MAC610T","taskCategory":"File System","source":"Microsoft-Windows-Security-Auditing","resourceAttributes":"S:AI","level":"Information","processName":"C:\\Program Files (x86)\\Dropbox\\Client\\Dropbox.exe","objectName":"C:\\Users\\Virtual Windows 10\\Dropbox","accountDomain":"DESKTOP-MAC610T","processID":"0x16c8","keyword":["Audit Success"],"upCode":"Info","@context":"http://sepses.ifs.tuwien.ac.at/contexts/wineventlog.jsonld","@id":"http://example.org/logEntry#logEntry-da50812f-765c-4aaf-9ce2-0dd6dc03d9ed","hasLogType":"wineventlog","logonID":"0x1edf9","originatesFrom":{"hostName":{"name":"DESKTOP-MAC610T"},"@type":"rdf:nodeID","@id":"http://example.org/sepses#58a0343f-28f9-42c6-98b5-bfba7cf87171"},"timestamp":"2018-08-27T15:40:47.907Z"}
{"accessMask":"0x80","accountName":"Virtual Windows 10","@timestamp":"2018-08-27T15:40:47.908Z","accesses":"%%4423\n\t\t\t\t","logName":"Security","@type":"http://purl.org/sepses/vocab/log/wineventlog#WindowsEventLogEntry","eventID":4663,"logMessage":"An attempt was made to access an object.\n\nSubject:\n\tSecurity ID:\t\tS-1-5-21-2889181789-4222170037-1347726928-1001\n\tAccount Name:\t\tVirtual Windows 10\n\tAccount Domain:\t\tDESKTOP-MAC610T\n\tLogon ID:\t\t0x1EDF9\n\nObject:\n\tObject Server:\t\tSecurity\n\tObject Type:\t\tFile\n\tObject Name:\t\tC:\\Users\\Virtual Windows 10\\Dropbox\n\tHandle ID:\t\t0xec4\n\tResource Attributes:\tS:AI\n\nProcess Information:\n\tProcess ID:\t\t0x16c8\n\tProcess Name:\t\tC:\\Program Files (x86)\\Dropbox\\Client\\Dropbox.exe\n\nAccess Request Information:\n\tAccesses:\t\tReadAttributes\n\t\t\t\t\n\tAccess Mask:\t\t0x80","version":1,"objectServer":"Security","handleID":"0xec4","objectType":"File","computerName":"DESKTOP-MAC610T","taskCategory":"File System","source":"Microsoft-Windows-Security-Auditing","resourceAttributes":"S:AI","level":"Information","processName":"C:\\Program Files (x86)\\Dropbox\\Client\\Dropbox.exe","objectName":"C:\\Users\\Virtual Windows 10\\Dropbox","accountDomain":"DESKTOP-MAC610T","processID":"0x16c8","keyword":["Audit Success"],"upCode":"Info","@context":"http://sepses.ifs.tuwien.ac.at/contexts/wineventlog.jsonld","@id":"http://example.org/logEntry#logEntry-eaea0b14-ee69-48fb-9b57-b81924a9f941","hasLogType":"wineventlog","logonID":"0x1edf9","originatesFrom":{"hostName":{"name":"DESKTOP-MAC610T"},"@type":"rdf:nodeID","@id":"http://example.org/sepses#3772b26c-41b0-40d9-98a6-3698afceb72f"},"timestamp":"2018-08-27T15:40:47.908Z"}
{"accessMask":"0x80","accountName":"Virtual Windows 10","@timestamp":"2018-08-27T15:40:48.037Z","accesses":"%%4423\n\t\t\t\t","logName":"Security","@type":"http://purl.org/sepses/vocab/log/wineventlog#WindowsEventLogEntry","eventID":4663,"logMessage":"An attempt was made to access an object.\n\nSubject:\n\tSecurity ID:\t\tS-1-5-21-2889181789-4222170037-1347726928-1001\n\tAccount Name:\t\tVirtual Windows 10\n\tAccount Domain:\t\tDESKTOP-MAC610T\n\tLogon ID:\t\t0x1EDF9\n\nObject:\n\tObject Server:\t\tSecurity\n\tObject Type:\t\tFile\n\tObject Name:\t\tC:\\Users\\Virtual Windows 10\\Dropbox\n\tHandle ID:\t\t0x2114\n\tResource Attributes:\tS:AI\n\nProcess Information:\n\tProcess ID:\t\t0x16c8\n\tProcess Name:\t\tC:\\Program Files (x86)\\Dropbox\\Client\\Dropbox.exe\n\nAccess Request Information:\n\tAccesses:\t\tReadAttributes\n\t\t\t\t\n\tAccess Mask:\t\t0x80","version":1,"objectServer":"Security","handleID":"0x2114","objectType":"File","computerName":"DESKTOP-MAC610T","taskCategory":"File System","source":"Microsoft-Windows-Security-Auditing","resourceAttributes":"S:AI","level":"Information","processName":"C:\\Program Files (x86)\\Dropbox\\Client\\Dropbox.exe","objectName":"C:\\Users\\Virtual Windows 10\\Dropbox","accountDomain":"DESKTOP-MAC610T","processID":"0x16c8","keyword":["Audit Success"],"upCode":"Info","@context":"http://sepses.ifs.tuwien.ac.at/contexts/wineventlog.jsonld","@id":"http://example.org/logEntry#logEntry-230c8400-f841-41f4-a769-0cfcc146a197","hasLogType":"wineventlog","logonID":"0x1edf9","originatesFrom":{"hostName":{"name":"DESKTOP-MAC610T"},"@type":"rdf:nodeID","@id":"http://example.org/sepses#532a6f02-1e36-4c76-b8fe-8a4b884a51db"},"timestamp":"2018-08-27T15:40:48.037Z"}
{"accessMask":"0x80","accountName":"Virtual Windows 10","@timestamp":"2018-08-27T15:40:48.037Z","accesses":"%%4423\n\t\t\t\t","logName":"Security","@type":"http://purl.org/sepses/vocab/log/wineventlog#WindowsEventLogEntry","eventID":4663,"logMessage":"An attempt was made to access an object.\n\nSubject:\n\tSecurity ID:\t\tS-1-5-21-2889181789-4222170037-1347726928-1001\n\tAccount Name:\t\tVirtual Windows 10\n\tAccount Domain:\t\tDESKTOP-MAC610T\n\tLogon ID:\t\t0x1EDF9\n\nObject:\n\tObject Server:\t\tSecurity\n\tObject Type:\t\tFile\n\tObject Name:\t\tC:\\Users\\Virtual Windows 10\\Dropbox\n\tHandle ID:\t\t0x2114\n\tResource Attributes:\tS:AI\n\nProcess Information:\n\tProcess ID:\t\t0x16c8\n\tProcess Name:\t\tC:\\Program Files (x86)\\Dropbox\\Client\\Dropbox.exe\n\nAccess Request Information:\n\tAccesses:\t\tReadAttributes\n\t\t\t\t\n\tAccess Mask:\t\t0x80","version":1,"objectServer":"Security","handleID":"0x2114","objectType":"File","computerName":"DESKTOP-MAC610T","taskCategory":"File System","source":"Microsoft-Windows-Security-Auditing","resourceAttributes":"S:AI","level":"Information","processName":"C:\\Program Files (x86)\\Dropbox\\Client\\Dropbox.exe","objectName":"C:\\Users\\Virtual Windows 10\\Dropbox","accountDomain":"DESKTOP-MAC610T","processID":"0x16c8","keyword":["Audit Success"],"upCode":"Info","@context":"http://sepses.ifs.tuwien.ac.at/contexts/wineventlog.jsonld","@id":"http://example.org/logEntry#logEntry-913b830d-b559-4e3d-b2a6-4671055e9638","hasLogType":"wineventlog","logonID":"0x1edf9","originatesFrom":{"hostName":{"name":"DESKTOP-MAC610T"},"@type":"rdf:nodeID","@id":"http://example.org/sepses#22d15d69-229f-43d3-bc3d-e7aa23da442a"},"timestamp":"2018-08-27T15:40:48.037Z"}
{"accessMask":"0x80","accountName":"Virtual Windows 10","@timestamp":"2018-08-27T15:40:48.038Z","accesses":"%%4423\n\t\t\t\t","logName":"Security","@type":"http://purl.org/sepses/vocab/log/wineventlog#WindowsEventLogEntry","eventID":4663,"logMessage":"An attempt was made to access an object.\n\nSubject:\n\tSecurity ID:\t\tS-1-5-21-2889181789-4222170037-1347726928-1001\n\tAccount Name:\t\tVirtual Windows 10\n\tAccount Domain:\t\tDESKTOP-MAC610T\n\tLogon ID:\t\t0x1EDF9\n\nObject:\n\tObject Server:\t\tSecurity\n\tObject Type:\t\tFile\n\tObject Name:\t\tC:\\Users\\Virtual Windows 10\\Dropbox\n\tHandle ID:\t\t0x2114\n\tResource Attributes:\tS:AI\n\nProcess Information:\n\tProcess ID:\t\t0x16c8\n\tProcess Name:\t\tC:\\Program Files (x86)\\Dropbox\\Client\\Dropbox.exe\n\nAccess Request Information:\n\tAccesses:\t\tReadAttributes\n\t\t\t\t\n\tAccess Mask:\t\t0x80","version":1,"objectServer":"Security","handleID":"0x2114","objectType":"File","computerName":"DESKTOP-MAC610T","taskCategory":"File System","source":"Microsoft-Windows-Security-Auditing","resourceAttributes":"S:AI","level":"Information","processName":"C:\\Program Files (x86)\\Dropbox\\Client\\Dropbox.exe","objectName":"C:\\Users\\Virtual Windows 10\\Dropbox","accountDomain":"DESKTOP-MAC610T","processID":"0x16c8","keyword":["Audit Success"],"upCode":"Info","@context":"http://sepses.ifs.tuwien.ac.at/contexts/wineventlog.jsonld","@id":"http://example.org/logEntry#logEntry-73840bb9-fce8-4637-8f07-4cf4ecc9a473","hasLogType":"wineventlog","logonID":"0x1edf9","originatesFrom":{"hostName":{"name":"DESKTOP-MAC610T"},"@type":"rdf:nodeID","@id":"http://example.org/sepses#60c876ae-ce99-445f-85a0-6a44107b283b"},"timestamp":"2018-08-27T15:40:48.038Z"}
{"accessMask":"0x80","accountName":"Virtual Windows 10","@timestamp":"2018-08-27T15:41:23.513Z","accesses":"%%4423\n\t\t\t\t","logName":"Security","@type":"http://purl.org/sepses/vocab/log/wineventlog#WindowsEventLogEntry","eventID":4663,"logMessage":"An attempt was made to access an object.\n\nSubject:\n\tSecurity ID:\t\tS-1-5-21-2889181789-4222170037-1347726928-1001\n\tAccount Name:\t\tVirtual Windows 10\n\tAccount Domain:\t\tDESKTOP-MAC610T\n\tLogon ID:\t\t0x1EDF9\n\nObject:\n\tObject Server:\t\tSecurity\n\tObject Type:\t\tFile\n\tObject Name:\t\tC:\\Users\\Virtual Windows 10\\Dropbox\n\tHandle ID:\t\t0x3788\n\tResource Attributes:\tS:AI\n\nProcess Information:\n\tProcess ID:\t\t0x54\n\tProcess Name:\t\tC:\\Windows\\explorer.exe\n\nAccess Request Information:\n\tAccesses:\t\tReadAttributes\n\t\t\t\t\n\tAccess Mask:\t\t0x80","version":1,"objectServer":"Security","handleID":"0x3788","objectType":"File","computerName":"DESKTOP-MAC610T","taskCategory":"File System","source":"Microsoft-Windows-Security-Auditing","resourceAttributes":"S:AI","level":"Information","processName":"C:\\Windows\\explorer.exe","objectName":"C:\\Users\\Virtual Windows 10\\Dropbox","accountDomain":"DESKTOP-MAC610T","processID":"0x54","keyword":["Audit Success"],"upCode":"Info","@context":"http://sepses.ifs.tuwien.ac.at/contexts/wineventlog.jsonld","@id":"http://example.org/logEntry#logEntry-243d2c2c-4ffd-48bf-b7b7-330b47af7b61","hasLogType":"wineventlog","logonID":"0x1edf9","originatesFrom":{"hostName":{"name":"DESKTOP-MAC610T"},"@type":"rdf:nodeID","@id":"http://example.org/sepses#2c2cbaed-dee4-429a-a2a8-98408c0945af"},"timestamp":"2018-08-27T15:41:23.513Z"}
{"accessMask":"0x80","accountName":"Virtual Windows 10","@timestamp":"2018-08-27T15:41:23.516Z","accesses":"%%4423\n\t\t\t\t","logName":"Security","@type":"http://purl.org/sepses/vocab/log/wineventlog#WindowsEventLogEntry","eventID":4663,"logMessage":"An attempt was made to access an object.\n\nSubject:\n\tSecurity ID:\t\tS-1-5-21-2889181789-4222170037-1347726928-1001\n\tAccount Name:\t\tVirtual Windows 10\n\tAccount Domain:\t\tDESKTOP-MAC610T\n\tLogon ID:\t\t0x1EDF9\n\nObject:\n\tObject Server:\t\tSecurity\n\tObject Type:\t\tFile\n\tObject Name:\t\tC:\\Users\\Virtual Windows 10\\UserDocuments\n\tHandle ID:\t\t0x1ec0\n\tResource Attributes:\tS:AI\n\nProcess Information:\n\tProcess ID:\t\t0x54\n\tProcess Name:\t\tC:\\Windows\\explorer.exe\n\nAccess Request Information:\n\tAccesses:\t\tReadAttributes\n\t\t\t\t\n\tAccess Mask:\t\t0x80","version":1,"objectServer":"Security","handleID":"0x1ec0","objectType":"File","computerName":"DESKTOP-MAC610T","taskCategory":"File System","source":"Microsoft-Windows-Security-Auditing","resourceAttributes":"S:AI","level":"Information","processName":"C:\\Windows\\explorer.exe","objectName":"C:\\Users\\Virtual Windows 10\\UserDocuments","accountDomain":"DESKTOP-MAC610T","processID":"0x54","keyword":["Audit Success"],"upCode":"Info","@context":"http://sepses.ifs.tuwien.ac.at/contexts/wineventlog.jsonld","@id":"http://example.org/logEntry#logEntry-799e0990-3f07-4397-b74c-7f6b700b3244","hasLogType":"wineventlog","logonID":"0x1edf9","originatesFrom":{"hostName":{"name":"DESKTOP-MAC610T"},"@type":"rdf:nodeID","@id":"http://example.org/sepses#595f43e4-c3a2-4782-bcf7-be9be1cf83da"},"timestamp":"2018-08-27T15:41:23.516Z"}
{"accessMask":"0x80","accountName":"Virtual Windows 10","@timestamp":"2018-08-27T15:41:27.006Z","accesses":"%%4423\n\t\t\t\t","logName":"Security","@type":"http://purl.org/sepses/vocab/log/wineventlog#WindowsEventLogEntry","eventID":4663,"logMessage":"An attempt was made to access an object.\n\nSubject:\n\tSecurity ID:\t\tS-1-5-21-2889181789-4222170037-1347726928-1001\n\tAccount Name:\t\tVirtual Windows 10\n\tAccount Domain:\t\tDESKTOP-MAC610T\n\tLogon ID:\t\t0x1EDF9\n\nObject:\n\tObject Server:\t\tSecurity\n\tObject Type:\t\tFile\n\tObject Name:\t\tC:\\Users\\Virtual Windows 10\\Dropbox\\desktop.ini\n\tHandle ID:\t\t0x4a3c\n\tResource Attributes:\tS:AI\n\nProcess Information:\n\tProcess ID:\t\t0x54\n\tProcess Name:\t\tC:\\Windows\\explorer.exe\n\nAccess Request Information:\n\tAccesses:\t\tReadAttributes\n\t\t\t\t\n\tAccess Mask:\t\t0x80","version":1,"objectServer":"Security","handleID":"0x4a3c","objectType":"File","computerName":"DESKTOP-MAC610T","taskCategory":"File System","source":"Microsoft-Windows-Security-Auditing","resourceAttributes":"S:AI","level":"Information","processName":"C:\\Windows\\explorer.exe","objectName":"C:\\Users\\Virtual Windows 10\\Dropbox\\desktop.ini","accountDomain":"DESKTOP-MAC610T","processID":"0x54","keyword":["Audit Success"],"upCode":"Info","@context":"http://sepses.ifs.tuwien.ac.at/contexts/wineventlog.jsonld","@id":"http://example.org/logEntry#logEntry-17279fb5-7243-4f48-ae50-7ec2dc9e0a9a","hasLogType":"wineventlog","logonID":"0x1edf9","originatesFrom":{"hostName":{"name":"DESKTOP-MAC610T"},"@type":"rdf:nodeID","@id":"http://example.org/sepses#bdbaed6f-fba8-407f-9ed0-89edf917a4bd"},"timestamp":"2018-08-27T15:41:27.006Z"}
{"accessMask":"0x80","accountName":"Virtual Windows 10","@timestamp":"2018-08-27T15:41:27.682Z","accesses":"%%4423\n\t\t\t\t","logName":"Security","@type":"http://purl.org/sepses/vocab/log/wineventlog#WindowsEventLogEntry","eventID":4663,"logMessage":"An attempt was made to access an object.\n\nSubject:\n\tSecurity ID:\t\tS-1-5-21-2889181789-4222170037-1347726928-1001\n\tAccount Name:\t\tVirtual Windows 10\n\tAccount Domain:\t\tDESKTOP-MAC610T\n\tLogon ID:\t\t0x1EDF9\n\nObject:\n\tObject Server:\t\tSecurity\n\tObject Type:\t\tFile\n\tObject Name:\t\tC:\\Users\\Virtual Windows 10\\Dropbox\n\tHandle ID:\t\t0x5b4\n\tResource Attributes:\tS:AI\n\nProcess Information:\n\tProcess ID:\t\t0x16c8\n\tProcess Name:\t\tC:\\Program Files (x86)\\Dropbox\\Client\\Dropbox.exe\n\nAccess Request Information:\n\tAccesses:\t\tReadAttributes\n\t\t\t\t\n\tAccess Mask:\t\t0x80","version":1,"objectServer":"Security","handleID":"0x5b4","objectType":"File","computerName":"DESKTOP-MAC610T","taskCategory":"File System","source":"Microsoft-Windows-Security-Auditing","resourceAttributes":"S:AI","level":"Information","processName":"C:\\Program Files (x86)\\Dropbox\\Client\\Dropbox.exe","objectName":"C:\\Users\\Virtual Windows 10\\Dropbox","accountDomain":"DESKTOP-MAC610T","processID":"0x16c8","keyword":["Audit Success"],"upCode":"Info","@context":"http://sepses.ifs.tuwien.ac.at/contexts/wineventlog.jsonld","@id":"http://example.org/logEntry#logEntry-0a228ca5-cc35-463c-ad1b-f347b9108751","hasLogType":"wineventlog","logonID":"0x1edf9","originatesFrom":{"hostName":{"name":"DESKTOP-MAC610T"},"@type":"rdf:nodeID","@id":"http://example.org/sepses#806022f5-1eb6-45e6-9747-7596998b3822"},"timestamp":"2018-08-27T15:41:27.682Z"}
{"accessMask":"0x80","accountName":"Virtual Windows 10","@timestamp":"2018-08-27T15:41:27.683Z","accesses":"%%4423\n\t\t\t\t","logName":"Security","@type":"http://purl.org/sepses/vocab/log/wineventlog#WindowsEventLogEntry","eventID":4663,"logMessage":"An attempt was made to access an object.\n\nSubject:\n\tSecurity ID:\t\tS-1-5-21-2889181789-4222170037-1347726928-1001\n\tAccount Name:\t\tVirtual Windows 10\n\tAccount Domain:\t\tDESKTOP-MAC610T\n\tLogon ID:\t\t0x1EDF9\n\nObject:\n\tObject Server:\t\tSecurity\n\tObject Type:\t\tFile\n\tObject Name:\t\tC:\\Users\\Virtual Windows 10\\Dropbox\n\tHandle ID:\t\t0x5b4\n\tResource Attributes:\tS:AI\n\nProcess Information:\n\tProcess ID:\t\t0x16c8\n\tProcess Name:\t\tC:\\Program Files (x86)\\Dropbox\\Client\\Dropbox.exe\n\nAccess Request Information:\n\tAccesses:\t\tReadAttributes\n\t\t\t\t\n\tAccess Mask:\t\t0x80","version":1,"objectServer":"Security","handleID":"0x5b4","objectType":"File","computerName":"DESKTOP-MAC610T","taskCategory":"File System","source":"Microsoft-Windows-Security-Auditing","resourceAttributes":"S:AI","level":"Information","processName":"C:\\Program Files (x86)\\Dropbox\\Client\\Dropbox.exe","objectName":"C:\\Users\\Virtual Windows 10\\Dropbox","accountDomain":"DESKTOP-MAC610T","processID":"0x16c8","keyword":["Audit Success"],"upCode":"Info","@context":"http://sepses.ifs.tuwien.ac.at/contexts/wineventlog.jsonld","@id":"http://example.org/logEntry#logEntry-3836918f-095f-4682-a303-74b407de3ea4","hasLogType":"wineventlog","logonID":"0x1edf9","originatesFrom":{"hostName":{"name":"DESKTOP-MAC610T"},"@type":"rdf:nodeID","@id":"http://example.org/sepses#de98962e-2b66-44b9-b0f4-e8c18dc5f247"},"timestamp":"2018-08-27T15:41:27.683Z"}
{"accessMask":"0x80","accountName":"Virtual Windows 10","@timestamp":"2018-08-27T15:41:27.689Z","accesses":"%%4423\n\t\t\t\t","logName":"Security","@type":"http://purl.org/sepses/vocab/log/wineventlog#WindowsEventLogEntry","eventID":4663,"logMessage":"An attempt was made to access an object.\n\nSubject:\n\tSecurity ID:\t\tS-1-5-21-2889181789-4222170037-1347726928-1001\n\tAccount Name:\t\tVirtual Windows 10\n\tAccount Domain:\t\tDESKTOP-MAC610T\n\tLogon ID:\t\t0x1EDF9\n\nObject:\n\tObject Server:\t\tSecurity\n\tObject Type:\t\tFile\n\tObject Name:\t\tC:\\Users\\Virtual Windows 10\\Dropbox\n\tHandle ID:\t\t0x5b4\n\tResource Attributes:\tS:AI\n\nProcess Information:\n\tProcess ID:\t\t0x16c8\n\tProcess Name:\t\tC:\\Program Files (x86)\\Dropbox\\Client\\Dropbox.exe\n\nAccess Request Information:\n\tAccesses:\t\tReadAttributes\n\t\t\t\t\n\tAccess Mask:\t\t0x80","version":1,"objectServer":"Security","handleID":"0x5b4","objectType":"File","computerName":"DESKTOP-MAC610T","taskCategory":"File System","source":"Microsoft-Windows-Security-Auditing","resourceAttributes":"S:AI","level":"Information","processName":"C:\\Program Files (x86)\\Dropbox\\Client\\Dropbox.exe","objectName":"C:\\Users\\Virtual Windows 10\\Dropbox","accountDomain":"DESKTOP-MAC610T","processID":"0x16c8","keyword":["Audit Success"],"upCode":"Info","@context":"http://sepses.ifs.tuwien.ac.at/contexts/wineventlog.jsonld","@id":"http://example.org/logEntry#logEntry-11159861-d9fe-47a4-a5bf-ede0c0858327","hasLogType":"wineventlog","logonID":"0x1edf9","originatesFrom":{"hostName":{"name":"DESKTOP-MAC610T"},"@type":"rdf:nodeID","@id":"http://example.org/sepses#93e324e3-5333-41c8-a758-19c6d8e110e0"},"timestamp":"2018-08-27T15:41:27.689Z"}
{"accessMask":"0x80","accountName":"Virtual Windows 10","@timestamp":"2018-08-27T15:41:27.927Z","accesses":"%%4423\n\t\t\t\t","logName":"Security","@type":"http://purl.org/sepses/vocab/log/wineventlog#WindowsEventLogEntry","eventID":4663,"logMessage":"An attempt was made to access an object.\n\nSubject:\n\tSecurity ID:\t\tS-1-5-21-2889181789-4222170037-1347726928-1001\n\tAccount Name:\t\tVirtual Windows 10\n\tAccount Domain:\t\tDESKTOP-MAC610T\n\tLogon ID:\t\t0x1EDF9\n\nObject:\n\tObject Server:\t\tSecurity\n\tObject Type:\t\tFile\n\tObject Name:\t\tC:\\Users\\Virtual Windows 10\\Dropbox\n\tHandle ID:\t\t0x5b4\n\tResource Attributes:\tS:AI\n\nProcess Information:\n\tProcess ID:\t\t0x16c8\n\tProcess Name:\t\tC:\\Program Files (x86)\\Dropbox\\Client\\Dropbox.exe\n\nAccess Request Information:\n\tAccesses:\t\tReadAttributes\n\t\t\t\t\n\tAccess Mask:\t\t0x80","version":1,"objectServer":"Security","handleID":"0x5b4","objectType":"File","computerName":"DESKTOP-MAC610T","taskCategory":"File System","source":"Microsoft-Windows-Security-Auditing","resourceAttributes":"S:AI","level":"Information","processName":"C:\\Program Files (x86)\\Dropbox\\Client\\Dropbox.exe","objectName":"C:\\Users\\Virtual Windows 10\\Dropbox","accountDomain":"DESKTOP-MAC610T","processID":"0x16c8","keyword":["Audit Success"],"upCode":"Info","@context":"http://sepses.ifs.tuwien.ac.at/contexts/wineventlog.jsonld","@id":"http://example.org/logEntry#logEntry-88a5cae9-ab58-4fbd-894b-010a9b39e266","hasLogType":"wineventlog","logonID":"0x1edf9","originatesFrom":{"hostName":{"name":"DESKTOP-MAC610T"},"@type":"rdf:nodeID","@id":"http://example.org/sepses#74ee54cc-23d5-43f0-85f9-075a11bdf72d"},"timestamp":"2018-08-27T15:41:27.927Z"}
{"accessMask":"0x80","accountName":"Virtual Windows 10","@timestamp":"2018-08-27T15:41:27.933Z","accesses":"%%4423\n\t\t\t\t","logName":"Security","@type":"http://purl.org/sepses/vocab/log/wineventlog#WindowsEventLogEntry","eventID":4663,"logMessage":"An attempt was made to access an object.\n\nSubject:\n\tSecurity ID:\t\tS-1-5-21-2889181789-4222170037-1347726928-1001\n\tAccount Name:\t\tVirtual Windows 10\n\tAccount Domain:\t\tDESKTOP-MAC610T\n\tLogon ID:\t\t0x1EDF9\n\nObject:\n\tObject Server:\t\tSecurity\n\tObject Type:\t\tFile\n\tObject Name:\t\tC:\\Users\\Virtual Windows 10\\Dropbox\n\tHandle ID:\t\t0x5b4\n\tResource Attributes:\tS:AI\n\nProcess Information:\n\tProcess ID:\t\t0x16c8\n\tProcess Name:\t\tC:\\Program Files (x86)\\Dropbox\\Client\\Dropbox.exe\n\nAccess Request Information:\n\tAccesses:\t\tReadAttributes\n\t\t\t\t\n\tAccess Mask:\t\t0x80","version":1,"objectServer":"Security","handleID":"0x5b4","objectType":"File","computerName":"DESKTOP-MAC610T","taskCategory":"File System","source":"Microsoft-Windows-Security-Auditing","resourceAttributes":"S:AI","level":"Information","processName":"C:\\Program Files (x86)\\Dropbox\\Client\\Dropbox.exe","objectName":"C:\\Users\\Virtual Windows 10\\Dropbox","accountDomain":"DESKTOP-MAC610T","processID":"0x16c8","keyword":["Audit Success"],"upCode":"Info","@context":"http://sepses.ifs.tuwien.ac.at/contexts/wineventlog.jsonld","@id":"http://example.org/logEntry#logEntry-8cb0c875-a756-4f5c-a923-fa450ef8d12e","hasLogType":"wineventlog","logonID":"0x1edf9","originatesFrom":{"hostName":{"name":"DESKTOP-MAC610T"},"@type":"rdf:nodeID","@id":"http://example.org/sepses#dfe15466-7316-4bd8-8412-812c18ba3b7e"},"timestamp":"2018-08-27T15:41:27.933Z"}
{"accessMask":"0x80","accountName":"Virtual Windows 10","@timestamp":"2018-08-27T15:41:27.934Z","accesses":"%%4423\n\t\t\t\t","logName":"Security","@type":"http://purl.org/sepses/vocab/log/wineventlog#WindowsEventLogEntry","eventID":4663,"logMessage":"An attempt was made to access an object.\n\nSubject:\n\tSecurity ID:\t\tS-1-5-21-2889181789-4222170037-1347726928-1001\n\tAccount Name:\t\tVirtual Windows 10\n\tAccount Domain:\t\tDESKTOP-MAC610T\n\tLogon ID:\t\t0x1EDF9\n\nObject:\n\tObject Server:\t\tSecurity\n\tObject Type:\t\tFile\n\tObject Name:\t\tC:\\Users\\Virtual Windows 10\\Dropbox\n\tHandle ID:\t\t0x5b4\n\tResource Attributes:\tS:AI\n\nProcess Information:\n\tProcess ID:\t\t0x16c8\n\tProcess Name:\t\tC:\\Program Files (x86)\\Dropbox\\Client\\Dropbox.exe\n\nAccess Request Information:\n\tAccesses:\t\tReadAttributes\n\t\t\t\t\n\tAccess Mask:\t\t0x80","version":1,"objectServer":"Security","handleID":"0x5b4","objectType":"File","computerName":"DESKTOP-MAC610T","taskCategory":"File System","source":"Microsoft-Windows-Security-Auditing","resourceAttributes":"S:AI","level":"Information","processName":"C:\\Program Files (x86)\\Dropbox\\Client\\Dropbox.exe","objectName":"C:\\Users\\Virtual Windows 10\\Dropbox","accountDomain":"DESKTOP-MAC610T","processID":"0x16c8","keyword":["Audit Success"],"upCode":"Info","@context":"http://sepses.ifs.tuwien.ac.at/contexts/wineventlog.jsonld","@id":"http://example.org/logEntry#logEntry-5841c9a4-37ae-4ae5-b13e-968a8a2dbede","hasLogType":"wineventlog","logonID":"0x1edf9","originatesFrom":{"hostName":{"name":"DESKTOP-MAC610T"},"@type":"rdf:nodeID","@id":"http://example.org/sepses#9ebe39e9-d1cc-4745-b227-f94aedc10f1b"},"timestamp":"2018-08-27T15:41:27.934Z"}
{"accessMask":"0x80","accountName":"Virtual Windows 10","@timestamp":"2018-08-27T15:41:28.033Z","accesses":"%%4423\n\t\t\t\t","logName":"Security","@type":"http://purl.org/sepses/vocab/log/wineventlog#WindowsEventLogEntry","eventID":4663,"logMessage":"An attempt was made to access an object.\n\nSubject:\n\tSecurity ID:\t\tS-1-5-21-2889181789-4222170037-1347726928-1001\n\tAccount Name:\t\tVirtual Windows 10\n\tAccount Domain:\t\tDESKTOP-MAC610T\n\tLogon ID:\t\t0x1EDF9\n\nObject:\n\tObject Server:\t\tSecurity\n\tObject Type:\t\tFile\n\tObject Name:\t\tC:\\Users\\Virtual Windows 10\\Dropbox\n\tHandle ID:\t\t0x2e50\n\tResource Attributes:\tS:AI\n\nProcess Information:\n\tProcess ID:\t\t0x54\n\tProcess Name:\t\tC:\\Windows\\explorer.exe\n\nAccess Request Information:\n\tAccesses:\t\tReadAttributes\n\t\t\t\t\n\tAccess Mask:\t\t0x80","version":1,"objectServer":"Security","handleID":"0x2e50","objectType":"File","computerName":"DESKTOP-MAC610T","taskCategory":"File System","source":"Microsoft-Windows-Security-Auditing","resourceAttributes":"S:AI","level":"Information","processName":"C:\\Windows\\explorer.exe","objectName":"C:\\Users\\Virtual Windows 10\\Dropbox","accountDomain":"DESKTOP-MAC610T","processID":"0x54","keyword":["Audit Success"],"upCode":"Info","@context":"http://sepses.ifs.tuwien.ac.at/contexts/wineventlog.jsonld","@id":"http://example.org/logEntry#logEntry-248e14d7-51cb-4713-a2f5-d9a22bb548e0","hasLogType":"wineventlog","logonID":"0x1edf9","originatesFrom":{"hostName":{"name":"DESKTOP-MAC610T"},"@type":"rdf:nodeID","@id":"http://example.org/sepses#04ae2560-bfef-4aca-b9d9-34a18ea3adf4"},"timestamp":"2018-08-27T15:41:28.033Z"}
{"accessMask":"0x80","accountName":"Virtual Windows 10","@timestamp":"2018-08-27T15:41:28.044Z","accesses":"%%4423\n\t\t\t\t","logName":"Security","@type":"http://purl.org/sepses/vocab/log/wineventlog#WindowsEventLogEntry","eventID":4663,"logMessage":"An attempt was made to access an object.\n\nSubject:\n\tSecurity ID:\t\tS-1-5-21-2889181789-4222170037-1347726928-1001\n\tAccount Name:\t\tVirtual Windows 10\n\tAccount Domain:\t\tDESKTOP-MAC610T\n\tLogon ID:\t\t0x1EDF9\n\nObject:\n\tObject Server:\t\tSecurity\n\tObject Type:\t\tFile\n\tObject Name:\t\tC:\\Users\\Virtual Windows 10\\UserDocuments\n\tHandle ID:\t\t0x4298\n\tResource Attributes:\tS:AI\n\nProcess Information:\n\tProcess ID:\t\t0x54\n\tProcess Name:\t\tC:\\Windows\\explorer.exe\n\nAccess Request Information:\n\tAccesses:\t\tReadAttributes\n\t\t\t\t\n\tAccess Mask:\t\t0x80","version":1,"objectServer":"Security","handleID":"0x4298","objectType":"File","computerName":"DESKTOP-MAC610T","taskCategory":"File System","source":"Microsoft-Windows-Security-Auditing","resourceAttributes":"S:AI","level":"Information","processName":"C:\\Windows\\explorer.exe","objectName":"C:\\Users\\Virtual Windows 10\\UserDocuments","accountDomain":"DESKTOP-MAC610T","processID":"0x54","keyword":["Audit Success"],"upCode":"Info","@context":"http://sepses.ifs.tuwien.ac.at/contexts/wineventlog.jsonld","@id":"http://example.org/logEntry#logEntry-afbe0efe-a6f1-4fa8-8664-f37fa676bca7","hasLogType":"wineventlog","logonID":"0x1edf9","originatesFrom":{"hostName":{"name":"DESKTOP-MAC610T"},"@type":"rdf:nodeID","@id":"http://example.org/sepses#b5f5303d-c81f-4833-976e-35b78591bfe6"},"timestamp":"2018-08-27T15:41:28.044Z"}
{"accessMask":"0x80","accountName":"Virtual Windows 10","@timestamp":"2018-08-27T15:41:45.175Z","accesses":"%%4423\n\t\t\t\t","logName":"Security","@type":"http://purl.org/sepses/vocab/log/wineventlog#WindowsEventLogEntry","eventID":4663,"logMessage":"An attempt was made to access an object.\n\nSubject:\n\tSecurity ID:\t\tS-1-5-21-2889181789-4222170037-1347726928-1001\n\tAccount Name:\t\tVirtual Windows 10\n\tAccount Domain:\t\tDESKTOP-MAC610T\n\tLogon ID:\t\t0x1EDF9\n\nObject:\n\tObject Server:\t\tSecurity\n\tObject Type:\t\tFile\n\tObject Name:\t\tC:\\Users\\Virtual Windows 10\\Dropbox\n\tHandle ID:\t\t0x3508\n\tResource Attributes:\tS:AI\n\nProcess Information:\n\tProcess ID:\t\t0x54\n\tProcess Name:\t\tC:\\Windows\\explorer.exe\n\nAccess Request Information:\n\tAccesses:\t\tReadAttributes\n\t\t\t\t\n\tAccess Mask:\t\t0x80","version":1,"objectServer":"Security","handleID":"0x3508","objectType":"File","computerName":"DESKTOP-MAC610T","taskCategory":"File System","source":"Microsoft-Windows-Security-Auditing","resourceAttributes":"S:AI","level":"Information","processName":"C:\\Windows\\explorer.exe","objectName":"C:\\Users\\Virtual Windows 10\\Dropbox","accountDomain":"DESKTOP-MAC610T","processID":"0x54","keyword":["Audit Success"],"upCode":"Info","@context":"http://sepses.ifs.tuwien.ac.at/contexts/wineventlog.jsonld","@id":"http://example.org/logEntry#logEntry-fc3be2df-09c7-4dea-800c-da547cf71820","hasLogType":"wineventlog","logonID":"0x1edf9","originatesFrom":{"hostName":{"name":"DESKTOP-MAC610T"},"@type":"rdf:nodeID","@id":"http://example.org/sepses#fe126ae1-4af5-4bf4-9d9a-ecb94e12d69a"},"timestamp":"2018-08-27T15:41:45.175Z"}
{"accessMask":"0x80","accountName":"Virtual Windows 10","@timestamp":"2018-08-27T15:41:45.179Z","accesses":"%%4423\n\t\t\t\t","logName":"Security","@type":"http://purl.org/sepses/vocab/log/wineventlog#WindowsEventLogEntry","eventID":4663,"logMessage":"An attempt was made to access an object.\n\nSubject:\n\tSecurity ID:\t\tS-1-5-21-2889181789-4222170037-1347726928-1001\n\tAccount Name:\t\tVirtual Windows 10\n\tAccount Domain:\t\tDESKTOP-MAC610T\n\tLogon ID:\t\t0x1EDF9\n\nObject:\n\tObject Server:\t\tSecurity\n\tObject Type:\t\tFile\n\tObject Name:\t\tC:\\Users\\Virtual Windows 10\\UserDocuments\n\tHandle ID:\t\t0x2b38\n\tResource Attributes:\tS:AI\n\nProcess Information:\n\tProcess ID:\t\t0x54\n\tProcess Name:\t\tC:\\Windows\\explorer.exe\n\nAccess Request Information:\n\tAccesses:\t\tReadAttributes\n\t\t\t\t\n\tAccess Mask:\t\t0x80","version":1,"objectServer":"Security","handleID":"0x2b38","objectType":"File","computerName":"DESKTOP-MAC610T","taskCategory":"File System","source":"Microsoft-Windows-Security-Auditing","resourceAttributes":"S:AI","level":"Information","processName":"C:\\Windows\\explorer.exe","objectName":"C:\\Users\\Virtual Windows 10\\UserDocuments","accountDomain":"DESKTOP-MAC610T","processID":"0x54","keyword":["Audit Success"],"upCode":"Info","@context":"http://sepses.ifs.tuwien.ac.at/contexts/wineventlog.jsonld","@id":"http://example.org/logEntry#logEntry-d80e29cf-d0c6-4a1e-93fd-367b4e85c25d","hasLogType":"wineventlog","logonID":"0x1edf9","originatesFrom":{"hostName":{"name":"DESKTOP-MAC610T"},"@type":"rdf:nodeID","@id":"http://example.org/sepses#5825a837-0beb-4a8d-a119-81a1e534b7fd"},"timestamp":"2018-08-27T15:41:45.179Z"}
