{"timestamp":"2018-08-27T15:32:24.798Z","objectType":"File","hasLogType":"wineventlog","upCode":"Info","accountDomain":"DESKTOP-MAC610T","processID":"0x54","objectName":"C:\\Users\\Virtual Windows 10\\UserDocuments\\test2 - Copy.txt","processName":"C:\\Windows\\explorer.exe","eventID":4663,"@type":"http://purl.org/sepses/vocab/log/wineventlog#WindowsEventLogEntry","logName":"Security","originatesFrom":{"@id":"http://example.org/sepses#7ed42c3a-4a5b-4da5-8d19-719aa654b960","hostName":{"name":"DESKTOP-MAC610T"},"@type":"rdf:nodeID"},"taskCategory":"File System","version":1,"accesses":"%%4423\n\t\t\t\t","keyword":["Audit Success"],"accountName":"Virtual Windows 10","@context":"http://sepses.ifs.tuwien.ac.at/contexts/wineventlog.jsonld","@id":"http://example.org/logEntry#logEntry-6a4b6d85-b853-4b41-828a-ead4bb16e6ef","@timestamp":"2018-08-27T15:32:24.798Z","handleID":"0x1fd0","accessMask":"0x80","computerName":"DESKTOP-MAC610T","source":"Microsoft-Windows-Security-Auditing","level":"Information","logMessage":"An attempt was made to access an object.\n\nSubject:\n\tSecurity ID:\t\tS-1-5-21-2889181789-4222170037-1347726928-1001\n\tAccount Name:\t\tVirtual Windows 10\n\tAccount Domain:\t\tDESKTOP-MAC610T\n\tLogon ID:\t\t0x1EDF9\n\nObject:\n\tObject Server:\t\tSecurity\n\tObject Type:\t\tFile\n\tObject Name:\t\tC:\\Users\\Virtual Windows 10\\UserDocuments\\test2 - Copy.txt\n\tHandle ID:\t\t0x1fd0\n\tResource Attributes:\tS:AI\n\nProcess Information:\n\tProcess ID:\t\t0x54\n\tProcess Name:\t\tC:\\Windows\\explorer.exe\n\nAccess Request Information:\n\tAccesses:\t\tReadAttributes\n\t\t\t\t\n\tAccess Mask:\t\t0x80","objectServer":"Security","resourceAttributes":"S:AI","logonID":"0x1edf9"}
{"timestamp":"2018-08-27T15:32:24.798Z","objectType":"File","hasLogType":"wineventlog","upCode":"Info","accountDomain":"DESKTOP-MAC610T","processID":"0x54","objectName":"C:\\Users\\Virtual Windows 10\\UserDocuments\\test2 - Copy.txt","processName":"C:\\Windows\\explorer.exe","eventID":4663,"@type":"http://purl.org/sepses/vocab/log/wineventlog#WindowsEventLogEntry","logName":"Security","originatesFrom":{"@id":"http://example.org/sepses#e9455edd-2e1a-41ce-97de-9b59d7c9aada","hostName":{"name":"DESKTOP-MAC610T"},"@type":"rdf:nodeID"},"taskCategory":"File System","version":1,"accesses":"%%4423\n\t\t\t\t","keyword":["Audit Success"],"accountName":"Virtual Windows 10","@context":"http://sepses.ifs.tuwien.ac.at/contexts/wineventlog.jsonld","@id":"http://example.org/logEntry#logEntry-d9ddd5ff-059c-400c-9d0e-61e26594140d","@timestamp":"2018-08-27T15:32:24.798Z","handleID":"0x1fd0","accessMask":"0x80","computerName":"DESKTOP-MAC610T","source":"Microsoft-Windows-Security-Auditing","level":"Information","logMessage":"An attempt was made to access an object.\n\nSubject:\n\tSecurity ID:\t\tS-1-5-21-2889181789-4222170037-1347726928-1001\n\tAccount Name:\t\tVirtual Windows 10\n\tAccount Domain:\t\tDESKTOP-MAC610T\n\tLogon ID:\t\t0x1EDF9\n\nObject:\n\tObject Server:\t\tSecurity\n\tObject Type:\t\tFile\n\tObject Name:\t\tC:\\Users\\Virtual Windows 10\\UserDocuments\\test2 - Copy.txt\n\tHandle ID:\t\t0x1fd0\n\tResource Attributes:\tS:AI\n\nProcess Information:\n\tProcess ID:\t\t0x54\n\tProcess Name:\t\tC:\\Windows\\explorer.exe\n\nAccess Request Information:\n\tAccesses:\t\tReadAttributes\n\t\t\t\t\n\tAccess Mask:\t\t0x80","objectServer":"Security","resourceAttributes":"S:AI","logonID":"0x1edf9"}
{"timestamp":"2018-08-27T15:32:24.798Z","objectType":"File","hasLogType":"wineventlog","upCode":"Info","accountDomain":"DESKTOP-MAC610T","processID":"0x54","objectName":"C:\\Users\\Virtual Windows 10\\UserDocuments\\test2 - Copy.txt","processName":"C:\\Windows\\explorer.exe","eventID":4663,"@type":"http://purl.org/sepses/vocab/log/wineventlog#WindowsEventLogEntry","logName":"Security","originatesFrom":{"@id":"http://example.org/sepses#d1cdfe7b-79d7-408b-bbf5-7f190983a07c","hostName":{"name":"DESKTOP-MAC610T"},"@type":"rdf:nodeID"},"taskCategory":"File System","version":1,"accesses":"%%1537\n\t\t\t\t","keyword":["Audit Success"],"accountName":"Virtual Windows 10","@context":"http://sepses.ifs.tuwien.ac.at/contexts/wineventlog.jsonld","@id":"http://example.org/logEntry#logEntry-dc7611fc-5664-4c9e-831b-70f745922d3e","@timestamp":"2018-08-27T15:32:24.798Z","handleID":"0x1fd0","accessMask":"0x10000","computerName":"DESKTOP-MAC610T","source":"Microsoft-Windows-Security-Auditing","level":"Information","logMessage":"An attempt was made to access an object.\n\nSubject:\n\tSecurity ID:\t\tS-1-5-21-2889181789-4222170037-1347726928-1001\n\tAccount Name:\t\tVirtual Windows 10\n\tAccount Domain:\t\tDESKTOP-MAC610T\n\tLogon ID:\t\t0x1EDF9\n\nObject:\n\tObject Server:\t\tSecurity\n\tObject Type:\t\tFile\n\tObject Name:\t\tC:\\Users\\Virtual Windows 10\\UserDocuments\\test2 - Copy.txt\n\tHandle ID:\t\t0x1fd0\n\tResource Attributes:\tS:AI\n\nProcess Information:\n\tProcess ID:\t\t0x54\n\tProcess Name:\t\tC:\\Windows\\explorer.exe\n\nAccess Request Information:\n\tAccesses:\t\tDELETE\n\t\t\t\t\n\tAccess Mask:\t\t0x10000","objectServer":"Security","resourceAttributes":"S:AI","logonID":"0x1edf9"}
{"timestamp":"2018-08-27T15:32:24.798Z","objectType":"File","hasLogType":"wineventlog","upCode":"Info","accountDomain":"DESKTOP-MAC610T","processID":"0x54","objectName":"C:\\Users\\Virtual Windows 10\\Dropbox","processName":"C:\\Windows\\explorer.exe","eventID":4663,"@type":"http://purl.org/sepses/vocab/log/wineventlog#WindowsEventLogEntry","logName":"Security","originatesFrom":{"@id":"http://example.org/sepses#efab62a8-2355-4b95-95ce-6996302c7e2f","hostName":{"name":"DESKTOP-MAC610T"},"@type":"rdf:nodeID"},"taskCategory":"File System","version":1,"accesses":"%%4417\n\t\t\t\t","keyword":["Audit Success"],"accountName":"Virtual Windows 10","@context":"http://sepses.ifs.tuwien.ac.at/contexts/wineventlog.jsonld","@id":"http://example.org/logEntry#logEntry-cba0d979-3c76-4844-bd42-ef10a5ba20f4","@timestamp":"2018-08-27T15:32:24.798Z","handleID":"0x2c58","accessMask":"0x2","computerName":"DESKTOP-MAC610T","source":"Microsoft-Windows-Security-Auditing","level":"Information","logMessage":"An attempt was made to access an object.\n\nSubject:\n\tSecurity ID:\t\tS-1-5-21-2889181789-4222170037-1347726928-1001\n\tAccount Name:\t\tVirtual Windows 10\n\tAccount Domain:\t\tDESKTOP-MAC610T\n\tLogon ID:\t\t0x1EDF9\n\nObject:\n\tObject Server:\t\tSecurity\n\tObject Type:\t\tFile\n\tObject Name:\t\tC:\\Users\\Virtual Windows 10\\Dropbox\n\tHandle ID:\t\t0x2c58\n\tResource Attributes:\tS:AI\n\nProcess Information:\n\tProcess ID:\t\t0x54\n\tProcess Name:\t\tC:\\Windows\\explorer.exe\n\nAccess Request Information:\n\tAccesses:\t\tWriteData (or AddFile)\n\t\t\t\t\n\tAccess Mask:\t\t0x2","objectServer":"Security","resourceAttributes":"S:AI","logonID":"0x1edf9"}
{"timestamp":"2018-08-27T15:32:24.800Z","objectType":"File","hasLogType":"wineventlog","upCode":"Info","accountDomain":"DESKTOP-MAC610T","processID":"0x54","objectName":"C:\\Users\\Virtual Windows 10\\UserDocuments","processName":"C:\\Windows\\explorer.exe","eventID":4663,"@type":"http://purl.org/sepses/vocab/log/wineventlog#WindowsEventLogEntry","logName":"Security","originatesFrom":{"@id":"http://example.org/sepses#0b9a57f5-898d-46aa-9945-97276da6c117","hostName":{"name":"DESKTOP-MAC610T"},"@type":"rdf:nodeID"},"taskCategory":"File System","version":1,"accesses":"%%4423\n\t\t\t\t","keyword":["Audit Success"],"accountName":"Virtual Windows 10","@context":"http://sepses.ifs.tuwien.ac.at/contexts/wineventlog.jsonld","@id":"http://example.org/logEntry#logEntry-3ac00bde-45f1-414c-a132-a6a56dd30d01","@timestamp":"2018-08-27T15:32:24.800Z","handleID":"0x1fd0","accessMask":"0x80","computerName":"DESKTOP-MAC610T","source":"Microsoft-Windows-Security-Auditing","level":"Information","logMessage":"An attempt was made to access an object.\n\nSubject:\n\tSecurity ID:\t\tS-1-5-21-2889181789-4222170037-1347726928-1001\n\tAccount Name:\t\tVirtual Windows 10\n\tAccount Domain:\t\tDESKTOP-MAC610T\n\tLogon ID:\t\t0x1EDF9\n\nObject:\n\tObject Server:\t\tSecurity\n\tObject Type:\t\tFile\n\tObject Name:\t\tC:\\Users\\Virtual Windows 10\\UserDocuments\n\tHandle ID:\t\t0x1fd0\n\tResource Attributes:\tS:AI\n\nProcess Information:\n\tProcess ID:\t\t0x54\n\tProcess Name:\t\tC:\\Windows\\explorer.exe\n\nAccess Request Information:\n\tAccesses:\t\tReadAttributes\n\t\t\t\t\n\tAccess Mask:\t\t0x80","objectServer":"Security","resourceAttributes":"S:AI","logonID":"0x1edf9"}
{"timestamp":"2018-08-27T15:32:24.800Z","objectType":"File","hasLogType":"wineventlog","upCode":"Info","accountDomain":"DESKTOP-MAC610T","processID":"0x54","objectName":"C:\\Users\\Virtual Windows 10\\Dropbox","processName":"C:\\Windows\\explorer.exe","eventID":4663,"@type":"http://purl.org/sepses/vocab/log/wineventlog#WindowsEventLogEntry","logName":"Security","originatesFrom":{"@id":"http://example.org/sepses#0f1144c6-36e1-4cf4-bc90-70021e0bd8b5","hostName":{"name":"DESKTOP-MAC610T"},"@type":"rdf:nodeID"},"taskCategory":"File System","version":1,"accesses":"%%4423\n\t\t\t\t","keyword":["Audit Success"],"accountName":"Virtual Windows 10","@context":"http://sepses.ifs.tuwien.ac.at/contexts/wineventlog.jsonld","@id":"http://example.org/logEntry#logEntry-dddb1b91-59bf-437d-94b8-a3fbff076f3a","@timestamp":"2018-08-27T15:32:24.800Z","handleID":"0x1fd0","accessMask":"0x80","computerName":"DESKTOP-MAC610T","source":"Microsoft-Windows-Security-Auditing","level":"Information","logMessage":"An attempt was made to access an object.\n\nSubject:\n\tSecurity ID:\t\tS-1-5-21-2889181789-4222170037-1347726928-1001\n\tAccount Name:\t\tVirtual Windows 10\n\tAccount Domain:\t\tDESKTOP-MAC610T\n\tLogon ID:\t\t0x1EDF9\n\nObject:\n\tObject Server:\t\tSecurity\n\tObject Type:\t\tFile\n\tObject Name:\t\tC:\\Users\\Virtual Windows 10\\Dropbox\n\tHandle ID:\t\t0x1fd0\n\tResource Attributes:\tS:AI\n\nProcess Information:\n\tProcess ID:\t\t0x54\n\tProcess Name:\t\tC:\\Windows\\explorer.exe\n\nAccess Request Information:\n\tAccesses:\t\tReadAttributes\n\t\t\t\t\n\tAccess Mask:\t\t0x80","objectServer":"Security","resourceAttributes":"S:AI","logonID":"0x1edf9"}
{"timestamp":"2018-08-27T15:32:24.809Z","objectType":"File","hasLogType":"wineventlog","upCode":"Info","accountDomain":"DESKTOP-MAC610T","processID":"0x54","objectName":"C:\\Users\\Virtual Windows 10\\UserDocuments","processName":"C:\\Windows\\explorer.exe","eventID":4663,"@type":"http://purl.org/sepses/vocab/log/wineventlog#WindowsEventLogEntry","logName":"Security","originatesFrom":{"@id":"http://example.org/sepses#81b01057-4c1b-4c86-b9c5-803be1115d3e","hostName":{"name":"DESKTOP-MAC610T"},"@type":"rdf:nodeID"},"taskCategory":"File System","version":1,"accesses":"%%4423\n\t\t\t\t","keyword":["Audit Success"],"accountName":"Virtual Windows 10","@context":"http://sepses.ifs.tuwien.ac.at/contexts/wineventlog.jsonld","@id":"http://example.org/logEntry#logEntry-9483090e-b190-4d5e-b2e7-fd122323e0ac","@timestamp":"2018-08-27T15:32:24.809Z","handleID":"0x209c","accessMask":"0x80","computerName":"DESKTOP-MAC610T","source":"Microsoft-Windows-Security-Auditing","level":"Information","logMessage":"An attempt was made to access an object.\n\nSubject:\n\tSecurity ID:\t\tS-1-5-21-2889181789-4222170037-1347726928-1001\n\tAccount Name:\t\tVirtual Windows 10\n\tAccount Domain:\t\tDESKTOP-MAC610T\n\tLogon ID:\t\t0x1EDF9\n\nObject:\n\tObject Server:\t\tSecurity\n\tObject Type:\t\tFile\n\tObject Name:\t\tC:\\Users\\Virtual Windows 10\\UserDocuments\n\tHandle ID:\t\t0x209c\n\tResource Attributes:\tS:AI\n\nProcess Information:\n\tProcess ID:\t\t0x54\n\tProcess Name:\t\tC:\\Windows\\explorer.exe\n\nAccess Request Information:\n\tAccesses:\t\tReadAttributes\n\t\t\t\t\n\tAccess Mask:\t\t0x80","objectServer":"Security","resourceAttributes":"S:AI","logonID":"0x1edf9"}
{"timestamp":"2018-08-27T15:32:24.809Z","objectType":"File","hasLogType":"wineventlog","upCode":"Info","accountDomain":"DESKTOP-MAC610T","processID":"0x54","objectName":"C:\\Users\\Virtual Windows 10\\UserDocuments","processName":"C:\\Windows\\explorer.exe","eventID":4663,"@type":"http://purl.org/sepses/vocab/log/wineventlog#WindowsEventLogEntry","logName":"Security","originatesFrom":{"@id":"http://example.org/sepses#94408fab-f1f5-486a-9009-a73c59a2c91f","hostName":{"name":"DESKTOP-MAC610T"},"@type":"rdf:nodeID"},"taskCategory":"File System","version":1,"accesses":"%%4423\n\t\t\t\t","keyword":["Audit Success"],"accountName":"Virtual Windows 10","@context":"http://sepses.ifs.tuwien.ac.at/contexts/wineventlog.jsonld","@id":"http://example.org/logEntry#logEntry-5383b8ce-b827-4566-80d5-2e43570eae1a","@timestamp":"2018-08-27T15:32:24.809Z","handleID":"0x2f28","accessMask":"0x80","computerName":"DESKTOP-MAC610T","source":"Microsoft-Windows-Security-Auditing","level":"Information","logMessage":"An attempt was made to access an object.\n\nSubject:\n\tSecurity ID:\t\tS-1-5-21-2889181789-4222170037-1347726928-1001\n\tAccount Name:\t\tVirtual Windows 10\n\tAccount Domain:\t\tDESKTOP-MAC610T\n\tLogon ID:\t\t0x1EDF9\n\nObject:\n\tObject Server:\t\tSecurity\n\tObject Type:\t\tFile\n\tObject Name:\t\tC:\\Users\\Virtual Windows 10\\UserDocuments\n\tHandle ID:\t\t0x2f28\n\tResource Attributes:\tS:AI\n\nProcess Information:\n\tProcess ID:\t\t0x54\n\tProcess Name:\t\tC:\\Windows\\explorer.exe\n\nAccess Request Information:\n\tAccesses:\t\tReadAttributes\n\t\t\t\t\n\tAccess Mask:\t\t0x80","objectServer":"Security","resourceAttributes":"S:AI","logonID":"0x1edf9"}
{"timestamp":"2018-08-27T15:32:24.809Z","objectType":"File","hasLogType":"wineventlog","upCode":"Info","accountDomain":"DESKTOP-MAC610T","processID":"0x54","objectName":"C:\\Users\\Virtual Windows 10\\Dropbox","processName":"C:\\Windows\\explorer.exe","eventID":4663,"@type":"http://purl.org/sepses/vocab/log/wineventlog#WindowsEventLogEntry","logName":"Security","originatesFrom":{"@id":"http://example.org/sepses#955824a8-3073-46e7-93d5-5251c6095422","hostName":{"name":"DESKTOP-MAC610T"},"@type":"rdf:nodeID"},"taskCategory":"File System","version":1,"accesses":"%%4423\n\t\t\t\t","keyword":["Audit Success"],"accountName":"Virtual Windows 10","@context":"http://sepses.ifs.tuwien.ac.at/contexts/wineventlog.jsonld","@id":"http://example.org/logEntry#logEntry-38089853-019d-4ed4-8994-162db0f4153b","@timestamp":"2018-08-27T15:32:24.809Z","handleID":"0x33e0","accessMask":"0x80","computerName":"DESKTOP-MAC610T","source":"Microsoft-Windows-Security-Auditing","level":"Information","logMessage":"An attempt was made to access an object.\n\nSubject:\n\tSecurity ID:\t\tS-1-5-21-2889181789-4222170037-1347726928-1001\n\tAccount Name:\t\tVirtual Windows 10\n\tAccount Domain:\t\tDESKTOP-MAC610T\n\tLogon ID:\t\t0x1EDF9\n\nObject:\n\tObject Server:\t\tSecurity\n\tObject Type:\t\tFile\n\tObject Name:\t\tC:\\Users\\Virtual Windows 10\\Dropbox\n\tHandle ID:\t\t0x33e0\n\tResource Attributes:\tS:AI\n\nProcess Information:\n\tProcess ID:\t\t0x54\n\tProcess Name:\t\tC:\\Windows\\explorer.exe\n\nAccess Request Information:\n\tAccesses:\t\tReadAttributes\n\t\t\t\t\n\tAccess Mask:\t\t0x80","objectServer":"Security","resourceAttributes":"S:AI","logonID":"0x1edf9"}
{"timestamp":"2018-08-27T15:32:24.809Z","objectType":"File","hasLogType":"wineventlog","upCode":"Info","accountDomain":"DESKTOP-MAC610T","processID":"0x54","objectName":"C:\\Users\\Virtual Windows 10\\Dropbox","processName":"C:\\Windows\\explorer.exe","eventID":4663,"@type":"http://purl.org/sepses/vocab/log/wineventlog#WindowsEventLogEntry","logName":"Security","originatesFrom":{"@id":"http://example.org/sepses#336f559e-bf15-424c-a968-12b2d0754d2d","hostName":{"name":"DESKTOP-MAC610T"},"@type":"rdf:nodeID"},"taskCategory":"File System","version":1,"accesses":"%%4423\n\t\t\t\t","keyword":["Audit Success"],"accountName":"Virtual Windows 10","@context":"http://sepses.ifs.tuwien.ac.at/contexts/wineventlog.jsonld","@id":"http://example.org/logEntry#logEntry-8c9221c4-00d5-4b47-8794-049a76b354d0","@timestamp":"2018-08-27T15:32:24.809Z","handleID":"0x1ea8","accessMask":"0x80","computerName":"DESKTOP-MAC610T","source":"Microsoft-Windows-Security-Auditing","level":"Information","logMessage":"An attempt was made to access an object.\n\nSubject:\n\tSecurity ID:\t\tS-1-5-21-2889181789-4222170037-1347726928-1001\n\tAccount Name:\t\tVirtual Windows 10\n\tAccount Domain:\t\tDESKTOP-MAC610T\n\tLogon ID:\t\t0x1EDF9\n\nObject:\n\tObject Server:\t\tSecurity\n\tObject Type:\t\tFile\n\tObject Name:\t\tC:\\Users\\Virtual Windows 10\\Dropbox\n\tHandle ID:\t\t0x1ea8\n\tResource Attributes:\tS:AI\n\nProcess Information:\n\tProcess ID:\t\t0x54\n\tProcess Name:\t\tC:\\Windows\\explorer.exe\n\nAccess Request Information:\n\tAccesses:\t\tReadAttributes\n\t\t\t\t\n\tAccess Mask:\t\t0x80","objectServer":"Security","resourceAttributes":"S:AI","logonID":"0x1edf9"}
{"timestamp":"2018-08-27T15:32:24.814Z","objectType":"File","hasLogType":"wineventlog","upCode":"Info","accountDomain":"DESKTOP-MAC610T","processID":"0x16c8","objectName":"C:\\Users\\Virtual Windows 10\\Dropbox\\test2 - Copy.txt","processName":"C:\\Program Files (x86)\\Dropbox\\Client\\Dropbox.exe","eventID":4663,"@type":"http://purl.org/sepses/vocab/log/wineventlog#WindowsEventLogEntry","logName":"Security","originatesFrom":{"@id":"http://example.org/sepses#a62b52b7-9001-4aa2-ad8b-72f441e0bff6","hostName":{"name":"DESKTOP-MAC610T"},"@type":"rdf:nodeID"},"taskCategory":"File System","version":1,"accesses":"%%4423\n\t\t\t\t","keyword":["Audit Success"],"accountName":"Virtual Windows 10","@context":"http://sepses.ifs.tuwien.ac.at/contexts/wineventlog.jsonld","@id":"http://example.org/logEntry#logEntry-69e7f1e9-1e41-4cef-ae97-9d4174bc9b59","@timestamp":"2018-08-27T15:32:24.814Z","handleID":"0x2244","accessMask":"0x80","computerName":"DESKTOP-MAC610T","source":"Microsoft-Windows-Security-Auditing","level":"Information","logMessage":"An attempt was made to access an object.\n\nSubject:\n\tSecurity ID:\t\tS-1-5-21-2889181789-4222170037-1347726928-1001\n\tAccount Name:\t\tVirtual Windows 10\n\tAccount Domain:\t\tDESKTOP-MAC610T\n\tLogon ID:\t\t0x1EDF9\n\nObject:\n\tObject Server:\t\tSecurity\n\tObject Type:\t\tFile\n\tObject Name:\t\tC:\\Users\\Virtual Windows 10\\Dropbox\\test2 - Copy.txt\n\tHandle ID:\t\t0x2244\n\tResource Attributes:\tS:AI\n\nProcess Information:\n\tProcess ID:\t\t0x16c8\n\tProcess Name:\t\tC:\\Program Files (x86)\\Dropbox\\Client\\Dropbox.exe\n\nAccess Request Information:\n\tAccesses:\t\tReadAttributes\n\t\t\t\t\n\tAccess Mask:\t\t0x80","objectServer":"Security","resourceAttributes":"S:AI","logonID":"0x1edf9"}
{"timestamp":"2018-08-27T15:32:24.814Z","objectType":"File","hasLogType":"wineventlog","upCode":"Info","accountDomain":"DESKTOP-MAC610T","processID":"0x16c8","objectName":"C:\\Users\\Virtual Windows 10\\Dropbox\\test2 - Copy.txt","processName":"C:\\Program Files (x86)\\Dropbox\\Client\\Dropbox.exe","eventID":4663,"@type":"http://purl.org/sepses/vocab/log/wineventlog#WindowsEventLogEntry","logName":"Security","originatesFrom":{"@id":"http://example.org/sepses#c359e3dd-2eae-477f-9e50-88942f7c5f05","hostName":{"name":"DESKTOP-MAC610T"},"@type":"rdf:nodeID"},"taskCategory":"File System","version":1,"accesses":"%%4423\n\t\t\t\t","keyword":["Audit Success"],"accountName":"Virtual Windows 10","@context":"http://sepses.ifs.tuwien.ac.at/contexts/wineventlog.jsonld","@id":"http://example.org/logEntry#logEntry-758a0717-4288-47f3-8c6e-35fb79a60463","@timestamp":"2018-08-27T15:32:24.814Z","handleID":"0x2244","accessMask":"0x80","computerName":"DESKTOP-MAC610T","source":"Microsoft-Windows-Security-Auditing","level":"Information","logMessage":"An attempt was made to access an object.\n\nSubject:\n\tSecurity ID:\t\tS-1-5-21-2889181789-4222170037-1347726928-1001\n\tAccount Name:\t\tVirtual Windows 10\n\tAccount Domain:\t\tDESKTOP-MAC610T\n\tLogon ID:\t\t0x1EDF9\n\nObject:\n\tObject Server:\t\tSecurity\n\tObject Type:\t\tFile\n\tObject Name:\t\tC:\\Users\\Virtual Windows 10\\Dropbox\\test2 - Copy.txt\n\tHandle ID:\t\t0x2244\n\tResource Attributes:\tS:AI\n\nProcess Information:\n\tProcess ID:\t\t0x16c8\n\tProcess Name:\t\tC:\\Program Files (x86)\\Dropbox\\Client\\Dropbox.exe\n\nAccess Request Information:\n\tAccesses:\t\tReadAttributes\n\t\t\t\t\n\tAccess Mask:\t\t0x80","objectServer":"Security","resourceAttributes":"S:AI","logonID":"0x1edf9"}
{"timestamp":"2018-08-27T15:32:24.837Z","objectType":"File","hasLogType":"wineventlog","upCode":"Info","accountDomain":"DESKTOP-MAC610T","processID":"0x16c8","objectName":"C:\\Users\\Virtual Windows 10\\Dropbox\\test2 - Copy.txt","processName":"C:\\Program Files (x86)\\Dropbox\\Client\\Dropbox.exe","eventID":4663,"@type":"http://purl.org/sepses/vocab/log/wineventlog#WindowsEventLogEntry","logName":"Security","originatesFrom":{"@id":"http://example.org/sepses#ff4604ae-3d83-4128-95e6-aa039607d894","hostName":{"name":"DESKTOP-MAC610T"},"@type":"rdf:nodeID"},"taskCategory":"File System","version":1,"accesses":"%%4423\n\t\t\t\t","keyword":["Audit Success"],"accountName":"Virtual Windows 10","@context":"http://sepses.ifs.tuwien.ac.at/contexts/wineventlog.jsonld","@id":"http://example.org/logEntry#logEntry-f43eb3b7-79c0-4cd8-aef4-3694f3fe4876","@timestamp":"2018-08-27T15:32:24.837Z","handleID":"0x2254","accessMask":"0x80","computerName":"DESKTOP-MAC610T","source":"Microsoft-Windows-Security-Auditing","level":"Information","logMessage":"An attempt was made to access an object.\n\nSubject:\n\tSecurity ID:\t\tS-1-5-21-2889181789-4222170037-1347726928-1001\n\tAccount Name:\t\tVirtual Windows 10\n\tAccount Domain:\t\tDESKTOP-MAC610T\n\tLogon ID:\t\t0x1EDF9\n\nObject:\n\tObject Server:\t\tSecurity\n\tObject Type:\t\tFile\n\tObject Name:\t\tC:\\Users\\Virtual Windows 10\\Dropbox\\test2 - Copy.txt\n\tHandle ID:\t\t0x2254\n\tResource Attributes:\tS:AI\n\nProcess Information:\n\tProcess ID:\t\t0x16c8\n\tProcess Name:\t\tC:\\Program Files (x86)\\Dropbox\\Client\\Dropbox.exe\n\nAccess Request Information:\n\tAccesses:\t\tReadAttributes\n\t\t\t\t\n\tAccess Mask:\t\t0x80","objectServer":"Security","resourceAttributes":"S:AI","logonID":"0x1edf9"}
{"timestamp":"2018-08-27T15:32:24.838Z","objectType":"File","hasLogType":"wineventlog","upCode":"Info","accountDomain":"DESKTOP-MAC610T","processID":"0x16c8","objectName":"C:\\Users\\Virtual Windows 10\\Dropbox\\test2 - Copy.txt","processName":"C:\\Program Files (x86)\\Dropbox\\Client\\Dropbox.exe","eventID":4663,"@type":"http://purl.org/sepses/vocab/log/wineventlog#WindowsEventLogEntry","logName":"Security","originatesFrom":{"@id":"http://example.org/sepses#cf675519-5109-477a-b32b-f35cf3306874","hostName":{"name":"DESKTOP-MAC610T"},"@type":"rdf:nodeID"},"taskCategory":"File System","version":1,"accesses":"%%4423\n\t\t\t\t","keyword":["Audit Success"],"accountName":"Virtual Windows 10","@context":"http://sepses.ifs.tuwien.ac.at/contexts/wineventlog.jsonld","@id":"http://example.org/logEntry#logEntry-4dce1000-6590-4c4c-9c72-34c07ed0008c","@timestamp":"2018-08-27T15:32:24.838Z","handleID":"0x2254","accessMask":"0x80","computerName":"DESKTOP-MAC610T","source":"Microsoft-Windows-Security-Auditing","level":"Information","logMessage":"An attempt was made to access an object.\n\nSubject:\n\tSecurity ID:\t\tS-1-5-21-2889181789-4222170037-1347726928-1001\n\tAccount Name:\t\tVirtual Windows 10\n\tAccount Domain:\t\tDESKTOP-MAC610T\n\tLogon ID:\t\t0x1EDF9\n\nObject:\n\tObject Server:\t\tSecurity\n\tObject Type:\t\tFile\n\tObject Name:\t\tC:\\Users\\Virtual Windows 10\\Dropbox\\test2 - Copy.txt\n\tHandle ID:\t\t0x2254\n\tResource Attributes:\tS:AI\n\nProcess Information:\n\tProcess ID:\t\t0x16c8\n\tProcess Name:\t\tC:\\Program Files (x86)\\Dropbox\\Client\\Dropbox.exe\n\nAccess Request Information:\n\tAccesses:\t\tReadAttributes\n\t\t\t\t\n\tAccess Mask:\t\t0x80","objectServer":"Security","resourceAttributes":"S:AI","logonID":"0x1edf9"}
{"timestamp":"2018-08-27T15:32:24.899Z","objectType":"File","hasLogType":"wineventlog","upCode":"Info","accountDomain":"DESKTOP-MAC610T","processID":"0x54","objectName":"C:\\Users\\Virtual Windows 10\\Dropbox","processName":"C:\\Windows\\explorer.exe","eventID":4663,"@type":"http://purl.org/sepses/vocab/log/wineventlog#WindowsEventLogEntry","logName":"Security","originatesFrom":{"@id":"http://example.org/sepses#15feeb36-96d4-4c59-bd73-93b54312a871","hostName":{"name":"DESKTOP-MAC610T"},"@type":"rdf:nodeID"},"taskCategory":"File System","version":1,"accesses":"%%4423\n\t\t\t\t","keyword":["Audit Success"],"accountName":"Virtual Windows 10","@context":"http://sepses.ifs.tuwien.ac.at/contexts/wineventlog.jsonld","@id":"http://example.org/logEntry#logEntry-5cd9c619-47f2-4aca-afcd-4b4d0a4686b6","@timestamp":"2018-08-27T15:32:24.899Z","handleID":"0x4318","accessMask":"0x80","computerName":"DESKTOP-MAC610T","source":"Microsoft-Windows-Security-Auditing","level":"Information","logMessage":"An attempt was made to access an object.\n\nSubject:\n\tSecurity ID:\t\tS-1-5-21-2889181789-4222170037-1347726928-1001\n\tAccount Name:\t\tVirtual Windows 10\n\tAccount Domain:\t\tDESKTOP-MAC610T\n\tLogon ID:\t\t0x1EDF9\n\nObject:\n\tObject Server:\t\tSecurity\n\tObject Type:\t\tFile\n\tObject Name:\t\tC:\\Users\\Virtual Windows 10\\Dropbox\n\tHandle ID:\t\t0x4318\n\tResource Attributes:\tS:AI\n\nProcess Information:\n\tProcess ID:\t\t0x54\n\tProcess Name:\t\tC:\\Windows\\explorer.exe\n\nAccess Request Information:\n\tAccesses:\t\tReadAttributes\n\t\t\t\t\n\tAccess Mask:\t\t0x80","objectServer":"Security","resourceAttributes":"S:AI","logonID":"0x1edf9"}
{"timestamp":"2018-08-27T15:32:25.140Z","objectType":"File","hasLogType":"wineventlog","upCode":"Info","accountDomain":"DESKTOP-MAC610T","processID":"0x54","objectName":"C:\\Users\\Virtual Windows 10\\Dropbox","processName":"C:\\Windows\\explorer.exe","eventID":4663,"@type":"http://purl.org/sepses/vocab/log/wineventlog#WindowsEventLogEntry","logName":"Security","originatesFrom":{"@id":"http://example.org/sepses#56972d39-b0a4-4b70-9c44-1dc0daa22752","hostName":{"name":"DESKTOP-MAC610T"},"@type":"rdf:nodeID"},"taskCategory":"File System","version":1,"accesses":"%%4423\n\t\t\t\t","keyword":["Audit Success"],"accountName":"Virtual Windows 10","@context":"http://sepses.ifs.tuwien.ac.at/contexts/wineventlog.jsonld","@id":"http://example.org/logEntry#logEntry-066f8baf-f3db-4410-932d-f9a09de65d23","@timestamp":"2018-08-27T15:32:25.140Z","handleID":"0x40fc","accessMask":"0x80","computerName":"DESKTOP-MAC610T","source":"Microsoft-Windows-Security-Auditing","level":"Information","logMessage":"An attempt was made to access an object.\n\nSubject:\n\tSecurity ID:\t\tS-1-5-21-2889181789-4222170037-1347726928-1001\n\tAccount Name:\t\tVirtual Windows 10\n\tAccount Domain:\t\tDESKTOP-MAC610T\n\tLogon ID:\t\t0x1EDF9\n\nObject:\n\tObject Server:\t\tSecurity\n\tObject Type:\t\tFile\n\tObject Name:\t\tC:\\Users\\Virtual Windows 10\\Dropbox\n\tHandle ID:\t\t0x40fc\n\tResource Attributes:\tS:AI\n\nProcess Information:\n\tProcess ID:\t\t0x54\n\tProcess Name:\t\tC:\\Windows\\explorer.exe\n\nAccess Request Information:\n\tAccesses:\t\tReadAttributes\n\t\t\t\t\n\tAccess Mask:\t\t0x80","objectServer":"Security","resourceAttributes":"S:AI","logonID":"0x1edf9"}
{"timestamp":"2018-08-27T15:32:25.151Z","objectType":"File","hasLogType":"wineventlog","upCode":"Info","accountDomain":"DESKTOP-MAC610T","processID":"0x54","objectName":"C:\\Users\\Virtual Windows 10\\Dropbox","processName":"C:\\Windows\\explorer.exe","eventID":4663,"@type":"http://purl.org/sepses/vocab/log/wineventlog#WindowsEventLogEntry","logName":"Security","originatesFrom":{"@id":"http://example.org/sepses#6124357c-4150-4d78-ae90-ee64e089226c","hostName":{"name":"DESKTOP-MAC610T"},"@type":"rdf:nodeID"},"taskCategory":"File System","version":1,"accesses":"%%4423\n\t\t\t\t","keyword":["Audit Success"],"accountName":"Virtual Windows 10","@context":"http://sepses.ifs.tuwien.ac.at/contexts/wineventlog.jsonld","@id":"http://example.org/logEntry#logEntry-515d6abe-5512-470b-9092-f87499714665","@timestamp":"2018-08-27T15:32:25.151Z","handleID":"0x26ac","accessMask":"0x80","computerName":"DESKTOP-MAC610T","source":"Microsoft-Windows-Security-Auditing","level":"Information","logMessage":"An attempt was made to access an object.\n\nSubject:\n\tSecurity ID:\t\tS-1-5-21-2889181789-4222170037-1347726928-1001\n\tAccount Name:\t\tVirtual Windows 10\n\tAccount Domain:\t\tDESKTOP-MAC610T\n\tLogon ID:\t\t0x1EDF9\n\nObject:\n\tObject Server:\t\tSecurity\n\tObject Type:\t\tFile\n\tObject Name:\t\tC:\\Users\\Virtual Windows 10\\Dropbox\n\tHandle ID:\t\t0x26ac\n\tResource Attributes:\tS:AI\n\nProcess Information:\n\tProcess ID:\t\t0x54\n\tProcess Name:\t\tC:\\Windows\\explorer.exe\n\nAccess Request Information:\n\tAccesses:\t\tReadAttributes\n\t\t\t\t\n\tAccess Mask:\t\t0x80","objectServer":"Security","resourceAttributes":"S:AI","logonID":"0x1edf9"}
{"timestamp":"2018-08-27T15:32:25.303Z","objectType":"File","hasLogType":"wineventlog","upCode":"Info","accountDomain":"DESKTOP-MAC610T","processID":"0x16c8","objectName":"C:\\Users\\Virtual Windows 10\\Dropbox\\test1.txt","processName":"C:\\Program Files (x86)\\Dropbox\\Client\\Dropbox.exe","eventID":4663,"@type":"http://purl.org/sepses/vocab/log/wineventlog#WindowsEventLogEntry","logName":"Security","originatesFrom":{"@id":"http://example.org/sepses#66e4c2bf-6d9a-40ee-b147-ebbc08b5af2d","hostName":{"name":"DESKTOP-MAC610T"},"@type":"rdf:nodeID"},"taskCategory":"File System","version":1,"accesses":"%%4423\n\t\t\t\t","keyword":["Audit Success"],"accountName":"Virtual Windows 10","@context":"http://sepses.ifs.tuwien.ac.at/contexts/wineventlog.jsonld","@id":"http://example.org/logEntry#logEntry-b93b1175-3810-44ce-8f7b-d18879dc22bd","@timestamp":"2018-08-27T15:32:25.303Z","handleID":"0x223c","accessMask":"0x80","computerName":"DESKTOP-MAC610T","source":"Microsoft-Windows-Security-Auditing","level":"Information","logMessage":"An attempt was made to access an object.\n\nSubject:\n\tSecurity ID:\t\tS-1-5-21-2889181789-4222170037-1347726928-1001\n\tAccount Name:\t\tVirtual Windows 10\n\tAccount Domain:\t\tDESKTOP-MAC610T\n\tLogon ID:\t\t0x1EDF9\n\nObject:\n\tObject Server:\t\tSecurity\n\tObject Type:\t\tFile\n\tObject Name:\t\tC:\\Users\\Virtual Windows 10\\Dropbox\\test1.txt\n\tHandle ID:\t\t0x223c\n\tResource Attributes:\tS:AI\n\nProcess Information:\n\tProcess ID:\t\t0x16c8\n\tProcess Name:\t\tC:\\Program Files (x86)\\Dropbox\\Client\\Dropbox.exe\n\nAccess Request Information:\n\tAccesses:\t\tReadAttributes\n\t\t\t\t\n\tAccess Mask:\t\t0x80","objectServer":"Security","resourceAttributes":"S:AI","logonID":"0x1edf9"}
{"timestamp":"2018-08-27T15:32:25.304Z","objectType":"File","hasLogType":"wineventlog","upCode":"Info","accountDomain":"DESKTOP-MAC610T","processID":"0x16c8","objectName":"C:\\Users\\Virtual Windows 10\\Dropbox\\test1.txt","processName":"C:\\Program Files (x86)\\Dropbox\\Client\\Dropbox.exe","eventID":4663,"@type":"http://purl.org/sepses/vocab/log/wineventlog#WindowsEventLogEntry","logName":"Security","originatesFrom":{"@id":"http://example.org/sepses#9902877f-22e0-47f2-9caa-0d101ed35a37","hostName":{"name":"DESKTOP-MAC610T"},"@type":"rdf:nodeID"},"taskCategory":"File System","version":1,"accesses":"%%4423\n\t\t\t\t","keyword":["Audit Success"],"accountName":"Virtual Windows 10","@context":"http://sepses.ifs.tuwien.ac.at/contexts/wineventlog.jsonld","@id":"http://example.org/logEntry#logEntry-10508d2f-d01d-4e3f-9272-340eaba0b677","@timestamp":"2018-08-27T15:32:25.304Z","handleID":"0x223c","accessMask":"0x80","computerName":"DESKTOP-MAC610T","source":"Microsoft-Windows-Security-Auditing","level":"Information","logMessage":"An attempt was made to access an object.\n\nSubject:\n\tSecurity ID:\t\tS-1-5-21-2889181789-4222170037-1347726928-1001\n\tAccount Name:\t\tVirtual Windows 10\n\tAccount Domain:\t\tDESKTOP-MAC610T\n\tLogon ID:\t\t0x1EDF9\n\nObject:\n\tObject Server:\t\tSecurity\n\tObject Type:\t\tFile\n\tObject Name:\t\tC:\\Users\\Virtual Windows 10\\Dropbox\\test1.txt\n\tHandle ID:\t\t0x223c\n\tResource Attributes:\tS:AI\n\nProcess Information:\n\tProcess ID:\t\t0x16c8\n\tProcess Name:\t\tC:\\Program Files (x86)\\Dropbox\\Client\\Dropbox.exe\n\nAccess Request Information:\n\tAccesses:\t\tReadAttributes\n\t\t\t\t\n\tAccess Mask:\t\t0x80","objectServer":"Security","resourceAttributes":"S:AI","logonID":"0x1edf9"}
{"timestamp":"2018-08-27T15:32:25.349Z","objectType":"File","hasLogType":"wineventlog","upCode":"Info","accountDomain":"DESKTOP-MAC610T","processID":"0x54","objectName":"C:\\Users\\Virtual Windows 10\\Dropbox","processName":"C:\\Windows\\explorer.exe","eventID":4663,"@type":"http://purl.org/sepses/vocab/log/wineventlog#WindowsEventLogEntry","logName":"Security","originatesFrom":{"@id":"http://example.org/sepses#613414b2-cd8a-4ee6-9a42-186b749dc5d5","hostName":{"name":"DESKTOP-MAC610T"},"@type":"rdf:nodeID"},"taskCategory":"File System","version":1,"accesses":"%%4423\n\t\t\t\t","keyword":["Audit Success"],"accountName":"Virtual Windows 10","@context":"http://sepses.ifs.tuwien.ac.at/contexts/wineventlog.jsonld","@id":"http://example.org/logEntry#logEntry-37a343af-b7c0-45d2-b131-5baee0686a54","@timestamp":"2018-08-27T15:32:25.349Z","handleID":"0x36ec","accessMask":"0x80","computerName":"DESKTOP-MAC610T","source":"Microsoft-Windows-Security-Auditing","level":"Information","logMessage":"An attempt was made to access an object.\n\nSubject:\n\tSecurity ID:\t\tS-1-5-21-2889181789-4222170037-1347726928-1001\n\tAccount Name:\t\tVirtual Windows 10\n\tAccount Domain:\t\tDESKTOP-MAC610T\n\tLogon ID:\t\t0x1EDF9\n\nObject:\n\tObject Server:\t\tSecurity\n\tObject Type:\t\tFile\n\tObject Name:\t\tC:\\Users\\Virtual Windows 10\\Dropbox\n\tHandle ID:\t\t0x36ec\n\tResource Attributes:\tS:AI\n\nProcess Information:\n\tProcess ID:\t\t0x54\n\tProcess Name:\t\tC:\\Windows\\explorer.exe\n\nAccess Request Information:\n\tAccesses:\t\tReadAttributes\n\t\t\t\t\n\tAccess Mask:\t\t0x80","objectServer":"Security","resourceAttributes":"S:AI","logonID":"0x1edf9"}
{"timestamp":"2018-08-27T15:32:25.367Z","objectType":"File","hasLogType":"wineventlog","upCode":"Info","accountDomain":"DESKTOP-MAC610T","processID":"0x54","objectName":"C:\\Users\\Virtual Windows 10\\Dropbox","processName":"C:\\Windows\\explorer.exe","eventID":4663,"@type":"http://purl.org/sepses/vocab/log/wineventlog#WindowsEventLogEntry","logName":"Security","originatesFrom":{"@id":"http://example.org/sepses#cc4368eb-e54d-4cdc-86b1-ad082bb70de6","hostName":{"name":"DESKTOP-MAC610T"},"@type":"rdf:nodeID"},"taskCategory":"File System","version":1,"accesses":"%%4423\n\t\t\t\t","keyword":["Audit Success"],"accountName":"Virtual Windows 10","@context":"http://sepses.ifs.tuwien.ac.at/contexts/wineventlog.jsonld","@id":"http://example.org/logEntry#logEntry-92fc1e88-b473-4fb1-b37d-6ccf6e214ab9","@timestamp":"2018-08-27T15:32:25.367Z","handleID":"0x228c","accessMask":"0x80","computerName":"DESKTOP-MAC610T","source":"Microsoft-Windows-Security-Auditing","level":"Information","logMessage":"An attempt was made to access an object.\n\nSubject:\n\tSecurity ID:\t\tS-1-5-21-2889181789-4222170037-1347726928-1001\n\tAccount Name:\t\tVirtual Windows 10\n\tAccount Domain:\t\tDESKTOP-MAC610T\n\tLogon ID:\t\t0x1EDF9\n\nObject:\n\tObject Server:\t\tSecurity\n\tObject Type:\t\tFile\n\tObject Name:\t\tC:\\Users\\Virtual Windows 10\\Dropbox\n\tHandle ID:\t\t0x228c\n\tResource Attributes:\tS:AI\n\nProcess Information:\n\tProcess ID:\t\t0x54\n\tProcess Name:\t\tC:\\Windows\\explorer.exe\n\nAccess Request Information:\n\tAccesses:\t\tReadAttributes\n\t\t\t\t\n\tAccess Mask:\t\t0x80","objectServer":"Security","resourceAttributes":"S:AI","logonID":"0x1edf9"}
{"timestamp":"2018-08-27T15:32:25.451Z","objectType":"File","hasLogType":"wineventlog","upCode":"Info","accountDomain":"DESKTOP-MAC610T","processID":"0x54","objectName":"C:\\Users\\Virtual Windows 10\\Dropbox","processName":"C:\\Windows\\explorer.exe","eventID":4663,"@type":"http://purl.org/sepses/vocab/log/wineventlog#WindowsEventLogEntry","logName":"Security","originatesFrom":{"@id":"http://example.org/sepses#77adf0ba-c503-4012-a35e-30a21e8be8b5","hostName":{"name":"DESKTOP-MAC610T"},"@type":"rdf:nodeID"},"taskCategory":"File System","version":1,"accesses":"%%4423\n\t\t\t\t","keyword":["Audit Success"],"accountName":"Virtual Windows 10","@context":"http://sepses.ifs.tuwien.ac.at/contexts/wineventlog.jsonld","@id":"http://example.org/logEntry#logEntry-aab5de73-ed97-4c69-85e5-d8401f20125c","@timestamp":"2018-08-27T15:32:25.451Z","handleID":"0x3d34","accessMask":"0x80","computerName":"DESKTOP-MAC610T","source":"Microsoft-Windows-Security-Auditing","level":"Information","logMessage":"An attempt was made to access an object.\n\nSubject:\n\tSecurity ID:\t\tS-1-5-21-2889181789-4222170037-1347726928-1001\n\tAccount Name:\t\tVirtual Windows 10\n\tAccount Domain:\t\tDESKTOP-MAC610T\n\tLogon ID:\t\t0x1EDF9\n\nObject:\n\tObject Server:\t\tSecurity\n\tObject Type:\t\tFile\n\tObject Name:\t\tC:\\Users\\Virtual Windows 10\\Dropbox\n\tHandle ID:\t\t0x3d34\n\tResource Attributes:\tS:AI\n\nProcess Information:\n\tProcess ID:\t\t0x54\n\tProcess Name:\t\tC:\\Windows\\explorer.exe\n\nAccess Request Information:\n\tAccesses:\t\tReadAttributes\n\t\t\t\t\n\tAccess Mask:\t\t0x80","objectServer":"Security","resourceAttributes":"S:AI","logonID":"0x1edf9"}
{"timestamp":"2018-08-27T15:32:25.458Z","objectType":"File","hasLogType":"wineventlog","upCode":"Info","accountDomain":"DESKTOP-MAC610T","processID":"0x54","objectName":"C:\\Users\\Virtual Windows 10\\Dropbox","processName":"C:\\Windows\\explorer.exe","eventID":4663,"@type":"http://purl.org/sepses/vocab/log/wineventlog#WindowsEventLogEntry","logName":"Security","originatesFrom":{"@id":"http://example.org/sepses#e9c7dc28-bc62-4467-b5e2-a224444591bf","hostName":{"name":"DESKTOP-MAC610T"},"@type":"rdf:nodeID"},"taskCategory":"File System","version":1,"accesses":"%%4423\n\t\t\t\t","keyword":["Audit Success"],"accountName":"Virtual Windows 10","@context":"http://sepses.ifs.tuwien.ac.at/contexts/wineventlog.jsonld","@id":"http://example.org/logEntry#logEntry-81efcb20-b01c-4dd1-8653-7c80ab325281","@timestamp":"2018-08-27T15:32:25.458Z","handleID":"0x228c","accessMask":"0x80","computerName":"DESKTOP-MAC610T","source":"Microsoft-Windows-Security-Auditing","level":"Information","logMessage":"An attempt was made to access an object.\n\nSubject:\n\tSecurity ID:\t\tS-1-5-21-2889181789-4222170037-1347726928-1001\n\tAccount Name:\t\tVirtual Windows 10\n\tAccount Domain:\t\tDESKTOP-MAC610T\n\tLogon ID:\t\t0x1EDF9\n\nObject:\n\tObject Server:\t\tSecurity\n\tObject Type:\t\tFile\n\tObject Name:\t\tC:\\Users\\Virtual Windows 10\\Dropbox\n\tHandle ID:\t\t0x228c\n\tResource Attributes:\tS:AI\n\nProcess Information:\n\tProcess ID:\t\t0x54\n\tProcess Name:\t\tC:\\Windows\\explorer.exe\n\nAccess Request Information:\n\tAccesses:\t\tReadAttributes\n\t\t\t\t\n\tAccess Mask:\t\t0x80","objectServer":"Security","resourceAttributes":"S:AI","logonID":"0x1edf9"}
{"timestamp":"2018-08-27T15:32:25.616Z","objectType":"File","hasLogType":"wineventlog","upCode":"Info","accountDomain":"DESKTOP-MAC610T","processID":"0x16c8","objectName":"C:\\Users\\Virtual Windows 10\\Dropbox\\test2 - Copy.txt:com.dropbox.attributes","processName":"C:\\Program Files (x86)\\Dropbox\\Client\\Dropbox.exe","eventID":4663,"@type":"http://purl.org/sepses/vocab/log/wineventlog#WindowsEventLogEntry","logName":"Security","originatesFrom":{"@id":"http://example.org/sepses#9de987d3-e8f3-4acb-b5d9-63a91dd600b6","hostName":{"name":"DESKTOP-MAC610T"},"@type":"rdf:nodeID"},"taskCategory":"File System","version":1,"accesses":"%%4417\n\t\t\t\t","keyword":["Audit Success"],"accountName":"Virtual Windows 10","@context":"http://sepses.ifs.tuwien.ac.at/contexts/wineventlog.jsonld","@id":"http://example.org/logEntry#logEntry-83294420-e8c0-4a06-8c46-c08b5be6f1d7","@timestamp":"2018-08-27T15:32:25.616Z","handleID":"0x2250","accessMask":"0x2","computerName":"DESKTOP-MAC610T","source":"Microsoft-Windows-Security-Auditing","level":"Information","logMessage":"An attempt was made to access an object.\n\nSubject:\n\tSecurity ID:\t\tS-1-5-21-2889181789-4222170037-1347726928-1001\n\tAccount Name:\t\tVirtual Windows 10\n\tAccount Domain:\t\tDESKTOP-MAC610T\n\tLogon ID:\t\t0x1EDF9\n\nObject:\n\tObject Server:\t\tSecurity\n\tObject Type:\t\tFile\n\tObject Name:\t\tC:\\Users\\Virtual Windows 10\\Dropbox\\test2 - Copy.txt:com.dropbox.attributes\n\tHandle ID:\t\t0x2250\n\tResource Attributes:\tS:AI\n\nProcess Information:\n\tProcess ID:\t\t0x16c8\n\tProcess Name:\t\tC:\\Program Files (x86)\\Dropbox\\Client\\Dropbox.exe\n\nAccess Request Information:\n\tAccesses:\t\tWriteData (or AddFile)\n\t\t\t\t\n\tAccess Mask:\t\t0x2","objectServer":"Security","resourceAttributes":"S:AI","logonID":"0x1edf9"}
{"timestamp":"2018-08-27T15:32:25.724Z","objectType":"File","hasLogType":"wineventlog","upCode":"Info","accountDomain":"DESKTOP-MAC610T","processID":"0x54","objectName":"C:\\Users\\Virtual Windows 10\\Dropbox","processName":"C:\\Windows\\explorer.exe","eventID":4663,"@type":"http://purl.org/sepses/vocab/log/wineventlog#WindowsEventLogEntry","logName":"Security","originatesFrom":{"@id":"http://example.org/sepses#8229422f-edaa-4890-a2c1-9bc3c8e53856","hostName":{"name":"DESKTOP-MAC610T"},"@type":"rdf:nodeID"},"taskCategory":"File System","version":1,"accesses":"%%4423\n\t\t\t\t","keyword":["Audit Success"],"accountName":"Virtual Windows 10","@context":"http://sepses.ifs.tuwien.ac.at/contexts/wineventlog.jsonld","@id":"http://example.org/logEntry#logEntry-fda285d8-41d4-41f2-950b-584fe07b671d","@timestamp":"2018-08-27T15:32:25.724Z","handleID":"0x3d34","accessMask":"0x80","computerName":"DESKTOP-MAC610T","source":"Microsoft-Windows-Security-Auditing","level":"Information","logMessage":"An attempt was made to access an object.\n\nSubject:\n\tSecurity ID:\t\tS-1-5-21-2889181789-4222170037-1347726928-1001\n\tAccount Name:\t\tVirtual Windows 10\n\tAccount Domain:\t\tDESKTOP-MAC610T\n\tLogon ID:\t\t0x1EDF9\n\nObject:\n\tObject Server:\t\tSecurity\n\tObject Type:\t\tFile\n\tObject Name:\t\tC:\\Users\\Virtual Windows 10\\Dropbox\n\tHandle ID:\t\t0x3d34\n\tResource Attributes:\tS:AI\n\nProcess Information:\n\tProcess ID:\t\t0x54\n\tProcess Name:\t\tC:\\Windows\\explorer.exe\n\nAccess Request Information:\n\tAccesses:\t\tReadAttributes\n\t\t\t\t\n\tAccess Mask:\t\t0x80","objectServer":"Security","resourceAttributes":"S:AI","logonID":"0x1edf9"}
{"timestamp":"2018-08-27T15:32:25.736Z","objectType":"File","hasLogType":"wineventlog","upCode":"Info","accountDomain":"DESKTOP-MAC610T","processID":"0x54","objectName":"C:\\Users\\Virtual Windows 10\\Dropbox","processName":"C:\\Windows\\explorer.exe","eventID":4663,"@type":"http://purl.org/sepses/vocab/log/wineventlog#WindowsEventLogEntry","logName":"Security","originatesFrom":{"@id":"http://example.org/sepses#61b1aea1-dcb8-4bf1-9f2e-5466f8ac189d","hostName":{"name":"DESKTOP-MAC610T"},"@type":"rdf:nodeID"},"taskCategory":"File System","version":1,"accesses":"%%4423\n\t\t\t\t","keyword":["Audit Success"],"accountName":"Virtual Windows 10","@context":"http://sepses.ifs.tuwien.ac.at/contexts/wineventlog.jsonld","@id":"http://example.org/logEntry#logEntry-25561f15-51c0-4322-9f0e-75f1df518520","@timestamp":"2018-08-27T15:32:25.736Z","handleID":"0x29d0","accessMask":"0x80","computerName":"DESKTOP-MAC610T","source":"Microsoft-Windows-Security-Auditing","level":"Information","logMessage":"An attempt was made to access an object.\n\nSubject:\n\tSecurity ID:\t\tS-1-5-21-2889181789-4222170037-1347726928-1001\n\tAccount Name:\t\tVirtual Windows 10\n\tAccount Domain:\t\tDESKTOP-MAC610T\n\tLogon ID:\t\t0x1EDF9\n\nObject:\n\tObject Server:\t\tSecurity\n\tObject Type:\t\tFile\n\tObject Name:\t\tC:\\Users\\Virtual Windows 10\\Dropbox\n\tHandle ID:\t\t0x29d0\n\tResource Attributes:\tS:AI\n\nProcess Information:\n\tProcess ID:\t\t0x54\n\tProcess Name:\t\tC:\\Windows\\explorer.exe\n\nAccess Request Information:\n\tAccesses:\t\tReadAttributes\n\t\t\t\t\n\tAccess Mask:\t\t0x80","objectServer":"Security","resourceAttributes":"S:AI","logonID":"0x1edf9"}
{"timestamp":"2018-08-27T15:32:25.974Z","objectType":"File","hasLogType":"wineventlog","upCode":"Info","accountDomain":"DESKTOP-MAC610T","processID":"0x16c8","objectName":"C:\\Users\\Virtual Windows 10\\Dropbox\\test2 - Copy.txt","processName":"C:\\Program Files (x86)\\Dropbox\\Client\\Dropbox.exe","eventID":4663,"@type":"http://purl.org/sepses/vocab/log/wineventlog#WindowsEventLogEntry","logName":"Security","originatesFrom":{"@id":"http://example.org/sepses#c64c0433-480b-4469-9a8f-503883231edd","hostName":{"name":"DESKTOP-MAC610T"},"@type":"rdf:nodeID"},"taskCategory":"File System","version":1,"accesses":"%%4423\n\t\t\t\t","keyword":["Audit Success"],"accountName":"Virtual Windows 10","@context":"http://sepses.ifs.tuwien.ac.at/contexts/wineventlog.jsonld","@id":"http://example.org/logEntry#logEntry-b31cbadc-be71-4ff3-8f18-b33f208aa709","@timestamp":"2018-08-27T15:32:25.974Z","handleID":"0x2250","accessMask":"0x80","computerName":"DESKTOP-MAC610T","source":"Microsoft-Windows-Security-Auditing","level":"Information","logMessage":"An attempt was made to access an object.\n\nSubject:\n\tSecurity ID:\t\tS-1-5-21-2889181789-4222170037-1347726928-1001\n\tAccount Name:\t\tVirtual Windows 10\n\tAccount Domain:\t\tDESKTOP-MAC610T\n\tLogon ID:\t\t0x1EDF9\n\nObject:\n\tObject Server:\t\tSecurity\n\tObject Type:\t\tFile\n\tObject Name:\t\tC:\\Users\\Virtual Windows 10\\Dropbox\\test2 - Copy.txt\n\tHandle ID:\t\t0x2250\n\tResource Attributes:\tS:AI\n\nProcess Information:\n\tProcess ID:\t\t0x16c8\n\tProcess Name:\t\tC:\\Program Files (x86)\\Dropbox\\Client\\Dropbox.exe\n\nAccess Request Information:\n\tAccesses:\t\tReadAttributes\n\t\t\t\t\n\tAccess Mask:\t\t0x80","objectServer":"Security","resourceAttributes":"S:AI","logonID":"0x1edf9"}
{"timestamp":"2018-08-27T15:32:25.978Z","objectType":"File","hasLogType":"wineventlog","upCode":"Info","accountDomain":"DESKTOP-MAC610T","processID":"0x16c8","objectName":"C:\\Users\\Virtual Windows 10\\Dropbox\\test2 - Copy.txt","processName":"C:\\Program Files (x86)\\Dropbox\\Client\\Dropbox.exe","eventID":4663,"@type":"http://purl.org/sepses/vocab/log/wineventlog#WindowsEventLogEntry","logName":"Security","originatesFrom":{"@id":"http://example.org/sepses#57e2a3e9-1ff4-4887-af2e-e13f3f5ef5c8","hostName":{"name":"DESKTOP-MAC610T"},"@type":"rdf:nodeID"},"taskCategory":"File System","version":1,"accesses":"%%4423\n\t\t\t\t","keyword":["Audit Success"],"accountName":"Virtual Windows 10","@context":"http://sepses.ifs.tuwien.ac.at/contexts/wineventlog.jsonld","@id":"http://example.org/logEntry#logEntry-25e8ad21-9607-4f6d-bbb2-879ae2f42ef1","@timestamp":"2018-08-27T15:32:25.978Z","handleID":"0x2250","accessMask":"0x80","computerName":"DESKTOP-MAC610T","source":"Microsoft-Windows-Security-Auditing","level":"Information","logMessage":"An attempt was made to access an object.\n\nSubject:\n\tSecurity ID:\t\tS-1-5-21-2889181789-4222170037-1347726928-1001\n\tAccount Name:\t\tVirtual Windows 10\n\tAccount Domain:\t\tDESKTOP-MAC610T\n\tLogon ID:\t\t0x1EDF9\n\nObject:\n\tObject Server:\t\tSecurity\n\tObject Type:\t\tFile\n\tObject Name:\t\tC:\\Users\\Virtual Windows 10\\Dropbox\\test2 - Copy.txt\n\tHandle ID:\t\t0x2250\n\tResource Attributes:\tS:AI\n\nProcess Information:\n\tProcess ID:\t\t0x16c8\n\tProcess Name:\t\tC:\\Program Files (x86)\\Dropbox\\Client\\Dropbox.exe\n\nAccess Request Information:\n\tAccesses:\t\tReadAttributes\n\t\t\t\t\n\tAccess Mask:\t\t0x80","objectServer":"Security","resourceAttributes":"S:AI","logonID":"0x1edf9"}
{"timestamp":"2018-08-27T15:32:25.987Z","objectType":"File","hasLogType":"wineventlog","upCode":"Info","accountDomain":"DESKTOP-MAC610T","processID":"0x16c8","objectName":"C:\\Users\\Virtual Windows 10\\Dropbox\\test2 - Copy.txt","processName":"C:\\Program Files (x86)\\Dropbox\\Client\\Dropbox.exe","eventID":4663,"@type":"http://purl.org/sepses/vocab/log/wineventlog#WindowsEventLogEntry","logName":"Security","originatesFrom":{"@id":"http://example.org/sepses#de3087f6-a10d-4d84-951c-ad8e46273f1a","hostName":{"name":"DESKTOP-MAC610T"},"@type":"rdf:nodeID"},"taskCategory":"File System","version":1,"accesses":"%%4423\n\t\t\t\t","keyword":["Audit Success"],"accountName":"Virtual Windows 10","@context":"http://sepses.ifs.tuwien.ac.at/contexts/wineventlog.jsonld","@id":"http://example.org/logEntry#logEntry-4b230547-cd0c-4104-9cbd-e9167597e2b7","@timestamp":"2018-08-27T15:32:25.987Z","handleID":"0x2120","accessMask":"0x80","computerName":"DESKTOP-MAC610T","source":"Microsoft-Windows-Security-Auditing","level":"Information","logMessage":"An attempt was made to access an object.\n\nSubject:\n\tSecurity ID:\t\tS-1-5-21-2889181789-4222170037-1347726928-1001\n\tAccount Name:\t\tVirtual Windows 10\n\tAccount Domain:\t\tDESKTOP-MAC610T\n\tLogon ID:\t\t0x1EDF9\n\nObject:\n\tObject Server:\t\tSecurity\n\tObject Type:\t\tFile\n\tObject Name:\t\tC:\\Users\\Virtual Windows 10\\Dropbox\\test2 - Copy.txt\n\tHandle ID:\t\t0x2120\n\tResource Attributes:\tS:AI\n\nProcess Information:\n\tProcess ID:\t\t0x16c8\n\tProcess Name:\t\tC:\\Program Files (x86)\\Dropbox\\Client\\Dropbox.exe\n\nAccess Request Information:\n\tAccesses:\t\tReadAttributes\n\t\t\t\t\n\tAccess Mask:\t\t0x80","objectServer":"Security","resourceAttributes":"S:AI","logonID":"0x1edf9"}
