{"source":"Microsoft-Windows-Security-Auditing","computerName":"VirtualWindows8","taskCategory":"File System","accessMask":"0x80","logName":"Security","@timestamp":"2018-10-03T10:09:23.061Z","objectServer":"Security","upCode":"Info","hasLogType":"wineventlog","originatesFrom":{"@id":"http://example.org/sepses#d80c05e9-224f-4747-ac8b-b0ee3c3c2235","hostName":{"name":"VirtualWindows8"},"@type":"rdf:nodeID"},"@id":"http://example.org/logEntry#logEntry-d5d1c59a-8eaf-4ea1-a2ed-2c4a93b415bc","accountName":"VirtualWindows8User","handleID":"0xcc0","@context":"http://sepses.ifs.tuwien.ac.at/contexts/wineventlog.jsonld","version":1,"processID":"0x6ec","accesses":"%%4423\n\t\t\t\t","logMessage":"An attempt was made to access an object.\n\nSubject:\n\tSecurity ID:\t\tS-1-5-21-2361021202-3253521353-2316283985-1001\n\tAccount Name:\t\tVirtualWindows8User\n\tAccount Domain:\t\tVirtualWindows8\n\tLogon ID:\t\t0x108AF\n\nObject:\n\tObject Server:\t\tSecurity\n\tObject Type:\t\tFile\n\tObject Name:\t\tC:\\Users\\VirtualWindows8User\\UserDocuments\n\tHandle ID:\t\t0xcc0\n\tResource Attributes:\tS:AI\n\nProcess Information:\n\tProcess ID:\t\t0x6ec\n\tProcess Name:\t\tC:\\Windows\\explorer.exe\n\nAccess Request Information:\n\tAccesses:\t\tReadAttributes\n\t\t\t\t\n\tAccess Mask:\t\t0x80","timestamp":"2018-10-03T10:09:23.061Z","resourceAttributes":"S:AI","eventID":4663,"level":"Information","keyword":["Audit Success"],"objectType":"File","objectName":"C:\\Users\\VirtualWindows8User\\UserDocuments","processName":"C:\\Windows\\explorer.exe","accountDomain":"VirtualWindows8","logonID":"0x108af","@type":"http://purl.org/sepses/vocab/log/wineventlog#WindowsEventLogEntry"}
{"source":"Microsoft-Windows-Security-Auditing","computerName":"VirtualWindows8","taskCategory":"File System","accessMask":"0x80","logName":"Security","@timestamp":"2018-10-03T10:09:23.061Z","objectServer":"Security","upCode":"Info","hasLogType":"wineventlog","originatesFrom":{"@id":"http://example.org/sepses#ee212fc7-5d27-4104-9362-864ffb00dc80","hostName":{"name":"VirtualWindows8"},"@type":"rdf:nodeID"},"@id":"http://example.org/logEntry#logEntry-5f6b8293-b713-4c9d-8a3c-79c64d824874","accountName":"VirtualWindows8User","handleID":"0x1eec","@context":"http://sepses.ifs.tuwien.ac.at/contexts/wineventlog.jsonld","version":1,"processID":"0x6ec","accesses":"%%4423\n\t\t\t\t","logMessage":"An attempt was made to access an object.\n\nSubject:\n\tSecurity ID:\t\tS-1-5-21-2361021202-3253521353-2316283985-1001\n\tAccount Name:\t\tVirtualWindows8User\n\tAccount Domain:\t\tVirtualWindows8\n\tLogon ID:\t\t0x108AF\n\nObject:\n\tObject Server:\t\tSecurity\n\tObject Type:\t\tFile\n\tObject Name:\t\tC:\\Users\\VirtualWindows8User\\UserDocuments\n\tHandle ID:\t\t0x1eec\n\tResource Attributes:\tS:AI\n\nProcess Information:\n\tProcess ID:\t\t0x6ec\n\tProcess Name:\t\tC:\\Windows\\explorer.exe\n\nAccess Request Information:\n\tAccesses:\t\tReadAttributes\n\t\t\t\t\n\tAccess Mask:\t\t0x80","timestamp":"2018-10-03T10:09:23.061Z","resourceAttributes":"S:AI","eventID":4663,"level":"Information","keyword":["Audit Success"],"objectType":"File","objectName":"C:\\Users\\VirtualWindows8User\\UserDocuments","processName":"C:\\Windows\\explorer.exe","accountDomain":"VirtualWindows8","logonID":"0x108af","@type":"http://purl.org/sepses/vocab/log/wineventlog#WindowsEventLogEntry"}
{"source":"Microsoft-Windows-Security-Auditing","computerName":"VirtualWindows8","taskCategory":"File System","accessMask":"0x80","logName":"Security","@timestamp":"2018-10-03T10:09:23.108Z","objectServer":"Security","upCode":"Info","hasLogType":"wineventlog","originatesFrom":{"@id":"http://example.org/sepses#113f455b-a92e-42f9-8b7b-8fcc5026a1f8","hostName":{"name":"VirtualWindows8"},"@type":"rdf:nodeID"},"@id":"http://example.org/logEntry#logEntry-15478bb2-dc21-4883-9795-a7424000f8db","accountName":"VirtualWindows8User","handleID":"0x1fcc","@context":"http://sepses.ifs.tuwien.ac.at/contexts/wineventlog.jsonld","version":1,"processID":"0x6ec","accesses":"%%4423\n\t\t\t\t","logMessage":"An attempt was made to access an object.\n\nSubject:\n\tSecurity ID:\t\tS-1-5-21-2361021202-3253521353-2316283985-1001\n\tAccount Name:\t\tVirtualWindows8User\n\tAccount Domain:\t\tVirtualWindows8\n\tLogon ID:\t\t0x108AF\n\nObject:\n\tObject Server:\t\tSecurity\n\tObject Type:\t\tFile\n\tObject Name:\t\tC:\\Users\\VirtualWindows8User\\UserDocuments\n\tHandle ID:\t\t0x1fcc\n\tResource Attributes:\tS:AI\n\nProcess Information:\n\tProcess ID:\t\t0x6ec\n\tProcess Name:\t\tC:\\Windows\\explorer.exe\n\nAccess Request Information:\n\tAccesses:\t\tReadAttributes\n\t\t\t\t\n\tAccess Mask:\t\t0x80","timestamp":"2018-10-03T10:09:23.108Z","resourceAttributes":"S:AI","eventID":4663,"level":"Information","keyword":["Audit Success"],"objectType":"File","objectName":"C:\\Users\\VirtualWindows8User\\UserDocuments","processName":"C:\\Windows\\explorer.exe","accountDomain":"VirtualWindows8","logonID":"0x108af","@type":"http://purl.org/sepses/vocab/log/wineventlog#WindowsEventLogEntry"}
{"source":"Microsoft-Windows-Security-Auditing","computerName":"VirtualWindows8","taskCategory":"File System","accessMask":"0x80","logName":"Security","@timestamp":"2018-10-03T10:09:23.108Z","objectServer":"Security","upCode":"Info","hasLogType":"wineventlog","originatesFrom":{"@id":"http://example.org/sepses#639fd42b-bdc9-4c80-a19a-ad76f18f0976","hostName":{"name":"VirtualWindows8"},"@type":"rdf:nodeID"},"@id":"http://example.org/logEntry#logEntry-62ea6039-276b-4c0f-80dd-a7600bd93efe","accountName":"VirtualWindows8User","handleID":"0x1fcc","@context":"http://sepses.ifs.tuwien.ac.at/contexts/wineventlog.jsonld","version":1,"processID":"0x6ec","accesses":"%%4423\n\t\t\t\t","logMessage":"An attempt was made to access an object.\n\nSubject:\n\tSecurity ID:\t\tS-1-5-21-2361021202-3253521353-2316283985-1001\n\tAccount Name:\t\tVirtualWindows8User\n\tAccount Domain:\t\tVirtualWindows8\n\tLogon ID:\t\t0x108AF\n\nObject:\n\tObject Server:\t\tSecurity\n\tObject Type:\t\tFile\n\tObject Name:\t\tC:\\Users\\VirtualWindows8User\\UserDocuments\n\tHandle ID:\t\t0x1fcc\n\tResource Attributes:\tS:AI\n\nProcess Information:\n\tProcess ID:\t\t0x6ec\n\tProcess Name:\t\tC:\\Windows\\explorer.exe\n\nAccess Request Information:\n\tAccesses:\t\tReadAttributes\n\t\t\t\t\n\tAccess Mask:\t\t0x80","timestamp":"2018-10-03T10:09:23.108Z","resourceAttributes":"S:AI","eventID":4663,"level":"Information","keyword":["Audit Success"],"objectType":"File","objectName":"C:\\Users\\VirtualWindows8User\\UserDocuments","processName":"C:\\Windows\\explorer.exe","accountDomain":"VirtualWindows8","logonID":"0x108af","@type":"http://purl.org/sepses/vocab/log/wineventlog#WindowsEventLogEntry"}
{"source":"Microsoft-Windows-Security-Auditing","computerName":"VirtualWindows8","taskCategory":"File System","accessMask":"0x80","logName":"Security","@timestamp":"2018-10-03T10:09:23.186Z","objectServer":"Security","upCode":"Info","hasLogType":"wineventlog","originatesFrom":{"@id":"http://example.org/sepses#84d29138-2f17-4ac9-b3d1-a161cf8f4f78","hostName":{"name":"VirtualWindows8"},"@type":"rdf:nodeID"},"@id":"http://example.org/logEntry#logEntry-f235fd43-8930-407b-bd1c-ae2b3cbe303f","accountName":"VirtualWindows8User","handleID":"0x27c","@context":"http://sepses.ifs.tuwien.ac.at/contexts/wineventlog.jsonld","version":1,"processID":"0x6ec","accesses":"%%4423\n\t\t\t\t","logMessage":"An attempt was made to access an object.\n\nSubject:\n\tSecurity ID:\t\tS-1-5-21-2361021202-3253521353-2316283985-1001\n\tAccount Name:\t\tVirtualWindows8User\n\tAccount Domain:\t\tVirtualWindows8\n\tLogon ID:\t\t0x108AF\n\nObject:\n\tObject Server:\t\tSecurity\n\tObject Type:\t\tFile\n\tObject Name:\t\tC:\\Users\\VirtualWindows8User\\UserDocuments\n\tHandle ID:\t\t0x27c\n\tResource Attributes:\tS:AI\n\nProcess Information:\n\tProcess ID:\t\t0x6ec\n\tProcess Name:\t\tC:\\Windows\\explorer.exe\n\nAccess Request Information:\n\tAccesses:\t\tReadAttributes\n\t\t\t\t\n\tAccess Mask:\t\t0x80","timestamp":"2018-10-03T10:09:23.186Z","resourceAttributes":"S:AI","eventID":4663,"level":"Information","keyword":["Audit Success"],"objectType":"File","objectName":"C:\\Users\\VirtualWindows8User\\UserDocuments","processName":"C:\\Windows\\explorer.exe","accountDomain":"VirtualWindows8","logonID":"0x108af","@type":"http://purl.org/sepses/vocab/log/wineventlog#WindowsEventLogEntry"}
{"source":"Microsoft-Windows-Security-Auditing","computerName":"VirtualWindows8","taskCategory":"File System","accessMask":"0x80","logName":"Security","@timestamp":"2018-10-03T10:09:23.186Z","objectServer":"Security","upCode":"Info","hasLogType":"wineventlog","originatesFrom":{"@id":"http://example.org/sepses#cee074cc-c4df-4af9-b0be-024074757f4f","hostName":{"name":"VirtualWindows8"},"@type":"rdf:nodeID"},"@id":"http://example.org/logEntry#logEntry-a1147518-bec3-45a8-b871-e8aad96dcbff","accountName":"VirtualWindows8User","handleID":"0x27c","@context":"http://sepses.ifs.tuwien.ac.at/contexts/wineventlog.jsonld","version":1,"processID":"0x6ec","accesses":"%%4423\n\t\t\t\t","logMessage":"An attempt was made to access an object.\n\nSubject:\n\tSecurity ID:\t\tS-1-5-21-2361021202-3253521353-2316283985-1001\n\tAccount Name:\t\tVirtualWindows8User\n\tAccount Domain:\t\tVirtualWindows8\n\tLogon ID:\t\t0x108AF\n\nObject:\n\tObject Server:\t\tSecurity\n\tObject Type:\t\tFile\n\tObject Name:\t\tC:\\Users\\VirtualWindows8User\\UserDocuments\n\tHandle ID:\t\t0x27c\n\tResource Attributes:\tS:AI\n\nProcess Information:\n\tProcess ID:\t\t0x6ec\n\tProcess Name:\t\tC:\\Windows\\explorer.exe\n\nAccess Request Information:\n\tAccesses:\t\tReadAttributes\n\t\t\t\t\n\tAccess Mask:\t\t0x80","timestamp":"2018-10-03T10:09:23.186Z","resourceAttributes":"S:AI","eventID":4663,"level":"Information","keyword":["Audit Success"],"objectType":"File","objectName":"C:\\Users\\VirtualWindows8User\\UserDocuments","processName":"C:\\Windows\\explorer.exe","accountDomain":"VirtualWindows8","logonID":"0x108af","@type":"http://purl.org/sepses/vocab/log/wineventlog#WindowsEventLogEntry"}
{"source":"Microsoft-Windows-Security-Auditing","computerName":"VirtualWindows8","taskCategory":"File System","accessMask":"0x80","logName":"Security","@timestamp":"2018-10-03T10:09:23.359Z","objectServer":"Security","upCode":"Info","hasLogType":"wineventlog","originatesFrom":{"@id":"http://example.org/sepses#7c836f81-7f15-4738-8f6a-5a9e6ef61ec9","hostName":{"name":"VirtualWindows8"},"@type":"rdf:nodeID"},"@id":"http://example.org/logEntry#logEntry-9f1001c2-db2b-418e-8cbc-19044de3da4b","accountName":"VirtualWindows8User","handleID":"0x1728","@context":"http://sepses.ifs.tuwien.ac.at/contexts/wineventlog.jsonld","version":1,"processID":"0x6ec","accesses":"%%4423\n\t\t\t\t","logMessage":"An attempt was made to access an object.\n\nSubject:\n\tSecurity ID:\t\tS-1-5-21-2361021202-3253521353-2316283985-1001\n\tAccount Name:\t\tVirtualWindows8User\n\tAccount Domain:\t\tVirtualWindows8\n\tLogon ID:\t\t0x108AF\n\nObject:\n\tObject Server:\t\tSecurity\n\tObject Type:\t\tFile\n\tObject Name:\t\tC:\\Users\\VirtualWindows8User\\UserDocuments\n\tHandle ID:\t\t0x1728\n\tResource Attributes:\tS:AI\n\nProcess Information:\n\tProcess ID:\t\t0x6ec\n\tProcess Name:\t\tC:\\Windows\\explorer.exe\n\nAccess Request Information:\n\tAccesses:\t\tReadAttributes\n\t\t\t\t\n\tAccess Mask:\t\t0x80","timestamp":"2018-10-03T10:09:23.359Z","resourceAttributes":"S:AI","eventID":4663,"level":"Information","keyword":["Audit Success"],"objectType":"File","objectName":"C:\\Users\\VirtualWindows8User\\UserDocuments","processName":"C:\\Windows\\explorer.exe","accountDomain":"VirtualWindows8","logonID":"0x108af","@type":"http://purl.org/sepses/vocab/log/wineventlog#WindowsEventLogEntry"}
{"source":"Microsoft-Windows-Security-Auditing","computerName":"VirtualWindows8","taskCategory":"File System","accessMask":"0x80","logName":"Security","@timestamp":"2018-10-03T10:09:23.359Z","objectServer":"Security","upCode":"Info","hasLogType":"wineventlog","originatesFrom":{"@id":"http://example.org/sepses#a8392b22-cd04-4e64-b2f9-cf5421c4a23c","hostName":{"name":"VirtualWindows8"},"@type":"rdf:nodeID"},"@id":"http://example.org/logEntry#logEntry-cf245921-6766-4789-9d1e-7642a8d852bf","accountName":"VirtualWindows8User","handleID":"0x1728","@context":"http://sepses.ifs.tuwien.ac.at/contexts/wineventlog.jsonld","version":1,"processID":"0x6ec","accesses":"%%4423\n\t\t\t\t","logMessage":"An attempt was made to access an object.\n\nSubject:\n\tSecurity ID:\t\tS-1-5-21-2361021202-3253521353-2316283985-1001\n\tAccount Name:\t\tVirtualWindows8User\n\tAccount Domain:\t\tVirtualWindows8\n\tLogon ID:\t\t0x108AF\n\nObject:\n\tObject Server:\t\tSecurity\n\tObject Type:\t\tFile\n\tObject Name:\t\tC:\\Users\\VirtualWindows8User\\UserDocuments\n\tHandle ID:\t\t0x1728\n\tResource Attributes:\tS:AI\n\nProcess Information:\n\tProcess ID:\t\t0x6ec\n\tProcess Name:\t\tC:\\Windows\\explorer.exe\n\nAccess Request Information:\n\tAccesses:\t\tReadAttributes\n\t\t\t\t\n\tAccess Mask:\t\t0x80","timestamp":"2018-10-03T10:09:23.359Z","resourceAttributes":"S:AI","eventID":4663,"level":"Information","keyword":["Audit Success"],"objectType":"File","objectName":"C:\\Users\\VirtualWindows8User\\UserDocuments","processName":"C:\\Windows\\explorer.exe","accountDomain":"VirtualWindows8","logonID":"0x108af","@type":"http://purl.org/sepses/vocab/log/wineventlog#WindowsEventLogEntry"}
{"source":"Microsoft-Windows-Security-Auditing","computerName":"VirtualWindows8","taskCategory":"File System","accessMask":"0x80","logName":"Security","@timestamp":"2018-10-03T10:09:24.764Z","objectServer":"Security","upCode":"Info","hasLogType":"wineventlog","originatesFrom":{"@id":"http://example.org/sepses#9efd76fc-8be3-49ad-9a08-78c589583719","hostName":{"name":"VirtualWindows8"},"@type":"rdf:nodeID"},"@id":"http://example.org/logEntry#logEntry-b92ed57b-0c89-44dc-9444-e41c970b1355","accountName":"VirtualWindows8User","handleID":"0x1c9c","@context":"http://sepses.ifs.tuwien.ac.at/contexts/wineventlog.jsonld","version":1,"processID":"0xc9c","accesses":"%%4423\n\t\t\t\t","logMessage":"An attempt was made to access an object.\n\nSubject:\n\tSecurity ID:\t\tS-1-5-21-2361021202-3253521353-2316283985-1001\n\tAccount Name:\t\tVirtualWindows8User\n\tAccount Domain:\t\tVirtualWindows8\n\tLogon ID:\t\t0x108AF\n\nObject:\n\tObject Server:\t\tSecurity\n\tObject Type:\t\tFile\n\tObject Name:\t\tC:\\Users\\VirtualWindows8User\\UserDocuments\\notepad++_rename.txt\n\tHandle ID:\t\t0x1c9c\n\tResource Attributes:\tS:AI\n\nProcess Information:\n\tProcess ID:\t\t0xc9c\n\tProcess Name:\t\tC:\\Program Files (x86)\\Dropbox\\Client\\Dropbox.exe\n\nAccess Request Information:\n\tAccesses:\t\tReadAttributes\n\t\t\t\t\n\tAccess Mask:\t\t0x80","timestamp":"2018-10-03T10:09:24.764Z","resourceAttributes":"S:AI","eventID":4663,"level":"Information","keyword":["Audit Success"],"objectType":"File","objectName":"C:\\Users\\VirtualWindows8User\\UserDocuments\\notepad++_rename.txt","processName":"C:\\Program Files (x86)\\Dropbox\\Client\\Dropbox.exe","accountDomain":"VirtualWindows8","logonID":"0x108af","@type":"http://purl.org/sepses/vocab/log/wineventlog#WindowsEventLogEntry"}
{"source":"Microsoft-Windows-Security-Auditing","computerName":"VirtualWindows8","taskCategory":"File System","accessMask":"0x100000","logName":"Security","@timestamp":"2018-10-03T10:09:26.586Z","objectServer":"Security","upCode":"Info","hasLogType":"wineventlog","originatesFrom":{"@id":"http://example.org/sepses#cbdd1e91-44ce-463f-a3f3-b7029aa6c947","hostName":{"name":"VirtualWindows8"},"@type":"rdf:nodeID"},"@id":"http://example.org/logEntry#logEntry-2ac14df1-610e-45c4-a9f1-c940eef71f9d","accountName":"VirtualWindows8User","handleID":"0x176c","@context":"http://sepses.ifs.tuwien.ac.at/contexts/wineventlog.jsonld","version":1,"processID":"0x6ec","accesses":"%%1541\n\t\t\t\t","logMessage":"An attempt was made to access an object.\n\nSubject:\n\tSecurity ID:\t\tS-1-5-21-2361021202-3253521353-2316283985-1001\n\tAccount Name:\t\tVirtualWindows8User\n\tAccount Domain:\t\tVirtualWindows8\n\tLogon ID:\t\t0x108AF\n\nObject:\n\tObject Server:\t\tSecurity\n\tObject Type:\t\tFile\n\tObject Name:\t\tC:\\Windows\\WinSxS\\FileMaps\\$$_system32_21f9a9c4a2f8b514.cdf-ms\n\tHandle ID:\t\t0x176c\n\tResource Attributes:\tS:AI\n\nProcess Information:\n\tProcess ID:\t\t0x6ec\n\tProcess Name:\t\tC:\\Windows\\explorer.exe\n\nAccess Request Information:\n\tAccesses:\t\tSYNCHRONIZE\n\t\t\t\t\n\tAccess Mask:\t\t0x100000","timestamp":"2018-10-03T10:09:26.586Z","resourceAttributes":"S:AI","eventID":4663,"level":"Information","keyword":["Audit Success"],"objectType":"File","objectName":"C:\\Windows\\WinSxS\\FileMaps\\$$_system32_21f9a9c4a2f8b514.cdf-ms","processName":"C:\\Windows\\explorer.exe","accountDomain":"VirtualWindows8","logonID":"0x108af","@type":"http://purl.org/sepses/vocab/log/wineventlog#WindowsEventLogEntry"}
{"source":"Microsoft-Windows-Security-Auditing","computerName":"VirtualWindows8","taskCategory":"File System","accessMask":"0x80","logName":"Security","@timestamp":"2018-10-03T10:09:26.612Z","objectServer":"Security","upCode":"Info","hasLogType":"wineventlog","originatesFrom":{"@id":"http://example.org/sepses#55bd4755-69eb-4e4d-824f-4728841d05b6","hostName":{"name":"VirtualWindows8"},"@type":"rdf:nodeID"},"@id":"http://example.org/logEntry#logEntry-8cd57b5e-040c-4990-b173-f202cc5b8a4a","accountName":"VirtualWindows8User","handleID":"0x1388","@context":"http://sepses.ifs.tuwien.ac.at/contexts/wineventlog.jsonld","version":1,"processID":"0x6ec","accesses":"%%4423\n\t\t\t\t","logMessage":"An attempt was made to access an object.\n\nSubject:\n\tSecurity ID:\t\tS-1-5-21-2361021202-3253521353-2316283985-1001\n\tAccount Name:\t\tVirtualWindows8User\n\tAccount Domain:\t\tVirtualWindows8\n\tLogon ID:\t\t0x108AF\n\nObject:\n\tObject Server:\t\tSecurity\n\tObject Type:\t\tFile\n\tObject Name:\t\tC:\\Users\\VirtualWindows8User\\UserDocuments\\notepad++_rename.txt\n\tHandle ID:\t\t0x1388\n\tResource Attributes:\tS:AI\n\nProcess Information:\n\tProcess ID:\t\t0x6ec\n\tProcess Name:\t\tC:\\Windows\\explorer.exe\n\nAccess Request Information:\n\tAccesses:\t\tReadAttributes\n\t\t\t\t\n\tAccess Mask:\t\t0x80","timestamp":"2018-10-03T10:09:26.612Z","resourceAttributes":"S:AI","eventID":4663,"level":"Information","keyword":["Audit Success"],"objectType":"File","objectName":"C:\\Users\\VirtualWindows8User\\UserDocuments\\notepad++_rename.txt","processName":"C:\\Windows\\explorer.exe","accountDomain":"VirtualWindows8","logonID":"0x108af","@type":"http://purl.org/sepses/vocab/log/wineventlog#WindowsEventLogEntry"}
{"source":"Microsoft-Windows-Security-Auditing","computerName":"VirtualWindows8","taskCategory":"File System","accessMask":"0x80","logName":"Security","@timestamp":"2018-10-03T10:09:26.639Z","objectServer":"Security","upCode":"Info","hasLogType":"wineventlog","originatesFrom":{"@id":"http://example.org/sepses#eff441c4-2c89-43ca-a466-00904ba245bb","hostName":{"name":"VirtualWindows8"},"@type":"rdf:nodeID"},"@id":"http://example.org/logEntry#logEntry-e369fd09-8d6c-4b66-b7e6-ae6ec549c7f4","accountName":"VirtualWindows8User","handleID":"0x1d54","@context":"http://sepses.ifs.tuwien.ac.at/contexts/wineventlog.jsonld","version":1,"processID":"0xc9c","accesses":"%%4423\n\t\t\t\t","logMessage":"An attempt was made to access an object.\n\nSubject:\n\tSecurity ID:\t\tS-1-5-21-2361021202-3253521353-2316283985-1001\n\tAccount Name:\t\tVirtualWindows8User\n\tAccount Domain:\t\tVirtualWindows8\n\tLogon ID:\t\t0x108AF\n\nObject:\n\tObject Server:\t\tSecurity\n\tObject Type:\t\tFile\n\tObject Name:\t\tC:\\Users\\VirtualWindows8User\\UserDocuments\\notepad++_rename.txt\n\tHandle ID:\t\t0x1d54\n\tResource Attributes:\tS:AI\n\nProcess Information:\n\tProcess ID:\t\t0xc9c\n\tProcess Name:\t\tC:\\Program Files (x86)\\Dropbox\\Client\\Dropbox.exe\n\nAccess Request Information:\n\tAccesses:\t\tReadAttributes\n\t\t\t\t\n\tAccess Mask:\t\t0x80","timestamp":"2018-10-03T10:09:26.639Z","resourceAttributes":"S:AI","eventID":4663,"level":"Information","keyword":["Audit Success"],"objectType":"File","objectName":"C:\\Users\\VirtualWindows8User\\UserDocuments\\notepad++_rename.txt","processName":"C:\\Program Files (x86)\\Dropbox\\Client\\Dropbox.exe","accountDomain":"VirtualWindows8","logonID":"0x108af","@type":"http://purl.org/sepses/vocab/log/wineventlog#WindowsEventLogEntry"}
{"source":"Microsoft-Windows-Security-Auditing","computerName":"VirtualWindows8","taskCategory":"File System","accessMask":"0x80","logName":"Security","@timestamp":"2018-10-03T10:09:26.639Z","objectServer":"Security","upCode":"Info","hasLogType":"wineventlog","originatesFrom":{"@id":"http://example.org/sepses#f67f7a3c-202b-42e9-b7a5-416b4c5a7a0e","hostName":{"name":"VirtualWindows8"},"@type":"rdf:nodeID"},"@id":"http://example.org/logEntry#logEntry-2524537e-9997-45e4-aa21-98eed0aae7ca","accountName":"VirtualWindows8User","handleID":"0x1d54","@context":"http://sepses.ifs.tuwien.ac.at/contexts/wineventlog.jsonld","version":1,"processID":"0xc9c","accesses":"%%4423\n\t\t\t\t","logMessage":"An attempt was made to access an object.\n\nSubject:\n\tSecurity ID:\t\tS-1-5-21-2361021202-3253521353-2316283985-1001\n\tAccount Name:\t\tVirtualWindows8User\n\tAccount Domain:\t\tVirtualWindows8\n\tLogon ID:\t\t0x108AF\n\nObject:\n\tObject Server:\t\tSecurity\n\tObject Type:\t\tFile\n\tObject Name:\t\tC:\\Users\\VirtualWindows8User\\UserDocuments\\notepad++_rename.txt\n\tHandle ID:\t\t0x1d54\n\tResource Attributes:\tS:AI\n\nProcess Information:\n\tProcess ID:\t\t0xc9c\n\tProcess Name:\t\tC:\\Program Files (x86)\\Dropbox\\Client\\Dropbox.exe\n\nAccess Request Information:\n\tAccesses:\t\tReadAttributes\n\t\t\t\t\n\tAccess Mask:\t\t0x80","timestamp":"2018-10-03T10:09:26.639Z","resourceAttributes":"S:AI","eventID":4663,"level":"Information","keyword":["Audit Success"],"objectType":"File","objectName":"C:\\Users\\VirtualWindows8User\\UserDocuments\\notepad++_rename.txt","processName":"C:\\Program Files (x86)\\Dropbox\\Client\\Dropbox.exe","accountDomain":"VirtualWindows8","logonID":"0x108af","@type":"http://purl.org/sepses/vocab/log/wineventlog#WindowsEventLogEntry"}
{"source":"Microsoft-Windows-Security-Auditing","computerName":"VirtualWindows8","taskCategory":"File System","accessMask":"0x80","logName":"Security","@timestamp":"2018-10-03T10:09:26.655Z","objectServer":"Security","upCode":"Info","hasLogType":"wineventlog","originatesFrom":{"@id":"http://example.org/sepses#e46f6149-36ee-481d-882e-57d6e27f0cdf","hostName":{"name":"VirtualWindows8"},"@type":"rdf:nodeID"},"@id":"http://example.org/logEntry#logEntry-9ffb1b21-c519-4ecd-aa76-f5f3c5ea0325","accountName":"VirtualWindows8User","handleID":"0x1728","@context":"http://sepses.ifs.tuwien.ac.at/contexts/wineventlog.jsonld","version":1,"processID":"0x6ec","accesses":"%%4423\n\t\t\t\t","logMessage":"An attempt was made to access an object.\n\nSubject:\n\tSecurity ID:\t\tS-1-5-21-2361021202-3253521353-2316283985-1001\n\tAccount Name:\t\tVirtualWindows8User\n\tAccount Domain:\t\tVirtualWindows8\n\tLogon ID:\t\t0x108AF\n\nObject:\n\tObject Server:\t\tSecurity\n\tObject Type:\t\tFile\n\tObject Name:\t\tC:\\Users\\VirtualWindows8User\\UserDocuments\n\tHandle ID:\t\t0x1728\n\tResource Attributes:\tS:AI\n\nProcess Information:\n\tProcess ID:\t\t0x6ec\n\tProcess Name:\t\tC:\\Windows\\explorer.exe\n\nAccess Request Information:\n\tAccesses:\t\tReadAttributes\n\t\t\t\t\n\tAccess Mask:\t\t0x80","timestamp":"2018-10-03T10:09:26.655Z","resourceAttributes":"S:AI","eventID":4663,"level":"Information","keyword":["Audit Success"],"objectType":"File","objectName":"C:\\Users\\VirtualWindows8User\\UserDocuments","processName":"C:\\Windows\\explorer.exe","accountDomain":"VirtualWindows8","logonID":"0x108af","@type":"http://purl.org/sepses/vocab/log/wineventlog#WindowsEventLogEntry"}
{"source":"Microsoft-Windows-Security-Auditing","computerName":"VirtualWindows8","taskCategory":"File System","accessMask":"0x80","logName":"Security","@timestamp":"2018-10-03T10:09:26.668Z","objectServer":"Security","upCode":"Info","hasLogType":"wineventlog","originatesFrom":{"@id":"http://example.org/sepses#b6f9c70f-9110-44ef-9241-82820764ce69","hostName":{"name":"VirtualWindows8"},"@type":"rdf:nodeID"},"@id":"http://example.org/logEntry#logEntry-4dffff55-b3f3-4e29-bb06-0f6b4549a923","accountName":"VirtualWindows8User","handleID":"0x1d54","@context":"http://sepses.ifs.tuwien.ac.at/contexts/wineventlog.jsonld","version":1,"processID":"0xc9c","accesses":"%%4423\n\t\t\t\t","logMessage":"An attempt was made to access an object.\n\nSubject:\n\tSecurity ID:\t\tS-1-5-21-2361021202-3253521353-2316283985-1001\n\tAccount Name:\t\tVirtualWindows8User\n\tAccount Domain:\t\tVirtualWindows8\n\tLogon ID:\t\t0x108AF\n\nObject:\n\tObject Server:\t\tSecurity\n\tObject Type:\t\tFile\n\tObject Name:\t\tC:\\Users\\VirtualWindows8User\\UserDocuments\n\tHandle ID:\t\t0x1d54\n\tResource Attributes:\tS:AI\n\nProcess Information:\n\tProcess ID:\t\t0xc9c\n\tProcess Name:\t\tC:\\Program Files (x86)\\Dropbox\\Client\\Dropbox.exe\n\nAccess Request Information:\n\tAccesses:\t\tReadAttributes\n\t\t\t\t\n\tAccess Mask:\t\t0x80","timestamp":"2018-10-03T10:09:26.668Z","resourceAttributes":"S:AI","eventID":4663,"level":"Information","keyword":["Audit Success"],"objectType":"File","objectName":"C:\\Users\\VirtualWindows8User\\UserDocuments","processName":"C:\\Program Files (x86)\\Dropbox\\Client\\Dropbox.exe","accountDomain":"VirtualWindows8","logonID":"0x108af","@type":"http://purl.org/sepses/vocab/log/wineventlog#WindowsEventLogEntry"}
{"source":"Microsoft-Windows-Security-Auditing","computerName":"VirtualWindows8","taskCategory":"File System","accessMask":"0x80","logName":"Security","@timestamp":"2018-10-03T10:09:26.669Z","objectServer":"Security","upCode":"Info","hasLogType":"wineventlog","originatesFrom":{"@id":"http://example.org/sepses#25739b3c-3fa0-466c-9a95-8763f96cdc25","hostName":{"name":"VirtualWindows8"},"@type":"rdf:nodeID"},"@id":"http://example.org/logEntry#logEntry-c964ce3a-6270-4b74-a654-520958e1109c","accountName":"VirtualWindows8User","handleID":"0x1d54","@context":"http://sepses.ifs.tuwien.ac.at/contexts/wineventlog.jsonld","version":1,"processID":"0xc9c","accesses":"%%4423\n\t\t\t\t","logMessage":"An attempt was made to access an object.\n\nSubject:\n\tSecurity ID:\t\tS-1-5-21-2361021202-3253521353-2316283985-1001\n\tAccount Name:\t\tVirtualWindows8User\n\tAccount Domain:\t\tVirtualWindows8\n\tLogon ID:\t\t0x108AF\n\nObject:\n\tObject Server:\t\tSecurity\n\tObject Type:\t\tFile\n\tObject Name:\t\tC:\\Users\\VirtualWindows8User\\UserDocuments\n\tHandle ID:\t\t0x1d54\n\tResource Attributes:\tS:AI\n\nProcess Information:\n\tProcess ID:\t\t0xc9c\n\tProcess Name:\t\tC:\\Program Files (x86)\\Dropbox\\Client\\Dropbox.exe\n\nAccess Request Information:\n\tAccesses:\t\tReadAttributes\n\t\t\t\t\n\tAccess Mask:\t\t0x80","timestamp":"2018-10-03T10:09:26.669Z","resourceAttributes":"S:AI","eventID":4663,"level":"Information","keyword":["Audit Success"],"objectType":"File","objectName":"C:\\Users\\VirtualWindows8User\\UserDocuments","processName":"C:\\Program Files (x86)\\Dropbox\\Client\\Dropbox.exe","accountDomain":"VirtualWindows8","logonID":"0x108af","@type":"http://purl.org/sepses/vocab/log/wineventlog#WindowsEventLogEntry"}
{"source":"Microsoft-Windows-Security-Auditing","computerName":"VirtualWindows8","taskCategory":"File System","accessMask":"0x80","logName":"Security","@timestamp":"2018-10-03T10:09:26.841Z","objectServer":"Security","upCode":"Info","hasLogType":"wineventlog","originatesFrom":{"@id":"http://example.org/sepses#10283280-d58b-4435-82bd-2344c3d87d1a","hostName":{"name":"VirtualWindows8"},"@type":"rdf:nodeID"},"@id":"http://example.org/logEntry#logEntry-95627a4c-d838-45ee-ac1f-9a44990dfb30","accountName":"VirtualWindows8User","handleID":"0x144","@context":"http://sepses.ifs.tuwien.ac.at/contexts/wineventlog.jsonld","version":1,"processID":"0xd4c","accesses":"%%4423\n\t\t\t\t","logMessage":"An attempt was made to access an object.\n\nSubject:\n\tSecurity ID:\t\tS-1-5-21-2361021202-3253521353-2316283985-1001\n\tAccount Name:\t\tVirtualWindows8User\n\tAccount Domain:\t\tVirtualWindows8\n\tLogon ID:\t\t0x108AF\n\nObject:\n\tObject Server:\t\tSecurity\n\tObject Type:\t\tFile\n\tObject Name:\t\tC:\\Users\\VirtualWindows8User\\UserDocuments\\notepad++_rename.txt\n\tHandle ID:\t\t0x144\n\tResource Attributes:\tS:AI\n\nProcess Information:\n\tProcess ID:\t\t0xd4c\n\tProcess Name:\t\tC:\\Windows\\System32\\notepad.exe\n\nAccess Request Information:\n\tAccesses:\t\tReadAttributes\n\t\t\t\t\n\tAccess Mask:\t\t0x80","timestamp":"2018-10-03T10:09:26.841Z","resourceAttributes":"S:AI","eventID":4663,"level":"Information","keyword":["Audit Success"],"objectType":"File","objectName":"C:\\Users\\VirtualWindows8User\\UserDocuments\\notepad++_rename.txt","processName":"C:\\Windows\\System32\\notepad.exe","accountDomain":"VirtualWindows8","logonID":"0x108af","@type":"http://purl.org/sepses/vocab/log/wineventlog#WindowsEventLogEntry"}
{"source":"Microsoft-Windows-Security-Auditing","computerName":"VirtualWindows8","taskCategory":"File System","accessMask":"0x2","logName":"Security","@timestamp":"2018-10-03T10:09:34.827Z","objectServer":"Security","upCode":"Info","hasLogType":"wineventlog","originatesFrom":{"@id":"http://example.org/sepses#02a8e562-a8e9-4200-a86e-7fe5db1a5f9e","hostName":{"name":"VirtualWindows8"},"@type":"rdf:nodeID"},"@id":"http://example.org/logEntry#logEntry-1e3327e8-8de6-409f-a051-323bc3b8c7e6","accountName":"VirtualWindows8User","handleID":"0x198","@context":"http://sepses.ifs.tuwien.ac.at/contexts/wineventlog.jsonld","version":1,"processID":"0xd4c","accesses":"%%4417\n\t\t\t\t","logMessage":"An attempt was made to access an object.\n\nSubject:\n\tSecurity ID:\t\tS-1-5-21-2361021202-3253521353-2316283985-1001\n\tAccount Name:\t\tVirtualWindows8User\n\tAccount Domain:\t\tVirtualWindows8\n\tLogon ID:\t\t0x108AF\n\nObject:\n\tObject Server:\t\tSecurity\n\tObject Type:\t\tFile\n\tObject Name:\t\tC:\\Users\\VirtualWindows8User\\UserDocuments\\notepad++_rename.txt\n\tHandle ID:\t\t0x198\n\tResource Attributes:\tS:AI\n\nProcess Information:\n\tProcess ID:\t\t0xd4c\n\tProcess Name:\t\tC:\\Windows\\System32\\notepad.exe\n\nAccess Request Information:\n\tAccesses:\t\tWriteData (or AddFile)\n\t\t\t\t\n\tAccess Mask:\t\t0x2","timestamp":"2018-10-03T10:09:34.827Z","resourceAttributes":"S:AI","eventID":4663,"level":"Information","keyword":["Audit Success"],"objectType":"File","objectName":"C:\\Users\\VirtualWindows8User\\UserDocuments\\notepad++_rename.txt","processName":"C:\\Windows\\System32\\notepad.exe","accountDomain":"VirtualWindows8","logonID":"0x108af","@type":"http://purl.org/sepses/vocab/log/wineventlog#WindowsEventLogEntry"}
{"source":"Microsoft-Windows-Security-Auditing","computerName":"VirtualWindows8","taskCategory":"File System","accessMask":"0x80","logName":"Security","@timestamp":"2018-10-03T10:09:35.873Z","objectServer":"Security","upCode":"Info","hasLogType":"wineventlog","originatesFrom":{"@id":"http://example.org/sepses#5e0afbc1-0a7b-4634-b1de-68f894484e0e","hostName":{"name":"VirtualWindows8"},"@type":"rdf:nodeID"},"@id":"http://example.org/logEntry#logEntry-da9b1777-44ba-4fd0-b5d9-7eae4efdd441","accountName":"VirtualWindows8User","handleID":"0xed0","@context":"http://sepses.ifs.tuwien.ac.at/contexts/wineventlog.jsonld","version":1,"processID":"0x6ec","accesses":"%%4423\n\t\t\t\t","logMessage":"An attempt was made to access an object.\n\nSubject:\n\tSecurity ID:\t\tS-1-5-21-2361021202-3253521353-2316283985-1001\n\tAccount Name:\t\tVirtualWindows8User\n\tAccount Domain:\t\tVirtualWindows8\n\tLogon ID:\t\t0x108AF\n\nObject:\n\tObject Server:\t\tSecurity\n\tObject Type:\t\tFile\n\tObject Name:\t\tC:\\Users\\VirtualWindows8User\\UserDocuments\n\tHandle ID:\t\t0xed0\n\tResource Attributes:\tS:AI\n\nProcess Information:\n\tProcess ID:\t\t0x6ec\n\tProcess Name:\t\tC:\\Windows\\explorer.exe\n\nAccess Request Information:\n\tAccesses:\t\tReadAttributes\n\t\t\t\t\n\tAccess Mask:\t\t0x80","timestamp":"2018-10-03T10:09:35.873Z","resourceAttributes":"S:AI","eventID":4663,"level":"Information","keyword":["Audit Success"],"objectType":"File","objectName":"C:\\Users\\VirtualWindows8User\\UserDocuments","processName":"C:\\Windows\\explorer.exe","accountDomain":"VirtualWindows8","logonID":"0x108af","@type":"http://purl.org/sepses/vocab/log/wineventlog#WindowsEventLogEntry"}
{"source":"Microsoft-Windows-Security-Auditing","computerName":"VirtualWindows8","taskCategory":"File System","accessMask":"0x80","logName":"Security","@timestamp":"2018-10-03T10:09:35.889Z","objectServer":"Security","upCode":"Info","hasLogType":"wineventlog","originatesFrom":{"@id":"http://example.org/sepses#2cbf400f-454b-433f-b2c0-e91a22f0b0a5","hostName":{"name":"VirtualWindows8"},"@type":"rdf:nodeID"},"@id":"http://example.org/logEntry#logEntry-ea3ca8a3-b46c-4962-aaee-a55b14be28d4","accountName":"VirtualWindows8User","handleID":"0x1e7c","@context":"http://sepses.ifs.tuwien.ac.at/contexts/wineventlog.jsonld","version":1,"processID":"0x6ec","accesses":"%%4423\n\t\t\t\t","logMessage":"An attempt was made to access an object.\n\nSubject:\n\tSecurity ID:\t\tS-1-5-21-2361021202-3253521353-2316283985-1001\n\tAccount Name:\t\tVirtualWindows8User\n\tAccount Domain:\t\tVirtualWindows8\n\tLogon ID:\t\t0x108AF\n\nObject:\n\tObject Server:\t\tSecurity\n\tObject Type:\t\tFile\n\tObject Name:\t\tC:\\Users\\VirtualWindows8User\\UserDocuments\n\tHandle ID:\t\t0x1e7c\n\tResource Attributes:\tS:AI\n\nProcess Information:\n\tProcess ID:\t\t0x6ec\n\tProcess Name:\t\tC:\\Windows\\explorer.exe\n\nAccess Request Information:\n\tAccesses:\t\tReadAttributes\n\t\t\t\t\n\tAccess Mask:\t\t0x80","timestamp":"2018-10-03T10:09:35.889Z","resourceAttributes":"S:AI","eventID":4663,"level":"Information","keyword":["Audit Success"],"objectType":"File","objectName":"C:\\Users\\VirtualWindows8User\\UserDocuments","processName":"C:\\Windows\\explorer.exe","accountDomain":"VirtualWindows8","logonID":"0x108af","@type":"http://purl.org/sepses/vocab/log/wineventlog#WindowsEventLogEntry"}
{"source":"Microsoft-Windows-Security-Auditing","computerName":"VirtualWindows8","taskCategory":"File System","accessMask":"0x80","logName":"Security","@timestamp":"2018-10-03T10:09:35.921Z","objectServer":"Security","upCode":"Info","hasLogType":"wineventlog","originatesFrom":{"@id":"http://example.org/sepses#eb7a5825-13ae-470a-9460-d805803db0f3","hostName":{"name":"VirtualWindows8"},"@type":"rdf:nodeID"},"@id":"http://example.org/logEntry#logEntry-6f1f869c-7d38-47bc-bd73-af3b79f34a07","accountName":"VirtualWindows8User","handleID":"0x2034","@context":"http://sepses.ifs.tuwien.ac.at/contexts/wineventlog.jsonld","version":1,"processID":"0x6ec","accesses":"%%4423\n\t\t\t\t","logMessage":"An attempt was made to access an object.\n\nSubject:\n\tSecurity ID:\t\tS-1-5-21-2361021202-3253521353-2316283985-1001\n\tAccount Name:\t\tVirtualWindows8User\n\tAccount Domain:\t\tVirtualWindows8\n\tLogon ID:\t\t0x108AF\n\nObject:\n\tObject Server:\t\tSecurity\n\tObject Type:\t\tFile\n\tObject Name:\t\tC:\\Users\\VirtualWindows8User\\UserDocuments\n\tHandle ID:\t\t0x2034\n\tResource Attributes:\tS:AI\n\nProcess Information:\n\tProcess ID:\t\t0x6ec\n\tProcess Name:\t\tC:\\Windows\\explorer.exe\n\nAccess Request Information:\n\tAccesses:\t\tReadAttributes\n\t\t\t\t\n\tAccess Mask:\t\t0x80","timestamp":"2018-10-03T10:09:35.921Z","resourceAttributes":"S:AI","eventID":4663,"level":"Information","keyword":["Audit Success"],"objectType":"File","objectName":"C:\\Users\\VirtualWindows8User\\UserDocuments","processName":"C:\\Windows\\explorer.exe","accountDomain":"VirtualWindows8","logonID":"0x108af","@type":"http://purl.org/sepses/vocab/log/wineventlog#WindowsEventLogEntry"}
{"source":"Microsoft-Windows-Security-Auditing","computerName":"VirtualWindows8","taskCategory":"File System","accessMask":"0x80","logName":"Security","@timestamp":"2018-10-03T10:09:35.921Z","objectServer":"Security","upCode":"Info","hasLogType":"wineventlog","originatesFrom":{"@id":"http://example.org/sepses#ddb2bc5c-7935-4f1b-ae25-eeb93a734d83","hostName":{"name":"VirtualWindows8"},"@type":"rdf:nodeID"},"@id":"http://example.org/logEntry#logEntry-631a2f9f-7380-40b2-bb44-a8c8bbd63020","accountName":"VirtualWindows8User","handleID":"0x14f0","@context":"http://sepses.ifs.tuwien.ac.at/contexts/wineventlog.jsonld","version":1,"processID":"0x6ec","accesses":"%%4423\n\t\t\t\t","logMessage":"An attempt was made to access an object.\n\nSubject:\n\tSecurity ID:\t\tS-1-5-21-2361021202-3253521353-2316283985-1001\n\tAccount Name:\t\tVirtualWindows8User\n\tAccount Domain:\t\tVirtualWindows8\n\tLogon ID:\t\t0x108AF\n\nObject:\n\tObject Server:\t\tSecurity\n\tObject Type:\t\tFile\n\tObject Name:\t\tC:\\Users\\VirtualWindows8User\\UserDocuments\n\tHandle ID:\t\t0x14f0\n\tResource Attributes:\tS:AI\n\nProcess Information:\n\tProcess ID:\t\t0x6ec\n\tProcess Name:\t\tC:\\Windows\\explorer.exe\n\nAccess Request Information:\n\tAccesses:\t\tReadAttributes\n\t\t\t\t\n\tAccess Mask:\t\t0x80","timestamp":"2018-10-03T10:09:35.921Z","resourceAttributes":"S:AI","eventID":4663,"level":"Information","keyword":["Audit Success"],"objectType":"File","objectName":"C:\\Users\\VirtualWindows8User\\UserDocuments","processName":"C:\\Windows\\explorer.exe","accountDomain":"VirtualWindows8","logonID":"0x108af","@type":"http://purl.org/sepses/vocab/log/wineventlog#WindowsEventLogEntry"}
