{"timestamp":"2018-08-27T15:27:50.542Z","objectType":"File","hasLogType":"wineventlog","upCode":"Info","accountDomain":"DESKTOP-MAC610T","processID":"0x54","objectName":"C:\\Users\\Virtual Windows 10\\UserDocuments","processName":"C:\\Windows\\explorer.exe","eventID":4663,"@type":"http://purl.org/sepses/vocab/log/wineventlog#WindowsEventLogEntry","logName":"Security","originatesFrom":{"@id":"http://example.org/sepses#8cc80c3b-3857-4456-ac2b-c81a7a30b007","hostName":{"name":"DESKTOP-MAC610T"},"@type":"rdf:nodeID"},"taskCategory":"File System","version":1,"accesses":"%%4423\n\t\t\t\t","keyword":["Audit Success"],"accountName":"Virtual Windows 10","@context":"http://sepses.ifs.tuwien.ac.at/contexts/wineventlog.jsonld","@id":"http://example.org/logEntry#logEntry-bab18c4b-4af3-4ef0-ad2b-968ff56493f1","@timestamp":"2018-08-27T15:27:50.542Z","handleID":"0x2c0c","accessMask":"0x80","computerName":"DESKTOP-MAC610T","source":"Microsoft-Windows-Security-Auditing","level":"Information","logMessage":"An attempt was made to access an object.\n\nSubject:\n\tSecurity ID:\t\tS-1-5-21-2889181789-4222170037-1347726928-1001\n\tAccount Name:\t\tVirtual Windows 10\n\tAccount Domain:\t\tDESKTOP-MAC610T\n\tLogon ID:\t\t0x1EDF9\n\nObject:\n\tObject Server:\t\tSecurity\n\tObject Type:\t\tFile\n\tObject Name:\t\tC:\\Users\\Virtual Windows 10\\UserDocuments\n\tHandle ID:\t\t0x2c0c\n\tResource Attributes:\tS:AI\n\nProcess Information:\n\tProcess ID:\t\t0x54\n\tProcess Name:\t\tC:\\Windows\\explorer.exe\n\nAccess Request Information:\n\tAccesses:\t\tReadAttributes\n\t\t\t\t\n\tAccess Mask:\t\t0x80","objectServer":"Security","resourceAttributes":"S:AI","logonID":"0x1edf9"}
{"timestamp":"2018-08-27T15:27:51.318Z","objectType":"File","hasLogType":"wineventlog","upCode":"Info","accountDomain":"DESKTOP-MAC610T","processID":"0x54","objectName":"C:\\Users\\Virtual Windows 10\\UserDocuments","processName":"C:\\Windows\\explorer.exe","eventID":4663,"@type":"http://purl.org/sepses/vocab/log/wineventlog#WindowsEventLogEntry","logName":"Security","originatesFrom":{"@id":"http://example.org/sepses#72c7d08e-b534-4c1a-b270-908f364551c7","hostName":{"name":"DESKTOP-MAC610T"},"@type":"rdf:nodeID"},"taskCategory":"File System","version":1,"accesses":"%%4423\n\t\t\t\t","keyword":["Audit Success"],"accountName":"Virtual Windows 10","@context":"http://sepses.ifs.tuwien.ac.at/contexts/wineventlog.jsonld","@id":"http://example.org/logEntry#logEntry-a7be1cd5-126f-445f-8f62-0b4b0dadd7d4","@timestamp":"2018-08-27T15:27:51.318Z","handleID":"0x3d90","accessMask":"0x80","computerName":"DESKTOP-MAC610T","source":"Microsoft-Windows-Security-Auditing","level":"Information","logMessage":"An attempt was made to access an object.\n\nSubject:\n\tSecurity ID:\t\tS-1-5-21-2889181789-4222170037-1347726928-1001\n\tAccount Name:\t\tVirtual Windows 10\n\tAccount Domain:\t\tDESKTOP-MAC610T\n\tLogon ID:\t\t0x1EDF9\n\nObject:\n\tObject Server:\t\tSecurity\n\tObject Type:\t\tFile\n\tObject Name:\t\tC:\\Users\\Virtual Windows 10\\UserDocuments\n\tHandle ID:\t\t0x3d90\n\tResource Attributes:\tS:AI\n\nProcess Information:\n\tProcess ID:\t\t0x54\n\tProcess Name:\t\tC:\\Windows\\explorer.exe\n\nAccess Request Information:\n\tAccesses:\t\tReadAttributes\n\t\t\t\t\n\tAccess Mask:\t\t0x80","objectServer":"Security","resourceAttributes":"S:AI","logonID":"0x1edf9"}
{"timestamp":"2018-08-27T15:27:51.351Z","objectType":"File","hasLogType":"wineventlog","upCode":"Info","accountDomain":"DESKTOP-MAC610T","processID":"0x54","objectName":"C:\\Users\\Virtual Windows 10\\UserDocuments","processName":"C:\\Windows\\explorer.exe","eventID":4663,"@type":"http://purl.org/sepses/vocab/log/wineventlog#WindowsEventLogEntry","logName":"Security","originatesFrom":{"@id":"http://example.org/sepses#24c58b72-a59e-46be-b5b8-2a51b5bd7fc4","hostName":{"name":"DESKTOP-MAC610T"},"@type":"rdf:nodeID"},"taskCategory":"File System","version":1,"accesses":"%%4423\n\t\t\t\t","keyword":["Audit Success"],"accountName":"Virtual Windows 10","@context":"http://sepses.ifs.tuwien.ac.at/contexts/wineventlog.jsonld","@id":"http://example.org/logEntry#logEntry-3d56ad4f-3263-4485-b1d8-2542ec284737","@timestamp":"2018-08-27T15:27:51.351Z","handleID":"0x3730","accessMask":"0x80","computerName":"DESKTOP-MAC610T","source":"Microsoft-Windows-Security-Auditing","level":"Information","logMessage":"An attempt was made to access an object.\n\nSubject:\n\tSecurity ID:\t\tS-1-5-21-2889181789-4222170037-1347726928-1001\n\tAccount Name:\t\tVirtual Windows 10\n\tAccount Domain:\t\tDESKTOP-MAC610T\n\tLogon ID:\t\t0x1EDF9\n\nObject:\n\tObject Server:\t\tSecurity\n\tObject Type:\t\tFile\n\tObject Name:\t\tC:\\Users\\Virtual Windows 10\\UserDocuments\n\tHandle ID:\t\t0x3730\n\tResource Attributes:\tS:AI\n\nProcess Information:\n\tProcess ID:\t\t0x54\n\tProcess Name:\t\tC:\\Windows\\explorer.exe\n\nAccess Request Information:\n\tAccesses:\t\tReadAttributes\n\t\t\t\t\n\tAccess Mask:\t\t0x80","objectServer":"Security","resourceAttributes":"S:AI","logonID":"0x1edf9"}
{"timestamp":"2018-08-27T15:27:51.721Z","objectType":"File","hasLogType":"wineventlog","upCode":"Info","accountDomain":"DESKTOP-MAC610T","processID":"0x54","objectName":"C:\\Users\\Virtual Windows 10\\UserDocuments","processName":"C:\\Windows\\explorer.exe","eventID":4663,"@type":"http://purl.org/sepses/vocab/log/wineventlog#WindowsEventLogEntry","logName":"Security","originatesFrom":{"@id":"http://example.org/sepses#27ec6665-f6d5-4cef-b85e-87df88462db9","hostName":{"name":"DESKTOP-MAC610T"},"@type":"rdf:nodeID"},"taskCategory":"File System","version":1,"accesses":"%%4423\n\t\t\t\t","keyword":["Audit Success"],"accountName":"Virtual Windows 10","@context":"http://sepses.ifs.tuwien.ac.at/contexts/wineventlog.jsonld","@id":"http://example.org/logEntry#logEntry-4d5303d0-d0f0-48d3-826a-ce2868a153b6","@timestamp":"2018-08-27T15:27:51.721Z","handleID":"0x3424","accessMask":"0x80","computerName":"DESKTOP-MAC610T","source":"Microsoft-Windows-Security-Auditing","level":"Information","logMessage":"An attempt was made to access an object.\n\nSubject:\n\tSecurity ID:\t\tS-1-5-21-2889181789-4222170037-1347726928-1001\n\tAccount Name:\t\tVirtual Windows 10\n\tAccount Domain:\t\tDESKTOP-MAC610T\n\tLogon ID:\t\t0x1EDF9\n\nObject:\n\tObject Server:\t\tSecurity\n\tObject Type:\t\tFile\n\tObject Name:\t\tC:\\Users\\Virtual Windows 10\\UserDocuments\n\tHandle ID:\t\t0x3424\n\tResource Attributes:\tS:AI\n\nProcess Information:\n\tProcess ID:\t\t0x54\n\tProcess Name:\t\tC:\\Windows\\explorer.exe\n\nAccess Request Information:\n\tAccesses:\t\tReadAttributes\n\t\t\t\t\n\tAccess Mask:\t\t0x80","objectServer":"Security","resourceAttributes":"S:AI","logonID":"0x1edf9"}
{"timestamp":"2018-08-27T15:27:51.757Z","objectType":"File","hasLogType":"wineventlog","upCode":"Info","accountDomain":"DESKTOP-MAC610T","processID":"0x54","objectName":"C:\\Users\\Virtual Windows 10\\UserDocuments","processName":"C:\\Windows\\explorer.exe","eventID":4663,"@type":"http://purl.org/sepses/vocab/log/wineventlog#WindowsEventLogEntry","logName":"Security","originatesFrom":{"@id":"http://example.org/sepses#ccfbd32d-1963-4eba-8cf5-503d8df3f899","hostName":{"name":"DESKTOP-MAC610T"},"@type":"rdf:nodeID"},"taskCategory":"File System","version":1,"accesses":"%%4423\n\t\t\t\t","keyword":["Audit Success"],"accountName":"Virtual Windows 10","@context":"http://sepses.ifs.tuwien.ac.at/contexts/wineventlog.jsonld","@id":"http://example.org/logEntry#logEntry-85202403-102a-4943-9a9e-43675e81b71a","@timestamp":"2018-08-27T15:27:51.757Z","handleID":"0x189c","accessMask":"0x80","computerName":"DESKTOP-MAC610T","source":"Microsoft-Windows-Security-Auditing","level":"Information","logMessage":"An attempt was made to access an object.\n\nSubject:\n\tSecurity ID:\t\tS-1-5-21-2889181789-4222170037-1347726928-1001\n\tAccount Name:\t\tVirtual Windows 10\n\tAccount Domain:\t\tDESKTOP-MAC610T\n\tLogon ID:\t\t0x1EDF9\n\nObject:\n\tObject Server:\t\tSecurity\n\tObject Type:\t\tFile\n\tObject Name:\t\tC:\\Users\\Virtual Windows 10\\UserDocuments\n\tHandle ID:\t\t0x189c\n\tResource Attributes:\tS:AI\n\nProcess Information:\n\tProcess ID:\t\t0x54\n\tProcess Name:\t\tC:\\Windows\\explorer.exe\n\nAccess Request Information:\n\tAccesses:\t\tReadAttributes\n\t\t\t\t\n\tAccess Mask:\t\t0x80","objectServer":"Security","resourceAttributes":"S:AI","logonID":"0x1edf9"}
{"timestamp":"2018-08-27T15:27:51.770Z","objectType":"File","hasLogType":"wineventlog","upCode":"Info","accountDomain":"DESKTOP-MAC610T","processID":"0x54","objectName":"C:\\Users\\Virtual Windows 10\\UserDocuments","processName":"C:\\Windows\\explorer.exe","eventID":4663,"@type":"http://purl.org/sepses/vocab/log/wineventlog#WindowsEventLogEntry","logName":"Security","originatesFrom":{"@id":"http://example.org/sepses#6d1a0a21-2bdd-44ef-a67e-aab49018d7f6","hostName":{"name":"DESKTOP-MAC610T"},"@type":"rdf:nodeID"},"taskCategory":"File System","version":1,"accesses":"%%4423\n\t\t\t\t","keyword":["Audit Success"],"accountName":"Virtual Windows 10","@context":"http://sepses.ifs.tuwien.ac.at/contexts/wineventlog.jsonld","@id":"http://example.org/logEntry#logEntry-23108a11-677a-4af0-bf68-db9c4f19f9a8","@timestamp":"2018-08-27T15:27:51.770Z","handleID":"0x49ec","accessMask":"0x80","computerName":"DESKTOP-MAC610T","source":"Microsoft-Windows-Security-Auditing","level":"Information","logMessage":"An attempt was made to access an object.\n\nSubject:\n\tSecurity ID:\t\tS-1-5-21-2889181789-4222170037-1347726928-1001\n\tAccount Name:\t\tVirtual Windows 10\n\tAccount Domain:\t\tDESKTOP-MAC610T\n\tLogon ID:\t\t0x1EDF9\n\nObject:\n\tObject Server:\t\tSecurity\n\tObject Type:\t\tFile\n\tObject Name:\t\tC:\\Users\\Virtual Windows 10\\UserDocuments\n\tHandle ID:\t\t0x49ec\n\tResource Attributes:\tS:AI\n\nProcess Information:\n\tProcess ID:\t\t0x54\n\tProcess Name:\t\tC:\\Windows\\explorer.exe\n\nAccess Request Information:\n\tAccesses:\t\tReadAttributes\n\t\t\t\t\n\tAccess Mask:\t\t0x80","objectServer":"Security","resourceAttributes":"S:AI","logonID":"0x1edf9"}
{"timestamp":"2018-08-27T15:27:51.772Z","objectType":"File","hasLogType":"wineventlog","upCode":"Info","accountDomain":"DESKTOP-MAC610T","processID":"0x54","objectName":"C:\\Users\\Virtual Windows 10\\UserDocuments","processName":"C:\\Windows\\explorer.exe","eventID":4663,"@type":"http://purl.org/sepses/vocab/log/wineventlog#WindowsEventLogEntry","logName":"Security","originatesFrom":{"@id":"http://example.org/sepses#c45fab75-6daa-4615-8b52-37cce4102a57","hostName":{"name":"DESKTOP-MAC610T"},"@type":"rdf:nodeID"},"taskCategory":"File System","version":1,"accesses":"%%4423\n\t\t\t\t","keyword":["Audit Success"],"accountName":"Virtual Windows 10","@context":"http://sepses.ifs.tuwien.ac.at/contexts/wineventlog.jsonld","@id":"http://example.org/logEntry#logEntry-b249ce6c-4366-4df1-bbcc-f8129ffecc6f","@timestamp":"2018-08-27T15:27:51.772Z","handleID":"0x49ec","accessMask":"0x80","computerName":"DESKTOP-MAC610T","source":"Microsoft-Windows-Security-Auditing","level":"Information","logMessage":"An attempt was made to access an object.\n\nSubject:\n\tSecurity ID:\t\tS-1-5-21-2889181789-4222170037-1347726928-1001\n\tAccount Name:\t\tVirtual Windows 10\n\tAccount Domain:\t\tDESKTOP-MAC610T\n\tLogon ID:\t\t0x1EDF9\n\nObject:\n\tObject Server:\t\tSecurity\n\tObject Type:\t\tFile\n\tObject Name:\t\tC:\\Users\\Virtual Windows 10\\UserDocuments\n\tHandle ID:\t\t0x49ec\n\tResource Attributes:\tS:AI\n\nProcess Information:\n\tProcess ID:\t\t0x54\n\tProcess Name:\t\tC:\\Windows\\explorer.exe\n\nAccess Request Information:\n\tAccesses:\t\tReadAttributes\n\t\t\t\t\n\tAccess Mask:\t\t0x80","objectServer":"Security","resourceAttributes":"S:AI","logonID":"0x1edf9"}
{"timestamp":"2018-08-27T15:27:52.496Z","objectType":"File","hasLogType":"wineventlog","upCode":"Info","accountDomain":"DESKTOP-MAC610T","processID":"0x54","objectName":"C:\\Users\\Virtual Windows 10\\UserDocuments\\test1.txt","processName":"C:\\Windows\\explorer.exe","eventID":4663,"@type":"http://purl.org/sepses/vocab/log/wineventlog#WindowsEventLogEntry","logName":"Security","originatesFrom":{"@id":"http://example.org/sepses#07bfc3fc-aa03-4f6b-8a24-b327ed02f959","hostName":{"name":"DESKTOP-MAC610T"},"@type":"rdf:nodeID"},"taskCategory":"File System","version":1,"accesses":"%%4423\n\t\t\t\t","keyword":["Audit Success"],"accountName":"Virtual Windows 10","@context":"http://sepses.ifs.tuwien.ac.at/contexts/wineventlog.jsonld","@id":"http://example.org/logEntry#logEntry-c6c770f0-f7b3-4fa7-977c-cdca7f7b1496","@timestamp":"2018-08-27T15:27:52.496Z","handleID":"0x3064","accessMask":"0x80","computerName":"DESKTOP-MAC610T","source":"Microsoft-Windows-Security-Auditing","level":"Information","logMessage":"An attempt was made to access an object.\n\nSubject:\n\tSecurity ID:\t\tS-1-5-21-2889181789-4222170037-1347726928-1001\n\tAccount Name:\t\tVirtual Windows 10\n\tAccount Domain:\t\tDESKTOP-MAC610T\n\tLogon ID:\t\t0x1EDF9\n\nObject:\n\tObject Server:\t\tSecurity\n\tObject Type:\t\tFile\n\tObject Name:\t\tC:\\Users\\Virtual Windows 10\\UserDocuments\\test1.txt\n\tHandle ID:\t\t0x3064\n\tResource Attributes:\tS:AI\n\nProcess Information:\n\tProcess ID:\t\t0x54\n\tProcess Name:\t\tC:\\Windows\\explorer.exe\n\nAccess Request Information:\n\tAccesses:\t\tReadAttributes\n\t\t\t\t\n\tAccess Mask:\t\t0x80","objectServer":"Security","resourceAttributes":"S:AI","logonID":"0x1edf9"}
{"timestamp":"2018-08-27T15:27:52.496Z","objectType":"File","hasLogType":"wineventlog","upCode":"Info","accountDomain":"DESKTOP-MAC610T","processID":"0x54","objectName":"C:\\Users\\Virtual Windows 10\\UserDocuments\\test1.txt","processName":"C:\\Windows\\explorer.exe","eventID":4663,"@type":"http://purl.org/sepses/vocab/log/wineventlog#WindowsEventLogEntry","logName":"Security","originatesFrom":{"@id":"http://example.org/sepses#7dd3cc0a-82cb-4079-9185-cc0b35378a3d","hostName":{"name":"DESKTOP-MAC610T"},"@type":"rdf:nodeID"},"taskCategory":"File System","version":1,"accesses":"%%1537\n\t\t\t\t","keyword":["Audit Success"],"accountName":"Virtual Windows 10","@context":"http://sepses.ifs.tuwien.ac.at/contexts/wineventlog.jsonld","@id":"http://example.org/logEntry#logEntry-9ef9734b-f29c-49c0-a5df-a3ac6ab0ee16","@timestamp":"2018-08-27T15:27:52.496Z","handleID":"0x3064","accessMask":"0x10000","computerName":"DESKTOP-MAC610T","source":"Microsoft-Windows-Security-Auditing","level":"Information","logMessage":"An attempt was made to access an object.\n\nSubject:\n\tSecurity ID:\t\tS-1-5-21-2889181789-4222170037-1347726928-1001\n\tAccount Name:\t\tVirtual Windows 10\n\tAccount Domain:\t\tDESKTOP-MAC610T\n\tLogon ID:\t\t0x1EDF9\n\nObject:\n\tObject Server:\t\tSecurity\n\tObject Type:\t\tFile\n\tObject Name:\t\tC:\\Users\\Virtual Windows 10\\UserDocuments\\test1.txt\n\tHandle ID:\t\t0x3064\n\tResource Attributes:\tS:AI\n\nProcess Information:\n\tProcess ID:\t\t0x54\n\tProcess Name:\t\tC:\\Windows\\explorer.exe\n\nAccess Request Information:\n\tAccesses:\t\tDELETE\n\t\t\t\t\n\tAccess Mask:\t\t0x10000","objectServer":"Security","resourceAttributes":"S:AI","logonID":"0x1edf9"}
{"hasLogType":"wineventlog","upCode":"Info","accountDomain":"DESKTOP-MAC610T","processID":"0x54","processName":"C:\\Windows\\explorer.exe","eventID":4660,"@type":"http://purl.org/sepses/vocab/log/wineventlog#WindowsEventLogEntry","logName":"Security","originatesFrom":{"@id":"http://example.org/sepses#7c6a2ee5-6a43-4828-9456-55bbeab62b4c","hostName":{"name":"DESKTOP-MAC610T"},"@type":"rdf:nodeID"},"taskCategory":"File System","keyword":["Audit Success"],"accountName":"Virtual Windows 10","@context":"http://sepses.ifs.tuwien.ac.at/contexts/wineventlog.jsonld","@id":"http://example.org/logEntry#logEntry-bb0ae7e8-47bb-4df7-8ce7-2baffae916b3","@timestamp":"2018-08-27T15:27:52.496Z","handleID":"0x3064","computerName":"DESKTOP-MAC610T","source":"Microsoft-Windows-Security-Auditing","level":"Information","logMessage":"An object was deleted.\n\nSubject:\n\tSecurity ID:\t\tS-1-5-21-2889181789-4222170037-1347726928-1001\n\tAccount Name:\t\tVirtual Windows 10\n\tAccount Domain:\t\tDESKTOP-MAC610T\n\tLogon ID:\t\t0x1EDF9\n\nObject:\n\tObject Server:\tSecurity\n\tHandle ID:\t0x3064\n\nProcess Information:\n\tProcess ID:\t0x54\n\tProcess Name:\tC:\\Windows\\explorer.exe\n\tTransaction ID:\t{00000000-0000-0000-0000-000000000000}","objectServer":"Security","timestamp":"2018-08-27T15:27:52.496Z","logonID":"0x1edf9"}
{"timestamp":"2018-08-27T15:27:52.496Z","objectType":"File","hasLogType":"wineventlog","upCode":"Info","accountDomain":"DESKTOP-MAC610T","processID":"0x54","objectName":"C:\\Users\\Virtual Windows 10\\UserDocuments\\test2.txt","processName":"C:\\Windows\\explorer.exe","eventID":4663,"@type":"http://purl.org/sepses/vocab/log/wineventlog#WindowsEventLogEntry","logName":"Security","originatesFrom":{"@id":"http://example.org/sepses#cb09a520-6d9d-474e-8a85-567e9929b06f","hostName":{"name":"DESKTOP-MAC610T"},"@type":"rdf:nodeID"},"taskCategory":"File System","version":1,"accesses":"%%4423\n\t\t\t\t","keyword":["Audit Success"],"accountName":"Virtual Windows 10","@context":"http://sepses.ifs.tuwien.ac.at/contexts/wineventlog.jsonld","@id":"http://example.org/logEntry#logEntry-bb5ca091-d7f9-4c21-872d-b9cb334289ce","@timestamp":"2018-08-27T15:27:52.496Z","handleID":"0x3064","accessMask":"0x80","computerName":"DESKTOP-MAC610T","source":"Microsoft-Windows-Security-Auditing","level":"Information","logMessage":"An attempt was made to access an object.\n\nSubject:\n\tSecurity ID:\t\tS-1-5-21-2889181789-4222170037-1347726928-1001\n\tAccount Name:\t\tVirtual Windows 10\n\tAccount Domain:\t\tDESKTOP-MAC610T\n\tLogon ID:\t\t0x1EDF9\n\nObject:\n\tObject Server:\t\tSecurity\n\tObject Type:\t\tFile\n\tObject Name:\t\tC:\\Users\\Virtual Windows 10\\UserDocuments\\test2.txt\n\tHandle ID:\t\t0x3064\n\tResource Attributes:\tS:AI\n\nProcess Information:\n\tProcess ID:\t\t0x54\n\tProcess Name:\t\tC:\\Windows\\explorer.exe\n\nAccess Request Information:\n\tAccesses:\t\tReadAttributes\n\t\t\t\t\n\tAccess Mask:\t\t0x80","objectServer":"Security","resourceAttributes":"S:AI","logonID":"0x1edf9"}
{"timestamp":"2018-08-27T15:27:52.496Z","objectType":"File","hasLogType":"wineventlog","upCode":"Info","accountDomain":"DESKTOP-MAC610T","processID":"0x54","objectName":"C:\\Users\\Virtual Windows 10\\UserDocuments\\test2.txt","processName":"C:\\Windows\\explorer.exe","eventID":4663,"@type":"http://purl.org/sepses/vocab/log/wineventlog#WindowsEventLogEntry","logName":"Security","originatesFrom":{"@id":"http://example.org/sepses#89947585-4bd1-4129-a49a-ea46b9577e31","hostName":{"name":"DESKTOP-MAC610T"},"@type":"rdf:nodeID"},"taskCategory":"File System","version":1,"accesses":"%%1537\n\t\t\t\t","keyword":["Audit Success"],"accountName":"Virtual Windows 10","@context":"http://sepses.ifs.tuwien.ac.at/contexts/wineventlog.jsonld","@id":"http://example.org/logEntry#logEntry-5e8c0d47-6a21-4803-9979-724fcdddcca5","@timestamp":"2018-08-27T15:27:52.496Z","handleID":"0x3064","accessMask":"0x10000","computerName":"DESKTOP-MAC610T","source":"Microsoft-Windows-Security-Auditing","level":"Information","logMessage":"An attempt was made to access an object.\n\nSubject:\n\tSecurity ID:\t\tS-1-5-21-2889181789-4222170037-1347726928-1001\n\tAccount Name:\t\tVirtual Windows 10\n\tAccount Domain:\t\tDESKTOP-MAC610T\n\tLogon ID:\t\t0x1EDF9\n\nObject:\n\tObject Server:\t\tSecurity\n\tObject Type:\t\tFile\n\tObject Name:\t\tC:\\Users\\Virtual Windows 10\\UserDocuments\\test2.txt\n\tHandle ID:\t\t0x3064\n\tResource Attributes:\tS:AI\n\nProcess Information:\n\tProcess ID:\t\t0x54\n\tProcess Name:\t\tC:\\Windows\\explorer.exe\n\nAccess Request Information:\n\tAccesses:\t\tDELETE\n\t\t\t\t\n\tAccess Mask:\t\t0x10000","objectServer":"Security","resourceAttributes":"S:AI","logonID":"0x1edf9"}
{"hasLogType":"wineventlog","upCode":"Info","accountDomain":"DESKTOP-MAC610T","processID":"0x54","processName":"C:\\Windows\\explorer.exe","eventID":4660,"@type":"http://purl.org/sepses/vocab/log/wineventlog#WindowsEventLogEntry","logName":"Security","originatesFrom":{"@id":"http://example.org/sepses#436c91eb-7033-4661-8382-4defd48e6c17","hostName":{"name":"DESKTOP-MAC610T"},"@type":"rdf:nodeID"},"taskCategory":"File System","keyword":["Audit Success"],"accountName":"Virtual Windows 10","@context":"http://sepses.ifs.tuwien.ac.at/contexts/wineventlog.jsonld","@id":"http://example.org/logEntry#logEntry-e48027b3-8635-4bf5-8e02-1ffaa8d966f5","@timestamp":"2018-08-27T15:27:52.496Z","handleID":"0x3064","computerName":"DESKTOP-MAC610T","source":"Microsoft-Windows-Security-Auditing","level":"Information","logMessage":"An object was deleted.\n\nSubject:\n\tSecurity ID:\t\tS-1-5-21-2889181789-4222170037-1347726928-1001\n\tAccount Name:\t\tVirtual Windows 10\n\tAccount Domain:\t\tDESKTOP-MAC610T\n\tLogon ID:\t\t0x1EDF9\n\nObject:\n\tObject Server:\tSecurity\n\tHandle ID:\t0x3064\n\nProcess Information:\n\tProcess ID:\t0x54\n\tProcess Name:\tC:\\Windows\\explorer.exe\n\tTransaction ID:\t{00000000-0000-0000-0000-000000000000}","objectServer":"Security","timestamp":"2018-08-27T15:27:52.496Z","logonID":"0x1edf9"}
{"timestamp":"2018-08-27T15:27:52.540Z","objectType":"File","hasLogType":"wineventlog","upCode":"Info","accountDomain":"DESKTOP-MAC610T","processID":"0x54","objectName":"C:\\Users\\Virtual Windows 10\\UserDocuments\\test1.txt","processName":"C:\\Windows\\explorer.exe","eventID":4663,"@type":"http://purl.org/sepses/vocab/log/wineventlog#WindowsEventLogEntry","logName":"Security","originatesFrom":{"@id":"http://example.org/sepses#a6887bcb-d4aa-4e2f-8a82-4ea4540111cb","hostName":{"name":"DESKTOP-MAC610T"},"@type":"rdf:nodeID"},"taskCategory":"File System","version":1,"accesses":"%%4423\n\t\t\t\t","keyword":["Audit Success"],"accountName":"Virtual Windows 10","@context":"http://sepses.ifs.tuwien.ac.at/contexts/wineventlog.jsonld","@id":"http://example.org/logEntry#logEntry-560c58d6-1c8a-41ab-8e05-094fdf6afa90","@timestamp":"2018-08-27T15:27:52.540Z","handleID":"0x18b0","accessMask":"0x80","computerName":"DESKTOP-MAC610T","source":"Microsoft-Windows-Security-Auditing","level":"Information","logMessage":"An attempt was made to access an object.\n\nSubject:\n\tSecurity ID:\t\tS-1-5-21-2889181789-4222170037-1347726928-1001\n\tAccount Name:\t\tVirtual Windows 10\n\tAccount Domain:\t\tDESKTOP-MAC610T\n\tLogon ID:\t\t0x1EDF9\n\nObject:\n\tObject Server:\t\tSecurity\n\tObject Type:\t\tFile\n\tObject Name:\t\tC:\\Users\\Virtual Windows 10\\UserDocuments\\test1.txt\n\tHandle ID:\t\t0x18b0\n\tResource Attributes:\tS:AI\n\nProcess Information:\n\tProcess ID:\t\t0x54\n\tProcess Name:\t\tC:\\Windows\\explorer.exe\n\nAccess Request Information:\n\tAccesses:\t\tReadAttributes\n\t\t\t\t\n\tAccess Mask:\t\t0x80","objectServer":"Security","resourceAttributes":"S:AI","logonID":"0x1edf9"}
{"timestamp":"2018-08-27T15:27:52.540Z","objectType":"File","hasLogType":"wineventlog","upCode":"Info","accountDomain":"DESKTOP-MAC610T","processID":"0x54","objectName":"C:\\Users\\Virtual Windows 10\\UserDocuments\\test1.txt","processName":"C:\\Windows\\explorer.exe","eventID":4663,"@type":"http://purl.org/sepses/vocab/log/wineventlog#WindowsEventLogEntry","logName":"Security","originatesFrom":{"@id":"http://example.org/sepses#56993b97-80fe-4abf-815e-bffe74dc771e","hostName":{"name":"DESKTOP-MAC610T"},"@type":"rdf:nodeID"},"taskCategory":"File System","version":1,"accesses":"%%4423\n\t\t\t\t","keyword":["Audit Success"],"accountName":"Virtual Windows 10","@context":"http://sepses.ifs.tuwien.ac.at/contexts/wineventlog.jsonld","@id":"http://example.org/logEntry#logEntry-75d050b8-4f1d-4dcb-af42-dfbd14b6391e","@timestamp":"2018-08-27T15:27:52.540Z","handleID":"0x18b0","accessMask":"0x80","computerName":"DESKTOP-MAC610T","source":"Microsoft-Windows-Security-Auditing","level":"Information","logMessage":"An attempt was made to access an object.\n\nSubject:\n\tSecurity ID:\t\tS-1-5-21-2889181789-4222170037-1347726928-1001\n\tAccount Name:\t\tVirtual Windows 10\n\tAccount Domain:\t\tDESKTOP-MAC610T\n\tLogon ID:\t\t0x1EDF9\n\nObject:\n\tObject Server:\t\tSecurity\n\tObject Type:\t\tFile\n\tObject Name:\t\tC:\\Users\\Virtual Windows 10\\UserDocuments\\test1.txt\n\tHandle ID:\t\t0x18b0\n\tResource Attributes:\tS:AI\n\nProcess Information:\n\tProcess ID:\t\t0x54\n\tProcess Name:\t\tC:\\Windows\\explorer.exe\n\nAccess Request Information:\n\tAccesses:\t\tReadAttributes\n\t\t\t\t\n\tAccess Mask:\t\t0x80","objectServer":"Security","resourceAttributes":"S:AI","logonID":"0x1edf9"}
{"timestamp":"2018-08-27T15:27:52.540Z","objectType":"File","hasLogType":"wineventlog","upCode":"Info","accountDomain":"DESKTOP-MAC610T","processID":"0x54","objectName":"C:\\Users\\Virtual Windows 10\\UserDocuments\\test1.txt","processName":"C:\\Windows\\explorer.exe","eventID":4663,"@type":"http://purl.org/sepses/vocab/log/wineventlog#WindowsEventLogEntry","logName":"Security","originatesFrom":{"@id":"http://example.org/sepses#a7746c80-db43-4dd1-8dc8-05cf54467443","hostName":{"name":"DESKTOP-MAC610T"},"@type":"rdf:nodeID"},"taskCategory":"File System","version":1,"accesses":"%%1537\n\t\t\t\t","keyword":["Audit Success"],"accountName":"Virtual Windows 10","@context":"http://sepses.ifs.tuwien.ac.at/contexts/wineventlog.jsonld","@id":"http://example.org/logEntry#logEntry-8b2a51d1-c42a-4c91-8257-fd7bee3e7d1c","@timestamp":"2018-08-27T15:27:52.540Z","handleID":"0x18b0","accessMask":"0x10000","computerName":"DESKTOP-MAC610T","source":"Microsoft-Windows-Security-Auditing","level":"Information","logMessage":"An attempt was made to access an object.\n\nSubject:\n\tSecurity ID:\t\tS-1-5-21-2889181789-4222170037-1347726928-1001\n\tAccount Name:\t\tVirtual Windows 10\n\tAccount Domain:\t\tDESKTOP-MAC610T\n\tLogon ID:\t\t0x1EDF9\n\nObject:\n\tObject Server:\t\tSecurity\n\tObject Type:\t\tFile\n\tObject Name:\t\tC:\\Users\\Virtual Windows 10\\UserDocuments\\test1.txt\n\tHandle ID:\t\t0x18b0\n\tResource Attributes:\tS:AI\n\nProcess Information:\n\tProcess ID:\t\t0x54\n\tProcess Name:\t\tC:\\Windows\\explorer.exe\n\nAccess Request Information:\n\tAccesses:\t\tDELETE\n\t\t\t\t\n\tAccess Mask:\t\t0x10000","objectServer":"Security","resourceAttributes":"S:AI","logonID":"0x1edf9"}
{"timestamp":"2018-08-27T15:27:52.540Z","objectType":"File","hasLogType":"wineventlog","upCode":"Info","accountDomain":"DESKTOP-MAC610T","processID":"0x54","objectName":"C:\\$Recycle.Bin\\S-1-5-21-2889181789-4222170037-1347726928-1001\\$RXUMIS3.txt","processName":"C:\\Windows\\explorer.exe","eventID":4663,"@type":"http://purl.org/sepses/vocab/log/wineventlog#WindowsEventLogEntry","logName":"Security","originatesFrom":{"@id":"http://example.org/sepses#5b2cc146-3867-4616-8eff-2265f28532bd","hostName":{"name":"DESKTOP-MAC610T"},"@type":"rdf:nodeID"},"taskCategory":"File System","version":1,"accesses":"%%4423\n\t\t\t\t","keyword":["Audit Success"],"accountName":"Virtual Windows 10","@context":"http://sepses.ifs.tuwien.ac.at/contexts/wineventlog.jsonld","@id":"http://example.org/logEntry#logEntry-2886cdd6-0d5a-468c-9615-16610488df75","@timestamp":"2018-08-27T15:27:52.540Z","handleID":"0x18b0","accessMask":"0x80","computerName":"DESKTOP-MAC610T","source":"Microsoft-Windows-Security-Auditing","level":"Information","logMessage":"An attempt was made to access an object.\n\nSubject:\n\tSecurity ID:\t\tS-1-5-21-2889181789-4222170037-1347726928-1001\n\tAccount Name:\t\tVirtual Windows 10\n\tAccount Domain:\t\tDESKTOP-MAC610T\n\tLogon ID:\t\t0x1EDF9\n\nObject:\n\tObject Server:\t\tSecurity\n\tObject Type:\t\tFile\n\tObject Name:\t\tC:\\$Recycle.Bin\\S-1-5-21-2889181789-4222170037-1347726928-1001\\$RXUMIS3.txt\n\tHandle ID:\t\t0x18b0\n\tResource Attributes:\tS:AI\n\nProcess Information:\n\tProcess ID:\t\t0x54\n\tProcess Name:\t\tC:\\Windows\\explorer.exe\n\nAccess Request Information:\n\tAccesses:\t\tReadAttributes\n\t\t\t\t\n\tAccess Mask:\t\t0x80","objectServer":"Security","resourceAttributes":"S:AI","logonID":"0x1edf9"}
{"timestamp":"2018-08-27T15:27:52.603Z","objectType":"File","hasLogType":"wineventlog","upCode":"Info","accountDomain":"DESKTOP-MAC610T","processID":"0x54","objectName":"C:\\Users\\Virtual Windows 10\\UserDocuments\\test2.txt","processName":"C:\\Windows\\explorer.exe","eventID":4663,"@type":"http://purl.org/sepses/vocab/log/wineventlog#WindowsEventLogEntry","logName":"Security","originatesFrom":{"@id":"http://example.org/sepses#c47644ee-ddfb-4369-bb0e-3f6eefe3446d","hostName":{"name":"DESKTOP-MAC610T"},"@type":"rdf:nodeID"},"taskCategory":"File System","version":1,"accesses":"%%4423\n\t\t\t\t","keyword":["Audit Success"],"accountName":"Virtual Windows 10","@context":"http://sepses.ifs.tuwien.ac.at/contexts/wineventlog.jsonld","@id":"http://example.org/logEntry#logEntry-fcd451c7-ceb9-434d-8d24-ab1bedeabb45","@timestamp":"2018-08-27T15:27:52.603Z","handleID":"0x18b0","accessMask":"0x80","computerName":"DESKTOP-MAC610T","source":"Microsoft-Windows-Security-Auditing","level":"Information","logMessage":"An attempt was made to access an object.\n\nSubject:\n\tSecurity ID:\t\tS-1-5-21-2889181789-4222170037-1347726928-1001\n\tAccount Name:\t\tVirtual Windows 10\n\tAccount Domain:\t\tDESKTOP-MAC610T\n\tLogon ID:\t\t0x1EDF9\n\nObject:\n\tObject Server:\t\tSecurity\n\tObject Type:\t\tFile\n\tObject Name:\t\tC:\\Users\\Virtual Windows 10\\UserDocuments\\test2.txt\n\tHandle ID:\t\t0x18b0\n\tResource Attributes:\tS:AI\n\nProcess Information:\n\tProcess ID:\t\t0x54\n\tProcess Name:\t\tC:\\Windows\\explorer.exe\n\nAccess Request Information:\n\tAccesses:\t\tReadAttributes\n\t\t\t\t\n\tAccess Mask:\t\t0x80","objectServer":"Security","resourceAttributes":"S:AI","logonID":"0x1edf9"}
{"timestamp":"2018-08-27T15:27:52.603Z","objectType":"File","hasLogType":"wineventlog","upCode":"Info","accountDomain":"DESKTOP-MAC610T","processID":"0x54","objectName":"C:\\Users\\Virtual Windows 10\\UserDocuments\\test2.txt","processName":"C:\\Windows\\explorer.exe","eventID":4663,"@type":"http://purl.org/sepses/vocab/log/wineventlog#WindowsEventLogEntry","logName":"Security","originatesFrom":{"@id":"http://example.org/sepses#71ad7916-18de-448d-89ba-700de5efb4ea","hostName":{"name":"DESKTOP-MAC610T"},"@type":"rdf:nodeID"},"taskCategory":"File System","version":1,"accesses":"%%4423\n\t\t\t\t","keyword":["Audit Success"],"accountName":"Virtual Windows 10","@context":"http://sepses.ifs.tuwien.ac.at/contexts/wineventlog.jsonld","@id":"http://example.org/logEntry#logEntry-f02cddf4-d9d8-4720-b517-02f17adb18ce","@timestamp":"2018-08-27T15:27:52.603Z","handleID":"0x18b0","accessMask":"0x80","computerName":"DESKTOP-MAC610T","source":"Microsoft-Windows-Security-Auditing","level":"Information","logMessage":"An attempt was made to access an object.\n\nSubject:\n\tSecurity ID:\t\tS-1-5-21-2889181789-4222170037-1347726928-1001\n\tAccount Name:\t\tVirtual Windows 10\n\tAccount Domain:\t\tDESKTOP-MAC610T\n\tLogon ID:\t\t0x1EDF9\n\nObject:\n\tObject Server:\t\tSecurity\n\tObject Type:\t\tFile\n\tObject Name:\t\tC:\\Users\\Virtual Windows 10\\UserDocuments\\test2.txt\n\tHandle ID:\t\t0x18b0\n\tResource Attributes:\tS:AI\n\nProcess Information:\n\tProcess ID:\t\t0x54\n\tProcess Name:\t\tC:\\Windows\\explorer.exe\n\nAccess Request Information:\n\tAccesses:\t\tReadAttributes\n\t\t\t\t\n\tAccess Mask:\t\t0x80","objectServer":"Security","resourceAttributes":"S:AI","logonID":"0x1edf9"}
{"timestamp":"2018-08-27T15:27:52.603Z","objectType":"File","hasLogType":"wineventlog","upCode":"Info","accountDomain":"DESKTOP-MAC610T","processID":"0x54","objectName":"C:\\Users\\Virtual Windows 10\\UserDocuments\\test2.txt","processName":"C:\\Windows\\explorer.exe","eventID":4663,"@type":"http://purl.org/sepses/vocab/log/wineventlog#WindowsEventLogEntry","logName":"Security","originatesFrom":{"@id":"http://example.org/sepses#d6791c0c-3faf-4923-9330-5f2990ff4646","hostName":{"name":"DESKTOP-MAC610T"},"@type":"rdf:nodeID"},"taskCategory":"File System","version":1,"accesses":"%%1537\n\t\t\t\t","keyword":["Audit Success"],"accountName":"Virtual Windows 10","@context":"http://sepses.ifs.tuwien.ac.at/contexts/wineventlog.jsonld","@id":"http://example.org/logEntry#logEntry-820fff73-d58a-4b7f-a184-7b99234dd7d5","@timestamp":"2018-08-27T15:27:52.603Z","handleID":"0x18b0","accessMask":"0x10000","computerName":"DESKTOP-MAC610T","source":"Microsoft-Windows-Security-Auditing","level":"Information","logMessage":"An attempt was made to access an object.\n\nSubject:\n\tSecurity ID:\t\tS-1-5-21-2889181789-4222170037-1347726928-1001\n\tAccount Name:\t\tVirtual Windows 10\n\tAccount Domain:\t\tDESKTOP-MAC610T\n\tLogon ID:\t\t0x1EDF9\n\nObject:\n\tObject Server:\t\tSecurity\n\tObject Type:\t\tFile\n\tObject Name:\t\tC:\\Users\\Virtual Windows 10\\UserDocuments\\test2.txt\n\tHandle ID:\t\t0x18b0\n\tResource Attributes:\tS:AI\n\nProcess Information:\n\tProcess ID:\t\t0x54\n\tProcess Name:\t\tC:\\Windows\\explorer.exe\n\nAccess Request Information:\n\tAccesses:\t\tDELETE\n\t\t\t\t\n\tAccess Mask:\t\t0x10000","objectServer":"Security","resourceAttributes":"S:AI","logonID":"0x1edf9"}
{"timestamp":"2018-08-27T15:27:52.603Z","objectType":"File","hasLogType":"wineventlog","upCode":"Info","accountDomain":"DESKTOP-MAC610T","processID":"0x54","objectName":"C:\\$Recycle.Bin\\S-1-5-21-2889181789-4222170037-1347726928-1001\\$RC2DRW9.txt","processName":"C:\\Windows\\explorer.exe","eventID":4663,"@type":"http://purl.org/sepses/vocab/log/wineventlog#WindowsEventLogEntry","logName":"Security","originatesFrom":{"@id":"http://example.org/sepses#e676ccc1-b78c-4898-9aef-867c55e4eb6d","hostName":{"name":"DESKTOP-MAC610T"},"@type":"rdf:nodeID"},"taskCategory":"File System","version":1,"accesses":"%%4423\n\t\t\t\t","keyword":["Audit Success"],"accountName":"Virtual Windows 10","@context":"http://sepses.ifs.tuwien.ac.at/contexts/wineventlog.jsonld","@id":"http://example.org/logEntry#logEntry-e4d8c481-5392-45f4-b120-623d2c775a48","@timestamp":"2018-08-27T15:27:52.603Z","handleID":"0x18b0","accessMask":"0x80","computerName":"DESKTOP-MAC610T","source":"Microsoft-Windows-Security-Auditing","level":"Information","logMessage":"An attempt was made to access an object.\n\nSubject:\n\tSecurity ID:\t\tS-1-5-21-2889181789-4222170037-1347726928-1001\n\tAccount Name:\t\tVirtual Windows 10\n\tAccount Domain:\t\tDESKTOP-MAC610T\n\tLogon ID:\t\t0x1EDF9\n\nObject:\n\tObject Server:\t\tSecurity\n\tObject Type:\t\tFile\n\tObject Name:\t\tC:\\$Recycle.Bin\\S-1-5-21-2889181789-4222170037-1347726928-1001\\$RC2DRW9.txt\n\tHandle ID:\t\t0x18b0\n\tResource Attributes:\tS:AI\n\nProcess Information:\n\tProcess ID:\t\t0x54\n\tProcess Name:\t\tC:\\Windows\\explorer.exe\n\nAccess Request Information:\n\tAccesses:\t\tReadAttributes\n\t\t\t\t\n\tAccess Mask:\t\t0x80","objectServer":"Security","resourceAttributes":"S:AI","logonID":"0x1edf9"}
{"timestamp":"2018-08-27T15:27:52.613Z","objectType":"File","hasLogType":"wineventlog","upCode":"Info","accountDomain":"DESKTOP-MAC610T","processID":"0x54","objectName":"C:\\Users\\Virtual Windows 10\\UserDocuments","processName":"C:\\Windows\\explorer.exe","eventID":4663,"@type":"http://purl.org/sepses/vocab/log/wineventlog#WindowsEventLogEntry","logName":"Security","originatesFrom":{"@id":"http://example.org/sepses#f80959c5-a591-444b-974e-0ff8c6d910c5","hostName":{"name":"DESKTOP-MAC610T"},"@type":"rdf:nodeID"},"taskCategory":"File System","version":1,"accesses":"%%4423\n\t\t\t\t","keyword":["Audit Success"],"accountName":"Virtual Windows 10","@context":"http://sepses.ifs.tuwien.ac.at/contexts/wineventlog.jsonld","@id":"http://example.org/logEntry#logEntry-6b07cce6-57f6-491a-a0b8-429d48cd1042","@timestamp":"2018-08-27T15:27:52.613Z","handleID":"0x2984","accessMask":"0x80","computerName":"DESKTOP-MAC610T","source":"Microsoft-Windows-Security-Auditing","level":"Information","logMessage":"An attempt was made to access an object.\n\nSubject:\n\tSecurity ID:\t\tS-1-5-21-2889181789-4222170037-1347726928-1001\n\tAccount Name:\t\tVirtual Windows 10\n\tAccount Domain:\t\tDESKTOP-MAC610T\n\tLogon ID:\t\t0x1EDF9\n\nObject:\n\tObject Server:\t\tSecurity\n\tObject Type:\t\tFile\n\tObject Name:\t\tC:\\Users\\Virtual Windows 10\\UserDocuments\n\tHandle ID:\t\t0x2984\n\tResource Attributes:\tS:AI\n\nProcess Information:\n\tProcess ID:\t\t0x54\n\tProcess Name:\t\tC:\\Windows\\explorer.exe\n\nAccess Request Information:\n\tAccesses:\t\tReadAttributes\n\t\t\t\t\n\tAccess Mask:\t\t0x80","objectServer":"Security","resourceAttributes":"S:AI","logonID":"0x1edf9"}
{"timestamp":"2018-08-27T15:27:52.613Z","objectType":"File","hasLogType":"wineventlog","upCode":"Info","accountDomain":"DESKTOP-MAC610T","processID":"0x54","objectName":"C:\\Users\\Virtual Windows 10\\UserDocuments","processName":"C:\\Windows\\explorer.exe","eventID":4663,"@type":"http://purl.org/sepses/vocab/log/wineventlog#WindowsEventLogEntry","logName":"Security","originatesFrom":{"@id":"http://example.org/sepses#cf4d4db8-cfa2-4e81-b789-d0d8efc592a8","hostName":{"name":"DESKTOP-MAC610T"},"@type":"rdf:nodeID"},"taskCategory":"File System","version":1,"accesses":"%%4423\n\t\t\t\t","keyword":["Audit Success"],"accountName":"Virtual Windows 10","@context":"http://sepses.ifs.tuwien.ac.at/contexts/wineventlog.jsonld","@id":"http://example.org/logEntry#logEntry-5ba7da23-9913-4f71-9cd4-16d6cbe7ae1b","@timestamp":"2018-08-27T15:27:52.613Z","handleID":"0x3760","accessMask":"0x80","computerName":"DESKTOP-MAC610T","source":"Microsoft-Windows-Security-Auditing","level":"Information","logMessage":"An attempt was made to access an object.\n\nSubject:\n\tSecurity ID:\t\tS-1-5-21-2889181789-4222170037-1347726928-1001\n\tAccount Name:\t\tVirtual Windows 10\n\tAccount Domain:\t\tDESKTOP-MAC610T\n\tLogon ID:\t\t0x1EDF9\n\nObject:\n\tObject Server:\t\tSecurity\n\tObject Type:\t\tFile\n\tObject Name:\t\tC:\\Users\\Virtual Windows 10\\UserDocuments\n\tHandle ID:\t\t0x3760\n\tResource Attributes:\tS:AI\n\nProcess Information:\n\tProcess ID:\t\t0x54\n\tProcess Name:\t\tC:\\Windows\\explorer.exe\n\nAccess Request Information:\n\tAccesses:\t\tReadAttributes\n\t\t\t\t\n\tAccess Mask:\t\t0x80","objectServer":"Security","resourceAttributes":"S:AI","logonID":"0x1edf9"}
{"timestamp":"2018-08-27T15:27:52.613Z","objectType":"File","hasLogType":"wineventlog","upCode":"Info","accountDomain":"DESKTOP-MAC610T","processID":"0x54","objectName":"C:\\Users\\Virtual Windows 10\\Dropbox","processName":"C:\\Windows\\explorer.exe","eventID":4663,"@type":"http://purl.org/sepses/vocab/log/wineventlog#WindowsEventLogEntry","logName":"Security","originatesFrom":{"@id":"http://example.org/sepses#d0518b89-beb3-4108-89ac-fc462584a76a","hostName":{"name":"DESKTOP-MAC610T"},"@type":"rdf:nodeID"},"taskCategory":"File System","version":1,"accesses":"%%4423\n\t\t\t\t","keyword":["Audit Success"],"accountName":"Virtual Windows 10","@context":"http://sepses.ifs.tuwien.ac.at/contexts/wineventlog.jsonld","@id":"http://example.org/logEntry#logEntry-a085e6fc-9497-4a39-b44a-46d360fda659","@timestamp":"2018-08-27T15:27:52.613Z","handleID":"0x1910","accessMask":"0x80","computerName":"DESKTOP-MAC610T","source":"Microsoft-Windows-Security-Auditing","level":"Information","logMessage":"An attempt was made to access an object.\n\nSubject:\n\tSecurity ID:\t\tS-1-5-21-2889181789-4222170037-1347726928-1001\n\tAccount Name:\t\tVirtual Windows 10\n\tAccount Domain:\t\tDESKTOP-MAC610T\n\tLogon ID:\t\t0x1EDF9\n\nObject:\n\tObject Server:\t\tSecurity\n\tObject Type:\t\tFile\n\tObject Name:\t\tC:\\Users\\Virtual Windows 10\\Dropbox\n\tHandle ID:\t\t0x1910\n\tResource Attributes:\tS:AI\n\nProcess Information:\n\tProcess ID:\t\t0x54\n\tProcess Name:\t\tC:\\Windows\\explorer.exe\n\nAccess Request Information:\n\tAccesses:\t\tReadAttributes\n\t\t\t\t\n\tAccess Mask:\t\t0x80","objectServer":"Security","resourceAttributes":"S:AI","logonID":"0x1edf9"}
{"timestamp":"2018-08-27T15:27:52.613Z","objectType":"File","hasLogType":"wineventlog","upCode":"Info","accountDomain":"DESKTOP-MAC610T","processID":"0x54","objectName":"C:\\Users\\Virtual Windows 10\\Dropbox","processName":"C:\\Windows\\explorer.exe","eventID":4663,"@type":"http://purl.org/sepses/vocab/log/wineventlog#WindowsEventLogEntry","logName":"Security","originatesFrom":{"@id":"http://example.org/sepses#73ca65f7-ec86-49da-aae8-832534316811","hostName":{"name":"DESKTOP-MAC610T"},"@type":"rdf:nodeID"},"taskCategory":"File System","version":1,"accesses":"%%4423\n\t\t\t\t","keyword":["Audit Success"],"accountName":"Virtual Windows 10","@context":"http://sepses.ifs.tuwien.ac.at/contexts/wineventlog.jsonld","@id":"http://example.org/logEntry#logEntry-f3b44ce7-b9ca-46a6-9d87-1bb7dcf75022","@timestamp":"2018-08-27T15:27:52.613Z","handleID":"0x38b4","accessMask":"0x80","computerName":"DESKTOP-MAC610T","source":"Microsoft-Windows-Security-Auditing","level":"Information","logMessage":"An attempt was made to access an object.\n\nSubject:\n\tSecurity ID:\t\tS-1-5-21-2889181789-4222170037-1347726928-1001\n\tAccount Name:\t\tVirtual Windows 10\n\tAccount Domain:\t\tDESKTOP-MAC610T\n\tLogon ID:\t\t0x1EDF9\n\nObject:\n\tObject Server:\t\tSecurity\n\tObject Type:\t\tFile\n\tObject Name:\t\tC:\\Users\\Virtual Windows 10\\Dropbox\n\tHandle ID:\t\t0x38b4\n\tResource Attributes:\tS:AI\n\nProcess Information:\n\tProcess ID:\t\t0x54\n\tProcess Name:\t\tC:\\Windows\\explorer.exe\n\nAccess Request Information:\n\tAccesses:\t\tReadAttributes\n\t\t\t\t\n\tAccess Mask:\t\t0x80","objectServer":"Security","resourceAttributes":"S:AI","logonID":"0x1edf9"}
{"timestamp":"2018-08-27T15:27:52.924Z","objectType":"File","hasLogType":"wineventlog","upCode":"Info","accountDomain":"DESKTOP-MAC610T","processID":"0x54","objectName":"C:\\Users\\Virtual Windows 10\\UserDocuments","processName":"C:\\Windows\\explorer.exe","eventID":4663,"@type":"http://purl.org/sepses/vocab/log/wineventlog#WindowsEventLogEntry","logName":"Security","originatesFrom":{"@id":"http://example.org/sepses#62c2bb0a-1c02-42ba-99b7-1361d3b31c1e","hostName":{"name":"DESKTOP-MAC610T"},"@type":"rdf:nodeID"},"taskCategory":"File System","version":1,"accesses":"%%4423\n\t\t\t\t","keyword":["Audit Success"],"accountName":"Virtual Windows 10","@context":"http://sepses.ifs.tuwien.ac.at/contexts/wineventlog.jsonld","@id":"http://example.org/logEntry#logEntry-cb47fd1b-0335-408c-80ec-7bace9e6de5d","@timestamp":"2018-08-27T15:27:52.924Z","handleID":"0x4b00","accessMask":"0x80","computerName":"DESKTOP-MAC610T","source":"Microsoft-Windows-Security-Auditing","level":"Information","logMessage":"An attempt was made to access an object.\n\nSubject:\n\tSecurity ID:\t\tS-1-5-21-2889181789-4222170037-1347726928-1001\n\tAccount Name:\t\tVirtual Windows 10\n\tAccount Domain:\t\tDESKTOP-MAC610T\n\tLogon ID:\t\t0x1EDF9\n\nObject:\n\tObject Server:\t\tSecurity\n\tObject Type:\t\tFile\n\tObject Name:\t\tC:\\Users\\Virtual Windows 10\\UserDocuments\n\tHandle ID:\t\t0x4b00\n\tResource Attributes:\tS:AI\n\nProcess Information:\n\tProcess ID:\t\t0x54\n\tProcess Name:\t\tC:\\Windows\\explorer.exe\n\nAccess Request Information:\n\tAccesses:\t\tReadAttributes\n\t\t\t\t\n\tAccess Mask:\t\t0x80","objectServer":"Security","resourceAttributes":"S:AI","logonID":"0x1edf9"}
{"timestamp":"2018-08-27T15:27:52.952Z","objectType":"File","hasLogType":"wineventlog","upCode":"Info","accountDomain":"DESKTOP-MAC610T","processID":"0x54","objectName":"C:\\Users\\Virtual Windows 10\\UserDocuments","processName":"C:\\Windows\\explorer.exe","eventID":4663,"@type":"http://purl.org/sepses/vocab/log/wineventlog#WindowsEventLogEntry","logName":"Security","originatesFrom":{"@id":"http://example.org/sepses#911fa862-f1fc-4732-bee8-2dbc08a4a581","hostName":{"name":"DESKTOP-MAC610T"},"@type":"rdf:nodeID"},"taskCategory":"File System","version":1,"accesses":"%%4423\n\t\t\t\t","keyword":["Audit Success"],"accountName":"Virtual Windows 10","@context":"http://sepses.ifs.tuwien.ac.at/contexts/wineventlog.jsonld","@id":"http://example.org/logEntry#logEntry-be33aff1-e1ae-452b-a66e-4ff0e204dba2","@timestamp":"2018-08-27T15:27:52.952Z","handleID":"0x4288","accessMask":"0x80","computerName":"DESKTOP-MAC610T","source":"Microsoft-Windows-Security-Auditing","level":"Information","logMessage":"An attempt was made to access an object.\n\nSubject:\n\tSecurity ID:\t\tS-1-5-21-2889181789-4222170037-1347726928-1001\n\tAccount Name:\t\tVirtual Windows 10\n\tAccount Domain:\t\tDESKTOP-MAC610T\n\tLogon ID:\t\t0x1EDF9\n\nObject:\n\tObject Server:\t\tSecurity\n\tObject Type:\t\tFile\n\tObject Name:\t\tC:\\Users\\Virtual Windows 10\\UserDocuments\n\tHandle ID:\t\t0x4288\n\tResource Attributes:\tS:AI\n\nProcess Information:\n\tProcess ID:\t\t0x54\n\tProcess Name:\t\tC:\\Windows\\explorer.exe\n\nAccess Request Information:\n\tAccesses:\t\tReadAttributes\n\t\t\t\t\n\tAccess Mask:\t\t0x80","objectServer":"Security","resourceAttributes":"S:AI","logonID":"0x1edf9"}
{"timestamp":"2018-08-27T15:27:52.953Z","objectType":"File","hasLogType":"wineventlog","upCode":"Info","accountDomain":"DESKTOP-MAC610T","processID":"0x54","objectName":"C:\\Users\\Virtual Windows 10\\UserDocuments","processName":"C:\\Windows\\explorer.exe","eventID":4663,"@type":"http://purl.org/sepses/vocab/log/wineventlog#WindowsEventLogEntry","logName":"Security","originatesFrom":{"@id":"http://example.org/sepses#5e5bd3e1-9f44-44a6-80e1-bfa89f0d4a5b","hostName":{"name":"DESKTOP-MAC610T"},"@type":"rdf:nodeID"},"taskCategory":"File System","version":1,"accesses":"%%4423\n\t\t\t\t","keyword":["Audit Success"],"accountName":"Virtual Windows 10","@context":"http://sepses.ifs.tuwien.ac.at/contexts/wineventlog.jsonld","@id":"http://example.org/logEntry#logEntry-b3098f94-dacf-48c8-a4d5-de25ecd7c1ce","@timestamp":"2018-08-27T15:27:52.953Z","handleID":"0x4288","accessMask":"0x80","computerName":"DESKTOP-MAC610T","source":"Microsoft-Windows-Security-Auditing","level":"Information","logMessage":"An attempt was made to access an object.\n\nSubject:\n\tSecurity ID:\t\tS-1-5-21-2889181789-4222170037-1347726928-1001\n\tAccount Name:\t\tVirtual Windows 10\n\tAccount Domain:\t\tDESKTOP-MAC610T\n\tLogon ID:\t\t0x1EDF9\n\nObject:\n\tObject Server:\t\tSecurity\n\tObject Type:\t\tFile\n\tObject Name:\t\tC:\\Users\\Virtual Windows 10\\UserDocuments\n\tHandle ID:\t\t0x4288\n\tResource Attributes:\tS:AI\n\nProcess Information:\n\tProcess ID:\t\t0x54\n\tProcess Name:\t\tC:\\Windows\\explorer.exe\n\nAccess Request Information:\n\tAccesses:\t\tReadAttributes\n\t\t\t\t\n\tAccess Mask:\t\t0x80","objectServer":"Security","resourceAttributes":"S:AI","logonID":"0x1edf9"}
{"timestamp":"2018-08-27T15:27:52.963Z","objectType":"File","hasLogType":"wineventlog","upCode":"Info","accountDomain":"DESKTOP-MAC610T","processID":"0x54","objectName":"C:\\Users\\Virtual Windows 10\\UserDocuments","processName":"C:\\Windows\\explorer.exe","eventID":4663,"@type":"http://purl.org/sepses/vocab/log/wineventlog#WindowsEventLogEntry","logName":"Security","originatesFrom":{"@id":"http://example.org/sepses#17780936-dccd-4818-a05b-52d5798c02ee","hostName":{"name":"DESKTOP-MAC610T"},"@type":"rdf:nodeID"},"taskCategory":"File System","version":1,"accesses":"%%4423\n\t\t\t\t","keyword":["Audit Success"],"accountName":"Virtual Windows 10","@context":"http://sepses.ifs.tuwien.ac.at/contexts/wineventlog.jsonld","@id":"http://example.org/logEntry#logEntry-df68f5fa-8835-4455-ad8e-ad23e61507fc","@timestamp":"2018-08-27T15:27:52.963Z","handleID":"0x47fc","accessMask":"0x80","computerName":"DESKTOP-MAC610T","source":"Microsoft-Windows-Security-Auditing","level":"Information","logMessage":"An attempt was made to access an object.\n\nSubject:\n\tSecurity ID:\t\tS-1-5-21-2889181789-4222170037-1347726928-1001\n\tAccount Name:\t\tVirtual Windows 10\n\tAccount Domain:\t\tDESKTOP-MAC610T\n\tLogon ID:\t\t0x1EDF9\n\nObject:\n\tObject Server:\t\tSecurity\n\tObject Type:\t\tFile\n\tObject Name:\t\tC:\\Users\\Virtual Windows 10\\UserDocuments\n\tHandle ID:\t\t0x47fc\n\tResource Attributes:\tS:AI\n\nProcess Information:\n\tProcess ID:\t\t0x54\n\tProcess Name:\t\tC:\\Windows\\explorer.exe\n\nAccess Request Information:\n\tAccesses:\t\tReadAttributes\n\t\t\t\t\n\tAccess Mask:\t\t0x80","objectServer":"Security","resourceAttributes":"S:AI","logonID":"0x1edf9"}
{"timestamp":"2018-08-27T15:27:53.211Z","objectType":"File","hasLogType":"wineventlog","upCode":"Info","accountDomain":"DESKTOP-MAC610T","processID":"0x16c8","objectName":"C:\\Users\\Virtual Windows 10\\Dropbox","processName":"C:\\Program Files (x86)\\Dropbox\\Client\\Dropbox.exe","eventID":4663,"@type":"http://purl.org/sepses/vocab/log/wineventlog#WindowsEventLogEntry","logName":"Security","originatesFrom":{"@id":"http://example.org/sepses#49ea22d7-3abd-4237-881e-cb44c41a4f16","hostName":{"name":"DESKTOP-MAC610T"},"@type":"rdf:nodeID"},"taskCategory":"File System","version":1,"accesses":"%%4423\n\t\t\t\t","keyword":["Audit Success"],"accountName":"Virtual Windows 10","@context":"http://sepses.ifs.tuwien.ac.at/contexts/wineventlog.jsonld","@id":"http://example.org/logEntry#logEntry-54db9c4e-6180-42d7-af70-4ac0592774a5","@timestamp":"2018-08-27T15:27:53.211Z","handleID":"0x21ec","accessMask":"0x80","computerName":"DESKTOP-MAC610T","source":"Microsoft-Windows-Security-Auditing","level":"Information","logMessage":"An attempt was made to access an object.\n\nSubject:\n\tSecurity ID:\t\tS-1-5-21-2889181789-4222170037-1347726928-1001\n\tAccount Name:\t\tVirtual Windows 10\n\tAccount Domain:\t\tDESKTOP-MAC610T\n\tLogon ID:\t\t0x1EDF9\n\nObject:\n\tObject Server:\t\tSecurity\n\tObject Type:\t\tFile\n\tObject Name:\t\tC:\\Users\\Virtual Windows 10\\Dropbox\n\tHandle ID:\t\t0x21ec\n\tResource Attributes:\tS:AI\n\nProcess Information:\n\tProcess ID:\t\t0x16c8\n\tProcess Name:\t\tC:\\Program Files (x86)\\Dropbox\\Client\\Dropbox.exe\n\nAccess Request Information:\n\tAccesses:\t\tReadAttributes\n\t\t\t\t\n\tAccess Mask:\t\t0x80","objectServer":"Security","resourceAttributes":"S:AI","logonID":"0x1edf9"}
