{"objectServer":"Security","source":"Microsoft-Windows-Security-Auditing","objectName":"C:\\Users\\Virtual Windows 10\\UserDocuments\\wordpad_rename.rtf","keyword":["Audit Success"],"accessMask":"0x80","version":1,"timestamp":"2018-11-14T11:10:08.395Z","logName":"Security","upCode":"Info","@id":"http://example.org/logEntry#logEntry-0e9cd57c-e13c-4f16-a979-741f62a70734","resourceAttributes":"S:AI","handleID":"0x19a4","processID":"0xc60","level":"Information","logonID":"0x29ea7","accountDomain":"DESKTOP-MAC610T","originatesFrom":{"hostName":{"name":"DESKTOP-MAC610T"},"@type":"rdf:nodeID","@id":"http://example.org/sepses#deaa589a-06a4-40d3-b264-2885d5ed5fcb"},"computerName":"DESKTOP-MAC610T","@timestamp":"2018-11-14T11:10:08.395Z","processName":"C:\\Windows\\explorer.exe","objectType":"File","hasLogType":"wineventlog","eventID":4663,"logMessage":"An attempt was made to access an object.\n\nSubject:\n\tSecurity ID:\t\tS-1-5-21-2889181789-4222170037-1347726928-1001\n\tAccount Name:\t\tVirtual Windows 10\n\tAccount Domain:\t\tDESKTOP-MAC610T\n\tLogon ID:\t\t0x29EA7\n\nObject:\n\tObject Server:\t\tSecurity\n\tObject Type:\t\tFile\n\tObject Name:\t\tC:\\Users\\Virtual Windows 10\\UserDocuments\\wordpad_rename.rtf\n\tHandle ID:\t\t0x19a4\n\tResource Attributes:\tS:AI\n\nProcess Information:\n\tProcess ID:\t\t0xc60\n\tProcess Name:\t\tC:\\Windows\\explorer.exe\n\nAccess Request Information:\n\tAccesses:\t\tReadAttributes\n\t\t\t\t\n\tAccess Mask:\t\t0x80","accesses":"%%4423\n\t\t\t\t","taskCategory":"File System","accountName":"Virtual Windows 10","@context":"http://sepses.ifs.tuwien.ac.at/contexts/wineventlog.jsonld","@type":"http://purl.org/sepses/vocab/log/wineventlog#WindowsEventLogEntry"}
{"objectServer":"Security","source":"Microsoft-Windows-Security-Auditing","objectName":"C:\\Users\\Virtual Windows 10\\UserDocuments\\wordpad_rename.rtf","keyword":["Audit Success"],"accessMask":"0x80","version":1,"timestamp":"2018-11-14T11:10:08.395Z","logName":"Security","upCode":"Info","@id":"http://example.org/logEntry#logEntry-4fddb059-6247-449d-8aaa-5ea33324a905","resourceAttributes":"S:AI","handleID":"0x19a4","processID":"0xc60","level":"Information","logonID":"0x29ea7","accountDomain":"DESKTOP-MAC610T","originatesFrom":{"hostName":{"name":"DESKTOP-MAC610T"},"@type":"rdf:nodeID","@id":"http://example.org/sepses#1f0aff27-3138-4e30-aa3b-5aa28f3b1ddc"},"computerName":"DESKTOP-MAC610T","@timestamp":"2018-11-14T11:10:08.395Z","processName":"C:\\Windows\\explorer.exe","objectType":"File","hasLogType":"wineventlog","eventID":4663,"logMessage":"An attempt was made to access an object.\n\nSubject:\n\tSecurity ID:\t\tS-1-5-21-2889181789-4222170037-1347726928-1001\n\tAccount Name:\t\tVirtual Windows 10\n\tAccount Domain:\t\tDESKTOP-MAC610T\n\tLogon ID:\t\t0x29EA7\n\nObject:\n\tObject Server:\t\tSecurity\n\tObject Type:\t\tFile\n\tObject Name:\t\tC:\\Users\\Virtual Windows 10\\UserDocuments\\wordpad_rename.rtf\n\tHandle ID:\t\t0x19a4\n\tResource Attributes:\tS:AI\n\nProcess Information:\n\tProcess ID:\t\t0xc60\n\tProcess Name:\t\tC:\\Windows\\explorer.exe\n\nAccess Request Information:\n\tAccesses:\t\tReadAttributes\n\t\t\t\t\n\tAccess Mask:\t\t0x80","accesses":"%%4423\n\t\t\t\t","taskCategory":"File System","accountName":"Virtual Windows 10","@context":"http://sepses.ifs.tuwien.ac.at/contexts/wineventlog.jsonld","@type":"http://purl.org/sepses/vocab/log/wineventlog#WindowsEventLogEntry"}
{"objectServer":"Security","source":"Microsoft-Windows-Security-Auditing","objectName":"C:\\Users\\Virtual Windows 10\\UserDocuments\\wordpad_rename.rtf","keyword":["Audit Success"],"accessMask":"0x10000","version":1,"timestamp":"2018-11-14T11:10:08.395Z","logName":"Security","upCode":"Info","@id":"http://example.org/logEntry#logEntry-5f0bd1ae-7001-41f5-ad67-e02afd382ca2","resourceAttributes":"S:AI","handleID":"0x19a4","processID":"0xc60","level":"Information","logonID":"0x29ea7","accountDomain":"DESKTOP-MAC610T","originatesFrom":{"hostName":{"name":"DESKTOP-MAC610T"},"@type":"rdf:nodeID","@id":"http://example.org/sepses#0fd9b553-0495-4647-9b02-5bd90cce752c"},"computerName":"DESKTOP-MAC610T","@timestamp":"2018-11-14T11:10:08.395Z","processName":"C:\\Windows\\explorer.exe","objectType":"File","hasLogType":"wineventlog","eventID":4663,"logMessage":"An attempt was made to access an object.\n\nSubject:\n\tSecurity ID:\t\tS-1-5-21-2889181789-4222170037-1347726928-1001\n\tAccount Name:\t\tVirtual Windows 10\n\tAccount Domain:\t\tDESKTOP-MAC610T\n\tLogon ID:\t\t0x29EA7\n\nObject:\n\tObject Server:\t\tSecurity\n\tObject Type:\t\tFile\n\tObject Name:\t\tC:\\Users\\Virtual Windows 10\\UserDocuments\\wordpad_rename.rtf\n\tHandle ID:\t\t0x19a4\n\tResource Attributes:\tS:AI\n\nProcess Information:\n\tProcess ID:\t\t0xc60\n\tProcess Name:\t\tC:\\Windows\\explorer.exe\n\nAccess Request Information:\n\tAccesses:\t\tDELETE\n\t\t\t\t\n\tAccess Mask:\t\t0x10000","accesses":"%%1537\n\t\t\t\t","taskCategory":"File System","accountName":"Virtual Windows 10","@context":"http://sepses.ifs.tuwien.ac.at/contexts/wineventlog.jsonld","@type":"http://purl.org/sepses/vocab/log/wineventlog#WindowsEventLogEntry"}
{"objectServer":"Security","source":"Microsoft-Windows-Security-Auditing","objectName":"C:\\$Recycle.Bin\\S-1-5-21-2889181789-4222170037-1347726928-1001\\$RHGJ1AA.rtf","keyword":["Audit Success"],"accessMask":"0x80","version":1,"timestamp":"2018-11-14T11:10:08.395Z","logName":"Security","upCode":"Info","@id":"http://example.org/logEntry#logEntry-5e49ded1-2131-4a69-aef9-ccc1725039f3","resourceAttributes":"S:AI","handleID":"0x19a4","processID":"0xc60","level":"Information","logonID":"0x29ea7","accountDomain":"DESKTOP-MAC610T","originatesFrom":{"hostName":{"name":"DESKTOP-MAC610T"},"@type":"rdf:nodeID","@id":"http://example.org/sepses#3f7366e0-78c4-4b4a-899a-c475bdd75f64"},"computerName":"DESKTOP-MAC610T","@timestamp":"2018-11-14T11:10:08.395Z","processName":"C:\\Windows\\explorer.exe","objectType":"File","hasLogType":"wineventlog","eventID":4663,"logMessage":"An attempt was made to access an object.\n\nSubject:\n\tSecurity ID:\t\tS-1-5-21-2889181789-4222170037-1347726928-1001\n\tAccount Name:\t\tVirtual Windows 10\n\tAccount Domain:\t\tDESKTOP-MAC610T\n\tLogon ID:\t\t0x29EA7\n\nObject:\n\tObject Server:\t\tSecurity\n\tObject Type:\t\tFile\n\tObject Name:\t\tC:\\$Recycle.Bin\\S-1-5-21-2889181789-4222170037-1347726928-1001\\$RHGJ1AA.rtf\n\tHandle ID:\t\t0x19a4\n\tResource Attributes:\tS:AI\n\nProcess Information:\n\tProcess ID:\t\t0xc60\n\tProcess Name:\t\tC:\\Windows\\explorer.exe\n\nAccess Request Information:\n\tAccesses:\t\tReadAttributes\n\t\t\t\t\n\tAccess Mask:\t\t0x80","accesses":"%%4423\n\t\t\t\t","taskCategory":"File System","accountName":"Virtual Windows 10","@context":"http://sepses.ifs.tuwien.ac.at/contexts/wineventlog.jsonld","@type":"http://purl.org/sepses/vocab/log/wineventlog#WindowsEventLogEntry"}
{"objectServer":"Security","source":"Microsoft-Windows-Security-Auditing","objectName":"C:\\Users\\Virtual Windows 10\\UserDocuments","keyword":["Audit Success"],"accessMask":"0x80","version":1,"timestamp":"2018-11-14T11:10:08.399Z","logName":"Security","upCode":"Info","@id":"http://example.org/logEntry#logEntry-528f68bc-df08-46cf-9c84-57e0374defe0","resourceAttributes":"S:AI","handleID":"0x27e4","processID":"0xc60","level":"Information","logonID":"0x29ea7","accountDomain":"DESKTOP-MAC610T","originatesFrom":{"hostName":{"name":"DESKTOP-MAC610T"},"@type":"rdf:nodeID","@id":"http://example.org/sepses#7a415198-ba18-47f3-95af-b35cd2a58c7e"},"computerName":"DESKTOP-MAC610T","@timestamp":"2018-11-14T11:10:08.399Z","processName":"C:\\Windows\\explorer.exe","objectType":"File","hasLogType":"wineventlog","eventID":4663,"logMessage":"An attempt was made to access an object.\n\nSubject:\n\tSecurity ID:\t\tS-1-5-21-2889181789-4222170037-1347726928-1001\n\tAccount Name:\t\tVirtual Windows 10\n\tAccount Domain:\t\tDESKTOP-MAC610T\n\tLogon ID:\t\t0x29EA7\n\nObject:\n\tObject Server:\t\tSecurity\n\tObject Type:\t\tFile\n\tObject Name:\t\tC:\\Users\\Virtual Windows 10\\UserDocuments\n\tHandle ID:\t\t0x27e4\n\tResource Attributes:\tS:AI\n\nProcess Information:\n\tProcess ID:\t\t0xc60\n\tProcess Name:\t\tC:\\Windows\\explorer.exe\n\nAccess Request Information:\n\tAccesses:\t\tReadAttributes\n\t\t\t\t\n\tAccess Mask:\t\t0x80","accesses":"%%4423\n\t\t\t\t","taskCategory":"File System","accountName":"Virtual Windows 10","@context":"http://sepses.ifs.tuwien.ac.at/contexts/wineventlog.jsonld","@type":"http://purl.org/sepses/vocab/log/wineventlog#WindowsEventLogEntry"}
{"objectServer":"Security","source":"Microsoft-Windows-Security-Auditing","objectName":"C:\\Users\\Virtual Windows 10\\UserDocuments","keyword":["Audit Success"],"accessMask":"0x80","version":1,"timestamp":"2018-11-14T11:10:08.399Z","logName":"Security","upCode":"Info","@id":"http://example.org/logEntry#logEntry-f8b8d8ed-e4a5-44ab-a0e4-e85ae25ae4ee","resourceAttributes":"S:AI","handleID":"0x3260","processID":"0xc60","level":"Information","logonID":"0x29ea7","accountDomain":"DESKTOP-MAC610T","originatesFrom":{"hostName":{"name":"DESKTOP-MAC610T"},"@type":"rdf:nodeID","@id":"http://example.org/sepses#8a896506-db69-4a26-a337-49e224727cb5"},"computerName":"DESKTOP-MAC610T","@timestamp":"2018-11-14T11:10:08.399Z","processName":"C:\\Windows\\explorer.exe","objectType":"File","hasLogType":"wineventlog","eventID":4663,"logMessage":"An attempt was made to access an object.\n\nSubject:\n\tSecurity ID:\t\tS-1-5-21-2889181789-4222170037-1347726928-1001\n\tAccount Name:\t\tVirtual Windows 10\n\tAccount Domain:\t\tDESKTOP-MAC610T\n\tLogon ID:\t\t0x29EA7\n\nObject:\n\tObject Server:\t\tSecurity\n\tObject Type:\t\tFile\n\tObject Name:\t\tC:\\Users\\Virtual Windows 10\\UserDocuments\n\tHandle ID:\t\t0x3260\n\tResource Attributes:\tS:AI\n\nProcess Information:\n\tProcess ID:\t\t0xc60\n\tProcess Name:\t\tC:\\Windows\\explorer.exe\n\nAccess Request Information:\n\tAccesses:\t\tReadAttributes\n\t\t\t\t\n\tAccess Mask:\t\t0x80","accesses":"%%4423\n\t\t\t\t","taskCategory":"File System","accountName":"Virtual Windows 10","@context":"http://sepses.ifs.tuwien.ac.at/contexts/wineventlog.jsonld","@type":"http://purl.org/sepses/vocab/log/wineventlog#WindowsEventLogEntry"}
{"objectServer":"Security","source":"Microsoft-Windows-Security-Auditing","objectName":"C:\\Users\\Virtual Windows 10\\Dropbox","keyword":["Audit Success"],"accessMask":"0x80","version":1,"timestamp":"2018-11-14T11:10:08.399Z","logName":"Security","upCode":"Info","@id":"http://example.org/logEntry#logEntry-f5cce7bd-4ac8-42df-830d-4313f4fc41e4","resourceAttributes":"S:AI","handleID":"0x2940","processID":"0xc60","level":"Information","logonID":"0x29ea7","accountDomain":"DESKTOP-MAC610T","originatesFrom":{"hostName":{"name":"DESKTOP-MAC610T"},"@type":"rdf:nodeID","@id":"http://example.org/sepses#41c74647-dca2-4e16-aa89-808236845171"},"computerName":"DESKTOP-MAC610T","@timestamp":"2018-11-14T11:10:08.399Z","processName":"C:\\Windows\\explorer.exe","objectType":"File","hasLogType":"wineventlog","eventID":4663,"logMessage":"An attempt was made to access an object.\n\nSubject:\n\tSecurity ID:\t\tS-1-5-21-2889181789-4222170037-1347726928-1001\n\tAccount Name:\t\tVirtual Windows 10\n\tAccount Domain:\t\tDESKTOP-MAC610T\n\tLogon ID:\t\t0x29EA7\n\nObject:\n\tObject Server:\t\tSecurity\n\tObject Type:\t\tFile\n\tObject Name:\t\tC:\\Users\\Virtual Windows 10\\Dropbox\n\tHandle ID:\t\t0x2940\n\tResource Attributes:\tS:AI\n\nProcess Information:\n\tProcess ID:\t\t0xc60\n\tProcess Name:\t\tC:\\Windows\\explorer.exe\n\nAccess Request Information:\n\tAccesses:\t\tReadAttributes\n\t\t\t\t\n\tAccess Mask:\t\t0x80","accesses":"%%4423\n\t\t\t\t","taskCategory":"File System","accountName":"Virtual Windows 10","@context":"http://sepses.ifs.tuwien.ac.at/contexts/wineventlog.jsonld","@type":"http://purl.org/sepses/vocab/log/wineventlog#WindowsEventLogEntry"}
{"objectServer":"Security","source":"Microsoft-Windows-Security-Auditing","objectName":"C:\\Users\\Virtual Windows 10\\Dropbox","keyword":["Audit Success"],"accessMask":"0x80","version":1,"timestamp":"2018-11-14T11:10:08.399Z","logName":"Security","upCode":"Info","@id":"http://example.org/logEntry#logEntry-2499f3d4-952f-456b-ad8f-14c4504e8c4f","resourceAttributes":"S:AI","handleID":"0x3028","processID":"0xc60","level":"Information","logonID":"0x29ea7","accountDomain":"DESKTOP-MAC610T","originatesFrom":{"hostName":{"name":"DESKTOP-MAC610T"},"@type":"rdf:nodeID","@id":"http://example.org/sepses#659ed423-c4a5-4e7a-b387-089f8b68c599"},"computerName":"DESKTOP-MAC610T","@timestamp":"2018-11-14T11:10:08.399Z","processName":"C:\\Windows\\explorer.exe","objectType":"File","hasLogType":"wineventlog","eventID":4663,"logMessage":"An attempt was made to access an object.\n\nSubject:\n\tSecurity ID:\t\tS-1-5-21-2889181789-4222170037-1347726928-1001\n\tAccount Name:\t\tVirtual Windows 10\n\tAccount Domain:\t\tDESKTOP-MAC610T\n\tLogon ID:\t\t0x29EA7\n\nObject:\n\tObject Server:\t\tSecurity\n\tObject Type:\t\tFile\n\tObject Name:\t\tC:\\Users\\Virtual Windows 10\\Dropbox\n\tHandle ID:\t\t0x3028\n\tResource Attributes:\tS:AI\n\nProcess Information:\n\tProcess ID:\t\t0xc60\n\tProcess Name:\t\tC:\\Windows\\explorer.exe\n\nAccess Request Information:\n\tAccesses:\t\tReadAttributes\n\t\t\t\t\n\tAccess Mask:\t\t0x80","accesses":"%%4423\n\t\t\t\t","taskCategory":"File System","accountName":"Virtual Windows 10","@context":"http://sepses.ifs.tuwien.ac.at/contexts/wineventlog.jsonld","@type":"http://purl.org/sepses/vocab/log/wineventlog#WindowsEventLogEntry"}
{"objectServer":"Security","source":"Microsoft-Windows-Security-Auditing","objectName":"C:\\Users\\Virtual Windows 10\\UserDocuments","keyword":["Audit Success"],"accessMask":"0x80","version":1,"timestamp":"2018-11-14T11:10:08.466Z","logName":"Security","upCode":"Info","@id":"http://example.org/logEntry#logEntry-cef854b2-0f24-4128-9579-cfe7ad55024f","resourceAttributes":"S:AI","handleID":"0xb6c","processID":"0xc60","level":"Information","logonID":"0x29ea7","accountDomain":"DESKTOP-MAC610T","originatesFrom":{"hostName":{"name":"DESKTOP-MAC610T"},"@type":"rdf:nodeID","@id":"http://example.org/sepses#6cbbce69-98ec-4d7c-805b-c6302c018306"},"computerName":"DESKTOP-MAC610T","@timestamp":"2018-11-14T11:10:08.466Z","processName":"C:\\Windows\\explorer.exe","objectType":"File","hasLogType":"wineventlog","eventID":4663,"logMessage":"An attempt was made to access an object.\n\nSubject:\n\tSecurity ID:\t\tS-1-5-21-2889181789-4222170037-1347726928-1001\n\tAccount Name:\t\tVirtual Windows 10\n\tAccount Domain:\t\tDESKTOP-MAC610T\n\tLogon ID:\t\t0x29EA7\n\nObject:\n\tObject Server:\t\tSecurity\n\tObject Type:\t\tFile\n\tObject Name:\t\tC:\\Users\\Virtual Windows 10\\UserDocuments\n\tHandle ID:\t\t0xb6c\n\tResource Attributes:\tS:AI\n\nProcess Information:\n\tProcess ID:\t\t0xc60\n\tProcess Name:\t\tC:\\Windows\\explorer.exe\n\nAccess Request Information:\n\tAccesses:\t\tReadAttributes\n\t\t\t\t\n\tAccess Mask:\t\t0x80","accesses":"%%4423\n\t\t\t\t","taskCategory":"File System","accountName":"Virtual Windows 10","@context":"http://sepses.ifs.tuwien.ac.at/contexts/wineventlog.jsonld","@type":"http://purl.org/sepses/vocab/log/wineventlog#WindowsEventLogEntry"}
{"objectServer":"Security","source":"Microsoft-Windows-Security-Auditing","objectName":"C:\\Users\\Virtual Windows 10\\UserDocuments","keyword":["Audit Success"],"accessMask":"0x80","version":1,"timestamp":"2018-11-14T11:10:08.470Z","logName":"Security","upCode":"Info","@id":"http://example.org/logEntry#logEntry-8ad98296-b99d-463e-8273-dfdec06705bd","resourceAttributes":"S:AI","handleID":"0x2a68","processID":"0xc60","level":"Information","logonID":"0x29ea7","accountDomain":"DESKTOP-MAC610T","originatesFrom":{"hostName":{"name":"DESKTOP-MAC610T"},"@type":"rdf:nodeID","@id":"http://example.org/sepses#897c7b41-c630-456b-913c-4ab0244641da"},"computerName":"DESKTOP-MAC610T","@timestamp":"2018-11-14T11:10:08.470Z","processName":"C:\\Windows\\explorer.exe","objectType":"File","hasLogType":"wineventlog","eventID":4663,"logMessage":"An attempt was made to access an object.\n\nSubject:\n\tSecurity ID:\t\tS-1-5-21-2889181789-4222170037-1347726928-1001\n\tAccount Name:\t\tVirtual Windows 10\n\tAccount Domain:\t\tDESKTOP-MAC610T\n\tLogon ID:\t\t0x29EA7\n\nObject:\n\tObject Server:\t\tSecurity\n\tObject Type:\t\tFile\n\tObject Name:\t\tC:\\Users\\Virtual Windows 10\\UserDocuments\n\tHandle ID:\t\t0x2a68\n\tResource Attributes:\tS:AI\n\nProcess Information:\n\tProcess ID:\t\t0xc60\n\tProcess Name:\t\tC:\\Windows\\explorer.exe\n\nAccess Request Information:\n\tAccesses:\t\tReadAttributes\n\t\t\t\t\n\tAccess Mask:\t\t0x80","accesses":"%%4423\n\t\t\t\t","taskCategory":"File System","accountName":"Virtual Windows 10","@context":"http://sepses.ifs.tuwien.ac.at/contexts/wineventlog.jsonld","@type":"http://purl.org/sepses/vocab/log/wineventlog#WindowsEventLogEntry"}
{"objectServer":"Security","source":"Microsoft-Windows-Security-Auditing","objectName":"C:\\Users\\Virtual Windows 10\\UserDocuments","keyword":["Audit Success"],"accessMask":"0x80","version":1,"timestamp":"2018-11-14T11:10:08.532Z","logName":"Security","upCode":"Info","@id":"http://example.org/logEntry#logEntry-41ef2f7b-8576-444b-8cec-49ca613ea81c","resourceAttributes":"S:AI","handleID":"0x1b08","processID":"0xc60","level":"Information","logonID":"0x29ea7","accountDomain":"DESKTOP-MAC610T","originatesFrom":{"hostName":{"name":"DESKTOP-MAC610T"},"@type":"rdf:nodeID","@id":"http://example.org/sepses#09900dce-708c-4a34-a56d-fe8de92bb916"},"computerName":"DESKTOP-MAC610T","@timestamp":"2018-11-14T11:10:08.532Z","processName":"C:\\Windows\\explorer.exe","objectType":"File","hasLogType":"wineventlog","eventID":4663,"logMessage":"An attempt was made to access an object.\n\nSubject:\n\tSecurity ID:\t\tS-1-5-21-2889181789-4222170037-1347726928-1001\n\tAccount Name:\t\tVirtual Windows 10\n\tAccount Domain:\t\tDESKTOP-MAC610T\n\tLogon ID:\t\t0x29EA7\n\nObject:\n\tObject Server:\t\tSecurity\n\tObject Type:\t\tFile\n\tObject Name:\t\tC:\\Users\\Virtual Windows 10\\UserDocuments\n\tHandle ID:\t\t0x1b08\n\tResource Attributes:\tS:AI\n\nProcess Information:\n\tProcess ID:\t\t0xc60\n\tProcess Name:\t\tC:\\Windows\\explorer.exe\n\nAccess Request Information:\n\tAccesses:\t\tReadAttributes\n\t\t\t\t\n\tAccess Mask:\t\t0x80","accesses":"%%4423\n\t\t\t\t","taskCategory":"File System","accountName":"Virtual Windows 10","@context":"http://sepses.ifs.tuwien.ac.at/contexts/wineventlog.jsonld","@type":"http://purl.org/sepses/vocab/log/wineventlog#WindowsEventLogEntry"}
{"objectServer":"Security","source":"Microsoft-Windows-Security-Auditing","objectName":"C:\\Users\\Virtual Windows 10\\UserDocuments","keyword":["Audit Success"],"accessMask":"0x80","version":1,"timestamp":"2018-11-14T11:10:08.535Z","logName":"Security","upCode":"Info","@id":"http://example.org/logEntry#logEntry-af96b90c-9984-4436-8891-e0414b7da8f2","resourceAttributes":"S:AI","handleID":"0x15dc","processID":"0xc60","level":"Information","logonID":"0x29ea7","accountDomain":"DESKTOP-MAC610T","originatesFrom":{"hostName":{"name":"DESKTOP-MAC610T"},"@type":"rdf:nodeID","@id":"http://example.org/sepses#2a92c12b-3894-4b14-a814-6612a4ee0c7b"},"computerName":"DESKTOP-MAC610T","@timestamp":"2018-11-14T11:10:08.535Z","processName":"C:\\Windows\\explorer.exe","objectType":"File","hasLogType":"wineventlog","eventID":4663,"logMessage":"An attempt was made to access an object.\n\nSubject:\n\tSecurity ID:\t\tS-1-5-21-2889181789-4222170037-1347726928-1001\n\tAccount Name:\t\tVirtual Windows 10\n\tAccount Domain:\t\tDESKTOP-MAC610T\n\tLogon ID:\t\t0x29EA7\n\nObject:\n\tObject Server:\t\tSecurity\n\tObject Type:\t\tFile\n\tObject Name:\t\tC:\\Users\\Virtual Windows 10\\UserDocuments\n\tHandle ID:\t\t0x15dc\n\tResource Attributes:\tS:AI\n\nProcess Information:\n\tProcess ID:\t\t0xc60\n\tProcess Name:\t\tC:\\Windows\\explorer.exe\n\nAccess Request Information:\n\tAccesses:\t\tReadAttributes\n\t\t\t\t\n\tAccess Mask:\t\t0x80","accesses":"%%4423\n\t\t\t\t","taskCategory":"File System","accountName":"Virtual Windows 10","@context":"http://sepses.ifs.tuwien.ac.at/contexts/wineventlog.jsonld","@type":"http://purl.org/sepses/vocab/log/wineventlog#WindowsEventLogEntry"}
{"objectServer":"Security","source":"Microsoft-Windows-Security-Auditing","objectName":"C:\\Users\\Virtual Windows 10\\Dropbox","keyword":["Audit Success"],"accessMask":"0x80","version":1,"timestamp":"2018-11-14T11:10:08.646Z","logName":"Security","upCode":"Info","@id":"http://example.org/logEntry#logEntry-58e948c2-8088-45b6-968c-f86540ab30eb","resourceAttributes":"S:AI","handleID":"0x2070","processID":"0x153c","level":"Information","logonID":"0x29ea7","accountDomain":"DESKTOP-MAC610T","originatesFrom":{"hostName":{"name":"DESKTOP-MAC610T"},"@type":"rdf:nodeID","@id":"http://example.org/sepses#80750b19-c7f2-4f72-8eff-c4e2f506e5c3"},"computerName":"DESKTOP-MAC610T","@timestamp":"2018-11-14T11:10:08.646Z","processName":"C:\\Program Files (x86)\\Dropbox\\Client\\Dropbox.exe","objectType":"File","hasLogType":"wineventlog","eventID":4663,"logMessage":"An attempt was made to access an object.\n\nSubject:\n\tSecurity ID:\t\tS-1-5-21-2889181789-4222170037-1347726928-1001\n\tAccount Name:\t\tVirtual Windows 10\n\tAccount Domain:\t\tDESKTOP-MAC610T\n\tLogon ID:\t\t0x29EA7\n\nObject:\n\tObject Server:\t\tSecurity\n\tObject Type:\t\tFile\n\tObject Name:\t\tC:\\Users\\Virtual Windows 10\\Dropbox\n\tHandle ID:\t\t0x2070\n\tResource Attributes:\tS:AI\n\nProcess Information:\n\tProcess ID:\t\t0x153c\n\tProcess Name:\t\tC:\\Program Files (x86)\\Dropbox\\Client\\Dropbox.exe\n\nAccess Request Information:\n\tAccesses:\t\tReadAttributes\n\t\t\t\t\n\tAccess Mask:\t\t0x80","accesses":"%%4423\n\t\t\t\t","taskCategory":"File System","accountName":"Virtual Windows 10","@context":"http://sepses.ifs.tuwien.ac.at/contexts/wineventlog.jsonld","@type":"http://purl.org/sepses/vocab/log/wineventlog#WindowsEventLogEntry"}
{"objectServer":"Security","source":"Microsoft-Windows-Security-Auditing","objectName":"C:\\Users\\Virtual Windows 10\\Dropbox","keyword":["Audit Success"],"accessMask":"0x80","version":1,"timestamp":"2018-11-14T11:10:08.646Z","logName":"Security","upCode":"Info","@id":"http://example.org/logEntry#logEntry-9289b30a-a602-4de5-89b8-d8a6b9f53899","resourceAttributes":"S:AI","handleID":"0x2070","processID":"0x153c","level":"Information","logonID":"0x29ea7","accountDomain":"DESKTOP-MAC610T","originatesFrom":{"hostName":{"name":"DESKTOP-MAC610T"},"@type":"rdf:nodeID","@id":"http://example.org/sepses#886c71d4-9ab2-4952-bb61-86cc3ef25e22"},"computerName":"DESKTOP-MAC610T","@timestamp":"2018-11-14T11:10:08.646Z","processName":"C:\\Program Files (x86)\\Dropbox\\Client\\Dropbox.exe","objectType":"File","hasLogType":"wineventlog","eventID":4663,"logMessage":"An attempt was made to access an object.\n\nSubject:\n\tSecurity ID:\t\tS-1-5-21-2889181789-4222170037-1347726928-1001\n\tAccount Name:\t\tVirtual Windows 10\n\tAccount Domain:\t\tDESKTOP-MAC610T\n\tLogon ID:\t\t0x29EA7\n\nObject:\n\tObject Server:\t\tSecurity\n\tObject Type:\t\tFile\n\tObject Name:\t\tC:\\Users\\Virtual Windows 10\\Dropbox\n\tHandle ID:\t\t0x2070\n\tResource Attributes:\tS:AI\n\nProcess Information:\n\tProcess ID:\t\t0x153c\n\tProcess Name:\t\tC:\\Program Files (x86)\\Dropbox\\Client\\Dropbox.exe\n\nAccess Request Information:\n\tAccesses:\t\tReadAttributes\n\t\t\t\t\n\tAccess Mask:\t\t0x80","accesses":"%%4423\n\t\t\t\t","taskCategory":"File System","accountName":"Virtual Windows 10","@context":"http://sepses.ifs.tuwien.ac.at/contexts/wineventlog.jsonld","@type":"http://purl.org/sepses/vocab/log/wineventlog#WindowsEventLogEntry"}
{"objectServer":"Security","source":"Microsoft-Windows-Security-Auditing","objectName":"C:\\Users\\Virtual Windows 10\\Dropbox","keyword":["Audit Success"],"accessMask":"0x80","version":1,"timestamp":"2018-11-14T11:10:08.646Z","logName":"Security","upCode":"Info","@id":"http://example.org/logEntry#logEntry-2ac5ab44-45a8-4a85-91cc-4fc057696047","resourceAttributes":"S:AI","handleID":"0x2070","processID":"0x153c","level":"Information","logonID":"0x29ea7","accountDomain":"DESKTOP-MAC610T","originatesFrom":{"hostName":{"name":"DESKTOP-MAC610T"},"@type":"rdf:nodeID","@id":"http://example.org/sepses#46c1c33b-bce6-47cb-8d64-4c9fb49890eb"},"computerName":"DESKTOP-MAC610T","@timestamp":"2018-11-14T11:10:08.646Z","processName":"C:\\Program Files (x86)\\Dropbox\\Client\\Dropbox.exe","objectType":"File","hasLogType":"wineventlog","eventID":4663,"logMessage":"An attempt was made to access an object.\n\nSubject:\n\tSecurity ID:\t\tS-1-5-21-2889181789-4222170037-1347726928-1001\n\tAccount Name:\t\tVirtual Windows 10\n\tAccount Domain:\t\tDESKTOP-MAC610T\n\tLogon ID:\t\t0x29EA7\n\nObject:\n\tObject Server:\t\tSecurity\n\tObject Type:\t\tFile\n\tObject Name:\t\tC:\\Users\\Virtual Windows 10\\Dropbox\n\tHandle ID:\t\t0x2070\n\tResource Attributes:\tS:AI\n\nProcess Information:\n\tProcess ID:\t\t0x153c\n\tProcess Name:\t\tC:\\Program Files (x86)\\Dropbox\\Client\\Dropbox.exe\n\nAccess Request Information:\n\tAccesses:\t\tReadAttributes\n\t\t\t\t\n\tAccess Mask:\t\t0x80","accesses":"%%4423\n\t\t\t\t","taskCategory":"File System","accountName":"Virtual Windows 10","@context":"http://sepses.ifs.tuwien.ac.at/contexts/wineventlog.jsonld","@type":"http://purl.org/sepses/vocab/log/wineventlog#WindowsEventLogEntry"}
{"objectServer":"Security","source":"Microsoft-Windows-Security-Auditing","objectName":"C:\\Users\\Virtual Windows 10\\Dropbox","keyword":["Audit Success"],"accessMask":"0x80","version":1,"timestamp":"2018-11-14T11:10:08.717Z","logName":"Security","upCode":"Info","@id":"http://example.org/logEntry#logEntry-685797b6-991f-40be-8759-04d89fa5feae","resourceAttributes":"S:AI","handleID":"0x2070","processID":"0x153c","level":"Information","logonID":"0x29ea7","accountDomain":"DESKTOP-MAC610T","originatesFrom":{"hostName":{"name":"DESKTOP-MAC610T"},"@type":"rdf:nodeID","@id":"http://example.org/sepses#18b3facd-f5f7-439f-8397-1880fb95efe4"},"computerName":"DESKTOP-MAC610T","@timestamp":"2018-11-14T11:10:08.717Z","processName":"C:\\Program Files (x86)\\Dropbox\\Client\\Dropbox.exe","objectType":"File","hasLogType":"wineventlog","eventID":4663,"logMessage":"An attempt was made to access an object.\n\nSubject:\n\tSecurity ID:\t\tS-1-5-21-2889181789-4222170037-1347726928-1001\n\tAccount Name:\t\tVirtual Windows 10\n\tAccount Domain:\t\tDESKTOP-MAC610T\n\tLogon ID:\t\t0x29EA7\n\nObject:\n\tObject Server:\t\tSecurity\n\tObject Type:\t\tFile\n\tObject Name:\t\tC:\\Users\\Virtual Windows 10\\Dropbox\n\tHandle ID:\t\t0x2070\n\tResource Attributes:\tS:AI\n\nProcess Information:\n\tProcess ID:\t\t0x153c\n\tProcess Name:\t\tC:\\Program Files (x86)\\Dropbox\\Client\\Dropbox.exe\n\nAccess Request Information:\n\tAccesses:\t\tReadAttributes\n\t\t\t\t\n\tAccess Mask:\t\t0x80","accesses":"%%4423\n\t\t\t\t","taskCategory":"File System","accountName":"Virtual Windows 10","@context":"http://sepses.ifs.tuwien.ac.at/contexts/wineventlog.jsonld","@type":"http://purl.org/sepses/vocab/log/wineventlog#WindowsEventLogEntry"}
{"objectServer":"Security","source":"Microsoft-Windows-Security-Auditing","objectName":"C:\\Users\\Virtual Windows 10\\Dropbox","keyword":["Audit Success"],"accessMask":"0x80","version":1,"timestamp":"2018-11-14T11:10:08.717Z","logName":"Security","upCode":"Info","@id":"http://example.org/logEntry#logEntry-9eb02581-24e5-41fd-86da-1f71a49533ad","resourceAttributes":"S:AI","handleID":"0x2070","processID":"0x153c","level":"Information","logonID":"0x29ea7","accountDomain":"DESKTOP-MAC610T","originatesFrom":{"hostName":{"name":"DESKTOP-MAC610T"},"@type":"rdf:nodeID","@id":"http://example.org/sepses#0ec4f254-54c2-4499-877f-3910a7baee82"},"computerName":"DESKTOP-MAC610T","@timestamp":"2018-11-14T11:10:08.717Z","processName":"C:\\Program Files (x86)\\Dropbox\\Client\\Dropbox.exe","objectType":"File","hasLogType":"wineventlog","eventID":4663,"logMessage":"An attempt was made to access an object.\n\nSubject:\n\tSecurity ID:\t\tS-1-5-21-2889181789-4222170037-1347726928-1001\n\tAccount Name:\t\tVirtual Windows 10\n\tAccount Domain:\t\tDESKTOP-MAC610T\n\tLogon ID:\t\t0x29EA7\n\nObject:\n\tObject Server:\t\tSecurity\n\tObject Type:\t\tFile\n\tObject Name:\t\tC:\\Users\\Virtual Windows 10\\Dropbox\n\tHandle ID:\t\t0x2070\n\tResource Attributes:\tS:AI\n\nProcess Information:\n\tProcess ID:\t\t0x153c\n\tProcess Name:\t\tC:\\Program Files (x86)\\Dropbox\\Client\\Dropbox.exe\n\nAccess Request Information:\n\tAccesses:\t\tReadAttributes\n\t\t\t\t\n\tAccess Mask:\t\t0x80","accesses":"%%4423\n\t\t\t\t","taskCategory":"File System","accountName":"Virtual Windows 10","@context":"http://sepses.ifs.tuwien.ac.at/contexts/wineventlog.jsonld","@type":"http://purl.org/sepses/vocab/log/wineventlog#WindowsEventLogEntry"}
{"objectServer":"Security","source":"Microsoft-Windows-Security-Auditing","objectName":"C:\\Users\\Virtual Windows 10\\Dropbox","keyword":["Audit Success"],"accessMask":"0x80","version":1,"timestamp":"2018-11-14T11:10:08.717Z","logName":"Security","upCode":"Info","@id":"http://example.org/logEntry#logEntry-9d45aa68-1cb7-4a38-91ff-b3b1deb67fea","resourceAttributes":"S:AI","handleID":"0x2070","processID":"0x153c","level":"Information","logonID":"0x29ea7","accountDomain":"DESKTOP-MAC610T","originatesFrom":{"hostName":{"name":"DESKTOP-MAC610T"},"@type":"rdf:nodeID","@id":"http://example.org/sepses#1bea13a7-7cf6-46ec-a8fb-53581b2ffa97"},"computerName":"DESKTOP-MAC610T","@timestamp":"2018-11-14T11:10:08.717Z","processName":"C:\\Program Files (x86)\\Dropbox\\Client\\Dropbox.exe","objectType":"File","hasLogType":"wineventlog","eventID":4663,"logMessage":"An attempt was made to access an object.\n\nSubject:\n\tSecurity ID:\t\tS-1-5-21-2889181789-4222170037-1347726928-1001\n\tAccount Name:\t\tVirtual Windows 10\n\tAccount Domain:\t\tDESKTOP-MAC610T\n\tLogon ID:\t\t0x29EA7\n\nObject:\n\tObject Server:\t\tSecurity\n\tObject Type:\t\tFile\n\tObject Name:\t\tC:\\Users\\Virtual Windows 10\\Dropbox\n\tHandle ID:\t\t0x2070\n\tResource Attributes:\tS:AI\n\nProcess Information:\n\tProcess ID:\t\t0x153c\n\tProcess Name:\t\tC:\\Program Files (x86)\\Dropbox\\Client\\Dropbox.exe\n\nAccess Request Information:\n\tAccesses:\t\tReadAttributes\n\t\t\t\t\n\tAccess Mask:\t\t0x80","accesses":"%%4423\n\t\t\t\t","taskCategory":"File System","accountName":"Virtual Windows 10","@context":"http://sepses.ifs.tuwien.ac.at/contexts/wineventlog.jsonld","@type":"http://purl.org/sepses/vocab/log/wineventlog#WindowsEventLogEntry"}
