{"accessMask":"0x80","accountName":"Virtual Windows 10","@timestamp":"2018-08-27T15:52:40.856Z","accesses":"%%4423\n\t\t\t\t","logName":"Security","@type":"http://purl.org/sepses/vocab/log/wineventlog#WindowsEventLogEntry","eventID":4663,"logMessage":"An attempt was made to access an object.\n\nSubject:\n\tSecurity ID:\t\tS-1-5-21-2889181789-4222170037-1347726928-1001\n\tAccount Name:\t\tVirtual Windows 10\n\tAccount Domain:\t\tDESKTOP-MAC610T\n\tLogon ID:\t\t0x1EDF9\n\nObject:\n\tObject Server:\t\tSecurity\n\tObject Type:\t\tFile\n\tObject Name:\t\tC:\\Users\\Virtual Windows 10\\Dropbox\n\tHandle ID:\t\t0x4434\n\tResource Attributes:\tS:AI\n\nProcess Information:\n\tProcess ID:\t\t0x54\n\tProcess Name:\t\tC:\\Windows\\explorer.exe\n\nAccess Request Information:\n\tAccesses:\t\tReadAttributes\n\t\t\t\t\n\tAccess Mask:\t\t0x80","version":1,"objectServer":"Security","handleID":"0x4434","objectType":"File","computerName":"DESKTOP-MAC610T","taskCategory":"File System","source":"Microsoft-Windows-Security-Auditing","resourceAttributes":"S:AI","level":"Information","processName":"C:\\Windows\\explorer.exe","objectName":"C:\\Users\\Virtual Windows 10\\Dropbox","accountDomain":"DESKTOP-MAC610T","processID":"0x54","keyword":["Audit Success"],"upCode":"Info","@context":"http://sepses.ifs.tuwien.ac.at/contexts/wineventlog.jsonld","@id":"http://example.org/logEntry#logEntry-1f0287a7-c1a2-4a50-aa6f-56fb6c1ad54e","hasLogType":"wineventlog","logonID":"0x1edf9","originatesFrom":{"hostName":{"name":"DESKTOP-MAC610T"},"@type":"rdf:nodeID","@id":"http://example.org/sepses#052e8bec-f04c-43ef-9ba4-56b0e4ac3b3f"},"timestamp":"2018-08-27T15:52:40.856Z"}
{"accessMask":"0x80","accountName":"Virtual Windows 10","@timestamp":"2018-08-27T15:52:40.856Z","accesses":"%%4423\n\t\t\t\t","logName":"Security","@type":"http://purl.org/sepses/vocab/log/wineventlog#WindowsEventLogEntry","eventID":4663,"logMessage":"An attempt was made to access an object.\n\nSubject:\n\tSecurity ID:\t\tS-1-5-21-2889181789-4222170037-1347726928-1001\n\tAccount Name:\t\tVirtual Windows 10\n\tAccount Domain:\t\tDESKTOP-MAC610T\n\tLogon ID:\t\t0x1EDF9\n\nObject:\n\tObject Server:\t\tSecurity\n\tObject Type:\t\tFile\n\tObject Name:\t\tC:\\Users\\Virtual Windows 10\\Dropbox\n\tHandle ID:\t\t0x3644\n\tResource Attributes:\tS:AI\n\nProcess Information:\n\tProcess ID:\t\t0x54\n\tProcess Name:\t\tC:\\Windows\\explorer.exe\n\nAccess Request Information:\n\tAccesses:\t\tReadAttributes\n\t\t\t\t\n\tAccess Mask:\t\t0x80","version":1,"objectServer":"Security","handleID":"0x3644","objectType":"File","computerName":"DESKTOP-MAC610T","taskCategory":"File System","source":"Microsoft-Windows-Security-Auditing","resourceAttributes":"S:AI","level":"Information","processName":"C:\\Windows\\explorer.exe","objectName":"C:\\Users\\Virtual Windows 10\\Dropbox","accountDomain":"DESKTOP-MAC610T","processID":"0x54","keyword":["Audit Success"],"upCode":"Info","@context":"http://sepses.ifs.tuwien.ac.at/contexts/wineventlog.jsonld","@id":"http://example.org/logEntry#logEntry-9cb0efbe-cb56-4638-a776-32af6fafde07","hasLogType":"wineventlog","logonID":"0x1edf9","originatesFrom":{"hostName":{"name":"DESKTOP-MAC610T"},"@type":"rdf:nodeID","@id":"http://example.org/sepses#5c1f6e12-07f7-4c76-864a-1d1f18739769"},"timestamp":"2018-08-27T15:52:40.856Z"}
{"accessMask":"0x80","accountName":"Virtual Windows 10","@timestamp":"2018-08-27T15:52:41.132Z","accesses":"%%4423\n\t\t\t\t","logName":"Security","@type":"http://purl.org/sepses/vocab/log/wineventlog#WindowsEventLogEntry","eventID":4663,"logMessage":"An attempt was made to access an object.\n\nSubject:\n\tSecurity ID:\t\tS-1-5-21-2889181789-4222170037-1347726928-1001\n\tAccount Name:\t\tVirtual Windows 10\n\tAccount Domain:\t\tDESKTOP-MAC610T\n\tLogon ID:\t\t0x1EDF9\n\nObject:\n\tObject Server:\t\tSecurity\n\tObject Type:\t\tFile\n\tObject Name:\t\tC:\\Users\\Virtual Windows 10\\UserDocuments\n\tHandle ID:\t\t0x4920\n\tResource Attributes:\tS:AI\n\nProcess Information:\n\tProcess ID:\t\t0x54\n\tProcess Name:\t\tC:\\Windows\\explorer.exe\n\nAccess Request Information:\n\tAccesses:\t\tReadAttributes\n\t\t\t\t\n\tAccess Mask:\t\t0x80","version":1,"objectServer":"Security","handleID":"0x4920","objectType":"File","computerName":"DESKTOP-MAC610T","taskCategory":"File System","source":"Microsoft-Windows-Security-Auditing","resourceAttributes":"S:AI","level":"Information","processName":"C:\\Windows\\explorer.exe","objectName":"C:\\Users\\Virtual Windows 10\\UserDocuments","accountDomain":"DESKTOP-MAC610T","processID":"0x54","keyword":["Audit Success"],"upCode":"Info","@context":"http://sepses.ifs.tuwien.ac.at/contexts/wineventlog.jsonld","@id":"http://example.org/logEntry#logEntry-417bc72f-eec5-415e-a055-d740e327b22d","hasLogType":"wineventlog","logonID":"0x1edf9","originatesFrom":{"hostName":{"name":"DESKTOP-MAC610T"},"@type":"rdf:nodeID","@id":"http://example.org/sepses#57b7e6ca-cd7a-42e6-a641-b2eaa7d07bcf"},"timestamp":"2018-08-27T15:52:41.132Z"}
{"accessMask":"0x80","accountName":"Virtual Windows 10","@timestamp":"2018-08-27T15:52:41.242Z","accesses":"%%4423\n\t\t\t\t","logName":"Security","@type":"http://purl.org/sepses/vocab/log/wineventlog#WindowsEventLogEntry","eventID":4663,"logMessage":"An attempt was made to access an object.\n\nSubject:\n\tSecurity ID:\t\tS-1-5-21-2889181789-4222170037-1347726928-1001\n\tAccount Name:\t\tVirtual Windows 10\n\tAccount Domain:\t\tDESKTOP-MAC610T\n\tLogon ID:\t\t0x1EDF9\n\nObject:\n\tObject Server:\t\tSecurity\n\tObject Type:\t\tFile\n\tObject Name:\t\tC:\\Users\\Virtual Windows 10\\Dropbox\n\tHandle ID:\t\t0x401c\n\tResource Attributes:\tS:AI\n\nProcess Information:\n\tProcess ID:\t\t0x54\n\tProcess Name:\t\tC:\\Windows\\explorer.exe\n\nAccess Request Information:\n\tAccesses:\t\tReadAttributes\n\t\t\t\t\n\tAccess Mask:\t\t0x80","version":1,"objectServer":"Security","handleID":"0x401c","objectType":"File","computerName":"DESKTOP-MAC610T","taskCategory":"File System","source":"Microsoft-Windows-Security-Auditing","resourceAttributes":"S:AI","level":"Information","processName":"C:\\Windows\\explorer.exe","objectName":"C:\\Users\\Virtual Windows 10\\Dropbox","accountDomain":"DESKTOP-MAC610T","processID":"0x54","keyword":["Audit Success"],"upCode":"Info","@context":"http://sepses.ifs.tuwien.ac.at/contexts/wineventlog.jsonld","@id":"http://example.org/logEntry#logEntry-57cadc8b-b4d8-400a-8758-b8f2546e8fd9","hasLogType":"wineventlog","logonID":"0x1edf9","originatesFrom":{"hostName":{"name":"DESKTOP-MAC610T"},"@type":"rdf:nodeID","@id":"http://example.org/sepses#1edcbeab-5d46-4e30-8aac-9a7d563bd17d"},"timestamp":"2018-08-27T15:52:41.242Z"}
{"accessMask":"0x80","accountName":"Virtual Windows 10","@timestamp":"2018-08-27T15:52:42.084Z","accesses":"%%4423\n\t\t\t\t","logName":"Security","@type":"http://purl.org/sepses/vocab/log/wineventlog#WindowsEventLogEntry","eventID":4663,"logMessage":"An attempt was made to access an object.\n\nSubject:\n\tSecurity ID:\t\tS-1-5-21-2889181789-4222170037-1347726928-1001\n\tAccount Name:\t\tVirtual Windows 10\n\tAccount Domain:\t\tDESKTOP-MAC610T\n\tLogon ID:\t\t0x1EDF9\n\nObject:\n\tObject Server:\t\tSecurity\n\tObject Type:\t\tFile\n\tObject Name:\t\tC:\\Users\\Virtual Windows 10\\UserDocuments\n\tHandle ID:\t\t0x439c\n\tResource Attributes:\tS:AI\n\nProcess Information:\n\tProcess ID:\t\t0x54\n\tProcess Name:\t\tC:\\Windows\\explorer.exe\n\nAccess Request Information:\n\tAccesses:\t\tReadAttributes\n\t\t\t\t\n\tAccess Mask:\t\t0x80","version":1,"objectServer":"Security","handleID":"0x439c","objectType":"File","computerName":"DESKTOP-MAC610T","taskCategory":"File System","source":"Microsoft-Windows-Security-Auditing","resourceAttributes":"S:AI","level":"Information","processName":"C:\\Windows\\explorer.exe","objectName":"C:\\Users\\Virtual Windows 10\\UserDocuments","accountDomain":"DESKTOP-MAC610T","processID":"0x54","keyword":["Audit Success"],"upCode":"Info","@context":"http://sepses.ifs.tuwien.ac.at/contexts/wineventlog.jsonld","@id":"http://example.org/logEntry#logEntry-f0751293-e4ad-4423-ae83-f456c9ca8cc5","hasLogType":"wineventlog","logonID":"0x1edf9","originatesFrom":{"hostName":{"name":"DESKTOP-MAC610T"},"@type":"rdf:nodeID","@id":"http://example.org/sepses#6a382793-136a-4363-a17a-28b8a9ee830a"},"timestamp":"2018-08-27T15:52:42.084Z"}
{"accessMask":"0x80","accountName":"Virtual Windows 10","@timestamp":"2018-08-27T15:52:42.123Z","accesses":"%%4423\n\t\t\t\t","logName":"Security","@type":"http://purl.org/sepses/vocab/log/wineventlog#WindowsEventLogEntry","eventID":4663,"logMessage":"An attempt was made to access an object.\n\nSubject:\n\tSecurity ID:\t\tS-1-5-21-2889181789-4222170037-1347726928-1001\n\tAccount Name:\t\tVirtual Windows 10\n\tAccount Domain:\t\tDESKTOP-MAC610T\n\tLogon ID:\t\t0x1EDF9\n\nObject:\n\tObject Server:\t\tSecurity\n\tObject Type:\t\tFile\n\tObject Name:\t\tC:\\Users\\Virtual Windows 10\\Dropbox\n\tHandle ID:\t\t0x1890\n\tResource Attributes:\tS:AI\n\nProcess Information:\n\tProcess ID:\t\t0x54\n\tProcess Name:\t\tC:\\Windows\\explorer.exe\n\nAccess Request Information:\n\tAccesses:\t\tReadAttributes\n\t\t\t\t\n\tAccess Mask:\t\t0x80","version":1,"objectServer":"Security","handleID":"0x1890","objectType":"File","computerName":"DESKTOP-MAC610T","taskCategory":"File System","source":"Microsoft-Windows-Security-Auditing","resourceAttributes":"S:AI","level":"Information","processName":"C:\\Windows\\explorer.exe","objectName":"C:\\Users\\Virtual Windows 10\\Dropbox","accountDomain":"DESKTOP-MAC610T","processID":"0x54","keyword":["Audit Success"],"upCode":"Info","@context":"http://sepses.ifs.tuwien.ac.at/contexts/wineventlog.jsonld","@id":"http://example.org/logEntry#logEntry-20ec91c2-5a98-44c4-b93b-dd1d1d101dc4","hasLogType":"wineventlog","logonID":"0x1edf9","originatesFrom":{"hostName":{"name":"DESKTOP-MAC610T"},"@type":"rdf:nodeID","@id":"http://example.org/sepses#89e373c8-1f5d-4196-b5d0-4c6b22592de6"},"timestamp":"2018-08-27T15:52:42.123Z"}
{"accessMask":"0x80","accountName":"Virtual Windows 10","@timestamp":"2018-08-27T15:52:43.404Z","accesses":"%%4423\n\t\t\t\t","logName":"Security","@type":"http://purl.org/sepses/vocab/log/wineventlog#WindowsEventLogEntry","eventID":4663,"logMessage":"An attempt was made to access an object.\n\nSubject:\n\tSecurity ID:\t\tS-1-5-21-2889181789-4222170037-1347726928-1001\n\tAccount Name:\t\tVirtual Windows 10\n\tAccount Domain:\t\tDESKTOP-MAC610T\n\tLogon ID:\t\t0x1EDF9\n\nObject:\n\tObject Server:\t\tSecurity\n\tObject Type:\t\tFile\n\tObject Name:\t\tC:\\Users\\Virtual Windows 10\\UserDocuments\n\tHandle ID:\t\t0x2cd0\n\tResource Attributes:\tS:AI\n\nProcess Information:\n\tProcess ID:\t\t0x54\n\tProcess Name:\t\tC:\\Windows\\explorer.exe\n\nAccess Request Information:\n\tAccesses:\t\tReadAttributes\n\t\t\t\t\n\tAccess Mask:\t\t0x80","version":1,"objectServer":"Security","handleID":"0x2cd0","objectType":"File","computerName":"DESKTOP-MAC610T","taskCategory":"File System","source":"Microsoft-Windows-Security-Auditing","resourceAttributes":"S:AI","level":"Information","processName":"C:\\Windows\\explorer.exe","objectName":"C:\\Users\\Virtual Windows 10\\UserDocuments","accountDomain":"DESKTOP-MAC610T","processID":"0x54","keyword":["Audit Success"],"upCode":"Info","@context":"http://sepses.ifs.tuwien.ac.at/contexts/wineventlog.jsonld","@id":"http://example.org/logEntry#logEntry-18a04430-703f-45dd-955e-f86617db1b01","hasLogType":"wineventlog","logonID":"0x1edf9","originatesFrom":{"hostName":{"name":"DESKTOP-MAC610T"},"@type":"rdf:nodeID","@id":"http://example.org/sepses#326d5f09-a0aa-45af-a305-77523bc427b0"},"timestamp":"2018-08-27T15:52:43.404Z"}
{"accessMask":"0x80","accountName":"Virtual Windows 10","@timestamp":"2018-08-27T15:52:43.675Z","accesses":"%%4423\n\t\t\t\t","logName":"Security","@type":"http://purl.org/sepses/vocab/log/wineventlog#WindowsEventLogEntry","eventID":4663,"logMessage":"An attempt was made to access an object.\n\nSubject:\n\tSecurity ID:\t\tS-1-5-21-2889181789-4222170037-1347726928-1001\n\tAccount Name:\t\tVirtual Windows 10\n\tAccount Domain:\t\tDESKTOP-MAC610T\n\tLogon ID:\t\t0x1EDF9\n\nObject:\n\tObject Server:\t\tSecurity\n\tObject Type:\t\tFile\n\tObject Name:\t\tC:\\Users\\Virtual Windows 10\\Dropbox\n\tHandle ID:\t\t0x1d48\n\tResource Attributes:\tS:AI\n\nProcess Information:\n\tProcess ID:\t\t0x16c8\n\tProcess Name:\t\tC:\\Program Files (x86)\\Dropbox\\Client\\Dropbox.exe\n\nAccess Request Information:\n\tAccesses:\t\tReadAttributes\n\t\t\t\t\n\tAccess Mask:\t\t0x80","version":1,"objectServer":"Security","handleID":"0x1d48","objectType":"File","computerName":"DESKTOP-MAC610T","taskCategory":"File System","source":"Microsoft-Windows-Security-Auditing","resourceAttributes":"S:AI","level":"Information","processName":"C:\\Program Files (x86)\\Dropbox\\Client\\Dropbox.exe","objectName":"C:\\Users\\Virtual Windows 10\\Dropbox","accountDomain":"DESKTOP-MAC610T","processID":"0x16c8","keyword":["Audit Success"],"upCode":"Info","@context":"http://sepses.ifs.tuwien.ac.at/contexts/wineventlog.jsonld","@id":"http://example.org/logEntry#logEntry-875aebf7-56e6-42ad-b746-71941b1aa46b","hasLogType":"wineventlog","logonID":"0x1edf9","originatesFrom":{"hostName":{"name":"DESKTOP-MAC610T"},"@type":"rdf:nodeID","@id":"http://example.org/sepses#0940a940-2560-44a6-a149-a5b33f19f494"},"timestamp":"2018-08-27T15:52:43.675Z"}
{"accessMask":"0x80","accountName":"Virtual Windows 10","@timestamp":"2018-08-27T15:52:43.676Z","accesses":"%%4423\n\t\t\t\t","logName":"Security","@type":"http://purl.org/sepses/vocab/log/wineventlog#WindowsEventLogEntry","eventID":4663,"logMessage":"An attempt was made to access an object.\n\nSubject:\n\tSecurity ID:\t\tS-1-5-21-2889181789-4222170037-1347726928-1001\n\tAccount Name:\t\tVirtual Windows 10\n\tAccount Domain:\t\tDESKTOP-MAC610T\n\tLogon ID:\t\t0x1EDF9\n\nObject:\n\tObject Server:\t\tSecurity\n\tObject Type:\t\tFile\n\tObject Name:\t\tC:\\Users\\Virtual Windows 10\\Dropbox\n\tHandle ID:\t\t0x1d48\n\tResource Attributes:\tS:AI\n\nProcess Information:\n\tProcess ID:\t\t0x16c8\n\tProcess Name:\t\tC:\\Program Files (x86)\\Dropbox\\Client\\Dropbox.exe\n\nAccess Request Information:\n\tAccesses:\t\tReadAttributes\n\t\t\t\t\n\tAccess Mask:\t\t0x80","version":1,"objectServer":"Security","handleID":"0x1d48","objectType":"File","computerName":"DESKTOP-MAC610T","taskCategory":"File System","source":"Microsoft-Windows-Security-Auditing","resourceAttributes":"S:AI","level":"Information","processName":"C:\\Program Files (x86)\\Dropbox\\Client\\Dropbox.exe","objectName":"C:\\Users\\Virtual Windows 10\\Dropbox","accountDomain":"DESKTOP-MAC610T","processID":"0x16c8","keyword":["Audit Success"],"upCode":"Info","@context":"http://sepses.ifs.tuwien.ac.at/contexts/wineventlog.jsonld","@id":"http://example.org/logEntry#logEntry-ce552751-2479-48d2-bcd3-1840dbb3dd4d","hasLogType":"wineventlog","logonID":"0x1edf9","originatesFrom":{"hostName":{"name":"DESKTOP-MAC610T"},"@type":"rdf:nodeID","@id":"http://example.org/sepses#c4da21b3-bf0a-4fb8-bafc-1f9d0a7f446e"},"timestamp":"2018-08-27T15:52:43.676Z"}
{"accessMask":"0x80","accountName":"Virtual Windows 10","@timestamp":"2018-08-27T15:52:43.676Z","accesses":"%%4423\n\t\t\t\t","logName":"Security","@type":"http://purl.org/sepses/vocab/log/wineventlog#WindowsEventLogEntry","eventID":4663,"logMessage":"An attempt was made to access an object.\n\nSubject:\n\tSecurity ID:\t\tS-1-5-21-2889181789-4222170037-1347726928-1001\n\tAccount Name:\t\tVirtual Windows 10\n\tAccount Domain:\t\tDESKTOP-MAC610T\n\tLogon ID:\t\t0x1EDF9\n\nObject:\n\tObject Server:\t\tSecurity\n\tObject Type:\t\tFile\n\tObject Name:\t\tC:\\Users\\Virtual Windows 10\\Dropbox\n\tHandle ID:\t\t0x1d48\n\tResource Attributes:\tS:AI\n\nProcess Information:\n\tProcess ID:\t\t0x16c8\n\tProcess Name:\t\tC:\\Program Files (x86)\\Dropbox\\Client\\Dropbox.exe\n\nAccess Request Information:\n\tAccesses:\t\tReadAttributes\n\t\t\t\t\n\tAccess Mask:\t\t0x80","version":1,"objectServer":"Security","handleID":"0x1d48","objectType":"File","computerName":"DESKTOP-MAC610T","taskCategory":"File System","source":"Microsoft-Windows-Security-Auditing","resourceAttributes":"S:AI","level":"Information","processName":"C:\\Program Files (x86)\\Dropbox\\Client\\Dropbox.exe","objectName":"C:\\Users\\Virtual Windows 10\\Dropbox","accountDomain":"DESKTOP-MAC610T","processID":"0x16c8","keyword":["Audit Success"],"upCode":"Info","@context":"http://sepses.ifs.tuwien.ac.at/contexts/wineventlog.jsonld","@id":"http://example.org/logEntry#logEntry-ac9e3dcf-da99-4bc4-b3fc-8adda5141cd7","hasLogType":"wineventlog","logonID":"0x1edf9","originatesFrom":{"hostName":{"name":"DESKTOP-MAC610T"},"@type":"rdf:nodeID","@id":"http://example.org/sepses#f00dac60-29b5-46f8-bce1-f7b376c103c4"},"timestamp":"2018-08-27T15:52:43.676Z"}
{"accessMask":"0x80","accountName":"Virtual Windows 10","@timestamp":"2018-08-27T15:52:43.799Z","accesses":"%%4423\n\t\t\t\t","logName":"Security","@type":"http://purl.org/sepses/vocab/log/wineventlog#WindowsEventLogEntry","eventID":4663,"logMessage":"An attempt was made to access an object.\n\nSubject:\n\tSecurity ID:\t\tS-1-5-21-2889181789-4222170037-1347726928-1001\n\tAccount Name:\t\tVirtual Windows 10\n\tAccount Domain:\t\tDESKTOP-MAC610T\n\tLogon ID:\t\t0x1EDF9\n\nObject:\n\tObject Server:\t\tSecurity\n\tObject Type:\t\tFile\n\tObject Name:\t\tC:\\Users\\Virtual Windows 10\\Dropbox\n\tHandle ID:\t\t0x3348\n\tResource Attributes:\tS:AI\n\nProcess Information:\n\tProcess ID:\t\t0x54\n\tProcess Name:\t\tC:\\Windows\\explorer.exe\n\nAccess Request Information:\n\tAccesses:\t\tReadAttributes\n\t\t\t\t\n\tAccess Mask:\t\t0x80","version":1,"objectServer":"Security","handleID":"0x3348","objectType":"File","computerName":"DESKTOP-MAC610T","taskCategory":"File System","source":"Microsoft-Windows-Security-Auditing","resourceAttributes":"S:AI","level":"Information","processName":"C:\\Windows\\explorer.exe","objectName":"C:\\Users\\Virtual Windows 10\\Dropbox","accountDomain":"DESKTOP-MAC610T","processID":"0x54","keyword":["Audit Success"],"upCode":"Info","@context":"http://sepses.ifs.tuwien.ac.at/contexts/wineventlog.jsonld","@id":"http://example.org/logEntry#logEntry-7c436953-af35-4a5f-a663-d9c6079082c7","hasLogType":"wineventlog","logonID":"0x1edf9","originatesFrom":{"hostName":{"name":"DESKTOP-MAC610T"},"@type":"rdf:nodeID","@id":"http://example.org/sepses#67d9811e-17fd-46c0-800b-8cd0d888af27"},"timestamp":"2018-08-27T15:52:43.799Z"}
{"accessMask":"0x80","accountName":"Virtual Windows 10","@timestamp":"2018-08-27T15:52:45.508Z","accesses":"%%4423\n\t\t\t\t","logName":"Security","@type":"http://purl.org/sepses/vocab/log/wineventlog#WindowsEventLogEntry","eventID":4663,"logMessage":"An attempt was made to access an object.\n\nSubject:\n\tSecurity ID:\t\tS-1-5-21-2889181789-4222170037-1347726928-1001\n\tAccount Name:\t\tVirtual Windows 10\n\tAccount Domain:\t\tDESKTOP-MAC610T\n\tLogon ID:\t\t0x1EDF9\n\nObject:\n\tObject Server:\t\tSecurity\n\tObject Type:\t\tFile\n\tObject Name:\t\tC:\\Users\\Virtual Windows 10\\UserDocuments\n\tHandle ID:\t\t0x3bc0\n\tResource Attributes:\tS:AI\n\nProcess Information:\n\tProcess ID:\t\t0x54\n\tProcess Name:\t\tC:\\Windows\\explorer.exe\n\nAccess Request Information:\n\tAccesses:\t\tReadAttributes\n\t\t\t\t\n\tAccess Mask:\t\t0x80","version":1,"objectServer":"Security","handleID":"0x3bc0","objectType":"File","computerName":"DESKTOP-MAC610T","taskCategory":"File System","source":"Microsoft-Windows-Security-Auditing","resourceAttributes":"S:AI","level":"Information","processName":"C:\\Windows\\explorer.exe","objectName":"C:\\Users\\Virtual Windows 10\\UserDocuments","accountDomain":"DESKTOP-MAC610T","processID":"0x54","keyword":["Audit Success"],"upCode":"Info","@context":"http://sepses.ifs.tuwien.ac.at/contexts/wineventlog.jsonld","@id":"http://example.org/logEntry#logEntry-00b25ecf-e3eb-4be7-a6c3-0ed1c2690c5d","hasLogType":"wineventlog","logonID":"0x1edf9","originatesFrom":{"hostName":{"name":"DESKTOP-MAC610T"},"@type":"rdf:nodeID","@id":"http://example.org/sepses#4703c66c-51b3-495d-bd0d-510edba66991"},"timestamp":"2018-08-27T15:52:45.508Z"}
{"accessMask":"0x80","accountName":"Virtual Windows 10","@timestamp":"2018-08-27T15:52:45.528Z","accesses":"%%4423\n\t\t\t\t","logName":"Security","@type":"http://purl.org/sepses/vocab/log/wineventlog#WindowsEventLogEntry","eventID":4663,"logMessage":"An attempt was made to access an object.\n\nSubject:\n\tSecurity ID:\t\tS-1-5-21-2889181789-4222170037-1347726928-1001\n\tAccount Name:\t\tVirtual Windows 10\n\tAccount Domain:\t\tDESKTOP-MAC610T\n\tLogon ID:\t\t0x1EDF9\n\nObject:\n\tObject Server:\t\tSecurity\n\tObject Type:\t\tFile\n\tObject Name:\t\tC:\\Users\\Virtual Windows 10\\UserDocuments\n\tHandle ID:\t\t0x3bc0\n\tResource Attributes:\tS:AI\n\nProcess Information:\n\tProcess ID:\t\t0x54\n\tProcess Name:\t\tC:\\Windows\\explorer.exe\n\nAccess Request Information:\n\tAccesses:\t\tReadAttributes\n\t\t\t\t\n\tAccess Mask:\t\t0x80","version":1,"objectServer":"Security","handleID":"0x3bc0","objectType":"File","computerName":"DESKTOP-MAC610T","taskCategory":"File System","source":"Microsoft-Windows-Security-Auditing","resourceAttributes":"S:AI","level":"Information","processName":"C:\\Windows\\explorer.exe","objectName":"C:\\Users\\Virtual Windows 10\\UserDocuments","accountDomain":"DESKTOP-MAC610T","processID":"0x54","keyword":["Audit Success"],"upCode":"Info","@context":"http://sepses.ifs.tuwien.ac.at/contexts/wineventlog.jsonld","@id":"http://example.org/logEntry#logEntry-29dd3362-6257-424c-9c69-e89c3f908667","hasLogType":"wineventlog","logonID":"0x1edf9","originatesFrom":{"hostName":{"name":"DESKTOP-MAC610T"},"@type":"rdf:nodeID","@id":"http://example.org/sepses#fc33c7f3-5f13-4d2a-9e5d-d9d1454db7c1"},"timestamp":"2018-08-27T15:52:45.528Z"}
{"accessMask":"0x80","accountName":"Virtual Windows 10","@timestamp":"2018-08-27T15:52:45.558Z","accesses":"%%4423\n\t\t\t\t","logName":"Security","@type":"http://purl.org/sepses/vocab/log/wineventlog#WindowsEventLogEntry","eventID":4663,"logMessage":"An attempt was made to access an object.\n\nSubject:\n\tSecurity ID:\t\tS-1-5-21-2889181789-4222170037-1347726928-1001\n\tAccount Name:\t\tVirtual Windows 10\n\tAccount Domain:\t\tDESKTOP-MAC610T\n\tLogon ID:\t\t0x1EDF9\n\nObject:\n\tObject Server:\t\tSecurity\n\tObject Type:\t\tFile\n\tObject Name:\t\tC:\\Users\\Virtual Windows 10\\UserDocuments\n\tHandle ID:\t\t0x4134\n\tResource Attributes:\tS:AI\n\nProcess Information:\n\tProcess ID:\t\t0x54\n\tProcess Name:\t\tC:\\Windows\\explorer.exe\n\nAccess Request Information:\n\tAccesses:\t\tReadAttributes\n\t\t\t\t\n\tAccess Mask:\t\t0x80","version":1,"objectServer":"Security","handleID":"0x4134","objectType":"File","computerName":"DESKTOP-MAC610T","taskCategory":"File System","source":"Microsoft-Windows-Security-Auditing","resourceAttributes":"S:AI","level":"Information","processName":"C:\\Windows\\explorer.exe","objectName":"C:\\Users\\Virtual Windows 10\\UserDocuments","accountDomain":"DESKTOP-MAC610T","processID":"0x54","keyword":["Audit Success"],"upCode":"Info","@context":"http://sepses.ifs.tuwien.ac.at/contexts/wineventlog.jsonld","@id":"http://example.org/logEntry#logEntry-8b6f5592-82bb-4c40-8612-bb5cbdc80e5f","hasLogType":"wineventlog","logonID":"0x1edf9","originatesFrom":{"hostName":{"name":"DESKTOP-MAC610T"},"@type":"rdf:nodeID","@id":"http://example.org/sepses#9ccdc7f3-4ec8-44bd-9436-b21d3544ab84"},"timestamp":"2018-08-27T15:52:45.558Z"}
{"accessMask":"0x80","accountName":"Virtual Windows 10","@timestamp":"2018-08-27T15:52:45.922Z","accesses":"%%4423\n\t\t\t\t","logName":"Security","@type":"http://purl.org/sepses/vocab/log/wineventlog#WindowsEventLogEntry","eventID":4663,"logMessage":"An attempt was made to access an object.\n\nSubject:\n\tSecurity ID:\t\tS-1-5-21-2889181789-4222170037-1347726928-1001\n\tAccount Name:\t\tVirtual Windows 10\n\tAccount Domain:\t\tDESKTOP-MAC610T\n\tLogon ID:\t\t0x1EDF9\n\nObject:\n\tObject Server:\t\tSecurity\n\tObject Type:\t\tFile\n\tObject Name:\t\tC:\\Users\\Virtual Windows 10\\UserDocuments\n\tHandle ID:\t\t0x38bc\n\tResource Attributes:\tS:AI\n\nProcess Information:\n\tProcess ID:\t\t0x54\n\tProcess Name:\t\tC:\\Windows\\explorer.exe\n\nAccess Request Information:\n\tAccesses:\t\tReadAttributes\n\t\t\t\t\n\tAccess Mask:\t\t0x80","version":1,"objectServer":"Security","handleID":"0x38bc","objectType":"File","computerName":"DESKTOP-MAC610T","taskCategory":"File System","source":"Microsoft-Windows-Security-Auditing","resourceAttributes":"S:AI","level":"Information","processName":"C:\\Windows\\explorer.exe","objectName":"C:\\Users\\Virtual Windows 10\\UserDocuments","accountDomain":"DESKTOP-MAC610T","processID":"0x54","keyword":["Audit Success"],"upCode":"Info","@context":"http://sepses.ifs.tuwien.ac.at/contexts/wineventlog.jsonld","@id":"http://example.org/logEntry#logEntry-5dad72c7-f815-47a8-b943-1c91f4ce8a0c","hasLogType":"wineventlog","logonID":"0x1edf9","originatesFrom":{"hostName":{"name":"DESKTOP-MAC610T"},"@type":"rdf:nodeID","@id":"http://example.org/sepses#cdda9348-444f-491f-a6dd-cbc891bfb3ff"},"timestamp":"2018-08-27T15:52:45.922Z"}
{"accessMask":"0x80","accountName":"Virtual Windows 10","@timestamp":"2018-08-27T15:52:45.924Z","accesses":"%%4423\n\t\t\t\t","logName":"Security","@type":"http://purl.org/sepses/vocab/log/wineventlog#WindowsEventLogEntry","eventID":4663,"logMessage":"An attempt was made to access an object.\n\nSubject:\n\tSecurity ID:\t\tS-1-5-21-2889181789-4222170037-1347726928-1001\n\tAccount Name:\t\tVirtual Windows 10\n\tAccount Domain:\t\tDESKTOP-MAC610T\n\tLogon ID:\t\t0x1EDF9\n\nObject:\n\tObject Server:\t\tSecurity\n\tObject Type:\t\tFile\n\tObject Name:\t\tC:\\Users\\Virtual Windows 10\\UserDocuments\n\tHandle ID:\t\t0x38bc\n\tResource Attributes:\tS:AI\n\nProcess Information:\n\tProcess ID:\t\t0x54\n\tProcess Name:\t\tC:\\Windows\\explorer.exe\n\nAccess Request Information:\n\tAccesses:\t\tReadAttributes\n\t\t\t\t\n\tAccess Mask:\t\t0x80","version":1,"objectServer":"Security","handleID":"0x38bc","objectType":"File","computerName":"DESKTOP-MAC610T","taskCategory":"File System","source":"Microsoft-Windows-Security-Auditing","resourceAttributes":"S:AI","level":"Information","processName":"C:\\Windows\\explorer.exe","objectName":"C:\\Users\\Virtual Windows 10\\UserDocuments","accountDomain":"DESKTOP-MAC610T","processID":"0x54","keyword":["Audit Success"],"upCode":"Info","@context":"http://sepses.ifs.tuwien.ac.at/contexts/wineventlog.jsonld","@id":"http://example.org/logEntry#logEntry-500047b0-0fe0-4f38-9845-89efe8202840","hasLogType":"wineventlog","logonID":"0x1edf9","originatesFrom":{"hostName":{"name":"DESKTOP-MAC610T"},"@type":"rdf:nodeID","@id":"http://example.org/sepses#3b9dc96a-692c-4747-9b7f-ed29e7e9c8d5"},"timestamp":"2018-08-27T15:52:45.924Z"}
{"accessMask":"0x80","accountName":"Virtual Windows 10","@timestamp":"2018-08-27T15:52:46.001Z","accesses":"%%4423\n\t\t\t\t","logName":"Security","@type":"http://purl.org/sepses/vocab/log/wineventlog#WindowsEventLogEntry","eventID":4663,"logMessage":"An attempt was made to access an object.\n\nSubject:\n\tSecurity ID:\t\tS-1-5-21-2889181789-4222170037-1347726928-1001\n\tAccount Name:\t\tVirtual Windows 10\n\tAccount Domain:\t\tDESKTOP-MAC610T\n\tLogon ID:\t\t0x1EDF9\n\nObject:\n\tObject Server:\t\tSecurity\n\tObject Type:\t\tFile\n\tObject Name:\t\tC:\\Users\\Virtual Windows 10\\Dropbox\n\tHandle ID:\t\t0x2254\n\tResource Attributes:\tS:AI\n\nProcess Information:\n\tProcess ID:\t\t0x16c8\n\tProcess Name:\t\tC:\\Program Files (x86)\\Dropbox\\Client\\Dropbox.exe\n\nAccess Request Information:\n\tAccesses:\t\tReadAttributes\n\t\t\t\t\n\tAccess Mask:\t\t0x80","version":1,"objectServer":"Security","handleID":"0x2254","objectType":"File","computerName":"DESKTOP-MAC610T","taskCategory":"File System","source":"Microsoft-Windows-Security-Auditing","resourceAttributes":"S:AI","level":"Information","processName":"C:\\Program Files (x86)\\Dropbox\\Client\\Dropbox.exe","objectName":"C:\\Users\\Virtual Windows 10\\Dropbox","accountDomain":"DESKTOP-MAC610T","processID":"0x16c8","keyword":["Audit Success"],"upCode":"Info","@context":"http://sepses.ifs.tuwien.ac.at/contexts/wineventlog.jsonld","@id":"http://example.org/logEntry#logEntry-752a1c05-4ad4-4c67-a55f-9556e354e2c9","hasLogType":"wineventlog","logonID":"0x1edf9","originatesFrom":{"hostName":{"name":"DESKTOP-MAC610T"},"@type":"rdf:nodeID","@id":"http://example.org/sepses#0010f76e-1c3e-4f91-843c-6ac386f04c7f"},"timestamp":"2018-08-27T15:52:46.001Z"}
{"accessMask":"0x80","accountName":"Virtual Windows 10","@timestamp":"2018-08-27T15:52:46.001Z","accesses":"%%4423\n\t\t\t\t","logName":"Security","@type":"http://purl.org/sepses/vocab/log/wineventlog#WindowsEventLogEntry","eventID":4663,"logMessage":"An attempt was made to access an object.\n\nSubject:\n\tSecurity ID:\t\tS-1-5-21-2889181789-4222170037-1347726928-1001\n\tAccount Name:\t\tVirtual Windows 10\n\tAccount Domain:\t\tDESKTOP-MAC610T\n\tLogon ID:\t\t0x1EDF9\n\nObject:\n\tObject Server:\t\tSecurity\n\tObject Type:\t\tFile\n\tObject Name:\t\tC:\\Users\\Virtual Windows 10\\Dropbox\n\tHandle ID:\t\t0x2254\n\tResource Attributes:\tS:AI\n\nProcess Information:\n\tProcess ID:\t\t0x16c8\n\tProcess Name:\t\tC:\\Program Files (x86)\\Dropbox\\Client\\Dropbox.exe\n\nAccess Request Information:\n\tAccesses:\t\tReadAttributes\n\t\t\t\t\n\tAccess Mask:\t\t0x80","version":1,"objectServer":"Security","handleID":"0x2254","objectType":"File","computerName":"DESKTOP-MAC610T","taskCategory":"File System","source":"Microsoft-Windows-Security-Auditing","resourceAttributes":"S:AI","level":"Information","processName":"C:\\Program Files (x86)\\Dropbox\\Client\\Dropbox.exe","objectName":"C:\\Users\\Virtual Windows 10\\Dropbox","accountDomain":"DESKTOP-MAC610T","processID":"0x16c8","keyword":["Audit Success"],"upCode":"Info","@context":"http://sepses.ifs.tuwien.ac.at/contexts/wineventlog.jsonld","@id":"http://example.org/logEntry#logEntry-fec122b2-a877-4480-9d30-0e58cc393df5","hasLogType":"wineventlog","logonID":"0x1edf9","originatesFrom":{"hostName":{"name":"DESKTOP-MAC610T"},"@type":"rdf:nodeID","@id":"http://example.org/sepses#d38cbef4-4a98-40d4-8e95-22135b869d72"},"timestamp":"2018-08-27T15:52:46.001Z"}
{"accessMask":"0x80","accountName":"Virtual Windows 10","@timestamp":"2018-08-27T15:52:46.002Z","accesses":"%%4423\n\t\t\t\t","logName":"Security","@type":"http://purl.org/sepses/vocab/log/wineventlog#WindowsEventLogEntry","eventID":4663,"logMessage":"An attempt was made to access an object.\n\nSubject:\n\tSecurity ID:\t\tS-1-5-21-2889181789-4222170037-1347726928-1001\n\tAccount Name:\t\tVirtual Windows 10\n\tAccount Domain:\t\tDESKTOP-MAC610T\n\tLogon ID:\t\t0x1EDF9\n\nObject:\n\tObject Server:\t\tSecurity\n\tObject Type:\t\tFile\n\tObject Name:\t\tC:\\Users\\Virtual Windows 10\\Dropbox\n\tHandle ID:\t\t0x2254\n\tResource Attributes:\tS:AI\n\nProcess Information:\n\tProcess ID:\t\t0x16c8\n\tProcess Name:\t\tC:\\Program Files (x86)\\Dropbox\\Client\\Dropbox.exe\n\nAccess Request Information:\n\tAccesses:\t\tReadAttributes\n\t\t\t\t\n\tAccess Mask:\t\t0x80","version":1,"objectServer":"Security","handleID":"0x2254","objectType":"File","computerName":"DESKTOP-MAC610T","taskCategory":"File System","source":"Microsoft-Windows-Security-Auditing","resourceAttributes":"S:AI","level":"Information","processName":"C:\\Program Files (x86)\\Dropbox\\Client\\Dropbox.exe","objectName":"C:\\Users\\Virtual Windows 10\\Dropbox","accountDomain":"DESKTOP-MAC610T","processID":"0x16c8","keyword":["Audit Success"],"upCode":"Info","@context":"http://sepses.ifs.tuwien.ac.at/contexts/wineventlog.jsonld","@id":"http://example.org/logEntry#logEntry-1234d4db-168e-4bb8-987e-b302ae1af86e","hasLogType":"wineventlog","logonID":"0x1edf9","originatesFrom":{"hostName":{"name":"DESKTOP-MAC610T"},"@type":"rdf:nodeID","@id":"http://example.org/sepses#95c5b955-3f33-4367-b12b-bd0f498a681b"},"timestamp":"2018-08-27T15:52:46.002Z"}
{"accessMask":"0x80","accountName":"Virtual Windows 10","@timestamp":"2018-08-27T15:52:46.275Z","accesses":"%%4423\n\t\t\t\t","logName":"Security","@type":"http://purl.org/sepses/vocab/log/wineventlog#WindowsEventLogEntry","eventID":4663,"logMessage":"An attempt was made to access an object.\n\nSubject:\n\tSecurity ID:\t\tS-1-5-21-2889181789-4222170037-1347726928-1001\n\tAccount Name:\t\tVirtual Windows 10\n\tAccount Domain:\t\tDESKTOP-MAC610T\n\tLogon ID:\t\t0x1EDF9\n\nObject:\n\tObject Server:\t\tSecurity\n\tObject Type:\t\tFile\n\tObject Name:\t\tC:\\Users\\Virtual Windows 10\\Dropbox\n\tHandle ID:\t\t0x3fc8\n\tResource Attributes:\tS:AI\n\nProcess Information:\n\tProcess ID:\t\t0x54\n\tProcess Name:\t\tC:\\Windows\\explorer.exe\n\nAccess Request Information:\n\tAccesses:\t\tReadAttributes\n\t\t\t\t\n\tAccess Mask:\t\t0x80","version":1,"objectServer":"Security","handleID":"0x3fc8","objectType":"File","computerName":"DESKTOP-MAC610T","taskCategory":"File System","source":"Microsoft-Windows-Security-Auditing","resourceAttributes":"S:AI","level":"Information","processName":"C:\\Windows\\explorer.exe","objectName":"C:\\Users\\Virtual Windows 10\\Dropbox","accountDomain":"DESKTOP-MAC610T","processID":"0x54","keyword":["Audit Success"],"upCode":"Info","@context":"http://sepses.ifs.tuwien.ac.at/contexts/wineventlog.jsonld","@id":"http://example.org/logEntry#logEntry-dae51a91-b109-4d62-944c-19f08ed04811","hasLogType":"wineventlog","logonID":"0x1edf9","originatesFrom":{"hostName":{"name":"DESKTOP-MAC610T"},"@type":"rdf:nodeID","@id":"http://example.org/sepses#abc5e1b4-b02a-4099-9c6b-6b267255bcfb"},"timestamp":"2018-08-27T15:52:46.275Z"}
{"accessMask":"0x80","accountName":"Virtual Windows 10","@timestamp":"2018-08-27T15:52:46.513Z","accesses":"%%4423\n\t\t\t\t","logName":"Security","@type":"http://purl.org/sepses/vocab/log/wineventlog#WindowsEventLogEntry","eventID":4663,"logMessage":"An attempt was made to access an object.\n\nSubject:\n\tSecurity ID:\t\tS-1-5-21-2889181789-4222170037-1347726928-1001\n\tAccount Name:\t\tVirtual Windows 10\n\tAccount Domain:\t\tDESKTOP-MAC610T\n\tLogon ID:\t\t0x1EDF9\n\nObject:\n\tObject Server:\t\tSecurity\n\tObject Type:\t\tFile\n\tObject Name:\t\tC:\\Users\\Virtual Windows 10\\Dropbox\n\tHandle ID:\t\t0x2284\n\tResource Attributes:\tS:AI\n\nProcess Information:\n\tProcess ID:\t\t0x16c8\n\tProcess Name:\t\tC:\\Program Files (x86)\\Dropbox\\Client\\Dropbox.exe\n\nAccess Request Information:\n\tAccesses:\t\tReadAttributes\n\t\t\t\t\n\tAccess Mask:\t\t0x80","version":1,"objectServer":"Security","handleID":"0x2284","objectType":"File","computerName":"DESKTOP-MAC610T","taskCategory":"File System","source":"Microsoft-Windows-Security-Auditing","resourceAttributes":"S:AI","level":"Information","processName":"C:\\Program Files (x86)\\Dropbox\\Client\\Dropbox.exe","objectName":"C:\\Users\\Virtual Windows 10\\Dropbox","accountDomain":"DESKTOP-MAC610T","processID":"0x16c8","keyword":["Audit Success"],"upCode":"Info","@context":"http://sepses.ifs.tuwien.ac.at/contexts/wineventlog.jsonld","@id":"http://example.org/logEntry#logEntry-68a37c3e-746f-45e3-83a0-46715dbb5df4","hasLogType":"wineventlog","logonID":"0x1edf9","originatesFrom":{"hostName":{"name":"DESKTOP-MAC610T"},"@type":"rdf:nodeID","@id":"http://example.org/sepses#34d018ba-4957-4706-90a3-865375e3d4a1"},"timestamp":"2018-08-27T15:52:46.513Z"}
{"accessMask":"0x80","accountName":"Virtual Windows 10","@timestamp":"2018-08-27T15:52:46.513Z","accesses":"%%4423\n\t\t\t\t","logName":"Security","@type":"http://purl.org/sepses/vocab/log/wineventlog#WindowsEventLogEntry","eventID":4663,"logMessage":"An attempt was made to access an object.\n\nSubject:\n\tSecurity ID:\t\tS-1-5-21-2889181789-4222170037-1347726928-1001\n\tAccount Name:\t\tVirtual Windows 10\n\tAccount Domain:\t\tDESKTOP-MAC610T\n\tLogon ID:\t\t0x1EDF9\n\nObject:\n\tObject Server:\t\tSecurity\n\tObject Type:\t\tFile\n\tObject Name:\t\tC:\\Users\\Virtual Windows 10\\Dropbox\n\tHandle ID:\t\t0x2284\n\tResource Attributes:\tS:AI\n\nProcess Information:\n\tProcess ID:\t\t0x16c8\n\tProcess Name:\t\tC:\\Program Files (x86)\\Dropbox\\Client\\Dropbox.exe\n\nAccess Request Information:\n\tAccesses:\t\tReadAttributes\n\t\t\t\t\n\tAccess Mask:\t\t0x80","version":1,"objectServer":"Security","handleID":"0x2284","objectType":"File","computerName":"DESKTOP-MAC610T","taskCategory":"File System","source":"Microsoft-Windows-Security-Auditing","resourceAttributes":"S:AI","level":"Information","processName":"C:\\Program Files (x86)\\Dropbox\\Client\\Dropbox.exe","objectName":"C:\\Users\\Virtual Windows 10\\Dropbox","accountDomain":"DESKTOP-MAC610T","processID":"0x16c8","keyword":["Audit Success"],"upCode":"Info","@context":"http://sepses.ifs.tuwien.ac.at/contexts/wineventlog.jsonld","@id":"http://example.org/logEntry#logEntry-636052ce-166e-4940-8985-799e1a04ae01","hasLogType":"wineventlog","logonID":"0x1edf9","originatesFrom":{"hostName":{"name":"DESKTOP-MAC610T"},"@type":"rdf:nodeID","@id":"http://example.org/sepses#6e6adfc7-1636-4cb6-99b0-a0e6b1c1730e"},"timestamp":"2018-08-27T15:52:46.513Z"}
{"accessMask":"0x80","accountName":"Virtual Windows 10","@timestamp":"2018-08-27T15:52:46.514Z","accesses":"%%4423\n\t\t\t\t","logName":"Security","@type":"http://purl.org/sepses/vocab/log/wineventlog#WindowsEventLogEntry","eventID":4663,"logMessage":"An attempt was made to access an object.\n\nSubject:\n\tSecurity ID:\t\tS-1-5-21-2889181789-4222170037-1347726928-1001\n\tAccount Name:\t\tVirtual Windows 10\n\tAccount Domain:\t\tDESKTOP-MAC610T\n\tLogon ID:\t\t0x1EDF9\n\nObject:\n\tObject Server:\t\tSecurity\n\tObject Type:\t\tFile\n\tObject Name:\t\tC:\\Users\\Virtual Windows 10\\Dropbox\n\tHandle ID:\t\t0x2284\n\tResource Attributes:\tS:AI\n\nProcess Information:\n\tProcess ID:\t\t0x16c8\n\tProcess Name:\t\tC:\\Program Files (x86)\\Dropbox\\Client\\Dropbox.exe\n\nAccess Request Information:\n\tAccesses:\t\tReadAttributes\n\t\t\t\t\n\tAccess Mask:\t\t0x80","version":1,"objectServer":"Security","handleID":"0x2284","objectType":"File","computerName":"DESKTOP-MAC610T","taskCategory":"File System","source":"Microsoft-Windows-Security-Auditing","resourceAttributes":"S:AI","level":"Information","processName":"C:\\Program Files (x86)\\Dropbox\\Client\\Dropbox.exe","objectName":"C:\\Users\\Virtual Windows 10\\Dropbox","accountDomain":"DESKTOP-MAC610T","processID":"0x16c8","keyword":["Audit Success"],"upCode":"Info","@context":"http://sepses.ifs.tuwien.ac.at/contexts/wineventlog.jsonld","@id":"http://example.org/logEntry#logEntry-5c8b604a-ac99-4a3b-b5bf-f3d1d7543a74","hasLogType":"wineventlog","logonID":"0x1edf9","originatesFrom":{"hostName":{"name":"DESKTOP-MAC610T"},"@type":"rdf:nodeID","@id":"http://example.org/sepses#c925cdc3-4533-4cfa-bbc7-4b1039ae3306"},"timestamp":"2018-08-27T15:52:46.514Z"}
{"accessMask":"0x80","accountName":"Virtual Windows 10","@timestamp":"2018-08-27T15:52:46.562Z","accesses":"%%4423\n\t\t\t\t","logName":"Security","@type":"http://purl.org/sepses/vocab/log/wineventlog#WindowsEventLogEntry","eventID":4663,"logMessage":"An attempt was made to access an object.\n\nSubject:\n\tSecurity ID:\t\tS-1-5-21-2889181789-4222170037-1347726928-1001\n\tAccount Name:\t\tVirtual Windows 10\n\tAccount Domain:\t\tDESKTOP-MAC610T\n\tLogon ID:\t\t0x1EDF9\n\nObject:\n\tObject Server:\t\tSecurity\n\tObject Type:\t\tFile\n\tObject Name:\t\tC:\\Users\\Virtual Windows 10\\UserDocuments\n\tHandle ID:\t\t0x45e8\n\tResource Attributes:\tS:AI\n\nProcess Information:\n\tProcess ID:\t\t0x54\n\tProcess Name:\t\tC:\\Windows\\explorer.exe\n\nAccess Request Information:\n\tAccesses:\t\tReadAttributes\n\t\t\t\t\n\tAccess Mask:\t\t0x80","version":1,"objectServer":"Security","handleID":"0x45e8","objectType":"File","computerName":"DESKTOP-MAC610T","taskCategory":"File System","source":"Microsoft-Windows-Security-Auditing","resourceAttributes":"S:AI","level":"Information","processName":"C:\\Windows\\explorer.exe","objectName":"C:\\Users\\Virtual Windows 10\\UserDocuments","accountDomain":"DESKTOP-MAC610T","processID":"0x54","keyword":["Audit Success"],"upCode":"Info","@context":"http://sepses.ifs.tuwien.ac.at/contexts/wineventlog.jsonld","@id":"http://example.org/logEntry#logEntry-63f3a5bf-3e42-490a-a492-79b722ba4f5e","hasLogType":"wineventlog","logonID":"0x1edf9","originatesFrom":{"hostName":{"name":"DESKTOP-MAC610T"},"@type":"rdf:nodeID","@id":"http://example.org/sepses#60de52ea-7458-4aaa-a435-d2d33f440154"},"timestamp":"2018-08-27T15:52:46.562Z"}
{"accessMask":"0x80","accountName":"Virtual Windows 10","@timestamp":"2018-08-27T15:52:46.585Z","accesses":"%%4423\n\t\t\t\t","logName":"Security","@type":"http://purl.org/sepses/vocab/log/wineventlog#WindowsEventLogEntry","eventID":4663,"logMessage":"An attempt was made to access an object.\n\nSubject:\n\tSecurity ID:\t\tS-1-5-21-2889181789-4222170037-1347726928-1001\n\tAccount Name:\t\tVirtual Windows 10\n\tAccount Domain:\t\tDESKTOP-MAC610T\n\tLogon ID:\t\t0x1EDF9\n\nObject:\n\tObject Server:\t\tSecurity\n\tObject Type:\t\tFile\n\tObject Name:\t\tC:\\Users\\Virtual Windows 10\\Dropbox\n\tHandle ID:\t\t0x2828\n\tResource Attributes:\tS:AI\n\nProcess Information:\n\tProcess ID:\t\t0x54\n\tProcess Name:\t\tC:\\Windows\\explorer.exe\n\nAccess Request Information:\n\tAccesses:\t\tReadAttributes\n\t\t\t\t\n\tAccess Mask:\t\t0x80","version":1,"objectServer":"Security","handleID":"0x2828","objectType":"File","computerName":"DESKTOP-MAC610T","taskCategory":"File System","source":"Microsoft-Windows-Security-Auditing","resourceAttributes":"S:AI","level":"Information","processName":"C:\\Windows\\explorer.exe","objectName":"C:\\Users\\Virtual Windows 10\\Dropbox","accountDomain":"DESKTOP-MAC610T","processID":"0x54","keyword":["Audit Success"],"upCode":"Info","@context":"http://sepses.ifs.tuwien.ac.at/contexts/wineventlog.jsonld","@id":"http://example.org/logEntry#logEntry-e93bedbe-41fe-4ed6-a03b-cdb713060914","hasLogType":"wineventlog","logonID":"0x1edf9","originatesFrom":{"hostName":{"name":"DESKTOP-MAC610T"},"@type":"rdf:nodeID","@id":"http://example.org/sepses#344c2a8e-a629-4a1e-bcf3-08021fbf974c"},"timestamp":"2018-08-27T15:52:46.585Z"}
{"accessMask":"0x80","accountName":"Virtual Windows 10","@timestamp":"2018-08-27T15:52:47.423Z","accesses":"%%4423\n\t\t\t\t","logName":"Security","@type":"http://purl.org/sepses/vocab/log/wineventlog#WindowsEventLogEntry","eventID":4663,"logMessage":"An attempt was made to access an object.\n\nSubject:\n\tSecurity ID:\t\tS-1-5-21-2889181789-4222170037-1347726928-1001\n\tAccount Name:\t\tVirtual Windows 10\n\tAccount Domain:\t\tDESKTOP-MAC610T\n\tLogon ID:\t\t0x1EDF9\n\nObject:\n\tObject Server:\t\tSecurity\n\tObject Type:\t\tFile\n\tObject Name:\t\tC:\\Users\\Virtual Windows 10\\UserDocuments\n\tHandle ID:\t\t0x4194\n\tResource Attributes:\tS:AI\n\nProcess Information:\n\tProcess ID:\t\t0x54\n\tProcess Name:\t\tC:\\Windows\\explorer.exe\n\nAccess Request Information:\n\tAccesses:\t\tReadAttributes\n\t\t\t\t\n\tAccess Mask:\t\t0x80","version":1,"objectServer":"Security","handleID":"0x4194","objectType":"File","computerName":"DESKTOP-MAC610T","taskCategory":"File System","source":"Microsoft-Windows-Security-Auditing","resourceAttributes":"S:AI","level":"Information","processName":"C:\\Windows\\explorer.exe","objectName":"C:\\Users\\Virtual Windows 10\\UserDocuments","accountDomain":"DESKTOP-MAC610T","processID":"0x54","keyword":["Audit Success"],"upCode":"Info","@context":"http://sepses.ifs.tuwien.ac.at/contexts/wineventlog.jsonld","@id":"http://example.org/logEntry#logEntry-1be304ca-3494-4e2e-9b22-7f1328a3707e","hasLogType":"wineventlog","logonID":"0x1edf9","originatesFrom":{"hostName":{"name":"DESKTOP-MAC610T"},"@type":"rdf:nodeID","@id":"http://example.org/sepses#9c3b3a4d-5e50-48c8-888d-ab5f9f5c6ba4"},"timestamp":"2018-08-27T15:52:47.423Z"}
{"accessMask":"0x80","accountName":"Virtual Windows 10","@timestamp":"2018-08-27T15:52:47.428Z","accesses":"%%4423\n\t\t\t\t","logName":"Security","@type":"http://purl.org/sepses/vocab/log/wineventlog#WindowsEventLogEntry","eventID":4663,"logMessage":"An attempt was made to access an object.\n\nSubject:\n\tSecurity ID:\t\tS-1-5-21-2889181789-4222170037-1347726928-1001\n\tAccount Name:\t\tVirtual Windows 10\n\tAccount Domain:\t\tDESKTOP-MAC610T\n\tLogon ID:\t\t0x1EDF9\n\nObject:\n\tObject Server:\t\tSecurity\n\tObject Type:\t\tFile\n\tObject Name:\t\tC:\\Users\\Virtual Windows 10\\UserDocuments\n\tHandle ID:\t\t0x45b8\n\tResource Attributes:\tS:AI\n\nProcess Information:\n\tProcess ID:\t\t0x54\n\tProcess Name:\t\tC:\\Windows\\explorer.exe\n\nAccess Request Information:\n\tAccesses:\t\tReadAttributes\n\t\t\t\t\n\tAccess Mask:\t\t0x80","version":1,"objectServer":"Security","handleID":"0x45b8","objectType":"File","computerName":"DESKTOP-MAC610T","taskCategory":"File System","source":"Microsoft-Windows-Security-Auditing","resourceAttributes":"S:AI","level":"Information","processName":"C:\\Windows\\explorer.exe","objectName":"C:\\Users\\Virtual Windows 10\\UserDocuments","accountDomain":"DESKTOP-MAC610T","processID":"0x54","keyword":["Audit Success"],"upCode":"Info","@context":"http://sepses.ifs.tuwien.ac.at/contexts/wineventlog.jsonld","@id":"http://example.org/logEntry#logEntry-8ee582ea-d381-4d24-90b1-023f5bfca39f","hasLogType":"wineventlog","logonID":"0x1edf9","originatesFrom":{"hostName":{"name":"DESKTOP-MAC610T"},"@type":"rdf:nodeID","@id":"http://example.org/sepses#58efb52b-0081-47ec-8b83-62d35db3f159"},"timestamp":"2018-08-27T15:52:47.428Z"}
{"accessMask":"0x80","accountName":"Virtual Windows 10","@timestamp":"2018-08-27T15:52:48.022Z","accesses":"%%4423\n\t\t\t\t","logName":"Security","@type":"http://purl.org/sepses/vocab/log/wineventlog#WindowsEventLogEntry","eventID":4663,"logMessage":"An attempt was made to access an object.\n\nSubject:\n\tSecurity ID:\t\tS-1-5-21-2889181789-4222170037-1347726928-1001\n\tAccount Name:\t\tVirtual Windows 10\n\tAccount Domain:\t\tDESKTOP-MAC610T\n\tLogon ID:\t\t0x1EDF9\n\nObject:\n\tObject Server:\t\tSecurity\n\tObject Type:\t\tFile\n\tObject Name:\t\tC:\\Users\\Virtual Windows 10\\UserDocuments\\test1.txt\n\tHandle ID:\t\t0x2284\n\tResource Attributes:\tS:AI\n\nProcess Information:\n\tProcess ID:\t\t0x16c8\n\tProcess Name:\t\tC:\\Program Files (x86)\\Dropbox\\Client\\Dropbox.exe\n\nAccess Request Information:\n\tAccesses:\t\tReadAttributes\n\t\t\t\t\n\tAccess Mask:\t\t0x80","version":1,"objectServer":"Security","handleID":"0x2284","objectType":"File","computerName":"DESKTOP-MAC610T","taskCategory":"File System","source":"Microsoft-Windows-Security-Auditing","resourceAttributes":"S:AI","level":"Information","processName":"C:\\Program Files (x86)\\Dropbox\\Client\\Dropbox.exe","objectName":"C:\\Users\\Virtual Windows 10\\UserDocuments\\test1.txt","accountDomain":"DESKTOP-MAC610T","processID":"0x16c8","keyword":["Audit Success"],"upCode":"Info","@context":"http://sepses.ifs.tuwien.ac.at/contexts/wineventlog.jsonld","@id":"http://example.org/logEntry#logEntry-88143718-18cd-4f18-acfd-9ef31e4fbebc","hasLogType":"wineventlog","logonID":"0x1edf9","originatesFrom":{"hostName":{"name":"DESKTOP-MAC610T"},"@type":"rdf:nodeID","@id":"http://example.org/sepses#c44b30ed-2644-42f0-bd78-4ab20879b8d7"},"timestamp":"2018-08-27T15:52:48.022Z"}
{"accessMask":"0x80","accountName":"Virtual Windows 10","@timestamp":"2018-08-27T15:52:50.930Z","accesses":"%%4423\n\t\t\t\t","logName":"Security","@type":"http://purl.org/sepses/vocab/log/wineventlog#WindowsEventLogEntry","eventID":4663,"logMessage":"An attempt was made to access an object.\n\nSubject:\n\tSecurity ID:\t\tS-1-5-21-2889181789-4222170037-1347726928-1001\n\tAccount Name:\t\tVirtual Windows 10\n\tAccount Domain:\t\tDESKTOP-MAC610T\n\tLogon ID:\t\t0x1EDF9\n\nObject:\n\tObject Server:\t\tSecurity\n\tObject Type:\t\tFile\n\tObject Name:\t\tC:\\Users\\Virtual Windows 10\\Dropbox\n\tHandle ID:\t\t0x467c\n\tResource Attributes:\tS:AI\n\nProcess Information:\n\tProcess ID:\t\t0x54\n\tProcess Name:\t\tC:\\Windows\\explorer.exe\n\nAccess Request Information:\n\tAccesses:\t\tReadAttributes\n\t\t\t\t\n\tAccess Mask:\t\t0x80","version":1,"objectServer":"Security","handleID":"0x467c","objectType":"File","computerName":"DESKTOP-MAC610T","taskCategory":"File System","source":"Microsoft-Windows-Security-Auditing","resourceAttributes":"S:AI","level":"Information","processName":"C:\\Windows\\explorer.exe","objectName":"C:\\Users\\Virtual Windows 10\\Dropbox","accountDomain":"DESKTOP-MAC610T","processID":"0x54","keyword":["Audit Success"],"upCode":"Info","@context":"http://sepses.ifs.tuwien.ac.at/contexts/wineventlog.jsonld","@id":"http://example.org/logEntry#logEntry-98da572d-1c9d-4a7a-9909-5e542d9d2b51","hasLogType":"wineventlog","logonID":"0x1edf9","originatesFrom":{"hostName":{"name":"DESKTOP-MAC610T"},"@type":"rdf:nodeID","@id":"http://example.org/sepses#da59e04e-7e53-415f-b3b4-3c2359f60f57"},"timestamp":"2018-08-27T15:52:50.930Z"}
