<http://example.org/logEntry#logEntry-a8460133-daaa-4190-bace-26ed811d70c9>
        a                       <http://purl.org/sepses/vocab/log/wineventlog#WindowsEventLogEntry> ;
        scl:hasLogType          "wineventlog"^^rdfs:Literal ;
        scl:logMessage          "A handle to an object was requested.\n\nSubject:\n\tSecurity ID:\t\tS-1-5-21-2361021202-3253521353-2316283985-1001\n\tAccount Name:\t\tVirtualWindows8User\n\tAccount Domain:\t\tVirtualWindows8\n\tLogon ID:\t\t0xBD7C\n\nObject:\n\tObject Server:\t\tSecurity\n\tObject Type:\t\tFile\n\tObject Name:\t\tC:\\Users\\VirtualWindows8User\\Dropbox\\.dropbox.cache\n\tHandle ID:\t\t0x1d38\n\tResource Attributes:\t-\n\nProcess Information:\n\tProcess ID:\t\t0xe74\n\tProcess Name:\t\tC:\\Program Files (x86)\\Dropbox\\Client\\Dropbox.exe\n\nAccess Request Information:\n\tTransaction ID:\t\t{00000000-0000-0000-0000-000000000000}\n\tAccesses:\t\tSYNCHRONIZE\n\t\t\t\tReadAttributes\n\t\t\t\t\n\tAccess Reasons:\t\tSYNCHRONIZE:\tGranted by\tD:(A;OICI;FA;;;S-1-5-21-2361021202-3253521353-2316283985-1001)\n\t\t\t\tReadAttributes:\tGranted by\tD:(A;OICI;FA;;;S-1-5-21-2361021202-3253521353-2316283985-1001)\n\t\t\t\t\n\tAccess Mask:\t\t0x100080\n\tPrivileges Used for Access Check:\t-\n\tRestricted SID Count:\t0"^^rdfs:Literal ;
        scl:originatesFrom      <http://example.org/sepses#8052b8c2-cbb2-47fb-8fed-327f9196a13d> ;
        scl:timestamp           "2018-08-29T11:54:04.852Z"^^xsd:dateTime ;
        win:accessMask          "0x100080"^^rdfs:Literal ;
        win:accesses            "%%1541\n\t\t\t\t%%4423\n\t\t\t\t"^^rdfs:Literal ;
        win:accountDomain       "VirtualWindows8"^^rdfs:Literal ;
        win:eventID             "4656"^^xsd:Int , "Information"^^rdfs:Literal ;
        win:handleID            "0x1d38"^^rdfs:Literal ;
        win:hasProtocol         "VirtualWindows8User"^^rdfs:Literal ;
        win:keyword             "Audit Success"^^rdfs:Literal ;
        win:logName             "Security"^^rdfs:Literal ;
        win:logonID             "0xbd7c"^^rdfs:Literal ;
        win:objectName          "C:\\Users\\VirtualWindows8User\\Dropbox\\.dropbox.cache"^^rdfs:Literal ;
        win:objectServer        "Security"^^rdfs:Literal ;
        win:objectType          "File"^^rdfs:Literal ;
        win:processID           "0xe74"^^rdfs:Literal ;
        win:processName         "C:\\Program Files (x86)\\Dropbox\\Client\\Dropbox.exe"^^rdfs:Literal ;
        win:resourceAttributes  "-"^^rdfs:Literal ;
        win:source              "Microsoft-Windows-Security-Auditing"^^rdfs:Literal ;
        win:taskCategory        "File System"^^rdfs:Literal ;
        win:upCode              "Info"^^rdfs:Literal .

<http://example.org/sepses#035d9bd5-bb2d-4759-818d-f74213d92206>
        a             rdf:nodeID ;
        scl:hostName  []  .

<http://example.org/logEntry#logEntry-01cac7c9-3413-4f05-b486-ac4b3a327296>
        a                       <http://purl.org/sepses/vocab/log/wineventlog#WindowsEventLogEntry> ;
        scl:hasLogType          "wineventlog"^^rdfs:Literal ;
        scl:logMessage          "An attempt was made to access an object.\n\nSubject:\n\tSecurity ID:\t\tS-1-5-21-2361021202-3253521353-2316283985-1001\n\tAccount Name:\t\tVirtualWindows8User\n\tAccount Domain:\t\tVirtualWindows8\n\tLogon ID:\t\t0xBD7C\n\nObject:\n\tObject Server:\t\tSecurity\n\tObject Type:\t\tFile\n\tObject Name:\t\tC:\\Users\\VirtualWindows8User\\Dropbox\\test1.txt\n\tHandle ID:\t\t0x1d74\n\tResource Attributes:\tS:AI\n\nProcess Information:\n\tProcess ID:\t\t0xe74\n\tProcess Name:\t\tC:\\Program Files (x86)\\Dropbox\\Client\\Dropbox.exe\n\nAccess Request Information:\n\tAccesses:\t\tReadAttributes\n\t\t\t\t\n\tAccess Mask:\t\t0x80"^^rdfs:Literal ;
        scl:originatesFrom      <http://example.org/sepses#eb984936-2046-4981-a54b-a867e1843578> ;
        scl:timestamp           "2018-08-29T11:52:05.772Z"^^xsd:dateTime ;
        win:accessMask          "0x80"^^rdfs:Literal ;
        win:accesses            "%%4423\n\t\t\t\t"^^rdfs:Literal ;
        win:accountDomain       "VirtualWindows8"^^rdfs:Literal ;
        win:eventID             "Information"^^rdfs:Literal , "4663"^^xsd:Int ;
        win:handleID            "0x1d74"^^rdfs:Literal ;
        win:hasProtocol         "VirtualWindows8User"^^rdfs:Literal ;
        win:keyword             "Audit Success"^^rdfs:Literal ;
        win:logName             "Security"^^rdfs:Literal ;
        win:logonID             "0xbd7c"^^rdfs:Literal ;
        win:objectName          "C:\\Users\\VirtualWindows8User\\Dropbox\\test1.txt"^^rdfs:Literal ;
        win:objectServer        "Security"^^rdfs:Literal ;
        win:objectType          "File"^^rdfs:Literal ;
        win:processID           "0xe74"^^rdfs:Literal ;
        win:processName         "C:\\Program Files (x86)\\Dropbox\\Client\\Dropbox.exe"^^rdfs:Literal ;
        win:resourceAttributes  "S:AI"^^rdfs:Literal ;
        win:source              "Microsoft-Windows-Security-Auditing"^^rdfs:Literal ;
        win:taskCategory        "File System"^^rdfs:Literal ;
        win:upCode              "Info"^^rdfs:Literal .

<http://example.org/logEntry#logEntry-d0fdcd3c-2c49-4c67-bc23-5db7e03cbf1e>
        a                       <http://purl.org/sepses/vocab/log/wineventlog#WindowsEventLogEntry> ;
        scl:hasLogType          "wineventlog"^^rdfs:Literal ;
        scl:logMessage          "An attempt was made to access an object.\n\nSubject:\n\tSecurity ID:\t\tS-1-5-21-2361021202-3253521353-2316283985-1001\n\tAccount Name:\t\tVirtualWindows8User\n\tAccount Domain:\t\tVirtualWindows8\n\tLogon ID:\t\t0xBD7C\n\nObject:\n\tObject Server:\t\tSecurity\n\tObject Type:\t\tFile\n\tObject Name:\t\tC:\\Users\\VirtualWindows8User\\Dropbox\n\tHandle ID:\t\t0x1d64\n\tResource Attributes:\tS:AI\n\nProcess Information:\n\tProcess ID:\t\t0xe74\n\tProcess Name:\t\tC:\\Program Files (x86)\\Dropbox\\Client\\Dropbox.exe\n\nAccess Request Information:\n\tAccesses:\t\tReadAttributes\n\t\t\t\t\n\tAccess Mask:\t\t0x80"^^rdfs:Literal ;
        scl:originatesFrom      <http://example.org/sepses#ca744e07-8ee9-4b3d-9579-c88b29f9df6b> ;
        scl:timestamp           "2018-08-29T11:51:36.869Z"^^xsd:dateTime ;
        win:accessMask          "0x80"^^rdfs:Literal ;
        win:accesses            "%%4423\n\t\t\t\t"^^rdfs:Literal ;
        win:accountDomain       "VirtualWindows8"^^rdfs:Literal ;
        win:eventID             "Information"^^rdfs:Literal , "4663"^^xsd:Int ;
        win:handleID            "0x1d64"^^rdfs:Literal ;
        win:hasProtocol         "VirtualWindows8User"^^rdfs:Literal ;
        win:keyword             "Audit Success"^^rdfs:Literal ;
        win:logName             "Security"^^rdfs:Literal ;
        win:logonID             "0xbd7c"^^rdfs:Literal ;
        win:objectName          "C:\\Users\\VirtualWindows8User\\Dropbox"^^rdfs:Literal ;
        win:objectServer        "Security"^^rdfs:Literal ;
        win:objectType          "File"^^rdfs:Literal ;
        win:processID           "0xe74"^^rdfs:Literal ;
        win:processName         "C:\\Program Files (x86)\\Dropbox\\Client\\Dropbox.exe"^^rdfs:Literal ;
        win:resourceAttributes  "S:AI"^^rdfs:Literal ;
        win:source              "Microsoft-Windows-Security-Auditing"^^rdfs:Literal ;
        win:taskCategory        "File System"^^rdfs:Literal ;
        win:upCode              "Info"^^rdfs:Literal .

<http://example.org/logEntry#logEntry-83b0c367-abd4-412f-b0c4-57c91864922c>
        a                       <http://purl.org/sepses/vocab/log/wineventlog#WindowsEventLogEntry> ;
        scl:hasLogType          "wineventlog"^^rdfs:Literal ;
        scl:logMessage          "A handle to an object was requested.\n\nSubject:\n\tSecurity ID:\t\tS-1-5-21-2361021202-3253521353-2316283985-1001\n\tAccount Name:\t\tVirtualWindows8User\n\tAccount Domain:\t\tVirtualWindows8\n\tLogon ID:\t\t0xBD7C\n\nObject:\n\tObject Server:\t\tSecurity\n\tObject Type:\t\tFile\n\tObject Name:\t\tC:\\Users\\VirtualWindows8User\\Dropbox\n\tHandle ID:\t\t0x1aac\n\tResource Attributes:\t-\n\nProcess Information:\n\tProcess ID:\t\t0xe74\n\tProcess Name:\t\tC:\\Program Files (x86)\\Dropbox\\Client\\Dropbox.exe\n\nAccess Request Information:\n\tTransaction ID:\t\t{00000000-0000-0000-0000-000000000000}\n\tAccesses:\t\tREAD_CONTROL\n\t\t\t\tReadAttributes\n\t\t\t\t\n\tAccess Reasons:\t\tREAD_CONTROL:\tGranted by Ownership\n\t\t\t\tReadAttributes:\tGranted by\tD:(A;OICI;FA;;;S-1-5-21-2361021202-3253521353-2316283985-1001)\n\t\t\t\t\n\tAccess Mask:\t\t0x20080\n\tPrivileges Used for Access Check:\t-\n\tRestricted SID Count:\t0"^^rdfs:Literal ;
        scl:originatesFrom      <http://example.org/sepses#ef9e1c1b-9c6e-47b0-95e5-ca9665dc9939> ;
        scl:timestamp           "2018-08-29T11:52:02.515Z"^^xsd:dateTime ;
        win:accessMask          "0x20080"^^rdfs:Literal ;
        win:accesses            "%%1538\n\t\t\t\t%%4423\n\t\t\t\t"^^rdfs:Literal ;
        win:accountDomain       "VirtualWindows8"^^rdfs:Literal ;
        win:eventID             "4656"^^xsd:Int , "Information"^^rdfs:Literal ;
        win:handleID            "0x1aac"^^rdfs:Literal ;
        win:hasProtocol         "VirtualWindows8User"^^rdfs:Literal ;
        win:keyword             "Audit Success"^^rdfs:Literal ;
        win:logName             "Security"^^rdfs:Literal ;
        win:logonID             "0xbd7c"^^rdfs:Literal ;
        win:objectName          "C:\\Users\\VirtualWindows8User\\Dropbox"^^rdfs:Literal ;
        win:objectServer        "Security"^^rdfs:Literal ;
        win:objectType          "File"^^rdfs:Literal ;
        win:processID           "0xe74"^^rdfs:Literal ;
        win:processName         "C:\\Program Files (x86)\\Dropbox\\Client\\Dropbox.exe"^^rdfs:Literal ;
        win:resourceAttributes  "-"^^rdfs:Literal ;
        win:source              "Microsoft-Windows-Security-Auditing"^^rdfs:Literal ;
        win:taskCategory        "File System"^^rdfs:Literal ;
        win:upCode              "Info"^^rdfs:Literal .

<http://example.org/sepses#dd5392b4-0584-45ce-b411-02a216567e8e>
        a             rdf:nodeID ;
        scl:hostName  []  .

<http://example.org/logEntry#logEntry-f7e0718e-69b3-423f-87e3-6d600e3e09f7>
        a                       <http://purl.org/sepses/vocab/log/wineventlog#WindowsEventLogEntry> ;
        scl:hasLogType          "wineventlog"^^rdfs:Literal ;
        scl:logMessage          "A handle to an object was requested.\n\nSubject:\n\tSecurity ID:\t\tS-1-5-21-2361021202-3253521353-2316283985-1001\n\tAccount Name:\t\tVirtualWindows8User\n\tAccount Domain:\t\tVirtualWindows8\n\tLogon ID:\t\t0xBD7C\n\nObject:\n\tObject Server:\t\tSecurity\n\tObject Type:\t\tFile\n\tObject Name:\t\tC:\\Users\\VirtualWindows8User\\Dropbox\\test2 - Copy.txt\n\tHandle ID:\t\t0x1cbc\n\tResource Attributes:\t-\n\nProcess Information:\n\tProcess ID:\t\t0xe74\n\tProcess Name:\t\tC:\\Program Files (x86)\\Dropbox\\Client\\Dropbox.exe\n\nAccess Request Information:\n\tTransaction ID:\t\t{00000000-0000-0000-0000-000000000000}\n\tAccesses:\t\tSYNCHRONIZE\n\t\t\t\tReadAttributes\n\t\t\t\t\n\tAccess Reasons:\t\tSYNCHRONIZE:\tGranted by\tD:(A;;FA;;;S-1-5-21-2361021202-3253521353-2316283985-1001)\n\t\t\t\tReadAttributes:\tGranted by\tD:(A;;FA;;;S-1-5-21-2361021202-3253521353-2316283985-1001)\n\t\t\t\t\n\tAccess Mask:\t\t0x100080\n\tPrivileges Used for Access Check:\t-\n\tRestricted SID Count:\t0"^^rdfs:Literal ;
        scl:originatesFrom      <http://example.org/sepses#38dac952-32f0-44f3-9b1f-28c598bbf88f> ;
        scl:timestamp           "2018-08-29T11:53:50.920Z"^^xsd:dateTime ;
        win:accessMask          "0x100080"^^rdfs:Literal ;
        win:accesses            "%%1541\n\t\t\t\t%%4423\n\t\t\t\t"^^rdfs:Literal ;
        win:accountDomain       "VirtualWindows8"^^rdfs:Literal ;
        win:eventID             "Information"^^rdfs:Literal , "4656"^^xsd:Int ;
        win:handleID            "0x1cbc"^^rdfs:Literal ;
        win:hasProtocol         "VirtualWindows8User"^^rdfs:Literal ;
        win:keyword             "Audit Success"^^rdfs:Literal ;
        win:logName             "Security"^^rdfs:Literal ;
        win:logonID             "0xbd7c"^^rdfs:Literal ;
        win:objectName          "C:\\Users\\VirtualWindows8User\\Dropbox\\test2 - Copy.txt"^^rdfs:Literal ;
        win:objectServer        "Security"^^rdfs:Literal ;
        win:objectType          "File"^^rdfs:Literal ;
        win:processID           "0xe74"^^rdfs:Literal ;
        win:processName         "C:\\Program Files (x86)\\Dropbox\\Client\\Dropbox.exe"^^rdfs:Literal ;
        win:resourceAttributes  "-"^^rdfs:Literal ;
        win:source              "Microsoft-Windows-Security-Auditing"^^rdfs:Literal ;
        win:taskCategory        "File System"^^rdfs:Literal ;
        win:upCode              "Info"^^rdfs:Literal .

<http://example.org/sepses#e5d37409-22e8-407d-bf56-b9d1fb5d6931>
        a             rdf:nodeID ;
        scl:hostName  []  .

<http://example.org/logEntry#logEntry-276f8663-4881-4a1c-9133-9afb1250ead5>
        a                       <http://purl.org/sepses/vocab/log/wineventlog#WindowsEventLogEntry> ;
        scl:hasLogType          "wineventlog"^^rdfs:Literal ;
        scl:logMessage          "A handle to an object was requested.\n\nSubject:\n\tSecurity ID:\t\tS-1-5-21-2361021202-3253521353-2316283985-1001\n\tAccount Name:\t\tVirtualWindows8User\n\tAccount Domain:\t\tVirtualWindows8\n\tLogon ID:\t\t0xBD7C\n\nObject:\n\tObject Server:\t\tSecurity\n\tObject Type:\t\tFile\n\tObject Name:\t\tC:\\Users\\VirtualWindows8User\\Dropbox\n\tHandle ID:\t\t0x1d64\n\tResource Attributes:\t-\n\nProcess Information:\n\tProcess ID:\t\t0xe74\n\tProcess Name:\t\tC:\\Program Files (x86)\\Dropbox\\Client\\Dropbox.exe\n\nAccess Request Information:\n\tTransaction ID:\t\t{00000000-0000-0000-0000-000000000000}\n\tAccesses:\t\tREAD_CONTROL\n\t\t\t\tReadAttributes\n\t\t\t\t\n\tAccess Reasons:\t\tREAD_CONTROL:\tGranted by Ownership\n\t\t\t\tReadAttributes:\tGranted by\tD:(A;OICI;FA;;;S-1-5-21-2361021202-3253521353-2316283985-1001)\n\t\t\t\t\n\tAccess Mask:\t\t0x20080\n\tPrivileges Used for Access Check:\t-\n\tRestricted SID Count:\t0"^^rdfs:Literal ;
        scl:originatesFrom      <http://example.org/sepses#95a0b4b3-5445-4726-b1f9-507baab15b1a> ;
        scl:timestamp           "2018-08-29T11:51:36.867Z"^^xsd:dateTime ;
        win:accessMask          "0x20080"^^rdfs:Literal ;
        win:accesses            "%%1538\n\t\t\t\t%%4423\n\t\t\t\t"^^rdfs:Literal ;
        win:accountDomain       "VirtualWindows8"^^rdfs:Literal ;
        win:eventID             "Information"^^rdfs:Literal , "4656"^^xsd:Int ;
        win:handleID            "0x1d64"^^rdfs:Literal ;
        win:hasProtocol         "VirtualWindows8User"^^rdfs:Literal ;
        win:keyword             "Audit Success"^^rdfs:Literal ;
        win:logName             "Security"^^rdfs:Literal ;
        win:logonID             "0xbd7c"^^rdfs:Literal ;
        win:objectName          "C:\\Users\\VirtualWindows8User\\Dropbox"^^rdfs:Literal ;
        win:objectServer        "Security"^^rdfs:Literal ;
        win:objectType          "File"^^rdfs:Literal ;
        win:processID           "0xe74"^^rdfs:Literal ;
        win:processName         "C:\\Program Files (x86)\\Dropbox\\Client\\Dropbox.exe"^^rdfs:Literal ;
        win:resourceAttributes  "-"^^rdfs:Literal ;
        win:source              "Microsoft-Windows-Security-Auditing"^^rdfs:Literal ;
        win:taskCategory        "File System"^^rdfs:Literal ;
        win:upCode              "Info"^^rdfs:Literal .

<http://example.org/sepses#bc134f7c-98c5-4caa-97f1-7cb2d11d2f21>
        a             rdf:nodeID ;
        scl:hostName  []  .

<http://example.org/logEntry#logEntry-451fefec-7083-4a76-b613-c01a20f87510>
        a                       <http://purl.org/sepses/vocab/log/wineventlog#WindowsEventLogEntry> ;
        scl:hasLogType          "wineventlog"^^rdfs:Literal ;
        scl:logMessage          "A handle to an object was requested.\n\nSubject:\n\tSecurity ID:\t\tS-1-5-21-2361021202-3253521353-2316283985-1001\n\tAccount Name:\t\tVirtualWindows8User\n\tAccount Domain:\t\tVirtualWindows8\n\tLogon ID:\t\t0xBD7C\n\nObject:\n\tObject Server:\t\tSecurity\n\tObject Type:\t\tFile\n\tObject Name:\t\tC:\\Users\\VirtualWindows8User\\UserDocuments\n\tHandle ID:\t\t0x23d8\n\tResource Attributes:\t-\n\nProcess Information:\n\tProcess ID:\t\t0x3f8\n\tProcess Name:\t\tC:\\Windows\\explorer.exe\n\nAccess Request Information:\n\tTransaction ID:\t\t{00000000-0000-0000-0000-000000000000}\n\tAccesses:\t\tREAD_CONTROL\n\t\t\t\tReadAttributes\n\t\t\t\t\n\tAccess Reasons:\t\tREAD_CONTROL:\tGranted by Ownership\n\t\t\t\tReadAttributes:\tGranted by\tD:(A;OICI;FA;;;S-1-5-21-2361021202-3253521353-2316283985-1001)\n\t\t\t\t\n\tAccess Mask:\t\t0x20080\n\tPrivileges Used for Access Check:\t-\n\tRestricted SID Count:\t0"^^rdfs:Literal ;
        scl:originatesFrom      <http://example.org/sepses#9676adbf-aeb2-4d28-b0a4-7b0d5de0191c> ;
        scl:timestamp           "2018-08-29T11:50:40.800Z"^^xsd:dateTime ;
        win:accessMask          "0x20080"^^rdfs:Literal ;
        win:accesses            "%%1538\n\t\t\t\t%%4423\n\t\t\t\t"^^rdfs:Literal ;
        win:accountDomain       "VirtualWindows8"^^rdfs:Literal ;
        win:eventID             "4656"^^xsd:Int , "Information"^^rdfs:Literal ;
        win:handleID            "0x23d8"^^rdfs:Literal ;
        win:hasProtocol         "VirtualWindows8User"^^rdfs:Literal ;
        win:keyword             "Audit Success"^^rdfs:Literal ;
        win:logName             "Security"^^rdfs:Literal ;
        win:logonID             "0xbd7c"^^rdfs:Literal ;
        win:objectName          "C:\\Users\\VirtualWindows8User\\UserDocuments"^^rdfs:Literal ;
        win:objectServer        "Security"^^rdfs:Literal ;
        win:objectType          "File"^^rdfs:Literal ;
        win:processID           "0x3f8"^^rdfs:Literal ;
        win:processName         "C:\\Windows\\explorer.exe"^^rdfs:Literal ;
        win:resourceAttributes  "-"^^rdfs:Literal ;
        win:source              "Microsoft-Windows-Security-Auditing"^^rdfs:Literal ;
        win:taskCategory        "File System"^^rdfs:Literal ;
        win:upCode              "Info"^^rdfs:Literal .

<http://example.org/sepses#b894e0cb-9311-4319-a02b-d2378e169bda>
        a             rdf:nodeID ;
        scl:hostName  []  .

<http://example.org/sepses#e56cc39a-09de-4867-b6b5-10f89108a2b1>
        a             rdf:nodeID ;
        scl:hostName  []  .

<http://example.org/sepses#27388547-c77a-4e27-828a-096bcdd1ef8d>
        a             rdf:nodeID ;
        scl:hostName  []  .

<http://example.org/logEntry#logEntry-507fe137-e920-40da-9a6c-1065dc504515>
        a                       <http://purl.org/sepses/vocab/log/wineventlog#WindowsEventLogEntry> ;
        scl:hasLogType          "wineventlog"^^rdfs:Literal ;
        scl:logMessage          "A handle to an object was requested.\n\nSubject:\n\tSecurity ID:\t\tS-1-5-21-2361021202-3253521353-2316283985-1001\n\tAccount Name:\t\tVirtualWindows8User\n\tAccount Domain:\t\tVirtualWindows8\n\tLogon ID:\t\t0xBD7C\n\nObject:\n\tObject Server:\t\tSecurity\n\tObject Type:\t\tFile\n\tObject Name:\t\tC:\\Users\\VirtualWindows8User\\Dropbox\n\tHandle ID:\t\t0x1c94\n\tResource Attributes:\t-\n\nProcess Information:\n\tProcess ID:\t\t0xe74\n\tProcess Name:\t\tC:\\Program Files (x86)\\Dropbox\\Client\\Dropbox.exe\n\nAccess Request Information:\n\tTransaction ID:\t\t{00000000-0000-0000-0000-000000000000}\n\tAccesses:\t\tSYNCHRONIZE\n\t\t\t\tReadAttributes\n\t\t\t\t\n\tAccess Reasons:\t\tSYNCHRONIZE:\tGranted by\tD:(A;OICI;FA;;;S-1-5-21-2361021202-3253521353-2316283985-1001)\n\t\t\t\tReadAttributes:\tGranted by\tD:(A;OICI;FA;;;S-1-5-21-2361021202-3253521353-2316283985-1001)\n\t\t\t\t\n\tAccess Mask:\t\t0x100080\n\tPrivileges Used for Access Check:\t-\n\tRestricted SID Count:\t0"^^rdfs:Literal ;
        scl:originatesFrom      <http://example.org/sepses#434863f1-f9ab-4224-aee0-743ab5d469fb> ;
        scl:timestamp           "2018-08-29T11:47:01.424Z"^^xsd:dateTime ;
        win:accessMask          "0x100080"^^rdfs:Literal ;
        win:accesses            "%%1541\n\t\t\t\t%%4423\n\t\t\t\t"^^rdfs:Literal ;
        win:accountDomain       "VirtualWindows8"^^rdfs:Literal ;
        win:eventID             "Information"^^rdfs:Literal , "4656"^^xsd:Int ;
        win:handleID            "0x1c94"^^rdfs:Literal ;
        win:hasProtocol         "VirtualWindows8User"^^rdfs:Literal ;
        win:keyword             "Audit Success"^^rdfs:Literal ;
        win:logName             "Security"^^rdfs:Literal ;
        win:logonID             "0xbd7c"^^rdfs:Literal ;
        win:objectName          "C:\\Users\\VirtualWindows8User\\Dropbox"^^rdfs:Literal ;
        win:objectServer        "Security"^^rdfs:Literal ;
        win:objectType          "File"^^rdfs:Literal ;
        win:processID           "0xe74"^^rdfs:Literal ;
        win:processName         "C:\\Program Files (x86)\\Dropbox\\Client\\Dropbox.exe"^^rdfs:Literal ;
        win:resourceAttributes  "-"^^rdfs:Literal ;
        win:source              "Microsoft-Windows-Security-Auditing"^^rdfs:Literal ;
        win:taskCategory        "File System"^^rdfs:Literal ;
        win:upCode              "Info"^^rdfs:Literal .

<http://example.org/sepses#897179e5-9d92-4261-b903-49317cf63c3e>
        a             rdf:nodeID ;
        scl:hostName  []  .

<http://example.org/logEntry#logEntry-65d8406a-8e86-4219-b1d4-b885b5d2cf86>
        a                       <http://purl.org/sepses/vocab/log/wineventlog#WindowsEventLogEntry> ;
        scl:hasLogType          "wineventlog"^^rdfs:Literal ;
        scl:logMessage          "A handle to an object was requested.\n\nSubject:\n\tSecurity ID:\t\tS-1-5-21-2361021202-3253521353-2316283985-1001\n\tAccount Name:\t\tVirtualWindows8User\n\tAccount Domain:\t\tVirtualWindows8\n\tLogon ID:\t\t0xBD7C\n\nObject:\n\tObject Server:\t\tSecurity\n\tObject Type:\t\tFile\n\tObject Name:\t\tC:\\Users\\VirtualWindows8User\\Dropbox\n\tHandle ID:\t\t0x1d4c\n\tResource Attributes:\t-\n\nProcess Information:\n\tProcess ID:\t\t0xe74\n\tProcess Name:\t\tC:\\Program Files (x86)\\Dropbox\\Client\\Dropbox.exe\n\nAccess Request Information:\n\tTransaction ID:\t\t{00000000-0000-0000-0000-000000000000}\n\tAccesses:\t\tSYNCHRONIZE\n\t\t\t\tReadAttributes\n\t\t\t\t\n\tAccess Reasons:\t\tSYNCHRONIZE:\tGranted by\tD:(A;OICI;FA;;;S-1-5-21-2361021202-3253521353-2316283985-1001)\n\t\t\t\tReadAttributes:\tGranted by\tD:(A;OICI;FA;;;S-1-5-21-2361021202-3253521353-2316283985-1001)\n\t\t\t\t\n\tAccess Mask:\t\t0x100080\n\tPrivileges Used for Access Check:\t-\n\tRestricted SID Count:\t0"^^rdfs:Literal ;
        scl:originatesFrom      <http://example.org/sepses#6f3e4df5-1d81-4f75-9530-94cc81966d70> ;
        scl:timestamp           "2018-08-29T11:52:04.195Z"^^xsd:dateTime ;
        win:accessMask          "0x100080"^^rdfs:Literal ;
        win:accesses            "%%1541\n\t\t\t\t%%4423\n\t\t\t\t"^^rdfs:Literal ;
        win:accountDomain       "VirtualWindows8"^^rdfs:Literal ;
        win:eventID             "4656"^^xsd:Int , "Information"^^rdfs:Literal ;
        win:handleID            "0x1d4c"^^rdfs:Literal ;
        win:hasProtocol         "VirtualWindows8User"^^rdfs:Literal ;
        win:keyword             "Audit Success"^^rdfs:Literal ;
        win:logName             "Security"^^rdfs:Literal ;
        win:logonID             "0xbd7c"^^rdfs:Literal ;
        win:objectName          "C:\\Users\\VirtualWindows8User\\Dropbox"^^rdfs:Literal ;
        win:objectServer        "Security"^^rdfs:Literal ;
        win:objectType          "File"^^rdfs:Literal ;
        win:processID           "0xe74"^^rdfs:Literal ;
        win:processName         "C:\\Program Files (x86)\\Dropbox\\Client\\Dropbox.exe"^^rdfs:Literal ;
        win:resourceAttributes  "-"^^rdfs:Literal ;
        win:source              "Microsoft-Windows-Security-Auditing"^^rdfs:Literal ;
        win:taskCategory        "File System"^^rdfs:Literal ;
        win:upCode              "Info"^^rdfs:Literal .

<http://example.org/sepses#6fb66355-4cbb-4de2-83dc-3af7331d8303>
        a             rdf:nodeID ;
        scl:hostName  []  .

<http://example.org/logEntry#logEntry-ce5a9f06-7363-428f-8998-ca6879b68d4a>
        a                       <http://purl.org/sepses/vocab/log/wineventlog#WindowsEventLogEntry> ;
        scl:hasLogType          "wineventlog"^^rdfs:Literal ;
        scl:logMessage          "An attempt was made to access an object.\n\nSubject:\n\tSecurity ID:\t\tS-1-5-21-2361021202-3253521353-2316283985-1001\n\tAccount Name:\t\tVirtualWindows8User\n\tAccount Domain:\t\tVirtualWindows8\n\tLogon ID:\t\t0xBD7C\n\nObject:\n\tObject Server:\t\tSecurity\n\tObject Type:\t\tFile\n\tObject Name:\t\tC:\\Users\\VirtualWindows8User\\Dropbox\n\tHandle ID:\t\t0x1ca4\n\tResource Attributes:\tS:AI\n\nProcess Information:\n\tProcess ID:\t\t0xe74\n\tProcess Name:\t\tC:\\Program Files (x86)\\Dropbox\\Client\\Dropbox.exe\n\nAccess Request Information:\n\tAccesses:\t\tReadAttributes\n\t\t\t\t\n\tAccess Mask:\t\t0x80"^^rdfs:Literal ;
        scl:originatesFrom      <http://example.org/sepses#8fc3c642-5ca1-409d-814a-ef9062a54ff3> ;
        scl:timestamp           "2018-08-29T11:53:40.466Z"^^xsd:dateTime ;
        win:accessMask          "0x80"^^rdfs:Literal ;
        win:accesses            "%%4423\n\t\t\t\t"^^rdfs:Literal ;
        win:accountDomain       "VirtualWindows8"^^rdfs:Literal ;
        win:eventID             "4663"^^xsd:Int , "Information"^^rdfs:Literal ;
        win:handleID            "0x1ca4"^^rdfs:Literal ;
        win:hasProtocol         "VirtualWindows8User"^^rdfs:Literal ;
        win:keyword             "Audit Success"^^rdfs:Literal ;
        win:logName             "Security"^^rdfs:Literal ;
        win:logonID             "0xbd7c"^^rdfs:Literal ;
        win:objectName          "C:\\Users\\VirtualWindows8User\\Dropbox"^^rdfs:Literal ;
        win:objectServer        "Security"^^rdfs:Literal ;
        win:objectType          "File"^^rdfs:Literal ;
        win:processID           "0xe74"^^rdfs:Literal ;
        win:processName         "C:\\Program Files (x86)\\Dropbox\\Client\\Dropbox.exe"^^rdfs:Literal ;
        win:resourceAttributes  "S:AI"^^rdfs:Literal ;
        win:source              "Microsoft-Windows-Security-Auditing"^^rdfs:Literal ;
        win:taskCategory        "File System"^^rdfs:Literal ;
        win:upCode              "Info"^^rdfs:Literal .

<http://example.org/logEntry#logEntry-9f92bcae-1b28-4bee-9627-e4288adb1ccf>
        a                       <http://purl.org/sepses/vocab/log/wineventlog#WindowsEventLogEntry> ;
        scl:hasLogType          "wineventlog"^^rdfs:Literal ;
        scl:logMessage          "An attempt was made to access an object.\n\nSubject:\n\tSecurity ID:\t\tS-1-5-21-2361021202-3253521353-2316283985-1001\n\tAccount Name:\t\tVirtualWindows8User\n\tAccount Domain:\t\tVirtualWindows8\n\tLogon ID:\t\t0xBD7C\n\nObject:\n\tObject Server:\t\tSecurity\n\tObject Type:\t\tFile\n\tObject Name:\t\tC:\\Users\\VirtualWindows8User\\Dropbox\n\tHandle ID:\t\t0x191c\n\tResource Attributes:\tS:AI\n\nProcess Information:\n\tProcess ID:\t\t0xe74\n\tProcess Name:\t\tC:\\Program Files (x86)\\Dropbox\\Client\\Dropbox.exe\n\nAccess Request Information:\n\tAccesses:\t\tReadAttributes\n\t\t\t\t\n\tAccess Mask:\t\t0x80"^^rdfs:Literal ;
        scl:originatesFrom      <http://example.org/sepses#d59b7358-d31b-4361-ac41-8496b9e69588> ;
        scl:timestamp           "2018-08-29T11:53:26.319Z"^^xsd:dateTime ;
        win:accessMask          "0x80"^^rdfs:Literal ;
        win:accesses            "%%4423\n\t\t\t\t"^^rdfs:Literal ;
        win:accountDomain       "VirtualWindows8"^^rdfs:Literal ;
        win:eventID             "Information"^^rdfs:Literal , "4663"^^xsd:Int ;
        win:handleID            "0x191c"^^rdfs:Literal ;
        win:hasProtocol         "VirtualWindows8User"^^rdfs:Literal ;
        win:keyword             "Audit Success"^^rdfs:Literal ;
        win:logName             "Security"^^rdfs:Literal ;
        win:logonID             "0xbd7c"^^rdfs:Literal ;
        win:objectName          "C:\\Users\\VirtualWindows8User\\Dropbox"^^rdfs:Literal ;
        win:objectServer        "Security"^^rdfs:Literal ;
        win:objectType          "File"^^rdfs:Literal ;
        win:processID           "0xe74"^^rdfs:Literal ;
        win:processName         "C:\\Program Files (x86)\\Dropbox\\Client\\Dropbox.exe"^^rdfs:Literal ;
        win:resourceAttributes  "S:AI"^^rdfs:Literal ;
        win:source              "Microsoft-Windows-Security-Auditing"^^rdfs:Literal ;
        win:taskCategory        "File System"^^rdfs:Literal ;
        win:upCode              "Info"^^rdfs:Literal .

<http://example.org/logEntry#logEntry-fce2d3d7-79c1-4ccd-a755-4dcc81bba915>
        a                       <http://purl.org/sepses/vocab/log/wineventlog#WindowsEventLogEntry> ;
        scl:hasLogType          "wineventlog"^^rdfs:Literal ;
        scl:logMessage          "An attempt was made to access an object.\n\nSubject:\n\tSecurity ID:\t\tS-1-5-21-2361021202-3253521353-2316283985-1001\n\tAccount Name:\t\tVirtualWindows8User\n\tAccount Domain:\t\tVirtualWindows8\n\tLogon ID:\t\t0xBD7C\n\nObject:\n\tObject Server:\t\tSecurity\n\tObject Type:\t\tFile\n\tObject Name:\t\tC:\\Users\\VirtualWindows8User\\Dropbox\n\tHandle ID:\t\t0x1cd0\n\tResource Attributes:\tS:AI\n\nProcess Information:\n\tProcess ID:\t\t0xe74\n\tProcess Name:\t\tC:\\Program Files (x86)\\Dropbox\\Client\\Dropbox.exe\n\nAccess Request Information:\n\tAccesses:\t\tReadAttributes\n\t\t\t\t\n\tAccess Mask:\t\t0x80"^^rdfs:Literal ;
        scl:originatesFrom      <http://example.org/sepses#d2e03c0d-db5e-47a6-9add-11603fd0f5cf> ;
        scl:timestamp           "2018-08-29T11:52:02.514Z"^^xsd:dateTime ;
        win:accessMask          "0x80"^^rdfs:Literal ;
        win:accesses            "%%4423\n\t\t\t\t"^^rdfs:Literal ;
        win:accountDomain       "VirtualWindows8"^^rdfs:Literal ;
        win:eventID             "4663"^^xsd:Int , "Information"^^rdfs:Literal ;
        win:handleID            "0x1cd0"^^rdfs:Literal ;
        win:hasProtocol         "VirtualWindows8User"^^rdfs:Literal ;
        win:keyword             "Audit Success"^^rdfs:Literal ;
        win:logName             "Security"^^rdfs:Literal ;
        win:logonID             "0xbd7c"^^rdfs:Literal ;
        win:objectName          "C:\\Users\\VirtualWindows8User\\Dropbox"^^rdfs:Literal ;
        win:objectServer        "Security"^^rdfs:Literal ;
        win:objectType          "File"^^rdfs:Literal ;
        win:processID           "0xe74"^^rdfs:Literal ;
        win:processName         "C:\\Program Files (x86)\\Dropbox\\Client\\Dropbox.exe"^^rdfs:Literal ;
        win:resourceAttributes  "S:AI"^^rdfs:Literal ;
        win:source              "Microsoft-Windows-Security-Auditing"^^rdfs:Literal ;
        win:taskCategory        "File System"^^rdfs:Literal ;
        win:upCode              "Info"^^rdfs:Literal .

<http://example.org/sepses#e4ccbd51-78d0-4cef-91f2-074a583bd6e9>
        a             rdf:nodeID ;
        scl:hostName  []  .

<http://example.org/sepses#4d20a368-a258-4b39-9338-6b21722b533d>
        a             rdf:nodeID ;
        scl:hostName  []  .

<http://example.org/sepses#2d284cb3-ac2e-4bd9-b8bc-01ffc209d15a>
        a             rdf:nodeID ;
        scl:hostName  []  .

<http://example.org/logEntry#logEntry-e85ffcbd-5c81-441e-a5e1-79bca7b4c1b5>
        a                       <http://purl.org/sepses/vocab/log/wineventlog#WindowsEventLogEntry> ;
        scl:hasLogType          "wineventlog"^^rdfs:Literal ;
        scl:logMessage          "An attempt was made to access an object.\n\nSubject:\n\tSecurity ID:\t\tS-1-5-21-2361021202-3253521353-2316283985-1001\n\tAccount Name:\t\tVirtualWindows8User\n\tAccount Domain:\t\tVirtualWindows8\n\tLogon ID:\t\t0xBD7C\n\nObject:\n\tObject Server:\t\tSecurity\n\tObject Type:\t\tFile\n\tObject Name:\t\tC:\\Users\\VirtualWindows8User\\UserDocuments\n\tHandle ID:\t\t0x1c8c\n\tResource Attributes:\tS:AI\n\nProcess Information:\n\tProcess ID:\t\t0x3f8\n\tProcess Name:\t\tC:\\Windows\\explorer.exe\n\nAccess Request Information:\n\tAccesses:\t\tReadAttributes\n\t\t\t\t\n\tAccess Mask:\t\t0x80"^^rdfs:Literal ;
        scl:originatesFrom      <http://example.org/sepses#e46e745c-1d57-4035-a03e-f3c1ee9919c8> ;
        scl:timestamp           "2018-08-29T11:53:50.909Z"^^xsd:dateTime ;
        win:accessMask          "0x80"^^rdfs:Literal ;
        win:accesses            "%%4423\n\t\t\t\t"^^rdfs:Literal ;
        win:accountDomain       "VirtualWindows8"^^rdfs:Literal ;
        win:eventID             "4663"^^xsd:Int , "Information"^^rdfs:Literal ;
        win:handleID            "0x1c8c"^^rdfs:Literal ;
        win:hasProtocol         "VirtualWindows8User"^^rdfs:Literal ;
        win:keyword             "Audit Success"^^rdfs:Literal ;
        win:logName             "Security"^^rdfs:Literal ;
        win:logonID             "0xbd7c"^^rdfs:Literal ;
        win:objectName          "C:\\Users\\VirtualWindows8User\\UserDocuments"^^rdfs:Literal ;
        win:objectServer        "Security"^^rdfs:Literal ;
        win:objectType          "File"^^rdfs:Literal ;
        win:processID           "0x3f8"^^rdfs:Literal ;
        win:processName         "C:\\Windows\\explorer.exe"^^rdfs:Literal ;
        win:resourceAttributes  "S:AI"^^rdfs:Literal ;
        win:source              "Microsoft-Windows-Security-Auditing"^^rdfs:Literal ;
        win:taskCategory        "File System"^^rdfs:Literal ;
        win:upCode              "Info"^^rdfs:Literal .

<http://example.org/logEntry#logEntry-1b2fb051-f5af-4079-a9bc-f095de663ecc>
        a                       <http://purl.org/sepses/vocab/log/wineventlog#WindowsEventLogEntry> ;
        scl:hasLogType          "wineventlog"^^rdfs:Literal ;
        scl:logMessage          "A handle to an object was requested.\n\nSubject:\n\tSecurity ID:\t\tS-1-5-21-2361021202-3253521353-2316283985-1001\n\tAccount Name:\t\tVirtualWindows8User\n\tAccount Domain:\t\tVirtualWindows8\n\tLogon ID:\t\t0xBD7C\n\nObject:\n\tObject Server:\t\tSecurity\n\tObject Type:\t\tFile\n\tObject Name:\t\tC:\\Users\\VirtualWindows8User\\Dropbox\n\tHandle ID:\t\t0x1aac\n\tResource Attributes:\t-\n\nProcess Information:\n\tProcess ID:\t\t0xe74\n\tProcess Name:\t\tC:\\Program Files (x86)\\Dropbox\\Client\\Dropbox.exe\n\nAccess Request Information:\n\tTransaction ID:\t\t{00000000-0000-0000-0000-000000000000}\n\tAccesses:\t\tSYNCHRONIZE\n\t\t\t\tReadAttributes\n\t\t\t\t\n\tAccess Reasons:\t\tSYNCHRONIZE:\tGranted by\tD:(A;OICI;FA;;;S-1-5-21-2361021202-3253521353-2316283985-1001)\n\t\t\t\tReadAttributes:\tGranted by\tD:(A;OICI;FA;;;S-1-5-21-2361021202-3253521353-2316283985-1001)\n\t\t\t\t\n\tAccess Mask:\t\t0x100080\n\tPrivileges Used for Access Check:\t-\n\tRestricted SID Count:\t0"^^rdfs:Literal ;
        scl:originatesFrom      <http://example.org/sepses#9a76c642-191c-4f47-8ea8-06a293fb4c77> ;
        scl:timestamp           "2018-08-29T11:52:02.519Z"^^xsd:dateTime ;
        win:accessMask          "0x100080"^^rdfs:Literal ;
        win:accesses            "%%1541\n\t\t\t\t%%4423\n\t\t\t\t"^^rdfs:Literal ;
        win:accountDomain       "VirtualWindows8"^^rdfs:Literal ;
        win:eventID             "Information"^^rdfs:Literal , "4656"^^xsd:Int ;
        win:handleID            "0x1aac"^^rdfs:Literal ;
        win:hasProtocol         "VirtualWindows8User"^^rdfs:Literal ;
        win:keyword             "Audit Success"^^rdfs:Literal ;
        win:logName             "Security"^^rdfs:Literal ;
        win:logonID             "0xbd7c"^^rdfs:Literal ;
        win:objectName          "C:\\Users\\VirtualWindows8User\\Dropbox"^^rdfs:Literal ;
        win:objectServer        "Security"^^rdfs:Literal ;
        win:objectType          "File"^^rdfs:Literal ;
        win:processID           "0xe74"^^rdfs:Literal ;
        win:processName         "C:\\Program Files (x86)\\Dropbox\\Client\\Dropbox.exe"^^rdfs:Literal ;
        win:resourceAttributes  "-"^^rdfs:Literal ;
        win:source              "Microsoft-Windows-Security-Auditing"^^rdfs:Literal ;
        win:taskCategory        "File System"^^rdfs:Literal ;
        win:upCode              "Info"^^rdfs:Literal .

<http://example.org/logEntry#logEntry-9948bc72-6857-41a9-baab-03a95836e23d>
        a                       <http://purl.org/sepses/vocab/log/wineventlog#WindowsEventLogEntry> ;
        scl:hasLogType          "wineventlog"^^rdfs:Literal ;
        scl:logMessage          "An attempt was made to access an object.\n\nSubject:\n\tSecurity ID:\t\tS-1-5-21-2361021202-3253521353-2316283985-1001\n\tAccount Name:\t\tVirtualWindows8User\n\tAccount Domain:\t\tVirtualWindows8\n\tLogon ID:\t\t0xBD7C\n\nObject:\n\tObject Server:\t\tSecurity\n\tObject Type:\t\tFile\n\tObject Name:\t\tC:\\Users\\VirtualWindows8User\\Dropbox\n\tHandle ID:\t\t0x191c\n\tResource Attributes:\tS:AI\n\nProcess Information:\n\tProcess ID:\t\t0xe74\n\tProcess Name:\t\tC:\\Program Files (x86)\\Dropbox\\Client\\Dropbox.exe\n\nAccess Request Information:\n\tAccesses:\t\tReadAttributes\n\t\t\t\t\n\tAccess Mask:\t\t0x80"^^rdfs:Literal ;
        scl:originatesFrom      <http://example.org/sepses#f7083ccc-e20b-45ad-a5a9-a00d6a85939d> ;
        scl:timestamp           "2018-08-29T11:53:26.319Z"^^xsd:dateTime ;
        win:accessMask          "0x80"^^rdfs:Literal ;
        win:accesses            "%%4423\n\t\t\t\t"^^rdfs:Literal ;
        win:accountDomain       "VirtualWindows8"^^rdfs:Literal ;
        win:eventID             "4663"^^xsd:Int , "Information"^^rdfs:Literal ;
        win:handleID            "0x191c"^^rdfs:Literal ;
        win:hasProtocol         "VirtualWindows8User"^^rdfs:Literal ;
        win:keyword             "Audit Success"^^rdfs:Literal ;
        win:logName             "Security"^^rdfs:Literal ;
        win:logonID             "0xbd7c"^^rdfs:Literal ;
        win:objectName          "C:\\Users\\VirtualWindows8User\\Dropbox"^^rdfs:Literal ;
        win:objectServer        "Security"^^rdfs:Literal ;
        win:objectType          "File"^^rdfs:Literal ;
        win:processID           "0xe74"^^rdfs:Literal ;
        win:processName         "C:\\Program Files (x86)\\Dropbox\\Client\\Dropbox.exe"^^rdfs:Literal ;
        win:resourceAttributes  "S:AI"^^rdfs:Literal ;
        win:source              "Microsoft-Windows-Security-Auditing"^^rdfs:Literal ;
        win:taskCategory        "File System"^^rdfs:Literal ;
        win:upCode              "Info"^^rdfs:Literal .

<http://example.org/sepses#29a06883-3bae-45fc-91b7-20709cde8fbf>
        a             rdf:nodeID ;
        scl:hostName  []  .

<http://example.org/logEntry#logEntry-66e3f75d-5f76-4764-92a8-5c1dceb88cde>
        a                       <http://purl.org/sepses/vocab/log/wineventlog#WindowsEventLogEntry> ;
        scl:hasLogType          "wineventlog"^^rdfs:Literal ;
        scl:logMessage          "An attempt was made to access an object.\n\nSubject:\n\tSecurity ID:\t\tS-1-5-21-2361021202-3253521353-2316283985-1001\n\tAccount Name:\t\tVirtualWindows8User\n\tAccount Domain:\t\tVirtualWindows8\n\tLogon ID:\t\t0xBD7C\n\nObject:\n\tObject Server:\t\tSecurity\n\tObject Type:\t\tFile\n\tObject Name:\t\tC:\\Users\\VirtualWindows8User\\Dropbox\n\tHandle ID:\t\t0xab8\n\tResource Attributes:\tS:AI\n\nProcess Information:\n\tProcess ID:\t\t0x3f8\n\tProcess Name:\t\tC:\\Windows\\explorer.exe\n\nAccess Request Information:\n\tAccesses:\t\tReadAttributes\n\t\t\t\t\n\tAccess Mask:\t\t0x80"^^rdfs:Literal ;
        scl:originatesFrom      <http://example.org/sepses#68a8da88-cf27-4e0c-854b-3b84dee68380> ;
        scl:timestamp           "2018-08-29T11:51:55.806Z"^^xsd:dateTime ;
        win:accessMask          "0x80"^^rdfs:Literal ;
        win:accesses            "%%4423\n\t\t\t\t"^^rdfs:Literal ;
        win:accountDomain       "VirtualWindows8"^^rdfs:Literal ;
        win:eventID             "Information"^^rdfs:Literal , "4663"^^xsd:Int ;
        win:handleID            "0xab8"^^rdfs:Literal ;
        win:hasProtocol         "VirtualWindows8User"^^rdfs:Literal ;
        win:keyword             "Audit Success"^^rdfs:Literal ;
        win:logName             "Security"^^rdfs:Literal ;
        win:logonID             "0xbd7c"^^rdfs:Literal ;
        win:objectName          "C:\\Users\\VirtualWindows8User\\Dropbox"^^rdfs:Literal ;
        win:objectServer        "Security"^^rdfs:Literal ;
        win:objectType          "File"^^rdfs:Literal ;
        win:processID           "0x3f8"^^rdfs:Literal ;
        win:processName         "C:\\Windows\\explorer.exe"^^rdfs:Literal ;
        win:resourceAttributes  "S:AI"^^rdfs:Literal ;
        win:source              "Microsoft-Windows-Security-Auditing"^^rdfs:Literal ;
        win:taskCategory        "File System"^^rdfs:Literal ;
        win:upCode              "Info"^^rdfs:Literal .

<http://example.org/logEntry#logEntry-bad41bb0-f1b6-4616-9124-067956e5911e>
        a                       <http://purl.org/sepses/vocab/log/wineventlog#WindowsEventLogEntry> ;
        scl:hasLogType          "wineventlog"^^rdfs:Literal ;
        scl:logMessage          "A handle to an object was requested.\n\nSubject:\n\tSecurity ID:\t\tS-1-5-21-2361021202-3253521353-2316283985-1001\n\tAccount Name:\t\tVirtualWindows8User\n\tAccount Domain:\t\tVirtualWindows8\n\tLogon ID:\t\t0xBD7C\n\nObject:\n\tObject Server:\t\tSecurity\n\tObject Type:\t\tFile\n\tObject Name:\t\tC:\\Users\\VirtualWindows8User\\Dropbox\n\tHandle ID:\t\t0x23c4\n\tResource Attributes:\t-\n\nProcess Information:\n\tProcess ID:\t\t0x3f8\n\tProcess Name:\t\tC:\\Windows\\explorer.exe\n\nAccess Request Information:\n\tTransaction ID:\t\t{00000000-0000-0000-0000-000000000000}\n\tAccesses:\t\tSYNCHRONIZE\n\t\t\t\tReadAttributes\n\t\t\t\t\n\tAccess Reasons:\t\tSYNCHRONIZE:\tGranted by\tD:(A;OICI;FA;;;S-1-5-21-2361021202-3253521353-2316283985-1001)\n\t\t\t\tReadAttributes:\tGranted by\tD:(A;OICI;FA;;;S-1-5-21-2361021202-3253521353-2316283985-1001)\n\t\t\t\t\n\tAccess Mask:\t\t0x100080\n\tPrivileges Used for Access Check:\t-\n\tRestricted SID Count:\t0"^^rdfs:Literal ;
        scl:originatesFrom      <http://example.org/sepses#5a48c962-eb30-463f-ba54-a7e541479c3f> ;
        scl:timestamp           "2018-08-29T11:52:07.832Z"^^xsd:dateTime ;
        win:accessMask          "0x100080"^^rdfs:Literal ;
        win:accesses            "%%1541\n\t\t\t\t%%4423\n\t\t\t\t"^^rdfs:Literal ;
        win:accountDomain       "VirtualWindows8"^^rdfs:Literal ;
        win:eventID             "Information"^^rdfs:Literal , "4656"^^xsd:Int ;
        win:handleID            "0x23c4"^^rdfs:Literal ;
        win:hasProtocol         "VirtualWindows8User"^^rdfs:Literal ;
        win:keyword             "Audit Success"^^rdfs:Literal ;
        win:logName             "Security"^^rdfs:Literal ;
        win:logonID             "0xbd7c"^^rdfs:Literal ;
        win:objectName          "C:\\Users\\VirtualWindows8User\\Dropbox"^^rdfs:Literal ;
        win:objectServer        "Security"^^rdfs:Literal ;
        win:objectType          "File"^^rdfs:Literal ;
        win:processID           "0x3f8"^^rdfs:Literal ;
        win:processName         "C:\\Windows\\explorer.exe"^^rdfs:Literal ;
        win:resourceAttributes  "-"^^rdfs:Literal ;
        win:source              "Microsoft-Windows-Security-Auditing"^^rdfs:Literal ;
        win:taskCategory        "File System"^^rdfs:Literal ;
        win:upCode              "Info"^^rdfs:Literal .

<http://example.org/sepses#da94108b-58f9-4cbf-8e1f-7ed6c63a116a>
        a             rdf:nodeID ;
        scl:hostName  []  .

<http://example.org/sepses#85467311-6a93-4f99-85e1-6438a4dfa026>
        a             rdf:nodeID ;
        scl:hostName  []  .

<http://example.org/logEntry#logEntry-a760f760-6039-4526-b900-7c48f9dc07d7>
        a                       <http://purl.org/sepses/vocab/log/wineventlog#WindowsEventLogEntry> ;
        scl:hasLogType          "wineventlog"^^rdfs:Literal ;
        scl:logMessage          "A handle to an object was requested.\n\nSubject:\n\tSecurity ID:\t\tS-1-5-21-2361021202-3253521353-2316283985-1001\n\tAccount Name:\t\tVirtualWindows8User\n\tAccount Domain:\t\tVirtualWindows8\n\tLogon ID:\t\t0xBD7C\n\nObject:\n\tObject Server:\t\tSecurity\n\tObject Type:\t\tFile\n\tObject Name:\t\tC:\\Users\\VirtualWindows8User\\Dropbox\\desktop.ini\n\tHandle ID:\t\t0x2164\n\tResource Attributes:\t-\n\nProcess Information:\n\tProcess ID:\t\t0x3f8\n\tProcess Name:\t\tC:\\Windows\\explorer.exe\n\nAccess Request Information:\n\tTransaction ID:\t\t{00000000-0000-0000-0000-000000000000}\n\tAccesses:\t\tREAD_CONTROL\n\t\t\t\tSYNCHRONIZE\n\t\t\t\tReadData (or ListDirectory)\n\t\t\t\tReadEA\n\t\t\t\tReadAttributes\n\t\t\t\t\n\tAccess Reasons:\t\tREAD_CONTROL:\tGranted by Ownership\n\t\t\t\tSYNCHRONIZE:\tGranted by\tD:(A;;FA;;;S-1-5-21-2361021202-3253521353-2316283985-1001)\n\t\t\t\tReadData (or ListDirectory):\tGranted by\tD:(A;;FA;;;S-1-5-21-2361021202-3253521353-2316283985-1001)\n\t\t\t\tReadEA:\tGranted by\tD:(A;;FA;;;S-1-5-21-2361021202-3253521353-2316283985-1001)\n\t\t\t\tReadAttributes:\tGranted by\tD:(A;;FA;;;S-1-5-21-2361021202-3253521353-2316283985-1001)\n\t\t\t\t\n\tAccess Mask:\t\t0x120089\n\tPrivileges Used for Access Check:\t-\n\tRestricted SID Count:\t0"^^rdfs:Literal ;
        scl:originatesFrom      <http://example.org/sepses#5ad2491f-bffb-4df4-98b3-c15579886d53> ;
        scl:timestamp           "2018-08-29T11:46:38.831Z"^^xsd:dateTime ;
        win:accessMask          "0x120089"^^rdfs:Literal ;
        win:accesses            "%%1538\n\t\t\t\t%%1541\n\t\t\t\t%%4416\n\t\t\t\t%%4419\n\t\t\t\t%%4423\n\t\t\t\t"^^rdfs:Literal ;
        win:accountDomain       "VirtualWindows8"^^rdfs:Literal ;
        win:eventID             "4656"^^xsd:Int , "Information"^^rdfs:Literal ;
        win:handleID            "0x2164"^^rdfs:Literal ;
        win:hasProtocol         "VirtualWindows8User"^^rdfs:Literal ;
        win:keyword             "Audit Success"^^rdfs:Literal ;
        win:logName             "Security"^^rdfs:Literal ;
        win:logonID             "0xbd7c"^^rdfs:Literal ;
        win:objectName          "C:\\Users\\VirtualWindows8User\\Dropbox\\desktop.ini"^^rdfs:Literal ;
        win:objectServer        "Security"^^rdfs:Literal ;
        win:objectType          "File"^^rdfs:Literal ;
        win:processID           "0x3f8"^^rdfs:Literal ;
        win:processName         "C:\\Windows\\explorer.exe"^^rdfs:Literal ;
        win:resourceAttributes  "-"^^rdfs:Literal ;
        win:source              "Microsoft-Windows-Security-Auditing"^^rdfs:Literal ;
        win:taskCategory        "File System"^^rdfs:Literal ;
        win:upCode              "Info"^^rdfs:Literal .

<http://example.org/logEntry#logEntry-93e0f19d-74e3-4e45-8b64-e2be1090e33e>
        a                       <http://purl.org/sepses/vocab/log/wineventlog#WindowsEventLogEntry> ;
        scl:hasLogType          "wineventlog"^^rdfs:Literal ;
        scl:logMessage          "A handle to an object was requested.\n\nSubject:\n\tSecurity ID:\t\tS-1-5-21-2361021202-3253521353-2316283985-1001\n\tAccount Name:\t\tVirtualWindows8User\n\tAccount Domain:\t\tVirtualWindows8\n\tLogon ID:\t\t0xBD7C\n\nObject:\n\tObject Server:\t\tSecurity\n\tObject Type:\t\tFile\n\tObject Name:\t\tC:\\Users\\VirtualWindows8User\\Dropbox\\test2 - Copy.txt\n\tHandle ID:\t\t0x10d4\n\tResource Attributes:\t-\n\nProcess Information:\n\tProcess ID:\t\t0xe74\n\tProcess Name:\t\tC:\\Program Files (x86)\\Dropbox\\Client\\Dropbox.exe\n\nAccess Request Information:\n\tTransaction ID:\t\t{00000000-0000-0000-0000-000000000000}\n\tAccesses:\t\tDELETE\n\t\t\t\tSYNCHRONIZE\n\t\t\t\tReadAttributes\n\t\t\t\t\n\tAccess Reasons:\t\tDELETE:\tGranted by\tD:(A;;FA;;;S-1-5-21-2361021202-3253521353-2316283985-1001)\n\t\t\t\tSYNCHRONIZE:\tGranted by\tD:(A;;FA;;;S-1-5-21-2361021202-3253521353-2316283985-1001)\n\t\t\t\tReadAttributes:\tGranted by\tD:(A;;FA;;;S-1-5-21-2361021202-3253521353-2316283985-1001)\n\t\t\t\t\n\tAccess Mask:\t\t0x110080\n\tPrivileges Used for Access Check:\t-\n\tRestricted SID Count:\t0"^^rdfs:Literal ;
        scl:originatesFrom      <http://example.org/sepses#4898ea61-2129-4047-87a5-d0780a2aba7c> ;
        scl:timestamp           "2018-08-29T11:54:58.300Z"^^xsd:dateTime ;
        win:accessMask          "0x110080"^^rdfs:Literal ;
        win:accesses            "%%1537\n\t\t\t\t%%1541\n\t\t\t\t%%4423\n\t\t\t\t"^^rdfs:Literal ;
        win:accountDomain       "VirtualWindows8"^^rdfs:Literal ;
        win:eventID             "Information"^^rdfs:Literal , "4656"^^xsd:Int ;
        win:handleID            "0x10d4"^^rdfs:Literal ;
        win:hasProtocol         "VirtualWindows8User"^^rdfs:Literal ;
        win:keyword             "Audit Success"^^rdfs:Literal ;
        win:logName             "Security"^^rdfs:Literal ;
        win:logonID             "0xbd7c"^^rdfs:Literal ;
        win:objectName          "C:\\Users\\VirtualWindows8User\\Dropbox\\test2 - Copy.txt"^^rdfs:Literal ;
        win:objectServer        "Security"^^rdfs:Literal ;
        win:objectType          "File"^^rdfs:Literal ;
        win:processID           "0xe74"^^rdfs:Literal ;
        win:processName         "C:\\Program Files (x86)\\Dropbox\\Client\\Dropbox.exe"^^rdfs:Literal ;
        win:resourceAttributes  "-"^^rdfs:Literal ;
        win:source              "Microsoft-Windows-Security-Auditing"^^rdfs:Literal ;
        win:taskCategory        "File System"^^rdfs:Literal ;
        win:upCode              "Info"^^rdfs:Literal .

