{"accessMask":"0x80","accountName":"Virtual Windows 10","@timestamp":"2018-08-27T15:48:42.435Z","accesses":"%%4423\n\t\t\t\t","logName":"Security","@type":"http://purl.org/sepses/vocab/log/wineventlog#WindowsEventLogEntry","eventID":4663,"logMessage":"An attempt was made to access an object.\n\nSubject:\n\tSecurity ID:\t\tS-1-5-21-2889181789-4222170037-1347726928-1001\n\tAccount Name:\t\tVirtual Windows 10\n\tAccount Domain:\t\tDESKTOP-MAC610T\n\tLogon ID:\t\t0x1EDF9\n\nObject:\n\tObject Server:\t\tSecurity\n\tObject Type:\t\tFile\n\tObject Name:\t\tC:\\Users\\Virtual Windows 10\\Dropbox\n\tHandle ID:\t\t0x3410\n\tResource Attributes:\tS:AI\n\nProcess Information:\n\tProcess ID:\t\t0x54\n\tProcess Name:\t\tC:\\Windows\\explorer.exe\n\nAccess Request Information:\n\tAccesses:\t\tReadAttributes\n\t\t\t\t\n\tAccess Mask:\t\t0x80","version":1,"objectServer":"Security","handleID":"0x3410","objectType":"File","computerName":"DESKTOP-MAC610T","taskCategory":"File System","source":"Microsoft-Windows-Security-Auditing","resourceAttributes":"S:AI","level":"Information","processName":"C:\\Windows\\explorer.exe","objectName":"C:\\Users\\Virtual Windows 10\\Dropbox","accountDomain":"DESKTOP-MAC610T","processID":"0x54","keyword":["Audit Success"],"upCode":"Info","@context":"http://sepses.ifs.tuwien.ac.at/contexts/wineventlog.jsonld","@id":"http://example.org/logEntry#logEntry-c3cfa294-b7e5-4113-a859-82979f7fd186","hasLogType":"wineventlog","logonID":"0x1edf9","originatesFrom":{"hostName":{"name":"DESKTOP-MAC610T"},"@type":"rdf:nodeID","@id":"http://example.org/sepses#e84b6c94-c38f-4a6c-b3e3-0ec0affd6abc"},"timestamp":"2018-08-27T15:48:42.435Z"}
{"accessMask":"0x80","accountName":"Virtual Windows 10","@timestamp":"2018-08-27T15:48:42.435Z","accesses":"%%4423\n\t\t\t\t","logName":"Security","@type":"http://purl.org/sepses/vocab/log/wineventlog#WindowsEventLogEntry","eventID":4663,"logMessage":"An attempt was made to access an object.\n\nSubject:\n\tSecurity ID:\t\tS-1-5-21-2889181789-4222170037-1347726928-1001\n\tAccount Name:\t\tVirtual Windows 10\n\tAccount Domain:\t\tDESKTOP-MAC610T\n\tLogon ID:\t\t0x1EDF9\n\nObject:\n\tObject Server:\t\tSecurity\n\tObject Type:\t\tFile\n\tObject Name:\t\tC:\\Users\\Virtual Windows 10\\Dropbox\n\tHandle ID:\t\t0x1c8c\n\tResource Attributes:\tS:AI\n\nProcess Information:\n\tProcess ID:\t\t0x54\n\tProcess Name:\t\tC:\\Windows\\explorer.exe\n\nAccess Request Information:\n\tAccesses:\t\tReadAttributes\n\t\t\t\t\n\tAccess Mask:\t\t0x80","version":1,"objectServer":"Security","handleID":"0x1c8c","objectType":"File","computerName":"DESKTOP-MAC610T","taskCategory":"File System","source":"Microsoft-Windows-Security-Auditing","resourceAttributes":"S:AI","level":"Information","processName":"C:\\Windows\\explorer.exe","objectName":"C:\\Users\\Virtual Windows 10\\Dropbox","accountDomain":"DESKTOP-MAC610T","processID":"0x54","keyword":["Audit Success"],"upCode":"Info","@context":"http://sepses.ifs.tuwien.ac.at/contexts/wineventlog.jsonld","@id":"http://example.org/logEntry#logEntry-1fe6e8cd-a706-47df-8193-3317582c2203","hasLogType":"wineventlog","logonID":"0x1edf9","originatesFrom":{"hostName":{"name":"DESKTOP-MAC610T"},"@type":"rdf:nodeID","@id":"http://example.org/sepses#dc9d9ce3-4e80-418a-a653-71903a8c6f46"},"timestamp":"2018-08-27T15:48:42.435Z"}
{"accessMask":"0x80","accountName":"Virtual Windows 10","@timestamp":"2018-08-27T15:48:42.869Z","accesses":"%%4423\n\t\t\t\t","logName":"Security","@type":"http://purl.org/sepses/vocab/log/wineventlog#WindowsEventLogEntry","eventID":4663,"logMessage":"An attempt was made to access an object.\n\nSubject:\n\tSecurity ID:\t\tS-1-5-21-2889181789-4222170037-1347726928-1001\n\tAccount Name:\t\tVirtual Windows 10\n\tAccount Domain:\t\tDESKTOP-MAC610T\n\tLogon ID:\t\t0x1EDF9\n\nObject:\n\tObject Server:\t\tSecurity\n\tObject Type:\t\tFile\n\tObject Name:\t\tC:\\Users\\Virtual Windows 10\\UserDocuments\n\tHandle ID:\t\t0x234c\n\tResource Attributes:\tS:AI\n\nProcess Information:\n\tProcess ID:\t\t0x54\n\tProcess Name:\t\tC:\\Windows\\explorer.exe\n\nAccess Request Information:\n\tAccesses:\t\tReadAttributes\n\t\t\t\t\n\tAccess Mask:\t\t0x80","version":1,"objectServer":"Security","handleID":"0x234c","objectType":"File","computerName":"DESKTOP-MAC610T","taskCategory":"File System","source":"Microsoft-Windows-Security-Auditing","resourceAttributes":"S:AI","level":"Information","processName":"C:\\Windows\\explorer.exe","objectName":"C:\\Users\\Virtual Windows 10\\UserDocuments","accountDomain":"DESKTOP-MAC610T","processID":"0x54","keyword":["Audit Success"],"upCode":"Info","@context":"http://sepses.ifs.tuwien.ac.at/contexts/wineventlog.jsonld","@id":"http://example.org/logEntry#logEntry-a68a72e6-5e5e-4999-8c55-295439b7320f","hasLogType":"wineventlog","logonID":"0x1edf9","originatesFrom":{"hostName":{"name":"DESKTOP-MAC610T"},"@type":"rdf:nodeID","@id":"http://example.org/sepses#d3b6e0f7-727f-4e61-ae10-b9ac2cdf9eeb"},"timestamp":"2018-08-27T15:48:42.869Z"}
{"accessMask":"0x80","accountName":"Virtual Windows 10","@timestamp":"2018-08-27T15:48:42.874Z","accesses":"%%4423\n\t\t\t\t","logName":"Security","@type":"http://purl.org/sepses/vocab/log/wineventlog#WindowsEventLogEntry","eventID":4663,"logMessage":"An attempt was made to access an object.\n\nSubject:\n\tSecurity ID:\t\tS-1-5-21-2889181789-4222170037-1347726928-1001\n\tAccount Name:\t\tVirtual Windows 10\n\tAccount Domain:\t\tDESKTOP-MAC610T\n\tLogon ID:\t\t0x1EDF9\n\nObject:\n\tObject Server:\t\tSecurity\n\tObject Type:\t\tFile\n\tObject Name:\t\tC:\\Users\\Virtual Windows 10\\UserDocuments\n\tHandle ID:\t\t0x234c\n\tResource Attributes:\tS:AI\n\nProcess Information:\n\tProcess ID:\t\t0x54\n\tProcess Name:\t\tC:\\Windows\\explorer.exe\n\nAccess Request Information:\n\tAccesses:\t\tReadAttributes\n\t\t\t\t\n\tAccess Mask:\t\t0x80","version":1,"objectServer":"Security","handleID":"0x234c","objectType":"File","computerName":"DESKTOP-MAC610T","taskCategory":"File System","source":"Microsoft-Windows-Security-Auditing","resourceAttributes":"S:AI","level":"Information","processName":"C:\\Windows\\explorer.exe","objectName":"C:\\Users\\Virtual Windows 10\\UserDocuments","accountDomain":"DESKTOP-MAC610T","processID":"0x54","keyword":["Audit Success"],"upCode":"Info","@context":"http://sepses.ifs.tuwien.ac.at/contexts/wineventlog.jsonld","@id":"http://example.org/logEntry#logEntry-1da6cb6c-3d6c-4c59-98f3-6315c859f18d","hasLogType":"wineventlog","logonID":"0x1edf9","originatesFrom":{"hostName":{"name":"DESKTOP-MAC610T"},"@type":"rdf:nodeID","@id":"http://example.org/sepses#5261915e-b72f-463d-94e1-5a1f92266150"},"timestamp":"2018-08-27T15:48:42.874Z"}
{"accessMask":"0x80","accountName":"Virtual Windows 10","@timestamp":"2018-08-27T15:48:42.957Z","accesses":"%%4423\n\t\t\t\t","logName":"Security","@type":"http://purl.org/sepses/vocab/log/wineventlog#WindowsEventLogEntry","eventID":4663,"logMessage":"An attempt was made to access an object.\n\nSubject:\n\tSecurity ID:\t\tS-1-5-21-2889181789-4222170037-1347726928-1001\n\tAccount Name:\t\tVirtual Windows 10\n\tAccount Domain:\t\tDESKTOP-MAC610T\n\tLogon ID:\t\t0x1EDF9\n\nObject:\n\tObject Server:\t\tSecurity\n\tObject Type:\t\tFile\n\tObject Name:\t\tC:\\Users\\Virtual Windows 10\\UserDocuments\n\tHandle ID:\t\t0x3c48\n\tResource Attributes:\tS:AI\n\nProcess Information:\n\tProcess ID:\t\t0x54\n\tProcess Name:\t\tC:\\Windows\\explorer.exe\n\nAccess Request Information:\n\tAccesses:\t\tReadAttributes\n\t\t\t\t\n\tAccess Mask:\t\t0x80","version":1,"objectServer":"Security","handleID":"0x3c48","objectType":"File","computerName":"DESKTOP-MAC610T","taskCategory":"File System","source":"Microsoft-Windows-Security-Auditing","resourceAttributes":"S:AI","level":"Information","processName":"C:\\Windows\\explorer.exe","objectName":"C:\\Users\\Virtual Windows 10\\UserDocuments","accountDomain":"DESKTOP-MAC610T","processID":"0x54","keyword":["Audit Success"],"upCode":"Info","@context":"http://sepses.ifs.tuwien.ac.at/contexts/wineventlog.jsonld","@id":"http://example.org/logEntry#logEntry-a8692f84-72e7-4434-9971-301d6ae67282","hasLogType":"wineventlog","logonID":"0x1edf9","originatesFrom":{"hostName":{"name":"DESKTOP-MAC610T"},"@type":"rdf:nodeID","@id":"http://example.org/sepses#20222340-2464-41a7-aa9b-83cc9e55df2e"},"timestamp":"2018-08-27T15:48:42.957Z"}
{"accessMask":"0x80","accountName":"Virtual Windows 10","@timestamp":"2018-08-27T15:48:42.958Z","accesses":"%%4423\n\t\t\t\t","logName":"Security","@type":"http://purl.org/sepses/vocab/log/wineventlog#WindowsEventLogEntry","eventID":4663,"logMessage":"An attempt was made to access an object.\n\nSubject:\n\tSecurity ID:\t\tS-1-5-21-2889181789-4222170037-1347726928-1001\n\tAccount Name:\t\tVirtual Windows 10\n\tAccount Domain:\t\tDESKTOP-MAC610T\n\tLogon ID:\t\t0x1EDF9\n\nObject:\n\tObject Server:\t\tSecurity\n\tObject Type:\t\tFile\n\tObject Name:\t\tC:\\Users\\Virtual Windows 10\\UserDocuments\n\tHandle ID:\t\t0x3c48\n\tResource Attributes:\tS:AI\n\nProcess Information:\n\tProcess ID:\t\t0x54\n\tProcess Name:\t\tC:\\Windows\\explorer.exe\n\nAccess Request Information:\n\tAccesses:\t\tReadAttributes\n\t\t\t\t\n\tAccess Mask:\t\t0x80","version":1,"objectServer":"Security","handleID":"0x3c48","objectType":"File","computerName":"DESKTOP-MAC610T","taskCategory":"File System","source":"Microsoft-Windows-Security-Auditing","resourceAttributes":"S:AI","level":"Information","processName":"C:\\Windows\\explorer.exe","objectName":"C:\\Users\\Virtual Windows 10\\UserDocuments","accountDomain":"DESKTOP-MAC610T","processID":"0x54","keyword":["Audit Success"],"upCode":"Info","@context":"http://sepses.ifs.tuwien.ac.at/contexts/wineventlog.jsonld","@id":"http://example.org/logEntry#logEntry-2fd24d8b-cf8d-4810-8677-11d91c836490","hasLogType":"wineventlog","logonID":"0x1edf9","originatesFrom":{"hostName":{"name":"DESKTOP-MAC610T"},"@type":"rdf:nodeID","@id":"http://example.org/sepses#89d70b71-20b7-4ac8-bbb2-76c2bc8933e7"},"timestamp":"2018-08-27T15:48:42.958Z"}
{"accessMask":"0x80","accountName":"Virtual Windows 10","@timestamp":"2018-08-27T15:48:43.162Z","accesses":"%%4423\n\t\t\t\t","logName":"Security","@type":"http://purl.org/sepses/vocab/log/wineventlog#WindowsEventLogEntry","eventID":4663,"logMessage":"An attempt was made to access an object.\n\nSubject:\n\tSecurity ID:\t\tS-1-5-21-2889181789-4222170037-1347726928-1001\n\tAccount Name:\t\tVirtual Windows 10\n\tAccount Domain:\t\tDESKTOP-MAC610T\n\tLogon ID:\t\t0x1EDF9\n\nObject:\n\tObject Server:\t\tSecurity\n\tObject Type:\t\tFile\n\tObject Name:\t\tC:\\Users\\Virtual Windows 10\\Dropbox\n\tHandle ID:\t\t0x2254\n\tResource Attributes:\tS:AI\n\nProcess Information:\n\tProcess ID:\t\t0x16c8\n\tProcess Name:\t\tC:\\Program Files (x86)\\Dropbox\\Client\\Dropbox.exe\n\nAccess Request Information:\n\tAccesses:\t\tReadAttributes\n\t\t\t\t\n\tAccess Mask:\t\t0x80","version":1,"objectServer":"Security","handleID":"0x2254","objectType":"File","computerName":"DESKTOP-MAC610T","taskCategory":"File System","source":"Microsoft-Windows-Security-Auditing","resourceAttributes":"S:AI","level":"Information","processName":"C:\\Program Files (x86)\\Dropbox\\Client\\Dropbox.exe","objectName":"C:\\Users\\Virtual Windows 10\\Dropbox","accountDomain":"DESKTOP-MAC610T","processID":"0x16c8","keyword":["Audit Success"],"upCode":"Info","@context":"http://sepses.ifs.tuwien.ac.at/contexts/wineventlog.jsonld","@id":"http://example.org/logEntry#logEntry-15b30e4b-0bbc-4a47-a82a-06f0dd25beef","hasLogType":"wineventlog","logonID":"0x1edf9","originatesFrom":{"hostName":{"name":"DESKTOP-MAC610T"},"@type":"rdf:nodeID","@id":"http://example.org/sepses#02faf699-0b31-4fa8-a042-26f7ed51cc19"},"timestamp":"2018-08-27T15:48:43.162Z"}
{"accessMask":"0x80","accountName":"Virtual Windows 10","@timestamp":"2018-08-27T15:48:43.162Z","accesses":"%%4423\n\t\t\t\t","logName":"Security","@type":"http://purl.org/sepses/vocab/log/wineventlog#WindowsEventLogEntry","eventID":4663,"logMessage":"An attempt was made to access an object.\n\nSubject:\n\tSecurity ID:\t\tS-1-5-21-2889181789-4222170037-1347726928-1001\n\tAccount Name:\t\tVirtual Windows 10\n\tAccount Domain:\t\tDESKTOP-MAC610T\n\tLogon ID:\t\t0x1EDF9\n\nObject:\n\tObject Server:\t\tSecurity\n\tObject Type:\t\tFile\n\tObject Name:\t\tC:\\Users\\Virtual Windows 10\\Dropbox\n\tHandle ID:\t\t0x2254\n\tResource Attributes:\tS:AI\n\nProcess Information:\n\tProcess ID:\t\t0x16c8\n\tProcess Name:\t\tC:\\Program Files (x86)\\Dropbox\\Client\\Dropbox.exe\n\nAccess Request Information:\n\tAccesses:\t\tReadAttributes\n\t\t\t\t\n\tAccess Mask:\t\t0x80","version":1,"objectServer":"Security","handleID":"0x2254","objectType":"File","computerName":"DESKTOP-MAC610T","taskCategory":"File System","source":"Microsoft-Windows-Security-Auditing","resourceAttributes":"S:AI","level":"Information","processName":"C:\\Program Files (x86)\\Dropbox\\Client\\Dropbox.exe","objectName":"C:\\Users\\Virtual Windows 10\\Dropbox","accountDomain":"DESKTOP-MAC610T","processID":"0x16c8","keyword":["Audit Success"],"upCode":"Info","@context":"http://sepses.ifs.tuwien.ac.at/contexts/wineventlog.jsonld","@id":"http://example.org/logEntry#logEntry-5aa5040b-72b6-4e5f-9f46-6b386e274a4b","hasLogType":"wineventlog","logonID":"0x1edf9","originatesFrom":{"hostName":{"name":"DESKTOP-MAC610T"},"@type":"rdf:nodeID","@id":"http://example.org/sepses#4336b099-1aea-4331-b570-dbbb20e72dd3"},"timestamp":"2018-08-27T15:48:43.162Z"}
{"accessMask":"0x80","accountName":"Virtual Windows 10","@timestamp":"2018-08-27T15:48:43.163Z","accesses":"%%4423\n\t\t\t\t","logName":"Security","@type":"http://purl.org/sepses/vocab/log/wineventlog#WindowsEventLogEntry","eventID":4663,"logMessage":"An attempt was made to access an object.\n\nSubject:\n\tSecurity ID:\t\tS-1-5-21-2889181789-4222170037-1347726928-1001\n\tAccount Name:\t\tVirtual Windows 10\n\tAccount Domain:\t\tDESKTOP-MAC610T\n\tLogon ID:\t\t0x1EDF9\n\nObject:\n\tObject Server:\t\tSecurity\n\tObject Type:\t\tFile\n\tObject Name:\t\tC:\\Users\\Virtual Windows 10\\Dropbox\n\tHandle ID:\t\t0x2254\n\tResource Attributes:\tS:AI\n\nProcess Information:\n\tProcess ID:\t\t0x16c8\n\tProcess Name:\t\tC:\\Program Files (x86)\\Dropbox\\Client\\Dropbox.exe\n\nAccess Request Information:\n\tAccesses:\t\tReadAttributes\n\t\t\t\t\n\tAccess Mask:\t\t0x80","version":1,"objectServer":"Security","handleID":"0x2254","objectType":"File","computerName":"DESKTOP-MAC610T","taskCategory":"File System","source":"Microsoft-Windows-Security-Auditing","resourceAttributes":"S:AI","level":"Information","processName":"C:\\Program Files (x86)\\Dropbox\\Client\\Dropbox.exe","objectName":"C:\\Users\\Virtual Windows 10\\Dropbox","accountDomain":"DESKTOP-MAC610T","processID":"0x16c8","keyword":["Audit Success"],"upCode":"Info","@context":"http://sepses.ifs.tuwien.ac.at/contexts/wineventlog.jsonld","@id":"http://example.org/logEntry#logEntry-c1cbbcb4-ad48-4df6-a3ae-aef7cee288b7","hasLogType":"wineventlog","logonID":"0x1edf9","originatesFrom":{"hostName":{"name":"DESKTOP-MAC610T"},"@type":"rdf:nodeID","@id":"http://example.org/sepses#1a20a458-6cdf-4626-b1a8-223e64745755"},"timestamp":"2018-08-27T15:48:43.163Z"}
{"accessMask":"0x80","accountName":"Virtual Windows 10","@timestamp":"2018-08-27T15:48:43.349Z","accesses":"%%4423\n\t\t\t\t","logName":"Security","@type":"http://purl.org/sepses/vocab/log/wineventlog#WindowsEventLogEntry","eventID":4663,"logMessage":"An attempt was made to access an object.\n\nSubject:\n\tSecurity ID:\t\tS-1-5-21-2889181789-4222170037-1347726928-1001\n\tAccount Name:\t\tVirtual Windows 10\n\tAccount Domain:\t\tDESKTOP-MAC610T\n\tLogon ID:\t\t0x1EDF9\n\nObject:\n\tObject Server:\t\tSecurity\n\tObject Type:\t\tFile\n\tObject Name:\t\tC:\\Users\\Virtual Windows 10\\Dropbox\n\tHandle ID:\t\t0x2254\n\tResource Attributes:\tS:AI\n\nProcess Information:\n\tProcess ID:\t\t0x16c8\n\tProcess Name:\t\tC:\\Program Files (x86)\\Dropbox\\Client\\Dropbox.exe\n\nAccess Request Information:\n\tAccesses:\t\tReadAttributes\n\t\t\t\t\n\tAccess Mask:\t\t0x80","version":1,"objectServer":"Security","handleID":"0x2254","objectType":"File","computerName":"DESKTOP-MAC610T","taskCategory":"File System","source":"Microsoft-Windows-Security-Auditing","resourceAttributes":"S:AI","level":"Information","processName":"C:\\Program Files (x86)\\Dropbox\\Client\\Dropbox.exe","objectName":"C:\\Users\\Virtual Windows 10\\Dropbox","accountDomain":"DESKTOP-MAC610T","processID":"0x16c8","keyword":["Audit Success"],"upCode":"Info","@context":"http://sepses.ifs.tuwien.ac.at/contexts/wineventlog.jsonld","@id":"http://example.org/logEntry#logEntry-28229098-4e21-4ade-a2db-f285c718a690","hasLogType":"wineventlog","logonID":"0x1edf9","originatesFrom":{"hostName":{"name":"DESKTOP-MAC610T"},"@type":"rdf:nodeID","@id":"http://example.org/sepses#27432c4a-c121-4401-98f0-14009a0ffad9"},"timestamp":"2018-08-27T15:48:43.349Z"}
{"accessMask":"0x80","accountName":"Virtual Windows 10","@timestamp":"2018-08-27T15:48:43.350Z","accesses":"%%4423\n\t\t\t\t","logName":"Security","@type":"http://purl.org/sepses/vocab/log/wineventlog#WindowsEventLogEntry","eventID":4663,"logMessage":"An attempt was made to access an object.\n\nSubject:\n\tSecurity ID:\t\tS-1-5-21-2889181789-4222170037-1347726928-1001\n\tAccount Name:\t\tVirtual Windows 10\n\tAccount Domain:\t\tDESKTOP-MAC610T\n\tLogon ID:\t\t0x1EDF9\n\nObject:\n\tObject Server:\t\tSecurity\n\tObject Type:\t\tFile\n\tObject Name:\t\tC:\\Users\\Virtual Windows 10\\Dropbox\n\tHandle ID:\t\t0x2254\n\tResource Attributes:\tS:AI\n\nProcess Information:\n\tProcess ID:\t\t0x16c8\n\tProcess Name:\t\tC:\\Program Files (x86)\\Dropbox\\Client\\Dropbox.exe\n\nAccess Request Information:\n\tAccesses:\t\tReadAttributes\n\t\t\t\t\n\tAccess Mask:\t\t0x80","version":1,"objectServer":"Security","handleID":"0x2254","objectType":"File","computerName":"DESKTOP-MAC610T","taskCategory":"File System","source":"Microsoft-Windows-Security-Auditing","resourceAttributes":"S:AI","level":"Information","processName":"C:\\Program Files (x86)\\Dropbox\\Client\\Dropbox.exe","objectName":"C:\\Users\\Virtual Windows 10\\Dropbox","accountDomain":"DESKTOP-MAC610T","processID":"0x16c8","keyword":["Audit Success"],"upCode":"Info","@context":"http://sepses.ifs.tuwien.ac.at/contexts/wineventlog.jsonld","@id":"http://example.org/logEntry#logEntry-a00fb8f2-2866-43b1-9579-8a6081102923","hasLogType":"wineventlog","logonID":"0x1edf9","originatesFrom":{"hostName":{"name":"DESKTOP-MAC610T"},"@type":"rdf:nodeID","@id":"http://example.org/sepses#df5f41d6-1951-455e-990c-2eacffc57862"},"timestamp":"2018-08-27T15:48:43.350Z"}
{"accessMask":"0x80","accountName":"Virtual Windows 10","@timestamp":"2018-08-27T15:48:43.351Z","accesses":"%%4423\n\t\t\t\t","logName":"Security","@type":"http://purl.org/sepses/vocab/log/wineventlog#WindowsEventLogEntry","eventID":4663,"logMessage":"An attempt was made to access an object.\n\nSubject:\n\tSecurity ID:\t\tS-1-5-21-2889181789-4222170037-1347726928-1001\n\tAccount Name:\t\tVirtual Windows 10\n\tAccount Domain:\t\tDESKTOP-MAC610T\n\tLogon ID:\t\t0x1EDF9\n\nObject:\n\tObject Server:\t\tSecurity\n\tObject Type:\t\tFile\n\tObject Name:\t\tC:\\Users\\Virtual Windows 10\\Dropbox\n\tHandle ID:\t\t0x2254\n\tResource Attributes:\tS:AI\n\nProcess Information:\n\tProcess ID:\t\t0x16c8\n\tProcess Name:\t\tC:\\Program Files (x86)\\Dropbox\\Client\\Dropbox.exe\n\nAccess Request Information:\n\tAccesses:\t\tReadAttributes\n\t\t\t\t\n\tAccess Mask:\t\t0x80","version":1,"objectServer":"Security","handleID":"0x2254","objectType":"File","computerName":"DESKTOP-MAC610T","taskCategory":"File System","source":"Microsoft-Windows-Security-Auditing","resourceAttributes":"S:AI","level":"Information","processName":"C:\\Program Files (x86)\\Dropbox\\Client\\Dropbox.exe","objectName":"C:\\Users\\Virtual Windows 10\\Dropbox","accountDomain":"DESKTOP-MAC610T","processID":"0x16c8","keyword":["Audit Success"],"upCode":"Info","@context":"http://sepses.ifs.tuwien.ac.at/contexts/wineventlog.jsonld","@id":"http://example.org/logEntry#logEntry-bc781944-999e-433a-8f45-3f77650e5b2c","hasLogType":"wineventlog","logonID":"0x1edf9","originatesFrom":{"hostName":{"name":"DESKTOP-MAC610T"},"@type":"rdf:nodeID","@id":"http://example.org/sepses#3bd5f8e1-87fc-4025-9c11-051eade0ec27"},"timestamp":"2018-08-27T15:48:43.351Z"}
{"accessMask":"0x80","accountName":"Virtual Windows 10","@timestamp":"2018-08-27T15:48:43.609Z","accesses":"%%4423\n\t\t\t\t","logName":"Security","@type":"http://purl.org/sepses/vocab/log/wineventlog#WindowsEventLogEntry","eventID":4663,"logMessage":"An attempt was made to access an object.\n\nSubject:\n\tSecurity ID:\t\tS-1-5-21-2889181789-4222170037-1347726928-1001\n\tAccount Name:\t\tVirtual Windows 10\n\tAccount Domain:\t\tDESKTOP-MAC610T\n\tLogon ID:\t\t0x1EDF9\n\nObject:\n\tObject Server:\t\tSecurity\n\tObject Type:\t\tFile\n\tObject Name:\t\tC:\\Users\\Virtual Windows 10\\Dropbox\n\tHandle ID:\t\t0x2254\n\tResource Attributes:\tS:AI\n\nProcess Information:\n\tProcess ID:\t\t0x16c8\n\tProcess Name:\t\tC:\\Program Files (x86)\\Dropbox\\Client\\Dropbox.exe\n\nAccess Request Information:\n\tAccesses:\t\tReadAttributes\n\t\t\t\t\n\tAccess Mask:\t\t0x80","version":1,"objectServer":"Security","handleID":"0x2254","objectType":"File","computerName":"DESKTOP-MAC610T","taskCategory":"File System","source":"Microsoft-Windows-Security-Auditing","resourceAttributes":"S:AI","level":"Information","processName":"C:\\Program Files (x86)\\Dropbox\\Client\\Dropbox.exe","objectName":"C:\\Users\\Virtual Windows 10\\Dropbox","accountDomain":"DESKTOP-MAC610T","processID":"0x16c8","keyword":["Audit Success"],"upCode":"Info","@context":"http://sepses.ifs.tuwien.ac.at/contexts/wineventlog.jsonld","@id":"http://example.org/logEntry#logEntry-ba02916b-9c77-4adc-986a-a299af048a45","hasLogType":"wineventlog","logonID":"0x1edf9","originatesFrom":{"hostName":{"name":"DESKTOP-MAC610T"},"@type":"rdf:nodeID","@id":"http://example.org/sepses#0bc89b8f-227c-406a-8fa5-30e221073c73"},"timestamp":"2018-08-27T15:48:43.609Z"}
{"accessMask":"0x80","accountName":"Virtual Windows 10","@timestamp":"2018-08-27T15:48:43.610Z","accesses":"%%4423\n\t\t\t\t","logName":"Security","@type":"http://purl.org/sepses/vocab/log/wineventlog#WindowsEventLogEntry","eventID":4663,"logMessage":"An attempt was made to access an object.\n\nSubject:\n\tSecurity ID:\t\tS-1-5-21-2889181789-4222170037-1347726928-1001\n\tAccount Name:\t\tVirtual Windows 10\n\tAccount Domain:\t\tDESKTOP-MAC610T\n\tLogon ID:\t\t0x1EDF9\n\nObject:\n\tObject Server:\t\tSecurity\n\tObject Type:\t\tFile\n\tObject Name:\t\tC:\\Users\\Virtual Windows 10\\Dropbox\n\tHandle ID:\t\t0x2254\n\tResource Attributes:\tS:AI\n\nProcess Information:\n\tProcess ID:\t\t0x16c8\n\tProcess Name:\t\tC:\\Program Files (x86)\\Dropbox\\Client\\Dropbox.exe\n\nAccess Request Information:\n\tAccesses:\t\tReadAttributes\n\t\t\t\t\n\tAccess Mask:\t\t0x80","version":1,"objectServer":"Security","handleID":"0x2254","objectType":"File","computerName":"DESKTOP-MAC610T","taskCategory":"File System","source":"Microsoft-Windows-Security-Auditing","resourceAttributes":"S:AI","level":"Information","processName":"C:\\Program Files (x86)\\Dropbox\\Client\\Dropbox.exe","objectName":"C:\\Users\\Virtual Windows 10\\Dropbox","accountDomain":"DESKTOP-MAC610T","processID":"0x16c8","keyword":["Audit Success"],"upCode":"Info","@context":"http://sepses.ifs.tuwien.ac.at/contexts/wineventlog.jsonld","@id":"http://example.org/logEntry#logEntry-7d3113e5-3e04-489e-b752-06b1bcbbb1ff","hasLogType":"wineventlog","logonID":"0x1edf9","originatesFrom":{"hostName":{"name":"DESKTOP-MAC610T"},"@type":"rdf:nodeID","@id":"http://example.org/sepses#e49e6861-d702-445b-8e48-6ff70c9dbbee"},"timestamp":"2018-08-27T15:48:43.610Z"}
{"accessMask":"0x80","accountName":"Virtual Windows 10","@timestamp":"2018-08-27T15:48:43.610Z","accesses":"%%4423\n\t\t\t\t","logName":"Security","@type":"http://purl.org/sepses/vocab/log/wineventlog#WindowsEventLogEntry","eventID":4663,"logMessage":"An attempt was made to access an object.\n\nSubject:\n\tSecurity ID:\t\tS-1-5-21-2889181789-4222170037-1347726928-1001\n\tAccount Name:\t\tVirtual Windows 10\n\tAccount Domain:\t\tDESKTOP-MAC610T\n\tLogon ID:\t\t0x1EDF9\n\nObject:\n\tObject Server:\t\tSecurity\n\tObject Type:\t\tFile\n\tObject Name:\t\tC:\\Users\\Virtual Windows 10\\Dropbox\n\tHandle ID:\t\t0x2254\n\tResource Attributes:\tS:AI\n\nProcess Information:\n\tProcess ID:\t\t0x16c8\n\tProcess Name:\t\tC:\\Program Files (x86)\\Dropbox\\Client\\Dropbox.exe\n\nAccess Request Information:\n\tAccesses:\t\tReadAttributes\n\t\t\t\t\n\tAccess Mask:\t\t0x80","version":1,"objectServer":"Security","handleID":"0x2254","objectType":"File","computerName":"DESKTOP-MAC610T","taskCategory":"File System","source":"Microsoft-Windows-Security-Auditing","resourceAttributes":"S:AI","level":"Information","processName":"C:\\Program Files (x86)\\Dropbox\\Client\\Dropbox.exe","objectName":"C:\\Users\\Virtual Windows 10\\Dropbox","accountDomain":"DESKTOP-MAC610T","processID":"0x16c8","keyword":["Audit Success"],"upCode":"Info","@context":"http://sepses.ifs.tuwien.ac.at/contexts/wineventlog.jsonld","@id":"http://example.org/logEntry#logEntry-709571a5-064b-4f80-8125-32b86d4721d2","hasLogType":"wineventlog","logonID":"0x1edf9","originatesFrom":{"hostName":{"name":"DESKTOP-MAC610T"},"@type":"rdf:nodeID","@id":"http://example.org/sepses#61ddcfeb-d540-48c1-927e-195acd07cf0a"},"timestamp":"2018-08-27T15:48:43.610Z"}
{"accessMask":"0x80","accountName":"Virtual Windows 10","@timestamp":"2018-08-27T15:49:01.699Z","accesses":"%%4423\n\t\t\t\t","logName":"Security","@type":"http://purl.org/sepses/vocab/log/wineventlog#WindowsEventLogEntry","eventID":4663,"logMessage":"An attempt was made to access an object.\n\nSubject:\n\tSecurity ID:\t\tS-1-5-21-2889181789-4222170037-1347726928-1001\n\tAccount Name:\t\tVirtual Windows 10\n\tAccount Domain:\t\tDESKTOP-MAC610T\n\tLogon ID:\t\t0x1EDF9\n\nObject:\n\tObject Server:\t\tSecurity\n\tObject Type:\t\tFile\n\tObject Name:\t\tC:\\Users\\Virtual Windows 10\\Dropbox\n\tHandle ID:\t\t0x4698\n\tResource Attributes:\tS:AI\n\nProcess Information:\n\tProcess ID:\t\t0x54\n\tProcess Name:\t\tC:\\Windows\\explorer.exe\n\nAccess Request Information:\n\tAccesses:\t\tReadAttributes\n\t\t\t\t\n\tAccess Mask:\t\t0x80","version":1,"objectServer":"Security","handleID":"0x4698","objectType":"File","computerName":"DESKTOP-MAC610T","taskCategory":"File System","source":"Microsoft-Windows-Security-Auditing","resourceAttributes":"S:AI","level":"Information","processName":"C:\\Windows\\explorer.exe","objectName":"C:\\Users\\Virtual Windows 10\\Dropbox","accountDomain":"DESKTOP-MAC610T","processID":"0x54","keyword":["Audit Success"],"upCode":"Info","@context":"http://sepses.ifs.tuwien.ac.at/contexts/wineventlog.jsonld","@id":"http://example.org/logEntry#logEntry-8aad96d4-49a2-4a6f-b6e2-5c88f0840077","hasLogType":"wineventlog","logonID":"0x1edf9","originatesFrom":{"hostName":{"name":"DESKTOP-MAC610T"},"@type":"rdf:nodeID","@id":"http://example.org/sepses#64e343ad-f7c4-4b12-b33e-6a0ddd208217"},"timestamp":"2018-08-27T15:49:01.699Z"}
{"accessMask":"0x80","accountName":"Virtual Windows 10","@timestamp":"2018-08-27T15:49:01.746Z","accesses":"%%4423\n\t\t\t\t","logName":"Security","@type":"http://purl.org/sepses/vocab/log/wineventlog#WindowsEventLogEntry","eventID":4663,"logMessage":"An attempt was made to access an object.\n\nSubject:\n\tSecurity ID:\t\tS-1-5-21-2889181789-4222170037-1347726928-1001\n\tAccount Name:\t\tVirtual Windows 10\n\tAccount Domain:\t\tDESKTOP-MAC610T\n\tLogon ID:\t\t0x1EDF9\n\nObject:\n\tObject Server:\t\tSecurity\n\tObject Type:\t\tFile\n\tObject Name:\t\tC:\\Users\\Virtual Windows 10\\UserDocuments\n\tHandle ID:\t\t0x39c8\n\tResource Attributes:\tS:AI\n\nProcess Information:\n\tProcess ID:\t\t0x54\n\tProcess Name:\t\tC:\\Windows\\explorer.exe\n\nAccess Request Information:\n\tAccesses:\t\tReadAttributes\n\t\t\t\t\n\tAccess Mask:\t\t0x80","version":1,"objectServer":"Security","handleID":"0x39c8","objectType":"File","computerName":"DESKTOP-MAC610T","taskCategory":"File System","source":"Microsoft-Windows-Security-Auditing","resourceAttributes":"S:AI","level":"Information","processName":"C:\\Windows\\explorer.exe","objectName":"C:\\Users\\Virtual Windows 10\\UserDocuments","accountDomain":"DESKTOP-MAC610T","processID":"0x54","keyword":["Audit Success"],"upCode":"Info","@context":"http://sepses.ifs.tuwien.ac.at/contexts/wineventlog.jsonld","@id":"http://example.org/logEntry#logEntry-167c471e-4dc8-401a-adc7-c7ab2ce0efd4","hasLogType":"wineventlog","logonID":"0x1edf9","originatesFrom":{"hostName":{"name":"DESKTOP-MAC610T"},"@type":"rdf:nodeID","@id":"http://example.org/sepses#c6dafb5a-54bf-46a4-8f3a-7c03b3d2363c"},"timestamp":"2018-08-27T15:49:01.746Z"}
{"accessMask":"0x80","accountName":"Virtual Windows 10","@timestamp":"2018-08-27T15:49:03.711Z","accesses":"%%4423\n\t\t\t\t","logName":"Security","@type":"http://purl.org/sepses/vocab/log/wineventlog#WindowsEventLogEntry","eventID":4663,"logMessage":"An attempt was made to access an object.\n\nSubject:\n\tSecurity ID:\t\tS-1-5-21-2889181789-4222170037-1347726928-1001\n\tAccount Name:\t\tVirtual Windows 10\n\tAccount Domain:\t\tDESKTOP-MAC610T\n\tLogon ID:\t\t0x1EDF9\n\nObject:\n\tObject Server:\t\tSecurity\n\tObject Type:\t\tFile\n\tObject Name:\t\tC:\\Users\\Virtual Windows 10\\Dropbox\n\tHandle ID:\t\t0x2254\n\tResource Attributes:\tS:AI\n\nProcess Information:\n\tProcess ID:\t\t0x16c8\n\tProcess Name:\t\tC:\\Program Files (x86)\\Dropbox\\Client\\Dropbox.exe\n\nAccess Request Information:\n\tAccesses:\t\tReadAttributes\n\t\t\t\t\n\tAccess Mask:\t\t0x80","version":1,"objectServer":"Security","handleID":"0x2254","objectType":"File","computerName":"DESKTOP-MAC610T","taskCategory":"File System","source":"Microsoft-Windows-Security-Auditing","resourceAttributes":"S:AI","level":"Information","processName":"C:\\Program Files (x86)\\Dropbox\\Client\\Dropbox.exe","objectName":"C:\\Users\\Virtual Windows 10\\Dropbox","accountDomain":"DESKTOP-MAC610T","processID":"0x16c8","keyword":["Audit Success"],"upCode":"Info","@context":"http://sepses.ifs.tuwien.ac.at/contexts/wineventlog.jsonld","@id":"http://example.org/logEntry#logEntry-b491a0cf-b03c-42ee-bc53-70cbe46d28df","hasLogType":"wineventlog","logonID":"0x1edf9","originatesFrom":{"hostName":{"name":"DESKTOP-MAC610T"},"@type":"rdf:nodeID","@id":"http://example.org/sepses#a2dac9df-1065-4084-a073-8b9cf9057999"},"timestamp":"2018-08-27T15:49:03.711Z"}
{"accessMask":"0x80","accountName":"Virtual Windows 10","@timestamp":"2018-08-27T15:49:03.712Z","accesses":"%%4423\n\t\t\t\t","logName":"Security","@type":"http://purl.org/sepses/vocab/log/wineventlog#WindowsEventLogEntry","eventID":4663,"logMessage":"An attempt was made to access an object.\n\nSubject:\n\tSecurity ID:\t\tS-1-5-21-2889181789-4222170037-1347726928-1001\n\tAccount Name:\t\tVirtual Windows 10\n\tAccount Domain:\t\tDESKTOP-MAC610T\n\tLogon ID:\t\t0x1EDF9\n\nObject:\n\tObject Server:\t\tSecurity\n\tObject Type:\t\tFile\n\tObject Name:\t\tC:\\Users\\Virtual Windows 10\\Dropbox\n\tHandle ID:\t\t0x2254\n\tResource Attributes:\tS:AI\n\nProcess Information:\n\tProcess ID:\t\t0x16c8\n\tProcess Name:\t\tC:\\Program Files (x86)\\Dropbox\\Client\\Dropbox.exe\n\nAccess Request Information:\n\tAccesses:\t\tReadAttributes\n\t\t\t\t\n\tAccess Mask:\t\t0x80","version":1,"objectServer":"Security","handleID":"0x2254","objectType":"File","computerName":"DESKTOP-MAC610T","taskCategory":"File System","source":"Microsoft-Windows-Security-Auditing","resourceAttributes":"S:AI","level":"Information","processName":"C:\\Program Files (x86)\\Dropbox\\Client\\Dropbox.exe","objectName":"C:\\Users\\Virtual Windows 10\\Dropbox","accountDomain":"DESKTOP-MAC610T","processID":"0x16c8","keyword":["Audit Success"],"upCode":"Info","@context":"http://sepses.ifs.tuwien.ac.at/contexts/wineventlog.jsonld","@id":"http://example.org/logEntry#logEntry-ab70dfd0-72ed-4950-8422-d3caadb2ff1e","hasLogType":"wineventlog","logonID":"0x1edf9","originatesFrom":{"hostName":{"name":"DESKTOP-MAC610T"},"@type":"rdf:nodeID","@id":"http://example.org/sepses#cd15bb0d-6eee-4bf0-ae70-f4fc346fe02c"},"timestamp":"2018-08-27T15:49:03.712Z"}
{"accessMask":"0x80","accountName":"Virtual Windows 10","@timestamp":"2018-08-27T15:49:03.712Z","accesses":"%%4423\n\t\t\t\t","logName":"Security","@type":"http://purl.org/sepses/vocab/log/wineventlog#WindowsEventLogEntry","eventID":4663,"logMessage":"An attempt was made to access an object.\n\nSubject:\n\tSecurity ID:\t\tS-1-5-21-2889181789-4222170037-1347726928-1001\n\tAccount Name:\t\tVirtual Windows 10\n\tAccount Domain:\t\tDESKTOP-MAC610T\n\tLogon ID:\t\t0x1EDF9\n\nObject:\n\tObject Server:\t\tSecurity\n\tObject Type:\t\tFile\n\tObject Name:\t\tC:\\Users\\Virtual Windows 10\\Dropbox\n\tHandle ID:\t\t0x2254\n\tResource Attributes:\tS:AI\n\nProcess Information:\n\tProcess ID:\t\t0x16c8\n\tProcess Name:\t\tC:\\Program Files (x86)\\Dropbox\\Client\\Dropbox.exe\n\nAccess Request Information:\n\tAccesses:\t\tReadAttributes\n\t\t\t\t\n\tAccess Mask:\t\t0x80","version":1,"objectServer":"Security","handleID":"0x2254","objectType":"File","computerName":"DESKTOP-MAC610T","taskCategory":"File System","source":"Microsoft-Windows-Security-Auditing","resourceAttributes":"S:AI","level":"Information","processName":"C:\\Program Files (x86)\\Dropbox\\Client\\Dropbox.exe","objectName":"C:\\Users\\Virtual Windows 10\\Dropbox","accountDomain":"DESKTOP-MAC610T","processID":"0x16c8","keyword":["Audit Success"],"upCode":"Info","@context":"http://sepses.ifs.tuwien.ac.at/contexts/wineventlog.jsonld","@id":"http://example.org/logEntry#logEntry-d2b82c8e-1d82-4c86-92db-a7e18a46cbad","hasLogType":"wineventlog","logonID":"0x1edf9","originatesFrom":{"hostName":{"name":"DESKTOP-MAC610T"},"@type":"rdf:nodeID","@id":"http://example.org/sepses#00a4776e-3fcb-4e18-8211-fad25e5e7192"},"timestamp":"2018-08-27T15:49:03.712Z"}
{"accessMask":"0x80","accountName":"Virtual Windows 10","@timestamp":"2018-08-27T15:49:04.312Z","accesses":"%%4423\n\t\t\t\t","logName":"Security","@type":"http://purl.org/sepses/vocab/log/wineventlog#WindowsEventLogEntry","eventID":4663,"logMessage":"An attempt was made to access an object.\n\nSubject:\n\tSecurity ID:\t\tS-1-5-21-2889181789-4222170037-1347726928-1001\n\tAccount Name:\t\tVirtual Windows 10\n\tAccount Domain:\t\tDESKTOP-MAC610T\n\tLogon ID:\t\t0x1EDF9\n\nObject:\n\tObject Server:\t\tSecurity\n\tObject Type:\t\tFile\n\tObject Name:\t\tC:\\Users\\Virtual Windows 10\\Dropbox\n\tHandle ID:\t\t0x3ee8\n\tResource Attributes:\tS:AI\n\nProcess Information:\n\tProcess ID:\t\t0x54\n\tProcess Name:\t\tC:\\Windows\\explorer.exe\n\nAccess Request Information:\n\tAccesses:\t\tReadAttributes\n\t\t\t\t\n\tAccess Mask:\t\t0x80","version":1,"objectServer":"Security","handleID":"0x3ee8","objectType":"File","computerName":"DESKTOP-MAC610T","taskCategory":"File System","source":"Microsoft-Windows-Security-Auditing","resourceAttributes":"S:AI","level":"Information","processName":"C:\\Windows\\explorer.exe","objectName":"C:\\Users\\Virtual Windows 10\\Dropbox","accountDomain":"DESKTOP-MAC610T","processID":"0x54","keyword":["Audit Success"],"upCode":"Info","@context":"http://sepses.ifs.tuwien.ac.at/contexts/wineventlog.jsonld","@id":"http://example.org/logEntry#logEntry-69ad5f5b-2d92-4fdf-ae61-673315ca6387","hasLogType":"wineventlog","logonID":"0x1edf9","originatesFrom":{"hostName":{"name":"DESKTOP-MAC610T"},"@type":"rdf:nodeID","@id":"http://example.org/sepses#81d0b90e-a4df-4999-966d-17ba05498f49"},"timestamp":"2018-08-27T15:49:04.312Z"}
{"accessMask":"0x80","accountName":"Virtual Windows 10","@timestamp":"2018-08-27T15:49:04.356Z","accesses":"%%4423\n\t\t\t\t","logName":"Security","@type":"http://purl.org/sepses/vocab/log/wineventlog#WindowsEventLogEntry","eventID":4663,"logMessage":"An attempt was made to access an object.\n\nSubject:\n\tSecurity ID:\t\tS-1-5-21-2889181789-4222170037-1347726928-1001\n\tAccount Name:\t\tVirtual Windows 10\n\tAccount Domain:\t\tDESKTOP-MAC610T\n\tLogon ID:\t\t0x1EDF9\n\nObject:\n\tObject Server:\t\tSecurity\n\tObject Type:\t\tFile\n\tObject Name:\t\tC:\\Users\\Virtual Windows 10\\UserDocuments\n\tHandle ID:\t\t0x3f9c\n\tResource Attributes:\tS:AI\n\nProcess Information:\n\tProcess ID:\t\t0x54\n\tProcess Name:\t\tC:\\Windows\\explorer.exe\n\nAccess Request Information:\n\tAccesses:\t\tReadAttributes\n\t\t\t\t\n\tAccess Mask:\t\t0x80","version":1,"objectServer":"Security","handleID":"0x3f9c","objectType":"File","computerName":"DESKTOP-MAC610T","taskCategory":"File System","source":"Microsoft-Windows-Security-Auditing","resourceAttributes":"S:AI","level":"Information","processName":"C:\\Windows\\explorer.exe","objectName":"C:\\Users\\Virtual Windows 10\\UserDocuments","accountDomain":"DESKTOP-MAC610T","processID":"0x54","keyword":["Audit Success"],"upCode":"Info","@context":"http://sepses.ifs.tuwien.ac.at/contexts/wineventlog.jsonld","@id":"http://example.org/logEntry#logEntry-30fe35da-82a0-426a-9cba-7302ffc60235","hasLogType":"wineventlog","logonID":"0x1edf9","originatesFrom":{"hostName":{"name":"DESKTOP-MAC610T"},"@type":"rdf:nodeID","@id":"http://example.org/sepses#e471f4b2-42d5-4f57-a475-3878de389ec6"},"timestamp":"2018-08-27T15:49:04.356Z"}
{"accessMask":"0x80","accountName":"Virtual Windows 10","@timestamp":"2018-08-27T15:49:10.136Z","accesses":"%%4423\n\t\t\t\t","logName":"Security","@type":"http://purl.org/sepses/vocab/log/wineventlog#WindowsEventLogEntry","eventID":4663,"logMessage":"An attempt was made to access an object.\n\nSubject:\n\tSecurity ID:\t\tS-1-5-21-2889181789-4222170037-1347726928-1001\n\tAccount Name:\t\tVirtual Windows 10\n\tAccount Domain:\t\tDESKTOP-MAC610T\n\tLogon ID:\t\t0x1EDF9\n\nObject:\n\tObject Server:\t\tSecurity\n\tObject Type:\t\tFile\n\tObject Name:\t\tC:\\Users\\Virtual Windows 10\\Dropbox\n\tHandle ID:\t\t0x2d94\n\tResource Attributes:\tS:AI\n\nProcess Information:\n\tProcess ID:\t\t0x54\n\tProcess Name:\t\tC:\\Windows\\explorer.exe\n\nAccess Request Information:\n\tAccesses:\t\tReadAttributes\n\t\t\t\t\n\tAccess Mask:\t\t0x80","version":1,"objectServer":"Security","handleID":"0x2d94","objectType":"File","computerName":"DESKTOP-MAC610T","taskCategory":"File System","source":"Microsoft-Windows-Security-Auditing","resourceAttributes":"S:AI","level":"Information","processName":"C:\\Windows\\explorer.exe","objectName":"C:\\Users\\Virtual Windows 10\\Dropbox","accountDomain":"DESKTOP-MAC610T","processID":"0x54","keyword":["Audit Success"],"upCode":"Info","@context":"http://sepses.ifs.tuwien.ac.at/contexts/wineventlog.jsonld","@id":"http://example.org/logEntry#logEntry-8496795c-c692-4f24-9608-70eef6868293","hasLogType":"wineventlog","logonID":"0x1edf9","originatesFrom":{"hostName":{"name":"DESKTOP-MAC610T"},"@type":"rdf:nodeID","@id":"http://example.org/sepses#ea0e2246-6326-473e-b100-a26e9390f870"},"timestamp":"2018-08-27T15:49:10.136Z"}
{"accessMask":"0x80","accountName":"Virtual Windows 10","@timestamp":"2018-08-27T15:49:10.322Z","accesses":"%%4423\n\t\t\t\t","logName":"Security","@type":"http://purl.org/sepses/vocab/log/wineventlog#WindowsEventLogEntry","eventID":4663,"logMessage":"An attempt was made to access an object.\n\nSubject:\n\tSecurity ID:\t\tS-1-5-21-2889181789-4222170037-1347726928-1001\n\tAccount Name:\t\tVirtual Windows 10\n\tAccount Domain:\t\tDESKTOP-MAC610T\n\tLogon ID:\t\t0x1EDF9\n\nObject:\n\tObject Server:\t\tSecurity\n\tObject Type:\t\tFile\n\tObject Name:\t\tC:\\Users\\Virtual Windows 10\\UserDocuments\n\tHandle ID:\t\t0x2aa0\n\tResource Attributes:\tS:AI\n\nProcess Information:\n\tProcess ID:\t\t0x54\n\tProcess Name:\t\tC:\\Windows\\explorer.exe\n\nAccess Request Information:\n\tAccesses:\t\tReadAttributes\n\t\t\t\t\n\tAccess Mask:\t\t0x80","version":1,"objectServer":"Security","handleID":"0x2aa0","objectType":"File","computerName":"DESKTOP-MAC610T","taskCategory":"File System","source":"Microsoft-Windows-Security-Auditing","resourceAttributes":"S:AI","level":"Information","processName":"C:\\Windows\\explorer.exe","objectName":"C:\\Users\\Virtual Windows 10\\UserDocuments","accountDomain":"DESKTOP-MAC610T","processID":"0x54","keyword":["Audit Success"],"upCode":"Info","@context":"http://sepses.ifs.tuwien.ac.at/contexts/wineventlog.jsonld","@id":"http://example.org/logEntry#logEntry-c42ecacb-b91b-4e7c-a487-af80d2530c12","hasLogType":"wineventlog","logonID":"0x1edf9","originatesFrom":{"hostName":{"name":"DESKTOP-MAC610T"},"@type":"rdf:nodeID","@id":"http://example.org/sepses#9db6947b-372f-426f-94b1-4f8266140f4c"},"timestamp":"2018-08-27T15:49:10.322Z"}
{"accessMask":"0x80","accountName":"Virtual Windows 10","@timestamp":"2018-08-27T15:51:24.095Z","accesses":"%%4423\n\t\t\t\t","logName":"Security","@type":"http://purl.org/sepses/vocab/log/wineventlog#WindowsEventLogEntry","eventID":4663,"logMessage":"An attempt was made to access an object.\n\nSubject:\n\tSecurity ID:\t\tS-1-5-21-2889181789-4222170037-1347726928-1001\n\tAccount Name:\t\tVirtual Windows 10\n\tAccount Domain:\t\tDESKTOP-MAC610T\n\tLogon ID:\t\t0x1EDF9\n\nObject:\n\tObject Server:\t\tSecurity\n\tObject Type:\t\tFile\n\tObject Name:\t\tC:\\Users\\Virtual Windows 10\\Dropbox\n\tHandle ID:\t\t0x45f8\n\tResource Attributes:\tS:AI\n\nProcess Information:\n\tProcess ID:\t\t0x54\n\tProcess Name:\t\tC:\\Windows\\explorer.exe\n\nAccess Request Information:\n\tAccesses:\t\tReadAttributes\n\t\t\t\t\n\tAccess Mask:\t\t0x80","version":1,"objectServer":"Security","handleID":"0x45f8","objectType":"File","computerName":"DESKTOP-MAC610T","taskCategory":"File System","source":"Microsoft-Windows-Security-Auditing","resourceAttributes":"S:AI","level":"Information","processName":"C:\\Windows\\explorer.exe","objectName":"C:\\Users\\Virtual Windows 10\\Dropbox","accountDomain":"DESKTOP-MAC610T","processID":"0x54","keyword":["Audit Success"],"upCode":"Info","@context":"http://sepses.ifs.tuwien.ac.at/contexts/wineventlog.jsonld","@id":"http://example.org/logEntry#logEntry-bc934a29-b8c0-40fb-9bb5-5866ba848ccc","hasLogType":"wineventlog","logonID":"0x1edf9","originatesFrom":{"hostName":{"name":"DESKTOP-MAC610T"},"@type":"rdf:nodeID","@id":"http://example.org/sepses#00712992-7fdb-4e33-b3f5-9e9e1cc9effc"},"timestamp":"2018-08-27T15:51:24.095Z"}
{"accessMask":"0x80","accountName":"Virtual Windows 10","@timestamp":"2018-08-27T15:51:24.100Z","accesses":"%%4423\n\t\t\t\t","logName":"Security","@type":"http://purl.org/sepses/vocab/log/wineventlog#WindowsEventLogEntry","eventID":4663,"logMessage":"An attempt was made to access an object.\n\nSubject:\n\tSecurity ID:\t\tS-1-5-21-2889181789-4222170037-1347726928-1001\n\tAccount Name:\t\tVirtual Windows 10\n\tAccount Domain:\t\tDESKTOP-MAC610T\n\tLogon ID:\t\t0x1EDF9\n\nObject:\n\tObject Server:\t\tSecurity\n\tObject Type:\t\tFile\n\tObject Name:\t\tC:\\Users\\Virtual Windows 10\\UserDocuments\n\tHandle ID:\t\t0x4a18\n\tResource Attributes:\tS:AI\n\nProcess Information:\n\tProcess ID:\t\t0x54\n\tProcess Name:\t\tC:\\Windows\\explorer.exe\n\nAccess Request Information:\n\tAccesses:\t\tReadAttributes\n\t\t\t\t\n\tAccess Mask:\t\t0x80","version":1,"objectServer":"Security","handleID":"0x4a18","objectType":"File","computerName":"DESKTOP-MAC610T","taskCategory":"File System","source":"Microsoft-Windows-Security-Auditing","resourceAttributes":"S:AI","level":"Information","processName":"C:\\Windows\\explorer.exe","objectName":"C:\\Users\\Virtual Windows 10\\UserDocuments","accountDomain":"DESKTOP-MAC610T","processID":"0x54","keyword":["Audit Success"],"upCode":"Info","@context":"http://sepses.ifs.tuwien.ac.at/contexts/wineventlog.jsonld","@id":"http://example.org/logEntry#logEntry-2f4fd22b-4e07-40de-9481-af75487a066b","hasLogType":"wineventlog","logonID":"0x1edf9","originatesFrom":{"hostName":{"name":"DESKTOP-MAC610T"},"@type":"rdf:nodeID","@id":"http://example.org/sepses#997b793e-5cd7-478e-a8b8-bb414edd70b4"},"timestamp":"2018-08-27T15:51:24.100Z"}
{"accessMask":"0x80","accountName":"Virtual Windows 10","@timestamp":"2018-08-27T15:51:25.074Z","accesses":"%%4423\n\t\t\t\t","logName":"Security","@type":"http://purl.org/sepses/vocab/log/wineventlog#WindowsEventLogEntry","eventID":4663,"logMessage":"An attempt was made to access an object.\n\nSubject:\n\tSecurity ID:\t\tS-1-5-21-2889181789-4222170037-1347726928-1001\n\tAccount Name:\t\tVirtual Windows 10\n\tAccount Domain:\t\tDESKTOP-MAC610T\n\tLogon ID:\t\t0x1EDF9\n\nObject:\n\tObject Server:\t\tSecurity\n\tObject Type:\t\tFile\n\tObject Name:\t\tC:\\Users\\Virtual Windows 10\\Dropbox\\desktop.ini\n\tHandle ID:\t\t0x1a64\n\tResource Attributes:\tS:AI\n\nProcess Information:\n\tProcess ID:\t\t0x54\n\tProcess Name:\t\tC:\\Windows\\explorer.exe\n\nAccess Request Information:\n\tAccesses:\t\tReadAttributes\n\t\t\t\t\n\tAccess Mask:\t\t0x80","version":1,"objectServer":"Security","handleID":"0x1a64","objectType":"File","computerName":"DESKTOP-MAC610T","taskCategory":"File System","source":"Microsoft-Windows-Security-Auditing","resourceAttributes":"S:AI","level":"Information","processName":"C:\\Windows\\explorer.exe","objectName":"C:\\Users\\Virtual Windows 10\\Dropbox\\desktop.ini","accountDomain":"DESKTOP-MAC610T","processID":"0x54","keyword":["Audit Success"],"upCode":"Info","@context":"http://sepses.ifs.tuwien.ac.at/contexts/wineventlog.jsonld","@id":"http://example.org/logEntry#logEntry-41d4793b-f2cf-46a7-b5ea-e03a8f4e08a7","hasLogType":"wineventlog","logonID":"0x1edf9","originatesFrom":{"hostName":{"name":"DESKTOP-MAC610T"},"@type":"rdf:nodeID","@id":"http://example.org/sepses#52589c1c-988e-4d86-b1ff-874e2a3a0b9b"},"timestamp":"2018-08-27T15:51:25.074Z"}
{"accessMask":"0x80","accountName":"Virtual Windows 10","@timestamp":"2018-08-27T15:51:25.090Z","accesses":"%%4423\n\t\t\t\t","logName":"Security","@type":"http://purl.org/sepses/vocab/log/wineventlog#WindowsEventLogEntry","eventID":4663,"logMessage":"An attempt was made to access an object.\n\nSubject:\n\tSecurity ID:\t\tS-1-5-21-2889181789-4222170037-1347726928-1001\n\tAccount Name:\t\tVirtual Windows 10\n\tAccount Domain:\t\tDESKTOP-MAC610T\n\tLogon ID:\t\t0x1EDF9\n\nObject:\n\tObject Server:\t\tSecurity\n\tObject Type:\t\tFile\n\tObject Name:\t\tC:\\Users\\Virtual Windows 10\\UserDocuments\n\tHandle ID:\t\t0x2434\n\tResource Attributes:\tS:AI\n\nProcess Information:\n\tProcess ID:\t\t0x54\n\tProcess Name:\t\tC:\\Windows\\explorer.exe\n\nAccess Request Information:\n\tAccesses:\t\tReadAttributes\n\t\t\t\t\n\tAccess Mask:\t\t0x80","version":1,"objectServer":"Security","handleID":"0x2434","objectType":"File","computerName":"DESKTOP-MAC610T","taskCategory":"File System","source":"Microsoft-Windows-Security-Auditing","resourceAttributes":"S:AI","level":"Information","processName":"C:\\Windows\\explorer.exe","objectName":"C:\\Users\\Virtual Windows 10\\UserDocuments","accountDomain":"DESKTOP-MAC610T","processID":"0x54","keyword":["Audit Success"],"upCode":"Info","@context":"http://sepses.ifs.tuwien.ac.at/contexts/wineventlog.jsonld","@id":"http://example.org/logEntry#logEntry-71001108-25f2-4e78-b675-4862fc66712f","hasLogType":"wineventlog","logonID":"0x1edf9","originatesFrom":{"hostName":{"name":"DESKTOP-MAC610T"},"@type":"rdf:nodeID","@id":"http://example.org/sepses#d97eb941-6fc2-4fca-9934-edf36c232c41"},"timestamp":"2018-08-27T15:51:25.090Z"}
{"accessMask":"0x80","accountName":"Virtual Windows 10","@timestamp":"2018-08-27T15:51:25.092Z","accesses":"%%4423\n\t\t\t\t","logName":"Security","@type":"http://purl.org/sepses/vocab/log/wineventlog#WindowsEventLogEntry","eventID":4663,"logMessage":"An attempt was made to access an object.\n\nSubject:\n\tSecurity ID:\t\tS-1-5-21-2889181789-4222170037-1347726928-1001\n\tAccount Name:\t\tVirtual Windows 10\n\tAccount Domain:\t\tDESKTOP-MAC610T\n\tLogon ID:\t\t0x1EDF9\n\nObject:\n\tObject Server:\t\tSecurity\n\tObject Type:\t\tFile\n\tObject Name:\t\tC:\\Users\\Virtual Windows 10\\UserDocuments\n\tHandle ID:\t\t0x2434\n\tResource Attributes:\tS:AI\n\nProcess Information:\n\tProcess ID:\t\t0x54\n\tProcess Name:\t\tC:\\Windows\\explorer.exe\n\nAccess Request Information:\n\tAccesses:\t\tReadAttributes\n\t\t\t\t\n\tAccess Mask:\t\t0x80","version":1,"objectServer":"Security","handleID":"0x2434","objectType":"File","computerName":"DESKTOP-MAC610T","taskCategory":"File System","source":"Microsoft-Windows-Security-Auditing","resourceAttributes":"S:AI","level":"Information","processName":"C:\\Windows\\explorer.exe","objectName":"C:\\Users\\Virtual Windows 10\\UserDocuments","accountDomain":"DESKTOP-MAC610T","processID":"0x54","keyword":["Audit Success"],"upCode":"Info","@context":"http://sepses.ifs.tuwien.ac.at/contexts/wineventlog.jsonld","@id":"http://example.org/logEntry#logEntry-e9a0bed1-a4ac-4bf5-9538-fa31a9bcb870","hasLogType":"wineventlog","logonID":"0x1edf9","originatesFrom":{"hostName":{"name":"DESKTOP-MAC610T"},"@type":"rdf:nodeID","@id":"http://example.org/sepses#4adad083-9e40-4c3f-b50c-4c28ebfa2a69"},"timestamp":"2018-08-27T15:51:25.092Z"}
