{"objectServer":"Security","source":"Microsoft-Windows-Security-Auditing","objectName":"C:\\Users\\Virtual Windows 10\\Dropbox","keyword":["Audit Success"],"accessMask":"0x80","version":1,"timestamp":"2018-11-14T11:09:38.845Z","logName":"Security","upCode":"Info","@id":"http://example.org/logEntry#logEntry-7feccad8-5997-4d5d-8e4f-9fb9aa7d2f64","resourceAttributes":"S:AI","handleID":"0x3e6c","processID":"0xc60","level":"Information","logonID":"0x29ea7","accountDomain":"DESKTOP-MAC610T","originatesFrom":{"hostName":{"name":"DESKTOP-MAC610T"},"@type":"rdf:nodeID","@id":"http://example.org/sepses#6e1a8e50-b10d-4e52-95e8-00392c7438ee"},"computerName":"DESKTOP-MAC610T","@timestamp":"2018-11-14T11:09:38.845Z","processName":"C:\\Windows\\explorer.exe","objectType":"File","hasLogType":"wineventlog","eventID":4663,"logMessage":"An attempt was made to access an object.\n\nSubject:\n\tSecurity ID:\t\tS-1-5-21-2889181789-4222170037-1347726928-1001\n\tAccount Name:\t\tVirtual Windows 10\n\tAccount Domain:\t\tDESKTOP-MAC610T\n\tLogon ID:\t\t0x29EA7\n\nObject:\n\tObject Server:\t\tSecurity\n\tObject Type:\t\tFile\n\tObject Name:\t\tC:\\Users\\Virtual Windows 10\\Dropbox\n\tHandle ID:\t\t0x3e6c\n\tResource Attributes:\tS:AI\n\nProcess Information:\n\tProcess ID:\t\t0xc60\n\tProcess Name:\t\tC:\\Windows\\explorer.exe\n\nAccess Request Information:\n\tAccesses:\t\tReadAttributes\n\t\t\t\t\n\tAccess Mask:\t\t0x80","accesses":"%%4423\n\t\t\t\t","taskCategory":"File System","accountName":"Virtual Windows 10","@context":"http://sepses.ifs.tuwien.ac.at/contexts/wineventlog.jsonld","@type":"http://purl.org/sepses/vocab/log/wineventlog#WindowsEventLogEntry"}
{"objectServer":"Security","source":"Microsoft-Windows-Security-Auditing","objectName":"C:\\Users\\Virtual Windows 10\\Dropbox","keyword":["Audit Success"],"accessMask":"0x80","version":1,"timestamp":"2018-11-14T11:09:40.043Z","logName":"Security","upCode":"Info","@id":"http://example.org/logEntry#logEntry-cf4aeef8-9959-41dd-8cd6-f14e5f9b08da","resourceAttributes":"S:AI","handleID":"0x4388","processID":"0xc60","level":"Information","logonID":"0x29ea7","accountDomain":"DESKTOP-MAC610T","originatesFrom":{"hostName":{"name":"DESKTOP-MAC610T"},"@type":"rdf:nodeID","@id":"http://example.org/sepses#c72452f3-6d7a-4ae7-a1f4-d1a9bb6fc76e"},"computerName":"DESKTOP-MAC610T","@timestamp":"2018-11-14T11:09:40.043Z","processName":"C:\\Windows\\explorer.exe","objectType":"File","hasLogType":"wineventlog","eventID":4663,"logMessage":"An attempt was made to access an object.\n\nSubject:\n\tSecurity ID:\t\tS-1-5-21-2889181789-4222170037-1347726928-1001\n\tAccount Name:\t\tVirtual Windows 10\n\tAccount Domain:\t\tDESKTOP-MAC610T\n\tLogon ID:\t\t0x29EA7\n\nObject:\n\tObject Server:\t\tSecurity\n\tObject Type:\t\tFile\n\tObject Name:\t\tC:\\Users\\Virtual Windows 10\\Dropbox\n\tHandle ID:\t\t0x4388\n\tResource Attributes:\tS:AI\n\nProcess Information:\n\tProcess ID:\t\t0xc60\n\tProcess Name:\t\tC:\\Windows\\explorer.exe\n\nAccess Request Information:\n\tAccesses:\t\tReadAttributes\n\t\t\t\t\n\tAccess Mask:\t\t0x80","accesses":"%%4423\n\t\t\t\t","taskCategory":"File System","accountName":"Virtual Windows 10","@context":"http://sepses.ifs.tuwien.ac.at/contexts/wineventlog.jsonld","@type":"http://purl.org/sepses/vocab/log/wineventlog#WindowsEventLogEntry"}
{"objectServer":"Security","source":"Microsoft-Windows-Security-Auditing","objectName":"C:\\Users\\Virtual Windows 10\\Dropbox","keyword":["Audit Success"],"accessMask":"0x80","version":1,"timestamp":"2018-11-14T11:09:40.043Z","logName":"Security","upCode":"Info","@id":"http://example.org/logEntry#logEntry-8f6c155d-0252-4d1d-a10e-87c6523d6a18","resourceAttributes":"S:AI","handleID":"0x2a68","processID":"0xc60","level":"Information","logonID":"0x29ea7","accountDomain":"DESKTOP-MAC610T","originatesFrom":{"hostName":{"name":"DESKTOP-MAC610T"},"@type":"rdf:nodeID","@id":"http://example.org/sepses#ddd694de-5367-4502-a45d-f0722f013d40"},"computerName":"DESKTOP-MAC610T","@timestamp":"2018-11-14T11:09:40.043Z","processName":"C:\\Windows\\explorer.exe","objectType":"File","hasLogType":"wineventlog","eventID":4663,"logMessage":"An attempt was made to access an object.\n\nSubject:\n\tSecurity ID:\t\tS-1-5-21-2889181789-4222170037-1347726928-1001\n\tAccount Name:\t\tVirtual Windows 10\n\tAccount Domain:\t\tDESKTOP-MAC610T\n\tLogon ID:\t\t0x29EA7\n\nObject:\n\tObject Server:\t\tSecurity\n\tObject Type:\t\tFile\n\tObject Name:\t\tC:\\Users\\Virtual Windows 10\\Dropbox\n\tHandle ID:\t\t0x2a68\n\tResource Attributes:\tS:AI\n\nProcess Information:\n\tProcess ID:\t\t0xc60\n\tProcess Name:\t\tC:\\Windows\\explorer.exe\n\nAccess Request Information:\n\tAccesses:\t\tReadAttributes\n\t\t\t\t\n\tAccess Mask:\t\t0x80","accesses":"%%4423\n\t\t\t\t","taskCategory":"File System","accountName":"Virtual Windows 10","@context":"http://sepses.ifs.tuwien.ac.at/contexts/wineventlog.jsonld","@type":"http://purl.org/sepses/vocab/log/wineventlog#WindowsEventLogEntry"}
{"objectServer":"Security","source":"Microsoft-Windows-Security-Auditing","objectName":"C:\\Users\\Virtual Windows 10\\UserDocuments","keyword":["Audit Success"],"accessMask":"0x80","version":1,"timestamp":"2018-11-14T11:09:40.164Z","logName":"Security","upCode":"Info","@id":"http://example.org/logEntry#logEntry-6b570933-25d3-4aef-bbcf-55d58394410d","resourceAttributes":"S:AI","handleID":"0x2cac","processID":"0xc60","level":"Information","logonID":"0x29ea7","accountDomain":"DESKTOP-MAC610T","originatesFrom":{"hostName":{"name":"DESKTOP-MAC610T"},"@type":"rdf:nodeID","@id":"http://example.org/sepses#4c63b476-70bd-40f0-a731-0578df8cb296"},"computerName":"DESKTOP-MAC610T","@timestamp":"2018-11-14T11:09:40.164Z","processName":"C:\\Windows\\explorer.exe","objectType":"File","hasLogType":"wineventlog","eventID":4663,"logMessage":"An attempt was made to access an object.\n\nSubject:\n\tSecurity ID:\t\tS-1-5-21-2889181789-4222170037-1347726928-1001\n\tAccount Name:\t\tVirtual Windows 10\n\tAccount Domain:\t\tDESKTOP-MAC610T\n\tLogon ID:\t\t0x29EA7\n\nObject:\n\tObject Server:\t\tSecurity\n\tObject Type:\t\tFile\n\tObject Name:\t\tC:\\Users\\Virtual Windows 10\\UserDocuments\n\tHandle ID:\t\t0x2cac\n\tResource Attributes:\tS:AI\n\nProcess Information:\n\tProcess ID:\t\t0xc60\n\tProcess Name:\t\tC:\\Windows\\explorer.exe\n\nAccess Request Information:\n\tAccesses:\t\tReadAttributes\n\t\t\t\t\n\tAccess Mask:\t\t0x80","accesses":"%%4423\n\t\t\t\t","taskCategory":"File System","accountName":"Virtual Windows 10","@context":"http://sepses.ifs.tuwien.ac.at/contexts/wineventlog.jsonld","@type":"http://purl.org/sepses/vocab/log/wineventlog#WindowsEventLogEntry"}
{"objectServer":"Security","source":"Microsoft-Windows-Security-Auditing","objectName":"C:\\Users\\Virtual Windows 10\\Dropbox","keyword":["Audit Success"],"accessMask":"0x80","version":1,"timestamp":"2018-11-14T11:09:40.171Z","logName":"Security","upCode":"Info","@id":"http://example.org/logEntry#logEntry-c9677215-b252-45b7-8208-18ee5f4f35a8","resourceAttributes":"S:AI","handleID":"0x3e98","processID":"0xc60","level":"Information","logonID":"0x29ea7","accountDomain":"DESKTOP-MAC610T","originatesFrom":{"hostName":{"name":"DESKTOP-MAC610T"},"@type":"rdf:nodeID","@id":"http://example.org/sepses#6e3f63a6-cbc5-4b6e-8d35-695bcad4d6f9"},"computerName":"DESKTOP-MAC610T","@timestamp":"2018-11-14T11:09:40.171Z","processName":"C:\\Windows\\explorer.exe","objectType":"File","hasLogType":"wineventlog","eventID":4663,"logMessage":"An attempt was made to access an object.\n\nSubject:\n\tSecurity ID:\t\tS-1-5-21-2889181789-4222170037-1347726928-1001\n\tAccount Name:\t\tVirtual Windows 10\n\tAccount Domain:\t\tDESKTOP-MAC610T\n\tLogon ID:\t\t0x29EA7\n\nObject:\n\tObject Server:\t\tSecurity\n\tObject Type:\t\tFile\n\tObject Name:\t\tC:\\Users\\Virtual Windows 10\\Dropbox\n\tHandle ID:\t\t0x3e98\n\tResource Attributes:\tS:AI\n\nProcess Information:\n\tProcess ID:\t\t0xc60\n\tProcess Name:\t\tC:\\Windows\\explorer.exe\n\nAccess Request Information:\n\tAccesses:\t\tReadAttributes\n\t\t\t\t\n\tAccess Mask:\t\t0x80","accesses":"%%4423\n\t\t\t\t","taskCategory":"File System","accountName":"Virtual Windows 10","@context":"http://sepses.ifs.tuwien.ac.at/contexts/wineventlog.jsonld","@type":"http://purl.org/sepses/vocab/log/wineventlog#WindowsEventLogEntry"}
{"objectServer":"Security","source":"Microsoft-Windows-Security-Auditing","objectName":"C:\\Users\\Virtual Windows 10\\UserDocuments","keyword":["Audit Success"],"accessMask":"0x80","version":1,"timestamp":"2018-11-14T11:09:41.129Z","logName":"Security","upCode":"Info","@id":"http://example.org/logEntry#logEntry-169398ff-6ca8-4c5f-98a5-dbba0a53fa1f","resourceAttributes":"S:AI","handleID":"0x371c","processID":"0xc60","level":"Information","logonID":"0x29ea7","accountDomain":"DESKTOP-MAC610T","originatesFrom":{"hostName":{"name":"DESKTOP-MAC610T"},"@type":"rdf:nodeID","@id":"http://example.org/sepses#6ad5e262-91a8-4783-b474-6b4e6b395046"},"computerName":"DESKTOP-MAC610T","@timestamp":"2018-11-14T11:09:41.129Z","processName":"C:\\Windows\\explorer.exe","objectType":"File","hasLogType":"wineventlog","eventID":4663,"logMessage":"An attempt was made to access an object.\n\nSubject:\n\tSecurity ID:\t\tS-1-5-21-2889181789-4222170037-1347726928-1001\n\tAccount Name:\t\tVirtual Windows 10\n\tAccount Domain:\t\tDESKTOP-MAC610T\n\tLogon ID:\t\t0x29EA7\n\nObject:\n\tObject Server:\t\tSecurity\n\tObject Type:\t\tFile\n\tObject Name:\t\tC:\\Users\\Virtual Windows 10\\UserDocuments\n\tHandle ID:\t\t0x371c\n\tResource Attributes:\tS:AI\n\nProcess Information:\n\tProcess ID:\t\t0xc60\n\tProcess Name:\t\tC:\\Windows\\explorer.exe\n\nAccess Request Information:\n\tAccesses:\t\tReadAttributes\n\t\t\t\t\n\tAccess Mask:\t\t0x80","accesses":"%%4423\n\t\t\t\t","taskCategory":"File System","accountName":"Virtual Windows 10","@context":"http://sepses.ifs.tuwien.ac.at/contexts/wineventlog.jsonld","@type":"http://purl.org/sepses/vocab/log/wineventlog#WindowsEventLogEntry"}
{"objectServer":"Security","source":"Microsoft-Windows-Security-Auditing","objectName":"C:\\Users\\Virtual Windows 10\\Dropbox","keyword":["Audit Success"],"accessMask":"0x80","version":1,"timestamp":"2018-11-14T11:09:41.134Z","logName":"Security","upCode":"Info","@id":"http://example.org/logEntry#logEntry-171210ee-8595-452c-bdb3-c619a2f0c3db","resourceAttributes":"S:AI","handleID":"0x371c","processID":"0xc60","level":"Information","logonID":"0x29ea7","accountDomain":"DESKTOP-MAC610T","originatesFrom":{"hostName":{"name":"DESKTOP-MAC610T"},"@type":"rdf:nodeID","@id":"http://example.org/sepses#30ddafd6-6fcf-487e-aa90-2e4d7360c3e9"},"computerName":"DESKTOP-MAC610T","@timestamp":"2018-11-14T11:09:41.134Z","processName":"C:\\Windows\\explorer.exe","objectType":"File","hasLogType":"wineventlog","eventID":4663,"logMessage":"An attempt was made to access an object.\n\nSubject:\n\tSecurity ID:\t\tS-1-5-21-2889181789-4222170037-1347726928-1001\n\tAccount Name:\t\tVirtual Windows 10\n\tAccount Domain:\t\tDESKTOP-MAC610T\n\tLogon ID:\t\t0x29EA7\n\nObject:\n\tObject Server:\t\tSecurity\n\tObject Type:\t\tFile\n\tObject Name:\t\tC:\\Users\\Virtual Windows 10\\Dropbox\n\tHandle ID:\t\t0x371c\n\tResource Attributes:\tS:AI\n\nProcess Information:\n\tProcess ID:\t\t0xc60\n\tProcess Name:\t\tC:\\Windows\\explorer.exe\n\nAccess Request Information:\n\tAccesses:\t\tReadAttributes\n\t\t\t\t\n\tAccess Mask:\t\t0x80","accesses":"%%4423\n\t\t\t\t","taskCategory":"File System","accountName":"Virtual Windows 10","@context":"http://sepses.ifs.tuwien.ac.at/contexts/wineventlog.jsonld","@type":"http://purl.org/sepses/vocab/log/wineventlog#WindowsEventLogEntry"}
{"objectServer":"Security","source":"Microsoft-Windows-Security-Auditing","objectName":"C:\\Users\\Virtual Windows 10\\Dropbox","keyword":["Audit Success"],"accessMask":"0x80","version":1,"timestamp":"2018-11-14T11:09:42.028Z","logName":"Security","upCode":"Info","@id":"http://example.org/logEntry#logEntry-a77059fc-1ea4-45dc-a5e9-efa2f33728b9","resourceAttributes":"S:AI","handleID":"0x1f0c","processID":"0x153c","level":"Information","logonID":"0x29ea7","accountDomain":"DESKTOP-MAC610T","originatesFrom":{"hostName":{"name":"DESKTOP-MAC610T"},"@type":"rdf:nodeID","@id":"http://example.org/sepses#7e24ac02-15e3-40f5-bc74-26d40bfeb664"},"computerName":"DESKTOP-MAC610T","@timestamp":"2018-11-14T11:09:42.028Z","processName":"C:\\Program Files (x86)\\Dropbox\\Client\\Dropbox.exe","objectType":"File","hasLogType":"wineventlog","eventID":4663,"logMessage":"An attempt was made to access an object.\n\nSubject:\n\tSecurity ID:\t\tS-1-5-21-2889181789-4222170037-1347726928-1001\n\tAccount Name:\t\tVirtual Windows 10\n\tAccount Domain:\t\tDESKTOP-MAC610T\n\tLogon ID:\t\t0x29EA7\n\nObject:\n\tObject Server:\t\tSecurity\n\tObject Type:\t\tFile\n\tObject Name:\t\tC:\\Users\\Virtual Windows 10\\Dropbox\n\tHandle ID:\t\t0x1f0c\n\tResource Attributes:\tS:AI\n\nProcess Information:\n\tProcess ID:\t\t0x153c\n\tProcess Name:\t\tC:\\Program Files (x86)\\Dropbox\\Client\\Dropbox.exe\n\nAccess Request Information:\n\tAccesses:\t\tReadAttributes\n\t\t\t\t\n\tAccess Mask:\t\t0x80","accesses":"%%4423\n\t\t\t\t","taskCategory":"File System","accountName":"Virtual Windows 10","@context":"http://sepses.ifs.tuwien.ac.at/contexts/wineventlog.jsonld","@type":"http://purl.org/sepses/vocab/log/wineventlog#WindowsEventLogEntry"}
{"objectServer":"Security","source":"Microsoft-Windows-Security-Auditing","objectName":"C:\\Users\\Virtual Windows 10\\Dropbox","keyword":["Audit Success"],"accessMask":"0x80","version":1,"timestamp":"2018-11-14T11:09:42.029Z","logName":"Security","upCode":"Info","@id":"http://example.org/logEntry#logEntry-72a76301-d1d2-459b-aa39-539ca62dde5f","resourceAttributes":"S:AI","handleID":"0x1ff0","processID":"0x153c","level":"Information","logonID":"0x29ea7","accountDomain":"DESKTOP-MAC610T","originatesFrom":{"hostName":{"name":"DESKTOP-MAC610T"},"@type":"rdf:nodeID","@id":"http://example.org/sepses#16992f68-42b8-4336-af39-e3132e698b11"},"computerName":"DESKTOP-MAC610T","@timestamp":"2018-11-14T11:09:42.029Z","processName":"C:\\Program Files (x86)\\Dropbox\\Client\\Dropbox.exe","objectType":"File","hasLogType":"wineventlog","eventID":4663,"logMessage":"An attempt was made to access an object.\n\nSubject:\n\tSecurity ID:\t\tS-1-5-21-2889181789-4222170037-1347726928-1001\n\tAccount Name:\t\tVirtual Windows 10\n\tAccount Domain:\t\tDESKTOP-MAC610T\n\tLogon ID:\t\t0x29EA7\n\nObject:\n\tObject Server:\t\tSecurity\n\tObject Type:\t\tFile\n\tObject Name:\t\tC:\\Users\\Virtual Windows 10\\Dropbox\n\tHandle ID:\t\t0x1ff0\n\tResource Attributes:\tS:AI\n\nProcess Information:\n\tProcess ID:\t\t0x153c\n\tProcess Name:\t\tC:\\Program Files (x86)\\Dropbox\\Client\\Dropbox.exe\n\nAccess Request Information:\n\tAccesses:\t\tReadAttributes\n\t\t\t\t\n\tAccess Mask:\t\t0x80","accesses":"%%4423\n\t\t\t\t","taskCategory":"File System","accountName":"Virtual Windows 10","@context":"http://sepses.ifs.tuwien.ac.at/contexts/wineventlog.jsonld","@type":"http://purl.org/sepses/vocab/log/wineventlog#WindowsEventLogEntry"}
{"objectServer":"Security","source":"Microsoft-Windows-Security-Auditing","objectName":"C:\\Users\\Virtual Windows 10\\Dropbox","keyword":["Audit Success"],"accessMask":"0x80","version":1,"timestamp":"2018-11-14T11:09:42.029Z","logName":"Security","upCode":"Info","@id":"http://example.org/logEntry#logEntry-de12ebd6-f0da-40fd-bef4-2628f43e9ef2","resourceAttributes":"S:AI","handleID":"0x1ff0","processID":"0x153c","level":"Information","logonID":"0x29ea7","accountDomain":"DESKTOP-MAC610T","originatesFrom":{"hostName":{"name":"DESKTOP-MAC610T"},"@type":"rdf:nodeID","@id":"http://example.org/sepses#7bdf44df-aa97-40e5-8a3c-462e5c526942"},"computerName":"DESKTOP-MAC610T","@timestamp":"2018-11-14T11:09:42.029Z","processName":"C:\\Program Files (x86)\\Dropbox\\Client\\Dropbox.exe","objectType":"File","hasLogType":"wineventlog","eventID":4663,"logMessage":"An attempt was made to access an object.\n\nSubject:\n\tSecurity ID:\t\tS-1-5-21-2889181789-4222170037-1347726928-1001\n\tAccount Name:\t\tVirtual Windows 10\n\tAccount Domain:\t\tDESKTOP-MAC610T\n\tLogon ID:\t\t0x29EA7\n\nObject:\n\tObject Server:\t\tSecurity\n\tObject Type:\t\tFile\n\tObject Name:\t\tC:\\Users\\Virtual Windows 10\\Dropbox\n\tHandle ID:\t\t0x1ff0\n\tResource Attributes:\tS:AI\n\nProcess Information:\n\tProcess ID:\t\t0x153c\n\tProcess Name:\t\tC:\\Program Files (x86)\\Dropbox\\Client\\Dropbox.exe\n\nAccess Request Information:\n\tAccesses:\t\tReadAttributes\n\t\t\t\t\n\tAccess Mask:\t\t0x80","accesses":"%%4423\n\t\t\t\t","taskCategory":"File System","accountName":"Virtual Windows 10","@context":"http://sepses.ifs.tuwien.ac.at/contexts/wineventlog.jsonld","@type":"http://purl.org/sepses/vocab/log/wineventlog#WindowsEventLogEntry"}
{"objectServer":"Security","source":"Microsoft-Windows-Security-Auditing","objectName":"C:\\Users\\Virtual Windows 10\\Dropbox","keyword":["Audit Success"],"accessMask":"0x80","version":1,"timestamp":"2018-11-14T11:09:42.029Z","logName":"Security","upCode":"Info","@id":"http://example.org/logEntry#logEntry-ef34ab7f-f442-4fa2-9f61-b28d1ea8bdfe","resourceAttributes":"S:AI","handleID":"0x1ff0","processID":"0x153c","level":"Information","logonID":"0x29ea7","accountDomain":"DESKTOP-MAC610T","originatesFrom":{"hostName":{"name":"DESKTOP-MAC610T"},"@type":"rdf:nodeID","@id":"http://example.org/sepses#7a7ebeed-d1f0-483a-bb33-372b2fca4519"},"computerName":"DESKTOP-MAC610T","@timestamp":"2018-11-14T11:09:42.029Z","processName":"C:\\Program Files (x86)\\Dropbox\\Client\\Dropbox.exe","objectType":"File","hasLogType":"wineventlog","eventID":4663,"logMessage":"An attempt was made to access an object.\n\nSubject:\n\tSecurity ID:\t\tS-1-5-21-2889181789-4222170037-1347726928-1001\n\tAccount Name:\t\tVirtual Windows 10\n\tAccount Domain:\t\tDESKTOP-MAC610T\n\tLogon ID:\t\t0x29EA7\n\nObject:\n\tObject Server:\t\tSecurity\n\tObject Type:\t\tFile\n\tObject Name:\t\tC:\\Users\\Virtual Windows 10\\Dropbox\n\tHandle ID:\t\t0x1ff0\n\tResource Attributes:\tS:AI\n\nProcess Information:\n\tProcess ID:\t\t0x153c\n\tProcess Name:\t\tC:\\Program Files (x86)\\Dropbox\\Client\\Dropbox.exe\n\nAccess Request Information:\n\tAccesses:\t\tReadAttributes\n\t\t\t\t\n\tAccess Mask:\t\t0x80","accesses":"%%4423\n\t\t\t\t","taskCategory":"File System","accountName":"Virtual Windows 10","@context":"http://sepses.ifs.tuwien.ac.at/contexts/wineventlog.jsonld","@type":"http://purl.org/sepses/vocab/log/wineventlog#WindowsEventLogEntry"}
{"objectServer":"Security","source":"Microsoft-Windows-Security-Auditing","objectName":"C:\\Users\\Virtual Windows 10\\Dropbox","keyword":["Audit Success"],"accessMask":"0x80","version":1,"timestamp":"2018-11-14T11:09:42.029Z","logName":"Security","upCode":"Info","@id":"http://example.org/logEntry#logEntry-b5443a56-f10d-4060-af72-839071c6db2e","resourceAttributes":"S:AI","handleID":"0x1ff0","processID":"0x153c","level":"Information","logonID":"0x29ea7","accountDomain":"DESKTOP-MAC610T","originatesFrom":{"hostName":{"name":"DESKTOP-MAC610T"},"@type":"rdf:nodeID","@id":"http://example.org/sepses#3cf18061-74f6-4891-940e-f7b163fc936a"},"computerName":"DESKTOP-MAC610T","@timestamp":"2018-11-14T11:09:42.029Z","processName":"C:\\Program Files (x86)\\Dropbox\\Client\\Dropbox.exe","objectType":"File","hasLogType":"wineventlog","eventID":4663,"logMessage":"An attempt was made to access an object.\n\nSubject:\n\tSecurity ID:\t\tS-1-5-21-2889181789-4222170037-1347726928-1001\n\tAccount Name:\t\tVirtual Windows 10\n\tAccount Domain:\t\tDESKTOP-MAC610T\n\tLogon ID:\t\t0x29EA7\n\nObject:\n\tObject Server:\t\tSecurity\n\tObject Type:\t\tFile\n\tObject Name:\t\tC:\\Users\\Virtual Windows 10\\Dropbox\n\tHandle ID:\t\t0x1ff0\n\tResource Attributes:\tS:AI\n\nProcess Information:\n\tProcess ID:\t\t0x153c\n\tProcess Name:\t\tC:\\Program Files (x86)\\Dropbox\\Client\\Dropbox.exe\n\nAccess Request Information:\n\tAccesses:\t\tReadAttributes\n\t\t\t\t\n\tAccess Mask:\t\t0x80","accesses":"%%4423\n\t\t\t\t","taskCategory":"File System","accountName":"Virtual Windows 10","@context":"http://sepses.ifs.tuwien.ac.at/contexts/wineventlog.jsonld","@type":"http://purl.org/sepses/vocab/log/wineventlog#WindowsEventLogEntry"}
{"objectServer":"Security","source":"Microsoft-Windows-Security-Auditing","objectName":"C:\\Users\\Virtual Windows 10\\Dropbox","keyword":["Audit Success"],"accessMask":"0x80","version":1,"timestamp":"2018-11-14T11:09:42.030Z","logName":"Security","upCode":"Info","@id":"http://example.org/logEntry#logEntry-e52851be-f052-4fe5-a988-71cdbdeee3f4","resourceAttributes":"S:AI","handleID":"0x1ff0","processID":"0x153c","level":"Information","logonID":"0x29ea7","accountDomain":"DESKTOP-MAC610T","originatesFrom":{"hostName":{"name":"DESKTOP-MAC610T"},"@type":"rdf:nodeID","@id":"http://example.org/sepses#1bd2ee66-1d76-4623-80db-4c8046fc877e"},"computerName":"DESKTOP-MAC610T","@timestamp":"2018-11-14T11:09:42.030Z","processName":"C:\\Program Files (x86)\\Dropbox\\Client\\Dropbox.exe","objectType":"File","hasLogType":"wineventlog","eventID":4663,"logMessage":"An attempt was made to access an object.\n\nSubject:\n\tSecurity ID:\t\tS-1-5-21-2889181789-4222170037-1347726928-1001\n\tAccount Name:\t\tVirtual Windows 10\n\tAccount Domain:\t\tDESKTOP-MAC610T\n\tLogon ID:\t\t0x29EA7\n\nObject:\n\tObject Server:\t\tSecurity\n\tObject Type:\t\tFile\n\tObject Name:\t\tC:\\Users\\Virtual Windows 10\\Dropbox\n\tHandle ID:\t\t0x1ff0\n\tResource Attributes:\tS:AI\n\nProcess Information:\n\tProcess ID:\t\t0x153c\n\tProcess Name:\t\tC:\\Program Files (x86)\\Dropbox\\Client\\Dropbox.exe\n\nAccess Request Information:\n\tAccesses:\t\tReadAttributes\n\t\t\t\t\n\tAccess Mask:\t\t0x80","accesses":"%%4423\n\t\t\t\t","taskCategory":"File System","accountName":"Virtual Windows 10","@context":"http://sepses.ifs.tuwien.ac.at/contexts/wineventlog.jsonld","@type":"http://purl.org/sepses/vocab/log/wineventlog#WindowsEventLogEntry"}
{"objectServer":"Security","source":"Microsoft-Windows-Security-Auditing","objectName":"C:\\Users\\Virtual Windows 10\\Dropbox","keyword":["Audit Success"],"accessMask":"0x80","version":1,"timestamp":"2018-11-14T11:09:42.030Z","logName":"Security","upCode":"Info","@id":"http://example.org/logEntry#logEntry-a5db8b90-9e57-499a-b4fc-ec2eca565886","resourceAttributes":"S:AI","handleID":"0x1ff0","processID":"0x153c","level":"Information","logonID":"0x29ea7","accountDomain":"DESKTOP-MAC610T","originatesFrom":{"hostName":{"name":"DESKTOP-MAC610T"},"@type":"rdf:nodeID","@id":"http://example.org/sepses#1daafade-66c6-42f5-a75f-045800b79808"},"computerName":"DESKTOP-MAC610T","@timestamp":"2018-11-14T11:09:42.030Z","processName":"C:\\Program Files (x86)\\Dropbox\\Client\\Dropbox.exe","objectType":"File","hasLogType":"wineventlog","eventID":4663,"logMessage":"An attempt was made to access an object.\n\nSubject:\n\tSecurity ID:\t\tS-1-5-21-2889181789-4222170037-1347726928-1001\n\tAccount Name:\t\tVirtual Windows 10\n\tAccount Domain:\t\tDESKTOP-MAC610T\n\tLogon ID:\t\t0x29EA7\n\nObject:\n\tObject Server:\t\tSecurity\n\tObject Type:\t\tFile\n\tObject Name:\t\tC:\\Users\\Virtual Windows 10\\Dropbox\n\tHandle ID:\t\t0x1ff0\n\tResource Attributes:\tS:AI\n\nProcess Information:\n\tProcess ID:\t\t0x153c\n\tProcess Name:\t\tC:\\Program Files (x86)\\Dropbox\\Client\\Dropbox.exe\n\nAccess Request Information:\n\tAccesses:\t\tReadAttributes\n\t\t\t\t\n\tAccess Mask:\t\t0x80","accesses":"%%4423\n\t\t\t\t","taskCategory":"File System","accountName":"Virtual Windows 10","@context":"http://sepses.ifs.tuwien.ac.at/contexts/wineventlog.jsonld","@type":"http://purl.org/sepses/vocab/log/wineventlog#WindowsEventLogEntry"}
{"objectServer":"Security","source":"Microsoft-Windows-Security-Auditing","objectName":"C:\\Users\\Virtual Windows 10\\Dropbox","keyword":["Audit Success"],"accessMask":"0x80","version":1,"timestamp":"2018-11-14T11:09:42.030Z","logName":"Security","upCode":"Info","@id":"http://example.org/logEntry#logEntry-33f14781-a9f5-439f-8733-d000658a2be9","resourceAttributes":"S:AI","handleID":"0x1ff0","processID":"0x153c","level":"Information","logonID":"0x29ea7","accountDomain":"DESKTOP-MAC610T","originatesFrom":{"hostName":{"name":"DESKTOP-MAC610T"},"@type":"rdf:nodeID","@id":"http://example.org/sepses#bc8d2af9-12f1-4222-a435-42a899ee27a8"},"computerName":"DESKTOP-MAC610T","@timestamp":"2018-11-14T11:09:42.030Z","processName":"C:\\Program Files (x86)\\Dropbox\\Client\\Dropbox.exe","objectType":"File","hasLogType":"wineventlog","eventID":4663,"logMessage":"An attempt was made to access an object.\n\nSubject:\n\tSecurity ID:\t\tS-1-5-21-2889181789-4222170037-1347726928-1001\n\tAccount Name:\t\tVirtual Windows 10\n\tAccount Domain:\t\tDESKTOP-MAC610T\n\tLogon ID:\t\t0x29EA7\n\nObject:\n\tObject Server:\t\tSecurity\n\tObject Type:\t\tFile\n\tObject Name:\t\tC:\\Users\\Virtual Windows 10\\Dropbox\n\tHandle ID:\t\t0x1ff0\n\tResource Attributes:\tS:AI\n\nProcess Information:\n\tProcess ID:\t\t0x153c\n\tProcess Name:\t\tC:\\Program Files (x86)\\Dropbox\\Client\\Dropbox.exe\n\nAccess Request Information:\n\tAccesses:\t\tReadAttributes\n\t\t\t\t\n\tAccess Mask:\t\t0x80","accesses":"%%4423\n\t\t\t\t","taskCategory":"File System","accountName":"Virtual Windows 10","@context":"http://sepses.ifs.tuwien.ac.at/contexts/wineventlog.jsonld","@type":"http://purl.org/sepses/vocab/log/wineventlog#WindowsEventLogEntry"}
{"objectServer":"Security","source":"Microsoft-Windows-Security-Auditing","objectName":"C:\\Users\\Virtual Windows 10\\Dropbox","keyword":["Audit Success"],"accessMask":"0x80","version":1,"timestamp":"2018-11-14T11:09:42.031Z","logName":"Security","upCode":"Info","@id":"http://example.org/logEntry#logEntry-789d4858-3890-4f4f-9c9d-b17341d35aa3","resourceAttributes":"S:AI","handleID":"0x1ff0","processID":"0x153c","level":"Information","logonID":"0x29ea7","accountDomain":"DESKTOP-MAC610T","originatesFrom":{"hostName":{"name":"DESKTOP-MAC610T"},"@type":"rdf:nodeID","@id":"http://example.org/sepses#17607ed0-6f89-4892-a0d7-45cb0bb2a948"},"computerName":"DESKTOP-MAC610T","@timestamp":"2018-11-14T11:09:42.031Z","processName":"C:\\Program Files (x86)\\Dropbox\\Client\\Dropbox.exe","objectType":"File","hasLogType":"wineventlog","eventID":4663,"logMessage":"An attempt was made to access an object.\n\nSubject:\n\tSecurity ID:\t\tS-1-5-21-2889181789-4222170037-1347726928-1001\n\tAccount Name:\t\tVirtual Windows 10\n\tAccount Domain:\t\tDESKTOP-MAC610T\n\tLogon ID:\t\t0x29EA7\n\nObject:\n\tObject Server:\t\tSecurity\n\tObject Type:\t\tFile\n\tObject Name:\t\tC:\\Users\\Virtual Windows 10\\Dropbox\n\tHandle ID:\t\t0x1ff0\n\tResource Attributes:\tS:AI\n\nProcess Information:\n\tProcess ID:\t\t0x153c\n\tProcess Name:\t\tC:\\Program Files (x86)\\Dropbox\\Client\\Dropbox.exe\n\nAccess Request Information:\n\tAccesses:\t\tReadAttributes\n\t\t\t\t\n\tAccess Mask:\t\t0x80","accesses":"%%4423\n\t\t\t\t","taskCategory":"File System","accountName":"Virtual Windows 10","@context":"http://sepses.ifs.tuwien.ac.at/contexts/wineventlog.jsonld","@type":"http://purl.org/sepses/vocab/log/wineventlog#WindowsEventLogEntry"}
{"objectServer":"Security","source":"Microsoft-Windows-Security-Auditing","objectName":"C:\\Users\\Virtual Windows 10\\Dropbox","keyword":["Audit Success"],"accessMask":"0x80","version":1,"timestamp":"2018-11-14T11:09:42.031Z","logName":"Security","upCode":"Info","@id":"http://example.org/logEntry#logEntry-b26e48f6-63de-4be9-a3a1-33886401ac86","resourceAttributes":"S:AI","handleID":"0x1ff0","processID":"0x153c","level":"Information","logonID":"0x29ea7","accountDomain":"DESKTOP-MAC610T","originatesFrom":{"hostName":{"name":"DESKTOP-MAC610T"},"@type":"rdf:nodeID","@id":"http://example.org/sepses#b321c4a0-61c5-4a8b-b6cf-ddd862042061"},"computerName":"DESKTOP-MAC610T","@timestamp":"2018-11-14T11:09:42.031Z","processName":"C:\\Program Files (x86)\\Dropbox\\Client\\Dropbox.exe","objectType":"File","hasLogType":"wineventlog","eventID":4663,"logMessage":"An attempt was made to access an object.\n\nSubject:\n\tSecurity ID:\t\tS-1-5-21-2889181789-4222170037-1347726928-1001\n\tAccount Name:\t\tVirtual Windows 10\n\tAccount Domain:\t\tDESKTOP-MAC610T\n\tLogon ID:\t\t0x29EA7\n\nObject:\n\tObject Server:\t\tSecurity\n\tObject Type:\t\tFile\n\tObject Name:\t\tC:\\Users\\Virtual Windows 10\\Dropbox\n\tHandle ID:\t\t0x1ff0\n\tResource Attributes:\tS:AI\n\nProcess Information:\n\tProcess ID:\t\t0x153c\n\tProcess Name:\t\tC:\\Program Files (x86)\\Dropbox\\Client\\Dropbox.exe\n\nAccess Request Information:\n\tAccesses:\t\tReadAttributes\n\t\t\t\t\n\tAccess Mask:\t\t0x80","accesses":"%%4423\n\t\t\t\t","taskCategory":"File System","accountName":"Virtual Windows 10","@context":"http://sepses.ifs.tuwien.ac.at/contexts/wineventlog.jsonld","@type":"http://purl.org/sepses/vocab/log/wineventlog#WindowsEventLogEntry"}
{"objectServer":"Security","source":"Microsoft-Windows-Security-Auditing","objectName":"C:\\Users\\Virtual Windows 10\\Dropbox","keyword":["Audit Success"],"accessMask":"0x80","version":1,"timestamp":"2018-11-14T11:09:42.031Z","logName":"Security","upCode":"Info","@id":"http://example.org/logEntry#logEntry-5418fe6f-e988-421e-9cf9-1ccaad59422e","resourceAttributes":"S:AI","handleID":"0x1ff0","processID":"0x153c","level":"Information","logonID":"0x29ea7","accountDomain":"DESKTOP-MAC610T","originatesFrom":{"hostName":{"name":"DESKTOP-MAC610T"},"@type":"rdf:nodeID","@id":"http://example.org/sepses#492fe6c3-31d6-4f2e-928d-686633d4949f"},"computerName":"DESKTOP-MAC610T","@timestamp":"2018-11-14T11:09:42.031Z","processName":"C:\\Program Files (x86)\\Dropbox\\Client\\Dropbox.exe","objectType":"File","hasLogType":"wineventlog","eventID":4663,"logMessage":"An attempt was made to access an object.\n\nSubject:\n\tSecurity ID:\t\tS-1-5-21-2889181789-4222170037-1347726928-1001\n\tAccount Name:\t\tVirtual Windows 10\n\tAccount Domain:\t\tDESKTOP-MAC610T\n\tLogon ID:\t\t0x29EA7\n\nObject:\n\tObject Server:\t\tSecurity\n\tObject Type:\t\tFile\n\tObject Name:\t\tC:\\Users\\Virtual Windows 10\\Dropbox\n\tHandle ID:\t\t0x1ff0\n\tResource Attributes:\tS:AI\n\nProcess Information:\n\tProcess ID:\t\t0x153c\n\tProcess Name:\t\tC:\\Program Files (x86)\\Dropbox\\Client\\Dropbox.exe\n\nAccess Request Information:\n\tAccesses:\t\tReadAttributes\n\t\t\t\t\n\tAccess Mask:\t\t0x80","accesses":"%%4423\n\t\t\t\t","taskCategory":"File System","accountName":"Virtual Windows 10","@context":"http://sepses.ifs.tuwien.ac.at/contexts/wineventlog.jsonld","@type":"http://purl.org/sepses/vocab/log/wineventlog#WindowsEventLogEntry"}
{"objectServer":"Security","source":"Microsoft-Windows-Security-Auditing","objectName":"C:\\Users\\Virtual Windows 10\\Dropbox","keyword":["Audit Success"],"accessMask":"0x80","version":1,"timestamp":"2018-11-14T11:09:42.032Z","logName":"Security","upCode":"Info","@id":"http://example.org/logEntry#logEntry-9273d620-d503-4936-9e89-b344d1c1efd3","resourceAttributes":"S:AI","handleID":"0x1ff0","processID":"0x153c","level":"Information","logonID":"0x29ea7","accountDomain":"DESKTOP-MAC610T","originatesFrom":{"hostName":{"name":"DESKTOP-MAC610T"},"@type":"rdf:nodeID","@id":"http://example.org/sepses#863daa81-9106-499b-b4cb-eac3a65c74d8"},"computerName":"DESKTOP-MAC610T","@timestamp":"2018-11-14T11:09:42.032Z","processName":"C:\\Program Files (x86)\\Dropbox\\Client\\Dropbox.exe","objectType":"File","hasLogType":"wineventlog","eventID":4663,"logMessage":"An attempt was made to access an object.\n\nSubject:\n\tSecurity ID:\t\tS-1-5-21-2889181789-4222170037-1347726928-1001\n\tAccount Name:\t\tVirtual Windows 10\n\tAccount Domain:\t\tDESKTOP-MAC610T\n\tLogon ID:\t\t0x29EA7\n\nObject:\n\tObject Server:\t\tSecurity\n\tObject Type:\t\tFile\n\tObject Name:\t\tC:\\Users\\Virtual Windows 10\\Dropbox\n\tHandle ID:\t\t0x1ff0\n\tResource Attributes:\tS:AI\n\nProcess Information:\n\tProcess ID:\t\t0x153c\n\tProcess Name:\t\tC:\\Program Files (x86)\\Dropbox\\Client\\Dropbox.exe\n\nAccess Request Information:\n\tAccesses:\t\tReadAttributes\n\t\t\t\t\n\tAccess Mask:\t\t0x80","accesses":"%%4423\n\t\t\t\t","taskCategory":"File System","accountName":"Virtual Windows 10","@context":"http://sepses.ifs.tuwien.ac.at/contexts/wineventlog.jsonld","@type":"http://purl.org/sepses/vocab/log/wineventlog#WindowsEventLogEntry"}
{"objectServer":"Security","source":"Microsoft-Windows-Security-Auditing","objectName":"C:\\Users\\Virtual Windows 10\\Dropbox","keyword":["Audit Success"],"accessMask":"0x80","version":1,"timestamp":"2018-11-14T11:09:42.032Z","logName":"Security","upCode":"Info","@id":"http://example.org/logEntry#logEntry-30ae57a3-d60f-4b00-8d7e-69a30b5b0f58","resourceAttributes":"S:AI","handleID":"0x1ff0","processID":"0x153c","level":"Information","logonID":"0x29ea7","accountDomain":"DESKTOP-MAC610T","originatesFrom":{"hostName":{"name":"DESKTOP-MAC610T"},"@type":"rdf:nodeID","@id":"http://example.org/sepses#c8e4c7cb-9614-4693-953b-930ed4056e3a"},"computerName":"DESKTOP-MAC610T","@timestamp":"2018-11-14T11:09:42.032Z","processName":"C:\\Program Files (x86)\\Dropbox\\Client\\Dropbox.exe","objectType":"File","hasLogType":"wineventlog","eventID":4663,"logMessage":"An attempt was made to access an object.\n\nSubject:\n\tSecurity ID:\t\tS-1-5-21-2889181789-4222170037-1347726928-1001\n\tAccount Name:\t\tVirtual Windows 10\n\tAccount Domain:\t\tDESKTOP-MAC610T\n\tLogon ID:\t\t0x29EA7\n\nObject:\n\tObject Server:\t\tSecurity\n\tObject Type:\t\tFile\n\tObject Name:\t\tC:\\Users\\Virtual Windows 10\\Dropbox\n\tHandle ID:\t\t0x1ff0\n\tResource Attributes:\tS:AI\n\nProcess Information:\n\tProcess ID:\t\t0x153c\n\tProcess Name:\t\tC:\\Program Files (x86)\\Dropbox\\Client\\Dropbox.exe\n\nAccess Request Information:\n\tAccesses:\t\tReadAttributes\n\t\t\t\t\n\tAccess Mask:\t\t0x80","accesses":"%%4423\n\t\t\t\t","taskCategory":"File System","accountName":"Virtual Windows 10","@context":"http://sepses.ifs.tuwien.ac.at/contexts/wineventlog.jsonld","@type":"http://purl.org/sepses/vocab/log/wineventlog#WindowsEventLogEntry"}
{"objectServer":"Security","source":"Microsoft-Windows-Security-Auditing","objectName":"C:\\Users\\Virtual Windows 10\\UserDocuments","keyword":["Audit Success"],"accessMask":"0x80","version":1,"timestamp":"2018-11-14T11:09:43.585Z","logName":"Security","upCode":"Info","@id":"http://example.org/logEntry#logEntry-7e54156c-b560-41c5-88ba-db4142c890ef","resourceAttributes":"S:AI","handleID":"0x2a68","processID":"0xc60","level":"Information","logonID":"0x29ea7","accountDomain":"DESKTOP-MAC610T","originatesFrom":{"hostName":{"name":"DESKTOP-MAC610T"},"@type":"rdf:nodeID","@id":"http://example.org/sepses#4e816432-9cd2-4017-99f5-0ccf6a3969a1"},"computerName":"DESKTOP-MAC610T","@timestamp":"2018-11-14T11:09:43.585Z","processName":"C:\\Windows\\explorer.exe","objectType":"File","hasLogType":"wineventlog","eventID":4663,"logMessage":"An attempt was made to access an object.\n\nSubject:\n\tSecurity ID:\t\tS-1-5-21-2889181789-4222170037-1347726928-1001\n\tAccount Name:\t\tVirtual Windows 10\n\tAccount Domain:\t\tDESKTOP-MAC610T\n\tLogon ID:\t\t0x29EA7\n\nObject:\n\tObject Server:\t\tSecurity\n\tObject Type:\t\tFile\n\tObject Name:\t\tC:\\Users\\Virtual Windows 10\\UserDocuments\n\tHandle ID:\t\t0x2a68\n\tResource Attributes:\tS:AI\n\nProcess Information:\n\tProcess ID:\t\t0xc60\n\tProcess Name:\t\tC:\\Windows\\explorer.exe\n\nAccess Request Information:\n\tAccesses:\t\tReadAttributes\n\t\t\t\t\n\tAccess Mask:\t\t0x80","accesses":"%%4423\n\t\t\t\t","taskCategory":"File System","accountName":"Virtual Windows 10","@context":"http://sepses.ifs.tuwien.ac.at/contexts/wineventlog.jsonld","@type":"http://purl.org/sepses/vocab/log/wineventlog#WindowsEventLogEntry"}
{"objectServer":"Security","source":"Microsoft-Windows-Security-Auditing","objectName":"C:\\Users\\Virtual Windows 10\\Dropbox","keyword":["Audit Success"],"accessMask":"0x80","version":1,"timestamp":"2018-11-14T11:09:43.592Z","logName":"Security","upCode":"Info","@id":"http://example.org/logEntry#logEntry-10c76764-8377-47b5-8369-7040ca17a90f","resourceAttributes":"S:AI","handleID":"0x2a68","processID":"0xc60","level":"Information","logonID":"0x29ea7","accountDomain":"DESKTOP-MAC610T","originatesFrom":{"hostName":{"name":"DESKTOP-MAC610T"},"@type":"rdf:nodeID","@id":"http://example.org/sepses#6a9680d0-f432-4071-ad5f-352989c6cffd"},"computerName":"DESKTOP-MAC610T","@timestamp":"2018-11-14T11:09:43.592Z","processName":"C:\\Windows\\explorer.exe","objectType":"File","hasLogType":"wineventlog","eventID":4663,"logMessage":"An attempt was made to access an object.\n\nSubject:\n\tSecurity ID:\t\tS-1-5-21-2889181789-4222170037-1347726928-1001\n\tAccount Name:\t\tVirtual Windows 10\n\tAccount Domain:\t\tDESKTOP-MAC610T\n\tLogon ID:\t\t0x29EA7\n\nObject:\n\tObject Server:\t\tSecurity\n\tObject Type:\t\tFile\n\tObject Name:\t\tC:\\Users\\Virtual Windows 10\\Dropbox\n\tHandle ID:\t\t0x2a68\n\tResource Attributes:\tS:AI\n\nProcess Information:\n\tProcess ID:\t\t0xc60\n\tProcess Name:\t\tC:\\Windows\\explorer.exe\n\nAccess Request Information:\n\tAccesses:\t\tReadAttributes\n\t\t\t\t\n\tAccess Mask:\t\t0x80","accesses":"%%4423\n\t\t\t\t","taskCategory":"File System","accountName":"Virtual Windows 10","@context":"http://sepses.ifs.tuwien.ac.at/contexts/wineventlog.jsonld","@type":"http://purl.org/sepses/vocab/log/wineventlog#WindowsEventLogEntry"}
{"objectServer":"Security","source":"Microsoft-Windows-Security-Auditing","objectName":"C:\\Users\\Virtual Windows 10\\Dropbox","keyword":["Audit Success"],"accessMask":"0x80","version":1,"timestamp":"2018-11-14T11:09:45.047Z","logName":"Security","upCode":"Info","@id":"http://example.org/logEntry#logEntry-36d53599-6f3e-4c90-af12-a138bed224a6","resourceAttributes":"S:AI","handleID":"0x3e98","processID":"0xc60","level":"Information","logonID":"0x29ea7","accountDomain":"DESKTOP-MAC610T","originatesFrom":{"hostName":{"name":"DESKTOP-MAC610T"},"@type":"rdf:nodeID","@id":"http://example.org/sepses#2903b005-d959-4989-bd91-765d2135215a"},"computerName":"DESKTOP-MAC610T","@timestamp":"2018-11-14T11:09:45.047Z","processName":"C:\\Windows\\explorer.exe","objectType":"File","hasLogType":"wineventlog","eventID":4663,"logMessage":"An attempt was made to access an object.\n\nSubject:\n\tSecurity ID:\t\tS-1-5-21-2889181789-4222170037-1347726928-1001\n\tAccount Name:\t\tVirtual Windows 10\n\tAccount Domain:\t\tDESKTOP-MAC610T\n\tLogon ID:\t\t0x29EA7\n\nObject:\n\tObject Server:\t\tSecurity\n\tObject Type:\t\tFile\n\tObject Name:\t\tC:\\Users\\Virtual Windows 10\\Dropbox\n\tHandle ID:\t\t0x3e98\n\tResource Attributes:\tS:AI\n\nProcess Information:\n\tProcess ID:\t\t0xc60\n\tProcess Name:\t\tC:\\Windows\\explorer.exe\n\nAccess Request Information:\n\tAccesses:\t\tReadAttributes\n\t\t\t\t\n\tAccess Mask:\t\t0x80","accesses":"%%4423\n\t\t\t\t","taskCategory":"File System","accountName":"Virtual Windows 10","@context":"http://sepses.ifs.tuwien.ac.at/contexts/wineventlog.jsonld","@type":"http://purl.org/sepses/vocab/log/wineventlog#WindowsEventLogEntry"}
{"objectServer":"Security","source":"Microsoft-Windows-Security-Auditing","objectName":"C:\\Users\\Virtual Windows 10\\Dropbox","keyword":["Audit Success"],"accessMask":"0x80","version":1,"timestamp":"2018-11-14T11:09:45.047Z","logName":"Security","upCode":"Info","@id":"http://example.org/logEntry#logEntry-f37f224d-7a89-4be7-8a25-64caf4085c52","resourceAttributes":"S:AI","handleID":"0x3f1c","processID":"0xc60","level":"Information","logonID":"0x29ea7","accountDomain":"DESKTOP-MAC610T","originatesFrom":{"hostName":{"name":"DESKTOP-MAC610T"},"@type":"rdf:nodeID","@id":"http://example.org/sepses#95a34ef3-6c91-4aa7-8d53-87a75f119c68"},"computerName":"DESKTOP-MAC610T","@timestamp":"2018-11-14T11:09:45.047Z","processName":"C:\\Windows\\explorer.exe","objectType":"File","hasLogType":"wineventlog","eventID":4663,"logMessage":"An attempt was made to access an object.\n\nSubject:\n\tSecurity ID:\t\tS-1-5-21-2889181789-4222170037-1347726928-1001\n\tAccount Name:\t\tVirtual Windows 10\n\tAccount Domain:\t\tDESKTOP-MAC610T\n\tLogon ID:\t\t0x29EA7\n\nObject:\n\tObject Server:\t\tSecurity\n\tObject Type:\t\tFile\n\tObject Name:\t\tC:\\Users\\Virtual Windows 10\\Dropbox\n\tHandle ID:\t\t0x3f1c\n\tResource Attributes:\tS:AI\n\nProcess Information:\n\tProcess ID:\t\t0xc60\n\tProcess Name:\t\tC:\\Windows\\explorer.exe\n\nAccess Request Information:\n\tAccesses:\t\tReadAttributes\n\t\t\t\t\n\tAccess Mask:\t\t0x80","accesses":"%%4423\n\t\t\t\t","taskCategory":"File System","accountName":"Virtual Windows 10","@context":"http://sepses.ifs.tuwien.ac.at/contexts/wineventlog.jsonld","@type":"http://purl.org/sepses/vocab/log/wineventlog#WindowsEventLogEntry"}
{"objectServer":"Security","source":"Microsoft-Windows-Security-Auditing","objectName":"C:\\Users\\Virtual Windows 10\\UserDocuments","keyword":["Audit Success"],"accessMask":"0x80","version":1,"timestamp":"2018-11-14T11:09:45.312Z","logName":"Security","upCode":"Info","@id":"http://example.org/logEntry#logEntry-a5128bee-42b3-4799-8a38-3277bf652591","resourceAttributes":"S:AI","handleID":"0x371c","processID":"0xc60","level":"Information","logonID":"0x29ea7","accountDomain":"DESKTOP-MAC610T","originatesFrom":{"hostName":{"name":"DESKTOP-MAC610T"},"@type":"rdf:nodeID","@id":"http://example.org/sepses#58fc5512-5088-401e-83eb-490afd28bb0c"},"computerName":"DESKTOP-MAC610T","@timestamp":"2018-11-14T11:09:45.312Z","processName":"C:\\Windows\\explorer.exe","objectType":"File","hasLogType":"wineventlog","eventID":4663,"logMessage":"An attempt was made to access an object.\n\nSubject:\n\tSecurity ID:\t\tS-1-5-21-2889181789-4222170037-1347726928-1001\n\tAccount Name:\t\tVirtual Windows 10\n\tAccount Domain:\t\tDESKTOP-MAC610T\n\tLogon ID:\t\t0x29EA7\n\nObject:\n\tObject Server:\t\tSecurity\n\tObject Type:\t\tFile\n\tObject Name:\t\tC:\\Users\\Virtual Windows 10\\UserDocuments\n\tHandle ID:\t\t0x371c\n\tResource Attributes:\tS:AI\n\nProcess Information:\n\tProcess ID:\t\t0xc60\n\tProcess Name:\t\tC:\\Windows\\explorer.exe\n\nAccess Request Information:\n\tAccesses:\t\tReadAttributes\n\t\t\t\t\n\tAccess Mask:\t\t0x80","accesses":"%%4423\n\t\t\t\t","taskCategory":"File System","accountName":"Virtual Windows 10","@context":"http://sepses.ifs.tuwien.ac.at/contexts/wineventlog.jsonld","@type":"http://purl.org/sepses/vocab/log/wineventlog#WindowsEventLogEntry"}
{"objectServer":"Security","source":"Microsoft-Windows-Security-Auditing","objectName":"C:\\Users\\Virtual Windows 10\\Dropbox","keyword":["Audit Success"],"accessMask":"0x80","version":1,"timestamp":"2018-11-14T11:09:45.321Z","logName":"Security","upCode":"Info","@id":"http://example.org/logEntry#logEntry-8c657be8-0b87-42aa-9921-ed4912a8e540","resourceAttributes":"S:AI","handleID":"0x371c","processID":"0xc60","level":"Information","logonID":"0x29ea7","accountDomain":"DESKTOP-MAC610T","originatesFrom":{"hostName":{"name":"DESKTOP-MAC610T"},"@type":"rdf:nodeID","@id":"http://example.org/sepses#8ce338ff-0a40-4035-9a73-3351823a2733"},"computerName":"DESKTOP-MAC610T","@timestamp":"2018-11-14T11:09:45.321Z","processName":"C:\\Windows\\explorer.exe","objectType":"File","hasLogType":"wineventlog","eventID":4663,"logMessage":"An attempt was made to access an object.\n\nSubject:\n\tSecurity ID:\t\tS-1-5-21-2889181789-4222170037-1347726928-1001\n\tAccount Name:\t\tVirtual Windows 10\n\tAccount Domain:\t\tDESKTOP-MAC610T\n\tLogon ID:\t\t0x29EA7\n\nObject:\n\tObject Server:\t\tSecurity\n\tObject Type:\t\tFile\n\tObject Name:\t\tC:\\Users\\Virtual Windows 10\\Dropbox\n\tHandle ID:\t\t0x371c\n\tResource Attributes:\tS:AI\n\nProcess Information:\n\tProcess ID:\t\t0xc60\n\tProcess Name:\t\tC:\\Windows\\explorer.exe\n\nAccess Request Information:\n\tAccesses:\t\tReadAttributes\n\t\t\t\t\n\tAccess Mask:\t\t0x80","accesses":"%%4423\n\t\t\t\t","taskCategory":"File System","accountName":"Virtual Windows 10","@context":"http://sepses.ifs.tuwien.ac.at/contexts/wineventlog.jsonld","@type":"http://purl.org/sepses/vocab/log/wineventlog#WindowsEventLogEntry"}
{"objectServer":"Security","source":"Microsoft-Windows-Security-Auditing","objectName":"C:\\Users\\Virtual Windows 10\\UserDocuments","keyword":["Audit Success"],"accessMask":"0x80","version":1,"timestamp":"2018-11-14T11:09:46.717Z","logName":"Security","upCode":"Info","@id":"http://example.org/logEntry#logEntry-8fef90ea-c555-402c-9d4b-46b72940e704","resourceAttributes":"S:AI","handleID":"0x3e6c","processID":"0xc60","level":"Information","logonID":"0x29ea7","accountDomain":"DESKTOP-MAC610T","originatesFrom":{"hostName":{"name":"DESKTOP-MAC610T"},"@type":"rdf:nodeID","@id":"http://example.org/sepses#6891b20e-f367-4235-8902-7171fa57ba18"},"computerName":"DESKTOP-MAC610T","@timestamp":"2018-11-14T11:09:46.717Z","processName":"C:\\Windows\\explorer.exe","objectType":"File","hasLogType":"wineventlog","eventID":4663,"logMessage":"An attempt was made to access an object.\n\nSubject:\n\tSecurity ID:\t\tS-1-5-21-2889181789-4222170037-1347726928-1001\n\tAccount Name:\t\tVirtual Windows 10\n\tAccount Domain:\t\tDESKTOP-MAC610T\n\tLogon ID:\t\t0x29EA7\n\nObject:\n\tObject Server:\t\tSecurity\n\tObject Type:\t\tFile\n\tObject Name:\t\tC:\\Users\\Virtual Windows 10\\UserDocuments\n\tHandle ID:\t\t0x3e6c\n\tResource Attributes:\tS:AI\n\nProcess Information:\n\tProcess ID:\t\t0xc60\n\tProcess Name:\t\tC:\\Windows\\explorer.exe\n\nAccess Request Information:\n\tAccesses:\t\tReadAttributes\n\t\t\t\t\n\tAccess Mask:\t\t0x80","accesses":"%%4423\n\t\t\t\t","taskCategory":"File System","accountName":"Virtual Windows 10","@context":"http://sepses.ifs.tuwien.ac.at/contexts/wineventlog.jsonld","@type":"http://purl.org/sepses/vocab/log/wineventlog#WindowsEventLogEntry"}
{"objectServer":"Security","source":"Microsoft-Windows-Security-Auditing","objectName":"C:\\Users\\Virtual Windows 10\\Dropbox","keyword":["Audit Success"],"accessMask":"0x80","version":1,"timestamp":"2018-11-14T11:09:46.812Z","logName":"Security","upCode":"Info","@id":"http://example.org/logEntry#logEntry-cdaeb900-4190-40df-ad14-777e683b09be","resourceAttributes":"S:AI","handleID":"0x1334","processID":"0x153c","level":"Information","logonID":"0x29ea7","accountDomain":"DESKTOP-MAC610T","originatesFrom":{"hostName":{"name":"DESKTOP-MAC610T"},"@type":"rdf:nodeID","@id":"http://example.org/sepses#599c9167-86de-4851-a0f8-be636e0e1ee0"},"computerName":"DESKTOP-MAC610T","@timestamp":"2018-11-14T11:09:46.812Z","processName":"C:\\Program Files (x86)\\Dropbox\\Client\\Dropbox.exe","objectType":"File","hasLogType":"wineventlog","eventID":4663,"logMessage":"An attempt was made to access an object.\n\nSubject:\n\tSecurity ID:\t\tS-1-5-21-2889181789-4222170037-1347726928-1001\n\tAccount Name:\t\tVirtual Windows 10\n\tAccount Domain:\t\tDESKTOP-MAC610T\n\tLogon ID:\t\t0x29EA7\n\nObject:\n\tObject Server:\t\tSecurity\n\tObject Type:\t\tFile\n\tObject Name:\t\tC:\\Users\\Virtual Windows 10\\Dropbox\n\tHandle ID:\t\t0x1334\n\tResource Attributes:\tS:AI\n\nProcess Information:\n\tProcess ID:\t\t0x153c\n\tProcess Name:\t\tC:\\Program Files (x86)\\Dropbox\\Client\\Dropbox.exe\n\nAccess Request Information:\n\tAccesses:\t\tReadAttributes\n\t\t\t\t\n\tAccess Mask:\t\t0x80","accesses":"%%4423\n\t\t\t\t","taskCategory":"File System","accountName":"Virtual Windows 10","@context":"http://sepses.ifs.tuwien.ac.at/contexts/wineventlog.jsonld","@type":"http://purl.org/sepses/vocab/log/wineventlog#WindowsEventLogEntry"}
{"objectServer":"Security","source":"Microsoft-Windows-Security-Auditing","objectName":"C:\\Users\\Virtual Windows 10\\Dropbox","keyword":["Audit Success"],"accessMask":"0x80","version":1,"timestamp":"2018-11-14T11:09:46.812Z","logName":"Security","upCode":"Info","@id":"http://example.org/logEntry#logEntry-6847a3b9-117d-4f8a-a3ef-75e7e39baa52","resourceAttributes":"S:AI","handleID":"0x1334","processID":"0x153c","level":"Information","logonID":"0x29ea7","accountDomain":"DESKTOP-MAC610T","originatesFrom":{"hostName":{"name":"DESKTOP-MAC610T"},"@type":"rdf:nodeID","@id":"http://example.org/sepses#6b7e3175-bb42-42a6-b6d8-ed529ab71799"},"computerName":"DESKTOP-MAC610T","@timestamp":"2018-11-14T11:09:46.812Z","processName":"C:\\Program Files (x86)\\Dropbox\\Client\\Dropbox.exe","objectType":"File","hasLogType":"wineventlog","eventID":4663,"logMessage":"An attempt was made to access an object.\n\nSubject:\n\tSecurity ID:\t\tS-1-5-21-2889181789-4222170037-1347726928-1001\n\tAccount Name:\t\tVirtual Windows 10\n\tAccount Domain:\t\tDESKTOP-MAC610T\n\tLogon ID:\t\t0x29EA7\n\nObject:\n\tObject Server:\t\tSecurity\n\tObject Type:\t\tFile\n\tObject Name:\t\tC:\\Users\\Virtual Windows 10\\Dropbox\n\tHandle ID:\t\t0x1334\n\tResource Attributes:\tS:AI\n\nProcess Information:\n\tProcess ID:\t\t0x153c\n\tProcess Name:\t\tC:\\Program Files (x86)\\Dropbox\\Client\\Dropbox.exe\n\nAccess Request Information:\n\tAccesses:\t\tReadAttributes\n\t\t\t\t\n\tAccess Mask:\t\t0x80","accesses":"%%4423\n\t\t\t\t","taskCategory":"File System","accountName":"Virtual Windows 10","@context":"http://sepses.ifs.tuwien.ac.at/contexts/wineventlog.jsonld","@type":"http://purl.org/sepses/vocab/log/wineventlog#WindowsEventLogEntry"}
