{"timestamp":"2018-08-27T15:31:05.864Z","objectType":"File","hasLogType":"wineventlog","upCode":"Info","accountDomain":"DESKTOP-MAC610T","processID":"0x54","objectName":"C:\\Users\\Virtual Windows 10\\Dropbox","processName":"C:\\Windows\\explorer.exe","eventID":4663,"@type":"http://purl.org/sepses/vocab/log/wineventlog#WindowsEventLogEntry","logName":"Security","originatesFrom":{"@id":"http://example.org/sepses#c4787258-f6b6-433b-b3e8-2490dd057b31","hostName":{"name":"DESKTOP-MAC610T"},"@type":"rdf:nodeID"},"taskCategory":"File System","version":1,"accesses":"%%4423\n\t\t\t\t","keyword":["Audit Success"],"accountName":"Virtual Windows 10","@context":"http://sepses.ifs.tuwien.ac.at/contexts/wineventlog.jsonld","@id":"http://example.org/logEntry#logEntry-326680cc-3885-4715-8ae0-ade0c03254ca","@timestamp":"2018-08-27T15:31:05.864Z","handleID":"0x2824","accessMask":"0x80","computerName":"DESKTOP-MAC610T","source":"Microsoft-Windows-Security-Auditing","level":"Information","logMessage":"An attempt was made to access an object.\n\nSubject:\n\tSecurity ID:\t\tS-1-5-21-2889181789-4222170037-1347726928-1001\n\tAccount Name:\t\tVirtual Windows 10\n\tAccount Domain:\t\tDESKTOP-MAC610T\n\tLogon ID:\t\t0x1EDF9\n\nObject:\n\tObject Server:\t\tSecurity\n\tObject Type:\t\tFile\n\tObject Name:\t\tC:\\Users\\Virtual Windows 10\\Dropbox\n\tHandle ID:\t\t0x2824\n\tResource Attributes:\tS:AI\n\nProcess Information:\n\tProcess ID:\t\t0x54\n\tProcess Name:\t\tC:\\Windows\\explorer.exe\n\nAccess Request Information:\n\tAccesses:\t\tReadAttributes\n\t\t\t\t\n\tAccess Mask:\t\t0x80","objectServer":"Security","resourceAttributes":"S:AI","logonID":"0x1edf9"}
{"timestamp":"2018-08-27T15:31:06.189Z","objectType":"File","hasLogType":"wineventlog","upCode":"Info","accountDomain":"DESKTOP-MAC610T","processID":"0x16c8","objectName":"C:\\Users\\Virtual Windows 10\\Dropbox","processName":"C:\\Program Files (x86)\\Dropbox\\Client\\Dropbox.exe","eventID":4663,"@type":"http://purl.org/sepses/vocab/log/wineventlog#WindowsEventLogEntry","logName":"Security","originatesFrom":{"@id":"http://example.org/sepses#6c4ecd34-0c56-41f1-8f1f-a4ea1aea94fe","hostName":{"name":"DESKTOP-MAC610T"},"@type":"rdf:nodeID"},"taskCategory":"File System","version":1,"accesses":"%%4423\n\t\t\t\t","keyword":["Audit Success"],"accountName":"Virtual Windows 10","@context":"http://sepses.ifs.tuwien.ac.at/contexts/wineventlog.jsonld","@id":"http://example.org/logEntry#logEntry-c5353457-eced-4263-b044-0066308c6ea1","@timestamp":"2018-08-27T15:31:06.189Z","handleID":"0x21d4","accessMask":"0x80","computerName":"DESKTOP-MAC610T","source":"Microsoft-Windows-Security-Auditing","level":"Information","logMessage":"An attempt was made to access an object.\n\nSubject:\n\tSecurity ID:\t\tS-1-5-21-2889181789-4222170037-1347726928-1001\n\tAccount Name:\t\tVirtual Windows 10\n\tAccount Domain:\t\tDESKTOP-MAC610T\n\tLogon ID:\t\t0x1EDF9\n\nObject:\n\tObject Server:\t\tSecurity\n\tObject Type:\t\tFile\n\tObject Name:\t\tC:\\Users\\Virtual Windows 10\\Dropbox\n\tHandle ID:\t\t0x21d4\n\tResource Attributes:\tS:AI\n\nProcess Information:\n\tProcess ID:\t\t0x16c8\n\tProcess Name:\t\tC:\\Program Files (x86)\\Dropbox\\Client\\Dropbox.exe\n\nAccess Request Information:\n\tAccesses:\t\tReadAttributes\n\t\t\t\t\n\tAccess Mask:\t\t0x80","objectServer":"Security","resourceAttributes":"S:AI","logonID":"0x1edf9"}
{"timestamp":"2018-08-27T15:31:06.206Z","objectType":"File","hasLogType":"wineventlog","upCode":"Info","accountDomain":"DESKTOP-MAC610T","processID":"0x16c8","objectName":"C:\\Users\\Virtual Windows 10\\Dropbox","processName":"C:\\Program Files (x86)\\Dropbox\\Client\\Dropbox.exe","eventID":4663,"@type":"http://purl.org/sepses/vocab/log/wineventlog#WindowsEventLogEntry","logName":"Security","originatesFrom":{"@id":"http://example.org/sepses#0833fd22-7ba9-4222-bdf8-1134a6763068","hostName":{"name":"DESKTOP-MAC610T"},"@type":"rdf:nodeID"},"taskCategory":"File System","version":1,"accesses":"%%4423\n\t\t\t\t","keyword":["Audit Success"],"accountName":"Virtual Windows 10","@context":"http://sepses.ifs.tuwien.ac.at/contexts/wineventlog.jsonld","@id":"http://example.org/logEntry#logEntry-5dcfab08-0688-4081-9aa5-3c118c10aea8","@timestamp":"2018-08-27T15:31:06.206Z","handleID":"0x2114","accessMask":"0x80","computerName":"DESKTOP-MAC610T","source":"Microsoft-Windows-Security-Auditing","level":"Information","logMessage":"An attempt was made to access an object.\n\nSubject:\n\tSecurity ID:\t\tS-1-5-21-2889181789-4222170037-1347726928-1001\n\tAccount Name:\t\tVirtual Windows 10\n\tAccount Domain:\t\tDESKTOP-MAC610T\n\tLogon ID:\t\t0x1EDF9\n\nObject:\n\tObject Server:\t\tSecurity\n\tObject Type:\t\tFile\n\tObject Name:\t\tC:\\Users\\Virtual Windows 10\\Dropbox\n\tHandle ID:\t\t0x2114\n\tResource Attributes:\tS:AI\n\nProcess Information:\n\tProcess ID:\t\t0x16c8\n\tProcess Name:\t\tC:\\Program Files (x86)\\Dropbox\\Client\\Dropbox.exe\n\nAccess Request Information:\n\tAccesses:\t\tReadAttributes\n\t\t\t\t\n\tAccess Mask:\t\t0x80","objectServer":"Security","resourceAttributes":"S:AI","logonID":"0x1edf9"}
{"timestamp":"2018-08-27T15:31:06.207Z","objectType":"File","hasLogType":"wineventlog","upCode":"Info","accountDomain":"DESKTOP-MAC610T","processID":"0x16c8","objectName":"C:\\Users\\Virtual Windows 10\\Dropbox","processName":"C:\\Program Files (x86)\\Dropbox\\Client\\Dropbox.exe","eventID":4663,"@type":"http://purl.org/sepses/vocab/log/wineventlog#WindowsEventLogEntry","logName":"Security","originatesFrom":{"@id":"http://example.org/sepses#568b5262-4c55-4158-ab40-1f270890b0b2","hostName":{"name":"DESKTOP-MAC610T"},"@type":"rdf:nodeID"},"taskCategory":"File System","version":1,"accesses":"%%4423\n\t\t\t\t","keyword":["Audit Success"],"accountName":"Virtual Windows 10","@context":"http://sepses.ifs.tuwien.ac.at/contexts/wineventlog.jsonld","@id":"http://example.org/logEntry#logEntry-d2365d91-344f-4dcc-ac9e-adc3dfa3c432","@timestamp":"2018-08-27T15:31:06.207Z","handleID":"0x2114","accessMask":"0x80","computerName":"DESKTOP-MAC610T","source":"Microsoft-Windows-Security-Auditing","level":"Information","logMessage":"An attempt was made to access an object.\n\nSubject:\n\tSecurity ID:\t\tS-1-5-21-2889181789-4222170037-1347726928-1001\n\tAccount Name:\t\tVirtual Windows 10\n\tAccount Domain:\t\tDESKTOP-MAC610T\n\tLogon ID:\t\t0x1EDF9\n\nObject:\n\tObject Server:\t\tSecurity\n\tObject Type:\t\tFile\n\tObject Name:\t\tC:\\Users\\Virtual Windows 10\\Dropbox\n\tHandle ID:\t\t0x2114\n\tResource Attributes:\tS:AI\n\nProcess Information:\n\tProcess ID:\t\t0x16c8\n\tProcess Name:\t\tC:\\Program Files (x86)\\Dropbox\\Client\\Dropbox.exe\n\nAccess Request Information:\n\tAccesses:\t\tReadAttributes\n\t\t\t\t\n\tAccess Mask:\t\t0x80","objectServer":"Security","resourceAttributes":"S:AI","logonID":"0x1edf9"}
{"timestamp":"2018-08-27T15:31:06.709Z","objectType":"File","hasLogType":"wineventlog","upCode":"Info","accountDomain":"DESKTOP-MAC610T","processID":"0x16c8","objectName":"C:\\Users\\Virtual Windows 10\\Dropbox","processName":"C:\\Program Files (x86)\\Dropbox\\Client\\Dropbox.exe","eventID":4663,"@type":"http://purl.org/sepses/vocab/log/wineventlog#WindowsEventLogEntry","logName":"Security","originatesFrom":{"@id":"http://example.org/sepses#211ba72d-18b6-4782-afd9-9772253f56af","hostName":{"name":"DESKTOP-MAC610T"},"@type":"rdf:nodeID"},"taskCategory":"File System","version":1,"accesses":"%%4423\n\t\t\t\t","keyword":["Audit Success"],"accountName":"Virtual Windows 10","@context":"http://sepses.ifs.tuwien.ac.at/contexts/wineventlog.jsonld","@id":"http://example.org/logEntry#logEntry-a1d86600-7b0d-402c-9708-d42a954f1c6e","@timestamp":"2018-08-27T15:31:06.709Z","handleID":"0x21e4","accessMask":"0x80","computerName":"DESKTOP-MAC610T","source":"Microsoft-Windows-Security-Auditing","level":"Information","logMessage":"An attempt was made to access an object.\n\nSubject:\n\tSecurity ID:\t\tS-1-5-21-2889181789-4222170037-1347726928-1001\n\tAccount Name:\t\tVirtual Windows 10\n\tAccount Domain:\t\tDESKTOP-MAC610T\n\tLogon ID:\t\t0x1EDF9\n\nObject:\n\tObject Server:\t\tSecurity\n\tObject Type:\t\tFile\n\tObject Name:\t\tC:\\Users\\Virtual Windows 10\\Dropbox\n\tHandle ID:\t\t0x21e4\n\tResource Attributes:\tS:AI\n\nProcess Information:\n\tProcess ID:\t\t0x16c8\n\tProcess Name:\t\tC:\\Program Files (x86)\\Dropbox\\Client\\Dropbox.exe\n\nAccess Request Information:\n\tAccesses:\t\tReadAttributes\n\t\t\t\t\n\tAccess Mask:\t\t0x80","objectServer":"Security","resourceAttributes":"S:AI","logonID":"0x1edf9"}
{"timestamp":"2018-08-27T15:31:06.709Z","objectType":"File","hasLogType":"wineventlog","upCode":"Info","accountDomain":"DESKTOP-MAC610T","processID":"0x16c8","objectName":"C:\\Users\\Virtual Windows 10\\Dropbox","processName":"C:\\Program Files (x86)\\Dropbox\\Client\\Dropbox.exe","eventID":4663,"@type":"http://purl.org/sepses/vocab/log/wineventlog#WindowsEventLogEntry","logName":"Security","originatesFrom":{"@id":"http://example.org/sepses#370dda63-eff6-43f9-979b-5d86320c1c92","hostName":{"name":"DESKTOP-MAC610T"},"@type":"rdf:nodeID"},"taskCategory":"File System","version":1,"accesses":"%%4423\n\t\t\t\t","keyword":["Audit Success"],"accountName":"Virtual Windows 10","@context":"http://sepses.ifs.tuwien.ac.at/contexts/wineventlog.jsonld","@id":"http://example.org/logEntry#logEntry-4129653d-ea76-44cd-9774-4d5c2e26dd0b","@timestamp":"2018-08-27T15:31:06.709Z","handleID":"0x21e4","accessMask":"0x80","computerName":"DESKTOP-MAC610T","source":"Microsoft-Windows-Security-Auditing","level":"Information","logMessage":"An attempt was made to access an object.\n\nSubject:\n\tSecurity ID:\t\tS-1-5-21-2889181789-4222170037-1347726928-1001\n\tAccount Name:\t\tVirtual Windows 10\n\tAccount Domain:\t\tDESKTOP-MAC610T\n\tLogon ID:\t\t0x1EDF9\n\nObject:\n\tObject Server:\t\tSecurity\n\tObject Type:\t\tFile\n\tObject Name:\t\tC:\\Users\\Virtual Windows 10\\Dropbox\n\tHandle ID:\t\t0x21e4\n\tResource Attributes:\tS:AI\n\nProcess Information:\n\tProcess ID:\t\t0x16c8\n\tProcess Name:\t\tC:\\Program Files (x86)\\Dropbox\\Client\\Dropbox.exe\n\nAccess Request Information:\n\tAccesses:\t\tReadAttributes\n\t\t\t\t\n\tAccess Mask:\t\t0x80","objectServer":"Security","resourceAttributes":"S:AI","logonID":"0x1edf9"}
{"timestamp":"2018-08-27T15:31:06.710Z","objectType":"File","hasLogType":"wineventlog","upCode":"Info","accountDomain":"DESKTOP-MAC610T","processID":"0x16c8","objectName":"C:\\Users\\Virtual Windows 10\\Dropbox","processName":"C:\\Program Files (x86)\\Dropbox\\Client\\Dropbox.exe","eventID":4663,"@type":"http://purl.org/sepses/vocab/log/wineventlog#WindowsEventLogEntry","logName":"Security","originatesFrom":{"@id":"http://example.org/sepses#489d98a4-606d-4439-9943-755f7cf62c47","hostName":{"name":"DESKTOP-MAC610T"},"@type":"rdf:nodeID"},"taskCategory":"File System","version":1,"accesses":"%%4423\n\t\t\t\t","keyword":["Audit Success"],"accountName":"Virtual Windows 10","@context":"http://sepses.ifs.tuwien.ac.at/contexts/wineventlog.jsonld","@id":"http://example.org/logEntry#logEntry-aaf50f37-8337-4fa1-91c4-7d1c37d04d67","@timestamp":"2018-08-27T15:31:06.710Z","handleID":"0x21e4","accessMask":"0x80","computerName":"DESKTOP-MAC610T","source":"Microsoft-Windows-Security-Auditing","level":"Information","logMessage":"An attempt was made to access an object.\n\nSubject:\n\tSecurity ID:\t\tS-1-5-21-2889181789-4222170037-1347726928-1001\n\tAccount Name:\t\tVirtual Windows 10\n\tAccount Domain:\t\tDESKTOP-MAC610T\n\tLogon ID:\t\t0x1EDF9\n\nObject:\n\tObject Server:\t\tSecurity\n\tObject Type:\t\tFile\n\tObject Name:\t\tC:\\Users\\Virtual Windows 10\\Dropbox\n\tHandle ID:\t\t0x21e4\n\tResource Attributes:\tS:AI\n\nProcess Information:\n\tProcess ID:\t\t0x16c8\n\tProcess Name:\t\tC:\\Program Files (x86)\\Dropbox\\Client\\Dropbox.exe\n\nAccess Request Information:\n\tAccesses:\t\tReadAttributes\n\t\t\t\t\n\tAccess Mask:\t\t0x80","objectServer":"Security","resourceAttributes":"S:AI","logonID":"0x1edf9"}
{"timestamp":"2018-08-27T15:31:06.740Z","objectType":"File","hasLogType":"wineventlog","upCode":"Info","accountDomain":"DESKTOP-MAC610T","processID":"0x54","objectName":"C:\\Users\\Virtual Windows 10\\UserDocuments","processName":"C:\\Windows\\explorer.exe","eventID":4663,"@type":"http://purl.org/sepses/vocab/log/wineventlog#WindowsEventLogEntry","logName":"Security","originatesFrom":{"@id":"http://example.org/sepses#df52ef59-0d22-4093-a8f2-9099e86d678d","hostName":{"name":"DESKTOP-MAC610T"},"@type":"rdf:nodeID"},"taskCategory":"File System","version":1,"accesses":"%%4423\n\t\t\t\t","keyword":["Audit Success"],"accountName":"Virtual Windows 10","@context":"http://sepses.ifs.tuwien.ac.at/contexts/wineventlog.jsonld","@id":"http://example.org/logEntry#logEntry-cf9f138f-aa64-4c8c-8ae5-4803bce1835d","@timestamp":"2018-08-27T15:31:06.740Z","handleID":"0x333c","accessMask":"0x80","computerName":"DESKTOP-MAC610T","source":"Microsoft-Windows-Security-Auditing","level":"Information","logMessage":"An attempt was made to access an object.\n\nSubject:\n\tSecurity ID:\t\tS-1-5-21-2889181789-4222170037-1347726928-1001\n\tAccount Name:\t\tVirtual Windows 10\n\tAccount Domain:\t\tDESKTOP-MAC610T\n\tLogon ID:\t\t0x1EDF9\n\nObject:\n\tObject Server:\t\tSecurity\n\tObject Type:\t\tFile\n\tObject Name:\t\tC:\\Users\\Virtual Windows 10\\UserDocuments\n\tHandle ID:\t\t0x333c\n\tResource Attributes:\tS:AI\n\nProcess Information:\n\tProcess ID:\t\t0x54\n\tProcess Name:\t\tC:\\Windows\\explorer.exe\n\nAccess Request Information:\n\tAccesses:\t\tReadAttributes\n\t\t\t\t\n\tAccess Mask:\t\t0x80","objectServer":"Security","resourceAttributes":"S:AI","logonID":"0x1edf9"}
{"timestamp":"2018-08-27T15:31:06.761Z","objectType":"File","hasLogType":"wineventlog","upCode":"Info","accountDomain":"DESKTOP-MAC610T","processID":"0x54","objectName":"C:\\Users\\Virtual Windows 10\\Dropbox","processName":"C:\\Windows\\explorer.exe","eventID":4663,"@type":"http://purl.org/sepses/vocab/log/wineventlog#WindowsEventLogEntry","logName":"Security","originatesFrom":{"@id":"http://example.org/sepses#6bed7bb8-1c2b-4adb-81cf-e4c231bffe50","hostName":{"name":"DESKTOP-MAC610T"},"@type":"rdf:nodeID"},"taskCategory":"File System","version":1,"accesses":"%%4423\n\t\t\t\t","keyword":["Audit Success"],"accountName":"Virtual Windows 10","@context":"http://sepses.ifs.tuwien.ac.at/contexts/wineventlog.jsonld","@id":"http://example.org/logEntry#logEntry-92a09bc4-3432-42cf-9845-fa5155010ee1","@timestamp":"2018-08-27T15:31:06.761Z","handleID":"0x333c","accessMask":"0x80","computerName":"DESKTOP-MAC610T","source":"Microsoft-Windows-Security-Auditing","level":"Information","logMessage":"An attempt was made to access an object.\n\nSubject:\n\tSecurity ID:\t\tS-1-5-21-2889181789-4222170037-1347726928-1001\n\tAccount Name:\t\tVirtual Windows 10\n\tAccount Domain:\t\tDESKTOP-MAC610T\n\tLogon ID:\t\t0x1EDF9\n\nObject:\n\tObject Server:\t\tSecurity\n\tObject Type:\t\tFile\n\tObject Name:\t\tC:\\Users\\Virtual Windows 10\\Dropbox\n\tHandle ID:\t\t0x333c\n\tResource Attributes:\tS:AI\n\nProcess Information:\n\tProcess ID:\t\t0x54\n\tProcess Name:\t\tC:\\Windows\\explorer.exe\n\nAccess Request Information:\n\tAccesses:\t\tReadAttributes\n\t\t\t\t\n\tAccess Mask:\t\t0x80","objectServer":"Security","resourceAttributes":"S:AI","logonID":"0x1edf9"}
{"timestamp":"2018-08-27T15:31:09.607Z","objectType":"File","hasLogType":"wineventlog","upCode":"Info","accountDomain":"DESKTOP-MAC610T","processID":"0x54","objectName":"C:\\Users\\Virtual Windows 10\\UserDocuments","processName":"C:\\Windows\\explorer.exe","eventID":4663,"@type":"http://purl.org/sepses/vocab/log/wineventlog#WindowsEventLogEntry","logName":"Security","originatesFrom":{"@id":"http://example.org/sepses#d2263835-8e09-49f9-81eb-1ee9d9482558","hostName":{"name":"DESKTOP-MAC610T"},"@type":"rdf:nodeID"},"taskCategory":"File System","version":1,"accesses":"%%4423\n\t\t\t\t","keyword":["Audit Success"],"accountName":"Virtual Windows 10","@context":"http://sepses.ifs.tuwien.ac.at/contexts/wineventlog.jsonld","@id":"http://example.org/logEntry#logEntry-81143d0a-3783-4fa5-ae48-93790835b80a","@timestamp":"2018-08-27T15:31:09.607Z","handleID":"0x3b90","accessMask":"0x80","computerName":"DESKTOP-MAC610T","source":"Microsoft-Windows-Security-Auditing","level":"Information","logMessage":"An attempt was made to access an object.\n\nSubject:\n\tSecurity ID:\t\tS-1-5-21-2889181789-4222170037-1347726928-1001\n\tAccount Name:\t\tVirtual Windows 10\n\tAccount Domain:\t\tDESKTOP-MAC610T\n\tLogon ID:\t\t0x1EDF9\n\nObject:\n\tObject Server:\t\tSecurity\n\tObject Type:\t\tFile\n\tObject Name:\t\tC:\\Users\\Virtual Windows 10\\UserDocuments\n\tHandle ID:\t\t0x3b90\n\tResource Attributes:\tS:AI\n\nProcess Information:\n\tProcess ID:\t\t0x54\n\tProcess Name:\t\tC:\\Windows\\explorer.exe\n\nAccess Request Information:\n\tAccesses:\t\tReadAttributes\n\t\t\t\t\n\tAccess Mask:\t\t0x80","objectServer":"Security","resourceAttributes":"S:AI","logonID":"0x1edf9"}
{"timestamp":"2018-08-27T15:31:09.704Z","objectType":"File","hasLogType":"wineventlog","upCode":"Info","accountDomain":"DESKTOP-MAC610T","processID":"0x54","objectName":"C:\\Users\\Virtual Windows 10\\Dropbox","processName":"C:\\Windows\\explorer.exe","eventID":4663,"@type":"http://purl.org/sepses/vocab/log/wineventlog#WindowsEventLogEntry","logName":"Security","originatesFrom":{"@id":"http://example.org/sepses#d63dd55b-8475-4648-8873-084691fb6f34","hostName":{"name":"DESKTOP-MAC610T"},"@type":"rdf:nodeID"},"taskCategory":"File System","version":1,"accesses":"%%4423\n\t\t\t\t","keyword":["Audit Success"],"accountName":"Virtual Windows 10","@context":"http://sepses.ifs.tuwien.ac.at/contexts/wineventlog.jsonld","@id":"http://example.org/logEntry#logEntry-ef170877-89b6-4e50-ba7d-4973d6caa623","@timestamp":"2018-08-27T15:31:09.704Z","handleID":"0x3d7c","accessMask":"0x80","computerName":"DESKTOP-MAC610T","source":"Microsoft-Windows-Security-Auditing","level":"Information","logMessage":"An attempt was made to access an object.\n\nSubject:\n\tSecurity ID:\t\tS-1-5-21-2889181789-4222170037-1347726928-1001\n\tAccount Name:\t\tVirtual Windows 10\n\tAccount Domain:\t\tDESKTOP-MAC610T\n\tLogon ID:\t\t0x1EDF9\n\nObject:\n\tObject Server:\t\tSecurity\n\tObject Type:\t\tFile\n\tObject Name:\t\tC:\\Users\\Virtual Windows 10\\Dropbox\n\tHandle ID:\t\t0x3d7c\n\tResource Attributes:\tS:AI\n\nProcess Information:\n\tProcess ID:\t\t0x54\n\tProcess Name:\t\tC:\\Windows\\explorer.exe\n\nAccess Request Information:\n\tAccesses:\t\tReadAttributes\n\t\t\t\t\n\tAccess Mask:\t\t0x80","objectServer":"Security","resourceAttributes":"S:AI","logonID":"0x1edf9"}
{"timestamp":"2018-08-27T15:31:10.114Z","objectType":"File","hasLogType":"wineventlog","upCode":"Info","accountDomain":"DESKTOP-MAC610T","processID":"0x54","objectName":"C:\\Users\\Virtual Windows 10\\Dropbox","processName":"C:\\Windows\\explorer.exe","eventID":4663,"@type":"http://purl.org/sepses/vocab/log/wineventlog#WindowsEventLogEntry","logName":"Security","originatesFrom":{"@id":"http://example.org/sepses#a0d36e32-6e3e-4954-8919-5c730516c28a","hostName":{"name":"DESKTOP-MAC610T"},"@type":"rdf:nodeID"},"taskCategory":"File System","version":1,"accesses":"%%4423\n\t\t\t\t","keyword":["Audit Success"],"accountName":"Virtual Windows 10","@context":"http://sepses.ifs.tuwien.ac.at/contexts/wineventlog.jsonld","@id":"http://example.org/logEntry#logEntry-059aac2c-bfbd-4306-a83f-2d17ba98fe32","@timestamp":"2018-08-27T15:31:10.114Z","handleID":"0x42b4","accessMask":"0x80","computerName":"DESKTOP-MAC610T","source":"Microsoft-Windows-Security-Auditing","level":"Information","logMessage":"An attempt was made to access an object.\n\nSubject:\n\tSecurity ID:\t\tS-1-5-21-2889181789-4222170037-1347726928-1001\n\tAccount Name:\t\tVirtual Windows 10\n\tAccount Domain:\t\tDESKTOP-MAC610T\n\tLogon ID:\t\t0x1EDF9\n\nObject:\n\tObject Server:\t\tSecurity\n\tObject Type:\t\tFile\n\tObject Name:\t\tC:\\Users\\Virtual Windows 10\\Dropbox\n\tHandle ID:\t\t0x42b4\n\tResource Attributes:\tS:AI\n\nProcess Information:\n\tProcess ID:\t\t0x54\n\tProcess Name:\t\tC:\\Windows\\explorer.exe\n\nAccess Request Information:\n\tAccesses:\t\tReadAttributes\n\t\t\t\t\n\tAccess Mask:\t\t0x80","objectServer":"Security","resourceAttributes":"S:AI","logonID":"0x1edf9"}
{"timestamp":"2018-08-27T15:31:10.132Z","objectType":"File","hasLogType":"wineventlog","upCode":"Info","accountDomain":"DESKTOP-MAC610T","processID":"0x54","objectName":"C:\\Users\\Virtual Windows 10\\Dropbox","processName":"C:\\Windows\\explorer.exe","eventID":4663,"@type":"http://purl.org/sepses/vocab/log/wineventlog#WindowsEventLogEntry","logName":"Security","originatesFrom":{"@id":"http://example.org/sepses#01b1950b-c7e9-4a2b-8f39-e98d2cc64b43","hostName":{"name":"DESKTOP-MAC610T"},"@type":"rdf:nodeID"},"taskCategory":"File System","version":1,"accesses":"%%4423\n\t\t\t\t","keyword":["Audit Success"],"accountName":"Virtual Windows 10","@context":"http://sepses.ifs.tuwien.ac.at/contexts/wineventlog.jsonld","@id":"http://example.org/logEntry#logEntry-c67d861e-e8a8-4e4b-9e66-d49fcd8404cf","@timestamp":"2018-08-27T15:31:10.132Z","handleID":"0x4acc","accessMask":"0x80","computerName":"DESKTOP-MAC610T","source":"Microsoft-Windows-Security-Auditing","level":"Information","logMessage":"An attempt was made to access an object.\n\nSubject:\n\tSecurity ID:\t\tS-1-5-21-2889181789-4222170037-1347726928-1001\n\tAccount Name:\t\tVirtual Windows 10\n\tAccount Domain:\t\tDESKTOP-MAC610T\n\tLogon ID:\t\t0x1EDF9\n\nObject:\n\tObject Server:\t\tSecurity\n\tObject Type:\t\tFile\n\tObject Name:\t\tC:\\Users\\Virtual Windows 10\\Dropbox\n\tHandle ID:\t\t0x4acc\n\tResource Attributes:\tS:AI\n\nProcess Information:\n\tProcess ID:\t\t0x54\n\tProcess Name:\t\tC:\\Windows\\explorer.exe\n\nAccess Request Information:\n\tAccesses:\t\tReadAttributes\n\t\t\t\t\n\tAccess Mask:\t\t0x80","objectServer":"Security","resourceAttributes":"S:AI","logonID":"0x1edf9"}
{"timestamp":"2018-08-27T15:31:10.148Z","objectType":"File","hasLogType":"wineventlog","upCode":"Info","accountDomain":"DESKTOP-MAC610T","processID":"0x54","objectName":"C:\\Users\\Virtual Windows 10\\Dropbox","processName":"C:\\Windows\\explorer.exe","eventID":4663,"@type":"http://purl.org/sepses/vocab/log/wineventlog#WindowsEventLogEntry","logName":"Security","originatesFrom":{"@id":"http://example.org/sepses#2af48841-7860-44d2-a1ba-4d3b7764baf3","hostName":{"name":"DESKTOP-MAC610T"},"@type":"rdf:nodeID"},"taskCategory":"File System","version":1,"accesses":"%%4423\n\t\t\t\t","keyword":["Audit Success"],"accountName":"Virtual Windows 10","@context":"http://sepses.ifs.tuwien.ac.at/contexts/wineventlog.jsonld","@id":"http://example.org/logEntry#logEntry-df61769e-1777-4b68-be09-c7364f885154","@timestamp":"2018-08-27T15:31:10.148Z","handleID":"0x2dbc","accessMask":"0x80","computerName":"DESKTOP-MAC610T","source":"Microsoft-Windows-Security-Auditing","level":"Information","logMessage":"An attempt was made to access an object.\n\nSubject:\n\tSecurity ID:\t\tS-1-5-21-2889181789-4222170037-1347726928-1001\n\tAccount Name:\t\tVirtual Windows 10\n\tAccount Domain:\t\tDESKTOP-MAC610T\n\tLogon ID:\t\t0x1EDF9\n\nObject:\n\tObject Server:\t\tSecurity\n\tObject Type:\t\tFile\n\tObject Name:\t\tC:\\Users\\Virtual Windows 10\\Dropbox\n\tHandle ID:\t\t0x2dbc\n\tResource Attributes:\tS:AI\n\nProcess Information:\n\tProcess ID:\t\t0x54\n\tProcess Name:\t\tC:\\Windows\\explorer.exe\n\nAccess Request Information:\n\tAccesses:\t\tReadAttributes\n\t\t\t\t\n\tAccess Mask:\t\t0x80","objectServer":"Security","resourceAttributes":"S:AI","logonID":"0x1edf9"}
{"timestamp":"2018-08-27T15:31:10.149Z","objectType":"File","hasLogType":"wineventlog","upCode":"Info","accountDomain":"DESKTOP-MAC610T","processID":"0x54","objectName":"C:\\Users\\Virtual Windows 10\\Dropbox","processName":"C:\\Windows\\explorer.exe","eventID":4663,"@type":"http://purl.org/sepses/vocab/log/wineventlog#WindowsEventLogEntry","logName":"Security","originatesFrom":{"@id":"http://example.org/sepses#7cdbd880-9705-4180-8c1f-5ceeb0032279","hostName":{"name":"DESKTOP-MAC610T"},"@type":"rdf:nodeID"},"taskCategory":"File System","version":1,"accesses":"%%4423\n\t\t\t\t","keyword":["Audit Success"],"accountName":"Virtual Windows 10","@context":"http://sepses.ifs.tuwien.ac.at/contexts/wineventlog.jsonld","@id":"http://example.org/logEntry#logEntry-c34e7d15-1854-430f-b0ec-1def113938f3","@timestamp":"2018-08-27T15:31:10.149Z","handleID":"0x2dbc","accessMask":"0x80","computerName":"DESKTOP-MAC610T","source":"Microsoft-Windows-Security-Auditing","level":"Information","logMessage":"An attempt was made to access an object.\n\nSubject:\n\tSecurity ID:\t\tS-1-5-21-2889181789-4222170037-1347726928-1001\n\tAccount Name:\t\tVirtual Windows 10\n\tAccount Domain:\t\tDESKTOP-MAC610T\n\tLogon ID:\t\t0x1EDF9\n\nObject:\n\tObject Server:\t\tSecurity\n\tObject Type:\t\tFile\n\tObject Name:\t\tC:\\Users\\Virtual Windows 10\\Dropbox\n\tHandle ID:\t\t0x2dbc\n\tResource Attributes:\tS:AI\n\nProcess Information:\n\tProcess ID:\t\t0x54\n\tProcess Name:\t\tC:\\Windows\\explorer.exe\n\nAccess Request Information:\n\tAccesses:\t\tReadAttributes\n\t\t\t\t\n\tAccess Mask:\t\t0x80","objectServer":"Security","resourceAttributes":"S:AI","logonID":"0x1edf9"}
{"timestamp":"2018-08-27T15:31:10.348Z","objectType":"File","hasLogType":"wineventlog","upCode":"Info","accountDomain":"DESKTOP-MAC610T","processID":"0x54","objectName":"C:\\Users\\Virtual Windows 10\\UserDocuments","processName":"C:\\Windows\\explorer.exe","eventID":4663,"@type":"http://purl.org/sepses/vocab/log/wineventlog#WindowsEventLogEntry","logName":"Security","originatesFrom":{"@id":"http://example.org/sepses#a7c0f363-9dc8-4a9e-b8b7-e03e4a6adaad","hostName":{"name":"DESKTOP-MAC610T"},"@type":"rdf:nodeID"},"taskCategory":"File System","version":1,"accesses":"%%4423\n\t\t\t\t","keyword":["Audit Success"],"accountName":"Virtual Windows 10","@context":"http://sepses.ifs.tuwien.ac.at/contexts/wineventlog.jsonld","@id":"http://example.org/logEntry#logEntry-193aa058-caf5-4e27-977a-0411322b55da","@timestamp":"2018-08-27T15:31:10.348Z","handleID":"0x26ac","accessMask":"0x80","computerName":"DESKTOP-MAC610T","source":"Microsoft-Windows-Security-Auditing","level":"Information","logMessage":"An attempt was made to access an object.\n\nSubject:\n\tSecurity ID:\t\tS-1-5-21-2889181789-4222170037-1347726928-1001\n\tAccount Name:\t\tVirtual Windows 10\n\tAccount Domain:\t\tDESKTOP-MAC610T\n\tLogon ID:\t\t0x1EDF9\n\nObject:\n\tObject Server:\t\tSecurity\n\tObject Type:\t\tFile\n\tObject Name:\t\tC:\\Users\\Virtual Windows 10\\UserDocuments\n\tHandle ID:\t\t0x26ac\n\tResource Attributes:\tS:AI\n\nProcess Information:\n\tProcess ID:\t\t0x54\n\tProcess Name:\t\tC:\\Windows\\explorer.exe\n\nAccess Request Information:\n\tAccesses:\t\tReadAttributes\n\t\t\t\t\n\tAccess Mask:\t\t0x80","objectServer":"Security","resourceAttributes":"S:AI","logonID":"0x1edf9"}
{"timestamp":"2018-08-27T15:31:10.355Z","objectType":"File","hasLogType":"wineventlog","upCode":"Info","accountDomain":"DESKTOP-MAC610T","processID":"0x54","objectName":"C:\\Users\\Virtual Windows 10\\Dropbox","processName":"C:\\Windows\\explorer.exe","eventID":4663,"@type":"http://purl.org/sepses/vocab/log/wineventlog#WindowsEventLogEntry","logName":"Security","originatesFrom":{"@id":"http://example.org/sepses#ad1360de-9265-47a6-94fe-40431d220343","hostName":{"name":"DESKTOP-MAC610T"},"@type":"rdf:nodeID"},"taskCategory":"File System","version":1,"accesses":"%%4423\n\t\t\t\t","keyword":["Audit Success"],"accountName":"Virtual Windows 10","@context":"http://sepses.ifs.tuwien.ac.at/contexts/wineventlog.jsonld","@id":"http://example.org/logEntry#logEntry-5bdf6cb2-44a3-4054-bc70-3cb9bef656ad","@timestamp":"2018-08-27T15:31:10.355Z","handleID":"0x26ac","accessMask":"0x80","computerName":"DESKTOP-MAC610T","source":"Microsoft-Windows-Security-Auditing","level":"Information","logMessage":"An attempt was made to access an object.\n\nSubject:\n\tSecurity ID:\t\tS-1-5-21-2889181789-4222170037-1347726928-1001\n\tAccount Name:\t\tVirtual Windows 10\n\tAccount Domain:\t\tDESKTOP-MAC610T\n\tLogon ID:\t\t0x1EDF9\n\nObject:\n\tObject Server:\t\tSecurity\n\tObject Type:\t\tFile\n\tObject Name:\t\tC:\\Users\\Virtual Windows 10\\Dropbox\n\tHandle ID:\t\t0x26ac\n\tResource Attributes:\tS:AI\n\nProcess Information:\n\tProcess ID:\t\t0x54\n\tProcess Name:\t\tC:\\Windows\\explorer.exe\n\nAccess Request Information:\n\tAccesses:\t\tReadAttributes\n\t\t\t\t\n\tAccess Mask:\t\t0x80","objectServer":"Security","resourceAttributes":"S:AI","logonID":"0x1edf9"}
{"timestamp":"2018-08-27T15:31:11.099Z","objectType":"File","hasLogType":"wineventlog","upCode":"Info","accountDomain":"DESKTOP-MAC610T","processID":"0x16c8","objectName":"C:\\Users\\Virtual Windows 10\\Dropbox","processName":"C:\\Program Files (x86)\\Dropbox\\Client\\Dropbox.exe","eventID":4663,"@type":"http://purl.org/sepses/vocab/log/wineventlog#WindowsEventLogEntry","logName":"Security","originatesFrom":{"@id":"http://example.org/sepses#3303cbaa-a088-4afb-9ac3-629c3f52509f","hostName":{"name":"DESKTOP-MAC610T"},"@type":"rdf:nodeID"},"taskCategory":"File System","version":1,"accesses":"%%4423\n\t\t\t\t","keyword":["Audit Success"],"accountName":"Virtual Windows 10","@context":"http://sepses.ifs.tuwien.ac.at/contexts/wineventlog.jsonld","@id":"http://example.org/logEntry#logEntry-3aebbb8e-e17f-4aa6-918d-17f7a169957a","@timestamp":"2018-08-27T15:31:11.099Z","handleID":"0x1e20","accessMask":"0x80","computerName":"DESKTOP-MAC610T","source":"Microsoft-Windows-Security-Auditing","level":"Information","logMessage":"An attempt was made to access an object.\n\nSubject:\n\tSecurity ID:\t\tS-1-5-21-2889181789-4222170037-1347726928-1001\n\tAccount Name:\t\tVirtual Windows 10\n\tAccount Domain:\t\tDESKTOP-MAC610T\n\tLogon ID:\t\t0x1EDF9\n\nObject:\n\tObject Server:\t\tSecurity\n\tObject Type:\t\tFile\n\tObject Name:\t\tC:\\Users\\Virtual Windows 10\\Dropbox\n\tHandle ID:\t\t0x1e20\n\tResource Attributes:\tS:AI\n\nProcess Information:\n\tProcess ID:\t\t0x16c8\n\tProcess Name:\t\tC:\\Program Files (x86)\\Dropbox\\Client\\Dropbox.exe\n\nAccess Request Information:\n\tAccesses:\t\tReadAttributes\n\t\t\t\t\n\tAccess Mask:\t\t0x80","objectServer":"Security","resourceAttributes":"S:AI","logonID":"0x1edf9"}
{"timestamp":"2018-08-27T15:31:11.101Z","objectType":"File","hasLogType":"wineventlog","upCode":"Info","accountDomain":"DESKTOP-MAC610T","processID":"0x16c8","objectName":"C:\\Users\\Virtual Windows 10\\Dropbox","processName":"C:\\Program Files (x86)\\Dropbox\\Client\\Dropbox.exe","eventID":4663,"@type":"http://purl.org/sepses/vocab/log/wineventlog#WindowsEventLogEntry","logName":"Security","originatesFrom":{"@id":"http://example.org/sepses#e8d0af40-a35c-4dda-aba4-c904f61bbd23","hostName":{"name":"DESKTOP-MAC610T"},"@type":"rdf:nodeID"},"taskCategory":"File System","version":1,"accesses":"%%4423\n\t\t\t\t","keyword":["Audit Success"],"accountName":"Virtual Windows 10","@context":"http://sepses.ifs.tuwien.ac.at/contexts/wineventlog.jsonld","@id":"http://example.org/logEntry#logEntry-dbf4841e-dfc2-42f4-a138-ce81e4d32de2","@timestamp":"2018-08-27T15:31:11.101Z","handleID":"0x211c","accessMask":"0x80","computerName":"DESKTOP-MAC610T","source":"Microsoft-Windows-Security-Auditing","level":"Information","logMessage":"An attempt was made to access an object.\n\nSubject:\n\tSecurity ID:\t\tS-1-5-21-2889181789-4222170037-1347726928-1001\n\tAccount Name:\t\tVirtual Windows 10\n\tAccount Domain:\t\tDESKTOP-MAC610T\n\tLogon ID:\t\t0x1EDF9\n\nObject:\n\tObject Server:\t\tSecurity\n\tObject Type:\t\tFile\n\tObject Name:\t\tC:\\Users\\Virtual Windows 10\\Dropbox\n\tHandle ID:\t\t0x211c\n\tResource Attributes:\tS:AI\n\nProcess Information:\n\tProcess ID:\t\t0x16c8\n\tProcess Name:\t\tC:\\Program Files (x86)\\Dropbox\\Client\\Dropbox.exe\n\nAccess Request Information:\n\tAccesses:\t\tReadAttributes\n\t\t\t\t\n\tAccess Mask:\t\t0x80","objectServer":"Security","resourceAttributes":"S:AI","logonID":"0x1edf9"}
{"timestamp":"2018-08-27T15:31:11.101Z","objectType":"File","hasLogType":"wineventlog","upCode":"Info","accountDomain":"DESKTOP-MAC610T","processID":"0x16c8","objectName":"C:\\Users\\Virtual Windows 10\\Dropbox","processName":"C:\\Program Files (x86)\\Dropbox\\Client\\Dropbox.exe","eventID":4663,"@type":"http://purl.org/sepses/vocab/log/wineventlog#WindowsEventLogEntry","logName":"Security","originatesFrom":{"@id":"http://example.org/sepses#d453e1f3-338b-4967-9a97-b214bca11ebd","hostName":{"name":"DESKTOP-MAC610T"},"@type":"rdf:nodeID"},"taskCategory":"File System","version":1,"accesses":"%%4423\n\t\t\t\t","keyword":["Audit Success"],"accountName":"Virtual Windows 10","@context":"http://sepses.ifs.tuwien.ac.at/contexts/wineventlog.jsonld","@id":"http://example.org/logEntry#logEntry-7b420428-2efd-4fa6-9334-3dbcf328cf00","@timestamp":"2018-08-27T15:31:11.101Z","handleID":"0x211c","accessMask":"0x80","computerName":"DESKTOP-MAC610T","source":"Microsoft-Windows-Security-Auditing","level":"Information","logMessage":"An attempt was made to access an object.\n\nSubject:\n\tSecurity ID:\t\tS-1-5-21-2889181789-4222170037-1347726928-1001\n\tAccount Name:\t\tVirtual Windows 10\n\tAccount Domain:\t\tDESKTOP-MAC610T\n\tLogon ID:\t\t0x1EDF9\n\nObject:\n\tObject Server:\t\tSecurity\n\tObject Type:\t\tFile\n\tObject Name:\t\tC:\\Users\\Virtual Windows 10\\Dropbox\n\tHandle ID:\t\t0x211c\n\tResource Attributes:\tS:AI\n\nProcess Information:\n\tProcess ID:\t\t0x16c8\n\tProcess Name:\t\tC:\\Program Files (x86)\\Dropbox\\Client\\Dropbox.exe\n\nAccess Request Information:\n\tAccesses:\t\tReadAttributes\n\t\t\t\t\n\tAccess Mask:\t\t0x80","objectServer":"Security","resourceAttributes":"S:AI","logonID":"0x1edf9"}
{"timestamp":"2018-08-27T15:31:11.102Z","objectType":"File","hasLogType":"wineventlog","upCode":"Info","accountDomain":"DESKTOP-MAC610T","processID":"0x16c8","objectName":"C:\\Users\\Virtual Windows 10\\Dropbox","processName":"C:\\Program Files (x86)\\Dropbox\\Client\\Dropbox.exe","eventID":4663,"@type":"http://purl.org/sepses/vocab/log/wineventlog#WindowsEventLogEntry","logName":"Security","originatesFrom":{"@id":"http://example.org/sepses#d2cfa37a-92da-4bad-87a3-453e28f6d5d0","hostName":{"name":"DESKTOP-MAC610T"},"@type":"rdf:nodeID"},"taskCategory":"File System","version":1,"accesses":"%%4423\n\t\t\t\t","keyword":["Audit Success"],"accountName":"Virtual Windows 10","@context":"http://sepses.ifs.tuwien.ac.at/contexts/wineventlog.jsonld","@id":"http://example.org/logEntry#logEntry-369c213d-9c62-4647-ae35-505c9bc79743","@timestamp":"2018-08-27T15:31:11.102Z","handleID":"0x211c","accessMask":"0x80","computerName":"DESKTOP-MAC610T","source":"Microsoft-Windows-Security-Auditing","level":"Information","logMessage":"An attempt was made to access an object.\n\nSubject:\n\tSecurity ID:\t\tS-1-5-21-2889181789-4222170037-1347726928-1001\n\tAccount Name:\t\tVirtual Windows 10\n\tAccount Domain:\t\tDESKTOP-MAC610T\n\tLogon ID:\t\t0x1EDF9\n\nObject:\n\tObject Server:\t\tSecurity\n\tObject Type:\t\tFile\n\tObject Name:\t\tC:\\Users\\Virtual Windows 10\\Dropbox\n\tHandle ID:\t\t0x211c\n\tResource Attributes:\tS:AI\n\nProcess Information:\n\tProcess ID:\t\t0x16c8\n\tProcess Name:\t\tC:\\Program Files (x86)\\Dropbox\\Client\\Dropbox.exe\n\nAccess Request Information:\n\tAccesses:\t\tReadAttributes\n\t\t\t\t\n\tAccess Mask:\t\t0x80","objectServer":"Security","resourceAttributes":"S:AI","logonID":"0x1edf9"}
{"timestamp":"2018-08-27T15:31:11.103Z","objectType":"File","hasLogType":"wineventlog","upCode":"Info","accountDomain":"DESKTOP-MAC610T","processID":"0x16c8","objectName":"C:\\Users\\Virtual Windows 10\\Dropbox","processName":"C:\\Program Files (x86)\\Dropbox\\Client\\Dropbox.exe","eventID":4663,"@type":"http://purl.org/sepses/vocab/log/wineventlog#WindowsEventLogEntry","logName":"Security","originatesFrom":{"@id":"http://example.org/sepses#51eb9671-fe74-4531-8c7d-1ac643fec523","hostName":{"name":"DESKTOP-MAC610T"},"@type":"rdf:nodeID"},"taskCategory":"File System","version":1,"accesses":"%%4423\n\t\t\t\t","keyword":["Audit Success"],"accountName":"Virtual Windows 10","@context":"http://sepses.ifs.tuwien.ac.at/contexts/wineventlog.jsonld","@id":"http://example.org/logEntry#logEntry-cacab71a-176f-4a8f-97b8-6bb4de14d019","@timestamp":"2018-08-27T15:31:11.103Z","handleID":"0x211c","accessMask":"0x80","computerName":"DESKTOP-MAC610T","source":"Microsoft-Windows-Security-Auditing","level":"Information","logMessage":"An attempt was made to access an object.\n\nSubject:\n\tSecurity ID:\t\tS-1-5-21-2889181789-4222170037-1347726928-1001\n\tAccount Name:\t\tVirtual Windows 10\n\tAccount Domain:\t\tDESKTOP-MAC610T\n\tLogon ID:\t\t0x1EDF9\n\nObject:\n\tObject Server:\t\tSecurity\n\tObject Type:\t\tFile\n\tObject Name:\t\tC:\\Users\\Virtual Windows 10\\Dropbox\n\tHandle ID:\t\t0x211c\n\tResource Attributes:\tS:AI\n\nProcess Information:\n\tProcess ID:\t\t0x16c8\n\tProcess Name:\t\tC:\\Program Files (x86)\\Dropbox\\Client\\Dropbox.exe\n\nAccess Request Information:\n\tAccesses:\t\tReadAttributes\n\t\t\t\t\n\tAccess Mask:\t\t0x80","objectServer":"Security","resourceAttributes":"S:AI","logonID":"0x1edf9"}
{"timestamp":"2018-08-27T15:31:11.104Z","objectType":"File","hasLogType":"wineventlog","upCode":"Info","accountDomain":"DESKTOP-MAC610T","processID":"0x16c8","objectName":"C:\\Users\\Virtual Windows 10\\Dropbox","processName":"C:\\Program Files (x86)\\Dropbox\\Client\\Dropbox.exe","eventID":4663,"@type":"http://purl.org/sepses/vocab/log/wineventlog#WindowsEventLogEntry","logName":"Security","originatesFrom":{"@id":"http://example.org/sepses#70526952-2dca-48bd-88aa-435fe2a902f3","hostName":{"name":"DESKTOP-MAC610T"},"@type":"rdf:nodeID"},"taskCategory":"File System","version":1,"accesses":"%%4423\n\t\t\t\t","keyword":["Audit Success"],"accountName":"Virtual Windows 10","@context":"http://sepses.ifs.tuwien.ac.at/contexts/wineventlog.jsonld","@id":"http://example.org/logEntry#logEntry-0f91322c-3b54-4bf6-a847-43a6b0bdc6f9","@timestamp":"2018-08-27T15:31:11.104Z","handleID":"0x211c","accessMask":"0x80","computerName":"DESKTOP-MAC610T","source":"Microsoft-Windows-Security-Auditing","level":"Information","logMessage":"An attempt was made to access an object.\n\nSubject:\n\tSecurity ID:\t\tS-1-5-21-2889181789-4222170037-1347726928-1001\n\tAccount Name:\t\tVirtual Windows 10\n\tAccount Domain:\t\tDESKTOP-MAC610T\n\tLogon ID:\t\t0x1EDF9\n\nObject:\n\tObject Server:\t\tSecurity\n\tObject Type:\t\tFile\n\tObject Name:\t\tC:\\Users\\Virtual Windows 10\\Dropbox\n\tHandle ID:\t\t0x211c\n\tResource Attributes:\tS:AI\n\nProcess Information:\n\tProcess ID:\t\t0x16c8\n\tProcess Name:\t\tC:\\Program Files (x86)\\Dropbox\\Client\\Dropbox.exe\n\nAccess Request Information:\n\tAccesses:\t\tReadAttributes\n\t\t\t\t\n\tAccess Mask:\t\t0x80","objectServer":"Security","resourceAttributes":"S:AI","logonID":"0x1edf9"}
{"timestamp":"2018-08-27T15:31:11.104Z","objectType":"File","hasLogType":"wineventlog","upCode":"Info","accountDomain":"DESKTOP-MAC610T","processID":"0x16c8","objectName":"C:\\Users\\Virtual Windows 10\\Dropbox","processName":"C:\\Program Files (x86)\\Dropbox\\Client\\Dropbox.exe","eventID":4663,"@type":"http://purl.org/sepses/vocab/log/wineventlog#WindowsEventLogEntry","logName":"Security","originatesFrom":{"@id":"http://example.org/sepses#d38e6887-d3d1-438d-ae37-6dd6fa429d6d","hostName":{"name":"DESKTOP-MAC610T"},"@type":"rdf:nodeID"},"taskCategory":"File System","version":1,"accesses":"%%4423\n\t\t\t\t","keyword":["Audit Success"],"accountName":"Virtual Windows 10","@context":"http://sepses.ifs.tuwien.ac.at/contexts/wineventlog.jsonld","@id":"http://example.org/logEntry#logEntry-c4b0a76a-c474-4c83-845e-7acf3ed658c9","@timestamp":"2018-08-27T15:31:11.104Z","handleID":"0x211c","accessMask":"0x80","computerName":"DESKTOP-MAC610T","source":"Microsoft-Windows-Security-Auditing","level":"Information","logMessage":"An attempt was made to access an object.\n\nSubject:\n\tSecurity ID:\t\tS-1-5-21-2889181789-4222170037-1347726928-1001\n\tAccount Name:\t\tVirtual Windows 10\n\tAccount Domain:\t\tDESKTOP-MAC610T\n\tLogon ID:\t\t0x1EDF9\n\nObject:\n\tObject Server:\t\tSecurity\n\tObject Type:\t\tFile\n\tObject Name:\t\tC:\\Users\\Virtual Windows 10\\Dropbox\n\tHandle ID:\t\t0x211c\n\tResource Attributes:\tS:AI\n\nProcess Information:\n\tProcess ID:\t\t0x16c8\n\tProcess Name:\t\tC:\\Program Files (x86)\\Dropbox\\Client\\Dropbox.exe\n\nAccess Request Information:\n\tAccesses:\t\tReadAttributes\n\t\t\t\t\n\tAccess Mask:\t\t0x80","objectServer":"Security","resourceAttributes":"S:AI","logonID":"0x1edf9"}
{"timestamp":"2018-08-27T15:31:11.105Z","objectType":"File","hasLogType":"wineventlog","upCode":"Info","accountDomain":"DESKTOP-MAC610T","processID":"0x16c8","objectName":"C:\\Users\\Virtual Windows 10\\Dropbox","processName":"C:\\Program Files (x86)\\Dropbox\\Client\\Dropbox.exe","eventID":4663,"@type":"http://purl.org/sepses/vocab/log/wineventlog#WindowsEventLogEntry","logName":"Security","originatesFrom":{"@id":"http://example.org/sepses#23711355-a7a8-436f-b301-079686b79a88","hostName":{"name":"DESKTOP-MAC610T"},"@type":"rdf:nodeID"},"taskCategory":"File System","version":1,"accesses":"%%4423\n\t\t\t\t","keyword":["Audit Success"],"accountName":"Virtual Windows 10","@context":"http://sepses.ifs.tuwien.ac.at/contexts/wineventlog.jsonld","@id":"http://example.org/logEntry#logEntry-c062e2ac-4768-4058-95c7-9a7f1a2a8012","@timestamp":"2018-08-27T15:31:11.105Z","handleID":"0x211c","accessMask":"0x80","computerName":"DESKTOP-MAC610T","source":"Microsoft-Windows-Security-Auditing","level":"Information","logMessage":"An attempt was made to access an object.\n\nSubject:\n\tSecurity ID:\t\tS-1-5-21-2889181789-4222170037-1347726928-1001\n\tAccount Name:\t\tVirtual Windows 10\n\tAccount Domain:\t\tDESKTOP-MAC610T\n\tLogon ID:\t\t0x1EDF9\n\nObject:\n\tObject Server:\t\tSecurity\n\tObject Type:\t\tFile\n\tObject Name:\t\tC:\\Users\\Virtual Windows 10\\Dropbox\n\tHandle ID:\t\t0x211c\n\tResource Attributes:\tS:AI\n\nProcess Information:\n\tProcess ID:\t\t0x16c8\n\tProcess Name:\t\tC:\\Program Files (x86)\\Dropbox\\Client\\Dropbox.exe\n\nAccess Request Information:\n\tAccesses:\t\tReadAttributes\n\t\t\t\t\n\tAccess Mask:\t\t0x80","objectServer":"Security","resourceAttributes":"S:AI","logonID":"0x1edf9"}
{"timestamp":"2018-08-27T15:31:11.106Z","objectType":"File","hasLogType":"wineventlog","upCode":"Info","accountDomain":"DESKTOP-MAC610T","processID":"0x16c8","objectName":"C:\\Users\\Virtual Windows 10\\Dropbox","processName":"C:\\Program Files (x86)\\Dropbox\\Client\\Dropbox.exe","eventID":4663,"@type":"http://purl.org/sepses/vocab/log/wineventlog#WindowsEventLogEntry","logName":"Security","originatesFrom":{"@id":"http://example.org/sepses#28fac8cf-6519-4404-94cf-4c0128096226","hostName":{"name":"DESKTOP-MAC610T"},"@type":"rdf:nodeID"},"taskCategory":"File System","version":1,"accesses":"%%4423\n\t\t\t\t","keyword":["Audit Success"],"accountName":"Virtual Windows 10","@context":"http://sepses.ifs.tuwien.ac.at/contexts/wineventlog.jsonld","@id":"http://example.org/logEntry#logEntry-6dd7d655-e81e-4b58-94ee-7bd100e6ef49","@timestamp":"2018-08-27T15:31:11.106Z","handleID":"0x211c","accessMask":"0x80","computerName":"DESKTOP-MAC610T","source":"Microsoft-Windows-Security-Auditing","level":"Information","logMessage":"An attempt was made to access an object.\n\nSubject:\n\tSecurity ID:\t\tS-1-5-21-2889181789-4222170037-1347726928-1001\n\tAccount Name:\t\tVirtual Windows 10\n\tAccount Domain:\t\tDESKTOP-MAC610T\n\tLogon ID:\t\t0x1EDF9\n\nObject:\n\tObject Server:\t\tSecurity\n\tObject Type:\t\tFile\n\tObject Name:\t\tC:\\Users\\Virtual Windows 10\\Dropbox\n\tHandle ID:\t\t0x211c\n\tResource Attributes:\tS:AI\n\nProcess Information:\n\tProcess ID:\t\t0x16c8\n\tProcess Name:\t\tC:\\Program Files (x86)\\Dropbox\\Client\\Dropbox.exe\n\nAccess Request Information:\n\tAccesses:\t\tReadAttributes\n\t\t\t\t\n\tAccess Mask:\t\t0x80","objectServer":"Security","resourceAttributes":"S:AI","logonID":"0x1edf9"}
{"timestamp":"2018-08-27T15:31:11.106Z","objectType":"File","hasLogType":"wineventlog","upCode":"Info","accountDomain":"DESKTOP-MAC610T","processID":"0x16c8","objectName":"C:\\Users\\Virtual Windows 10\\Dropbox","processName":"C:\\Program Files (x86)\\Dropbox\\Client\\Dropbox.exe","eventID":4663,"@type":"http://purl.org/sepses/vocab/log/wineventlog#WindowsEventLogEntry","logName":"Security","originatesFrom":{"@id":"http://example.org/sepses#23e74727-8b36-457e-8eea-8e4fb303e81d","hostName":{"name":"DESKTOP-MAC610T"},"@type":"rdf:nodeID"},"taskCategory":"File System","version":1,"accesses":"%%4423\n\t\t\t\t","keyword":["Audit Success"],"accountName":"Virtual Windows 10","@context":"http://sepses.ifs.tuwien.ac.at/contexts/wineventlog.jsonld","@id":"http://example.org/logEntry#logEntry-5641b039-4278-40fc-9386-c9e516310b5e","@timestamp":"2018-08-27T15:31:11.106Z","handleID":"0x211c","accessMask":"0x80","computerName":"DESKTOP-MAC610T","source":"Microsoft-Windows-Security-Auditing","level":"Information","logMessage":"An attempt was made to access an object.\n\nSubject:\n\tSecurity ID:\t\tS-1-5-21-2889181789-4222170037-1347726928-1001\n\tAccount Name:\t\tVirtual Windows 10\n\tAccount Domain:\t\tDESKTOP-MAC610T\n\tLogon ID:\t\t0x1EDF9\n\nObject:\n\tObject Server:\t\tSecurity\n\tObject Type:\t\tFile\n\tObject Name:\t\tC:\\Users\\Virtual Windows 10\\Dropbox\n\tHandle ID:\t\t0x211c\n\tResource Attributes:\tS:AI\n\nProcess Information:\n\tProcess ID:\t\t0x16c8\n\tProcess Name:\t\tC:\\Program Files (x86)\\Dropbox\\Client\\Dropbox.exe\n\nAccess Request Information:\n\tAccesses:\t\tReadAttributes\n\t\t\t\t\n\tAccess Mask:\t\t0x80","objectServer":"Security","resourceAttributes":"S:AI","logonID":"0x1edf9"}
{"timestamp":"2018-08-27T15:31:11.107Z","objectType":"File","hasLogType":"wineventlog","upCode":"Info","accountDomain":"DESKTOP-MAC610T","processID":"0x16c8","objectName":"C:\\Users\\Virtual Windows 10\\Dropbox","processName":"C:\\Program Files (x86)\\Dropbox\\Client\\Dropbox.exe","eventID":4663,"@type":"http://purl.org/sepses/vocab/log/wineventlog#WindowsEventLogEntry","logName":"Security","originatesFrom":{"@id":"http://example.org/sepses#2ac153f8-2440-4049-b4db-6a7f9233e538","hostName":{"name":"DESKTOP-MAC610T"},"@type":"rdf:nodeID"},"taskCategory":"File System","version":1,"accesses":"%%4423\n\t\t\t\t","keyword":["Audit Success"],"accountName":"Virtual Windows 10","@context":"http://sepses.ifs.tuwien.ac.at/contexts/wineventlog.jsonld","@id":"http://example.org/logEntry#logEntry-52f2b568-ac35-420f-aae9-77ebeed1152d","@timestamp":"2018-08-27T15:31:11.107Z","handleID":"0x211c","accessMask":"0x80","computerName":"DESKTOP-MAC610T","source":"Microsoft-Windows-Security-Auditing","level":"Information","logMessage":"An attempt was made to access an object.\n\nSubject:\n\tSecurity ID:\t\tS-1-5-21-2889181789-4222170037-1347726928-1001\n\tAccount Name:\t\tVirtual Windows 10\n\tAccount Domain:\t\tDESKTOP-MAC610T\n\tLogon ID:\t\t0x1EDF9\n\nObject:\n\tObject Server:\t\tSecurity\n\tObject Type:\t\tFile\n\tObject Name:\t\tC:\\Users\\Virtual Windows 10\\Dropbox\n\tHandle ID:\t\t0x211c\n\tResource Attributes:\tS:AI\n\nProcess Information:\n\tProcess ID:\t\t0x16c8\n\tProcess Name:\t\tC:\\Program Files (x86)\\Dropbox\\Client\\Dropbox.exe\n\nAccess Request Information:\n\tAccesses:\t\tReadAttributes\n\t\t\t\t\n\tAccess Mask:\t\t0x80","objectServer":"Security","resourceAttributes":"S:AI","logonID":"0x1edf9"}
{"timestamp":"2018-08-27T15:31:11.108Z","objectType":"File","hasLogType":"wineventlog","upCode":"Info","accountDomain":"DESKTOP-MAC610T","processID":"0x16c8","objectName":"C:\\Users\\Virtual Windows 10\\Dropbox","processName":"C:\\Program Files (x86)\\Dropbox\\Client\\Dropbox.exe","eventID":4663,"@type":"http://purl.org/sepses/vocab/log/wineventlog#WindowsEventLogEntry","logName":"Security","originatesFrom":{"@id":"http://example.org/sepses#72d887d6-7374-485c-aef5-bdcb9fae690f","hostName":{"name":"DESKTOP-MAC610T"},"@type":"rdf:nodeID"},"taskCategory":"File System","version":1,"accesses":"%%4423\n\t\t\t\t","keyword":["Audit Success"],"accountName":"Virtual Windows 10","@context":"http://sepses.ifs.tuwien.ac.at/contexts/wineventlog.jsonld","@id":"http://example.org/logEntry#logEntry-ef44c4c8-7748-4ef2-84c3-263818c25309","@timestamp":"2018-08-27T15:31:11.108Z","handleID":"0x211c","accessMask":"0x80","computerName":"DESKTOP-MAC610T","source":"Microsoft-Windows-Security-Auditing","level":"Information","logMessage":"An attempt was made to access an object.\n\nSubject:\n\tSecurity ID:\t\tS-1-5-21-2889181789-4222170037-1347726928-1001\n\tAccount Name:\t\tVirtual Windows 10\n\tAccount Domain:\t\tDESKTOP-MAC610T\n\tLogon ID:\t\t0x1EDF9\n\nObject:\n\tObject Server:\t\tSecurity\n\tObject Type:\t\tFile\n\tObject Name:\t\tC:\\Users\\Virtual Windows 10\\Dropbox\n\tHandle ID:\t\t0x211c\n\tResource Attributes:\tS:AI\n\nProcess Information:\n\tProcess ID:\t\t0x16c8\n\tProcess Name:\t\tC:\\Program Files (x86)\\Dropbox\\Client\\Dropbox.exe\n\nAccess Request Information:\n\tAccesses:\t\tReadAttributes\n\t\t\t\t\n\tAccess Mask:\t\t0x80","objectServer":"Security","resourceAttributes":"S:AI","logonID":"0x1edf9"}
