{"source":"Microsoft-Windows-Security-Auditing","computerName":"VirtualWindows8","taskCategory":"File System","accessMask":"0x80","logName":"Security","@timestamp":"2018-10-03T10:08:28.498Z","objectServer":"Security","upCode":"Info","hasLogType":"wineventlog","originatesFrom":{"@id":"http://example.org/sepses#69fa8d2c-54c2-43df-8f8a-da2524711e06","hostName":{"name":"VirtualWindows8"},"@type":"rdf:nodeID"},"@id":"http://example.org/logEntry#logEntry-706ba520-e383-42b1-8c37-62222d457f27","accountName":"VirtualWindows8User","handleID":"0xbb8","@context":"http://sepses.ifs.tuwien.ac.at/contexts/wineventlog.jsonld","version":1,"processID":"0x6ec","accesses":"%%4423\n\t\t\t\t","logMessage":"An attempt was made to access an object.\n\nSubject:\n\tSecurity ID:\t\tS-1-5-21-2361021202-3253521353-2316283985-1001\n\tAccount Name:\t\tVirtualWindows8User\n\tAccount Domain:\t\tVirtualWindows8\n\tLogon ID:\t\t0x108AF\n\nObject:\n\tObject Server:\t\tSecurity\n\tObject Type:\t\tFile\n\tObject Name:\t\tC:\\Users\\VirtualWindows8User\\Links\\UserDocuments.lnk\n\tHandle ID:\t\t0xbb8\n\tResource Attributes:\tS:AI\n\nProcess Information:\n\tProcess ID:\t\t0x6ec\n\tProcess Name:\t\tC:\\Windows\\explorer.exe\n\nAccess Request Information:\n\tAccesses:\t\tReadAttributes\n\t\t\t\t\n\tAccess Mask:\t\t0x80","timestamp":"2018-10-03T10:08:28.498Z","resourceAttributes":"S:AI","eventID":4663,"level":"Information","keyword":["Audit Success"],"objectType":"File","objectName":"C:\\Users\\VirtualWindows8User\\Links\\UserDocuments.lnk","processName":"C:\\Windows\\explorer.exe","accountDomain":"VirtualWindows8","logonID":"0x108af","@type":"http://purl.org/sepses/vocab/log/wineventlog#WindowsEventLogEntry"}
{"source":"Microsoft-Windows-Security-Auditing","computerName":"VirtualWindows8","taskCategory":"File System","accessMask":"0x80","logName":"Security","@timestamp":"2018-10-03T10:08:28.530Z","objectServer":"Security","upCode":"Info","hasLogType":"wineventlog","originatesFrom":{"@id":"http://example.org/sepses#80880410-77fd-4fdc-ad2c-9820233268e2","hostName":{"name":"VirtualWindows8"},"@type":"rdf:nodeID"},"@id":"http://example.org/logEntry#logEntry-845a39bc-d162-48da-aaef-2379870bf79c","accountName":"VirtualWindows8User","handleID":"0x17c8","@context":"http://sepses.ifs.tuwien.ac.at/contexts/wineventlog.jsonld","version":1,"processID":"0x6ec","accesses":"%%4423\n\t\t\t\t","logMessage":"An attempt was made to access an object.\n\nSubject:\n\tSecurity ID:\t\tS-1-5-21-2361021202-3253521353-2316283985-1001\n\tAccount Name:\t\tVirtualWindows8User\n\tAccount Domain:\t\tVirtualWindows8\n\tLogon ID:\t\t0x108AF\n\nObject:\n\tObject Server:\t\tSecurity\n\tObject Type:\t\tFile\n\tObject Name:\t\tC:\\Users\\VirtualWindows8User\\UserDocuments\n\tHandle ID:\t\t0x17c8\n\tResource Attributes:\tS:AI\n\nProcess Information:\n\tProcess ID:\t\t0x6ec\n\tProcess Name:\t\tC:\\Windows\\explorer.exe\n\nAccess Request Information:\n\tAccesses:\t\tReadAttributes\n\t\t\t\t\n\tAccess Mask:\t\t0x80","timestamp":"2018-10-03T10:08:28.530Z","resourceAttributes":"S:AI","eventID":4663,"level":"Information","keyword":["Audit Success"],"objectType":"File","objectName":"C:\\Users\\VirtualWindows8User\\UserDocuments","processName":"C:\\Windows\\explorer.exe","accountDomain":"VirtualWindows8","logonID":"0x108af","@type":"http://purl.org/sepses/vocab/log/wineventlog#WindowsEventLogEntry"}
{"source":"Microsoft-Windows-Security-Auditing","computerName":"VirtualWindows8","taskCategory":"File System","accessMask":"0x80","logName":"Security","@timestamp":"2018-10-03T10:08:28.530Z","objectServer":"Security","upCode":"Info","hasLogType":"wineventlog","originatesFrom":{"@id":"http://example.org/sepses#a5bb1508-42fb-4800-a226-71ad67113ce8","hostName":{"name":"VirtualWindows8"},"@type":"rdf:nodeID"},"@id":"http://example.org/logEntry#logEntry-5ecae07e-b974-44a2-bd57-016f5644a80e","accountName":"VirtualWindows8User","handleID":"0x17c8","@context":"http://sepses.ifs.tuwien.ac.at/contexts/wineventlog.jsonld","version":1,"processID":"0x6ec","accesses":"%%4423\n\t\t\t\t","logMessage":"An attempt was made to access an object.\n\nSubject:\n\tSecurity ID:\t\tS-1-5-21-2361021202-3253521353-2316283985-1001\n\tAccount Name:\t\tVirtualWindows8User\n\tAccount Domain:\t\tVirtualWindows8\n\tLogon ID:\t\t0x108AF\n\nObject:\n\tObject Server:\t\tSecurity\n\tObject Type:\t\tFile\n\tObject Name:\t\tC:\\Users\\VirtualWindows8User\\UserDocuments\n\tHandle ID:\t\t0x17c8\n\tResource Attributes:\tS:AI\n\nProcess Information:\n\tProcess ID:\t\t0x6ec\n\tProcess Name:\t\tC:\\Windows\\explorer.exe\n\nAccess Request Information:\n\tAccesses:\t\tReadAttributes\n\t\t\t\t\n\tAccess Mask:\t\t0x80","timestamp":"2018-10-03T10:08:28.530Z","resourceAttributes":"S:AI","eventID":4663,"level":"Information","keyword":["Audit Success"],"objectType":"File","objectName":"C:\\Users\\VirtualWindows8User\\UserDocuments","processName":"C:\\Windows\\explorer.exe","accountDomain":"VirtualWindows8","logonID":"0x108af","@type":"http://purl.org/sepses/vocab/log/wineventlog#WindowsEventLogEntry"}
{"source":"Microsoft-Windows-Security-Auditing","computerName":"VirtualWindows8","taskCategory":"File System","accessMask":"0x80","logName":"Security","@timestamp":"2018-10-03T10:08:28.545Z","objectServer":"Security","upCode":"Info","hasLogType":"wineventlog","originatesFrom":{"@id":"http://example.org/sepses#5695ea4a-9667-461a-9063-ce43dfbad384","hostName":{"name":"VirtualWindows8"},"@type":"rdf:nodeID"},"@id":"http://example.org/logEntry#logEntry-892639df-a1a2-48c8-998a-451788564a9a","accountName":"VirtualWindows8User","handleID":"0x1a0c","@context":"http://sepses.ifs.tuwien.ac.at/contexts/wineventlog.jsonld","version":1,"processID":"0x6ec","accesses":"%%4423\n\t\t\t\t","logMessage":"An attempt was made to access an object.\n\nSubject:\n\tSecurity ID:\t\tS-1-5-21-2361021202-3253521353-2316283985-1001\n\tAccount Name:\t\tVirtualWindows8User\n\tAccount Domain:\t\tVirtualWindows8\n\tLogon ID:\t\t0x108AF\n\nObject:\n\tObject Server:\t\tSecurity\n\tObject Type:\t\tFile\n\tObject Name:\t\tC:\\Users\\VirtualWindows8User\\Links\\UserDocuments.lnk\n\tHandle ID:\t\t0x1a0c\n\tResource Attributes:\tS:AI\n\nProcess Information:\n\tProcess ID:\t\t0x6ec\n\tProcess Name:\t\tC:\\Windows\\explorer.exe\n\nAccess Request Information:\n\tAccesses:\t\tReadAttributes\n\t\t\t\t\n\tAccess Mask:\t\t0x80","timestamp":"2018-10-03T10:08:28.545Z","resourceAttributes":"S:AI","eventID":4663,"level":"Information","keyword":["Audit Success"],"objectType":"File","objectName":"C:\\Users\\VirtualWindows8User\\Links\\UserDocuments.lnk","processName":"C:\\Windows\\explorer.exe","accountDomain":"VirtualWindows8","logonID":"0x108af","@type":"http://purl.org/sepses/vocab/log/wineventlog#WindowsEventLogEntry"}
{"source":"Microsoft-Windows-Security-Auditing","computerName":"VirtualWindows8","taskCategory":"File System","accessMask":"0x80","logName":"Security","@timestamp":"2018-10-03T10:08:28.545Z","objectServer":"Security","upCode":"Info","hasLogType":"wineventlog","originatesFrom":{"@id":"http://example.org/sepses#ce686615-1342-4725-ac7c-82534c8550be","hostName":{"name":"VirtualWindows8"},"@type":"rdf:nodeID"},"@id":"http://example.org/logEntry#logEntry-e485f607-6352-4c88-9f1a-c8126c6ea215","accountName":"VirtualWindows8User","handleID":"0x1678","@context":"http://sepses.ifs.tuwien.ac.at/contexts/wineventlog.jsonld","version":1,"processID":"0x6ec","accesses":"%%4423\n\t\t\t\t","logMessage":"An attempt was made to access an object.\n\nSubject:\n\tSecurity ID:\t\tS-1-5-21-2361021202-3253521353-2316283985-1001\n\tAccount Name:\t\tVirtualWindows8User\n\tAccount Domain:\t\tVirtualWindows8\n\tLogon ID:\t\t0x108AF\n\nObject:\n\tObject Server:\t\tSecurity\n\tObject Type:\t\tFile\n\tObject Name:\t\tC:\\Users\\VirtualWindows8User\\Links\\UserDocuments.lnk\n\tHandle ID:\t\t0x1678\n\tResource Attributes:\tS:AI\n\nProcess Information:\n\tProcess ID:\t\t0x6ec\n\tProcess Name:\t\tC:\\Windows\\explorer.exe\n\nAccess Request Information:\n\tAccesses:\t\tReadAttributes\n\t\t\t\t\n\tAccess Mask:\t\t0x80","timestamp":"2018-10-03T10:08:28.545Z","resourceAttributes":"S:AI","eventID":4663,"level":"Information","keyword":["Audit Success"],"objectType":"File","objectName":"C:\\Users\\VirtualWindows8User\\Links\\UserDocuments.lnk","processName":"C:\\Windows\\explorer.exe","accountDomain":"VirtualWindows8","logonID":"0x108af","@type":"http://purl.org/sepses/vocab/log/wineventlog#WindowsEventLogEntry"}
{"source":"Microsoft-Windows-Security-Auditing","computerName":"VirtualWindows8","taskCategory":"File System","accessMask":"0x80","logName":"Security","@timestamp":"2018-10-03T10:08:28.577Z","objectServer":"Security","upCode":"Info","hasLogType":"wineventlog","originatesFrom":{"@id":"http://example.org/sepses#5772ed82-9650-43ff-a573-50667778bc45","hostName":{"name":"VirtualWindows8"},"@type":"rdf:nodeID"},"@id":"http://example.org/logEntry#logEntry-e7df6352-bd68-459b-a947-ed3ac28eedf6","accountName":"VirtualWindows8User","handleID":"0x1678","@context":"http://sepses.ifs.tuwien.ac.at/contexts/wineventlog.jsonld","version":1,"processID":"0x6ec","accesses":"%%4423\n\t\t\t\t","logMessage":"An attempt was made to access an object.\n\nSubject:\n\tSecurity ID:\t\tS-1-5-21-2361021202-3253521353-2316283985-1001\n\tAccount Name:\t\tVirtualWindows8User\n\tAccount Domain:\t\tVirtualWindows8\n\tLogon ID:\t\t0x108AF\n\nObject:\n\tObject Server:\t\tSecurity\n\tObject Type:\t\tFile\n\tObject Name:\t\tC:\\Users\\VirtualWindows8User\\Links\\UserDocuments.lnk\n\tHandle ID:\t\t0x1678\n\tResource Attributes:\tS:AI\n\nProcess Information:\n\tProcess ID:\t\t0x6ec\n\tProcess Name:\t\tC:\\Windows\\explorer.exe\n\nAccess Request Information:\n\tAccesses:\t\tReadAttributes\n\t\t\t\t\n\tAccess Mask:\t\t0x80","timestamp":"2018-10-03T10:08:28.577Z","resourceAttributes":"S:AI","eventID":4663,"level":"Information","keyword":["Audit Success"],"objectType":"File","objectName":"C:\\Users\\VirtualWindows8User\\Links\\UserDocuments.lnk","processName":"C:\\Windows\\explorer.exe","accountDomain":"VirtualWindows8","logonID":"0x108af","@type":"http://purl.org/sepses/vocab/log/wineventlog#WindowsEventLogEntry"}
{"source":"Microsoft-Windows-Security-Auditing","computerName":"VirtualWindows8","taskCategory":"File System","accessMask":"0x80","logName":"Security","@timestamp":"2018-10-03T10:08:28.577Z","objectServer":"Security","upCode":"Info","hasLogType":"wineventlog","originatesFrom":{"@id":"http://example.org/sepses#f1cb2fbf-ac0d-482f-b849-6e0fb235201b","hostName":{"name":"VirtualWindows8"},"@type":"rdf:nodeID"},"@id":"http://example.org/logEntry#logEntry-c731051c-8796-4e2a-98c6-b8d17a34cce9","accountName":"VirtualWindows8User","handleID":"0x1678","@context":"http://sepses.ifs.tuwien.ac.at/contexts/wineventlog.jsonld","version":1,"processID":"0x6ec","accesses":"%%4423\n\t\t\t\t","logMessage":"An attempt was made to access an object.\n\nSubject:\n\tSecurity ID:\t\tS-1-5-21-2361021202-3253521353-2316283985-1001\n\tAccount Name:\t\tVirtualWindows8User\n\tAccount Domain:\t\tVirtualWindows8\n\tLogon ID:\t\t0x108AF\n\nObject:\n\tObject Server:\t\tSecurity\n\tObject Type:\t\tFile\n\tObject Name:\t\tC:\\Users\\VirtualWindows8User\\Links\\UserDocuments.lnk\n\tHandle ID:\t\t0x1678\n\tResource Attributes:\tS:AI\n\nProcess Information:\n\tProcess ID:\t\t0x6ec\n\tProcess Name:\t\tC:\\Windows\\explorer.exe\n\nAccess Request Information:\n\tAccesses:\t\tReadAttributes\n\t\t\t\t\n\tAccess Mask:\t\t0x80","timestamp":"2018-10-03T10:08:28.577Z","resourceAttributes":"S:AI","eventID":4663,"level":"Information","keyword":["Audit Success"],"objectType":"File","objectName":"C:\\Users\\VirtualWindows8User\\Links\\UserDocuments.lnk","processName":"C:\\Windows\\explorer.exe","accountDomain":"VirtualWindows8","logonID":"0x108af","@type":"http://purl.org/sepses/vocab/log/wineventlog#WindowsEventLogEntry"}
{"source":"Microsoft-Windows-Security-Auditing","computerName":"VirtualWindows8","taskCategory":"File System","accessMask":"0x80","logName":"Security","@timestamp":"2018-10-03T10:08:28.671Z","objectServer":"Security","upCode":"Info","hasLogType":"wineventlog","originatesFrom":{"@id":"http://example.org/sepses#3d08910a-8f56-41b6-b7e8-15d5a9e4f8f2","hostName":{"name":"VirtualWindows8"},"@type":"rdf:nodeID"},"@id":"http://example.org/logEntry#logEntry-5dd44866-c0f0-41f4-8fa4-3bbdcac69057","accountName":"VirtualWindows8User","handleID":"0x1f58","@context":"http://sepses.ifs.tuwien.ac.at/contexts/wineventlog.jsonld","version":1,"processID":"0x6ec","accesses":"%%4423\n\t\t\t\t","logMessage":"An attempt was made to access an object.\n\nSubject:\n\tSecurity ID:\t\tS-1-5-21-2361021202-3253521353-2316283985-1001\n\tAccount Name:\t\tVirtualWindows8User\n\tAccount Domain:\t\tVirtualWindows8\n\tLogon ID:\t\t0x108AF\n\nObject:\n\tObject Server:\t\tSecurity\n\tObject Type:\t\tFile\n\tObject Name:\t\tC:\\Users\\VirtualWindows8User\\UserDocuments\n\tHandle ID:\t\t0x1f58\n\tResource Attributes:\tS:AI\n\nProcess Information:\n\tProcess ID:\t\t0x6ec\n\tProcess Name:\t\tC:\\Windows\\explorer.exe\n\nAccess Request Information:\n\tAccesses:\t\tReadAttributes\n\t\t\t\t\n\tAccess Mask:\t\t0x80","timestamp":"2018-10-03T10:08:28.671Z","resourceAttributes":"S:AI","eventID":4663,"level":"Information","keyword":["Audit Success"],"objectType":"File","objectName":"C:\\Users\\VirtualWindows8User\\UserDocuments","processName":"C:\\Windows\\explorer.exe","accountDomain":"VirtualWindows8","logonID":"0x108af","@type":"http://purl.org/sepses/vocab/log/wineventlog#WindowsEventLogEntry"}
{"source":"Microsoft-Windows-Security-Auditing","computerName":"VirtualWindows8","taskCategory":"File System","accessMask":"0x80","logName":"Security","@timestamp":"2018-10-03T10:08:28.671Z","objectServer":"Security","upCode":"Info","hasLogType":"wineventlog","originatesFrom":{"@id":"http://example.org/sepses#8a65481d-7651-42f7-85aa-41f977178e87","hostName":{"name":"VirtualWindows8"},"@type":"rdf:nodeID"},"@id":"http://example.org/logEntry#logEntry-be95fe53-530c-491e-9bc5-a0d90b63f980","accountName":"VirtualWindows8User","handleID":"0x1f58","@context":"http://sepses.ifs.tuwien.ac.at/contexts/wineventlog.jsonld","version":1,"processID":"0x6ec","accesses":"%%4423\n\t\t\t\t","logMessage":"An attempt was made to access an object.\n\nSubject:\n\tSecurity ID:\t\tS-1-5-21-2361021202-3253521353-2316283985-1001\n\tAccount Name:\t\tVirtualWindows8User\n\tAccount Domain:\t\tVirtualWindows8\n\tLogon ID:\t\t0x108AF\n\nObject:\n\tObject Server:\t\tSecurity\n\tObject Type:\t\tFile\n\tObject Name:\t\tC:\\Users\\VirtualWindows8User\\UserDocuments\n\tHandle ID:\t\t0x1f58\n\tResource Attributes:\tS:AI\n\nProcess Information:\n\tProcess ID:\t\t0x6ec\n\tProcess Name:\t\tC:\\Windows\\explorer.exe\n\nAccess Request Information:\n\tAccesses:\t\tReadAttributes\n\t\t\t\t\n\tAccess Mask:\t\t0x80","timestamp":"2018-10-03T10:08:28.671Z","resourceAttributes":"S:AI","eventID":4663,"level":"Information","keyword":["Audit Success"],"objectType":"File","objectName":"C:\\Users\\VirtualWindows8User\\UserDocuments","processName":"C:\\Windows\\explorer.exe","accountDomain":"VirtualWindows8","logonID":"0x108af","@type":"http://purl.org/sepses/vocab/log/wineventlog#WindowsEventLogEntry"}
{"source":"Microsoft-Windows-Security-Auditing","computerName":"VirtualWindows8","taskCategory":"File System","accessMask":"0x80","logName":"Security","@timestamp":"2018-10-03T10:08:30.253Z","objectServer":"Security","upCode":"Info","hasLogType":"wineventlog","originatesFrom":{"@id":"http://example.org/sepses#1f64b02f-b1a2-4e98-bd83-2df38662590f","hostName":{"name":"VirtualWindows8"},"@type":"rdf:nodeID"},"@id":"http://example.org/logEntry#logEntry-e96d19cc-6e68-452e-b9ab-fb4ad9e81ddb","accountName":"VirtualWindows8User","handleID":"0x1d90","@context":"http://sepses.ifs.tuwien.ac.at/contexts/wineventlog.jsonld","version":1,"processID":"0xc9c","accesses":"%%4423\n\t\t\t\t","logMessage":"An attempt was made to access an object.\n\nSubject:\n\tSecurity ID:\t\tS-1-5-21-2361021202-3253521353-2316283985-1001\n\tAccount Name:\t\tVirtualWindows8User\n\tAccount Domain:\t\tVirtualWindows8\n\tLogon ID:\t\t0x108AF\n\nObject:\n\tObject Server:\t\tSecurity\n\tObject Type:\t\tFile\n\tObject Name:\t\tC:\\Users\\VirtualWindows8User\\UserDocuments\n\tHandle ID:\t\t0x1d90\n\tResource Attributes:\tS:AI\n\nProcess Information:\n\tProcess ID:\t\t0xc9c\n\tProcess Name:\t\tC:\\Program Files (x86)\\Dropbox\\Client\\Dropbox.exe\n\nAccess Request Information:\n\tAccesses:\t\tReadAttributes\n\t\t\t\t\n\tAccess Mask:\t\t0x80","timestamp":"2018-10-03T10:08:30.253Z","resourceAttributes":"S:AI","eventID":4663,"level":"Information","keyword":["Audit Success"],"objectType":"File","objectName":"C:\\Users\\VirtualWindows8User\\UserDocuments","processName":"C:\\Program Files (x86)\\Dropbox\\Client\\Dropbox.exe","accountDomain":"VirtualWindows8","logonID":"0x108af","@type":"http://purl.org/sepses/vocab/log/wineventlog#WindowsEventLogEntry"}
{"source":"Microsoft-Windows-Security-Auditing","computerName":"VirtualWindows8","taskCategory":"File System","accessMask":"0x80","logName":"Security","@timestamp":"2018-10-03T10:08:33.280Z","objectServer":"Security","upCode":"Info","hasLogType":"wineventlog","originatesFrom":{"@id":"http://example.org/sepses#b09c6018-c048-4bf7-bede-77371e16058a","hostName":{"name":"VirtualWindows8"},"@type":"rdf:nodeID"},"@id":"http://example.org/logEntry#logEntry-957265a9-5748-4df9-a3a3-f250baae7ebb","accountName":"VirtualWindows8User","handleID":"0x1c4c","@context":"http://sepses.ifs.tuwien.ac.at/contexts/wineventlog.jsonld","version":1,"processID":"0x6ec","accesses":"%%4423\n\t\t\t\t","logMessage":"An attempt was made to access an object.\n\nSubject:\n\tSecurity ID:\t\tS-1-5-21-2361021202-3253521353-2316283985-1001\n\tAccount Name:\t\tVirtualWindows8User\n\tAccount Domain:\t\tVirtualWindows8\n\tLogon ID:\t\t0x108AF\n\nObject:\n\tObject Server:\t\tSecurity\n\tObject Type:\t\tFile\n\tObject Name:\t\tC:\\Users\\VirtualWindows8User\\Dropbox\\wordpad_rename.rtf\n\tHandle ID:\t\t0x1c4c\n\tResource Attributes:\tS:AI\n\nProcess Information:\n\tProcess ID:\t\t0x6ec\n\tProcess Name:\t\tC:\\Windows\\explorer.exe\n\nAccess Request Information:\n\tAccesses:\t\tReadAttributes\n\t\t\t\t\n\tAccess Mask:\t\t0x80","timestamp":"2018-10-03T10:08:33.280Z","resourceAttributes":"S:AI","eventID":4663,"level":"Information","keyword":["Audit Success"],"objectType":"File","objectName":"C:\\Users\\VirtualWindows8User\\Dropbox\\wordpad_rename.rtf","processName":"C:\\Windows\\explorer.exe","accountDomain":"VirtualWindows8","logonID":"0x108af","@type":"http://purl.org/sepses/vocab/log/wineventlog#WindowsEventLogEntry"}
{"source":"Microsoft-Windows-Security-Auditing","computerName":"VirtualWindows8","taskCategory":"File System","accessMask":"0x10000","logName":"Security","@timestamp":"2018-10-03T10:08:33.280Z","objectServer":"Security","upCode":"Info","hasLogType":"wineventlog","originatesFrom":{"@id":"http://example.org/sepses#275003d5-72fe-4057-80a3-dac4e0080f64","hostName":{"name":"VirtualWindows8"},"@type":"rdf:nodeID"},"@id":"http://example.org/logEntry#logEntry-69781bae-ba12-407e-9d21-50dda02b8e19","accountName":"VirtualWindows8User","handleID":"0x1c4c","@context":"http://sepses.ifs.tuwien.ac.at/contexts/wineventlog.jsonld","version":1,"processID":"0x6ec","accesses":"%%1537\n\t\t\t\t","logMessage":"An attempt was made to access an object.\n\nSubject:\n\tSecurity ID:\t\tS-1-5-21-2361021202-3253521353-2316283985-1001\n\tAccount Name:\t\tVirtualWindows8User\n\tAccount Domain:\t\tVirtualWindows8\n\tLogon ID:\t\t0x108AF\n\nObject:\n\tObject Server:\t\tSecurity\n\tObject Type:\t\tFile\n\tObject Name:\t\tC:\\Users\\VirtualWindows8User\\Dropbox\\wordpad_rename.rtf\n\tHandle ID:\t\t0x1c4c\n\tResource Attributes:\tS:AI\n\nProcess Information:\n\tProcess ID:\t\t0x6ec\n\tProcess Name:\t\tC:\\Windows\\explorer.exe\n\nAccess Request Information:\n\tAccesses:\t\tDELETE\n\t\t\t\t\n\tAccess Mask:\t\t0x10000","timestamp":"2018-10-03T10:08:33.280Z","resourceAttributes":"S:AI","eventID":4663,"level":"Information","keyword":["Audit Success"],"objectType":"File","objectName":"C:\\Users\\VirtualWindows8User\\Dropbox\\wordpad_rename.rtf","processName":"C:\\Windows\\explorer.exe","accountDomain":"VirtualWindows8","logonID":"0x108af","@type":"http://purl.org/sepses/vocab/log/wineventlog#WindowsEventLogEntry"}
{"source":"Microsoft-Windows-Security-Auditing","computerName":"VirtualWindows8","taskCategory":"File System","accessMask":"0x2","logName":"Security","@timestamp":"2018-10-03T10:08:33.280Z","objectServer":"Security","upCode":"Info","hasLogType":"wineventlog","originatesFrom":{"@id":"http://example.org/sepses#b1a72e3c-5079-4eae-a683-2915da56cd9d","hostName":{"name":"VirtualWindows8"},"@type":"rdf:nodeID"},"@id":"http://example.org/logEntry#logEntry-71991bbb-c29e-4ab8-9167-c0efae6c59d6","accountName":"VirtualWindows8User","handleID":"0xe8c","@context":"http://sepses.ifs.tuwien.ac.at/contexts/wineventlog.jsonld","version":1,"processID":"0x6ec","accesses":"%%4417\n\t\t\t\t","logMessage":"An attempt was made to access an object.\n\nSubject:\n\tSecurity ID:\t\tS-1-5-21-2361021202-3253521353-2316283985-1001\n\tAccount Name:\t\tVirtualWindows8User\n\tAccount Domain:\t\tVirtualWindows8\n\tLogon ID:\t\t0x108AF\n\nObject:\n\tObject Server:\t\tSecurity\n\tObject Type:\t\tFile\n\tObject Name:\t\tC:\\Users\\VirtualWindows8User\\UserDocuments\n\tHandle ID:\t\t0xe8c\n\tResource Attributes:\tS:AI\n\nProcess Information:\n\tProcess ID:\t\t0x6ec\n\tProcess Name:\t\tC:\\Windows\\explorer.exe\n\nAccess Request Information:\n\tAccesses:\t\tWriteData (or AddFile)\n\t\t\t\t\n\tAccess Mask:\t\t0x2","timestamp":"2018-10-03T10:08:33.280Z","resourceAttributes":"S:AI","eventID":4663,"level":"Information","keyword":["Audit Success"],"objectType":"File","objectName":"C:\\Users\\VirtualWindows8User\\UserDocuments","processName":"C:\\Windows\\explorer.exe","accountDomain":"VirtualWindows8","logonID":"0x108af","@type":"http://purl.org/sepses/vocab/log/wineventlog#WindowsEventLogEntry"}
{"source":"Microsoft-Windows-Security-Auditing","computerName":"VirtualWindows8","taskCategory":"File System","accessMask":"0x80","logName":"Security","@timestamp":"2018-10-03T10:08:33.280Z","objectServer":"Security","upCode":"Info","hasLogType":"wineventlog","originatesFrom":{"@id":"http://example.org/sepses#d6286232-c51c-41a2-aa5a-8cd888e3b8fa","hostName":{"name":"VirtualWindows8"},"@type":"rdf:nodeID"},"@id":"http://example.org/logEntry#logEntry-c944c0a7-9390-48f4-8a50-3757a4b9e9a4","accountName":"VirtualWindows8User","handleID":"0x1c4c","@context":"http://sepses.ifs.tuwien.ac.at/contexts/wineventlog.jsonld","version":1,"processID":"0x6ec","accesses":"%%4423\n\t\t\t\t","logMessage":"An attempt was made to access an object.\n\nSubject:\n\tSecurity ID:\t\tS-1-5-21-2361021202-3253521353-2316283985-1001\n\tAccount Name:\t\tVirtualWindows8User\n\tAccount Domain:\t\tVirtualWindows8\n\tLogon ID:\t\t0x108AF\n\nObject:\n\tObject Server:\t\tSecurity\n\tObject Type:\t\tFile\n\tObject Name:\t\tC:\\Users\\VirtualWindows8User\\Dropbox\n\tHandle ID:\t\t0x1c4c\n\tResource Attributes:\tS:AI\n\nProcess Information:\n\tProcess ID:\t\t0x6ec\n\tProcess Name:\t\tC:\\Windows\\explorer.exe\n\nAccess Request Information:\n\tAccesses:\t\tReadAttributes\n\t\t\t\t\n\tAccess Mask:\t\t0x80","timestamp":"2018-10-03T10:08:33.280Z","resourceAttributes":"S:AI","eventID":4663,"level":"Information","keyword":["Audit Success"],"objectType":"File","objectName":"C:\\Users\\VirtualWindows8User\\Dropbox","processName":"C:\\Windows\\explorer.exe","accountDomain":"VirtualWindows8","logonID":"0x108af","@type":"http://purl.org/sepses/vocab/log/wineventlog#WindowsEventLogEntry"}
{"source":"Microsoft-Windows-Security-Auditing","computerName":"VirtualWindows8","taskCategory":"File System","accessMask":"0x80","logName":"Security","@timestamp":"2018-10-03T10:08:33.280Z","objectServer":"Security","upCode":"Info","hasLogType":"wineventlog","originatesFrom":{"@id":"http://example.org/sepses#c37200c8-cac0-4292-8d67-cbfcc11e5207","hostName":{"name":"VirtualWindows8"},"@type":"rdf:nodeID"},"@id":"http://example.org/logEntry#logEntry-a7825309-049e-419b-8e16-91e55e84dfd8","accountName":"VirtualWindows8User","handleID":"0x1c4c","@context":"http://sepses.ifs.tuwien.ac.at/contexts/wineventlog.jsonld","version":1,"processID":"0x6ec","accesses":"%%4423\n\t\t\t\t","logMessage":"An attempt was made to access an object.\n\nSubject:\n\tSecurity ID:\t\tS-1-5-21-2361021202-3253521353-2316283985-1001\n\tAccount Name:\t\tVirtualWindows8User\n\tAccount Domain:\t\tVirtualWindows8\n\tLogon ID:\t\t0x108AF\n\nObject:\n\tObject Server:\t\tSecurity\n\tObject Type:\t\tFile\n\tObject Name:\t\tC:\\Users\\VirtualWindows8User\\UserDocuments\n\tHandle ID:\t\t0x1c4c\n\tResource Attributes:\tS:AI\n\nProcess Information:\n\tProcess ID:\t\t0x6ec\n\tProcess Name:\t\tC:\\Windows\\explorer.exe\n\nAccess Request Information:\n\tAccesses:\t\tReadAttributes\n\t\t\t\t\n\tAccess Mask:\t\t0x80","timestamp":"2018-10-03T10:08:33.280Z","resourceAttributes":"S:AI","eventID":4663,"level":"Information","keyword":["Audit Success"],"objectType":"File","objectName":"C:\\Users\\VirtualWindows8User\\UserDocuments","processName":"C:\\Windows\\explorer.exe","accountDomain":"VirtualWindows8","logonID":"0x108af","@type":"http://purl.org/sepses/vocab/log/wineventlog#WindowsEventLogEntry"}
{"source":"Microsoft-Windows-Security-Auditing","computerName":"VirtualWindows8","taskCategory":"File System","accessMask":"0x80","logName":"Security","@timestamp":"2018-10-03T10:08:33.295Z","objectServer":"Security","upCode":"Info","hasLogType":"wineventlog","originatesFrom":{"@id":"http://example.org/sepses#b4cd88a5-4351-4a6a-b7b9-b60fe35d9c96","hostName":{"name":"VirtualWindows8"},"@type":"rdf:nodeID"},"@id":"http://example.org/logEntry#logEntry-370e8632-8725-4fcb-bbcc-9044d609c64d","accountName":"VirtualWindows8User","handleID":"0x1354","@context":"http://sepses.ifs.tuwien.ac.at/contexts/wineventlog.jsonld","version":1,"processID":"0x6ec","accesses":"%%4423\n\t\t\t\t","logMessage":"An attempt was made to access an object.\n\nSubject:\n\tSecurity ID:\t\tS-1-5-21-2361021202-3253521353-2316283985-1001\n\tAccount Name:\t\tVirtualWindows8User\n\tAccount Domain:\t\tVirtualWindows8\n\tLogon ID:\t\t0x108AF\n\nObject:\n\tObject Server:\t\tSecurity\n\tObject Type:\t\tFile\n\tObject Name:\t\tC:\\Users\\VirtualWindows8User\\UserDocuments\n\tHandle ID:\t\t0x1354\n\tResource Attributes:\tS:AI\n\nProcess Information:\n\tProcess ID:\t\t0x6ec\n\tProcess Name:\t\tC:\\Windows\\explorer.exe\n\nAccess Request Information:\n\tAccesses:\t\tReadAttributes\n\t\t\t\t\n\tAccess Mask:\t\t0x80","timestamp":"2018-10-03T10:08:33.295Z","resourceAttributes":"S:AI","eventID":4663,"level":"Information","keyword":["Audit Success"],"objectType":"File","objectName":"C:\\Users\\VirtualWindows8User\\UserDocuments","processName":"C:\\Windows\\explorer.exe","accountDomain":"VirtualWindows8","logonID":"0x108af","@type":"http://purl.org/sepses/vocab/log/wineventlog#WindowsEventLogEntry"}
{"source":"Microsoft-Windows-Security-Auditing","computerName":"VirtualWindows8","taskCategory":"File System","accessMask":"0x80","logName":"Security","@timestamp":"2018-10-03T10:08:33.295Z","objectServer":"Security","upCode":"Info","hasLogType":"wineventlog","originatesFrom":{"@id":"http://example.org/sepses#1e8e5ddd-16bf-472d-9452-52ee6c1dbb40","hostName":{"name":"VirtualWindows8"},"@type":"rdf:nodeID"},"@id":"http://example.org/logEntry#logEntry-a91aebef-2091-4adc-b364-f7b6fb8bd171","accountName":"VirtualWindows8User","handleID":"0x15c0","@context":"http://sepses.ifs.tuwien.ac.at/contexts/wineventlog.jsonld","version":1,"processID":"0x6ec","accesses":"%%4423\n\t\t\t\t","logMessage":"An attempt was made to access an object.\n\nSubject:\n\tSecurity ID:\t\tS-1-5-21-2361021202-3253521353-2316283985-1001\n\tAccount Name:\t\tVirtualWindows8User\n\tAccount Domain:\t\tVirtualWindows8\n\tLogon ID:\t\t0x108AF\n\nObject:\n\tObject Server:\t\tSecurity\n\tObject Type:\t\tFile\n\tObject Name:\t\tC:\\Users\\VirtualWindows8User\\UserDocuments\n\tHandle ID:\t\t0x15c0\n\tResource Attributes:\tS:AI\n\nProcess Information:\n\tProcess ID:\t\t0x6ec\n\tProcess Name:\t\tC:\\Windows\\explorer.exe\n\nAccess Request Information:\n\tAccesses:\t\tReadAttributes\n\t\t\t\t\n\tAccess Mask:\t\t0x80","timestamp":"2018-10-03T10:08:33.295Z","resourceAttributes":"S:AI","eventID":4663,"level":"Information","keyword":["Audit Success"],"objectType":"File","objectName":"C:\\Users\\VirtualWindows8User\\UserDocuments","processName":"C:\\Windows\\explorer.exe","accountDomain":"VirtualWindows8","logonID":"0x108af","@type":"http://purl.org/sepses/vocab/log/wineventlog#WindowsEventLogEntry"}
{"source":"Microsoft-Windows-Security-Auditing","computerName":"VirtualWindows8","taskCategory":"File System","accessMask":"0x80","logName":"Security","@timestamp":"2018-10-03T10:08:33.342Z","objectServer":"Security","upCode":"Info","hasLogType":"wineventlog","originatesFrom":{"@id":"http://example.org/sepses#0753d5ff-52de-445b-9a35-9d9dcd0da18e","hostName":{"name":"VirtualWindows8"},"@type":"rdf:nodeID"},"@id":"http://example.org/logEntry#logEntry-048f4bc7-1e78-4b03-8650-bfe3d34ad908","accountName":"VirtualWindows8User","handleID":"0x10bc","@context":"http://sepses.ifs.tuwien.ac.at/contexts/wineventlog.jsonld","version":1,"processID":"0xc9c","accesses":"%%4423\n\t\t\t\t","logMessage":"An attempt was made to access an object.\n\nSubject:\n\tSecurity ID:\t\tS-1-5-21-2361021202-3253521353-2316283985-1001\n\tAccount Name:\t\tVirtualWindows8User\n\tAccount Domain:\t\tVirtualWindows8\n\tLogon ID:\t\t0x108AF\n\nObject:\n\tObject Server:\t\tSecurity\n\tObject Type:\t\tFile\n\tObject Name:\t\tC:\\Users\\VirtualWindows8User\\Dropbox\n\tHandle ID:\t\t0x10bc\n\tResource Attributes:\tS:AI\n\nProcess Information:\n\tProcess ID:\t\t0xc9c\n\tProcess Name:\t\tC:\\Program Files (x86)\\Dropbox\\Client\\Dropbox.exe\n\nAccess Request Information:\n\tAccesses:\t\tReadAttributes\n\t\t\t\t\n\tAccess Mask:\t\t0x80","timestamp":"2018-10-03T10:08:33.342Z","resourceAttributes":"S:AI","eventID":4663,"level":"Information","keyword":["Audit Success"],"objectType":"File","objectName":"C:\\Users\\VirtualWindows8User\\Dropbox","processName":"C:\\Program Files (x86)\\Dropbox\\Client\\Dropbox.exe","accountDomain":"VirtualWindows8","logonID":"0x108af","@type":"http://purl.org/sepses/vocab/log/wineventlog#WindowsEventLogEntry"}
{"source":"Microsoft-Windows-Security-Auditing","computerName":"VirtualWindows8","taskCategory":"File System","accessMask":"0x80","logName":"Security","@timestamp":"2018-10-03T10:08:33.342Z","objectServer":"Security","upCode":"Info","hasLogType":"wineventlog","originatesFrom":{"@id":"http://example.org/sepses#372a6fcf-7f4d-4350-8b47-b173f31de60c","hostName":{"name":"VirtualWindows8"},"@type":"rdf:nodeID"},"@id":"http://example.org/logEntry#logEntry-9c291b3b-fc24-4a4b-b6f8-00e941c508ea","accountName":"VirtualWindows8User","handleID":"0x10bc","@context":"http://sepses.ifs.tuwien.ac.at/contexts/wineventlog.jsonld","version":1,"processID":"0xc9c","accesses":"%%4423\n\t\t\t\t","logMessage":"An attempt was made to access an object.\n\nSubject:\n\tSecurity ID:\t\tS-1-5-21-2361021202-3253521353-2316283985-1001\n\tAccount Name:\t\tVirtualWindows8User\n\tAccount Domain:\t\tVirtualWindows8\n\tLogon ID:\t\t0x108AF\n\nObject:\n\tObject Server:\t\tSecurity\n\tObject Type:\t\tFile\n\tObject Name:\t\tC:\\Users\\VirtualWindows8User\\Dropbox\n\tHandle ID:\t\t0x10bc\n\tResource Attributes:\tS:AI\n\nProcess Information:\n\tProcess ID:\t\t0xc9c\n\tProcess Name:\t\tC:\\Program Files (x86)\\Dropbox\\Client\\Dropbox.exe\n\nAccess Request Information:\n\tAccesses:\t\tReadAttributes\n\t\t\t\t\n\tAccess Mask:\t\t0x80","timestamp":"2018-10-03T10:08:33.342Z","resourceAttributes":"S:AI","eventID":4663,"level":"Information","keyword":["Audit Success"],"objectType":"File","objectName":"C:\\Users\\VirtualWindows8User\\Dropbox","processName":"C:\\Program Files (x86)\\Dropbox\\Client\\Dropbox.exe","accountDomain":"VirtualWindows8","logonID":"0x108af","@type":"http://purl.org/sepses/vocab/log/wineventlog#WindowsEventLogEntry"}
{"source":"Microsoft-Windows-Security-Auditing","computerName":"VirtualWindows8","taskCategory":"File System","accessMask":"0x80","logName":"Security","@timestamp":"2018-10-03T10:08:33.342Z","objectServer":"Security","upCode":"Info","hasLogType":"wineventlog","originatesFrom":{"@id":"http://example.org/sepses#da5d52ce-76ec-439a-8bfd-e4e45f5d4c41","hostName":{"name":"VirtualWindows8"},"@type":"rdf:nodeID"},"@id":"http://example.org/logEntry#logEntry-20868af1-8be4-48e3-a049-6d31f24d6879","accountName":"VirtualWindows8User","handleID":"0x10bc","@context":"http://sepses.ifs.tuwien.ac.at/contexts/wineventlog.jsonld","version":1,"processID":"0xc9c","accesses":"%%4423\n\t\t\t\t","logMessage":"An attempt was made to access an object.\n\nSubject:\n\tSecurity ID:\t\tS-1-5-21-2361021202-3253521353-2316283985-1001\n\tAccount Name:\t\tVirtualWindows8User\n\tAccount Domain:\t\tVirtualWindows8\n\tLogon ID:\t\t0x108AF\n\nObject:\n\tObject Server:\t\tSecurity\n\tObject Type:\t\tFile\n\tObject Name:\t\tC:\\Users\\VirtualWindows8User\\UserDocuments\n\tHandle ID:\t\t0x10bc\n\tResource Attributes:\tS:AI\n\nProcess Information:\n\tProcess ID:\t\t0xc9c\n\tProcess Name:\t\tC:\\Program Files (x86)\\Dropbox\\Client\\Dropbox.exe\n\nAccess Request Information:\n\tAccesses:\t\tReadAttributes\n\t\t\t\t\n\tAccess Mask:\t\t0x80","timestamp":"2018-10-03T10:08:33.342Z","resourceAttributes":"S:AI","eventID":4663,"level":"Information","keyword":["Audit Success"],"objectType":"File","objectName":"C:\\Users\\VirtualWindows8User\\UserDocuments","processName":"C:\\Program Files (x86)\\Dropbox\\Client\\Dropbox.exe","accountDomain":"VirtualWindows8","logonID":"0x108af","@type":"http://purl.org/sepses/vocab/log/wineventlog#WindowsEventLogEntry"}
{"source":"Microsoft-Windows-Security-Auditing","computerName":"VirtualWindows8","taskCategory":"File System","accessMask":"0x80","logName":"Security","@timestamp":"2018-10-03T10:08:33.342Z","objectServer":"Security","upCode":"Info","hasLogType":"wineventlog","originatesFrom":{"@id":"http://example.org/sepses#dc40f51e-7ca9-40c6-b442-b9b31e1a4614","hostName":{"name":"VirtualWindows8"},"@type":"rdf:nodeID"},"@id":"http://example.org/logEntry#logEntry-5557ce80-a550-4ca3-860f-35a51d7e2289","accountName":"VirtualWindows8User","handleID":"0x10bc","@context":"http://sepses.ifs.tuwien.ac.at/contexts/wineventlog.jsonld","version":1,"processID":"0xc9c","accesses":"%%4423\n\t\t\t\t","logMessage":"An attempt was made to access an object.\n\nSubject:\n\tSecurity ID:\t\tS-1-5-21-2361021202-3253521353-2316283985-1001\n\tAccount Name:\t\tVirtualWindows8User\n\tAccount Domain:\t\tVirtualWindows8\n\tLogon ID:\t\t0x108AF\n\nObject:\n\tObject Server:\t\tSecurity\n\tObject Type:\t\tFile\n\tObject Name:\t\tC:\\Users\\VirtualWindows8User\\UserDocuments\n\tHandle ID:\t\t0x10bc\n\tResource Attributes:\tS:AI\n\nProcess Information:\n\tProcess ID:\t\t0xc9c\n\tProcess Name:\t\tC:\\Program Files (x86)\\Dropbox\\Client\\Dropbox.exe\n\nAccess Request Information:\n\tAccesses:\t\tReadAttributes\n\t\t\t\t\n\tAccess Mask:\t\t0x80","timestamp":"2018-10-03T10:08:33.342Z","resourceAttributes":"S:AI","eventID":4663,"level":"Information","keyword":["Audit Success"],"objectType":"File","objectName":"C:\\Users\\VirtualWindows8User\\UserDocuments","processName":"C:\\Program Files (x86)\\Dropbox\\Client\\Dropbox.exe","accountDomain":"VirtualWindows8","logonID":"0x108af","@type":"http://purl.org/sepses/vocab/log/wineventlog#WindowsEventLogEntry"}
{"source":"Microsoft-Windows-Security-Auditing","computerName":"VirtualWindows8","taskCategory":"File System","accessMask":"0x80","logName":"Security","@timestamp":"2018-10-03T10:08:34.631Z","objectServer":"Security","upCode":"Info","hasLogType":"wineventlog","originatesFrom":{"@id":"http://example.org/sepses#e04b24ef-9d68-4908-a0f8-b1c69d38efca","hostName":{"name":"VirtualWindows8"},"@type":"rdf:nodeID"},"@id":"http://example.org/logEntry#logEntry-918f69c7-ed3c-472c-b851-ca3a40a50410","accountName":"VirtualWindows8User","handleID":"0x14f0","@context":"http://sepses.ifs.tuwien.ac.at/contexts/wineventlog.jsonld","version":1,"processID":"0x6ec","accesses":"%%4423\n\t\t\t\t","logMessage":"An attempt was made to access an object.\n\nSubject:\n\tSecurity ID:\t\tS-1-5-21-2361021202-3253521353-2316283985-1001\n\tAccount Name:\t\tVirtualWindows8User\n\tAccount Domain:\t\tVirtualWindows8\n\tLogon ID:\t\t0x108AF\n\nObject:\n\tObject Server:\t\tSecurity\n\tObject Type:\t\tFile\n\tObject Name:\t\tC:\\Users\\VirtualWindows8User\\UserDocuments\n\tHandle ID:\t\t0x14f0\n\tResource Attributes:\tS:AI\n\nProcess Information:\n\tProcess ID:\t\t0x6ec\n\tProcess Name:\t\tC:\\Windows\\explorer.exe\n\nAccess Request Information:\n\tAccesses:\t\tReadAttributes\n\t\t\t\t\n\tAccess Mask:\t\t0x80","timestamp":"2018-10-03T10:08:34.631Z","resourceAttributes":"S:AI","eventID":4663,"level":"Information","keyword":["Audit Success"],"objectType":"File","objectName":"C:\\Users\\VirtualWindows8User\\UserDocuments","processName":"C:\\Windows\\explorer.exe","accountDomain":"VirtualWindows8","logonID":"0x108af","@type":"http://purl.org/sepses/vocab/log/wineventlog#WindowsEventLogEntry"}
{"source":"Microsoft-Windows-Security-Auditing","computerName":"VirtualWindows8","taskCategory":"File System","accessMask":"0x80","logName":"Security","@timestamp":"2018-10-03T10:08:34.643Z","objectServer":"Security","upCode":"Info","hasLogType":"wineventlog","originatesFrom":{"@id":"http://example.org/sepses#62a82f44-6cac-4048-bfda-88e33fbd3c20","hostName":{"name":"VirtualWindows8"},"@type":"rdf:nodeID"},"@id":"http://example.org/logEntry#logEntry-93f23f5c-7c06-49c9-a0c7-1448e212b07a","accountName":"VirtualWindows8User","handleID":"0x1b64","@context":"http://sepses.ifs.tuwien.ac.at/contexts/wineventlog.jsonld","version":1,"processID":"0x6ec","accesses":"%%4423\n\t\t\t\t","logMessage":"An attempt was made to access an object.\n\nSubject:\n\tSecurity ID:\t\tS-1-5-21-2361021202-3253521353-2316283985-1001\n\tAccount Name:\t\tVirtualWindows8User\n\tAccount Domain:\t\tVirtualWindows8\n\tLogon ID:\t\t0x108AF\n\nObject:\n\tObject Server:\t\tSecurity\n\tObject Type:\t\tFile\n\tObject Name:\t\tC:\\Users\\VirtualWindows8User\\UserDocuments\n\tHandle ID:\t\t0x1b64\n\tResource Attributes:\tS:AI\n\nProcess Information:\n\tProcess ID:\t\t0x6ec\n\tProcess Name:\t\tC:\\Windows\\explorer.exe\n\nAccess Request Information:\n\tAccesses:\t\tReadAttributes\n\t\t\t\t\n\tAccess Mask:\t\t0x80","timestamp":"2018-10-03T10:08:34.643Z","resourceAttributes":"S:AI","eventID":4663,"level":"Information","keyword":["Audit Success"],"objectType":"File","objectName":"C:\\Users\\VirtualWindows8User\\UserDocuments","processName":"C:\\Windows\\explorer.exe","accountDomain":"VirtualWindows8","logonID":"0x108af","@type":"http://purl.org/sepses/vocab/log/wineventlog#WindowsEventLogEntry"}
{"source":"Microsoft-Windows-Security-Auditing","computerName":"VirtualWindows8","taskCategory":"File System","accessMask":"0x80","logName":"Security","@timestamp":"2018-10-03T10:08:34.647Z","objectServer":"Security","upCode":"Info","hasLogType":"wineventlog","originatesFrom":{"@id":"http://example.org/sepses#7362aa46-03f0-4db2-b5a5-afb8655835ce","hostName":{"name":"VirtualWindows8"},"@type":"rdf:nodeID"},"@id":"http://example.org/logEntry#logEntry-f1859c23-a1b8-458c-8182-3cb57d92b353","accountName":"VirtualWindows8User","handleID":"0x1f4c","@context":"http://sepses.ifs.tuwien.ac.at/contexts/wineventlog.jsonld","version":1,"processID":"0x6ec","accesses":"%%4423\n\t\t\t\t","logMessage":"An attempt was made to access an object.\n\nSubject:\n\tSecurity ID:\t\tS-1-5-21-2361021202-3253521353-2316283985-1001\n\tAccount Name:\t\tVirtualWindows8User\n\tAccount Domain:\t\tVirtualWindows8\n\tLogon ID:\t\t0x108AF\n\nObject:\n\tObject Server:\t\tSecurity\n\tObject Type:\t\tFile\n\tObject Name:\t\tC:\\Users\\VirtualWindows8User\\UserDocuments\n\tHandle ID:\t\t0x1f4c\n\tResource Attributes:\tS:AI\n\nProcess Information:\n\tProcess ID:\t\t0x6ec\n\tProcess Name:\t\tC:\\Windows\\explorer.exe\n\nAccess Request Information:\n\tAccesses:\t\tReadAttributes\n\t\t\t\t\n\tAccess Mask:\t\t0x80","timestamp":"2018-10-03T10:08:34.647Z","resourceAttributes":"S:AI","eventID":4663,"level":"Information","keyword":["Audit Success"],"objectType":"File","objectName":"C:\\Users\\VirtualWindows8User\\UserDocuments","processName":"C:\\Windows\\explorer.exe","accountDomain":"VirtualWindows8","logonID":"0x108af","@type":"http://purl.org/sepses/vocab/log/wineventlog#WindowsEventLogEntry"}
{"source":"Microsoft-Windows-Security-Auditing","computerName":"VirtualWindows8","taskCategory":"File System","accessMask":"0x80","logName":"Security","@timestamp":"2018-10-03T10:08:34.649Z","objectServer":"Security","upCode":"Info","hasLogType":"wineventlog","originatesFrom":{"@id":"http://example.org/sepses#3b9db284-f0d6-4a1d-84a5-306cfb5fdab7","hostName":{"name":"VirtualWindows8"},"@type":"rdf:nodeID"},"@id":"http://example.org/logEntry#logEntry-c82ce3ea-2406-429e-b831-b914c4cb9004","accountName":"VirtualWindows8User","handleID":"0x1f4c","@context":"http://sepses.ifs.tuwien.ac.at/contexts/wineventlog.jsonld","version":1,"processID":"0x6ec","accesses":"%%4423\n\t\t\t\t","logMessage":"An attempt was made to access an object.\n\nSubject:\n\tSecurity ID:\t\tS-1-5-21-2361021202-3253521353-2316283985-1001\n\tAccount Name:\t\tVirtualWindows8User\n\tAccount Domain:\t\tVirtualWindows8\n\tLogon ID:\t\t0x108AF\n\nObject:\n\tObject Server:\t\tSecurity\n\tObject Type:\t\tFile\n\tObject Name:\t\tC:\\Users\\VirtualWindows8User\\UserDocuments\n\tHandle ID:\t\t0x1f4c\n\tResource Attributes:\tS:AI\n\nProcess Information:\n\tProcess ID:\t\t0x6ec\n\tProcess Name:\t\tC:\\Windows\\explorer.exe\n\nAccess Request Information:\n\tAccesses:\t\tReadAttributes\n\t\t\t\t\n\tAccess Mask:\t\t0x80","timestamp":"2018-10-03T10:08:34.649Z","resourceAttributes":"S:AI","eventID":4663,"level":"Information","keyword":["Audit Success"],"objectType":"File","objectName":"C:\\Users\\VirtualWindows8User\\UserDocuments","processName":"C:\\Windows\\explorer.exe","accountDomain":"VirtualWindows8","logonID":"0x108af","@type":"http://purl.org/sepses/vocab/log/wineventlog#WindowsEventLogEntry"}
{"source":"Microsoft-Windows-Security-Auditing","computerName":"VirtualWindows8","taskCategory":"File System","accessMask":"0x80","logName":"Security","@timestamp":"2018-10-03T10:08:36.586Z","objectServer":"Security","upCode":"Info","hasLogType":"wineventlog","originatesFrom":{"@id":"http://example.org/sepses#c429e806-d976-45d9-a52c-5e96f850e15a","hostName":{"name":"VirtualWindows8"},"@type":"rdf:nodeID"},"@id":"http://example.org/logEntry#logEntry-07f64fe5-9e9a-4d2e-b8ea-766c0eb62911","accountName":"VirtualWindows8User","handleID":"0x1dc8","@context":"http://sepses.ifs.tuwien.ac.at/contexts/wineventlog.jsonld","version":1,"processID":"0xc9c","accesses":"%%4423\n\t\t\t\t","logMessage":"An attempt was made to access an object.\n\nSubject:\n\tSecurity ID:\t\tS-1-5-21-2361021202-3253521353-2316283985-1001\n\tAccount Name:\t\tVirtualWindows8User\n\tAccount Domain:\t\tVirtualWindows8\n\tLogon ID:\t\t0x108AF\n\nObject:\n\tObject Server:\t\tSecurity\n\tObject Type:\t\tFile\n\tObject Name:\t\tC:\\Users\\VirtualWindows8User\\Dropbox\n\tHandle ID:\t\t0x1dc8\n\tResource Attributes:\tS:AI\n\nProcess Information:\n\tProcess ID:\t\t0xc9c\n\tProcess Name:\t\tC:\\Program Files (x86)\\Dropbox\\Client\\Dropbox.exe\n\nAccess Request Information:\n\tAccesses:\t\tReadAttributes\n\t\t\t\t\n\tAccess Mask:\t\t0x80","timestamp":"2018-10-03T10:08:36.586Z","resourceAttributes":"S:AI","eventID":4663,"level":"Information","keyword":["Audit Success"],"objectType":"File","objectName":"C:\\Users\\VirtualWindows8User\\Dropbox","processName":"C:\\Program Files (x86)\\Dropbox\\Client\\Dropbox.exe","accountDomain":"VirtualWindows8","logonID":"0x108af","@type":"http://purl.org/sepses/vocab/log/wineventlog#WindowsEventLogEntry"}
{"source":"Microsoft-Windows-Security-Auditing","computerName":"VirtualWindows8","taskCategory":"File System","accessMask":"0x80","logName":"Security","@timestamp":"2018-10-03T10:08:36.591Z","objectServer":"Security","upCode":"Info","hasLogType":"wineventlog","originatesFrom":{"@id":"http://example.org/sepses#3bff1fda-e08f-4edd-aa2f-f90f6b8527d4","hostName":{"name":"VirtualWindows8"},"@type":"rdf:nodeID"},"@id":"http://example.org/logEntry#logEntry-5e46d2d8-f5c5-4d03-8432-4c087a398e0d","accountName":"VirtualWindows8User","handleID":"0x1dc8","@context":"http://sepses.ifs.tuwien.ac.at/contexts/wineventlog.jsonld","version":1,"processID":"0xc9c","accesses":"%%4423\n\t\t\t\t","logMessage":"An attempt was made to access an object.\n\nSubject:\n\tSecurity ID:\t\tS-1-5-21-2361021202-3253521353-2316283985-1001\n\tAccount Name:\t\tVirtualWindows8User\n\tAccount Domain:\t\tVirtualWindows8\n\tLogon ID:\t\t0x108AF\n\nObject:\n\tObject Server:\t\tSecurity\n\tObject Type:\t\tFile\n\tObject Name:\t\tC:\\Users\\VirtualWindows8User\\Dropbox\n\tHandle ID:\t\t0x1dc8\n\tResource Attributes:\tS:AI\n\nProcess Information:\n\tProcess ID:\t\t0xc9c\n\tProcess Name:\t\tC:\\Program Files (x86)\\Dropbox\\Client\\Dropbox.exe\n\nAccess Request Information:\n\tAccesses:\t\tReadAttributes\n\t\t\t\t\n\tAccess Mask:\t\t0x80","timestamp":"2018-10-03T10:08:36.591Z","resourceAttributes":"S:AI","eventID":4663,"level":"Information","keyword":["Audit Success"],"objectType":"File","objectName":"C:\\Users\\VirtualWindows8User\\Dropbox","processName":"C:\\Program Files (x86)\\Dropbox\\Client\\Dropbox.exe","accountDomain":"VirtualWindows8","logonID":"0x108af","@type":"http://purl.org/sepses/vocab/log/wineventlog#WindowsEventLogEntry"}
{"source":"Microsoft-Windows-Security-Auditing","computerName":"VirtualWindows8","taskCategory":"File System","accessMask":"0x80","logName":"Security","@timestamp":"2018-10-03T10:08:36.591Z","objectServer":"Security","upCode":"Info","hasLogType":"wineventlog","originatesFrom":{"@id":"http://example.org/sepses#c9264d87-af47-4ad5-9b78-b9cbc0d3008b","hostName":{"name":"VirtualWindows8"},"@type":"rdf:nodeID"},"@id":"http://example.org/logEntry#logEntry-e502d7ee-3b50-4837-8944-bc9704fa19e3","accountName":"VirtualWindows8User","handleID":"0x1dc8","@context":"http://sepses.ifs.tuwien.ac.at/contexts/wineventlog.jsonld","version":1,"processID":"0xc9c","accesses":"%%4423\n\t\t\t\t","logMessage":"An attempt was made to access an object.\n\nSubject:\n\tSecurity ID:\t\tS-1-5-21-2361021202-3253521353-2316283985-1001\n\tAccount Name:\t\tVirtualWindows8User\n\tAccount Domain:\t\tVirtualWindows8\n\tLogon ID:\t\t0x108AF\n\nObject:\n\tObject Server:\t\tSecurity\n\tObject Type:\t\tFile\n\tObject Name:\t\tC:\\Users\\VirtualWindows8User\\UserDocuments\n\tHandle ID:\t\t0x1dc8\n\tResource Attributes:\tS:AI\n\nProcess Information:\n\tProcess ID:\t\t0xc9c\n\tProcess Name:\t\tC:\\Program Files (x86)\\Dropbox\\Client\\Dropbox.exe\n\nAccess Request Information:\n\tAccesses:\t\tReadAttributes\n\t\t\t\t\n\tAccess Mask:\t\t0x80","timestamp":"2018-10-03T10:08:36.591Z","resourceAttributes":"S:AI","eventID":4663,"level":"Information","keyword":["Audit Success"],"objectType":"File","objectName":"C:\\Users\\VirtualWindows8User\\UserDocuments","processName":"C:\\Program Files (x86)\\Dropbox\\Client\\Dropbox.exe","accountDomain":"VirtualWindows8","logonID":"0x108af","@type":"http://purl.org/sepses/vocab/log/wineventlog#WindowsEventLogEntry"}
{"source":"Microsoft-Windows-Security-Auditing","computerName":"VirtualWindows8","taskCategory":"File System","accessMask":"0x80","logName":"Security","@timestamp":"2018-10-03T10:08:36.591Z","objectServer":"Security","upCode":"Info","hasLogType":"wineventlog","originatesFrom":{"@id":"http://example.org/sepses#6366f9df-058e-4819-8627-18b7ebe17dd7","hostName":{"name":"VirtualWindows8"},"@type":"rdf:nodeID"},"@id":"http://example.org/logEntry#logEntry-1ab6f424-f1c7-4b32-bc07-dae439be3a17","accountName":"VirtualWindows8User","handleID":"0x1dc8","@context":"http://sepses.ifs.tuwien.ac.at/contexts/wineventlog.jsonld","version":1,"processID":"0xc9c","accesses":"%%4423\n\t\t\t\t","logMessage":"An attempt was made to access an object.\n\nSubject:\n\tSecurity ID:\t\tS-1-5-21-2361021202-3253521353-2316283985-1001\n\tAccount Name:\t\tVirtualWindows8User\n\tAccount Domain:\t\tVirtualWindows8\n\tLogon ID:\t\t0x108AF\n\nObject:\n\tObject Server:\t\tSecurity\n\tObject Type:\t\tFile\n\tObject Name:\t\tC:\\Users\\VirtualWindows8User\\UserDocuments\n\tHandle ID:\t\t0x1dc8\n\tResource Attributes:\tS:AI\n\nProcess Information:\n\tProcess ID:\t\t0xc9c\n\tProcess Name:\t\tC:\\Program Files (x86)\\Dropbox\\Client\\Dropbox.exe\n\nAccess Request Information:\n\tAccesses:\t\tReadAttributes\n\t\t\t\t\n\tAccess Mask:\t\t0x80","timestamp":"2018-10-03T10:08:36.591Z","resourceAttributes":"S:AI","eventID":4663,"level":"Information","keyword":["Audit Success"],"objectType":"File","objectName":"C:\\Users\\VirtualWindows8User\\UserDocuments","processName":"C:\\Program Files (x86)\\Dropbox\\Client\\Dropbox.exe","accountDomain":"VirtualWindows8","logonID":"0x108af","@type":"http://purl.org/sepses/vocab/log/wineventlog#WindowsEventLogEntry"}
