  {"handleID":"0x1c24","computerName":"VirtualWindows8","logonID":"0xb74d","processName":"C:\\Program Files (x86)\\Dropbox\\Client\\Dropbox.exe","eventID":4656,"level":"Information","originatesFrom":{"hostName":{"name":"VirtualWindows8"},"@type":"rdf:nodeID","@id":"http://example.org/sepses#c4ecca93-f356-44c6-8e9d-36000ab5afd8"},"@type":"http://purl.org/sepses/vocab/log/wineventlog#WindowsEventLogEntry","logName":"Security","@context":"http://sepses.ifs.tuwien.ac.at/contexts/wineventlog.jsonld","hasLogType":"wineventlog","source":"Microsoft-Windows-Security-Auditing","resourceAttributes":"-","objectType":"File","objectName":"C:\\Users\\VirtualWindows8User\\Dropbox","logMessage":"A handle to an object was requested.\n\nSubject:\n\tSecurity ID:\t\tS-1-5-21-2361021202-3253521353-2316283985-1001\n\tAccount Name:\t\tVirtualWindows8User\n\tAccount Domain:\t\tVirtualWindows8\n\tLogon ID:\t\t0xB74D\n\nObject:\n\tObject Server:\t\tSecurity\n\tObject Type:\t\tFile\n\tObject Name:\t\tC:\\Users\\VirtualWindows8User\\Dropbox\n\tHandle ID:\t\t0x1c24\n\tResource Attributes:\t-\n\nProcess Information:\n\tProcess ID:\t\t0xbfc\n\tProcess Name:\t\tC:\\Program Files (x86)\\Dropbox\\Client\\Dropbox.exe\n\nAccess Request Information:\n\tTransaction ID:\t\t{00000000-0000-0000-0000-000000000000}\n\tAccesses:\t\tSYNCHRONIZE\n\t\t\t\tReadAttributes\n\t\t\t\t\n\tAccess Reasons:\t\tSYNCHRONIZE:\tGranted by\tD:(A;OICI;FA;;;S-1-5-21-2361021202-3253521353-2316283985-1001)\n\t\t\t\tReadAttributes:\tGranted by\tD:(A;OICI;FA;;;S-1-5-21-2361021202-3253521353-2316283985-1001)\n\t\t\t\t\n\tAccess Mask:\t\t0x100080\n\tPrivileges Used for Access Check:\t-\n\tRestricted SID Count:\t0","timestamp":"2018-08-22T13:34:59.983Z","accesses":"%%1541\n\t\t\t\t%%4423\n\t\t\t\t","accountDomain":"VirtualWindows8","keyword":["Audit Success"],"@id":"http://example.org/logEntry#logEntry-aaef204d-51f7-4a64-815a-db50b7662f43","processID":"0xbfc","accountName":"VirtualWindows8User","version":1,"taskCategory":"File System","upCode":"Info","accessMask":"0x100080","@timestamp":"2018-08-22T13:34:59.983Z","objectServer":"Security"},
  {"handleID":"0x1c24","computerName":"VirtualWindows8","logonID":"0xb74d","processName":"C:\\Program Files (x86)\\Dropbox\\Client\\Dropbox.exe","eventID":4656,"level":"Information","originatesFrom":{"hostName":{"name":"VirtualWindows8"},"@type":"rdf:nodeID","@id":"http://example.org/sepses#72fac7ca-fc40-4051-b708-9f39409cc94b"},"@type":"http://purl.org/sepses/vocab/log/wineventlog#WindowsEventLogEntry","logName":"Security","@context":"http://sepses.ifs.tuwien.ac.at/contexts/wineventlog.jsonld","hasLogType":"wineventlog","source":"Microsoft-Windows-Security-Auditing","resourceAttributes":"-","objectType":"File","objectName":"C:\\Users\\VirtualWindows8User\\Dropbox\\New Text Document.txt","logMessage":"A handle to an object was requested.\n\nSubject:\n\tSecurity ID:\t\tS-1-5-21-2361021202-3253521353-2316283985-1001\n\tAccount Name:\t\tVirtualWindows8User\n\tAccount Domain:\t\tVirtualWindows8\n\tLogon ID:\t\t0xB74D\n\nObject:\n\tObject Server:\t\tSecurity\n\tObject Type:\t\tFile\n\tObject Name:\t\tC:\\Users\\VirtualWindows8User\\Dropbox\\New Text Document.txt\n\tHandle ID:\t\t0x1c24\n\tResource Attributes:\t-\n\nProcess Information:\n\tProcess ID:\t\t0xbfc\n\tProcess Name:\t\tC:\\Program Files (x86)\\Dropbox\\Client\\Dropbox.exe\n\nAccess Request Information:\n\tTransaction ID:\t\t{00000000-0000-0000-0000-000000000000}\n\tAccesses:\t\tSYNCHRONIZE\n\t\t\t\tReadAttributes\n\t\t\t\t\n\tAccess Reasons:\t\tSYNCHRONIZE:\tGranted by\tD:(A;;FA;;;S-1-5-21-2361021202-3253521353-2316283985-1001)\n\t\t\t\tReadAttributes:\tGranted by\tD:(A;;FA;;;S-1-5-21-2361021202-3253521353-2316283985-1001)\n\t\t\t\t\n\tAccess Mask:\t\t0x100080\n\tPrivileges Used for Access Check:\t-\n\tRestricted SID Count:\t0","timestamp":"2018-08-22T13:34:59.983Z","accesses":"%%1541\n\t\t\t\t%%4423\n\t\t\t\t","accountDomain":"VirtualWindows8","keyword":["Audit Success"],"@id":"http://example.org/logEntry#logEntry-0aa251d2-7918-46be-858b-b62a6f5796dc","processID":"0xbfc","accountName":"VirtualWindows8User","version":1,"taskCategory":"File System","upCode":"Info","accessMask":"0x100080","@timestamp":"2018-08-22T13:34:59.983Z","objectServer":"Security"},
  {"handleID":"0x1c24","computerName":"VirtualWindows8","logonID":"0xb74d","processName":"C:\\Program Files (x86)\\Dropbox\\Client\\Dropbox.exe","eventID":4663,"level":"Information","originatesFrom":{"hostName":{"name":"VirtualWindows8"},"@type":"rdf:nodeID","@id":"http://example.org/sepses#9ca9747b-cb50-4389-a062-d35bebdfa04f"},"@type":"http://purl.org/sepses/vocab/log/wineventlog#WindowsEventLogEntry","logName":"Security","@context":"http://sepses.ifs.tuwien.ac.at/contexts/wineventlog.jsonld","hasLogType":"wineventlog","source":"Microsoft-Windows-Security-Auditing","resourceAttributes":"S:AI","objectType":"File","objectName":"C:\\Users\\VirtualWindows8User\\Dropbox\\New Text Document.txt","logMessage":"An attempt was made to access an object.\n\nSubject:\n\tSecurity ID:\t\tS-1-5-21-2361021202-3253521353-2316283985-1001\n\tAccount Name:\t\tVirtualWindows8User\n\tAccount Domain:\t\tVirtualWindows8\n\tLogon ID:\t\t0xB74D\n\nObject:\n\tObject Server:\t\tSecurity\n\tObject Type:\t\tFile\n\tObject Name:\t\tC:\\Users\\VirtualWindows8User\\Dropbox\\New Text Document.txt\n\tHandle ID:\t\t0x1c24\n\tResource Attributes:\tS:AI\n\nProcess Information:\n\tProcess ID:\t\t0xbfc\n\tProcess Name:\t\tC:\\Program Files (x86)\\Dropbox\\Client\\Dropbox.exe\n\nAccess Request Information:\n\tAccesses:\t\tReadAttributes\n\t\t\t\t\n\tAccess Mask:\t\t0x80","timestamp":"2018-08-22T13:34:59.983Z","accesses":"%%4423\n\t\t\t\t","accountDomain":"VirtualWindows8","keyword":["Audit Success"],"@id":"http://example.org/logEntry#logEntry-595407ea-04a1-475a-af5b-1aab8e5e2096","processID":"0xbfc","accountName":"VirtualWindows8User","version":1,"taskCategory":"File System","upCode":"Info","accessMask":"0x80","@timestamp":"2018-08-22T13:34:59.983Z","objectServer":"Security"},
  {"handleID":"0x1bd4","computerName":"VirtualWindows8","logonID":"0xb74d","processName":"C:\\Program Files (x86)\\Dropbox\\Client\\Dropbox.exe","eventID":4656,"level":"Information","originatesFrom":{"hostName":{"name":"VirtualWindows8"},"@type":"rdf:nodeID","@id":"http://example.org/sepses#6bd96578-f032-4df9-993c-cec60d61c7a8"},"@type":"http://purl.org/sepses/vocab/log/wineventlog#WindowsEventLogEntry","logName":"Security","@context":"http://sepses.ifs.tuwien.ac.at/contexts/wineventlog.jsonld","hasLogType":"wineventlog","source":"Microsoft-Windows-Security-Auditing","resourceAttributes":"-","objectType":"File","objectName":"C:\\Users\\VirtualWindows8User\\Dropbox\\New Text Document.txt","logMessage":"A handle to an object was requested.\n\nSubject:\n\tSecurity ID:\t\tS-1-5-21-2361021202-3253521353-2316283985-1001\n\tAccount Name:\t\tVirtualWindows8User\n\tAccount Domain:\t\tVirtualWindows8\n\tLogon ID:\t\t0xB74D\n\nObject:\n\tObject Server:\t\tSecurity\n\tObject Type:\t\tFile\n\tObject Name:\t\tC:\\Users\\VirtualWindows8User\\Dropbox\\New Text Document.txt\n\tHandle ID:\t\t0x1bd4\n\tResource Attributes:\t-\n\nProcess Information:\n\tProcess ID:\t\t0xbfc\n\tProcess Name:\t\tC:\\Program Files (x86)\\Dropbox\\Client\\Dropbox.exe\n\nAccess Request Information:\n\tTransaction ID:\t\t{00000000-0000-0000-0000-000000000000}\n\tAccesses:\t\tSYNCHRONIZE\n\t\t\t\tReadAttributes\n\t\t\t\t\n\tAccess Reasons:\t\tSYNCHRONIZE:\tGranted by\tD:(A;;FA;;;S-1-5-21-2361021202-3253521353-2316283985-1001)\n\t\t\t\tReadAttributes:\tGranted by\tD:(A;;FA;;;S-1-5-21-2361021202-3253521353-2316283985-1001)\n\t\t\t\t\n\tAccess Mask:\t\t0x100080\n\tPrivileges Used for Access Check:\t-\n\tRestricted SID Count:\t0","timestamp":"2018-08-22T13:34:59.999Z","accesses":"%%1541\n\t\t\t\t%%4423\n\t\t\t\t","accountDomain":"VirtualWindows8","keyword":["Audit Success"],"@id":"http://example.org/logEntry#logEntry-43e671dd-22c4-43d7-810c-d19ccd1218d5","processID":"0xbfc","accountName":"VirtualWindows8User","version":1,"taskCategory":"File System","upCode":"Info","accessMask":"0x100080","@timestamp":"2018-08-22T13:34:59.999Z","objectServer":"Security"},
  {"handleID":"0x1bd4","computerName":"VirtualWindows8","logonID":"0xb74d","processName":"C:\\Program Files (x86)\\Dropbox\\Client\\Dropbox.exe","eventID":4663,"level":"Information","originatesFrom":{"hostName":{"name":"VirtualWindows8"},"@type":"rdf:nodeID","@id":"http://example.org/sepses#5b10a658-22e0-4eaa-832d-585c3448e914"},"@type":"http://purl.org/sepses/vocab/log/wineventlog#WindowsEventLogEntry","logName":"Security","@context":"http://sepses.ifs.tuwien.ac.at/contexts/wineventlog.jsonld","hasLogType":"wineventlog","source":"Microsoft-Windows-Security-Auditing","resourceAttributes":"S:AI","objectType":"File","objectName":"C:\\Users\\VirtualWindows8User\\Dropbox\\New Text Document.txt","logMessage":"An attempt was made to access an object.\n\nSubject:\n\tSecurity ID:\t\tS-1-5-21-2361021202-3253521353-2316283985-1001\n\tAccount Name:\t\tVirtualWindows8User\n\tAccount Domain:\t\tVirtualWindows8\n\tLogon ID:\t\t0xB74D\n\nObject:\n\tObject Server:\t\tSecurity\n\tObject Type:\t\tFile\n\tObject Name:\t\tC:\\Users\\VirtualWindows8User\\Dropbox\\New Text Document.txt\n\tHandle ID:\t\t0x1bd4\n\tResource Attributes:\tS:AI\n\nProcess Information:\n\tProcess ID:\t\t0xbfc\n\tProcess Name:\t\tC:\\Program Files (x86)\\Dropbox\\Client\\Dropbox.exe\n\nAccess Request Information:\n\tAccesses:\t\tReadAttributes\n\t\t\t\t\n\tAccess Mask:\t\t0x80","timestamp":"2018-08-22T13:34:59.999Z","accesses":"%%4423\n\t\t\t\t","accountDomain":"VirtualWindows8","keyword":["Audit Success"],"@id":"http://example.org/logEntry#logEntry-251d11fc-ded3-4298-88cc-40283285ba2a","processID":"0xbfc","accountName":"VirtualWindows8User","version":1,"taskCategory":"File System","upCode":"Info","accessMask":"0x80","@timestamp":"2018-08-22T13:34:59.999Z","objectServer":"Security"},
  {"handleID":"0x1bd4","computerName":"VirtualWindows8","logonID":"0xb74d","processName":"C:\\Program Files (x86)\\Dropbox\\Client\\Dropbox.exe","eventID":4656,"level":"Information","originatesFrom":{"hostName":{"name":"VirtualWindows8"},"@type":"rdf:nodeID","@id":"http://example.org/sepses#3f355cdf-76d0-40f1-bc03-e36ccf258959"},"@type":"http://purl.org/sepses/vocab/log/wineventlog#WindowsEventLogEntry","logName":"Security","@context":"http://sepses.ifs.tuwien.ac.at/contexts/wineventlog.jsonld","hasLogType":"wineventlog","source":"Microsoft-Windows-Security-Auditing","resourceAttributes":"-","objectType":"File","objectName":"C:\\Users\\VirtualWindows8User\\Dropbox\\New Text Document.txt","logMessage":"A handle to an object was requested.\n\nSubject:\n\tSecurity ID:\t\tS-1-5-21-2361021202-3253521353-2316283985-1001\n\tAccount Name:\t\tVirtualWindows8User\n\tAccount Domain:\t\tVirtualWindows8\n\tLogon ID:\t\t0xB74D\n\nObject:\n\tObject Server:\t\tSecurity\n\tObject Type:\t\tFile\n\tObject Name:\t\tC:\\Users\\VirtualWindows8User\\Dropbox\\New Text Document.txt\n\tHandle ID:\t\t0x1bd4\n\tResource Attributes:\t-\n\nProcess Information:\n\tProcess ID:\t\t0xbfc\n\tProcess Name:\t\tC:\\Program Files (x86)\\Dropbox\\Client\\Dropbox.exe\n\nAccess Request Information:\n\tTransaction ID:\t\t{00000000-0000-0000-0000-000000000000}\n\tAccesses:\t\tREAD_CONTROL\n\t\t\t\tReadAttributes\n\t\t\t\t\n\tAccess Reasons:\t\tREAD_CONTROL:\tGranted by Ownership\n\t\t\t\tReadAttributes:\tGranted by\tD:(A;;FA;;;S-1-5-21-2361021202-3253521353-2316283985-1001)\n\t\t\t\t\n\tAccess Mask:\t\t0x20080\n\tPrivileges Used for Access Check:\t-\n\tRestricted SID Count:\t0","timestamp":"2018-08-22T13:34:59.999Z","accesses":"%%1538\n\t\t\t\t%%4423\n\t\t\t\t","accountDomain":"VirtualWindows8","keyword":["Audit Success"],"@id":"http://example.org/logEntry#logEntry-eaeb354a-ec48-4973-8a8c-895a3b1caf71","processID":"0xbfc","accountName":"VirtualWindows8User","version":1,"taskCategory":"File System","upCode":"Info","accessMask":"0x20080","@timestamp":"2018-08-22T13:34:59.999Z","objectServer":"Security"},
  {"handleID":"0x1cb4","computerName":"VirtualWindows8","logonID":"0xb74d","processName":"C:\\Program Files (x86)\\Dropbox\\Client\\Dropbox.exe","eventID":4656,"level":"Information","originatesFrom":{"hostName":{"name":"VirtualWindows8"},"@type":"rdf:nodeID","@id":"http://example.org/sepses#fcc6247b-a826-4c80-9015-b5d095f70301"},"@type":"http://purl.org/sepses/vocab/log/wineventlog#WindowsEventLogEntry","logName":"Security","@context":"http://sepses.ifs.tuwien.ac.at/contexts/wineventlog.jsonld","hasLogType":"wineventlog","source":"Microsoft-Windows-Security-Auditing","resourceAttributes":"-","objectType":"File","objectName":"C:\\Users\\VirtualWindows8User\\Dropbox\\New Text Document.txt","logMessage":"A handle to an object was requested.\n\nSubject:\n\tSecurity ID:\t\tS-1-5-21-2361021202-3253521353-2316283985-1001\n\tAccount Name:\t\tVirtualWindows8User\n\tAccount Domain:\t\tVirtualWindows8\n\tLogon ID:\t\t0xB74D\n\nObject:\n\tObject Server:\t\tSecurity\n\tObject Type:\t\tFile\n\tObject Name:\t\tC:\\Users\\VirtualWindows8User\\Dropbox\\New Text Document.txt\n\tHandle ID:\t\t0x1cb4\n\tResource Attributes:\t-\n\nProcess Information:\n\tProcess ID:\t\t0xbfc\n\tProcess Name:\t\tC:\\Program Files (x86)\\Dropbox\\Client\\Dropbox.exe\n\nAccess Request Information:\n\tTransaction ID:\t\t{00000000-0000-0000-0000-000000000000}\n\tAccesses:\t\tREAD_CONTROL\n\t\t\t\tReadAttributes\n\t\t\t\t\n\tAccess Reasons:\t\tREAD_CONTROL:\tGranted by Ownership\n\t\t\t\tReadAttributes:\tGranted by\tD:(A;;FA;;;S-1-5-21-2361021202-3253521353-2316283985-1001)\n\t\t\t\t\n\tAccess Mask:\t\t0x20080\n\tPrivileges Used for Access Check:\t-\n\tRestricted SID Count:\t0","timestamp":"2018-08-22T13:35:00.015Z","accesses":"%%1538\n\t\t\t\t%%4423\n\t\t\t\t","accountDomain":"VirtualWindows8","keyword":["Audit Success"],"@id":"http://example.org/logEntry#logEntry-594a215f-2b63-44f4-a276-bf7ebec0360d","processID":"0xbfc","accountName":"VirtualWindows8User","version":1,"taskCategory":"File System","upCode":"Info","accessMask":"0x20080","@timestamp":"2018-08-22T13:35:00.015Z","objectServer":"Security"},
  {"handleID":"0x8a4","computerName":"VirtualWindows8","logonID":"0xb74d","processName":"C:\\Program Files (x86)\\Dropbox\\Client\\Dropbox.exe","eventID":4656,"level":"Information","originatesFrom":{"hostName":{"name":"VirtualWindows8"},"@type":"rdf:nodeID","@id":"http://example.org/sepses#6674375a-e2b4-4eb0-b402-2b0995ae57f1"},"@type":"http://purl.org/sepses/vocab/log/wineventlog#WindowsEventLogEntry","logName":"Security","@context":"http://sepses.ifs.tuwien.ac.at/contexts/wineventlog.jsonld","hasLogType":"wineventlog","source":"Microsoft-Windows-Security-Auditing","resourceAttributes":"-","objectType":"File","objectName":"C:\\Users\\VirtualWindows8User\\Dropbox\\New Text Document.txt","logMessage":"A handle to an object was requested.\n\nSubject:\n\tSecurity ID:\t\tS-1-5-21-2361021202-3253521353-2316283985-1001\n\tAccount Name:\t\tVirtualWindows8User\n\tAccount Domain:\t\tVirtualWindows8\n\tLogon ID:\t\t0xB74D\n\nObject:\n\tObject Server:\t\tSecurity\n\tObject Type:\t\tFile\n\tObject Name:\t\tC:\\Users\\VirtualWindows8User\\Dropbox\\New Text Document.txt\n\tHandle ID:\t\t0x8a4\n\tResource Attributes:\t-\n\nProcess Information:\n\tProcess ID:\t\t0xbfc\n\tProcess Name:\t\tC:\\Program Files (x86)\\Dropbox\\Client\\Dropbox.exe\n\nAccess Request Information:\n\tTransaction ID:\t\t{00000000-0000-0000-0000-000000000000}\n\tAccesses:\t\tREAD_CONTROL\n\t\t\t\tReadAttributes\n\t\t\t\t\n\tAccess Reasons:\t\tREAD_CONTROL:\tGranted by Ownership\n\t\t\t\tReadAttributes:\tGranted by\tD:(A;;FA;;;S-1-5-21-2361021202-3253521353-2316283985-1001)\n\t\t\t\t\n\tAccess Mask:\t\t0x20080\n\tPrivileges Used for Access Check:\t-\n\tRestricted SID Count:\t0","timestamp":"2018-08-22T13:35:00.015Z","accesses":"%%1538\n\t\t\t\t%%4423\n\t\t\t\t","accountDomain":"VirtualWindows8","keyword":["Audit Success"],"@id":"http://example.org/logEntry#logEntry-25ba41d0-4166-42ad-ae70-e376197f1e4c","processID":"0xbfc","accountName":"VirtualWindows8User","version":1,"taskCategory":"File System","upCode":"Info","accessMask":"0x20080","@timestamp":"2018-08-22T13:35:00.015Z","objectServer":"Security"},
  {"handleID":"0x1cb0","computerName":"VirtualWindows8","logonID":"0xb74d","processName":"C:\\Windows\\explorer.exe","eventID":4656,"level":"Information","originatesFrom":{"hostName":{"name":"VirtualWindows8"},"@type":"rdf:nodeID","@id":"http://example.org/sepses#3863cb7f-666a-446b-a1f2-fd0ee6480d3b"},"@type":"http://purl.org/sepses/vocab/log/wineventlog#WindowsEventLogEntry","logName":"Security","@context":"http://sepses.ifs.tuwien.ac.at/contexts/wineventlog.jsonld","hasLogType":"wineventlog","source":"Microsoft-Windows-Security-Auditing","resourceAttributes":"-","objectType":"File","objectName":"C:\\Users\\VirtualWindows8User\\Dropbox","logMessage":"A handle to an object was requested.\n\nSubject:\n\tSecurity ID:\t\tS-1-5-21-2361021202-3253521353-2316283985-1001\n\tAccount Name:\t\tVirtualWindows8User\n\tAccount Domain:\t\tVirtualWindows8\n\tLogon ID:\t\t0xB74D\n\nObject:\n\tObject Server:\t\tSecurity\n\tObject Type:\t\tFile\n\tObject Name:\t\tC:\\Users\\VirtualWindows8User\\Dropbox\n\tHandle ID:\t\t0x1cb0\n\tResource Attributes:\t-\n\nProcess Information:\n\tProcess ID:\t\t0x3ec\n\tProcess Name:\t\tC:\\Windows\\explorer.exe\n\nAccess Request Information:\n\tTransaction ID:\t\t{00000000-0000-0000-0000-000000000000}\n\tAccesses:\t\tSYNCHRONIZE\n\t\t\t\tReadAttributes\n\t\t\t\t\n\tAccess Reasons:\t\tSYNCHRONIZE:\tGranted by\tD:(A;OICI;FA;;;S-1-5-21-2361021202-3253521353-2316283985-1001)\n\t\t\t\tReadAttributes:\tGranted by\tD:(A;OICI;FA;;;S-1-5-21-2361021202-3253521353-2316283985-1001)\n\t\t\t\t\n\tAccess Mask:\t\t0x100080\n\tPrivileges Used for Access Check:\t-\n\tRestricted SID Count:\t0","timestamp":"2018-08-22T13:35:00.031Z","accesses":"%%1541\n\t\t\t\t%%4423\n\t\t\t\t","accountDomain":"VirtualWindows8","keyword":["Audit Success"],"@id":"http://example.org/logEntry#logEntry-c986b617-1983-4b6e-9192-d1f59aef01d0","processID":"0x3ec","accountName":"VirtualWindows8User","version":1,"taskCategory":"File System","upCode":"Info","accessMask":"0x100080","@timestamp":"2018-08-22T13:35:00.031Z","objectServer":"Security"},
  {"handleID":"0x1d94","computerName":"VirtualWindows8","logonID":"0xb74d","processName":"C:\\Windows\\explorer.exe","eventID":4656,"level":"Information","originatesFrom":{"hostName":{"name":"VirtualWindows8"},"@type":"rdf:nodeID","@id":"http://example.org/sepses#8e005b73-2a6a-4817-b3aa-daa2ebdd5fa7"},"@type":"http://purl.org/sepses/vocab/log/wineventlog#WindowsEventLogEntry","logName":"Security","@context":"http://sepses.ifs.tuwien.ac.at/contexts/wineventlog.jsonld","hasLogType":"wineventlog","source":"Microsoft-Windows-Security-Auditing","resourceAttributes":"-","objectType":"File","objectName":"C:\\Users\\VirtualWindows8User\\Dropbox","logMessage":"A handle to an object was requested.\n\nSubject:\n\tSecurity ID:\t\tS-1-5-21-2361021202-3253521353-2316283985-1001\n\tAccount Name:\t\tVirtualWindows8User\n\tAccount Domain:\t\tVirtualWindows8\n\tLogon ID:\t\t0xB74D\n\nObject:\n\tObject Server:\t\tSecurity\n\tObject Type:\t\tFile\n\tObject Name:\t\tC:\\Users\\VirtualWindows8User\\Dropbox\n\tHandle ID:\t\t0x1d94\n\tResource Attributes:\t-\n\nProcess Information:\n\tProcess ID:\t\t0x3ec\n\tProcess Name:\t\tC:\\Windows\\explorer.exe\n\nAccess Request Information:\n\tTransaction ID:\t\t{00000000-0000-0000-0000-000000000000}\n\tAccesses:\t\tSYNCHRONIZE\n\t\t\t\tReadData (or ListDirectory)\n\t\t\t\tReadAttributes\n\t\t\t\t\n\tAccess Reasons:\t\tSYNCHRONIZE:\tGranted by\tD:(A;OICI;FA;;;S-1-5-21-2361021202-3253521353-2316283985-1001)\n\t\t\t\tReadData (or ListDirectory):\tGranted by\tD:(A;OICI;FA;;;S-1-5-21-2361021202-3253521353-2316283985-1001)\n\t\t\t\tReadAttributes:\tGranted by\tD:(A;OICI;FA;;;S-1-5-21-2361021202-3253521353-2316283985-1001)\n\t\t\t\t\n\tAccess Mask:\t\t0x100081\n\tPrivileges Used for Access Check:\t-\n\tRestricted SID Count:\t0","timestamp":"2018-08-22T13:35:00.046Z","accesses":"%%1541\n\t\t\t\t%%4416\n\t\t\t\t%%4423\n\t\t\t\t","accountDomain":"VirtualWindows8","keyword":["Audit Success"],"@id":"http://example.org/logEntry#logEntry-96249dd9-4ed2-47a6-b797-5a693b130818","processID":"0x3ec","accountName":"VirtualWindows8User","version":1,"taskCategory":"File System","upCode":"Info","accessMask":"0x100081","@timestamp":"2018-08-22T13:35:00.046Z","objectServer":"Security"},
  {"handleID":"0x207c","computerName":"VirtualWindows8","logonID":"0xb74d","processName":"C:\\Windows\\explorer.exe","eventID":4663,"level":"Information","originatesFrom":{"hostName":{"name":"VirtualWindows8"},"@type":"rdf:nodeID","@id":"http://example.org/sepses#3e706f58-49e7-4723-a736-0d211cdef48b"},"@type":"http://purl.org/sepses/vocab/log/wineventlog#WindowsEventLogEntry","logName":"Security","@context":"http://sepses.ifs.tuwien.ac.at/contexts/wineventlog.jsonld","hasLogType":"wineventlog","source":"Microsoft-Windows-Security-Auditing","resourceAttributes":"S:AI","objectType":"File","objectName":"C:\\Users\\VirtualWindows8User\\Dropbox","logMessage":"An attempt was made to access an object.\n\nSubject:\n\tSecurity ID:\t\tS-1-5-21-2361021202-3253521353-2316283985-1001\n\tAccount Name:\t\tVirtualWindows8User\n\tAccount Domain:\t\tVirtualWindows8\n\tLogon ID:\t\t0xB74D\n\nObject:\n\tObject Server:\t\tSecurity\n\tObject Type:\t\tFile\n\tObject Name:\t\tC:\\Users\\VirtualWindows8User\\Dropbox\n\tHandle ID:\t\t0x207c\n\tResource Attributes:\tS:AI\n\nProcess Information:\n\tProcess ID:\t\t0x3ec\n\tProcess Name:\t\tC:\\Windows\\explorer.exe\n\nAccess Request Information:\n\tAccesses:\t\tReadAttributes\n\t\t\t\t\n\tAccess Mask:\t\t0x80","timestamp":"2018-08-22T13:35:00.046Z","accesses":"%%4423\n\t\t\t\t","accountDomain":"VirtualWindows8","keyword":["Audit Success"],"@id":"http://example.org/logEntry#logEntry-38b51fbe-44d6-43bf-b35b-04bd5f1925dc","processID":"0x3ec","accountName":"VirtualWindows8User","version":1,"taskCategory":"File System","upCode":"Info","accessMask":"0x80","@timestamp":"2018-08-22T13:35:00.046Z","objectServer":"Security"},
  {"handleID":"0x23f8","computerName":"VirtualWindows8","logonID":"0xb74d","processName":"C:\\Windows\\explorer.exe","eventID":4663,"level":"Information","originatesFrom":{"hostName":{"name":"VirtualWindows8"},"@type":"rdf:nodeID","@id":"http://example.org/sepses#5ec6f4b6-376f-4781-8371-7abb3d4db2bc"},"@type":"http://purl.org/sepses/vocab/log/wineventlog#WindowsEventLogEntry","logName":"Security","@context":"http://sepses.ifs.tuwien.ac.at/contexts/wineventlog.jsonld","hasLogType":"wineventlog","source":"Microsoft-Windows-Security-Auditing","resourceAttributes":"S:AI","objectType":"File","objectName":"C:\\Users\\VirtualWindows8User\\Dropbox","logMessage":"An attempt was made to access an object.\n\nSubject:\n\tSecurity ID:\t\tS-1-5-21-2361021202-3253521353-2316283985-1001\n\tAccount Name:\t\tVirtualWindows8User\n\tAccount Domain:\t\tVirtualWindows8\n\tLogon ID:\t\t0xB74D\n\nObject:\n\tObject Server:\t\tSecurity\n\tObject Type:\t\tFile\n\tObject Name:\t\tC:\\Users\\VirtualWindows8User\\Dropbox\n\tHandle ID:\t\t0x23f8\n\tResource Attributes:\tS:AI\n\nProcess Information:\n\tProcess ID:\t\t0x3ec\n\tProcess Name:\t\tC:\\Windows\\explorer.exe\n\nAccess Request Information:\n\tAccesses:\t\tReadAttributes\n\t\t\t\t\n\tAccess Mask:\t\t0x80","timestamp":"2018-08-22T13:35:00.046Z","accesses":"%%4423\n\t\t\t\t","accountDomain":"VirtualWindows8","keyword":["Audit Success"],"@id":"http://example.org/logEntry#logEntry-e15c26e9-3e22-4997-8d4a-dd3a1c585d86","processID":"0x3ec","accountName":"VirtualWindows8User","version":1,"taskCategory":"File System","upCode":"Info","accessMask":"0x80","@timestamp":"2018-08-22T13:35:00.046Z","objectServer":"Security"},
  {"handleID":"0x758","computerName":"VirtualWindows8","logonID":"0xb74d","processName":"C:\\Program Files (x86)\\Dropbox\\Client\\Dropbox.exe","eventID":4663,"level":"Information","originatesFrom":{"hostName":{"name":"VirtualWindows8"},"@type":"rdf:nodeID","@id":"http://example.org/sepses#983fdaba-ad1a-4888-a919-912f51dbc117"},"@type":"http://purl.org/sepses/vocab/log/wineventlog#WindowsEventLogEntry","logName":"Security","@context":"http://sepses.ifs.tuwien.ac.at/contexts/wineventlog.jsonld","hasLogType":"wineventlog","source":"Microsoft-Windows-Security-Auditing","resourceAttributes":"S:AI","objectType":"File","objectName":"C:\\Users\\VirtualWindows8User\\Dropbox","logMessage":"An attempt was made to access an object.\n\nSubject:\n\tSecurity ID:\t\tS-1-5-21-2361021202-3253521353-2316283985-1001\n\tAccount Name:\t\tVirtualWindows8User\n\tAccount Domain:\t\tVirtualWindows8\n\tLogon ID:\t\t0xB74D\n\nObject:\n\tObject Server:\t\tSecurity\n\tObject Type:\t\tFile\n\tObject Name:\t\tC:\\Users\\VirtualWindows8User\\Dropbox\n\tHandle ID:\t\t0x758\n\tResource Attributes:\tS:AI\n\nProcess Information:\n\tProcess ID:\t\t0xbfc\n\tProcess Name:\t\tC:\\Program Files (x86)\\Dropbox\\Client\\Dropbox.exe\n\nAccess Request Information:\n\tAccesses:\t\tReadAttributes\n\t\t\t\t\n\tAccess Mask:\t\t0x80","timestamp":"2018-08-22T13:35:00.077Z","accesses":"%%4423\n\t\t\t\t","accountDomain":"VirtualWindows8","keyword":["Audit Success"],"@id":"http://example.org/logEntry#logEntry-66443ee1-2635-4a6c-99a5-b6d594a3300a","processID":"0xbfc","accountName":"VirtualWindows8User","version":1,"taskCategory":"File System","upCode":"Info","accessMask":"0x80","@timestamp":"2018-08-22T13:35:00.077Z","objectServer":"Security"},
  {"handleID":"0x1cb0","computerName":"VirtualWindows8","logonID":"0xb74d","processName":"C:\\Windows\\explorer.exe","eventID":4663,"level":"Information","originatesFrom":{"hostName":{"name":"VirtualWindows8"},"@type":"rdf:nodeID","@id":"http://example.org/sepses#8c2130ca-662d-4959-b0bd-7399ca1e4b4b"},"@type":"http://purl.org/sepses/vocab/log/wineventlog#WindowsEventLogEntry","logName":"Security","@context":"http://sepses.ifs.tuwien.ac.at/contexts/wineventlog.jsonld","hasLogType":"wineventlog","source":"Microsoft-Windows-Security-Auditing","resourceAttributes":"S:AI","objectType":"File","objectName":"C:\\Users\\VirtualWindows8User\\Dropbox","logMessage":"An attempt was made to access an object.\n\nSubject:\n\tSecurity ID:\t\tS-1-5-21-2361021202-3253521353-2316283985-1001\n\tAccount Name:\t\tVirtualWindows8User\n\tAccount Domain:\t\tVirtualWindows8\n\tLogon ID:\t\t0xB74D\n\nObject:\n\tObject Server:\t\tSecurity\n\tObject Type:\t\tFile\n\tObject Name:\t\tC:\\Users\\VirtualWindows8User\\Dropbox\n\tHandle ID:\t\t0x1cb0\n\tResource Attributes:\tS:AI\n\nProcess Information:\n\tProcess ID:\t\t0x3ec\n\tProcess Name:\t\tC:\\Windows\\explorer.exe\n\nAccess Request Information:\n\tAccesses:\t\tReadAttributes\n\t\t\t\t\n\tAccess Mask:\t\t0x80","timestamp":"2018-08-22T13:35:00.171Z","accesses":"%%4423\n\t\t\t\t","accountDomain":"VirtualWindows8","keyword":["Audit Success"],"@id":"http://example.org/logEntry#logEntry-4a3f9192-ee43-4564-ac0d-d9180b1506d5","processID":"0x3ec","accountName":"VirtualWindows8User","version":1,"taskCategory":"File System","upCode":"Info","accessMask":"0x80","@timestamp":"2018-08-22T13:35:00.171Z","objectServer":"Security"},
  {"handleID":"0x2428","computerName":"VirtualWindows8","logonID":"0xb74d","processName":"C:\\Windows\\explorer.exe","eventID":4663,"level":"Information","originatesFrom":{"hostName":{"name":"VirtualWindows8"},"@type":"rdf:nodeID","@id":"http://example.org/sepses#f263f4a7-27c9-4757-b5da-cfdb1e046122"},"@type":"http://purl.org/sepses/vocab/log/wineventlog#WindowsEventLogEntry","logName":"Security","@context":"http://sepses.ifs.tuwien.ac.at/contexts/wineventlog.jsonld","hasLogType":"wineventlog","source":"Microsoft-Windows-Security-Auditing","resourceAttributes":"S:AI","objectType":"File","objectName":"C:\\Users\\VirtualWindows8User\\Dropbox","logMessage":"An attempt was made to access an object.\n\nSubject:\n\tSecurity ID:\t\tS-1-5-21-2361021202-3253521353-2316283985-1001\n\tAccount Name:\t\tVirtualWindows8User\n\tAccount Domain:\t\tVirtualWindows8\n\tLogon ID:\t\t0xB74D\n\nObject:\n\tObject Server:\t\tSecurity\n\tObject Type:\t\tFile\n\tObject Name:\t\tC:\\Users\\VirtualWindows8User\\Dropbox\n\tHandle ID:\t\t0x2428\n\tResource Attributes:\tS:AI\n\nProcess Information:\n\tProcess ID:\t\t0x3ec\n\tProcess Name:\t\tC:\\Windows\\explorer.exe\n\nAccess Request Information:\n\tAccesses:\t\tReadAttributes\n\t\t\t\t\n\tAccess Mask:\t\t0x80","timestamp":"2018-08-22T13:35:00.311Z","accesses":"%%4423\n\t\t\t\t","accountDomain":"VirtualWindows8","keyword":["Audit Success"],"@id":"http://example.org/logEntry#logEntry-3b7183c7-c98b-4b01-98d5-811add7990f6","processID":"0x3ec","accountName":"VirtualWindows8User","version":1,"taskCategory":"File System","upCode":"Info","accessMask":"0x80","@timestamp":"2018-08-22T13:35:00.311Z","objectServer":"Security"},
  {"handleID":"0x204c","computerName":"VirtualWindows8","logonID":"0xb74d","processName":"C:\\Windows\\explorer.exe","eventID":4656,"level":"Information","originatesFrom":{"hostName":{"name":"VirtualWindows8"},"@type":"rdf:nodeID","@id":"http://example.org/sepses#0be8f14d-6d28-4d0f-9c82-cd97ab4c3fb1"},"@type":"http://purl.org/sepses/vocab/log/wineventlog#WindowsEventLogEntry","logName":"Security","@context":"http://sepses.ifs.tuwien.ac.at/contexts/wineventlog.jsonld","hasLogType":"wineventlog","source":"Microsoft-Windows-Security-Auditing","resourceAttributes":"-","objectType":"File","objectName":"C:\\Users\\VirtualWindows8User\\UserDocuments\\New Text Document.txt","logMessage":"A handle to an object was requested.\n\nSubject:\n\tSecurity ID:\t\tS-1-5-21-2361021202-3253521353-2316283985-1001\n\tAccount Name:\t\tVirtualWindows8User\n\tAccount Domain:\t\tVirtualWindows8\n\tLogon ID:\t\t0xB74D\n\nObject:\n\tObject Server:\t\tSecurity\n\tObject Type:\t\tFile\n\tObject Name:\t\tC:\\Users\\VirtualWindows8User\\UserDocuments\\New Text Document.txt\n\tHandle ID:\t\t0x204c\n\tResource Attributes:\t-\n\nProcess Information:\n\tProcess ID:\t\t0x3ec\n\tProcess Name:\t\tC:\\Windows\\explorer.exe\n\nAccess Request Information:\n\tTransaction ID:\t\t{00000000-0000-0000-0000-000000000000}\n\tAccesses:\t\tREAD_CONTROL\n\t\t\t\tSYNCHRONIZE\n\t\t\t\tReadData (or ListDirectory)\n\t\t\t\tReadEA\n\t\t\t\tReadAttributes\n\t\t\t\t\n\tAccess Reasons:\t\tREAD_CONTROL:\tGranted by Ownership\n\t\t\t\tSYNCHRONIZE:\tGranted by\tD:(A;;FA;;;S-1-5-21-2361021202-3253521353-2316283985-1001)\n\t\t\t\tReadData (or ListDirectory):\tGranted by\tD:(A;;FA;;;S-1-5-21-2361021202-3253521353-2316283985-1001)\n\t\t\t\tReadEA:\tGranted by\tD:(A;;FA;;;S-1-5-21-2361021202-3253521353-2316283985-1001)\n\t\t\t\tReadAttributes:\tGranted by\tD:(A;;FA;;;S-1-5-21-2361021202-3253521353-2316283985-1001)\n\t\t\t\t\n\tAccess Mask:\t\t0x120089\n\tPrivileges Used for Access Check:\t-\n\tRestricted SID Count:\t0","timestamp":"2018-08-22T13:34:59.952Z","accesses":"%%1538\n\t\t\t\t%%1541\n\t\t\t\t%%4416\n\t\t\t\t%%4419\n\t\t\t\t%%4423\n\t\t\t\t","accountDomain":"VirtualWindows8","keyword":["Audit Success"],"@id":"http://example.org/logEntry#logEntry-a6faab83-a448-44d5-b3b2-2648066383cc","processID":"0x3ec","accountName":"VirtualWindows8User","version":1,"taskCategory":"File System","upCode":"Info","accessMask":"0x120089","@timestamp":"2018-08-22T13:34:59.952Z","objectServer":"Security"},
  {"handleID":"0x8a4","computerName":"VirtualWindows8","logonID":"0xb74d","processName":"C:\\Program Files (x86)\\Dropbox\\Client\\Dropbox.exe","eventID":4656,"level":"Information","originatesFrom":{"hostName":{"name":"VirtualWindows8"},"@type":"rdf:nodeID","@id":"http://example.org/sepses#bab5be72-2d27-4393-be30-58ac58bc1f8a"},"@type":"http://purl.org/sepses/vocab/log/wineventlog#WindowsEventLogEntry","logName":"Security","@context":"http://sepses.ifs.tuwien.ac.at/contexts/wineventlog.jsonld","hasLogType":"wineventlog","source":"Microsoft-Windows-Security-Auditing","resourceAttributes":"-","objectType":"File","objectName":"C:\\Users\\VirtualWindows8User\\Dropbox\\New Text Document.txt","logMessage":"A handle to an object was requested.\n\nSubject:\n\tSecurity ID:\t\tS-1-5-21-2361021202-3253521353-2316283985-1001\n\tAccount Name:\t\tVirtualWindows8User\n\tAccount Domain:\t\tVirtualWindows8\n\tLogon ID:\t\t0xB74D\n\nObject:\n\tObject Server:\t\tSecurity\n\tObject Type:\t\tFile\n\tObject Name:\t\tC:\\Users\\VirtualWindows8User\\Dropbox\\New Text Document.txt\n\tHandle ID:\t\t0x8a4\n\tResource Attributes:\t-\n\nProcess Information:\n\tProcess ID:\t\t0xbfc\n\tProcess Name:\t\tC:\\Program Files (x86)\\Dropbox\\Client\\Dropbox.exe\n\nAccess Request Information:\n\tTransaction ID:\t\t{00000000-0000-0000-0000-000000000000}\n\tAccesses:\t\tREAD_CONTROL\n\t\t\t\tReadAttributes\n\t\t\t\t\n\tAccess Reasons:\t\tREAD_CONTROL:\tGranted by Ownership\n\t\t\t\tReadAttributes:\tGranted by\tD:(A;;FA;;;S-1-5-21-2361021202-3253521353-2316283985-1001)\n\t\t\t\t\n\tAccess Mask:\t\t0x20080\n\tPrivileges Used for Access Check:\t-\n\tRestricted SID Count:\t0","timestamp":"2018-08-22T13:34:59.952Z","accesses":"%%1538\n\t\t\t\t%%4423\n\t\t\t\t","accountDomain":"VirtualWindows8","keyword":["Audit Success"],"@id":"http://example.org/logEntry#logEntry-308acc82-5fe7-4608-aaba-14a8a6ab7190","processID":"0xbfc","accountName":"VirtualWindows8User","version":1,"taskCategory":"File System","upCode":"Info","accessMask":"0x20080","@timestamp":"2018-08-22T13:34:59.952Z","objectServer":"Security"},
  {"handleID":"0x1fd8","computerName":"VirtualWindows8","logonID":"0xb74d","processName":"C:\\Windows\\explorer.exe","eventID":4656,"level":"Information","originatesFrom":{"hostName":{"name":"VirtualWindows8"},"@type":"rdf:nodeID","@id":"http://example.org/sepses#e4457bd3-a630-4254-b55a-d3d0ac2edaf9"},"@type":"http://purl.org/sepses/vocab/log/wineventlog#WindowsEventLogEntry","logName":"Security","@context":"http://sepses.ifs.tuwien.ac.at/contexts/wineventlog.jsonld","hasLogType":"wineventlog","source":"Microsoft-Windows-Security-Auditing","resourceAttributes":"-","objectType":"File","objectName":"C:\\Users\\VirtualWindows8User\\Dropbox","logMessage":"A handle to an object was requested.\n\nSubject:\n\tSecurity ID:\t\tS-1-5-21-2361021202-3253521353-2316283985-1001\n\tAccount Name:\t\tVirtualWindows8User\n\tAccount Domain:\t\tVirtualWindows8\n\tLogon ID:\t\t0xB74D\n\nObject:\n\tObject Server:\t\tSecurity\n\tObject Type:\t\tFile\n\tObject Name:\t\tC:\\Users\\VirtualWindows8User\\Dropbox\n\tHandle ID:\t\t0x1fd8\n\tResource Attributes:\t-\n\nProcess Information:\n\tProcess ID:\t\t0x3ec\n\tProcess Name:\t\tC:\\Windows\\explorer.exe\n\nAccess Request Information:\n\tTransaction ID:\t\t{00000000-0000-0000-0000-000000000000}\n\tAccesses:\t\tSYNCHRONIZE\n\t\t\t\tReadData (or ListDirectory)\n\t\t\t\tReadAttributes\n\t\t\t\t\n\tAccess Reasons:\t\tSYNCHRONIZE:\tGranted by\tD:(A;OICI;FA;;;S-1-5-21-2361021202-3253521353-2316283985-1001)\n\t\t\t\tReadData (or ListDirectory):\tGranted by\tD:(A;OICI;FA;;;S-1-5-21-2361021202-3253521353-2316283985-1001)\n\t\t\t\tReadAttributes:\tGranted by\tD:(A;OICI;FA;;;S-1-5-21-2361021202-3253521353-2316283985-1001)\n\t\t\t\t\n\tAccess Mask:\t\t0x100081\n\tPrivileges Used for Access Check:\t-\n\tRestricted SID Count:\t0","timestamp":"2018-08-22T13:34:59.952Z","accesses":"%%1541\n\t\t\t\t%%4416\n\t\t\t\t%%4423\n\t\t\t\t","accountDomain":"VirtualWindows8","keyword":["Audit Success"],"@id":"http://example.org/logEntry#logEntry-22e715fd-75e6-4aa7-b399-6d4f78f8a5b4","processID":"0x3ec","accountName":"VirtualWindows8User","version":1,"taskCategory":"File System","upCode":"Info","accessMask":"0x100081","@timestamp":"2018-08-22T13:34:59.952Z","objectServer":"Security"},
  {"handleID":"0x1fd8","computerName":"VirtualWindows8","logonID":"0xb74d","processName":"C:\\Windows\\explorer.exe","eventID":4663,"level":"Information","originatesFrom":{"hostName":{"name":"VirtualWindows8"},"@type":"rdf:nodeID","@id":"http://example.org/sepses#3138d89e-0f18-4521-9355-fedd6f789cb8"},"@type":"http://purl.org/sepses/vocab/log/wineventlog#WindowsEventLogEntry","logName":"Security","@context":"http://sepses.ifs.tuwien.ac.at/contexts/wineventlog.jsonld","hasLogType":"wineventlog","source":"Microsoft-Windows-Security-Auditing","resourceAttributes":"S:AI","objectType":"File","objectName":"C:\\Users\\VirtualWindows8User\\Dropbox","logMessage":"An attempt was made to access an object.\n\nSubject:\n\tSecurity ID:\t\tS-1-5-21-2361021202-3253521353-2316283985-1001\n\tAccount Name:\t\tVirtualWindows8User\n\tAccount Domain:\t\tVirtualWindows8\n\tLogon ID:\t\t0xB74D\n\nObject:\n\tObject Server:\t\tSecurity\n\tObject Type:\t\tFile\n\tObject Name:\t\tC:\\Users\\VirtualWindows8User\\Dropbox\n\tHandle ID:\t\t0x1fd8\n\tResource Attributes:\tS:AI\n\nProcess Information:\n\tProcess ID:\t\t0x3ec\n\tProcess Name:\t\tC:\\Windows\\explorer.exe\n\nAccess Request Information:\n\tAccesses:\t\tReadAttributes\n\t\t\t\t\n\tAccess Mask:\t\t0x80","timestamp":"2018-08-22T13:34:59.952Z","accesses":"%%4423\n\t\t\t\t","accountDomain":"VirtualWindows8","keyword":["Audit Success"],"@id":"http://example.org/logEntry#logEntry-a7caf8de-68b9-4843-ab6a-7e6cc4ab9a78","processID":"0x3ec","accountName":"VirtualWindows8User","version":1,"taskCategory":"File System","upCode":"Info","accessMask":"0x80","@timestamp":"2018-08-22T13:34:59.952Z","objectServer":"Security"},
  {"handleID":"0x2328","computerName":"VirtualWindows8","logonID":"0xb74d","processName":"C:\\Windows\\explorer.exe","eventID":4656,"level":"Information","originatesFrom":{"hostName":{"name":"VirtualWindows8"},"@type":"rdf:nodeID","@id":"http://example.org/sepses#cfdd4ddf-1941-4571-a3d7-d631dda45d81"},"@type":"http://purl.org/sepses/vocab/log/wineventlog#WindowsEventLogEntry","logName":"Security","@context":"http://sepses.ifs.tuwien.ac.at/contexts/wineventlog.jsonld","hasLogType":"wineventlog","source":"Microsoft-Windows-Security-Auditing","resourceAttributes":"-","objectType":"File","objectName":"C:\\Users\\VirtualWindows8User\\Dropbox","logMessage":"A handle to an object was requested.\n\nSubject:\n\tSecurity ID:\t\tS-1-5-21-2361021202-3253521353-2316283985-1001\n\tAccount Name:\t\tVirtualWindows8User\n\tAccount Domain:\t\tVirtualWindows8\n\tLogon ID:\t\t0xB74D\n\nObject:\n\tObject Server:\t\tSecurity\n\tObject Type:\t\tFile\n\tObject Name:\t\tC:\\Users\\VirtualWindows8User\\Dropbox\n\tHandle ID:\t\t0x2328\n\tResource Attributes:\t-\n\nProcess Information:\n\tProcess ID:\t\t0x3ec\n\tProcess Name:\t\tC:\\Windows\\explorer.exe\n\nAccess Request Information:\n\tTransaction ID:\t\t{00000000-0000-0000-0000-000000000000}\n\tAccesses:\t\tSYNCHRONIZE\n\t\t\t\tReadData (or ListDirectory)\n\t\t\t\tReadAttributes\n\t\t\t\t\n\tAccess Reasons:\t\tSYNCHRONIZE:\tGranted by\tD:(A;OICI;FA;;;S-1-5-21-2361021202-3253521353-2316283985-1001)\n\t\t\t\tReadData (or ListDirectory):\tGranted by\tD:(A;OICI;FA;;;S-1-5-21-2361021202-3253521353-2316283985-1001)\n\t\t\t\tReadAttributes:\tGranted by\tD:(A;OICI;FA;;;S-1-5-21-2361021202-3253521353-2316283985-1001)\n\t\t\t\t\n\tAccess Mask:\t\t0x100081\n\tPrivileges Used for Access Check:\t-\n\tRestricted SID Count:\t0","timestamp":"2018-08-22T13:34:59.952Z","accesses":"%%1541\n\t\t\t\t%%4416\n\t\t\t\t%%4423\n\t\t\t\t","accountDomain":"VirtualWindows8","keyword":["Audit Success"],"@id":"http://example.org/logEntry#logEntry-214e22e7-eeb7-45b9-b345-9b2bec08a9ae","processID":"0x3ec","accountName":"VirtualWindows8User","version":1,"taskCategory":"File System","upCode":"Info","accessMask":"0x100081","@timestamp":"2018-08-22T13:34:59.952Z","objectServer":"Security"},
  {"handleID":"0x1c24","computerName":"VirtualWindows8","logonID":"0xb74d","processName":"C:\\Program Files (x86)\\Dropbox\\Client\\Dropbox.exe","eventID":4656,"level":"Information","originatesFrom":{"hostName":{"name":"VirtualWindows8"},"@type":"rdf:nodeID","@id":"http://example.org/sepses#8a0c3662-3c4e-463c-b9d9-066d5fe6c12e"},"@type":"http://purl.org/sepses/vocab/log/wineventlog#WindowsEventLogEntry","logName":"Security","@context":"http://sepses.ifs.tuwien.ac.at/contexts/wineventlog.jsonld","hasLogType":"wineventlog","source":"Microsoft-Windows-Security-Auditing","resourceAttributes":"-","objectType":"File","objectName":"C:\\Users\\VirtualWindows8User\\Dropbox\\New Text Document.txt","logMessage":"A handle to an object was requested.\n\nSubject:\n\tSecurity ID:\t\tS-1-5-21-2361021202-3253521353-2316283985-1001\n\tAccount Name:\t\tVirtualWindows8User\n\tAccount Domain:\t\tVirtualWindows8\n\tLogon ID:\t\t0xB74D\n\nObject:\n\tObject Server:\t\tSecurity\n\tObject Type:\t\tFile\n\tObject Name:\t\tC:\\Users\\VirtualWindows8User\\Dropbox\\New Text Document.txt\n\tHandle ID:\t\t0x1c24\n\tResource Attributes:\t-\n\nProcess Information:\n\tProcess ID:\t\t0xbfc\n\tProcess Name:\t\tC:\\Program Files (x86)\\Dropbox\\Client\\Dropbox.exe\n\nAccess Request Information:\n\tTransaction ID:\t\t{00000000-0000-0000-0000-000000000000}\n\tAccesses:\t\tREAD_CONTROL\n\t\t\t\tReadAttributes\n\t\t\t\t\n\tAccess Reasons:\t\tREAD_CONTROL:\tGranted by Ownership\n\t\t\t\tReadAttributes:\tGranted by\tD:(A;;FA;;;S-1-5-21-2361021202-3253521353-2316283985-1001)\n\t\t\t\t\n\tAccess Mask:\t\t0x20080\n\tPrivileges Used for Access Check:\t-\n\tRestricted SID Count:\t0","timestamp":"2018-08-22T13:34:59.967Z","accesses":"%%1538\n\t\t\t\t%%4423\n\t\t\t\t","accountDomain":"VirtualWindows8","keyword":["Audit Success"],"@id":"http://example.org/logEntry#logEntry-18ca2bce-11a2-4734-8aa3-d891a6e8d308","processID":"0xbfc","accountName":"VirtualWindows8User","version":1,"taskCategory":"File System","upCode":"Info","accessMask":"0x20080","@timestamp":"2018-08-22T13:34:59.967Z","objectServer":"Security"},
  {"handleID":"0x1bd4","computerName":"VirtualWindows8","logonID":"0xb74d","processName":"C:\\Program Files (x86)\\Dropbox\\Client\\Dropbox.exe","eventID":4656,"level":"Information","originatesFrom":{"hostName":{"name":"VirtualWindows8"},"@type":"rdf:nodeID","@id":"http://example.org/sepses#b1809ad7-257e-4a27-b568-a83d17d5cbc4"},"@type":"http://purl.org/sepses/vocab/log/wineventlog#WindowsEventLogEntry","logName":"Security","@context":"http://sepses.ifs.tuwien.ac.at/contexts/wineventlog.jsonld","hasLogType":"wineventlog","source":"Microsoft-Windows-Security-Auditing","resourceAttributes":"-","objectType":"File","objectName":"C:\\Users\\VirtualWindows8User\\Dropbox\\New Text Document.txt","logMessage":"A handle to an object was requested.\n\nSubject:\n\tSecurity ID:\t\tS-1-5-21-2361021202-3253521353-2316283985-1001\n\tAccount Name:\t\tVirtualWindows8User\n\tAccount Domain:\t\tVirtualWindows8\n\tLogon ID:\t\t0xB74D\n\nObject:\n\tObject Server:\t\tSecurity\n\tObject Type:\t\tFile\n\tObject Name:\t\tC:\\Users\\VirtualWindows8User\\Dropbox\\New Text Document.txt\n\tHandle ID:\t\t0x1bd4\n\tResource Attributes:\t-\n\nProcess Information:\n\tProcess ID:\t\t0xbfc\n\tProcess Name:\t\tC:\\Program Files (x86)\\Dropbox\\Client\\Dropbox.exe\n\nAccess Request Information:\n\tTransaction ID:\t\t{00000000-0000-0000-0000-000000000000}\n\tAccesses:\t\tSYNCHRONIZE\n\t\t\t\tReadData (or ListDirectory)\n\t\t\t\tWriteData (or AddFile)\n\t\t\t\tWriteAttributes\n\t\t\t\t\n\tAccess Reasons:\t\tSYNCHRONIZE:\tGranted by\tD:(A;;FA;;;S-1-5-21-2361021202-3253521353-2316283985-1001)\n\t\t\t\tReadData (or ListDirectory):\tGranted by\tD:(A;;FA;;;S-1-5-21-2361021202-3253521353-2316283985-1001)\n\t\t\t\tWriteData (or AddFile):\tGranted by\tD:(A;;FA;;;S-1-5-21-2361021202-3253521353-2316283985-1001)\n\t\t\t\tWriteAttributes:\tGranted by\tD:(A;;FA;;;S-1-5-21-2361021202-3253521353-2316283985-1001)\n\t\t\t\t\n\tAccess Mask:\t\t0x100103\n\tPrivileges Used for Access Check:\t-\n\tRestricted SID Count:\t0","timestamp":"2018-08-22T13:34:59.967Z","accesses":"%%1541\n\t\t\t\t%%4416\n\t\t\t\t%%4417\n\t\t\t\t%%4424\n\t\t\t\t","accountDomain":"VirtualWindows8","keyword":["Audit Success"],"@id":"http://example.org/logEntry#logEntry-64a78bda-272a-4900-8454-32e202bc5bfa","processID":"0xbfc","accountName":"VirtualWindows8User","version":1,"taskCategory":"File System","upCode":"Info","accessMask":"0x100103","@timestamp":"2018-08-22T13:34:59.967Z","objectServer":"Security"},
  {"handleID":"0x1bd4","computerName":"VirtualWindows8","logonID":"0xb74d","processName":"C:\\Program Files (x86)\\Dropbox\\Client\\Dropbox.exe","eventID":4663,"level":"Information","originatesFrom":{"hostName":{"name":"VirtualWindows8"},"@type":"rdf:nodeID","@id":"http://example.org/sepses#ef727e05-e289-4704-80f8-f7c234ce44dd"},"@type":"http://purl.org/sepses/vocab/log/wineventlog#WindowsEventLogEntry","logName":"Security","@context":"http://sepses.ifs.tuwien.ac.at/contexts/wineventlog.jsonld","hasLogType":"wineventlog","source":"Microsoft-Windows-Security-Auditing","resourceAttributes":"S:AI","objectType":"File","objectName":"C:\\Users\\VirtualWindows8User\\Dropbox\\New Text Document.txt","logMessage":"An attempt was made to access an object.\n\nSubject:\n\tSecurity ID:\t\tS-1-5-21-2361021202-3253521353-2316283985-1001\n\tAccount Name:\t\tVirtualWindows8User\n\tAccount Domain:\t\tVirtualWindows8\n\tLogon ID:\t\t0xB74D\n\nObject:\n\tObject Server:\t\tSecurity\n\tObject Type:\t\tFile\n\tObject Name:\t\tC:\\Users\\VirtualWindows8User\\Dropbox\\New Text Document.txt\n\tHandle ID:\t\t0x1bd4\n\tResource Attributes:\tS:AI\n\nProcess Information:\n\tProcess ID:\t\t0xbfc\n\tProcess Name:\t\tC:\\Program Files (x86)\\Dropbox\\Client\\Dropbox.exe\n\nAccess Request Information:\n\tAccesses:\t\tReadAttributes\n\t\t\t\t\n\tAccess Mask:\t\t0x80","timestamp":"2018-08-22T13:34:59.983Z","accesses":"%%4423\n\t\t\t\t","accountDomain":"VirtualWindows8","keyword":["Audit Success"],"@id":"http://example.org/logEntry#logEntry-78bcde91-4352-48c5-a3e5-493f7df1cbda","processID":"0xbfc","accountName":"VirtualWindows8User","version":1,"taskCategory":"File System","upCode":"Info","accessMask":"0x80","@timestamp":"2018-08-22T13:34:59.983Z","objectServer":"Security"},
  {"handleID":"0x1c24","computerName":"VirtualWindows8","logonID":"0xb74d","processName":"C:\\Program Files (x86)\\Dropbox\\Client\\Dropbox.exe","eventID":4663,"level":"Information","originatesFrom":{"hostName":{"name":"VirtualWindows8"},"@type":"rdf:nodeID","@id":"http://example.org/sepses#5bb6e57c-9c2f-4cf1-8885-97ac3a18796e"},"@type":"http://purl.org/sepses/vocab/log/wineventlog#WindowsEventLogEntry","logName":"Security","@context":"http://sepses.ifs.tuwien.ac.at/contexts/wineventlog.jsonld","hasLogType":"wineventlog","source":"Microsoft-Windows-Security-Auditing","resourceAttributes":"S:AI","objectType":"File","objectName":"C:\\Users\\VirtualWindows8User\\Dropbox\\New Text Document.txt","logMessage":"An attempt was made to access an object.\n\nSubject:\n\tSecurity ID:\t\tS-1-5-21-2361021202-3253521353-2316283985-1001\n\tAccount Name:\t\tVirtualWindows8User\n\tAccount Domain:\t\tVirtualWindows8\n\tLogon ID:\t\t0xB74D\n\nObject:\n\tObject Server:\t\tSecurity\n\tObject Type:\t\tFile\n\tObject Name:\t\tC:\\Users\\VirtualWindows8User\\Dropbox\\New Text Document.txt\n\tHandle ID:\t\t0x1c24\n\tResource Attributes:\tS:AI\n\nProcess Information:\n\tProcess ID:\t\t0xbfc\n\tProcess Name:\t\tC:\\Program Files (x86)\\Dropbox\\Client\\Dropbox.exe\n\nAccess Request Information:\n\tAccesses:\t\tReadAttributes\n\t\t\t\t\n\tAccess Mask:\t\t0x80","timestamp":"2018-08-22T13:34:59.983Z","accesses":"%%4423\n\t\t\t\t","accountDomain":"VirtualWindows8","keyword":["Audit Success"],"@id":"http://example.org/logEntry#logEntry-2e4d55b2-f77e-48ca-95d6-04cdb8c9c791","processID":"0xbfc","accountName":"VirtualWindows8User","version":1,"taskCategory":"File System","upCode":"Info","accessMask":"0x80","@timestamp":"2018-08-22T13:34:59.983Z","objectServer":"Security"},
  {"handleID":"0x1c24","computerName":"VirtualWindows8","logonID":"0xb74d","processName":"C:\\Program Files (x86)\\Dropbox\\Client\\Dropbox.exe","eventID":4663,"level":"Information","originatesFrom":{"hostName":{"name":"VirtualWindows8"},"@type":"rdf:nodeID","@id":"http://example.org/sepses#8b2fc1f8-df9d-4e46-915e-a5d29fcbebe6"},"@type":"http://purl.org/sepses/vocab/log/wineventlog#WindowsEventLogEntry","logName":"Security","@context":"http://sepses.ifs.tuwien.ac.at/contexts/wineventlog.jsonld","hasLogType":"wineventlog","source":"Microsoft-Windows-Security-Auditing","resourceAttributes":"S:AI","objectType":"File","objectName":"C:\\Users\\VirtualWindows8User\\Dropbox","logMessage":"An attempt was made to access an object.\n\nSubject:\n\tSecurity ID:\t\tS-1-5-21-2361021202-3253521353-2316283985-1001\n\tAccount Name:\t\tVirtualWindows8User\n\tAccount Domain:\t\tVirtualWindows8\n\tLogon ID:\t\t0xB74D\n\nObject:\n\tObject Server:\t\tSecurity\n\tObject Type:\t\tFile\n\tObject Name:\t\tC:\\Users\\VirtualWindows8User\\Dropbox\n\tHandle ID:\t\t0x1c24\n\tResource Attributes:\tS:AI\n\nProcess Information:\n\tProcess ID:\t\t0xbfc\n\tProcess Name:\t\tC:\\Program Files (x86)\\Dropbox\\Client\\Dropbox.exe\n\nAccess Request Information:\n\tAccesses:\t\tReadAttributes\n\t\t\t\t\n\tAccess Mask:\t\t0x80","timestamp":"2018-08-22T13:34:59.983Z","accesses":"%%4423\n\t\t\t\t","accountDomain":"VirtualWindows8","keyword":["Audit Success"],"@id":"http://example.org/logEntry#logEntry-ce1be59e-4bcb-48bc-b87f-8ea401cf7975","processID":"0xbfc","accountName":"VirtualWindows8User","version":1,"taskCategory":"File System","upCode":"Info","accessMask":"0x80","@timestamp":"2018-08-22T13:34:59.983Z","objectServer":"Security"},
