,{"level":"Information","accessMask":"0x80","hasLogType":"wineventlog","eventID":4663,"resourceAttributes":"S:AI","logName":"Security","keyword":["Audit Success"],"taskCategory":"File System","logonID":"0x2230c","logMessage":"An attempt was made to access an object.\n\nSubject:\n\tSecurity ID:\t\tS-1-5-21-2889181789-4222170037-1347726928-1001\n\tAccount Name:\t\tVirtual Windows 10\n\tAccount Domain:\t\tDESKTOP-MAC610T\n\tLogon ID:\t\t0x2230C\n\nObject:\n\tObject Server:\t\tSecurity\n\tObject Type:\t\tFile\n\tObject Name:\t\tC:\\Users\\Virtual Windows 10\\Dropbox\n\tHandle ID:\t\t0x2024\n\tResource Attributes:\tS:AI\n\nProcess Information:\n\tProcess ID:\t\t0x1974\n\tProcess Name:\t\tC:\\Program Files (x86)\\Dropbox\\Client\\Dropbox.exe\n\nAccess Request Information:\n\tAccesses:\t\tReadAttributes\n\t\t\t\t\n\tAccess Mask:\t\t0x80","processName":"C:\\Program Files (x86)\\Dropbox\\Client\\Dropbox.exe","objectName":"C:\\Users\\Virtual Windows 10\\Dropbox","upCode":"Info","objectType":"File","timestamp":"2018-09-01T16:34:56.190Z","@timestamp":"2018-09-01T16:34:56.190Z","accountName":"Virtual Windows 10","computerName":"DESKTOP-MAC610T","source":"Microsoft-Windows-Security-Auditing","@context":"http://sepses.ifs.tuwien.ac.at/contexts/wineventlog.jsonld","@id":"http://example.org/logEntry#logEntry-ce11d10c-9502-46b4-bcd8-d7384ac28a52","processID":"0x1974","originatesFrom":{"hostName":{"name":"DESKTOP-MAC610T"},"@id":"http://example.org/sepses#5325fe6a-a022-4661-a0b1-7ecb4f3dcb5a","@type":"rdf:nodeID"},"accountDomain":"DESKTOP-MAC610T","handleID":"0x2024","@type":"http://purl.org/sepses/vocab/log/wineventlog#WindowsEventLogEntry","accesses":"%%4423\n\t\t\t\t","objectServer":"Security","version":1}
,{"level":"Information","accessMask":"0x80","hasLogType":"wineventlog","eventID":4663,"resourceAttributes":"S:AI","logName":"Security","keyword":["Audit Success"],"taskCategory":"File System","logonID":"0x2230c","logMessage":"An attempt was made to access an object.\n\nSubject:\n\tSecurity ID:\t\tS-1-5-21-2889181789-4222170037-1347726928-1001\n\tAccount Name:\t\tVirtual Windows 10\n\tAccount Domain:\t\tDESKTOP-MAC610T\n\tLogon ID:\t\t0x2230C\n\nObject:\n\tObject Server:\t\tSecurity\n\tObject Type:\t\tFile\n\tObject Name:\t\tC:\\Users\\Virtual Windows 10\\Dropbox\n\tHandle ID:\t\t0x2024\n\tResource Attributes:\tS:AI\n\nProcess Information:\n\tProcess ID:\t\t0x1974\n\tProcess Name:\t\tC:\\Program Files (x86)\\Dropbox\\Client\\Dropbox.exe\n\nAccess Request Information:\n\tAccesses:\t\tReadAttributes\n\t\t\t\t\n\tAccess Mask:\t\t0x80","processName":"C:\\Program Files (x86)\\Dropbox\\Client\\Dropbox.exe","objectName":"C:\\Users\\Virtual Windows 10\\Dropbox","upCode":"Info","objectType":"File","timestamp":"2018-09-01T16:34:56.190Z","@timestamp":"2018-09-01T16:34:56.190Z","accountName":"Virtual Windows 10","computerName":"DESKTOP-MAC610T","source":"Microsoft-Windows-Security-Auditing","@context":"http://sepses.ifs.tuwien.ac.at/contexts/wineventlog.jsonld","@id":"http://example.org/logEntry#logEntry-0aea54ca-2480-4566-a7bf-61546eefce75","processID":"0x1974","originatesFrom":{"hostName":{"name":"DESKTOP-MAC610T"},"@id":"http://example.org/sepses#c05552fd-9748-4924-9b3c-987bdaa3fee4","@type":"rdf:nodeID"},"accountDomain":"DESKTOP-MAC610T","handleID":"0x2024","@type":"http://purl.org/sepses/vocab/log/wineventlog#WindowsEventLogEntry","accesses":"%%4423\n\t\t\t\t","objectServer":"Security","version":1}
,{"level":"Information","accessMask":"0x2","hasLogType":"wineventlog","eventID":4663,"resourceAttributes":"S:AI","logName":"Security","keyword":["Audit Success"],"taskCategory":"File System","logonID":"0x2230c","logMessage":"An attempt was made to access an object.\n\nSubject:\n\tSecurity ID:\t\tS-1-5-21-2889181789-4222170037-1347726928-1001\n\tAccount Name:\t\tVirtual Windows 10\n\tAccount Domain:\t\tDESKTOP-MAC610T\n\tLogon ID:\t\t0x2230C\n\nObject:\n\tObject Server:\t\tSecurity\n\tObject Type:\t\tFile\n\tObject Name:\t\tC:\\Users\\Virtual Windows 10\\UserDocuments\\notepad++_rename.txt\n\tHandle ID:\t\t0x414\n\tResource Attributes:\tS:AI\n\nProcess Information:\n\tProcess ID:\t\t0x17f0\n\tProcess Name:\t\tC:\\Windows\\System32\\notepad.exe\n\nAccess Request Information:\n\tAccesses:\t\tWriteData (or AddFile)\n\t\t\t\t\n\tAccess Mask:\t\t0x2","processName":"C:\\Windows\\System32\\notepad.exe","objectName":"C:\\Users\\Virtual Windows 10\\UserDocuments\\notepad++_rename.txt","upCode":"Info","objectType":"File","timestamp":"2018-09-01T16:35:02.593Z","@timestamp":"2018-09-01T16:35:02.593Z","accountName":"Virtual Windows 10","computerName":"DESKTOP-MAC610T","source":"Microsoft-Windows-Security-Auditing","@context":"http://sepses.ifs.tuwien.ac.at/contexts/wineventlog.jsonld","@id":"http://example.org/logEntry#logEntry-43ecc11f-68f0-435d-82d6-b14ceaa3a38d","processID":"0x17f0","originatesFrom":{"hostName":{"name":"DESKTOP-MAC610T"},"@id":"http://example.org/sepses#54876f8a-3666-42bb-b1d2-da2d37f61d8a","@type":"rdf:nodeID"},"accountDomain":"DESKTOP-MAC610T","handleID":"0x414","@type":"http://purl.org/sepses/vocab/log/wineventlog#WindowsEventLogEntry","accesses":"%%4417\n\t\t\t\t","objectServer":"Security","version":1}
,{"level":"Information","accessMask":"0x80","hasLogType":"wineventlog","eventID":4663,"resourceAttributes":"S:AI","logName":"Security","keyword":["Audit Success"],"taskCategory":"File System","logonID":"0x2230c","logMessage":"An attempt was made to access an object.\n\nSubject:\n\tSecurity ID:\t\tS-1-5-21-2889181789-4222170037-1347726928-1001\n\tAccount Name:\t\tVirtual Windows 10\n\tAccount Domain:\t\tDESKTOP-MAC610T\n\tLogon ID:\t\t0x2230C\n\nObject:\n\tObject Server:\t\tSecurity\n\tObject Type:\t\tFile\n\tObject Name:\t\tC:\\Users\\Virtual Windows 10\\UserDocuments\n\tHandle ID:\t\t0xd40\n\tResource Attributes:\tS:AI\n\nProcess Information:\n\tProcess ID:\t\t0xc88\n\tProcess Name:\t\tC:\\Windows\\explorer.exe\n\nAccess Request Information:\n\tAccesses:\t\tReadAttributes\n\t\t\t\t\n\tAccess Mask:\t\t0x80","processName":"C:\\Windows\\explorer.exe","objectName":"C:\\Users\\Virtual Windows 10\\UserDocuments","upCode":"Info","objectType":"File","timestamp":"2018-09-01T16:35:03.632Z","@timestamp":"2018-09-01T16:35:03.632Z","accountName":"Virtual Windows 10","computerName":"DESKTOP-MAC610T","source":"Microsoft-Windows-Security-Auditing","@context":"http://sepses.ifs.tuwien.ac.at/contexts/wineventlog.jsonld","@id":"http://example.org/logEntry#logEntry-9c2ea771-46b8-4f23-8308-457e8beb46d6","processID":"0xc88","originatesFrom":{"hostName":{"name":"DESKTOP-MAC610T"},"@id":"http://example.org/sepses#697413db-9e64-4431-9ef8-c8a7f648b288","@type":"rdf:nodeID"},"accountDomain":"DESKTOP-MAC610T","handleID":"0xd40","@type":"http://purl.org/sepses/vocab/log/wineventlog#WindowsEventLogEntry","accesses":"%%4423\n\t\t\t\t","objectServer":"Security","version":1}
,{"level":"Information","accessMask":"0x80","hasLogType":"wineventlog","eventID":4663,"resourceAttributes":"S:AI","logName":"Security","keyword":["Audit Success"],"taskCategory":"File System","logonID":"0x2230c","logMessage":"An attempt was made to access an object.\n\nSubject:\n\tSecurity ID:\t\tS-1-5-21-2889181789-4222170037-1347726928-1001\n\tAccount Name:\t\tVirtual Windows 10\n\tAccount Domain:\t\tDESKTOP-MAC610T\n\tLogon ID:\t\t0x2230C\n\nObject:\n\tObject Server:\t\tSecurity\n\tObject Type:\t\tFile\n\tObject Name:\t\tC:\\Users\\Virtual Windows 10\\UserDocuments\n\tHandle ID:\t\t0xd40\n\tResource Attributes:\tS:AI\n\nProcess Information:\n\tProcess ID:\t\t0xc88\n\tProcess Name:\t\tC:\\Windows\\explorer.exe\n\nAccess Request Information:\n\tAccesses:\t\tReadAttributes\n\t\t\t\t\n\tAccess Mask:\t\t0x80","processName":"C:\\Windows\\explorer.exe","objectName":"C:\\Users\\Virtual Windows 10\\UserDocuments","upCode":"Info","objectType":"File","timestamp":"2018-09-01T16:35:03.633Z","@timestamp":"2018-09-01T16:35:03.633Z","accountName":"Virtual Windows 10","computerName":"DESKTOP-MAC610T","source":"Microsoft-Windows-Security-Auditing","@context":"http://sepses.ifs.tuwien.ac.at/contexts/wineventlog.jsonld","@id":"http://example.org/logEntry#logEntry-abb1a2b4-2d68-4180-a80b-16a46a2ddb13","processID":"0xc88","originatesFrom":{"hostName":{"name":"DESKTOP-MAC610T"},"@id":"http://example.org/sepses#12579406-b688-4029-99a7-980da6684d8f","@type":"rdf:nodeID"},"accountDomain":"DESKTOP-MAC610T","handleID":"0xd40","@type":"http://purl.org/sepses/vocab/log/wineventlog#WindowsEventLogEntry","accesses":"%%4423\n\t\t\t\t","objectServer":"Security","version":1}
,{"level":"Information","accessMask":"0x80","hasLogType":"wineventlog","eventID":4663,"resourceAttributes":"S:AI","logName":"Security","keyword":["Audit Success"],"taskCategory":"File System","logonID":"0x2230c","logMessage":"An attempt was made to access an object.\n\nSubject:\n\tSecurity ID:\t\tS-1-5-21-2889181789-4222170037-1347726928-1001\n\tAccount Name:\t\tVirtual Windows 10\n\tAccount Domain:\t\tDESKTOP-MAC610T\n\tLogon ID:\t\t0x2230C\n\nObject:\n\tObject Server:\t\tSecurity\n\tObject Type:\t\tFile\n\tObject Name:\t\tC:\\Users\\Virtual Windows 10\\UserDocuments\n\tHandle ID:\t\t0xd40\n\tResource Attributes:\tS:AI\n\nProcess Information:\n\tProcess ID:\t\t0xc88\n\tProcess Name:\t\tC:\\Windows\\explorer.exe\n\nAccess Request Information:\n\tAccesses:\t\tReadAttributes\n\t\t\t\t\n\tAccess Mask:\t\t0x80","processName":"C:\\Windows\\explorer.exe","objectName":"C:\\Users\\Virtual Windows 10\\UserDocuments","upCode":"Info","objectType":"File","timestamp":"2018-09-01T16:35:04.439Z","@timestamp":"2018-09-01T16:35:04.439Z","accountName":"Virtual Windows 10","computerName":"DESKTOP-MAC610T","source":"Microsoft-Windows-Security-Auditing","@context":"http://sepses.ifs.tuwien.ac.at/contexts/wineventlog.jsonld","@id":"http://example.org/logEntry#logEntry-11f25c0f-7dde-4944-8330-6d480e3af6b2","processID":"0xc88","originatesFrom":{"hostName":{"name":"DESKTOP-MAC610T"},"@id":"http://example.org/sepses#effb561e-bb1b-4a60-bf43-b575d4795837","@type":"rdf:nodeID"},"accountDomain":"DESKTOP-MAC610T","handleID":"0xd40","@type":"http://purl.org/sepses/vocab/log/wineventlog#WindowsEventLogEntry","accesses":"%%4423\n\t\t\t\t","objectServer":"Security","version":1}
,{"level":"Information","accessMask":"0x80","hasLogType":"wineventlog","eventID":4663,"resourceAttributes":"S:AI","logName":"Security","keyword":["Audit Success"],"taskCategory":"File System","logonID":"0x2230c","logMessage":"An attempt was made to access an object.\n\nSubject:\n\tSecurity ID:\t\tS-1-5-21-2889181789-4222170037-1347726928-1001\n\tAccount Name:\t\tVirtual Windows 10\n\tAccount Domain:\t\tDESKTOP-MAC610T\n\tLogon ID:\t\t0x2230C\n\nObject:\n\tObject Server:\t\tSecurity\n\tObject Type:\t\tFile\n\tObject Name:\t\tC:\\Users\\Virtual Windows 10\\Dropbox\n\tHandle ID:\t\t0xd40\n\tResource Attributes:\tS:AI\n\nProcess Information:\n\tProcess ID:\t\t0xc88\n\tProcess Name:\t\tC:\\Windows\\explorer.exe\n\nAccess Request Information:\n\tAccesses:\t\tReadAttributes\n\t\t\t\t\n\tAccess Mask:\t\t0x80","processName":"C:\\Windows\\explorer.exe","objectName":"C:\\Users\\Virtual Windows 10\\Dropbox","upCode":"Info","objectType":"File","timestamp":"2018-09-01T16:35:04.457Z","@timestamp":"2018-09-01T16:35:04.457Z","accountName":"Virtual Windows 10","computerName":"DESKTOP-MAC610T","source":"Microsoft-Windows-Security-Auditing","@context":"http://sepses.ifs.tuwien.ac.at/contexts/wineventlog.jsonld","@id":"http://example.org/logEntry#logEntry-62bb695b-4849-487c-96b5-062d655dbbf8","processID":"0xc88","originatesFrom":{"hostName":{"name":"DESKTOP-MAC610T"},"@id":"http://example.org/sepses#b3000e04-b02c-4825-9de4-b1f755c30ed1","@type":"rdf:nodeID"},"accountDomain":"DESKTOP-MAC610T","handleID":"0xd40","@type":"http://purl.org/sepses/vocab/log/wineventlog#WindowsEventLogEntry","accesses":"%%4423\n\t\t\t\t","objectServer":"Security","version":1}
,{"level":"Information","accessMask":"0x80","hasLogType":"wineventlog","eventID":4663,"resourceAttributes":"S:AI","logName":"Security","keyword":["Audit Success"],"taskCategory":"File System","logonID":"0x2230c","logMessage":"An attempt was made to access an object.\n\nSubject:\n\tSecurity ID:\t\tS-1-5-21-2889181789-4222170037-1347726928-1001\n\tAccount Name:\t\tVirtual Windows 10\n\tAccount Domain:\t\tDESKTOP-MAC610T\n\tLogon ID:\t\t0x2230C\n\nObject:\n\tObject Server:\t\tSecurity\n\tObject Type:\t\tFile\n\tObject Name:\t\tC:\\Users\\Virtual Windows 10\\UserDocuments\n\tHandle ID:\t\t0x13f0\n\tResource Attributes:\tS:AI\n\nProcess Information:\n\tProcess ID:\t\t0xc88\n\tProcess Name:\t\tC:\\Windows\\explorer.exe\n\nAccess Request Information:\n\tAccesses:\t\tReadAttributes\n\t\t\t\t\n\tAccess Mask:\t\t0x80","processName":"C:\\Windows\\explorer.exe","objectName":"C:\\Users\\Virtual Windows 10\\UserDocuments","upCode":"Info","objectType":"File","timestamp":"2018-09-01T16:35:06.586Z","@timestamp":"2018-09-01T16:35:06.586Z","accountName":"Virtual Windows 10","computerName":"DESKTOP-MAC610T","source":"Microsoft-Windows-Security-Auditing","@context":"http://sepses.ifs.tuwien.ac.at/contexts/wineventlog.jsonld","@id":"http://example.org/logEntry#logEntry-e55abd92-9ee7-421c-98b3-95749b694b2f","processID":"0xc88","originatesFrom":{"hostName":{"name":"DESKTOP-MAC610T"},"@id":"http://example.org/sepses#36f1e9cc-5a3d-49ba-a0ce-bf5a101d4a73","@type":"rdf:nodeID"},"accountDomain":"DESKTOP-MAC610T","handleID":"0x13f0","@type":"http://purl.org/sepses/vocab/log/wineventlog#WindowsEventLogEntry","accesses":"%%4423\n\t\t\t\t","objectServer":"Security","version":1}
,{"level":"Information","accessMask":"0x80","hasLogType":"wineventlog","eventID":4663,"resourceAttributes":"S:AI","logName":"Security","keyword":["Audit Success"],"taskCategory":"File System","logonID":"0x2230c","logMessage":"An attempt was made to access an object.\n\nSubject:\n\tSecurity ID:\t\tS-1-5-21-2889181789-4222170037-1347726928-1001\n\tAccount Name:\t\tVirtual Windows 10\n\tAccount Domain:\t\tDESKTOP-MAC610T\n\tLogon ID:\t\t0x2230C\n\nObject:\n\tObject Server:\t\tSecurity\n\tObject Type:\t\tFile\n\tObject Name:\t\tC:\\Users\\Virtual Windows 10\\UserDocuments\n\tHandle ID:\t\t0xf44\n\tResource Attributes:\tS:AI\n\nProcess Information:\n\tProcess ID:\t\t0xc88\n\tProcess Name:\t\tC:\\Windows\\explorer.exe\n\nAccess Request Information:\n\tAccesses:\t\tReadAttributes\n\t\t\t\t\n\tAccess Mask:\t\t0x80","processName":"C:\\Windows\\explorer.exe","objectName":"C:\\Users\\Virtual Windows 10\\UserDocuments","upCode":"Info","objectType":"File","timestamp":"2018-09-01T16:35:06.591Z","@timestamp":"2018-09-01T16:35:06.591Z","accountName":"Virtual Windows 10","computerName":"DESKTOP-MAC610T","source":"Microsoft-Windows-Security-Auditing","@context":"http://sepses.ifs.tuwien.ac.at/contexts/wineventlog.jsonld","@id":"http://example.org/logEntry#logEntry-5b8ddcac-9dea-47f8-9c1e-2e241c0c2517","processID":"0xc88","originatesFrom":{"hostName":{"name":"DESKTOP-MAC610T"},"@id":"http://example.org/sepses#be5564c5-4c83-4dcf-b48a-dd382b9aa435","@type":"rdf:nodeID"},"accountDomain":"DESKTOP-MAC610T","handleID":"0xf44","@type":"http://purl.org/sepses/vocab/log/wineventlog#WindowsEventLogEntry","accesses":"%%4423\n\t\t\t\t","objectServer":"Security","version":1}
,{"level":"Information","accessMask":"0x80","hasLogType":"wineventlog","eventID":4663,"resourceAttributes":"S:AI","logName":"Security","keyword":["Audit Success"],"taskCategory":"File System","logonID":"0x2230c","logMessage":"An attempt was made to access an object.\n\nSubject:\n\tSecurity ID:\t\tS-1-5-21-2889181789-4222170037-1347726928-1001\n\tAccount Name:\t\tVirtual Windows 10\n\tAccount Domain:\t\tDESKTOP-MAC610T\n\tLogon ID:\t\t0x2230C\n\nObject:\n\tObject Server:\t\tSecurity\n\tObject Type:\t\tFile\n\tObject Name:\t\tC:\\Users\\Virtual Windows 10\\Dropbox\n\tHandle ID:\t\t0x2ed0\n\tResource Attributes:\tS:AI\n\nProcess Information:\n\tProcess ID:\t\t0xc88\n\tProcess Name:\t\tC:\\Windows\\explorer.exe\n\nAccess Request Information:\n\tAccesses:\t\tReadAttributes\n\t\t\t\t\n\tAccess Mask:\t\t0x80","processName":"C:\\Windows\\explorer.exe","objectName":"C:\\Users\\Virtual Windows 10\\Dropbox","upCode":"Info","objectType":"File","timestamp":"2018-09-01T16:35:09.124Z","@timestamp":"2018-09-01T16:35:09.124Z","accountName":"Virtual Windows 10","computerName":"DESKTOP-MAC610T","source":"Microsoft-Windows-Security-Auditing","@context":"http://sepses.ifs.tuwien.ac.at/contexts/wineventlog.jsonld","@id":"http://example.org/logEntry#logEntry-20582740-21e9-4521-b451-eee8eaa4729c","processID":"0xc88","originatesFrom":{"hostName":{"name":"DESKTOP-MAC610T"},"@id":"http://example.org/sepses#24fc2d3d-27d3-4423-901b-c26d6e751a08","@type":"rdf:nodeID"},"accountDomain":"DESKTOP-MAC610T","handleID":"0x2ed0","@type":"http://purl.org/sepses/vocab/log/wineventlog#WindowsEventLogEntry","accesses":"%%4423\n\t\t\t\t","objectServer":"Security","version":1}
,{"level":"Information","accessMask":"0x80","hasLogType":"wineventlog","eventID":4663,"resourceAttributes":"S:AI","logName":"Security","keyword":["Audit Success"],"taskCategory":"File System","logonID":"0x2230c","logMessage":"An attempt was made to access an object.\n\nSubject:\n\tSecurity ID:\t\tS-1-5-21-2889181789-4222170037-1347726928-1001\n\tAccount Name:\t\tVirtual Windows 10\n\tAccount Domain:\t\tDESKTOP-MAC610T\n\tLogon ID:\t\t0x2230C\n\nObject:\n\tObject Server:\t\tSecurity\n\tObject Type:\t\tFile\n\tObject Name:\t\tC:\\Users\\Virtual Windows 10\\Dropbox\n\tHandle ID:\t\t0x27f0\n\tResource Attributes:\tS:AI\n\nProcess Information:\n\tProcess ID:\t\t0xc88\n\tProcess Name:\t\tC:\\Windows\\explorer.exe\n\nAccess Request Information:\n\tAccesses:\t\tReadAttributes\n\t\t\t\t\n\tAccess Mask:\t\t0x80","processName":"C:\\Windows\\explorer.exe","objectName":"C:\\Users\\Virtual Windows 10\\Dropbox","upCode":"Info","objectType":"File","timestamp":"2018-09-01T16:35:09.167Z","@timestamp":"2018-09-01T16:35:09.167Z","accountName":"Virtual Windows 10","computerName":"DESKTOP-MAC610T","source":"Microsoft-Windows-Security-Auditing","@context":"http://sepses.ifs.tuwien.ac.at/contexts/wineventlog.jsonld","@id":"http://example.org/logEntry#logEntry-be050fad-1a3e-4ac0-b324-291d2dcadb0b","processID":"0xc88","originatesFrom":{"hostName":{"name":"DESKTOP-MAC610T"},"@id":"http://example.org/sepses#06f688ed-a367-41a7-a003-e9204496c34b","@type":"rdf:nodeID"},"accountDomain":"DESKTOP-MAC610T","handleID":"0x27f0","@type":"http://purl.org/sepses/vocab/log/wineventlog#WindowsEventLogEntry","accesses":"%%4423\n\t\t\t\t","objectServer":"Security","version":1}
,{"level":"Information","accessMask":"0x80","hasLogType":"wineventlog","eventID":4663,"resourceAttributes":"S:AI","logName":"Security","keyword":["Audit Success"],"taskCategory":"File System","logonID":"0x2230c","logMessage":"An attempt was made to access an object.\n\nSubject:\n\tSecurity ID:\t\tS-1-5-21-2889181789-4222170037-1347726928-1001\n\tAccount Name:\t\tVirtual Windows 10\n\tAccount Domain:\t\tDESKTOP-MAC610T\n\tLogon ID:\t\t0x2230C\n\nObject:\n\tObject Server:\t\tSecurity\n\tObject Type:\t\tFile\n\tObject Name:\t\tC:\\Users\\Virtual Windows 10\\Dropbox\n\tHandle ID:\t\t0x1368\n\tResource Attributes:\tS:AI\n\nProcess Information:\n\tProcess ID:\t\t0xc88\n\tProcess Name:\t\tC:\\Windows\\explorer.exe\n\nAccess Request Information:\n\tAccesses:\t\tReadAttributes\n\t\t\t\t\n\tAccess Mask:\t\t0x80","processName":"C:\\Windows\\explorer.exe","objectName":"C:\\Users\\Virtual Windows 10\\Dropbox","upCode":"Info","objectType":"File","timestamp":"2018-09-01T16:35:09.176Z","@timestamp":"2018-09-01T16:35:09.176Z","accountName":"Virtual Windows 10","computerName":"DESKTOP-MAC610T","source":"Microsoft-Windows-Security-Auditing","@context":"http://sepses.ifs.tuwien.ac.at/contexts/wineventlog.jsonld","@id":"http://example.org/logEntry#logEntry-48d79598-7b93-4942-a0cc-5adf7fcaf7d3","processID":"0xc88","originatesFrom":{"hostName":{"name":"DESKTOP-MAC610T"},"@id":"http://example.org/sepses#d92e909b-e56d-40f5-b490-6335ba0d45d3","@type":"rdf:nodeID"},"accountDomain":"DESKTOP-MAC610T","handleID":"0x1368","@type":"http://purl.org/sepses/vocab/log/wineventlog#WindowsEventLogEntry","accesses":"%%4423\n\t\t\t\t","objectServer":"Security","version":1}
,{"level":"Information","accessMask":"0x80","hasLogType":"wineventlog","eventID":4663,"resourceAttributes":"S:AI","logName":"Security","keyword":["Audit Success"],"taskCategory":"File System","logonID":"0x2230c","logMessage":"An attempt was made to access an object.\n\nSubject:\n\tSecurity ID:\t\tS-1-5-21-2889181789-4222170037-1347726928-1001\n\tAccount Name:\t\tVirtual Windows 10\n\tAccount Domain:\t\tDESKTOP-MAC610T\n\tLogon ID:\t\t0x2230C\n\nObject:\n\tObject Server:\t\tSecurity\n\tObject Type:\t\tFile\n\tObject Name:\t\tC:\\Users\\Virtual Windows 10\\Dropbox\n\tHandle ID:\t\t0x1368\n\tResource Attributes:\tS:AI\n\nProcess Information:\n\tProcess ID:\t\t0xc88\n\tProcess Name:\t\tC:\\Windows\\explorer.exe\n\nAccess Request Information:\n\tAccesses:\t\tReadAttributes\n\t\t\t\t\n\tAccess Mask:\t\t0x80","processName":"C:\\Windows\\explorer.exe","objectName":"C:\\Users\\Virtual Windows 10\\Dropbox","upCode":"Info","objectType":"File","timestamp":"2018-09-01T16:35:09.176Z","@timestamp":"2018-09-01T16:35:09.176Z","accountName":"Virtual Windows 10","computerName":"DESKTOP-MAC610T","source":"Microsoft-Windows-Security-Auditing","@context":"http://sepses.ifs.tuwien.ac.at/contexts/wineventlog.jsonld","@id":"http://example.org/logEntry#logEntry-e61c6016-64a3-478a-a8fa-1ddb5ce157af","processID":"0xc88","originatesFrom":{"hostName":{"name":"DESKTOP-MAC610T"},"@id":"http://example.org/sepses#c4aad0ad-8dcf-4138-a4f0-25f2ef51c5b2","@type":"rdf:nodeID"},"accountDomain":"DESKTOP-MAC610T","handleID":"0x1368","@type":"http://purl.org/sepses/vocab/log/wineventlog#WindowsEventLogEntry","accesses":"%%4423\n\t\t\t\t","objectServer":"Security","version":1}
,{"level":"Information","accessMask":"0x80","hasLogType":"wineventlog","eventID":4663,"resourceAttributes":"S:AI","logName":"Security","keyword":["Audit Success"],"taskCategory":"File System","logonID":"0x2230c","logMessage":"An attempt was made to access an object.\n\nSubject:\n\tSecurity ID:\t\tS-1-5-21-2889181789-4222170037-1347726928-1001\n\tAccount Name:\t\tVirtual Windows 10\n\tAccount Domain:\t\tDESKTOP-MAC610T\n\tLogon ID:\t\t0x2230C\n\nObject:\n\tObject Server:\t\tSecurity\n\tObject Type:\t\tFile\n\tObject Name:\t\tC:\\Users\\Virtual Windows 10\\UserDocuments\n\tHandle ID:\t\t0x1f94\n\tResource Attributes:\tS:AI\n\nProcess Information:\n\tProcess ID:\t\t0xc88\n\tProcess Name:\t\tC:\\Windows\\explorer.exe\n\nAccess Request Information:\n\tAccesses:\t\tReadAttributes\n\t\t\t\t\n\tAccess Mask:\t\t0x80","processName":"C:\\Windows\\explorer.exe","objectName":"C:\\Users\\Virtual Windows 10\\UserDocuments","upCode":"Info","objectType":"File","timestamp":"2018-09-01T16:35:09.214Z","@timestamp":"2018-09-01T16:35:09.214Z","accountName":"Virtual Windows 10","computerName":"DESKTOP-MAC610T","source":"Microsoft-Windows-Security-Auditing","@context":"http://sepses.ifs.tuwien.ac.at/contexts/wineventlog.jsonld","@id":"http://example.org/logEntry#logEntry-6af1991e-60d8-41bf-b8a1-2cee765d8b13","processID":"0xc88","originatesFrom":{"hostName":{"name":"DESKTOP-MAC610T"},"@id":"http://example.org/sepses#aa5102bb-e049-4283-af34-7861ee6d7528","@type":"rdf:nodeID"},"accountDomain":"DESKTOP-MAC610T","handleID":"0x1f94","@type":"http://purl.org/sepses/vocab/log/wineventlog#WindowsEventLogEntry","accesses":"%%4423\n\t\t\t\t","objectServer":"Security","version":1}
,{"level":"Information","accessMask":"0x80","hasLogType":"wineventlog","eventID":4663,"resourceAttributes":"S:AI","logName":"Security","keyword":["Audit Success"],"taskCategory":"File System","logonID":"0x2230c","logMessage":"An attempt was made to access an object.\n\nSubject:\n\tSecurity ID:\t\tS-1-5-21-2889181789-4222170037-1347726928-1001\n\tAccount Name:\t\tVirtual Windows 10\n\tAccount Domain:\t\tDESKTOP-MAC610T\n\tLogon ID:\t\t0x2230C\n\nObject:\n\tObject Server:\t\tSecurity\n\tObject Type:\t\tFile\n\tObject Name:\t\tC:\\Users\\Virtual Windows 10\\Dropbox\n\tHandle ID:\t\t0x1a88\n\tResource Attributes:\tS:AI\n\nProcess Information:\n\tProcess ID:\t\t0xc88\n\tProcess Name:\t\tC:\\Windows\\explorer.exe\n\nAccess Request Information:\n\tAccesses:\t\tReadAttributes\n\t\t\t\t\n\tAccess Mask:\t\t0x80","processName":"C:\\Windows\\explorer.exe","objectName":"C:\\Users\\Virtual Windows 10\\Dropbox","upCode":"Info","objectType":"File","timestamp":"2018-09-01T16:35:09.230Z","@timestamp":"2018-09-01T16:35:09.230Z","accountName":"Virtual Windows 10","computerName":"DESKTOP-MAC610T","source":"Microsoft-Windows-Security-Auditing","@context":"http://sepses.ifs.tuwien.ac.at/contexts/wineventlog.jsonld","@id":"http://example.org/logEntry#logEntry-370ba212-3f13-4797-97f3-e39da40291cc","processID":"0xc88","originatesFrom":{"hostName":{"name":"DESKTOP-MAC610T"},"@id":"http://example.org/sepses#9c4f71cf-5b5b-4509-8ad4-0ad4e8f93752","@type":"rdf:nodeID"},"accountDomain":"DESKTOP-MAC610T","handleID":"0x1a88","@type":"http://purl.org/sepses/vocab/log/wineventlog#WindowsEventLogEntry","accesses":"%%4423\n\t\t\t\t","objectServer":"Security","version":1}
,{"level":"Information","accessMask":"0x80","hasLogType":"wineventlog","eventID":4663,"resourceAttributes":"S:AI","logName":"Security","keyword":["Audit Success"],"taskCategory":"File System","logonID":"0x2230c","logMessage":"An attempt was made to access an object.\n\nSubject:\n\tSecurity ID:\t\tS-1-5-21-2889181789-4222170037-1347726928-1001\n\tAccount Name:\t\tVirtual Windows 10\n\tAccount Domain:\t\tDESKTOP-MAC610T\n\tLogon ID:\t\t0x2230C\n\nObject:\n\tObject Server:\t\tSecurity\n\tObject Type:\t\tFile\n\tObject Name:\t\tC:\\Users\\Virtual Windows 10\\Dropbox\n\tHandle ID:\t\t0x2024\n\tResource Attributes:\tS:AI\n\nProcess Information:\n\tProcess ID:\t\t0x1974\n\tProcess Name:\t\tC:\\Program Files (x86)\\Dropbox\\Client\\Dropbox.exe\n\nAccess Request Information:\n\tAccesses:\t\tReadAttributes\n\t\t\t\t\n\tAccess Mask:\t\t0x80","processName":"C:\\Program Files (x86)\\Dropbox\\Client\\Dropbox.exe","objectName":"C:\\Users\\Virtual Windows 10\\Dropbox","upCode":"Info","objectType":"File","timestamp":"2018-09-01T16:35:09.996Z","@timestamp":"2018-09-01T16:35:09.996Z","accountName":"Virtual Windows 10","computerName":"DESKTOP-MAC610T","source":"Microsoft-Windows-Security-Auditing","@context":"http://sepses.ifs.tuwien.ac.at/contexts/wineventlog.jsonld","@id":"http://example.org/logEntry#logEntry-94f672d6-99f1-4152-ae84-6edc7d883ece","processID":"0x1974","originatesFrom":{"hostName":{"name":"DESKTOP-MAC610T"},"@id":"http://example.org/sepses#6ea50ce9-c1c3-4f78-a0d1-67bc731952d8","@type":"rdf:nodeID"},"accountDomain":"DESKTOP-MAC610T","handleID":"0x2024","@type":"http://purl.org/sepses/vocab/log/wineventlog#WindowsEventLogEntry","accesses":"%%4423\n\t\t\t\t","objectServer":"Security","version":1}
,{"level":"Information","accessMask":"0x80","hasLogType":"wineventlog","eventID":4663,"resourceAttributes":"S:AI","logName":"Security","keyword":["Audit Success"],"taskCategory":"File System","logonID":"0x2230c","logMessage":"An attempt was made to access an object.\n\nSubject:\n\tSecurity ID:\t\tS-1-5-21-2889181789-4222170037-1347726928-1001\n\tAccount Name:\t\tVirtual Windows 10\n\tAccount Domain:\t\tDESKTOP-MAC610T\n\tLogon ID:\t\t0x2230C\n\nObject:\n\tObject Server:\t\tSecurity\n\tObject Type:\t\tFile\n\tObject Name:\t\tC:\\Users\\Virtual Windows 10\\Dropbox\n\tHandle ID:\t\t0x201c\n\tResource Attributes:\tS:AI\n\nProcess Information:\n\tProcess ID:\t\t0x1974\n\tProcess Name:\t\tC:\\Program Files (x86)\\Dropbox\\Client\\Dropbox.exe\n\nAccess Request Information:\n\tAccesses:\t\tReadAttributes\n\t\t\t\t\n\tAccess Mask:\t\t0x80","processName":"C:\\Program Files (x86)\\Dropbox\\Client\\Dropbox.exe","objectName":"C:\\Users\\Virtual Windows 10\\Dropbox","upCode":"Info","objectType":"File","timestamp":"2018-09-01T16:35:09.998Z","@timestamp":"2018-09-01T16:35:09.998Z","accountName":"Virtual Windows 10","computerName":"DESKTOP-MAC610T","source":"Microsoft-Windows-Security-Auditing","@context":"http://sepses.ifs.tuwien.ac.at/contexts/wineventlog.jsonld","@id":"http://example.org/logEntry#logEntry-2d6965f4-cd39-43d2-9990-99d15b37c6e9","processID":"0x1974","originatesFrom":{"hostName":{"name":"DESKTOP-MAC610T"},"@id":"http://example.org/sepses#d98adf58-e6aa-42df-8e04-b21f07292d40","@type":"rdf:nodeID"},"accountDomain":"DESKTOP-MAC610T","handleID":"0x201c","@type":"http://purl.org/sepses/vocab/log/wineventlog#WindowsEventLogEntry","accesses":"%%4423\n\t\t\t\t","objectServer":"Security","version":1}
,{"level":"Information","accessMask":"0x80","hasLogType":"wineventlog","eventID":4663,"resourceAttributes":"S:AI","logName":"Security","keyword":["Audit Success"],"taskCategory":"File System","logonID":"0x2230c","logMessage":"An attempt was made to access an object.\n\nSubject:\n\tSecurity ID:\t\tS-1-5-21-2889181789-4222170037-1347726928-1001\n\tAccount Name:\t\tVirtual Windows 10\n\tAccount Domain:\t\tDESKTOP-MAC610T\n\tLogon ID:\t\t0x2230C\n\nObject:\n\tObject Server:\t\tSecurity\n\tObject Type:\t\tFile\n\tObject Name:\t\tC:\\Users\\Virtual Windows 10\\Dropbox\n\tHandle ID:\t\t0x201c\n\tResource Attributes:\tS:AI\n\nProcess Information:\n\tProcess ID:\t\t0x1974\n\tProcess Name:\t\tC:\\Program Files (x86)\\Dropbox\\Client\\Dropbox.exe\n\nAccess Request Information:\n\tAccesses:\t\tReadAttributes\n\t\t\t\t\n\tAccess Mask:\t\t0x80","processName":"C:\\Program Files (x86)\\Dropbox\\Client\\Dropbox.exe","objectName":"C:\\Users\\Virtual Windows 10\\Dropbox","upCode":"Info","objectType":"File","timestamp":"2018-09-01T16:35:09.999Z","@timestamp":"2018-09-01T16:35:09.999Z","accountName":"Virtual Windows 10","computerName":"DESKTOP-MAC610T","source":"Microsoft-Windows-Security-Auditing","@context":"http://sepses.ifs.tuwien.ac.at/contexts/wineventlog.jsonld","@id":"http://example.org/logEntry#logEntry-3022b9ef-6d6b-481f-ba9a-1538cf0bcfa5","processID":"0x1974","originatesFrom":{"hostName":{"name":"DESKTOP-MAC610T"},"@id":"http://example.org/sepses#6ba75473-1502-459f-acbd-c02be9e71338","@type":"rdf:nodeID"},"accountDomain":"DESKTOP-MAC610T","handleID":"0x201c","@type":"http://purl.org/sepses/vocab/log/wineventlog#WindowsEventLogEntry","accesses":"%%4423\n\t\t\t\t","objectServer":"Security","version":1}
,{"level":"Information","accessMask":"0x80","hasLogType":"wineventlog","eventID":4663,"resourceAttributes":"S:AI","logName":"Security","keyword":["Audit Success"],"taskCategory":"File System","logonID":"0x2230c","logMessage":"An attempt was made to access an object.\n\nSubject:\n\tSecurity ID:\t\tS-1-5-21-2889181789-4222170037-1347726928-1001\n\tAccount Name:\t\tVirtual Windows 10\n\tAccount Domain:\t\tDESKTOP-MAC610T\n\tLogon ID:\t\t0x2230C\n\nObject:\n\tObject Server:\t\tSecurity\n\tObject Type:\t\tFile\n\tObject Name:\t\tC:\\Users\\Virtual Windows 10\\Dropbox\n\tHandle ID:\t\t0x201c\n\tResource Attributes:\tS:AI\n\nProcess Information:\n\tProcess ID:\t\t0x1974\n\tProcess Name:\t\tC:\\Program Files (x86)\\Dropbox\\Client\\Dropbox.exe\n\nAccess Request Information:\n\tAccesses:\t\tReadAttributes\n\t\t\t\t\n\tAccess Mask:\t\t0x80","processName":"C:\\Program Files (x86)\\Dropbox\\Client\\Dropbox.exe","objectName":"C:\\Users\\Virtual Windows 10\\Dropbox","upCode":"Info","objectType":"File","timestamp":"2018-09-01T16:35:09.999Z","@timestamp":"2018-09-01T16:35:09.999Z","accountName":"Virtual Windows 10","computerName":"DESKTOP-MAC610T","source":"Microsoft-Windows-Security-Auditing","@context":"http://sepses.ifs.tuwien.ac.at/contexts/wineventlog.jsonld","@id":"http://example.org/logEntry#logEntry-d3974a4e-2bb2-45c2-abd8-6a0fc41b5b06","processID":"0x1974","originatesFrom":{"hostName":{"name":"DESKTOP-MAC610T"},"@id":"http://example.org/sepses#ffcba711-31a3-475b-86d6-5e11d9906c94","@type":"rdf:nodeID"},"accountDomain":"DESKTOP-MAC610T","handleID":"0x201c","@type":"http://purl.org/sepses/vocab/log/wineventlog#WindowsEventLogEntry","accesses":"%%4423\n\t\t\t\t","objectServer":"Security","version":1}
,{"level":"Information","accessMask":"0x80","hasLogType":"wineventlog","eventID":4663,"resourceAttributes":"S:AI","logName":"Security","keyword":["Audit Success"],"taskCategory":"File System","logonID":"0x2230c","logMessage":"An attempt was made to access an object.\n\nSubject:\n\tSecurity ID:\t\tS-1-5-21-2889181789-4222170037-1347726928-1001\n\tAccount Name:\t\tVirtual Windows 10\n\tAccount Domain:\t\tDESKTOP-MAC610T\n\tLogon ID:\t\t0x2230C\n\nObject:\n\tObject Server:\t\tSecurity\n\tObject Type:\t\tFile\n\tObject Name:\t\tC:\\Users\\Virtual Windows 10\\Dropbox\n\tHandle ID:\t\t0x201c\n\tResource Attributes:\tS:AI\n\nProcess Information:\n\tProcess ID:\t\t0x1974\n\tProcess Name:\t\tC:\\Program Files (x86)\\Dropbox\\Client\\Dropbox.exe\n\nAccess Request Information:\n\tAccesses:\t\tReadAttributes\n\t\t\t\t\n\tAccess Mask:\t\t0x80","processName":"C:\\Program Files (x86)\\Dropbox\\Client\\Dropbox.exe","objectName":"C:\\Users\\Virtual Windows 10\\Dropbox","upCode":"Info","objectType":"File","timestamp":"2018-09-01T16:35:10.000Z","@timestamp":"2018-09-01T16:35:10.000Z","accountName":"Virtual Windows 10","computerName":"DESKTOP-MAC610T","source":"Microsoft-Windows-Security-Auditing","@context":"http://sepses.ifs.tuwien.ac.at/contexts/wineventlog.jsonld","@id":"http://example.org/logEntry#logEntry-1610fd1c-d285-4716-a89a-c2f7b4918331","processID":"0x1974","originatesFrom":{"hostName":{"name":"DESKTOP-MAC610T"},"@id":"http://example.org/sepses#3add2796-f56e-42ff-93a5-387c99a462ef","@type":"rdf:nodeID"},"accountDomain":"DESKTOP-MAC610T","handleID":"0x201c","@type":"http://purl.org/sepses/vocab/log/wineventlog#WindowsEventLogEntry","accesses":"%%4423\n\t\t\t\t","objectServer":"Security","version":1}
,{"level":"Information","accessMask":"0x80","hasLogType":"wineventlog","eventID":4663,"resourceAttributes":"S:AI","logName":"Security","keyword":["Audit Success"],"taskCategory":"File System","logonID":"0x2230c","logMessage":"An attempt was made to access an object.\n\nSubject:\n\tSecurity ID:\t\tS-1-5-21-2889181789-4222170037-1347726928-1001\n\tAccount Name:\t\tVirtual Windows 10\n\tAccount Domain:\t\tDESKTOP-MAC610T\n\tLogon ID:\t\t0x2230C\n\nObject:\n\tObject Server:\t\tSecurity\n\tObject Type:\t\tFile\n\tObject Name:\t\tC:\\Users\\Virtual Windows 10\\Dropbox\n\tHandle ID:\t\t0x201c\n\tResource Attributes:\tS:AI\n\nProcess Information:\n\tProcess ID:\t\t0x1974\n\tProcess Name:\t\tC:\\Program Files (x86)\\Dropbox\\Client\\Dropbox.exe\n\nAccess Request Information:\n\tAccesses:\t\tReadAttributes\n\t\t\t\t\n\tAccess Mask:\t\t0x80","processName":"C:\\Program Files (x86)\\Dropbox\\Client\\Dropbox.exe","objectName":"C:\\Users\\Virtual Windows 10\\Dropbox","upCode":"Info","objectType":"File","timestamp":"2018-09-01T16:35:10.000Z","@timestamp":"2018-09-01T16:35:10.000Z","accountName":"Virtual Windows 10","computerName":"DESKTOP-MAC610T","source":"Microsoft-Windows-Security-Auditing","@context":"http://sepses.ifs.tuwien.ac.at/contexts/wineventlog.jsonld","@id":"http://example.org/logEntry#logEntry-97af98b6-bf15-485b-b2c3-b830bf35dd5a","processID":"0x1974","originatesFrom":{"hostName":{"name":"DESKTOP-MAC610T"},"@id":"http://example.org/sepses#7ea85d76-3098-4080-a7cd-b0cd26233232","@type":"rdf:nodeID"},"accountDomain":"DESKTOP-MAC610T","handleID":"0x201c","@type":"http://purl.org/sepses/vocab/log/wineventlog#WindowsEventLogEntry","accesses":"%%4423\n\t\t\t\t","objectServer":"Security","version":1}
,{"level":"Information","accessMask":"0x80","hasLogType":"wineventlog","eventID":4663,"resourceAttributes":"S:AI","logName":"Security","keyword":["Audit Success"],"taskCategory":"File System","logonID":"0x2230c","logMessage":"An attempt was made to access an object.\n\nSubject:\n\tSecurity ID:\t\tS-1-5-21-2889181789-4222170037-1347726928-1001\n\tAccount Name:\t\tVirtual Windows 10\n\tAccount Domain:\t\tDESKTOP-MAC610T\n\tLogon ID:\t\t0x2230C\n\nObject:\n\tObject Server:\t\tSecurity\n\tObject Type:\t\tFile\n\tObject Name:\t\tC:\\Users\\Virtual Windows 10\\Dropbox\n\tHandle ID:\t\t0x201c\n\tResource Attributes:\tS:AI\n\nProcess Information:\n\tProcess ID:\t\t0x1974\n\tProcess Name:\t\tC:\\Program Files (x86)\\Dropbox\\Client\\Dropbox.exe\n\nAccess Request Information:\n\tAccesses:\t\tReadAttributes\n\t\t\t\t\n\tAccess Mask:\t\t0x80","processName":"C:\\Program Files (x86)\\Dropbox\\Client\\Dropbox.exe","objectName":"C:\\Users\\Virtual Windows 10\\Dropbox","upCode":"Info","objectType":"File","timestamp":"2018-09-01T16:35:10.001Z","@timestamp":"2018-09-01T16:35:10.001Z","accountName":"Virtual Windows 10","computerName":"DESKTOP-MAC610T","source":"Microsoft-Windows-Security-Auditing","@context":"http://sepses.ifs.tuwien.ac.at/contexts/wineventlog.jsonld","@id":"http://example.org/logEntry#logEntry-6f192384-cd97-4764-876d-bdf832744b19","processID":"0x1974","originatesFrom":{"hostName":{"name":"DESKTOP-MAC610T"},"@id":"http://example.org/sepses#c87c062e-1b1b-4ac1-aa54-7c1dff09fb19","@type":"rdf:nodeID"},"accountDomain":"DESKTOP-MAC610T","handleID":"0x201c","@type":"http://purl.org/sepses/vocab/log/wineventlog#WindowsEventLogEntry","accesses":"%%4423\n\t\t\t\t","objectServer":"Security","version":1}
,{"level":"Information","accessMask":"0x80","hasLogType":"wineventlog","eventID":4663,"resourceAttributes":"S:AI","logName":"Security","keyword":["Audit Success"],"taskCategory":"File System","logonID":"0x2230c","logMessage":"An attempt was made to access an object.\n\nSubject:\n\tSecurity ID:\t\tS-1-5-21-2889181789-4222170037-1347726928-1001\n\tAccount Name:\t\tVirtual Windows 10\n\tAccount Domain:\t\tDESKTOP-MAC610T\n\tLogon ID:\t\t0x2230C\n\nObject:\n\tObject Server:\t\tSecurity\n\tObject Type:\t\tFile\n\tObject Name:\t\tC:\\Users\\Virtual Windows 10\\Dropbox\n\tHandle ID:\t\t0x201c\n\tResource Attributes:\tS:AI\n\nProcess Information:\n\tProcess ID:\t\t0x1974\n\tProcess Name:\t\tC:\\Program Files (x86)\\Dropbox\\Client\\Dropbox.exe\n\nAccess Request Information:\n\tAccesses:\t\tReadAttributes\n\t\t\t\t\n\tAccess Mask:\t\t0x80","processName":"C:\\Program Files (x86)\\Dropbox\\Client\\Dropbox.exe","objectName":"C:\\Users\\Virtual Windows 10\\Dropbox","upCode":"Info","objectType":"File","timestamp":"2018-09-01T16:35:10.001Z","@timestamp":"2018-09-01T16:35:10.001Z","accountName":"Virtual Windows 10","computerName":"DESKTOP-MAC610T","source":"Microsoft-Windows-Security-Auditing","@context":"http://sepses.ifs.tuwien.ac.at/contexts/wineventlog.jsonld","@id":"http://example.org/logEntry#logEntry-397aa35f-ab3c-4517-baae-d4be5fadcffa","processID":"0x1974","originatesFrom":{"hostName":{"name":"DESKTOP-MAC610T"},"@id":"http://example.org/sepses#0d0fdd58-df4f-440e-9d79-92b91dc3866f","@type":"rdf:nodeID"},"accountDomain":"DESKTOP-MAC610T","handleID":"0x201c","@type":"http://purl.org/sepses/vocab/log/wineventlog#WindowsEventLogEntry","accesses":"%%4423\n\t\t\t\t","objectServer":"Security","version":1}
,{"level":"Information","accessMask":"0x80","hasLogType":"wineventlog","eventID":4663,"resourceAttributes":"S:AI","logName":"Security","keyword":["Audit Success"],"taskCategory":"File System","logonID":"0x2230c","logMessage":"An attempt was made to access an object.\n\nSubject:\n\tSecurity ID:\t\tS-1-5-21-2889181789-4222170037-1347726928-1001\n\tAccount Name:\t\tVirtual Windows 10\n\tAccount Domain:\t\tDESKTOP-MAC610T\n\tLogon ID:\t\t0x2230C\n\nObject:\n\tObject Server:\t\tSecurity\n\tObject Type:\t\tFile\n\tObject Name:\t\tC:\\Users\\Virtual Windows 10\\Dropbox\n\tHandle ID:\t\t0x201c\n\tResource Attributes:\tS:AI\n\nProcess Information:\n\tProcess ID:\t\t0x1974\n\tProcess Name:\t\tC:\\Program Files (x86)\\Dropbox\\Client\\Dropbox.exe\n\nAccess Request Information:\n\tAccesses:\t\tReadAttributes\n\t\t\t\t\n\tAccess Mask:\t\t0x80","processName":"C:\\Program Files (x86)\\Dropbox\\Client\\Dropbox.exe","objectName":"C:\\Users\\Virtual Windows 10\\Dropbox","upCode":"Info","objectType":"File","timestamp":"2018-09-01T16:35:10.002Z","@timestamp":"2018-09-01T16:35:10.002Z","accountName":"Virtual Windows 10","computerName":"DESKTOP-MAC610T","source":"Microsoft-Windows-Security-Auditing","@context":"http://sepses.ifs.tuwien.ac.at/contexts/wineventlog.jsonld","@id":"http://example.org/logEntry#logEntry-cbaed61e-a817-443a-ae77-a533676721b4","processID":"0x1974","originatesFrom":{"hostName":{"name":"DESKTOP-MAC610T"},"@id":"http://example.org/sepses#34dd1490-005b-4e4b-a26c-feeab28348de","@type":"rdf:nodeID"},"accountDomain":"DESKTOP-MAC610T","handleID":"0x201c","@type":"http://purl.org/sepses/vocab/log/wineventlog#WindowsEventLogEntry","accesses":"%%4423\n\t\t\t\t","objectServer":"Security","version":1}
,{"level":"Information","accessMask":"0x80","hasLogType":"wineventlog","eventID":4663,"resourceAttributes":"S:AI","logName":"Security","keyword":["Audit Success"],"taskCategory":"File System","logonID":"0x2230c","logMessage":"An attempt was made to access an object.\n\nSubject:\n\tSecurity ID:\t\tS-1-5-21-2889181789-4222170037-1347726928-1001\n\tAccount Name:\t\tVirtual Windows 10\n\tAccount Domain:\t\tDESKTOP-MAC610T\n\tLogon ID:\t\t0x2230C\n\nObject:\n\tObject Server:\t\tSecurity\n\tObject Type:\t\tFile\n\tObject Name:\t\tC:\\Users\\Virtual Windows 10\\Dropbox\n\tHandle ID:\t\t0x201c\n\tResource Attributes:\tS:AI\n\nProcess Information:\n\tProcess ID:\t\t0x1974\n\tProcess Name:\t\tC:\\Program Files (x86)\\Dropbox\\Client\\Dropbox.exe\n\nAccess Request Information:\n\tAccesses:\t\tReadAttributes\n\t\t\t\t\n\tAccess Mask:\t\t0x80","processName":"C:\\Program Files (x86)\\Dropbox\\Client\\Dropbox.exe","objectName":"C:\\Users\\Virtual Windows 10\\Dropbox","upCode":"Info","objectType":"File","timestamp":"2018-09-01T16:35:10.002Z","@timestamp":"2018-09-01T16:35:10.002Z","accountName":"Virtual Windows 10","computerName":"DESKTOP-MAC610T","source":"Microsoft-Windows-Security-Auditing","@context":"http://sepses.ifs.tuwien.ac.at/contexts/wineventlog.jsonld","@id":"http://example.org/logEntry#logEntry-93f7fe17-c3cc-4a91-9cd7-87cd74a70666","processID":"0x1974","originatesFrom":{"hostName":{"name":"DESKTOP-MAC610T"},"@id":"http://example.org/sepses#acdce885-8f41-4cd3-a49d-2cbeef877b13","@type":"rdf:nodeID"},"accountDomain":"DESKTOP-MAC610T","handleID":"0x201c","@type":"http://purl.org/sepses/vocab/log/wineventlog#WindowsEventLogEntry","accesses":"%%4423\n\t\t\t\t","objectServer":"Security","version":1}
,{"level":"Information","accessMask":"0x80","hasLogType":"wineventlog","eventID":4663,"resourceAttributes":"S:AI","logName":"Security","keyword":["Audit Success"],"taskCategory":"File System","logonID":"0x2230c","logMessage":"An attempt was made to access an object.\n\nSubject:\n\tSecurity ID:\t\tS-1-5-21-2889181789-4222170037-1347726928-1001\n\tAccount Name:\t\tVirtual Windows 10\n\tAccount Domain:\t\tDESKTOP-MAC610T\n\tLogon ID:\t\t0x2230C\n\nObject:\n\tObject Server:\t\tSecurity\n\tObject Type:\t\tFile\n\tObject Name:\t\tC:\\Users\\Virtual Windows 10\\Dropbox\n\tHandle ID:\t\t0x201c\n\tResource Attributes:\tS:AI\n\nProcess Information:\n\tProcess ID:\t\t0x1974\n\tProcess Name:\t\tC:\\Program Files (x86)\\Dropbox\\Client\\Dropbox.exe\n\nAccess Request Information:\n\tAccesses:\t\tReadAttributes\n\t\t\t\t\n\tAccess Mask:\t\t0x80","processName":"C:\\Program Files (x86)\\Dropbox\\Client\\Dropbox.exe","objectName":"C:\\Users\\Virtual Windows 10\\Dropbox","upCode":"Info","objectType":"File","timestamp":"2018-09-01T16:35:10.003Z","@timestamp":"2018-09-01T16:35:10.003Z","accountName":"Virtual Windows 10","computerName":"DESKTOP-MAC610T","source":"Microsoft-Windows-Security-Auditing","@context":"http://sepses.ifs.tuwien.ac.at/contexts/wineventlog.jsonld","@id":"http://example.org/logEntry#logEntry-e4e738a3-c57d-4544-a2af-bd4d0531a552","processID":"0x1974","originatesFrom":{"hostName":{"name":"DESKTOP-MAC610T"},"@id":"http://example.org/sepses#e1df9b1a-6b5b-4e53-b5e2-262f952dba33","@type":"rdf:nodeID"},"accountDomain":"DESKTOP-MAC610T","handleID":"0x201c","@type":"http://purl.org/sepses/vocab/log/wineventlog#WindowsEventLogEntry","accesses":"%%4423\n\t\t\t\t","objectServer":"Security","version":1}
,{"level":"Information","accessMask":"0x80","hasLogType":"wineventlog","eventID":4663,"resourceAttributes":"S:AI","logName":"Security","keyword":["Audit Success"],"taskCategory":"File System","logonID":"0x2230c","logMessage":"An attempt was made to access an object.\n\nSubject:\n\tSecurity ID:\t\tS-1-5-21-2889181789-4222170037-1347726928-1001\n\tAccount Name:\t\tVirtual Windows 10\n\tAccount Domain:\t\tDESKTOP-MAC610T\n\tLogon ID:\t\t0x2230C\n\nObject:\n\tObject Server:\t\tSecurity\n\tObject Type:\t\tFile\n\tObject Name:\t\tC:\\Users\\Virtual Windows 10\\Dropbox\n\tHandle ID:\t\t0x201c\n\tResource Attributes:\tS:AI\n\nProcess Information:\n\tProcess ID:\t\t0x1974\n\tProcess Name:\t\tC:\\Program Files (x86)\\Dropbox\\Client\\Dropbox.exe\n\nAccess Request Information:\n\tAccesses:\t\tReadAttributes\n\t\t\t\t\n\tAccess Mask:\t\t0x80","processName":"C:\\Program Files (x86)\\Dropbox\\Client\\Dropbox.exe","objectName":"C:\\Users\\Virtual Windows 10\\Dropbox","upCode":"Info","objectType":"File","timestamp":"2018-09-01T16:35:10.004Z","@timestamp":"2018-09-01T16:35:10.004Z","accountName":"Virtual Windows 10","computerName":"DESKTOP-MAC610T","source":"Microsoft-Windows-Security-Auditing","@context":"http://sepses.ifs.tuwien.ac.at/contexts/wineventlog.jsonld","@id":"http://example.org/logEntry#logEntry-91db7db8-cf2f-44b7-8663-1179f2626e41","processID":"0x1974","originatesFrom":{"hostName":{"name":"DESKTOP-MAC610T"},"@id":"http://example.org/sepses#c6955d2e-bf5f-42cf-82c5-894eca01707d","@type":"rdf:nodeID"},"accountDomain":"DESKTOP-MAC610T","handleID":"0x201c","@type":"http://purl.org/sepses/vocab/log/wineventlog#WindowsEventLogEntry","accesses":"%%4423\n\t\t\t\t","objectServer":"Security","version":1}
,{"level":"Information","accessMask":"0x80","hasLogType":"wineventlog","eventID":4663,"resourceAttributes":"S:AI","logName":"Security","keyword":["Audit Success"],"taskCategory":"File System","logonID":"0x2230c","logMessage":"An attempt was made to access an object.\n\nSubject:\n\tSecurity ID:\t\tS-1-5-21-2889181789-4222170037-1347726928-1001\n\tAccount Name:\t\tVirtual Windows 10\n\tAccount Domain:\t\tDESKTOP-MAC610T\n\tLogon ID:\t\t0x2230C\n\nObject:\n\tObject Server:\t\tSecurity\n\tObject Type:\t\tFile\n\tObject Name:\t\tC:\\Users\\Virtual Windows 10\\Dropbox\n\tHandle ID:\t\t0x201c\n\tResource Attributes:\tS:AI\n\nProcess Information:\n\tProcess ID:\t\t0x1974\n\tProcess Name:\t\tC:\\Program Files (x86)\\Dropbox\\Client\\Dropbox.exe\n\nAccess Request Information:\n\tAccesses:\t\tReadAttributes\n\t\t\t\t\n\tAccess Mask:\t\t0x80","processName":"C:\\Program Files (x86)\\Dropbox\\Client\\Dropbox.exe","objectName":"C:\\Users\\Virtual Windows 10\\Dropbox","upCode":"Info","objectType":"File","timestamp":"2018-09-01T16:35:10.004Z","@timestamp":"2018-09-01T16:35:10.004Z","accountName":"Virtual Windows 10","computerName":"DESKTOP-MAC610T","source":"Microsoft-Windows-Security-Auditing","@context":"http://sepses.ifs.tuwien.ac.at/contexts/wineventlog.jsonld","@id":"http://example.org/logEntry#logEntry-487560fb-d7bf-43c3-b58b-c4aca5823531","processID":"0x1974","originatesFrom":{"hostName":{"name":"DESKTOP-MAC610T"},"@id":"http://example.org/sepses#9b45aca0-0ef6-4077-b1e9-53c2a40e9067","@type":"rdf:nodeID"},"accountDomain":"DESKTOP-MAC610T","handleID":"0x201c","@type":"http://purl.org/sepses/vocab/log/wineventlog#WindowsEventLogEntry","accesses":"%%4423\n\t\t\t\t","objectServer":"Security","version":1}
,{"level":"Information","accessMask":"0x80","hasLogType":"wineventlog","eventID":4663,"resourceAttributes":"S:AI","logName":"Security","keyword":["Audit Success"],"taskCategory":"File System","logonID":"0x2230c","logMessage":"An attempt was made to access an object.\n\nSubject:\n\tSecurity ID:\t\tS-1-5-21-2889181789-4222170037-1347726928-1001\n\tAccount Name:\t\tVirtual Windows 10\n\tAccount Domain:\t\tDESKTOP-MAC610T\n\tLogon ID:\t\t0x2230C\n\nObject:\n\tObject Server:\t\tSecurity\n\tObject Type:\t\tFile\n\tObject Name:\t\tC:\\Users\\Virtual Windows 10\\UserDocuments\\wordpad_rename.rtf\n\tHandle ID:\t\t0x22f4\n\tResource Attributes:\tS:AI\n\nProcess Information:\n\tProcess ID:\t\t0xc88\n\tProcess Name:\t\tC:\\Windows\\explorer.exe\n\nAccess Request Information:\n\tAccesses:\t\tReadAttributes\n\t\t\t\t\n\tAccess Mask:\t\t0x80","processName":"C:\\Windows\\explorer.exe","objectName":"C:\\Users\\Virtual Windows 10\\UserDocuments\\wordpad_rename.rtf","upCode":"Info","objectType":"File","timestamp":"2018-09-01T16:35:10.076Z","@timestamp":"2018-09-01T16:35:10.076Z","accountName":"Virtual Windows 10","computerName":"DESKTOP-MAC610T","source":"Microsoft-Windows-Security-Auditing","@context":"http://sepses.ifs.tuwien.ac.at/contexts/wineventlog.jsonld","@id":"http://example.org/logEntry#logEntry-fe1e9235-ef50-4508-a634-8a0ac542b8f9","processID":"0xc88","originatesFrom":{"hostName":{"name":"DESKTOP-MAC610T"},"@id":"http://example.org/sepses#9791d7a8-d436-492b-ac5e-2c382fbd8535","@type":"rdf:nodeID"},"accountDomain":"DESKTOP-MAC610T","handleID":"0x22f4","@type":"http://purl.org/sepses/vocab/log/wineventlog#WindowsEventLogEntry","accesses":"%%4423\n\t\t\t\t","objectServer":"Security","version":1}
