  {"handleID":"0xefc","computerName":"DESKTOP-MAC610T","logonID":"0x1f8d4","processName":"C:\\Program Files (x86)\\Dropbox\\Client\\Dropbox.exe","eventID":4663,"level":"Information","originatesFrom":{"hostName":{"name":"DESKTOP-MAC610T"},"@type":"rdf:nodeID","@id":"http://example.org/sepses#6fe98486-1049-4e1c-aa18-47070f6de41b"},"@type":"http://purl.org/sepses/vocab/log/wineventlog#WindowsEventLogEntry","logName":"Security","@context":"http://sepses.ifs.tuwien.ac.at/contexts/wineventlog.jsonld","hasLogType":"wineventlog","source":"Microsoft-Windows-Security-Auditing","resourceAttributes":"S:AI","objectType":"File","objectName":"C:\\Users\\Virtual Windows 10\\Dropbox","logMessage":"An attempt was made to access an object.\n\nSubject:\n\tSecurity ID:\t\tS-1-5-21-2889181789-4222170037-1347726928-1001\n\tAccount Name:\t\tVirtual Windows 10\n\tAccount Domain:\t\tDESKTOP-MAC610T\n\tLogon ID:\t\t0x1F8D4\n\nObject:\n\tObject Server:\t\tSecurity\n\tObject Type:\t\tFile\n\tObject Name:\t\tC:\\Users\\Virtual Windows 10\\Dropbox\n\tHandle ID:\t\t0xefc\n\tResource Attributes:\tS:AI\n\nProcess Information:\n\tProcess ID:\t\t0x1788\n\tProcess Name:\t\tC:\\Program Files (x86)\\Dropbox\\Client\\Dropbox.exe\n\nAccess Request Information:\n\tAccesses:\t\tReadAttributes\n\t\t\t\t\n\tAccess Mask:\t\t0x80","timestamp":"2018-08-22T13:34:47.227Z","accesses":"%%4423\n\t\t\t\t","accountDomain":"DESKTOP-MAC610T","keyword":["Audit Success"],"@id":"http://example.org/logEntry#logEntry-94a50cc0-2206-427e-9b5c-5a660d8949da","processID":"0x1788","accountName":"Virtual Windows 10","version":1,"taskCategory":"File System","upCode":"Info","accessMask":"0x80","@timestamp":"2018-08-22T13:34:47.227Z","objectServer":"Security"},
  {"handleID":"0x1ee0","computerName":"DESKTOP-MAC610T","logonID":"0x1f8d4","processName":"C:\\Program Files (x86)\\Dropbox\\Client\\Dropbox.exe","eventID":4663,"level":"Information","originatesFrom":{"hostName":{"name":"DESKTOP-MAC610T"},"@type":"rdf:nodeID","@id":"http://example.org/sepses#8a462c62-0993-44ff-aa14-5bec0a429768"},"@type":"http://purl.org/sepses/vocab/log/wineventlog#WindowsEventLogEntry","logName":"Security","@context":"http://sepses.ifs.tuwien.ac.at/contexts/wineventlog.jsonld","hasLogType":"wineventlog","source":"Microsoft-Windows-Security-Auditing","resourceAttributes":"S:AI","objectType":"File","objectName":"C:\\Users\\Virtual Windows 10\\Dropbox\\.dropbox.cache\\~13246cdc.tmp","logMessage":"An attempt was made to access an object.\n\nSubject:\n\tSecurity ID:\t\tS-1-5-21-2889181789-4222170037-1347726928-1001\n\tAccount Name:\t\tVirtual Windows 10\n\tAccount Domain:\t\tDESKTOP-MAC610T\n\tLogon ID:\t\t0x1F8D4\n\nObject:\n\tObject Server:\t\tSecurity\n\tObject Type:\t\tFile\n\tObject Name:\t\tC:\\Users\\Virtual Windows 10\\Dropbox\\.dropbox.cache\\~13246cdc.tmp\n\tHandle ID:\t\t0x1ee0\n\tResource Attributes:\tS:AI\n\nProcess Information:\n\tProcess ID:\t\t0x1788\n\tProcess Name:\t\tC:\\Program Files (x86)\\Dropbox\\Client\\Dropbox.exe\n\nAccess Request Information:\n\tAccesses:\t\tReadAttributes\n\t\t\t\t\n\tAccess Mask:\t\t0x80","timestamp":"2018-08-22T13:34:46.428Z","accesses":"%%4423\n\t\t\t\t","accountDomain":"DESKTOP-MAC610T","keyword":["Audit Success"],"@id":"http://example.org/logEntry#logEntry-9baa0144-d1af-40df-bf1a-c87350b76e56","processID":"0x1788","accountName":"Virtual Windows 10","version":1,"taskCategory":"File System","upCode":"Info","accessMask":"0x80","@timestamp":"2018-08-22T13:34:46.428Z","objectServer":"Security"},
  {"handleID":"0xefc","computerName":"DESKTOP-MAC610T","logonID":"0x1f8d4","processName":"C:\\Program Files (x86)\\Dropbox\\Client\\Dropbox.exe","eventID":4663,"level":"Information","originatesFrom":{"hostName":{"name":"DESKTOP-MAC610T"},"@type":"rdf:nodeID","@id":"http://example.org/sepses#a0c95d12-06a6-4abb-9b20-0d498bd8e0aa"},"@type":"http://purl.org/sepses/vocab/log/wineventlog#WindowsEventLogEntry","logName":"Security","@context":"http://sepses.ifs.tuwien.ac.at/contexts/wineventlog.jsonld","hasLogType":"wineventlog","source":"Microsoft-Windows-Security-Auditing","resourceAttributes":"S:AI","objectType":"File","objectName":"C:\\Users\\Virtual Windows 10\\Dropbox","logMessage":"An attempt was made to access an object.\n\nSubject:\n\tSecurity ID:\t\tS-1-5-21-2889181789-4222170037-1347726928-1001\n\tAccount Name:\t\tVirtual Windows 10\n\tAccount Domain:\t\tDESKTOP-MAC610T\n\tLogon ID:\t\t0x1F8D4\n\nObject:\n\tObject Server:\t\tSecurity\n\tObject Type:\t\tFile\n\tObject Name:\t\tC:\\Users\\Virtual Windows 10\\Dropbox\n\tHandle ID:\t\t0xefc\n\tResource Attributes:\tS:AI\n\nProcess Information:\n\tProcess ID:\t\t0x1788\n\tProcess Name:\t\tC:\\Program Files (x86)\\Dropbox\\Client\\Dropbox.exe\n\nAccess Request Information:\n\tAccesses:\t\tReadAttributes\n\t\t\t\t\n\tAccess Mask:\t\t0x80","timestamp":"2018-08-22T13:34:46.460Z","accesses":"%%4423\n\t\t\t\t","accountDomain":"DESKTOP-MAC610T","keyword":["Audit Success"],"@id":"http://example.org/logEntry#logEntry-f57d743b-1fa6-4302-b51a-66cd726d8ee5","processID":"0x1788","accountName":"Virtual Windows 10","version":1,"taskCategory":"File System","upCode":"Info","accessMask":"0x80","@timestamp":"2018-08-22T13:34:46.460Z","objectServer":"Security"},
  {"handleID":"0xefc","computerName":"DESKTOP-MAC610T","logonID":"0x1f8d4","processName":"C:\\Program Files (x86)\\Dropbox\\Client\\Dropbox.exe","eventID":4663,"level":"Information","originatesFrom":{"hostName":{"name":"DESKTOP-MAC610T"},"@type":"rdf:nodeID","@id":"http://example.org/sepses#eb1ee776-b0d3-4b24-8c61-af46ca70dff4"},"@type":"http://purl.org/sepses/vocab/log/wineventlog#WindowsEventLogEntry","logName":"Security","@context":"http://sepses.ifs.tuwien.ac.at/contexts/wineventlog.jsonld","hasLogType":"wineventlog","source":"Microsoft-Windows-Security-Auditing","resourceAttributes":"S:AI","objectType":"File","objectName":"C:\\Users\\Virtual Windows 10\\Dropbox\\.dropbox.cache\\~13246cdc.tmp","logMessage":"An attempt was made to access an object.\n\nSubject:\n\tSecurity ID:\t\tS-1-5-21-2889181789-4222170037-1347726928-1001\n\tAccount Name:\t\tVirtual Windows 10\n\tAccount Domain:\t\tDESKTOP-MAC610T\n\tLogon ID:\t\t0x1F8D4\n\nObject:\n\tObject Server:\t\tSecurity\n\tObject Type:\t\tFile\n\tObject Name:\t\tC:\\Users\\Virtual Windows 10\\Dropbox\\.dropbox.cache\\~13246cdc.tmp\n\tHandle ID:\t\t0xefc\n\tResource Attributes:\tS:AI\n\nProcess Information:\n\tProcess ID:\t\t0x1788\n\tProcess Name:\t\tC:\\Program Files (x86)\\Dropbox\\Client\\Dropbox.exe\n\nAccess Request Information:\n\tAccesses:\t\tReadAttributes\n\t\t\t\t\n\tAccess Mask:\t\t0x80","timestamp":"2018-08-22T13:34:46.463Z","accesses":"%%4423\n\t\t\t\t","accountDomain":"DESKTOP-MAC610T","keyword":["Audit Success"],"@id":"http://example.org/logEntry#logEntry-c6729322-e12a-4e80-a55a-d47895a4897d","processID":"0x1788","accountName":"Virtual Windows 10","version":1,"taskCategory":"File System","upCode":"Info","accessMask":"0x80","@timestamp":"2018-08-22T13:34:46.463Z","objectServer":"Security"},
  {"handleID":"0x164c","computerName":"DESKTOP-MAC610T","logonID":"0x1f8d4","processName":"C:\\Program Files (x86)\\Dropbox\\Client\\Dropbox.exe","eventID":4663,"level":"Information","originatesFrom":{"hostName":{"name":"DESKTOP-MAC610T"},"@type":"rdf:nodeID","@id":"http://example.org/sepses#977b12df-ad19-4de9-b446-d57debb90bb9"},"@type":"http://purl.org/sepses/vocab/log/wineventlog#WindowsEventLogEntry","logName":"Security","@context":"http://sepses.ifs.tuwien.ac.at/contexts/wineventlog.jsonld","hasLogType":"wineventlog","source":"Microsoft-Windows-Security-Auditing","resourceAttributes":"S:AI","objectType":"File","objectName":"C:\\Users\\Virtual Windows 10\\Dropbox","logMessage":"An attempt was made to access an object.\n\nSubject:\n\tSecurity ID:\t\tS-1-5-21-2889181789-4222170037-1347726928-1001\n\tAccount Name:\t\tVirtual Windows 10\n\tAccount Domain:\t\tDESKTOP-MAC610T\n\tLogon ID:\t\t0x1F8D4\n\nObject:\n\tObject Server:\t\tSecurity\n\tObject Type:\t\tFile\n\tObject Name:\t\tC:\\Users\\Virtual Windows 10\\Dropbox\n\tHandle ID:\t\t0x164c\n\tResource Attributes:\tS:AI\n\nProcess Information:\n\tProcess ID:\t\t0x1788\n\tProcess Name:\t\tC:\\Program Files (x86)\\Dropbox\\Client\\Dropbox.exe\n\nAccess Request Information:\n\tAccesses:\t\tWriteData (or AddFile)\n\t\t\t\t\n\tAccess Mask:\t\t0x2","timestamp":"2018-08-22T13:34:46.464Z","accesses":"%%4417\n\t\t\t\t","accountDomain":"DESKTOP-MAC610T","keyword":["Audit Success"],"@id":"http://example.org/logEntry#logEntry-d094679d-ad01-494a-80fe-5629b9763c09","processID":"0x1788","accountName":"Virtual Windows 10","version":1,"taskCategory":"File System","upCode":"Info","accessMask":"0x2","@timestamp":"2018-08-22T13:34:46.464Z","objectServer":"Security"},
  {"handleID":"0xefc","computerName":"DESKTOP-MAC610T","logonID":"0x1f8d4","processName":"C:\\Program Files (x86)\\Dropbox\\Client\\Dropbox.exe","eventID":4663,"level":"Information","originatesFrom":{"hostName":{"name":"DESKTOP-MAC610T"},"@type":"rdf:nodeID","@id":"http://example.org/sepses#d5bccd58-76c1-443f-aa33-00182c3dff3e"},"@type":"http://purl.org/sepses/vocab/log/wineventlog#WindowsEventLogEntry","logName":"Security","@context":"http://sepses.ifs.tuwien.ac.at/contexts/wineventlog.jsonld","hasLogType":"wineventlog","source":"Microsoft-Windows-Security-Auditing","resourceAttributes":"S:AI","objectType":"File","objectName":"C:\\Users\\Virtual Windows 10\\Dropbox\\New Text Document.txt","logMessage":"An attempt was made to access an object.\n\nSubject:\n\tSecurity ID:\t\tS-1-5-21-2889181789-4222170037-1347726928-1001\n\tAccount Name:\t\tVirtual Windows 10\n\tAccount Domain:\t\tDESKTOP-MAC610T\n\tLogon ID:\t\t0x1F8D4\n\nObject:\n\tObject Server:\t\tSecurity\n\tObject Type:\t\tFile\n\tObject Name:\t\tC:\\Users\\Virtual Windows 10\\Dropbox\\New Text Document.txt\n\tHandle ID:\t\t0xefc\n\tResource Attributes:\tS:AI\n\nProcess Information:\n\tProcess ID:\t\t0x1788\n\tProcess Name:\t\tC:\\Program Files (x86)\\Dropbox\\Client\\Dropbox.exe\n\nAccess Request Information:\n\tAccesses:\t\tReadAttributes\n\t\t\t\t\n\tAccess Mask:\t\t0x80","timestamp":"2018-08-22T13:34:46.512Z","accesses":"%%4423\n\t\t\t\t","accountDomain":"DESKTOP-MAC610T","keyword":["Audit Success"],"@id":"http://example.org/logEntry#logEntry-2bcfd1f7-e185-473d-b15b-e0c3f5a7e457","processID":"0x1788","accountName":"Virtual Windows 10","version":1,"taskCategory":"File System","upCode":"Info","accessMask":"0x80","@timestamp":"2018-08-22T13:34:46.512Z","objectServer":"Security"},
  {"handleID":"0xefc","computerName":"DESKTOP-MAC610T","logonID":"0x1f8d4","processName":"C:\\Program Files (x86)\\Dropbox\\Client\\Dropbox.exe","eventID":4663,"level":"Information","originatesFrom":{"hostName":{"name":"DESKTOP-MAC610T"},"@type":"rdf:nodeID","@id":"http://example.org/sepses#cb55c1c2-8c9c-4fea-be7f-aa8be053e25b"},"@type":"http://purl.org/sepses/vocab/log/wineventlog#WindowsEventLogEntry","logName":"Security","@context":"http://sepses.ifs.tuwien.ac.at/contexts/wineventlog.jsonld","hasLogType":"wineventlog","source":"Microsoft-Windows-Security-Auditing","resourceAttributes":"S:AI","objectType":"File","objectName":"C:\\Users\\Virtual Windows 10\\Dropbox\\New Text Document.txt","logMessage":"An attempt was made to access an object.\n\nSubject:\n\tSecurity ID:\t\tS-1-5-21-2889181789-4222170037-1347726928-1001\n\tAccount Name:\t\tVirtual Windows 10\n\tAccount Domain:\t\tDESKTOP-MAC610T\n\tLogon ID:\t\t0x1F8D4\n\nObject:\n\tObject Server:\t\tSecurity\n\tObject Type:\t\tFile\n\tObject Name:\t\tC:\\Users\\Virtual Windows 10\\Dropbox\\New Text Document.txt\n\tHandle ID:\t\t0xefc\n\tResource Attributes:\tS:AI\n\nProcess Information:\n\tProcess ID:\t\t0x1788\n\tProcess Name:\t\tC:\\Program Files (x86)\\Dropbox\\Client\\Dropbox.exe\n\nAccess Request Information:\n\tAccesses:\t\tReadAttributes\n\t\t\t\t\n\tAccess Mask:\t\t0x80","timestamp":"2018-08-22T13:34:46.523Z","accesses":"%%4423\n\t\t\t\t","accountDomain":"DESKTOP-MAC610T","keyword":["Audit Success"],"@id":"http://example.org/logEntry#logEntry-5a9a42b6-31e8-4ca2-a758-90dc05fdf76e","processID":"0x1788","accountName":"Virtual Windows 10","version":1,"taskCategory":"File System","upCode":"Info","accessMask":"0x80","@timestamp":"2018-08-22T13:34:46.523Z","objectServer":"Security"},
  {"handleID":"0xefc","computerName":"DESKTOP-MAC610T","logonID":"0x1f8d4","processName":"C:\\Program Files (x86)\\Dropbox\\Client\\Dropbox.exe","eventID":4663,"level":"Information","originatesFrom":{"hostName":{"name":"DESKTOP-MAC610T"},"@type":"rdf:nodeID","@id":"http://example.org/sepses#e3fcef40-ae95-44eb-87fa-dbd36e97e79d"},"@type":"http://purl.org/sepses/vocab/log/wineventlog#WindowsEventLogEntry","logName":"Security","@context":"http://sepses.ifs.tuwien.ac.at/contexts/wineventlog.jsonld","hasLogType":"wineventlog","source":"Microsoft-Windows-Security-Auditing","resourceAttributes":"S:AI","objectType":"File","objectName":"C:\\Users\\Virtual Windows 10\\Dropbox\\.dropbox.cache\\prefetch_cache","logMessage":"An attempt was made to access an object.\n\nSubject:\n\tSecurity ID:\t\tS-1-5-21-2889181789-4222170037-1347726928-1001\n\tAccount Name:\t\tVirtual Windows 10\n\tAccount Domain:\t\tDESKTOP-MAC610T\n\tLogon ID:\t\t0x1F8D4\n\nObject:\n\tObject Server:\t\tSecurity\n\tObject Type:\t\tFile\n\tObject Name:\t\tC:\\Users\\Virtual Windows 10\\Dropbox\\.dropbox.cache\\prefetch_cache\n\tHandle ID:\t\t0xefc\n\tResource Attributes:\tS:AI\n\nProcess Information:\n\tProcess ID:\t\t0x1788\n\tProcess Name:\t\tC:\\Program Files (x86)\\Dropbox\\Client\\Dropbox.exe\n\nAccess Request Information:\n\tAccesses:\t\tReadAttributes\n\t\t\t\t\n\tAccess Mask:\t\t0x80","timestamp":"2018-08-22T13:34:46.528Z","accesses":"%%4423\n\t\t\t\t","accountDomain":"DESKTOP-MAC610T","keyword":["Audit Success"],"@id":"http://example.org/logEntry#logEntry-2e124d1b-836b-4322-b994-d1a5d92a24e8","processID":"0x1788","accountName":"Virtual Windows 10","version":1,"taskCategory":"File System","upCode":"Info","accessMask":"0x80","@timestamp":"2018-08-22T13:34:46.528Z","objectServer":"Security"},
  {"handleID":"0x17d4","computerName":"DESKTOP-MAC610T","logonID":"0x1f8d4","processName":"C:\\Program Files (x86)\\Dropbox\\Client\\Dropbox.exe","eventID":4663,"level":"Information","originatesFrom":{"hostName":{"name":"DESKTOP-MAC610T"},"@type":"rdf:nodeID","@id":"http://example.org/sepses#e2998210-fc86-4183-8e51-d19827c3dbfe"},"@type":"http://purl.org/sepses/vocab/log/wineventlog#WindowsEventLogEntry","logName":"Security","@context":"http://sepses.ifs.tuwien.ac.at/contexts/wineventlog.jsonld","hasLogType":"wineventlog","source":"Microsoft-Windows-Security-Auditing","resourceAttributes":"S:AI","objectType":"File","objectName":"C:\\Users\\Virtual Windows 10\\Dropbox\\.dropbox.cache\\prefetch_cache","logMessage":"An attempt was made to access an object.\n\nSubject:\n\tSecurity ID:\t\tS-1-5-21-2889181789-4222170037-1347726928-1001\n\tAccount Name:\t\tVirtual Windows 10\n\tAccount Domain:\t\tDESKTOP-MAC610T\n\tLogon ID:\t\t0x1F8D4\n\nObject:\n\tObject Server:\t\tSecurity\n\tObject Type:\t\tFile\n\tObject Name:\t\tC:\\Users\\Virtual Windows 10\\Dropbox\\.dropbox.cache\\prefetch_cache\n\tHandle ID:\t\t0x17d4\n\tResource Attributes:\tS:AI\n\nProcess Information:\n\tProcess ID:\t\t0x1788\n\tProcess Name:\t\tC:\\Program Files (x86)\\Dropbox\\Client\\Dropbox.exe\n\nAccess Request Information:\n\tAccesses:\t\tReadAttributes\n\t\t\t\t\n\tAccess Mask:\t\t0x80","timestamp":"2018-08-22T13:34:46.593Z","accesses":"%%4423\n\t\t\t\t","accountDomain":"DESKTOP-MAC610T","keyword":["Audit Success"],"@id":"http://example.org/logEntry#logEntry-2ef01775-37de-4b88-8db8-b659461ba790","processID":"0x1788","accountName":"Virtual Windows 10","version":1,"taskCategory":"File System","upCode":"Info","accessMask":"0x80","@timestamp":"2018-08-22T13:34:46.593Z","objectServer":"Security"},
  {"handleID":"0xefc","computerName":"DESKTOP-MAC610T","logonID":"0x1f8d4","processName":"C:\\Program Files (x86)\\Dropbox\\Client\\Dropbox.exe","eventID":4663,"level":"Information","originatesFrom":{"hostName":{"name":"DESKTOP-MAC610T"},"@type":"rdf:nodeID","@id":"http://example.org/sepses#209cbff7-e8de-442c-8ef2-4718fd27eb02"},"@type":"http://purl.org/sepses/vocab/log/wineventlog#WindowsEventLogEntry","logName":"Security","@context":"http://sepses.ifs.tuwien.ac.at/contexts/wineventlog.jsonld","hasLogType":"wineventlog","source":"Microsoft-Windows-Security-Auditing","resourceAttributes":"S:AI","objectType":"File","objectName":"C:\\Users\\Virtual Windows 10\\Dropbox","logMessage":"An attempt was made to access an object.\n\nSubject:\n\tSecurity ID:\t\tS-1-5-21-2889181789-4222170037-1347726928-1001\n\tAccount Name:\t\tVirtual Windows 10\n\tAccount Domain:\t\tDESKTOP-MAC610T\n\tLogon ID:\t\t0x1F8D4\n\nObject:\n\tObject Server:\t\tSecurity\n\tObject Type:\t\tFile\n\tObject Name:\t\tC:\\Users\\Virtual Windows 10\\Dropbox\n\tHandle ID:\t\t0xefc\n\tResource Attributes:\tS:AI\n\nProcess Information:\n\tProcess ID:\t\t0x1788\n\tProcess Name:\t\tC:\\Program Files (x86)\\Dropbox\\Client\\Dropbox.exe\n\nAccess Request Information:\n\tAccesses:\t\tReadAttributes\n\t\t\t\t\n\tAccess Mask:\t\t0x80","timestamp":"2018-08-22T13:34:47.139Z","accesses":"%%4423\n\t\t\t\t","accountDomain":"DESKTOP-MAC610T","keyword":["Audit Success"],"@id":"http://example.org/logEntry#logEntry-c3d81ada-f260-4f7f-b059-dcc84ae46bee","processID":"0x1788","accountName":"Virtual Windows 10","version":1,"taskCategory":"File System","upCode":"Info","accessMask":"0x80","@timestamp":"2018-08-22T13:34:47.139Z","objectServer":"Security"},
  {"handleID":"0xefc","computerName":"DESKTOP-MAC610T","logonID":"0x1f8d4","processName":"C:\\Program Files (x86)\\Dropbox\\Client\\Dropbox.exe","eventID":4663,"level":"Information","originatesFrom":{"hostName":{"name":"DESKTOP-MAC610T"},"@type":"rdf:nodeID","@id":"http://example.org/sepses#eb58a350-ec44-4616-8cd9-a1e7128c2e8c"},"@type":"http://purl.org/sepses/vocab/log/wineventlog#WindowsEventLogEntry","logName":"Security","@context":"http://sepses.ifs.tuwien.ac.at/contexts/wineventlog.jsonld","hasLogType":"wineventlog","source":"Microsoft-Windows-Security-Auditing","resourceAttributes":"S:AI","objectType":"File","objectName":"C:\\Users\\Virtual Windows 10\\Dropbox","logMessage":"An attempt was made to access an object.\n\nSubject:\n\tSecurity ID:\t\tS-1-5-21-2889181789-4222170037-1347726928-1001\n\tAccount Name:\t\tVirtual Windows 10\n\tAccount Domain:\t\tDESKTOP-MAC610T\n\tLogon ID:\t\t0x1F8D4\n\nObject:\n\tObject Server:\t\tSecurity\n\tObject Type:\t\tFile\n\tObject Name:\t\tC:\\Users\\Virtual Windows 10\\Dropbox\n\tHandle ID:\t\t0xefc\n\tResource Attributes:\tS:AI\n\nProcess Information:\n\tProcess ID:\t\t0x1788\n\tProcess Name:\t\tC:\\Program Files (x86)\\Dropbox\\Client\\Dropbox.exe\n\nAccess Request Information:\n\tAccesses:\t\tReadAttributes\n\t\t\t\t\n\tAccess Mask:\t\t0x80","timestamp":"2018-08-22T13:34:47.190Z","accesses":"%%4423\n\t\t\t\t","accountDomain":"DESKTOP-MAC610T","keyword":["Audit Success"],"@id":"http://example.org/logEntry#logEntry-929c3855-8af2-47a1-8eb4-e5dde104e6be","processID":"0x1788","accountName":"Virtual Windows 10","version":1,"taskCategory":"File System","upCode":"Info","accessMask":"0x80","@timestamp":"2018-08-22T13:34:47.190Z","objectServer":"Security"},
  {"handleID":"0xefc","computerName":"DESKTOP-MAC610T","logonID":"0x1f8d4","processName":"C:\\Program Files (x86)\\Dropbox\\Client\\Dropbox.exe","eventID":4663,"level":"Information","originatesFrom":{"hostName":{"name":"DESKTOP-MAC610T"},"@type":"rdf:nodeID","@id":"http://example.org/sepses#7f82bb34-2c29-4345-b07b-b36d7b831193"},"@type":"http://purl.org/sepses/vocab/log/wineventlog#WindowsEventLogEntry","logName":"Security","@context":"http://sepses.ifs.tuwien.ac.at/contexts/wineventlog.jsonld","hasLogType":"wineventlog","source":"Microsoft-Windows-Security-Auditing","resourceAttributes":"S:AI","objectType":"File","objectName":"C:\\Users\\Virtual Windows 10\\Dropbox","logMessage":"An attempt was made to access an object.\n\nSubject:\n\tSecurity ID:\t\tS-1-5-21-2889181789-4222170037-1347726928-1001\n\tAccount Name:\t\tVirtual Windows 10\n\tAccount Domain:\t\tDESKTOP-MAC610T\n\tLogon ID:\t\t0x1F8D4\n\nObject:\n\tObject Server:\t\tSecurity\n\tObject Type:\t\tFile\n\tObject Name:\t\tC:\\Users\\Virtual Windows 10\\Dropbox\n\tHandle ID:\t\t0xefc\n\tResource Attributes:\tS:AI\n\nProcess Information:\n\tProcess ID:\t\t0x1788\n\tProcess Name:\t\tC:\\Program Files (x86)\\Dropbox\\Client\\Dropbox.exe\n\nAccess Request Information:\n\tAccesses:\t\tReadAttributes\n\t\t\t\t\n\tAccess Mask:\t\t0x80","timestamp":"2018-08-22T13:34:47.215Z","accesses":"%%4423\n\t\t\t\t","accountDomain":"DESKTOP-MAC610T","keyword":["Audit Success"],"@id":"http://example.org/logEntry#logEntry-2121bc59-9309-4535-ac49-8d9681c07553","processID":"0x1788","accountName":"Virtual Windows 10","version":1,"taskCategory":"File System","upCode":"Info","accessMask":"0x80","@timestamp":"2018-08-22T13:34:47.215Z","objectServer":"Security"},
  {"handleID":"0xefc","computerName":"DESKTOP-MAC610T","logonID":"0x1f8d4","processName":"C:\\Program Files (x86)\\Dropbox\\Client\\Dropbox.exe","eventID":4663,"level":"Information","originatesFrom":{"hostName":{"name":"DESKTOP-MAC610T"},"@type":"rdf:nodeID","@id":"http://example.org/sepses#6e5f209e-9155-4b9b-bbbe-100beedfb790"},"@type":"http://purl.org/sepses/vocab/log/wineventlog#WindowsEventLogEntry","logName":"Security","@context":"http://sepses.ifs.tuwien.ac.at/contexts/wineventlog.jsonld","hasLogType":"wineventlog","source":"Microsoft-Windows-Security-Auditing","resourceAttributes":"S:AI","objectType":"File","objectName":"C:\\Users\\Virtual Windows 10\\Dropbox","logMessage":"An attempt was made to access an object.\n\nSubject:\n\tSecurity ID:\t\tS-1-5-21-2889181789-4222170037-1347726928-1001\n\tAccount Name:\t\tVirtual Windows 10\n\tAccount Domain:\t\tDESKTOP-MAC610T\n\tLogon ID:\t\t0x1F8D4\n\nObject:\n\tObject Server:\t\tSecurity\n\tObject Type:\t\tFile\n\tObject Name:\t\tC:\\Users\\Virtual Windows 10\\Dropbox\n\tHandle ID:\t\t0xefc\n\tResource Attributes:\tS:AI\n\nProcess Information:\n\tProcess ID:\t\t0x1788\n\tProcess Name:\t\tC:\\Program Files (x86)\\Dropbox\\Client\\Dropbox.exe\n\nAccess Request Information:\n\tAccesses:\t\tReadAttributes\n\t\t\t\t\n\tAccess Mask:\t\t0x80","timestamp":"2018-08-22T13:34:47.218Z","accesses":"%%4423\n\t\t\t\t","accountDomain":"DESKTOP-MAC610T","keyword":["Audit Success"],"@id":"http://example.org/logEntry#logEntry-e77b9d3c-1711-4ce5-87c6-0d2ad04a875d","processID":"0x1788","accountName":"Virtual Windows 10","version":1,"taskCategory":"File System","upCode":"Info","accessMask":"0x80","@timestamp":"2018-08-22T13:34:47.218Z","objectServer":"Security"},
  {"handleID":"0xefc","computerName":"DESKTOP-MAC610T","logonID":"0x1f8d4","processName":"C:\\Program Files (x86)\\Dropbox\\Client\\Dropbox.exe","eventID":4663,"level":"Information","originatesFrom":{"hostName":{"name":"DESKTOP-MAC610T"},"@type":"rdf:nodeID","@id":"http://example.org/sepses#fff10079-98b6-4095-9924-0a69687e143b"},"@type":"http://purl.org/sepses/vocab/log/wineventlog#WindowsEventLogEntry","logName":"Security","@context":"http://sepses.ifs.tuwien.ac.at/contexts/wineventlog.jsonld","hasLogType":"wineventlog","source":"Microsoft-Windows-Security-Auditing","resourceAttributes":"S:AI","objectType":"File","objectName":"C:\\Users\\Virtual Windows 10\\Dropbox","logMessage":"An attempt was made to access an object.\n\nSubject:\n\tSecurity ID:\t\tS-1-5-21-2889181789-4222170037-1347726928-1001\n\tAccount Name:\t\tVirtual Windows 10\n\tAccount Domain:\t\tDESKTOP-MAC610T\n\tLogon ID:\t\t0x1F8D4\n\nObject:\n\tObject Server:\t\tSecurity\n\tObject Type:\t\tFile\n\tObject Name:\t\tC:\\Users\\Virtual Windows 10\\Dropbox\n\tHandle ID:\t\t0xefc\n\tResource Attributes:\tS:AI\n\nProcess Information:\n\tProcess ID:\t\t0x1788\n\tProcess Name:\t\tC:\\Program Files (x86)\\Dropbox\\Client\\Dropbox.exe\n\nAccess Request Information:\n\tAccesses:\t\tReadAttributes\n\t\t\t\t\n\tAccess Mask:\t\t0x80","timestamp":"2018-08-22T13:34:47.225Z","accesses":"%%4423\n\t\t\t\t","accountDomain":"DESKTOP-MAC610T","keyword":["Audit Success"],"@id":"http://example.org/logEntry#logEntry-76da5ab3-9189-49ae-977c-52f63e6e2a8d","processID":"0x1788","accountName":"Virtual Windows 10","version":1,"taskCategory":"File System","upCode":"Info","accessMask":"0x80","@timestamp":"2018-08-22T13:34:47.225Z","objectServer":"Security"},
  {"handleID":"0x26c8","computerName":"DESKTOP-MAC610T","logonID":"0x1f8d4","processName":"C:\\Windows\\explorer.exe","eventID":4663,"level":"Information","originatesFrom":{"hostName":{"name":"DESKTOP-MAC610T"},"@type":"rdf:nodeID","@id":"http://example.org/sepses#0f9ad256-95ec-4869-846b-5c5d5c97c3b0"},"@type":"http://purl.org/sepses/vocab/log/wineventlog#WindowsEventLogEntry","logName":"Security","@context":"http://sepses.ifs.tuwien.ac.at/contexts/wineventlog.jsonld","hasLogType":"wineventlog","source":"Microsoft-Windows-Security-Auditing","resourceAttributes":"S:AI","objectType":"File","objectName":"C:\\Users\\Virtual Windows 10\\Dropbox","logMessage":"An attempt was made to access an object.\n\nSubject:\n\tSecurity ID:\t\tS-1-5-21-2889181789-4222170037-1347726928-1001\n\tAccount Name:\t\tVirtual Windows 10\n\tAccount Domain:\t\tDESKTOP-MAC610T\n\tLogon ID:\t\t0x1F8D4\n\nObject:\n\tObject Server:\t\tSecurity\n\tObject Type:\t\tFile\n\tObject Name:\t\tC:\\Users\\Virtual Windows 10\\Dropbox\n\tHandle ID:\t\t0x26c8\n\tResource Attributes:\tS:AI\n\nProcess Information:\n\tProcess ID:\t\t0x8c0\n\tProcess Name:\t\tC:\\Windows\\explorer.exe\n\nAccess Request Information:\n\tAccesses:\t\tReadAttributes\n\t\t\t\t\n\tAccess Mask:\t\t0x80","timestamp":"2018-08-22T13:35:13.194Z","accesses":"%%4423\n\t\t\t\t","accountDomain":"DESKTOP-MAC610T","keyword":["Audit Success"],"@id":"http://example.org/logEntry#logEntry-e71a35db-65d8-4797-b4f2-4c513c54d4b0","processID":"0x8c0","accountName":"Virtual Windows 10","version":1,"taskCategory":"File System","upCode":"Info","accessMask":"0x80","@timestamp":"2018-08-22T13:35:13.194Z","objectServer":"Security"},
  {"handleID":"0x1974","computerName":"DESKTOP-MAC610T","logonID":"0x1f8d4","processName":"C:\\Windows\\explorer.exe","eventID":4663,"level":"Information","originatesFrom":{"hostName":{"name":"DESKTOP-MAC610T"},"@type":"rdf:nodeID","@id":"http://example.org/sepses#3af9a049-15cf-4433-bcd7-8a9fae4c0a61"},"@type":"http://purl.org/sepses/vocab/log/wineventlog#WindowsEventLogEntry","logName":"Security","@context":"http://sepses.ifs.tuwien.ac.at/contexts/wineventlog.jsonld","hasLogType":"wineventlog","source":"Microsoft-Windows-Security-Auditing","resourceAttributes":"S:AI","objectType":"File","objectName":"C:\\Users\\Virtual Windows 10\\Dropbox","logMessage":"An attempt was made to access an object.\n\nSubject:\n\tSecurity ID:\t\tS-1-5-21-2889181789-4222170037-1347726928-1001\n\tAccount Name:\t\tVirtual Windows 10\n\tAccount Domain:\t\tDESKTOP-MAC610T\n\tLogon ID:\t\t0x1F8D4\n\nObject:\n\tObject Server:\t\tSecurity\n\tObject Type:\t\tFile\n\tObject Name:\t\tC:\\Users\\Virtual Windows 10\\Dropbox\n\tHandle ID:\t\t0x1974\n\tResource Attributes:\tS:AI\n\nProcess Information:\n\tProcess ID:\t\t0x8c0\n\tProcess Name:\t\tC:\\Windows\\explorer.exe\n\nAccess Request Information:\n\tAccesses:\t\tReadAttributes\n\t\t\t\t\n\tAccess Mask:\t\t0x80","timestamp":"2018-08-22T13:35:13.192Z","accesses":"%%4423\n\t\t\t\t","accountDomain":"DESKTOP-MAC610T","keyword":["Audit Success"],"@id":"http://example.org/logEntry#logEntry-9efe3a03-6c73-465d-8741-26c2720022dc","processID":"0x8c0","accountName":"Virtual Windows 10","version":1,"taskCategory":"File System","upCode":"Info","accessMask":"0x80","@timestamp":"2018-08-22T13:35:13.192Z","objectServer":"Security"},
  {"handleID":"0x1458","computerName":"DESKTOP-MAC610T","logonID":"0x1f8d4","processName":"C:\\Windows\\explorer.exe","eventID":4663,"level":"Information","originatesFrom":{"hostName":{"name":"DESKTOP-MAC610T"},"@type":"rdf:nodeID","@id":"http://example.org/sepses#283ee35b-0681-4224-b9c2-adfe927fa513"},"@type":"http://purl.org/sepses/vocab/log/wineventlog#WindowsEventLogEntry","logName":"Security","@context":"http://sepses.ifs.tuwien.ac.at/contexts/wineventlog.jsonld","hasLogType":"wineventlog","source":"Microsoft-Windows-Security-Auditing","resourceAttributes":"S:AI","objectType":"File","objectName":"C:\\Users\\Virtual Windows 10\\Dropbox","logMessage":"An attempt was made to access an object.\n\nSubject:\n\tSecurity ID:\t\tS-1-5-21-2889181789-4222170037-1347726928-1001\n\tAccount Name:\t\tVirtual Windows 10\n\tAccount Domain:\t\tDESKTOP-MAC610T\n\tLogon ID:\t\t0x1F8D4\n\nObject:\n\tObject Server:\t\tSecurity\n\tObject Type:\t\tFile\n\tObject Name:\t\tC:\\Users\\Virtual Windows 10\\Dropbox\n\tHandle ID:\t\t0x1458\n\tResource Attributes:\tS:AI\n\nProcess Information:\n\tProcess ID:\t\t0x8c0\n\tProcess Name:\t\tC:\\Windows\\explorer.exe\n\nAccess Request Information:\n\tAccesses:\t\tReadAttributes\n\t\t\t\t\n\tAccess Mask:\t\t0x80","timestamp":"2018-08-22T13:35:13.321Z","accesses":"%%4423\n\t\t\t\t","accountDomain":"DESKTOP-MAC610T","keyword":["Audit Success"],"@id":"http://example.org/logEntry#logEntry-6a5978db-a50c-43ee-81ea-3a5cb2a2cf89","processID":"0x8c0","accountName":"Virtual Windows 10","version":1,"taskCategory":"File System","upCode":"Info","accessMask":"0x80","@timestamp":"2018-08-22T13:35:13.321Z","objectServer":"Security"},
  {"handleID":"0x1974","computerName":"DESKTOP-MAC610T","logonID":"0x1f8d4","processName":"C:\\Windows\\explorer.exe","eventID":4663,"level":"Information","originatesFrom":{"hostName":{"name":"DESKTOP-MAC610T"},"@type":"rdf:nodeID","@id":"http://example.org/sepses#afd26242-8ca9-477f-b180-7fd43d8acc42"},"@type":"http://purl.org/sepses/vocab/log/wineventlog#WindowsEventLogEntry","logName":"Security","@context":"http://sepses.ifs.tuwien.ac.at/contexts/wineventlog.jsonld","hasLogType":"wineventlog","source":"Microsoft-Windows-Security-Auditing","resourceAttributes":"S:AI","objectType":"File","objectName":"C:\\Users\\Virtual Windows 10\\Dropbox","logMessage":"An attempt was made to access an object.\n\nSubject:\n\tSecurity ID:\t\tS-1-5-21-2889181789-4222170037-1347726928-1001\n\tAccount Name:\t\tVirtual Windows 10\n\tAccount Domain:\t\tDESKTOP-MAC610T\n\tLogon ID:\t\t0x1F8D4\n\nObject:\n\tObject Server:\t\tSecurity\n\tObject Type:\t\tFile\n\tObject Name:\t\tC:\\Users\\Virtual Windows 10\\Dropbox\n\tHandle ID:\t\t0x1974\n\tResource Attributes:\tS:AI\n\nProcess Information:\n\tProcess ID:\t\t0x8c0\n\tProcess Name:\t\tC:\\Windows\\explorer.exe\n\nAccess Request Information:\n\tAccesses:\t\tReadAttributes\n\t\t\t\t\n\tAccess Mask:\t\t0x80","timestamp":"2018-08-22T13:35:13.320Z","accesses":"%%4423\n\t\t\t\t","accountDomain":"DESKTOP-MAC610T","keyword":["Audit Success"],"@id":"http://example.org/logEntry#logEntry-97796d36-9ba1-4cb6-8c82-6871b6813ce4","processID":"0x8c0","accountName":"Virtual Windows 10","version":1,"taskCategory":"File System","upCode":"Info","accessMask":"0x80","@timestamp":"2018-08-22T13:35:13.320Z","objectServer":"Security"},
  {"handleID":"0x17d0","computerName":"DESKTOP-MAC610T","logonID":"0x1f8d4","processName":"C:\\Program Files (x86)\\Dropbox\\Client\\Dropbox.exe","eventID":4663,"level":"Information","originatesFrom":{"hostName":{"name":"DESKTOP-MAC610T"},"@type":"rdf:nodeID","@id":"http://example.org/sepses#bf22a95d-ee34-4756-aadd-a9ef1d089e76"},"@type":"http://purl.org/sepses/vocab/log/wineventlog#WindowsEventLogEntry","logName":"Security","@context":"http://sepses.ifs.tuwien.ac.at/contexts/wineventlog.jsonld","hasLogType":"wineventlog","source":"Microsoft-Windows-Security-Auditing","resourceAttributes":"S:AI","objectType":"File","objectName":"C:\\Users\\Virtual Windows 10\\Dropbox\\New Text Document.txt","logMessage":"An attempt was made to access an object.\n\nSubject:\n\tSecurity ID:\t\tS-1-5-21-2889181789-4222170037-1347726928-1001\n\tAccount Name:\t\tVirtual Windows 10\n\tAccount Domain:\t\tDESKTOP-MAC610T\n\tLogon ID:\t\t0x1F8D4\n\nObject:\n\tObject Server:\t\tSecurity\n\tObject Type:\t\tFile\n\tObject Name:\t\tC:\\Users\\Virtual Windows 10\\Dropbox\\New Text Document.txt\n\tHandle ID:\t\t0x17d0\n\tResource Attributes:\tS:AI\n\nProcess Information:\n\tProcess ID:\t\t0x1788\n\tProcess Name:\t\tC:\\Program Files (x86)\\Dropbox\\Client\\Dropbox.exe\n\nAccess Request Information:\n\tAccesses:\t\tReadAttributes\n\t\t\t\t\n\tAccess Mask:\t\t0x80","timestamp":"2018-08-22T13:35:13.319Z","accesses":"%%4423\n\t\t\t\t","accountDomain":"DESKTOP-MAC610T","keyword":["Audit Success"],"@id":"http://example.org/logEntry#logEntry-313fc8ad-3d1e-4d03-8a37-f9510dcacc77","processID":"0x1788","accountName":"Virtual Windows 10","version":1,"taskCategory":"File System","upCode":"Info","accessMask":"0x80","@timestamp":"2018-08-22T13:35:13.319Z","objectServer":"Security"},
  {"handleID":"0x2e40","computerName":"DESKTOP-MAC610T","logonID":"0x1f8d4","processName":"C:\\Windows\\explorer.exe","eventID":4663,"level":"Information","originatesFrom":{"hostName":{"name":"DESKTOP-MAC610T"},"@type":"rdf:nodeID","@id":"http://example.org/sepses#4d899adb-7d47-426e-88ec-c151c79c973f"},"@type":"http://purl.org/sepses/vocab/log/wineventlog#WindowsEventLogEntry","logName":"Security","@context":"http://sepses.ifs.tuwien.ac.at/contexts/wineventlog.jsonld","hasLogType":"wineventlog","source":"Microsoft-Windows-Security-Auditing","resourceAttributes":"S:AI","objectType":"File","objectName":"C:\\Users\\Virtual Windows 10\\Dropbox\\desktop.ini","logMessage":"An attempt was made to access an object.\n\nSubject:\n\tSecurity ID:\t\tS-1-5-21-2889181789-4222170037-1347726928-1001\n\tAccount Name:\t\tVirtual Windows 10\n\tAccount Domain:\t\tDESKTOP-MAC610T\n\tLogon ID:\t\t0x1F8D4\n\nObject:\n\tObject Server:\t\tSecurity\n\tObject Type:\t\tFile\n\tObject Name:\t\tC:\\Users\\Virtual Windows 10\\Dropbox\\desktop.ini\n\tHandle ID:\t\t0x2e40\n\tResource Attributes:\tS:AI\n\nProcess Information:\n\tProcess ID:\t\t0x8c0\n\tProcess Name:\t\tC:\\Windows\\explorer.exe\n\nAccess Request Information:\n\tAccesses:\t\tReadAttributes\n\t\t\t\t\n\tAccess Mask:\t\t0x80","timestamp":"2018-08-22T13:35:56.392Z","accesses":"%%4423\n\t\t\t\t","accountDomain":"DESKTOP-MAC610T","keyword":["Audit Success"],"@id":"http://example.org/logEntry#logEntry-35ffa828-b308-490d-b7fd-323cf1a5a6e5","processID":"0x8c0","accountName":"Virtual Windows 10","version":1,"taskCategory":"File System","upCode":"Info","accessMask":"0x80","@timestamp":"2018-08-22T13:35:56.392Z","objectServer":"Security"},
  {"handleID":"0x1e74","computerName":"DESKTOP-MAC610T","logonID":"0x1f8d4","processName":"C:\\Program Files (x86)\\Dropbox\\Client\\Dropbox.exe","eventID":4663,"level":"Information","originatesFrom":{"hostName":{"name":"DESKTOP-MAC610T"},"@type":"rdf:nodeID","@id":"http://example.org/sepses#bdcaa469-2328-4f6f-b8f8-d68e28bbce12"},"@type":"http://purl.org/sepses/vocab/log/wineventlog#WindowsEventLogEntry","logName":"Security","@context":"http://sepses.ifs.tuwien.ac.at/contexts/wineventlog.jsonld","hasLogType":"wineventlog","source":"Microsoft-Windows-Security-Auditing","resourceAttributes":"S:AI","objectType":"File","objectName":"C:\\Users\\Virtual Windows 10\\Dropbox\\New Text Document.txt","logMessage":"An attempt was made to access an object.\n\nSubject:\n\tSecurity ID:\t\tS-1-5-21-2889181789-4222170037-1347726928-1001\n\tAccount Name:\t\tVirtual Windows 10\n\tAccount Domain:\t\tDESKTOP-MAC610T\n\tLogon ID:\t\t0x1F8D4\n\nObject:\n\tObject Server:\t\tSecurity\n\tObject Type:\t\tFile\n\tObject Name:\t\tC:\\Users\\Virtual Windows 10\\Dropbox\\New Text Document.txt\n\tHandle ID:\t\t0x1e74\n\tResource Attributes:\tS:AI\n\nProcess Information:\n\tProcess ID:\t\t0x1788\n\tProcess Name:\t\tC:\\Program Files (x86)\\Dropbox\\Client\\Dropbox.exe\n\nAccess Request Information:\n\tAccesses:\t\tReadAttributes\n\t\t\t\t\n\tAccess Mask:\t\t0x80","timestamp":"2018-08-22T13:35:56.615Z","accesses":"%%4423\n\t\t\t\t","accountDomain":"DESKTOP-MAC610T","keyword":["Audit Success"],"@id":"http://example.org/logEntry#logEntry-233c54a6-b9b5-4a5f-9ccf-c97db4653e55","processID":"0x1788","accountName":"Virtual Windows 10","version":1,"taskCategory":"File System","upCode":"Info","accessMask":"0x80","@timestamp":"2018-08-22T13:35:56.615Z","objectServer":"Security"},
  {"handleID":"0x1e74","computerName":"DESKTOP-MAC610T","logonID":"0x1f8d4","processName":"C:\\Program Files (x86)\\Dropbox\\Client\\Dropbox.exe","eventID":4663,"level":"Information","originatesFrom":{"hostName":{"name":"DESKTOP-MAC610T"},"@type":"rdf:nodeID","@id":"http://example.org/sepses#848ac0f2-66c8-45a7-93c4-52cf73819df0"},"@type":"http://purl.org/sepses/vocab/log/wineventlog#WindowsEventLogEntry","logName":"Security","@context":"http://sepses.ifs.tuwien.ac.at/contexts/wineventlog.jsonld","hasLogType":"wineventlog","source":"Microsoft-Windows-Security-Auditing","resourceAttributes":"S:AI","objectType":"File","objectName":"C:\\Users\\Virtual Windows 10\\Dropbox\\New Text Document.txt","logMessage":"An attempt was made to access an object.\n\nSubject:\n\tSecurity ID:\t\tS-1-5-21-2889181789-4222170037-1347726928-1001\n\tAccount Name:\t\tVirtual Windows 10\n\tAccount Domain:\t\tDESKTOP-MAC610T\n\tLogon ID:\t\t0x1F8D4\n\nObject:\n\tObject Server:\t\tSecurity\n\tObject Type:\t\tFile\n\tObject Name:\t\tC:\\Users\\Virtual Windows 10\\Dropbox\\New Text Document.txt\n\tHandle ID:\t\t0x1e74\n\tResource Attributes:\tS:AI\n\nProcess Information:\n\tProcess ID:\t\t0x1788\n\tProcess Name:\t\tC:\\Program Files (x86)\\Dropbox\\Client\\Dropbox.exe\n\nAccess Request Information:\n\tAccesses:\t\tReadAttributes\n\t\t\t\t\n\tAccess Mask:\t\t0x80","timestamp":"2018-08-22T13:35:56.596Z","accesses":"%%4423\n\t\t\t\t","accountDomain":"DESKTOP-MAC610T","keyword":["Audit Success"],"@id":"http://example.org/logEntry#logEntry-0a8be924-d4b7-4081-9468-388dc999f3ab","processID":"0x1788","accountName":"Virtual Windows 10","version":1,"taskCategory":"File System","upCode":"Info","accessMask":"0x80","@timestamp":"2018-08-22T13:35:56.596Z","objectServer":"Security"},
  {"handleID":"0x1d64","computerName":"DESKTOP-MAC610T","logonID":"0x1f8d4","processName":"C:\\Program Files (x86)\\Dropbox\\Client\\Dropbox.exe","eventID":4663,"level":"Information","originatesFrom":{"hostName":{"name":"DESKTOP-MAC610T"},"@type":"rdf:nodeID","@id":"http://example.org/sepses#11bd6202-a82e-47c2-ae35-df7072c3a50f"},"@type":"http://purl.org/sepses/vocab/log/wineventlog#WindowsEventLogEntry","logName":"Security","@context":"http://sepses.ifs.tuwien.ac.at/contexts/wineventlog.jsonld","hasLogType":"wineventlog","source":"Microsoft-Windows-Security-Auditing","resourceAttributes":"S:AI","objectType":"File","objectName":"C:\\Users\\Virtual Windows 10\\Dropbox\\New Text Document.txt","logMessage":"An attempt was made to access an object.\n\nSubject:\n\tSecurity ID:\t\tS-1-5-21-2889181789-4222170037-1347726928-1001\n\tAccount Name:\t\tVirtual Windows 10\n\tAccount Domain:\t\tDESKTOP-MAC610T\n\tLogon ID:\t\t0x1F8D4\n\nObject:\n\tObject Server:\t\tSecurity\n\tObject Type:\t\tFile\n\tObject Name:\t\tC:\\Users\\Virtual Windows 10\\Dropbox\\New Text Document.txt\n\tHandle ID:\t\t0x1d64\n\tResource Attributes:\tS:AI\n\nProcess Information:\n\tProcess ID:\t\t0x1788\n\tProcess Name:\t\tC:\\Program Files (x86)\\Dropbox\\Client\\Dropbox.exe\n\nAccess Request Information:\n\tAccesses:\t\tReadAttributes\n\t\t\t\t\n\tAccess Mask:\t\t0x80","timestamp":"2018-08-22T13:35:56.622Z","accesses":"%%4423\n\t\t\t\t","accountDomain":"DESKTOP-MAC610T","keyword":["Audit Success"],"@id":"http://example.org/logEntry#logEntry-10d3da27-f1f8-4a07-afd0-dc6c4304ec08","processID":"0x1788","accountName":"Virtual Windows 10","version":1,"taskCategory":"File System","upCode":"Info","accessMask":"0x80","@timestamp":"2018-08-22T13:35:56.622Z","objectServer":"Security"},
  {"handleID":"0x2e54","computerName":"DESKTOP-MAC610T","logonID":"0x1f8d4","processName":"C:\\Windows\\explorer.exe","eventID":4663,"level":"Information","originatesFrom":{"hostName":{"name":"DESKTOP-MAC610T"},"@type":"rdf:nodeID","@id":"http://example.org/sepses#108e8b04-7357-4809-98fa-e301a100c01c"},"@type":"http://purl.org/sepses/vocab/log/wineventlog#WindowsEventLogEntry","logName":"Security","@context":"http://sepses.ifs.tuwien.ac.at/contexts/wineventlog.jsonld","hasLogType":"wineventlog","source":"Microsoft-Windows-Security-Auditing","resourceAttributes":"S:AI","objectType":"File","objectName":"C:\\Users\\Virtual Windows 10\\Dropbox","logMessage":"An attempt was made to access an object.\n\nSubject:\n\tSecurity ID:\t\tS-1-5-21-2889181789-4222170037-1347726928-1001\n\tAccount Name:\t\tVirtual Windows 10\n\tAccount Domain:\t\tDESKTOP-MAC610T\n\tLogon ID:\t\t0x1F8D4\n\nObject:\n\tObject Server:\t\tSecurity\n\tObject Type:\t\tFile\n\tObject Name:\t\tC:\\Users\\Virtual Windows 10\\Dropbox\n\tHandle ID:\t\t0x2e54\n\tResource Attributes:\tS:AI\n\nProcess Information:\n\tProcess ID:\t\t0x8c0\n\tProcess Name:\t\tC:\\Windows\\explorer.exe\n\nAccess Request Information:\n\tAccesses:\t\tReadAttributes\n\t\t\t\t\n\tAccess Mask:\t\t0x80","timestamp":"2018-08-22T13:35:56.400Z","accesses":"%%4423\n\t\t\t\t","accountDomain":"DESKTOP-MAC610T","keyword":["Audit Success"],"@id":"http://example.org/logEntry#logEntry-9df6262f-15cf-4b46-a942-9e13ad8f1d00","processID":"0x8c0","accountName":"Virtual Windows 10","version":1,"taskCategory":"File System","upCode":"Info","accessMask":"0x80","@timestamp":"2018-08-22T13:35:56.400Z","objectServer":"Security"},
  {"handleID":"0x1f64","computerName":"DESKTOP-MAC610T","logonID":"0x1f8d4","processName":"C:\\Program Files (x86)\\Dropbox\\Client\\Dropbox.exe","eventID":4663,"level":"Information","originatesFrom":{"hostName":{"name":"DESKTOP-MAC610T"},"@type":"rdf:nodeID","@id":"http://example.org/sepses#edc1cef9-a1d1-4ae0-9dbf-5731aeec9cc7"},"@type":"http://purl.org/sepses/vocab/log/wineventlog#WindowsEventLogEntry","logName":"Security","@context":"http://sepses.ifs.tuwien.ac.at/contexts/wineventlog.jsonld","hasLogType":"wineventlog","source":"Microsoft-Windows-Security-Auditing","resourceAttributes":"S:AI","objectType":"File","objectName":"C:\\Users\\Virtual Windows 10\\Dropbox\\New Text Document.txt","logMessage":"An attempt was made to access an object.\n\nSubject:\n\tSecurity ID:\t\tS-1-5-21-2889181789-4222170037-1347726928-1001\n\tAccount Name:\t\tVirtual Windows 10\n\tAccount Domain:\t\tDESKTOP-MAC610T\n\tLogon ID:\t\t0x1F8D4\n\nObject:\n\tObject Server:\t\tSecurity\n\tObject Type:\t\tFile\n\tObject Name:\t\tC:\\Users\\Virtual Windows 10\\Dropbox\\New Text Document.txt\n\tHandle ID:\t\t0x1f64\n\tResource Attributes:\tS:AI\n\nProcess Information:\n\tProcess ID:\t\t0x1788\n\tProcess Name:\t\tC:\\Program Files (x86)\\Dropbox\\Client\\Dropbox.exe\n\nAccess Request Information:\n\tAccesses:\t\tReadAttributes\n\t\t\t\t\n\tAccess Mask:\t\t0x80","timestamp":"2018-08-22T13:35:56.616Z","accesses":"%%4423\n\t\t\t\t","accountDomain":"DESKTOP-MAC610T","keyword":["Audit Success"],"@id":"http://example.org/logEntry#logEntry-7b1ba584-332b-4e65-8836-474f96b6d512","processID":"0x1788","accountName":"Virtual Windows 10","version":1,"taskCategory":"File System","upCode":"Info","accessMask":"0x80","@timestamp":"2018-08-22T13:35:56.616Z","objectServer":"Security"},
  {"handleID":"0x2ee0","computerName":"DESKTOP-MAC610T","logonID":"0x1f8d4","processName":"C:\\Windows\\explorer.exe","eventID":4663,"level":"Information","originatesFrom":{"hostName":{"name":"DESKTOP-MAC610T"},"@type":"rdf:nodeID","@id":"http://example.org/sepses#0fe960d5-4576-4bc3-9ec0-b185d33c5e33"},"@type":"http://purl.org/sepses/vocab/log/wineventlog#WindowsEventLogEntry","logName":"Security","@context":"http://sepses.ifs.tuwien.ac.at/contexts/wineventlog.jsonld","hasLogType":"wineventlog","source":"Microsoft-Windows-Security-Auditing","resourceAttributes":"S:AI","objectType":"File","objectName":"C:\\Users\\Virtual Windows 10\\Dropbox","logMessage":"An attempt was made to access an object.\n\nSubject:\n\tSecurity ID:\t\tS-1-5-21-2889181789-4222170037-1347726928-1001\n\tAccount Name:\t\tVirtual Windows 10\n\tAccount Domain:\t\tDESKTOP-MAC610T\n\tLogon ID:\t\t0x1F8D4\n\nObject:\n\tObject Server:\t\tSecurity\n\tObject Type:\t\tFile\n\tObject Name:\t\tC:\\Users\\Virtual Windows 10\\Dropbox\n\tHandle ID:\t\t0x2ee0\n\tResource Attributes:\tS:AI\n\nProcess Information:\n\tProcess ID:\t\t0x8c0\n\tProcess Name:\t\tC:\\Windows\\explorer.exe\n\nAccess Request Information:\n\tAccesses:\t\tReadAttributes\n\t\t\t\t\n\tAccess Mask:\t\t0x80","timestamp":"2018-08-22T13:35:56.403Z","accesses":"%%4423\n\t\t\t\t","accountDomain":"DESKTOP-MAC610T","keyword":["Audit Success"],"@id":"http://example.org/logEntry#logEntry-c51f58d6-8cf4-4638-b143-11b71323164e","processID":"0x8c0","accountName":"Virtual Windows 10","version":1,"taskCategory":"File System","upCode":"Info","accessMask":"0x80","@timestamp":"2018-08-22T13:35:56.403Z","objectServer":"Security"},
  {"handleID":"0x1d64","computerName":"DESKTOP-MAC610T","logonID":"0x1f8d4","processName":"C:\\Program Files (x86)\\Dropbox\\Client\\Dropbox.exe","eventID":4663,"level":"Information","originatesFrom":{"hostName":{"name":"DESKTOP-MAC610T"},"@type":"rdf:nodeID","@id":"http://example.org/sepses#b66c6d0a-250f-4417-b9c9-7908dbec927c"},"@type":"http://purl.org/sepses/vocab/log/wineventlog#WindowsEventLogEntry","logName":"Security","@context":"http://sepses.ifs.tuwien.ac.at/contexts/wineventlog.jsonld","hasLogType":"wineventlog","source":"Microsoft-Windows-Security-Auditing","resourceAttributes":"S:AI","objectType":"File","objectName":"C:\\Users\\Virtual Windows 10\\Dropbox\\New Text Document.txt","logMessage":"An attempt was made to access an object.\n\nSubject:\n\tSecurity ID:\t\tS-1-5-21-2889181789-4222170037-1347726928-1001\n\tAccount Name:\t\tVirtual Windows 10\n\tAccount Domain:\t\tDESKTOP-MAC610T\n\tLogon ID:\t\t0x1F8D4\n\nObject:\n\tObject Server:\t\tSecurity\n\tObject Type:\t\tFile\n\tObject Name:\t\tC:\\Users\\Virtual Windows 10\\Dropbox\\New Text Document.txt\n\tHandle ID:\t\t0x1d64\n\tResource Attributes:\tS:AI\n\nProcess Information:\n\tProcess ID:\t\t0x1788\n\tProcess Name:\t\tC:\\Program Files (x86)\\Dropbox\\Client\\Dropbox.exe\n\nAccess Request Information:\n\tAccesses:\t\tReadAttributes\n\t\t\t\t\n\tAccess Mask:\t\t0x80","timestamp":"2018-08-22T13:35:56.620Z","accesses":"%%4423\n\t\t\t\t","accountDomain":"DESKTOP-MAC610T","keyword":["Audit Success"],"@id":"http://example.org/logEntry#logEntry-3cbbc19b-984f-4e3f-8bff-c003f32b285b","processID":"0x1788","accountName":"Virtual Windows 10","version":1,"taskCategory":"File System","upCode":"Info","accessMask":"0x80","@timestamp":"2018-08-22T13:35:56.620Z","objectServer":"Security"},
  {"handleID":"0x2b6c","computerName":"DESKTOP-MAC610T","logonID":"0x1f8d4","processName":"C:\\Windows\\explorer.exe","eventID":4663,"level":"Information","originatesFrom":{"hostName":{"name":"DESKTOP-MAC610T"},"@type":"rdf:nodeID","@id":"http://example.org/sepses#e24142f0-8372-466e-86e0-3c253d975f9a"},"@type":"http://purl.org/sepses/vocab/log/wineventlog#WindowsEventLogEntry","logName":"Security","@context":"http://sepses.ifs.tuwien.ac.at/contexts/wineventlog.jsonld","hasLogType":"wineventlog","source":"Microsoft-Windows-Security-Auditing","resourceAttributes":"S:AI","objectType":"File","objectName":"C:\\Users\\Virtual Windows 10\\UserDocuments","logMessage":"An attempt was made to access an object.\n\nSubject:\n\tSecurity ID:\t\tS-1-5-21-2889181789-4222170037-1347726928-1001\n\tAccount Name:\t\tVirtual Windows 10\n\tAccount Domain:\t\tDESKTOP-MAC610T\n\tLogon ID:\t\t0x1F8D4\n\nObject:\n\tObject Server:\t\tSecurity\n\tObject Type:\t\tFile\n\tObject Name:\t\tC:\\Users\\Virtual Windows 10\\UserDocuments\n\tHandle ID:\t\t0x2b6c\n\tResource Attributes:\tS:AI\n\nProcess Information:\n\tProcess ID:\t\t0x8c0\n\tProcess Name:\t\tC:\\Windows\\explorer.exe\n\nAccess Request Information:\n\tAccesses:\t\tReadAttributes\n\t\t\t\t\n\tAccess Mask:\t\t0x80","timestamp":"2018-08-22T13:36:03.315Z","accesses":"%%4423\n\t\t\t\t","accountDomain":"DESKTOP-MAC610T","keyword":["Audit Success"],"@id":"http://example.org/logEntry#logEntry-fa4afd51-9507-4b99-b30c-22986cc2a835","processID":"0x8c0","accountName":"Virtual Windows 10","version":1,"taskCategory":"File System","upCode":"Info","accessMask":"0x80","@timestamp":"2018-08-22T13:36:03.315Z","objectServer":"Security"},
