,{"level":"Information","accessMask":"0x80","hasLogType":"wineventlog","eventID":4663,"resourceAttributes":"S:AI","logName":"Security","keyword":["Audit Success"],"taskCategory":"File System","logonID":"0x2230c","logMessage":"An attempt was made to access an object.\n\nSubject:\n\tSecurity ID:\t\tS-1-5-21-2889181789-4222170037-1347726928-1001\n\tAccount Name:\t\tVirtual Windows 10\n\tAccount Domain:\t\tDESKTOP-MAC610T\n\tLogon ID:\t\t0x2230C\n\nObject:\n\tObject Server:\t\tSecurity\n\tObject Type:\t\tFile\n\tObject Name:\t\tC:\\Users\\Virtual Windows 10\\UserDocuments\\wordpad.rtf\n\tHandle ID:\t\t0x2804\n\tResource Attributes:\tS:AI\n\nProcess Information:\n\tProcess ID:\t\t0xc88\n\tProcess Name:\t\tC:\\Windows\\explorer.exe\n\nAccess Request Information:\n\tAccesses:\t\tReadAttributes\n\t\t\t\t\n\tAccess Mask:\t\t0x80","processName":"C:\\Windows\\explorer.exe","objectName":"C:\\Users\\Virtual Windows 10\\UserDocuments\\wordpad.rtf","upCode":"Info","objectType":"File","timestamp":"2018-09-01T16:34:16.382Z","@timestamp":"2018-09-01T16:34:16.382Z","accountName":"Virtual Windows 10","computerName":"DESKTOP-MAC610T","source":"Microsoft-Windows-Security-Auditing","@context":"http://sepses.ifs.tuwien.ac.at/contexts/wineventlog.jsonld","@id":"http://example.org/logEntry#logEntry-0f44894c-b0b9-405e-92fb-fe6300fe441c","processID":"0xc88","originatesFrom":{"hostName":{"name":"DESKTOP-MAC610T"},"@id":"http://example.org/sepses#10265ffb-5513-4561-bc8d-e15f850d2d91","@type":"rdf:nodeID"},"accountDomain":"DESKTOP-MAC610T","handleID":"0x2804","@type":"http://purl.org/sepses/vocab/log/wineventlog#WindowsEventLogEntry","accesses":"%%4423\n\t\t\t\t","objectServer":"Security","version":1}
,{"level":"Information","accessMask":"0x80","hasLogType":"wineventlog","eventID":4663,"resourceAttributes":"S:AI","logName":"Security","keyword":["Audit Success"],"taskCategory":"File System","logonID":"0x2230c","logMessage":"An attempt was made to access an object.\n\nSubject:\n\tSecurity ID:\t\tS-1-5-21-2889181789-4222170037-1347726928-1001\n\tAccount Name:\t\tVirtual Windows 10\n\tAccount Domain:\t\tDESKTOP-MAC610T\n\tLogon ID:\t\t0x2230C\n\nObject:\n\tObject Server:\t\tSecurity\n\tObject Type:\t\tFile\n\tObject Name:\t\tC:\\Users\\Virtual Windows 10\\UserDocuments\\wordpad.rtf\n\tHandle ID:\t\t0x26b8\n\tResource Attributes:\tS:AI\n\nProcess Information:\n\tProcess ID:\t\t0xc88\n\tProcess Name:\t\tC:\\Windows\\explorer.exe\n\nAccess Request Information:\n\tAccesses:\t\tReadAttributes\n\t\t\t\t\n\tAccess Mask:\t\t0x80","processName":"C:\\Windows\\explorer.exe","objectName":"C:\\Users\\Virtual Windows 10\\UserDocuments\\wordpad.rtf","upCode":"Info","objectType":"File","timestamp":"2018-09-01T16:34:16.430Z","@timestamp":"2018-09-01T16:34:16.430Z","accountName":"Virtual Windows 10","computerName":"DESKTOP-MAC610T","source":"Microsoft-Windows-Security-Auditing","@context":"http://sepses.ifs.tuwien.ac.at/contexts/wineventlog.jsonld","@id":"http://example.org/logEntry#logEntry-dbbbf7ae-749a-4512-9bff-0307945e80af","processID":"0xc88","originatesFrom":{"hostName":{"name":"DESKTOP-MAC610T"},"@id":"http://example.org/sepses#33235b23-ad58-451e-abb9-39e6da5f977a","@type":"rdf:nodeID"},"accountDomain":"DESKTOP-MAC610T","handleID":"0x26b8","@type":"http://purl.org/sepses/vocab/log/wineventlog#WindowsEventLogEntry","accesses":"%%4423\n\t\t\t\t","objectServer":"Security","version":1}
,{"level":"Information","accessMask":"0x80","hasLogType":"wineventlog","eventID":4663,"resourceAttributes":"S:AI","logName":"Security","keyword":["Audit Success"],"taskCategory":"File System","logonID":"0x2230c","logMessage":"An attempt was made to access an object.\n\nSubject:\n\tSecurity ID:\t\tS-1-5-21-2889181789-4222170037-1347726928-1001\n\tAccount Name:\t\tVirtual Windows 10\n\tAccount Domain:\t\tDESKTOP-MAC610T\n\tLogon ID:\t\t0x2230C\n\nObject:\n\tObject Server:\t\tSecurity\n\tObject Type:\t\tFile\n\tObject Name:\t\tC:\\Users\\Virtual Windows 10\\UserDocuments\n\tHandle ID:\t\t0x2290\n\tResource Attributes:\tS:AI\n\nProcess Information:\n\tProcess ID:\t\t0xc88\n\tProcess Name:\t\tC:\\Windows\\explorer.exe\n\nAccess Request Information:\n\tAccesses:\t\tReadAttributes\n\t\t\t\t\n\tAccess Mask:\t\t0x80","processName":"C:\\Windows\\explorer.exe","objectName":"C:\\Users\\Virtual Windows 10\\UserDocuments","upCode":"Info","objectType":"File","timestamp":"2018-09-01T16:34:16.482Z","@timestamp":"2018-09-01T16:34:16.482Z","accountName":"Virtual Windows 10","computerName":"DESKTOP-MAC610T","source":"Microsoft-Windows-Security-Auditing","@context":"http://sepses.ifs.tuwien.ac.at/contexts/wineventlog.jsonld","@id":"http://example.org/logEntry#logEntry-78975b96-3423-4096-9920-096b1ecd9e4e","processID":"0xc88","originatesFrom":{"hostName":{"name":"DESKTOP-MAC610T"},"@id":"http://example.org/sepses#841ccc25-8548-4cb9-99dc-01bca7d2df34","@type":"rdf:nodeID"},"accountDomain":"DESKTOP-MAC610T","handleID":"0x2290","@type":"http://purl.org/sepses/vocab/log/wineventlog#WindowsEventLogEntry","accesses":"%%4423\n\t\t\t\t","objectServer":"Security","version":1}
,{"level":"Information","accessMask":"0x80","hasLogType":"wineventlog","eventID":4663,"resourceAttributes":"S:AI","logName":"Security","keyword":["Audit Success"],"taskCategory":"File System","logonID":"0x2230c","logMessage":"An attempt was made to access an object.\n\nSubject:\n\tSecurity ID:\t\tS-1-5-21-2889181789-4222170037-1347726928-1001\n\tAccount Name:\t\tVirtual Windows 10\n\tAccount Domain:\t\tDESKTOP-MAC610T\n\tLogon ID:\t\t0x2230C\n\nObject:\n\tObject Server:\t\tSecurity\n\tObject Type:\t\tFile\n\tObject Name:\t\tC:\\Users\\Virtual Windows 10\\UserDocuments\n\tHandle ID:\t\t0x2290\n\tResource Attributes:\tS:AI\n\nProcess Information:\n\tProcess ID:\t\t0xc88\n\tProcess Name:\t\tC:\\Windows\\explorer.exe\n\nAccess Request Information:\n\tAccesses:\t\tReadAttributes\n\t\t\t\t\n\tAccess Mask:\t\t0x80","processName":"C:\\Windows\\explorer.exe","objectName":"C:\\Users\\Virtual Windows 10\\UserDocuments","upCode":"Info","objectType":"File","timestamp":"2018-09-01T16:34:16.483Z","@timestamp":"2018-09-01T16:34:16.483Z","accountName":"Virtual Windows 10","computerName":"DESKTOP-MAC610T","source":"Microsoft-Windows-Security-Auditing","@context":"http://sepses.ifs.tuwien.ac.at/contexts/wineventlog.jsonld","@id":"http://example.org/logEntry#logEntry-1c95069b-8794-46f1-9728-6bc52b441af9","processID":"0xc88","originatesFrom":{"hostName":{"name":"DESKTOP-MAC610T"},"@id":"http://example.org/sepses#d8dfc390-3aee-4b26-b93a-24e1e37d8d30","@type":"rdf:nodeID"},"accountDomain":"DESKTOP-MAC610T","handleID":"0x2290","@type":"http://purl.org/sepses/vocab/log/wineventlog#WindowsEventLogEntry","accesses":"%%4423\n\t\t\t\t","objectServer":"Security","version":1}
,{"level":"Information","accessMask":"0x80","hasLogType":"wineventlog","eventID":4663,"resourceAttributes":"S:AI","logName":"Security","keyword":["Audit Success"],"taskCategory":"File System","logonID":"0x2230c","logMessage":"An attempt was made to access an object.\n\nSubject:\n\tSecurity ID:\t\tS-1-5-21-2889181789-4222170037-1347726928-1001\n\tAccount Name:\t\tVirtual Windows 10\n\tAccount Domain:\t\tDESKTOP-MAC610T\n\tLogon ID:\t\t0x2230C\n\nObject:\n\tObject Server:\t\tSecurity\n\tObject Type:\t\tFile\n\tObject Name:\t\tC:\\Users\\Virtual Windows 10\\UserDocuments\n\tHandle ID:\t\t0xcb0\n\tResource Attributes:\tS:AI\n\nProcess Information:\n\tProcess ID:\t\t0xc88\n\tProcess Name:\t\tC:\\Windows\\explorer.exe\n\nAccess Request Information:\n\tAccesses:\t\tReadAttributes\n\t\t\t\t\n\tAccess Mask:\t\t0x80","processName":"C:\\Windows\\explorer.exe","objectName":"C:\\Users\\Virtual Windows 10\\UserDocuments","upCode":"Info","objectType":"File","timestamp":"2018-09-01T16:34:16.493Z","@timestamp":"2018-09-01T16:34:16.493Z","accountName":"Virtual Windows 10","computerName":"DESKTOP-MAC610T","source":"Microsoft-Windows-Security-Auditing","@context":"http://sepses.ifs.tuwien.ac.at/contexts/wineventlog.jsonld","@id":"http://example.org/logEntry#logEntry-6cb92d95-8d4e-4806-8ee8-6bbeb677659f","processID":"0xc88","originatesFrom":{"hostName":{"name":"DESKTOP-MAC610T"},"@id":"http://example.org/sepses#0462ce16-e669-4ff6-9bd5-f13248393c4e","@type":"rdf:nodeID"},"accountDomain":"DESKTOP-MAC610T","handleID":"0xcb0","@type":"http://purl.org/sepses/vocab/log/wineventlog#WindowsEventLogEntry","accesses":"%%4423\n\t\t\t\t","objectServer":"Security","version":1}
,{"level":"Information","accessMask":"0x80","hasLogType":"wineventlog","eventID":4663,"resourceAttributes":"S:AI","logName":"Security","keyword":["Audit Success"],"taskCategory":"File System","logonID":"0x2230c","logMessage":"An attempt was made to access an object.\n\nSubject:\n\tSecurity ID:\t\tS-1-5-21-2889181789-4222170037-1347726928-1001\n\tAccount Name:\t\tVirtual Windows 10\n\tAccount Domain:\t\tDESKTOP-MAC610T\n\tLogon ID:\t\t0x2230C\n\nObject:\n\tObject Server:\t\tSecurity\n\tObject Type:\t\tFile\n\tObject Name:\t\tC:\\Users\\Virtual Windows 10\\UserDocuments\\wordpad.rtf\n\tHandle ID:\t\t0xeac\n\tResource Attributes:\tS:AI\n\nProcess Information:\n\tProcess ID:\t\t0xc88\n\tProcess Name:\t\tC:\\Windows\\explorer.exe\n\nAccess Request Information:\n\tAccesses:\t\tReadAttributes\n\t\t\t\t\n\tAccess Mask:\t\t0x80","processName":"C:\\Windows\\explorer.exe","objectName":"C:\\Users\\Virtual Windows 10\\UserDocuments\\wordpad.rtf","upCode":"Info","objectType":"File","timestamp":"2018-09-01T16:34:16.527Z","@timestamp":"2018-09-01T16:34:16.527Z","accountName":"Virtual Windows 10","computerName":"DESKTOP-MAC610T","source":"Microsoft-Windows-Security-Auditing","@context":"http://sepses.ifs.tuwien.ac.at/contexts/wineventlog.jsonld","@id":"http://example.org/logEntry#logEntry-eae47731-4744-4485-af2f-880e5679d61c","processID":"0xc88","originatesFrom":{"hostName":{"name":"DESKTOP-MAC610T"},"@id":"http://example.org/sepses#60d43053-e591-4703-9e4a-7c8bb61b3f1b","@type":"rdf:nodeID"},"accountDomain":"DESKTOP-MAC610T","handleID":"0xeac","@type":"http://purl.org/sepses/vocab/log/wineventlog#WindowsEventLogEntry","accesses":"%%4423\n\t\t\t\t","objectServer":"Security","version":1}
,{"level":"Information","accessMask":"0x80","hasLogType":"wineventlog","eventID":4663,"resourceAttributes":"S:AI","logName":"Security","keyword":["Audit Success"],"taskCategory":"File System","logonID":"0x2230c","logMessage":"An attempt was made to access an object.\n\nSubject:\n\tSecurity ID:\t\tS-1-5-21-2889181789-4222170037-1347726928-1001\n\tAccount Name:\t\tVirtual Windows 10\n\tAccount Domain:\t\tDESKTOP-MAC610T\n\tLogon ID:\t\t0x2230C\n\nObject:\n\tObject Server:\t\tSecurity\n\tObject Type:\t\tFile\n\tObject Name:\t\tC:\\Users\\Virtual Windows 10\\UserDocuments\\wordpad.rtf\n\tHandle ID:\t\t0x2290\n\tResource Attributes:\tS:AI\n\nProcess Information:\n\tProcess ID:\t\t0xc88\n\tProcess Name:\t\tC:\\Windows\\explorer.exe\n\nAccess Request Information:\n\tAccesses:\t\tReadAttributes\n\t\t\t\t\n\tAccess Mask:\t\t0x80","processName":"C:\\Windows\\explorer.exe","objectName":"C:\\Users\\Virtual Windows 10\\UserDocuments\\wordpad.rtf","upCode":"Info","objectType":"File","timestamp":"2018-09-01T16:34:16.574Z","@timestamp":"2018-09-01T16:34:16.574Z","accountName":"Virtual Windows 10","computerName":"DESKTOP-MAC610T","source":"Microsoft-Windows-Security-Auditing","@context":"http://sepses.ifs.tuwien.ac.at/contexts/wineventlog.jsonld","@id":"http://example.org/logEntry#logEntry-27be344d-cf01-40ef-8551-d656c613a450","processID":"0xc88","originatesFrom":{"hostName":{"name":"DESKTOP-MAC610T"},"@id":"http://example.org/sepses#ed4cbef1-f489-4e27-b162-47574ba1324d","@type":"rdf:nodeID"},"accountDomain":"DESKTOP-MAC610T","handleID":"0x2290","@type":"http://purl.org/sepses/vocab/log/wineventlog#WindowsEventLogEntry","accesses":"%%4423\n\t\t\t\t","objectServer":"Security","version":1}
,{"level":"Information","accessMask":"0x80","hasLogType":"wineventlog","eventID":4663,"resourceAttributes":"S:AI","logName":"Security","keyword":["Audit Success"],"taskCategory":"File System","logonID":"0x2230c","logMessage":"An attempt was made to access an object.\n\nSubject:\n\tSecurity ID:\t\tS-1-5-21-2889181789-4222170037-1347726928-1001\n\tAccount Name:\t\tVirtual Windows 10\n\tAccount Domain:\t\tDESKTOP-MAC610T\n\tLogon ID:\t\t0x2230C\n\nObject:\n\tObject Server:\t\tSecurity\n\tObject Type:\t\tFile\n\tObject Name:\t\tC:\\Users\\Virtual Windows 10\\UserDocuments\\wordpad.rtf\n\tHandle ID:\t\t0x1fe4\n\tResource Attributes:\tS:AI\n\nProcess Information:\n\tProcess ID:\t\t0x1974\n\tProcess Name:\t\tC:\\Program Files (x86)\\Dropbox\\Client\\Dropbox.exe\n\nAccess Request Information:\n\tAccesses:\t\tReadAttributes\n\t\t\t\t\n\tAccess Mask:\t\t0x80","processName":"C:\\Program Files (x86)\\Dropbox\\Client\\Dropbox.exe","objectName":"C:\\Users\\Virtual Windows 10\\UserDocuments\\wordpad.rtf","upCode":"Info","objectType":"File","timestamp":"2018-09-01T16:34:16.605Z","@timestamp":"2018-09-01T16:34:16.605Z","accountName":"Virtual Windows 10","computerName":"DESKTOP-MAC610T","source":"Microsoft-Windows-Security-Auditing","@context":"http://sepses.ifs.tuwien.ac.at/contexts/wineventlog.jsonld","@id":"http://example.org/logEntry#logEntry-4d2a7fcd-5223-4fcf-a2d3-347f56d6d442","processID":"0x1974","originatesFrom":{"hostName":{"name":"DESKTOP-MAC610T"},"@id":"http://example.org/sepses#ca0094c5-1e8d-48b1-9a35-43955a09a634","@type":"rdf:nodeID"},"accountDomain":"DESKTOP-MAC610T","handleID":"0x1fe4","@type":"http://purl.org/sepses/vocab/log/wineventlog#WindowsEventLogEntry","accesses":"%%4423\n\t\t\t\t","objectServer":"Security","version":1}
,{"level":"Information","accessMask":"0x80","hasLogType":"wineventlog","eventID":4663,"resourceAttributes":"S:AI","logName":"Security","keyword":["Audit Success"],"taskCategory":"File System","logonID":"0x2230c","logMessage":"An attempt was made to access an object.\n\nSubject:\n\tSecurity ID:\t\tS-1-5-21-2889181789-4222170037-1347726928-1001\n\tAccount Name:\t\tVirtual Windows 10\n\tAccount Domain:\t\tDESKTOP-MAC610T\n\tLogon ID:\t\t0x2230C\n\nObject:\n\tObject Server:\t\tSecurity\n\tObject Type:\t\tFile\n\tObject Name:\t\tC:\\Users\\Virtual Windows 10\\UserDocuments\\wordpad.rtf\n\tHandle ID:\t\t0x1fe4\n\tResource Attributes:\tS:AI\n\nProcess Information:\n\tProcess ID:\t\t0x1974\n\tProcess Name:\t\tC:\\Program Files (x86)\\Dropbox\\Client\\Dropbox.exe\n\nAccess Request Information:\n\tAccesses:\t\tReadAttributes\n\t\t\t\t\n\tAccess Mask:\t\t0x80","processName":"C:\\Program Files (x86)\\Dropbox\\Client\\Dropbox.exe","objectName":"C:\\Users\\Virtual Windows 10\\UserDocuments\\wordpad.rtf","upCode":"Info","objectType":"File","timestamp":"2018-09-01T16:34:16.606Z","@timestamp":"2018-09-01T16:34:16.606Z","accountName":"Virtual Windows 10","computerName":"DESKTOP-MAC610T","source":"Microsoft-Windows-Security-Auditing","@context":"http://sepses.ifs.tuwien.ac.at/contexts/wineventlog.jsonld","@id":"http://example.org/logEntry#logEntry-e394cdd3-ecd1-4a2d-be13-bf4392bdacab","processID":"0x1974","originatesFrom":{"hostName":{"name":"DESKTOP-MAC610T"},"@id":"http://example.org/sepses#f5592332-a0a9-4482-bfe1-be3bbd165852","@type":"rdf:nodeID"},"accountDomain":"DESKTOP-MAC610T","handleID":"0x1fe4","@type":"http://purl.org/sepses/vocab/log/wineventlog#WindowsEventLogEntry","accesses":"%%4423\n\t\t\t\t","objectServer":"Security","version":1}
,{"level":"Information","accessMask":"0x80","hasLogType":"wineventlog","eventID":4663,"resourceAttributes":"S:AI","logName":"Security","keyword":["Audit Success"],"taskCategory":"File System","logonID":"0x2230c","logMessage":"An attempt was made to access an object.\n\nSubject:\n\tSecurity ID:\t\tS-1-5-21-2889181789-4222170037-1347726928-1001\n\tAccount Name:\t\tVirtual Windows 10\n\tAccount Domain:\t\tDESKTOP-MAC610T\n\tLogon ID:\t\t0x2230C\n\nObject:\n\tObject Server:\t\tSecurity\n\tObject Type:\t\tFile\n\tObject Name:\t\tC:\\Users\\Virtual Windows 10\\UserDocuments\\wordpad.rtf\n\tHandle ID:\t\t0x464\n\tResource Attributes:\tS:AI\n\nProcess Information:\n\tProcess ID:\t\t0xc88\n\tProcess Name:\t\tC:\\Windows\\explorer.exe\n\nAccess Request Information:\n\tAccesses:\t\tReadAttributes\n\t\t\t\t\n\tAccess Mask:\t\t0x80","processName":"C:\\Windows\\explorer.exe","objectName":"C:\\Users\\Virtual Windows 10\\UserDocuments\\wordpad.rtf","upCode":"Info","objectType":"File","timestamp":"2018-09-01T16:34:16.621Z","@timestamp":"2018-09-01T16:34:16.621Z","accountName":"Virtual Windows 10","computerName":"DESKTOP-MAC610T","source":"Microsoft-Windows-Security-Auditing","@context":"http://sepses.ifs.tuwien.ac.at/contexts/wineventlog.jsonld","@id":"http://example.org/logEntry#logEntry-69830edb-b178-4ae6-8df7-8aa430b8dcbb","processID":"0xc88","originatesFrom":{"hostName":{"name":"DESKTOP-MAC610T"},"@id":"http://example.org/sepses#d3f04bfa-689e-46ed-bc4a-96d9468043f8","@type":"rdf:nodeID"},"accountDomain":"DESKTOP-MAC610T","handleID":"0x464","@type":"http://purl.org/sepses/vocab/log/wineventlog#WindowsEventLogEntry","accesses":"%%4423\n\t\t\t\t","objectServer":"Security","version":1}
,{"level":"Information","accessMask":"0x80","hasLogType":"wineventlog","eventID":4663,"resourceAttributes":"S:AI","logName":"Security","keyword":["Audit Success"],"taskCategory":"File System","logonID":"0x2230c","logMessage":"An attempt was made to access an object.\n\nSubject:\n\tSecurity ID:\t\tS-1-5-21-2889181789-4222170037-1347726928-1001\n\tAccount Name:\t\tVirtual Windows 10\n\tAccount Domain:\t\tDESKTOP-MAC610T\n\tLogon ID:\t\t0x2230C\n\nObject:\n\tObject Server:\t\tSecurity\n\tObject Type:\t\tFile\n\tObject Name:\t\tC:\\Users\\Virtual Windows 10\\UserDocuments\\wordpad.rtf\n\tHandle ID:\t\t0x464\n\tResource Attributes:\tS:AI\n\nProcess Information:\n\tProcess ID:\t\t0xc88\n\tProcess Name:\t\tC:\\Windows\\explorer.exe\n\nAccess Request Information:\n\tAccesses:\t\tReadAttributes\n\t\t\t\t\n\tAccess Mask:\t\t0x80","processName":"C:\\Windows\\explorer.exe","objectName":"C:\\Users\\Virtual Windows 10\\UserDocuments\\wordpad.rtf","upCode":"Info","objectType":"File","timestamp":"2018-09-01T16:34:16.622Z","@timestamp":"2018-09-01T16:34:16.622Z","accountName":"Virtual Windows 10","computerName":"DESKTOP-MAC610T","source":"Microsoft-Windows-Security-Auditing","@context":"http://sepses.ifs.tuwien.ac.at/contexts/wineventlog.jsonld","@id":"http://example.org/logEntry#logEntry-6d4854df-625c-4dcf-9742-325c771f8aa0","processID":"0xc88","originatesFrom":{"hostName":{"name":"DESKTOP-MAC610T"},"@id":"http://example.org/sepses#80936da4-5782-4880-9de9-0475a501573f","@type":"rdf:nodeID"},"accountDomain":"DESKTOP-MAC610T","handleID":"0x464","@type":"http://purl.org/sepses/vocab/log/wineventlog#WindowsEventLogEntry","accesses":"%%4423\n\t\t\t\t","objectServer":"Security","version":1}
,{"level":"Information","accessMask":"0x80","hasLogType":"wineventlog","eventID":4663,"resourceAttributes":"S:AI","logName":"Security","keyword":["Audit Success"],"taskCategory":"File System","logonID":"0x2230c","logMessage":"An attempt was made to access an object.\n\nSubject:\n\tSecurity ID:\t\tS-1-5-21-2889181789-4222170037-1347726928-1001\n\tAccount Name:\t\tVirtual Windows 10\n\tAccount Domain:\t\tDESKTOP-MAC610T\n\tLogon ID:\t\t0x2230C\n\nObject:\n\tObject Server:\t\tSecurity\n\tObject Type:\t\tFile\n\tObject Name:\t\tC:\\Users\\Virtual Windows 10\\UserDocuments\n\tHandle ID:\t\t0x2618\n\tResource Attributes:\tS:AI\n\nProcess Information:\n\tProcess ID:\t\t0xc88\n\tProcess Name:\t\tC:\\Windows\\explorer.exe\n\nAccess Request Information:\n\tAccesses:\t\tReadAttributes\n\t\t\t\t\n\tAccess Mask:\t\t0x80","processName":"C:\\Windows\\explorer.exe","objectName":"C:\\Users\\Virtual Windows 10\\UserDocuments","upCode":"Info","objectType":"File","timestamp":"2018-09-01T16:34:16.635Z","@timestamp":"2018-09-01T16:34:16.635Z","accountName":"Virtual Windows 10","computerName":"DESKTOP-MAC610T","source":"Microsoft-Windows-Security-Auditing","@context":"http://sepses.ifs.tuwien.ac.at/contexts/wineventlog.jsonld","@id":"http://example.org/logEntry#logEntry-184d9931-a518-43f2-9b8c-5394b4cf6dd9","processID":"0xc88","originatesFrom":{"hostName":{"name":"DESKTOP-MAC610T"},"@id":"http://example.org/sepses#9a36dfef-f400-44a3-adeb-cdfac37cd055","@type":"rdf:nodeID"},"accountDomain":"DESKTOP-MAC610T","handleID":"0x2618","@type":"http://purl.org/sepses/vocab/log/wineventlog#WindowsEventLogEntry","accesses":"%%4423\n\t\t\t\t","objectServer":"Security","version":1}
,{"level":"Information","accessMask":"0x80","hasLogType":"wineventlog","eventID":4663,"resourceAttributes":"S:AI","logName":"Security","keyword":["Audit Success"],"taskCategory":"File System","logonID":"0x2230c","logMessage":"An attempt was made to access an object.\n\nSubject:\n\tSecurity ID:\t\tS-1-5-21-2889181789-4222170037-1347726928-1001\n\tAccount Name:\t\tVirtual Windows 10\n\tAccount Domain:\t\tDESKTOP-MAC610T\n\tLogon ID:\t\t0x2230C\n\nObject:\n\tObject Server:\t\tSecurity\n\tObject Type:\t\tFile\n\tObject Name:\t\tC:\\Users\\Virtual Windows 10\\UserDocuments\n\tHandle ID:\t\t0x2444\n\tResource Attributes:\tS:AI\n\nProcess Information:\n\tProcess ID:\t\t0xc88\n\tProcess Name:\t\tC:\\Windows\\explorer.exe\n\nAccess Request Information:\n\tAccesses:\t\tReadAttributes\n\t\t\t\t\n\tAccess Mask:\t\t0x80","processName":"C:\\Windows\\explorer.exe","objectName":"C:\\Users\\Virtual Windows 10\\UserDocuments","upCode":"Info","objectType":"File","timestamp":"2018-09-01T16:34:16.647Z","@timestamp":"2018-09-01T16:34:16.647Z","accountName":"Virtual Windows 10","computerName":"DESKTOP-MAC610T","source":"Microsoft-Windows-Security-Auditing","@context":"http://sepses.ifs.tuwien.ac.at/contexts/wineventlog.jsonld","@id":"http://example.org/logEntry#logEntry-7466008e-6c94-47bd-9f55-c265db202c94","processID":"0xc88","originatesFrom":{"hostName":{"name":"DESKTOP-MAC610T"},"@id":"http://example.org/sepses#2a155b47-8d91-44eb-bbef-84c2adadda8d","@type":"rdf:nodeID"},"accountDomain":"DESKTOP-MAC610T","handleID":"0x2444","@type":"http://purl.org/sepses/vocab/log/wineventlog#WindowsEventLogEntry","accesses":"%%4423\n\t\t\t\t","objectServer":"Security","version":1}
,{"level":"Information","accessMask":"0x80","hasLogType":"wineventlog","eventID":4663,"resourceAttributes":"S:AI","logName":"Security","keyword":["Audit Success"],"taskCategory":"File System","logonID":"0x2230c","logMessage":"An attempt was made to access an object.\n\nSubject:\n\tSecurity ID:\t\tS-1-5-21-2889181789-4222170037-1347726928-1001\n\tAccount Name:\t\tVirtual Windows 10\n\tAccount Domain:\t\tDESKTOP-MAC610T\n\tLogon ID:\t\t0x2230C\n\nObject:\n\tObject Server:\t\tSecurity\n\tObject Type:\t\tFile\n\tObject Name:\t\tC:\\Users\\Virtual Windows 10\\UserDocuments\n\tHandle ID:\t\t0x2444\n\tResource Attributes:\tS:AI\n\nProcess Information:\n\tProcess ID:\t\t0xc88\n\tProcess Name:\t\tC:\\Windows\\explorer.exe\n\nAccess Request Information:\n\tAccesses:\t\tReadAttributes\n\t\t\t\t\n\tAccess Mask:\t\t0x80","processName":"C:\\Windows\\explorer.exe","objectName":"C:\\Users\\Virtual Windows 10\\UserDocuments","upCode":"Info","objectType":"File","timestamp":"2018-09-01T16:34:16.649Z","@timestamp":"2018-09-01T16:34:16.649Z","accountName":"Virtual Windows 10","computerName":"DESKTOP-MAC610T","source":"Microsoft-Windows-Security-Auditing","@context":"http://sepses.ifs.tuwien.ac.at/contexts/wineventlog.jsonld","@id":"http://example.org/logEntry#logEntry-c627505b-5057-4834-bf66-86509f8b374c","processID":"0xc88","originatesFrom":{"hostName":{"name":"DESKTOP-MAC610T"},"@id":"http://example.org/sepses#5624fe5b-24d8-453f-b0be-b2f36592d4be","@type":"rdf:nodeID"},"accountDomain":"DESKTOP-MAC610T","handleID":"0x2444","@type":"http://purl.org/sepses/vocab/log/wineventlog#WindowsEventLogEntry","accesses":"%%4423\n\t\t\t\t","objectServer":"Security","version":1}
,{"level":"Information","accessMask":"0x80","hasLogType":"wineventlog","eventID":4663,"resourceAttributes":"S:AI","logName":"Security","keyword":["Audit Success"],"taskCategory":"File System","logonID":"0x2230c","logMessage":"An attempt was made to access an object.\n\nSubject:\n\tSecurity ID:\t\tS-1-5-21-2889181789-4222170037-1347726928-1001\n\tAccount Name:\t\tVirtual Windows 10\n\tAccount Domain:\t\tDESKTOP-MAC610T\n\tLogon ID:\t\t0x2230C\n\nObject:\n\tObject Server:\t\tSecurity\n\tObject Type:\t\tFile\n\tObject Name:\t\tC:\\Users\\Virtual Windows 10\\UserDocuments\n\tHandle ID:\t\t0x1f70\n\tResource Attributes:\tS:AI\n\nProcess Information:\n\tProcess ID:\t\t0x1974\n\tProcess Name:\t\tC:\\Program Files (x86)\\Dropbox\\Client\\Dropbox.exe\n\nAccess Request Information:\n\tAccesses:\t\tReadAttributes\n\t\t\t\t\n\tAccess Mask:\t\t0x80","processName":"C:\\Program Files (x86)\\Dropbox\\Client\\Dropbox.exe","objectName":"C:\\Users\\Virtual Windows 10\\UserDocuments","upCode":"Info","objectType":"File","timestamp":"2018-09-01T16:34:16.664Z","@timestamp":"2018-09-01T16:34:16.664Z","accountName":"Virtual Windows 10","computerName":"DESKTOP-MAC610T","source":"Microsoft-Windows-Security-Auditing","@context":"http://sepses.ifs.tuwien.ac.at/contexts/wineventlog.jsonld","@id":"http://example.org/logEntry#logEntry-2e2f447c-8a0f-4a30-8bc3-c2bd15b32334","processID":"0x1974","originatesFrom":{"hostName":{"name":"DESKTOP-MAC610T"},"@id":"http://example.org/sepses#4d7fd4b7-959f-41fa-b05c-cc760f418724","@type":"rdf:nodeID"},"accountDomain":"DESKTOP-MAC610T","handleID":"0x1f70","@type":"http://purl.org/sepses/vocab/log/wineventlog#WindowsEventLogEntry","accesses":"%%4423\n\t\t\t\t","objectServer":"Security","version":1}
,{"level":"Information","accessMask":"0x80","hasLogType":"wineventlog","eventID":4663,"resourceAttributes":"S:AI","logName":"Security","keyword":["Audit Success"],"taskCategory":"File System","logonID":"0x2230c","logMessage":"An attempt was made to access an object.\n\nSubject:\n\tSecurity ID:\t\tS-1-5-21-2889181789-4222170037-1347726928-1001\n\tAccount Name:\t\tVirtual Windows 10\n\tAccount Domain:\t\tDESKTOP-MAC610T\n\tLogon ID:\t\t0x2230C\n\nObject:\n\tObject Server:\t\tSecurity\n\tObject Type:\t\tFile\n\tObject Name:\t\tC:\\Users\\Virtual Windows 10\\UserDocuments\n\tHandle ID:\t\t0x1f70\n\tResource Attributes:\tS:AI\n\nProcess Information:\n\tProcess ID:\t\t0x1974\n\tProcess Name:\t\tC:\\Program Files (x86)\\Dropbox\\Client\\Dropbox.exe\n\nAccess Request Information:\n\tAccesses:\t\tReadAttributes\n\t\t\t\t\n\tAccess Mask:\t\t0x80","processName":"C:\\Program Files (x86)\\Dropbox\\Client\\Dropbox.exe","objectName":"C:\\Users\\Virtual Windows 10\\UserDocuments","upCode":"Info","objectType":"File","timestamp":"2018-09-01T16:34:16.665Z","@timestamp":"2018-09-01T16:34:16.665Z","accountName":"Virtual Windows 10","computerName":"DESKTOP-MAC610T","source":"Microsoft-Windows-Security-Auditing","@context":"http://sepses.ifs.tuwien.ac.at/contexts/wineventlog.jsonld","@id":"http://example.org/logEntry#logEntry-e6828174-80ac-4e08-a66e-569ccdba675a","processID":"0x1974","originatesFrom":{"hostName":{"name":"DESKTOP-MAC610T"},"@id":"http://example.org/sepses#527d4806-330b-4d54-a691-794a2ffb72c5","@type":"rdf:nodeID"},"accountDomain":"DESKTOP-MAC610T","handleID":"0x1f70","@type":"http://purl.org/sepses/vocab/log/wineventlog#WindowsEventLogEntry","accesses":"%%4423\n\t\t\t\t","objectServer":"Security","version":1}
,{"level":"Information","accessMask":"0x80","hasLogType":"wineventlog","eventID":4663,"resourceAttributes":"S:AI","logName":"Security","keyword":["Audit Success"],"taskCategory":"File System","logonID":"0x2230c","logMessage":"An attempt was made to access an object.\n\nSubject:\n\tSecurity ID:\t\tS-1-5-21-2889181789-4222170037-1347726928-1001\n\tAccount Name:\t\tVirtual Windows 10\n\tAccount Domain:\t\tDESKTOP-MAC610T\n\tLogon ID:\t\t0x2230C\n\nObject:\n\tObject Server:\t\tSecurity\n\tObject Type:\t\tFile\n\tObject Name:\t\tC:\\Users\\Virtual Windows 10\\Dropbox\n\tHandle ID:\t\t0x1fe4\n\tResource Attributes:\tS:AI\n\nProcess Information:\n\tProcess ID:\t\t0x1974\n\tProcess Name:\t\tC:\\Program Files (x86)\\Dropbox\\Client\\Dropbox.exe\n\nAccess Request Information:\n\tAccesses:\t\tReadAttributes\n\t\t\t\t\n\tAccess Mask:\t\t0x80","processName":"C:\\Program Files (x86)\\Dropbox\\Client\\Dropbox.exe","objectName":"C:\\Users\\Virtual Windows 10\\Dropbox","upCode":"Info","objectType":"File","timestamp":"2018-09-01T16:34:17.324Z","@timestamp":"2018-09-01T16:34:17.324Z","accountName":"Virtual Windows 10","computerName":"DESKTOP-MAC610T","source":"Microsoft-Windows-Security-Auditing","@context":"http://sepses.ifs.tuwien.ac.at/contexts/wineventlog.jsonld","@id":"http://example.org/logEntry#logEntry-404e6c51-033b-44fb-a5ef-982258cf27b0","processID":"0x1974","originatesFrom":{"hostName":{"name":"DESKTOP-MAC610T"},"@id":"http://example.org/sepses#d20a89e3-b4cc-4355-ba32-792288104f58","@type":"rdf:nodeID"},"accountDomain":"DESKTOP-MAC610T","handleID":"0x1fe4","@type":"http://purl.org/sepses/vocab/log/wineventlog#WindowsEventLogEntry","accesses":"%%4423\n\t\t\t\t","objectServer":"Security","version":1}
,{"level":"Information","accessMask":"0x80","hasLogType":"wineventlog","eventID":4663,"resourceAttributes":"S:AI","logName":"Security","keyword":["Audit Success"],"taskCategory":"File System","logonID":"0x2230c","logMessage":"An attempt was made to access an object.\n\nSubject:\n\tSecurity ID:\t\tS-1-5-21-2889181789-4222170037-1347726928-1001\n\tAccount Name:\t\tVirtual Windows 10\n\tAccount Domain:\t\tDESKTOP-MAC610T\n\tLogon ID:\t\t0x2230C\n\nObject:\n\tObject Server:\t\tSecurity\n\tObject Type:\t\tFile\n\tObject Name:\t\tC:\\Users\\Virtual Windows 10\\Dropbox\n\tHandle ID:\t\t0x1fe4\n\tResource Attributes:\tS:AI\n\nProcess Information:\n\tProcess ID:\t\t0x1974\n\tProcess Name:\t\tC:\\Program Files (x86)\\Dropbox\\Client\\Dropbox.exe\n\nAccess Request Information:\n\tAccesses:\t\tReadAttributes\n\t\t\t\t\n\tAccess Mask:\t\t0x80","processName":"C:\\Program Files (x86)\\Dropbox\\Client\\Dropbox.exe","objectName":"C:\\Users\\Virtual Windows 10\\Dropbox","upCode":"Info","objectType":"File","timestamp":"2018-09-01T16:34:17.324Z","@timestamp":"2018-09-01T16:34:17.324Z","accountName":"Virtual Windows 10","computerName":"DESKTOP-MAC610T","source":"Microsoft-Windows-Security-Auditing","@context":"http://sepses.ifs.tuwien.ac.at/contexts/wineventlog.jsonld","@id":"http://example.org/logEntry#logEntry-1a4c26d9-bccc-4437-931d-9f1dc8b38d7b","processID":"0x1974","originatesFrom":{"hostName":{"name":"DESKTOP-MAC610T"},"@id":"http://example.org/sepses#e25e6c92-ef55-47fb-bf49-2fe68e7ecfe8","@type":"rdf:nodeID"},"accountDomain":"DESKTOP-MAC610T","handleID":"0x1fe4","@type":"http://purl.org/sepses/vocab/log/wineventlog#WindowsEventLogEntry","accesses":"%%4423\n\t\t\t\t","objectServer":"Security","version":1}
,{"level":"Information","accessMask":"0x80","hasLogType":"wineventlog","eventID":4663,"resourceAttributes":"S:AI","logName":"Security","keyword":["Audit Success"],"taskCategory":"File System","logonID":"0x2230c","logMessage":"An attempt was made to access an object.\n\nSubject:\n\tSecurity ID:\t\tS-1-5-21-2889181789-4222170037-1347726928-1001\n\tAccount Name:\t\tVirtual Windows 10\n\tAccount Domain:\t\tDESKTOP-MAC610T\n\tLogon ID:\t\t0x2230C\n\nObject:\n\tObject Server:\t\tSecurity\n\tObject Type:\t\tFile\n\tObject Name:\t\tC:\\Users\\Virtual Windows 10\\Dropbox\n\tHandle ID:\t\t0x1fe4\n\tResource Attributes:\tS:AI\n\nProcess Information:\n\tProcess ID:\t\t0x1974\n\tProcess Name:\t\tC:\\Program Files (x86)\\Dropbox\\Client\\Dropbox.exe\n\nAccess Request Information:\n\tAccesses:\t\tReadAttributes\n\t\t\t\t\n\tAccess Mask:\t\t0x80","processName":"C:\\Program Files (x86)\\Dropbox\\Client\\Dropbox.exe","objectName":"C:\\Users\\Virtual Windows 10\\Dropbox","upCode":"Info","objectType":"File","timestamp":"2018-09-01T16:34:17.324Z","@timestamp":"2018-09-01T16:34:17.324Z","accountName":"Virtual Windows 10","computerName":"DESKTOP-MAC610T","source":"Microsoft-Windows-Security-Auditing","@context":"http://sepses.ifs.tuwien.ac.at/contexts/wineventlog.jsonld","@id":"http://example.org/logEntry#logEntry-5528f8b8-482b-41c6-9956-b6a46b1865f3","processID":"0x1974","originatesFrom":{"hostName":{"name":"DESKTOP-MAC610T"},"@id":"http://example.org/sepses#017e892c-be31-43c6-8882-a68aa74bb010","@type":"rdf:nodeID"},"accountDomain":"DESKTOP-MAC610T","handleID":"0x1fe4","@type":"http://purl.org/sepses/vocab/log/wineventlog#WindowsEventLogEntry","accesses":"%%4423\n\t\t\t\t","objectServer":"Security","version":1}
,{"level":"Information","accessMask":"0x80","hasLogType":"wineventlog","eventID":4663,"resourceAttributes":"S:AI","logName":"Security","keyword":["Audit Success"],"taskCategory":"File System","logonID":"0x2230c","logMessage":"An attempt was made to access an object.\n\nSubject:\n\tSecurity ID:\t\tS-1-5-21-2889181789-4222170037-1347726928-1001\n\tAccount Name:\t\tVirtual Windows 10\n\tAccount Domain:\t\tDESKTOP-MAC610T\n\tLogon ID:\t\t0x2230C\n\nObject:\n\tObject Server:\t\tSecurity\n\tObject Type:\t\tFile\n\tObject Name:\t\tC:\\Users\\Virtual Windows 10\\Dropbox\n\tHandle ID:\t\t0x1fe4\n\tResource Attributes:\tS:AI\n\nProcess Information:\n\tProcess ID:\t\t0x1974\n\tProcess Name:\t\tC:\\Program Files (x86)\\Dropbox\\Client\\Dropbox.exe\n\nAccess Request Information:\n\tAccesses:\t\tReadAttributes\n\t\t\t\t\n\tAccess Mask:\t\t0x80","processName":"C:\\Program Files (x86)\\Dropbox\\Client\\Dropbox.exe","objectName":"C:\\Users\\Virtual Windows 10\\Dropbox","upCode":"Info","objectType":"File","timestamp":"2018-09-01T16:34:17.341Z","@timestamp":"2018-09-01T16:34:17.341Z","accountName":"Virtual Windows 10","computerName":"DESKTOP-MAC610T","source":"Microsoft-Windows-Security-Auditing","@context":"http://sepses.ifs.tuwien.ac.at/contexts/wineventlog.jsonld","@id":"http://example.org/logEntry#logEntry-091674df-dff6-4c61-bda5-32567f387c88","processID":"0x1974","originatesFrom":{"hostName":{"name":"DESKTOP-MAC610T"},"@id":"http://example.org/sepses#caaad337-bdd7-47ad-976d-ccfc604be403","@type":"rdf:nodeID"},"accountDomain":"DESKTOP-MAC610T","handleID":"0x1fe4","@type":"http://purl.org/sepses/vocab/log/wineventlog#WindowsEventLogEntry","accesses":"%%4423\n\t\t\t\t","objectServer":"Security","version":1}
,{"level":"Information","accessMask":"0x80","hasLogType":"wineventlog","eventID":4663,"resourceAttributes":"S:AI","logName":"Security","keyword":["Audit Success"],"taskCategory":"File System","logonID":"0x2230c","logMessage":"An attempt was made to access an object.\n\nSubject:\n\tSecurity ID:\t\tS-1-5-21-2889181789-4222170037-1347726928-1001\n\tAccount Name:\t\tVirtual Windows 10\n\tAccount Domain:\t\tDESKTOP-MAC610T\n\tLogon ID:\t\t0x2230C\n\nObject:\n\tObject Server:\t\tSecurity\n\tObject Type:\t\tFile\n\tObject Name:\t\tC:\\Users\\Virtual Windows 10\\Dropbox\n\tHandle ID:\t\t0x1fe4\n\tResource Attributes:\tS:AI\n\nProcess Information:\n\tProcess ID:\t\t0x1974\n\tProcess Name:\t\tC:\\Program Files (x86)\\Dropbox\\Client\\Dropbox.exe\n\nAccess Request Information:\n\tAccesses:\t\tReadAttributes\n\t\t\t\t\n\tAccess Mask:\t\t0x80","processName":"C:\\Program Files (x86)\\Dropbox\\Client\\Dropbox.exe","objectName":"C:\\Users\\Virtual Windows 10\\Dropbox","upCode":"Info","objectType":"File","timestamp":"2018-09-01T16:34:17.341Z","@timestamp":"2018-09-01T16:34:17.341Z","accountName":"Virtual Windows 10","computerName":"DESKTOP-MAC610T","source":"Microsoft-Windows-Security-Auditing","@context":"http://sepses.ifs.tuwien.ac.at/contexts/wineventlog.jsonld","@id":"http://example.org/logEntry#logEntry-c853125c-8dae-486a-a064-aa4548d9439a","processID":"0x1974","originatesFrom":{"hostName":{"name":"DESKTOP-MAC610T"},"@id":"http://example.org/sepses#a963b66a-0a33-46fa-b771-f8cbf839e71f","@type":"rdf:nodeID"},"accountDomain":"DESKTOP-MAC610T","handleID":"0x1fe4","@type":"http://purl.org/sepses/vocab/log/wineventlog#WindowsEventLogEntry","accesses":"%%4423\n\t\t\t\t","objectServer":"Security","version":1}
,{"level":"Information","accessMask":"0x80","hasLogType":"wineventlog","eventID":4663,"resourceAttributes":"S:AI","logName":"Security","keyword":["Audit Success"],"taskCategory":"File System","logonID":"0x2230c","logMessage":"An attempt was made to access an object.\n\nSubject:\n\tSecurity ID:\t\tS-1-5-21-2889181789-4222170037-1347726928-1001\n\tAccount Name:\t\tVirtual Windows 10\n\tAccount Domain:\t\tDESKTOP-MAC610T\n\tLogon ID:\t\t0x2230C\n\nObject:\n\tObject Server:\t\tSecurity\n\tObject Type:\t\tFile\n\tObject Name:\t\tC:\\Users\\Virtual Windows 10\\Dropbox\n\tHandle ID:\t\t0x1fe4\n\tResource Attributes:\tS:AI\n\nProcess Information:\n\tProcess ID:\t\t0x1974\n\tProcess Name:\t\tC:\\Program Files (x86)\\Dropbox\\Client\\Dropbox.exe\n\nAccess Request Information:\n\tAccesses:\t\tReadAttributes\n\t\t\t\t\n\tAccess Mask:\t\t0x80","processName":"C:\\Program Files (x86)\\Dropbox\\Client\\Dropbox.exe","objectName":"C:\\Users\\Virtual Windows 10\\Dropbox","upCode":"Info","objectType":"File","timestamp":"2018-09-01T16:34:17.341Z","@timestamp":"2018-09-01T16:34:17.341Z","accountName":"Virtual Windows 10","computerName":"DESKTOP-MAC610T","source":"Microsoft-Windows-Security-Auditing","@context":"http://sepses.ifs.tuwien.ac.at/contexts/wineventlog.jsonld","@id":"http://example.org/logEntry#logEntry-c5330171-3616-46ad-9884-1c06acc4a9c9","processID":"0x1974","originatesFrom":{"hostName":{"name":"DESKTOP-MAC610T"},"@id":"http://example.org/sepses#7e207564-3aa7-4451-bef1-177f9859865c","@type":"rdf:nodeID"},"accountDomain":"DESKTOP-MAC610T","handleID":"0x1fe4","@type":"http://purl.org/sepses/vocab/log/wineventlog#WindowsEventLogEntry","accesses":"%%4423\n\t\t\t\t","objectServer":"Security","version":1}
,{"level":"Information","accessMask":"0x80","hasLogType":"wineventlog","eventID":4663,"resourceAttributes":"S:AI","logName":"Security","keyword":["Audit Success"],"taskCategory":"File System","logonID":"0x2230c","logMessage":"An attempt was made to access an object.\n\nSubject:\n\tSecurity ID:\t\tS-1-5-21-2889181789-4222170037-1347726928-1001\n\tAccount Name:\t\tVirtual Windows 10\n\tAccount Domain:\t\tDESKTOP-MAC610T\n\tLogon ID:\t\t0x2230C\n\nObject:\n\tObject Server:\t\tSecurity\n\tObject Type:\t\tFile\n\tObject Name:\t\tC:\\Users\\Virtual Windows 10\\Dropbox\n\tHandle ID:\t\t0x1fe4\n\tResource Attributes:\tS:AI\n\nProcess Information:\n\tProcess ID:\t\t0x1974\n\tProcess Name:\t\tC:\\Program Files (x86)\\Dropbox\\Client\\Dropbox.exe\n\nAccess Request Information:\n\tAccesses:\t\tReadAttributes\n\t\t\t\t\n\tAccess Mask:\t\t0x80","processName":"C:\\Program Files (x86)\\Dropbox\\Client\\Dropbox.exe","objectName":"C:\\Users\\Virtual Windows 10\\Dropbox","upCode":"Info","objectType":"File","timestamp":"2018-09-01T16:34:17.342Z","@timestamp":"2018-09-01T16:34:17.342Z","accountName":"Virtual Windows 10","computerName":"DESKTOP-MAC610T","source":"Microsoft-Windows-Security-Auditing","@context":"http://sepses.ifs.tuwien.ac.at/contexts/wineventlog.jsonld","@id":"http://example.org/logEntry#logEntry-32c3b8f5-cd67-4dd9-bd70-ce160608bb9a","processID":"0x1974","originatesFrom":{"hostName":{"name":"DESKTOP-MAC610T"},"@id":"http://example.org/sepses#2e4c9b2b-d1b6-43ff-82fd-c0ff9488a08f","@type":"rdf:nodeID"},"accountDomain":"DESKTOP-MAC610T","handleID":"0x1fe4","@type":"http://purl.org/sepses/vocab/log/wineventlog#WindowsEventLogEntry","accesses":"%%4423\n\t\t\t\t","objectServer":"Security","version":1}
,{"level":"Information","accessMask":"0x80","hasLogType":"wineventlog","eventID":4663,"resourceAttributes":"S:AI","logName":"Security","keyword":["Audit Success"],"taskCategory":"File System","logonID":"0x2230c","logMessage":"An attempt was made to access an object.\n\nSubject:\n\tSecurity ID:\t\tS-1-5-21-2889181789-4222170037-1347726928-1001\n\tAccount Name:\t\tVirtual Windows 10\n\tAccount Domain:\t\tDESKTOP-MAC610T\n\tLogon ID:\t\t0x2230C\n\nObject:\n\tObject Server:\t\tSecurity\n\tObject Type:\t\tFile\n\tObject Name:\t\tC:\\Users\\Virtual Windows 10\\Dropbox\n\tHandle ID:\t\t0x1fe4\n\tResource Attributes:\tS:AI\n\nProcess Information:\n\tProcess ID:\t\t0x1974\n\tProcess Name:\t\tC:\\Program Files (x86)\\Dropbox\\Client\\Dropbox.exe\n\nAccess Request Information:\n\tAccesses:\t\tReadAttributes\n\t\t\t\t\n\tAccess Mask:\t\t0x80","processName":"C:\\Program Files (x86)\\Dropbox\\Client\\Dropbox.exe","objectName":"C:\\Users\\Virtual Windows 10\\Dropbox","upCode":"Info","objectType":"File","timestamp":"2018-09-01T16:34:17.343Z","@timestamp":"2018-09-01T16:34:17.343Z","accountName":"Virtual Windows 10","computerName":"DESKTOP-MAC610T","source":"Microsoft-Windows-Security-Auditing","@context":"http://sepses.ifs.tuwien.ac.at/contexts/wineventlog.jsonld","@id":"http://example.org/logEntry#logEntry-2bae566a-b9fd-4fd9-b9ed-f2e231b4fba9","processID":"0x1974","originatesFrom":{"hostName":{"name":"DESKTOP-MAC610T"},"@id":"http://example.org/sepses#03a45e72-d97e-4fc7-9a98-9db992edb92c","@type":"rdf:nodeID"},"accountDomain":"DESKTOP-MAC610T","handleID":"0x1fe4","@type":"http://purl.org/sepses/vocab/log/wineventlog#WindowsEventLogEntry","accesses":"%%4423\n\t\t\t\t","objectServer":"Security","version":1}
,{"level":"Information","accessMask":"0x80","hasLogType":"wineventlog","eventID":4663,"resourceAttributes":"S:AI","logName":"Security","keyword":["Audit Success"],"taskCategory":"File System","logonID":"0x2230c","logMessage":"An attempt was made to access an object.\n\nSubject:\n\tSecurity ID:\t\tS-1-5-21-2889181789-4222170037-1347726928-1001\n\tAccount Name:\t\tVirtual Windows 10\n\tAccount Domain:\t\tDESKTOP-MAC610T\n\tLogon ID:\t\t0x2230C\n\nObject:\n\tObject Server:\t\tSecurity\n\tObject Type:\t\tFile\n\tObject Name:\t\tC:\\Users\\Virtual Windows 10\\Dropbox\n\tHandle ID:\t\t0x1fe4\n\tResource Attributes:\tS:AI\n\nProcess Information:\n\tProcess ID:\t\t0x1974\n\tProcess Name:\t\tC:\\Program Files (x86)\\Dropbox\\Client\\Dropbox.exe\n\nAccess Request Information:\n\tAccesses:\t\tReadAttributes\n\t\t\t\t\n\tAccess Mask:\t\t0x80","processName":"C:\\Program Files (x86)\\Dropbox\\Client\\Dropbox.exe","objectName":"C:\\Users\\Virtual Windows 10\\Dropbox","upCode":"Info","objectType":"File","timestamp":"2018-09-01T16:34:17.343Z","@timestamp":"2018-09-01T16:34:17.343Z","accountName":"Virtual Windows 10","computerName":"DESKTOP-MAC610T","source":"Microsoft-Windows-Security-Auditing","@context":"http://sepses.ifs.tuwien.ac.at/contexts/wineventlog.jsonld","@id":"http://example.org/logEntry#logEntry-33737d5d-f9aa-4be1-8919-e05acf105a00","processID":"0x1974","originatesFrom":{"hostName":{"name":"DESKTOP-MAC610T"},"@id":"http://example.org/sepses#233df3ec-4ec9-4c3b-9063-8cc4371e2c6b","@type":"rdf:nodeID"},"accountDomain":"DESKTOP-MAC610T","handleID":"0x1fe4","@type":"http://purl.org/sepses/vocab/log/wineventlog#WindowsEventLogEntry","accesses":"%%4423\n\t\t\t\t","objectServer":"Security","version":1}
,{"level":"Information","accessMask":"0x80","hasLogType":"wineventlog","eventID":4663,"resourceAttributes":"S:AI","logName":"Security","keyword":["Audit Success"],"taskCategory":"File System","logonID":"0x2230c","logMessage":"An attempt was made to access an object.\n\nSubject:\n\tSecurity ID:\t\tS-1-5-21-2889181789-4222170037-1347726928-1001\n\tAccount Name:\t\tVirtual Windows 10\n\tAccount Domain:\t\tDESKTOP-MAC610T\n\tLogon ID:\t\t0x2230C\n\nObject:\n\tObject Server:\t\tSecurity\n\tObject Type:\t\tFile\n\tObject Name:\t\tC:\\Users\\Virtual Windows 10\\UserDocuments\n\tHandle ID:\t\t0x2e74\n\tResource Attributes:\tS:AI\n\nProcess Information:\n\tProcess ID:\t\t0xc88\n\tProcess Name:\t\tC:\\Windows\\explorer.exe\n\nAccess Request Information:\n\tAccesses:\t\tReadAttributes\n\t\t\t\t\n\tAccess Mask:\t\t0x80","processName":"C:\\Windows\\explorer.exe","objectName":"C:\\Users\\Virtual Windows 10\\UserDocuments","upCode":"Info","objectType":"File","timestamp":"2018-09-01T16:34:20.231Z","@timestamp":"2018-09-01T16:34:20.231Z","accountName":"Virtual Windows 10","computerName":"DESKTOP-MAC610T","source":"Microsoft-Windows-Security-Auditing","@context":"http://sepses.ifs.tuwien.ac.at/contexts/wineventlog.jsonld","@id":"http://example.org/logEntry#logEntry-334c68c2-5cbb-499d-826f-3a4b2e7899ac","processID":"0xc88","originatesFrom":{"hostName":{"name":"DESKTOP-MAC610T"},"@id":"http://example.org/sepses#c8f7d106-3123-414d-867b-d2b7b7069cef","@type":"rdf:nodeID"},"accountDomain":"DESKTOP-MAC610T","handleID":"0x2e74","@type":"http://purl.org/sepses/vocab/log/wineventlog#WindowsEventLogEntry","accesses":"%%4423\n\t\t\t\t","objectServer":"Security","version":1}
,{"level":"Information","accessMask":"0x80","hasLogType":"wineventlog","eventID":4663,"resourceAttributes":"S:AI","logName":"Security","keyword":["Audit Success"],"taskCategory":"File System","logonID":"0x2230c","logMessage":"An attempt was made to access an object.\n\nSubject:\n\tSecurity ID:\t\tS-1-5-21-2889181789-4222170037-1347726928-1001\n\tAccount Name:\t\tVirtual Windows 10\n\tAccount Domain:\t\tDESKTOP-MAC610T\n\tLogon ID:\t\t0x2230C\n\nObject:\n\tObject Server:\t\tSecurity\n\tObject Type:\t\tFile\n\tObject Name:\t\tC:\\Users\\Virtual Windows 10\\Dropbox\n\tHandle ID:\t\t0x23bc\n\tResource Attributes:\tS:AI\n\nProcess Information:\n\tProcess ID:\t\t0xc88\n\tProcess Name:\t\tC:\\Windows\\explorer.exe\n\nAccess Request Information:\n\tAccesses:\t\tReadAttributes\n\t\t\t\t\n\tAccess Mask:\t\t0x80","processName":"C:\\Windows\\explorer.exe","objectName":"C:\\Users\\Virtual Windows 10\\Dropbox","upCode":"Info","objectType":"File","timestamp":"2018-09-01T16:34:20.236Z","@timestamp":"2018-09-01T16:34:20.236Z","accountName":"Virtual Windows 10","computerName":"DESKTOP-MAC610T","source":"Microsoft-Windows-Security-Auditing","@context":"http://sepses.ifs.tuwien.ac.at/contexts/wineventlog.jsonld","@id":"http://example.org/logEntry#logEntry-db6208c8-e4c6-4d55-a70b-ab1f3da02053","processID":"0xc88","originatesFrom":{"hostName":{"name":"DESKTOP-MAC610T"},"@id":"http://example.org/sepses#aa4b4040-c26c-4b15-9328-ad1c34338a95","@type":"rdf:nodeID"},"accountDomain":"DESKTOP-MAC610T","handleID":"0x23bc","@type":"http://purl.org/sepses/vocab/log/wineventlog#WindowsEventLogEntry","accesses":"%%4423\n\t\t\t\t","objectServer":"Security","version":1}
,{"level":"Information","accessMask":"0x80","hasLogType":"wineventlog","eventID":4663,"resourceAttributes":"S:AI","logName":"Security","keyword":["Audit Success"],"taskCategory":"File System","logonID":"0x2230c","logMessage":"An attempt was made to access an object.\n\nSubject:\n\tSecurity ID:\t\tS-1-5-21-2889181789-4222170037-1347726928-1001\n\tAccount Name:\t\tVirtual Windows 10\n\tAccount Domain:\t\tDESKTOP-MAC610T\n\tLogon ID:\t\t0x2230C\n\nObject:\n\tObject Server:\t\tSecurity\n\tObject Type:\t\tFile\n\tObject Name:\t\tC:\\Users\\Virtual Windows 10\\UserDocuments\n\tHandle ID:\t\t0x258c\n\tResource Attributes:\tS:AI\n\nProcess Information:\n\tProcess ID:\t\t0xc88\n\tProcess Name:\t\tC:\\Windows\\explorer.exe\n\nAccess Request Information:\n\tAccesses:\t\tReadAttributes\n\t\t\t\t\n\tAccess Mask:\t\t0x80","processName":"C:\\Windows\\explorer.exe","objectName":"C:\\Users\\Virtual Windows 10\\UserDocuments","upCode":"Info","objectType":"File","timestamp":"2018-09-01T16:34:21.678Z","@timestamp":"2018-09-01T16:34:21.678Z","accountName":"Virtual Windows 10","computerName":"DESKTOP-MAC610T","source":"Microsoft-Windows-Security-Auditing","@context":"http://sepses.ifs.tuwien.ac.at/contexts/wineventlog.jsonld","@id":"http://example.org/logEntry#logEntry-43d032c3-2f57-4a8e-a312-082d03995511","processID":"0xc88","originatesFrom":{"hostName":{"name":"DESKTOP-MAC610T"},"@id":"http://example.org/sepses#af140ef8-a69b-4a51-9ee4-f2446b9ed4af","@type":"rdf:nodeID"},"accountDomain":"DESKTOP-MAC610T","handleID":"0x258c","@type":"http://purl.org/sepses/vocab/log/wineventlog#WindowsEventLogEntry","accesses":"%%4423\n\t\t\t\t","objectServer":"Security","version":1}
,{"level":"Information","accessMask":"0x80","hasLogType":"wineventlog","eventID":4663,"resourceAttributes":"S:AI","logName":"Security","keyword":["Audit Success"],"taskCategory":"File System","logonID":"0x2230c","logMessage":"An attempt was made to access an object.\n\nSubject:\n\tSecurity ID:\t\tS-1-5-21-2889181789-4222170037-1347726928-1001\n\tAccount Name:\t\tVirtual Windows 10\n\tAccount Domain:\t\tDESKTOP-MAC610T\n\tLogon ID:\t\t0x2230C\n\nObject:\n\tObject Server:\t\tSecurity\n\tObject Type:\t\tFile\n\tObject Name:\t\tC:\\Users\\Virtual Windows 10\\UserDocuments\n\tHandle ID:\t\t0x24a0\n\tResource Attributes:\tS:AI\n\nProcess Information:\n\tProcess ID:\t\t0xc88\n\tProcess Name:\t\tC:\\Windows\\explorer.exe\n\nAccess Request Information:\n\tAccesses:\t\tReadAttributes\n\t\t\t\t\n\tAccess Mask:\t\t0x80","processName":"C:\\Windows\\explorer.exe","objectName":"C:\\Users\\Virtual Windows 10\\UserDocuments","upCode":"Info","objectType":"File","timestamp":"2018-09-01T16:34:21.682Z","@timestamp":"2018-09-01T16:34:21.682Z","accountName":"Virtual Windows 10","computerName":"DESKTOP-MAC610T","source":"Microsoft-Windows-Security-Auditing","@context":"http://sepses.ifs.tuwien.ac.at/contexts/wineventlog.jsonld","@id":"http://example.org/logEntry#logEntry-c074170a-9de7-4e8a-b5ab-32f48deb3f9f","processID":"0xc88","originatesFrom":{"hostName":{"name":"DESKTOP-MAC610T"},"@id":"http://example.org/sepses#caa81b36-3207-4c2f-bd69-46fe088a615f","@type":"rdf:nodeID"},"accountDomain":"DESKTOP-MAC610T","handleID":"0x24a0","@type":"http://purl.org/sepses/vocab/log/wineventlog#WindowsEventLogEntry","accesses":"%%4423\n\t\t\t\t","objectServer":"Security","version":1}
