  {"handleID":"0xefc","computerName":"DESKTOP-MAC610T","logonID":"0x1f8d4","processName":"C:\\Program Files (x86)\\Dropbox\\Client\\Dropbox.exe","eventID":4663,"level":"Information","originatesFrom":{"hostName":{"name":"DESKTOP-MAC610T"},"@type":"rdf:nodeID","@id":"http://example.org/sepses#4ca7f5f8-09c7-4afd-ac3a-471b3964e7b9"},"@type":"http://purl.org/sepses/vocab/log/wineventlog#WindowsEventLogEntry","logName":"Security","@context":"http://sepses.ifs.tuwien.ac.at/contexts/wineventlog.jsonld","hasLogType":"wineventlog","source":"Microsoft-Windows-Security-Auditing","resourceAttributes":"S:AI","objectType":"File","objectName":"C:\\Users\\Virtual Windows 10\\Dropbox","logMessage":"An attempt was made to access an object.\n\nSubject:\n\tSecurity ID:\t\tS-1-5-21-2889181789-4222170037-1347726928-1001\n\tAccount Name:\t\tVirtual Windows 10\n\tAccount Domain:\t\tDESKTOP-MAC610T\n\tLogon ID:\t\t0x1F8D4\n\nObject:\n\tObject Server:\t\tSecurity\n\tObject Type:\t\tFile\n\tObject Name:\t\tC:\\Users\\Virtual Windows 10\\Dropbox\n\tHandle ID:\t\t0xefc\n\tResource Attributes:\tS:AI\n\nProcess Information:\n\tProcess ID:\t\t0x1788\n\tProcess Name:\t\tC:\\Program Files (x86)\\Dropbox\\Client\\Dropbox.exe\n\nAccess Request Information:\n\tAccesses:\t\tReadAttributes\n\t\t\t\t\n\tAccess Mask:\t\t0x80","timestamp":"2018-08-22T13:34:47.226Z","accesses":"%%4423\n\t\t\t\t","accountDomain":"DESKTOP-MAC610T","keyword":["Audit Success"],"@id":"http://example.org/logEntry#logEntry-5cd535f9-838b-4758-af7d-26b2d17dcb02","processID":"0x1788","accountName":"Virtual Windows 10","version":1,"taskCategory":"File System","upCode":"Info","accessMask":"0x80","@timestamp":"2018-08-22T13:34:47.226Z","objectServer":"Security"},
  {"handleID":"0x1ed0","computerName":"DESKTOP-MAC610T","logonID":"0x1f8d4","processName":"C:\\Program Files (x86)\\Dropbox\\Client\\Dropbox.exe","eventID":4663,"level":"Information","originatesFrom":{"hostName":{"name":"DESKTOP-MAC610T"},"@type":"rdf:nodeID","@id":"http://example.org/sepses#93192ac4-b214-4ddf-99a1-bf643fa2d228"},"@type":"http://purl.org/sepses/vocab/log/wineventlog#WindowsEventLogEntry","logName":"Security","@context":"http://sepses.ifs.tuwien.ac.at/contexts/wineventlog.jsonld","hasLogType":"wineventlog","source":"Microsoft-Windows-Security-Auditing","resourceAttributes":"S:AI","objectType":"File","objectName":"C:\\Users\\Virtual Windows 10\\Dropbox\\.dropbox.cache\\~13246cdc.tmp","logMessage":"An attempt was made to access an object.\n\nSubject:\n\tSecurity ID:\t\tS-1-5-21-2889181789-4222170037-1347726928-1001\n\tAccount Name:\t\tVirtual Windows 10\n\tAccount Domain:\t\tDESKTOP-MAC610T\n\tLogon ID:\t\t0x1F8D4\n\nObject:\n\tObject Server:\t\tSecurity\n\tObject Type:\t\tFile\n\tObject Name:\t\tC:\\Users\\Virtual Windows 10\\Dropbox\\.dropbox.cache\\~13246cdc.tmp\n\tHandle ID:\t\t0x1ed0\n\tResource Attributes:\tS:AI\n\nProcess Information:\n\tProcess ID:\t\t0x1788\n\tProcess Name:\t\tC:\\Program Files (x86)\\Dropbox\\Client\\Dropbox.exe\n\nAccess Request Information:\n\tAccesses:\t\tReadAttributes\n\t\t\t\t\n\tAccess Mask:\t\t0x80","timestamp":"2018-08-22T13:34:46.419Z","accesses":"%%4423\n\t\t\t\t","accountDomain":"DESKTOP-MAC610T","keyword":["Audit Success"],"@id":"http://example.org/logEntry#logEntry-e49943f2-3121-443f-be7f-adacad267067","processID":"0x1788","accountName":"Virtual Windows 10","version":1,"taskCategory":"File System","upCode":"Info","accessMask":"0x80","@timestamp":"2018-08-22T13:34:46.419Z","objectServer":"Security"},
  {"handleID":"0x1ee0","computerName":"DESKTOP-MAC610T","logonID":"0x1f8d4","processName":"C:\\Program Files (x86)\\Dropbox\\Client\\Dropbox.exe","eventID":4663,"level":"Information","originatesFrom":{"hostName":{"name":"DESKTOP-MAC610T"},"@type":"rdf:nodeID","@id":"http://example.org/sepses#de240514-ccdc-400e-8428-ab0093fbe2bf"},"@type":"http://purl.org/sepses/vocab/log/wineventlog#WindowsEventLogEntry","logName":"Security","@context":"http://sepses.ifs.tuwien.ac.at/contexts/wineventlog.jsonld","hasLogType":"wineventlog","source":"Microsoft-Windows-Security-Auditing","resourceAttributes":"S:AI","objectType":"File","objectName":"C:\\Users\\Virtual Windows 10\\Dropbox\\.dropbox.cache\\~13246cdc.tmp","logMessage":"An attempt was made to access an object.\n\nSubject:\n\tSecurity ID:\t\tS-1-5-21-2889181789-4222170037-1347726928-1001\n\tAccount Name:\t\tVirtual Windows 10\n\tAccount Domain:\t\tDESKTOP-MAC610T\n\tLogon ID:\t\t0x1F8D4\n\nObject:\n\tObject Server:\t\tSecurity\n\tObject Type:\t\tFile\n\tObject Name:\t\tC:\\Users\\Virtual Windows 10\\Dropbox\\.dropbox.cache\\~13246cdc.tmp\n\tHandle ID:\t\t0x1ee0\n\tResource Attributes:\tS:AI\n\nProcess Information:\n\tProcess ID:\t\t0x1788\n\tProcess Name:\t\tC:\\Program Files (x86)\\Dropbox\\Client\\Dropbox.exe\n\nAccess Request Information:\n\tAccesses:\t\tReadAttributes\n\t\t\t\t\n\tAccess Mask:\t\t0x80","timestamp":"2018-08-22T13:34:46.432Z","accesses":"%%4423\n\t\t\t\t","accountDomain":"DESKTOP-MAC610T","keyword":["Audit Success"],"@id":"http://example.org/logEntry#logEntry-fb7132e0-9b50-4263-a0cd-bb58a9b9db82","processID":"0x1788","accountName":"Virtual Windows 10","version":1,"taskCategory":"File System","upCode":"Info","accessMask":"0x80","@timestamp":"2018-08-22T13:34:46.432Z","objectServer":"Security"},
  {"handleID":"0xefc","computerName":"DESKTOP-MAC610T","logonID":"0x1f8d4","processName":"C:\\Program Files (x86)\\Dropbox\\Client\\Dropbox.exe","eventID":4663,"level":"Information","originatesFrom":{"hostName":{"name":"DESKTOP-MAC610T"},"@type":"rdf:nodeID","@id":"http://example.org/sepses#b075efc5-11f8-42de-aa7c-5429edff8a5d"},"@type":"http://purl.org/sepses/vocab/log/wineventlog#WindowsEventLogEntry","logName":"Security","@context":"http://sepses.ifs.tuwien.ac.at/contexts/wineventlog.jsonld","hasLogType":"wineventlog","source":"Microsoft-Windows-Security-Auditing","resourceAttributes":"S:AI","objectType":"File","objectName":"C:\\Users\\Virtual Windows 10\\Dropbox","logMessage":"An attempt was made to access an object.\n\nSubject:\n\tSecurity ID:\t\tS-1-5-21-2889181789-4222170037-1347726928-1001\n\tAccount Name:\t\tVirtual Windows 10\n\tAccount Domain:\t\tDESKTOP-MAC610T\n\tLogon ID:\t\t0x1F8D4\n\nObject:\n\tObject Server:\t\tSecurity\n\tObject Type:\t\tFile\n\tObject Name:\t\tC:\\Users\\Virtual Windows 10\\Dropbox\n\tHandle ID:\t\t0xefc\n\tResource Attributes:\tS:AI\n\nProcess Information:\n\tProcess ID:\t\t0x1788\n\tProcess Name:\t\tC:\\Program Files (x86)\\Dropbox\\Client\\Dropbox.exe\n\nAccess Request Information:\n\tAccesses:\t\tReadAttributes\n\t\t\t\t\n\tAccess Mask:\t\t0x80","timestamp":"2018-08-22T13:34:46.462Z","accesses":"%%4423\n\t\t\t\t","accountDomain":"DESKTOP-MAC610T","keyword":["Audit Success"],"@id":"http://example.org/logEntry#logEntry-8a2e62c1-0c47-4de6-977d-4324b2eb5135","processID":"0x1788","accountName":"Virtual Windows 10","version":1,"taskCategory":"File System","upCode":"Info","accessMask":"0x80","@timestamp":"2018-08-22T13:34:46.462Z","objectServer":"Security"},
  {"handleID":"0xefc","computerName":"DESKTOP-MAC610T","logonID":"0x1f8d4","processName":"C:\\Program Files (x86)\\Dropbox\\Client\\Dropbox.exe","eventID":4663,"level":"Information","originatesFrom":{"hostName":{"name":"DESKTOP-MAC610T"},"@type":"rdf:nodeID","@id":"http://example.org/sepses#e95e62d0-6db6-446e-8262-7f86591623d2"},"@type":"http://purl.org/sepses/vocab/log/wineventlog#WindowsEventLogEntry","logName":"Security","@context":"http://sepses.ifs.tuwien.ac.at/contexts/wineventlog.jsonld","hasLogType":"wineventlog","source":"Microsoft-Windows-Security-Auditing","resourceAttributes":"S:AI","objectType":"File","objectName":"C:\\Users\\Virtual Windows 10\\Dropbox\\.dropbox.cache\\~13246cdc.tmp","logMessage":"An attempt was made to access an object.\n\nSubject:\n\tSecurity ID:\t\tS-1-5-21-2889181789-4222170037-1347726928-1001\n\tAccount Name:\t\tVirtual Windows 10\n\tAccount Domain:\t\tDESKTOP-MAC610T\n\tLogon ID:\t\t0x1F8D4\n\nObject:\n\tObject Server:\t\tSecurity\n\tObject Type:\t\tFile\n\tObject Name:\t\tC:\\Users\\Virtual Windows 10\\Dropbox\\.dropbox.cache\\~13246cdc.tmp\n\tHandle ID:\t\t0xefc\n\tResource Attributes:\tS:AI\n\nProcess Information:\n\tProcess ID:\t\t0x1788\n\tProcess Name:\t\tC:\\Program Files (x86)\\Dropbox\\Client\\Dropbox.exe\n\nAccess Request Information:\n\tAccesses:\t\tDELETE\n\t\t\t\t\n\tAccess Mask:\t\t0x10000","timestamp":"2018-08-22T13:34:46.464Z","accesses":"%%1537\n\t\t\t\t","accountDomain":"DESKTOP-MAC610T","keyword":["Audit Success"],"@id":"http://example.org/logEntry#logEntry-7e86e52c-1b49-45ef-b6bf-3a00079b0ebb","processID":"0x1788","accountName":"Virtual Windows 10","version":1,"taskCategory":"File System","upCode":"Info","accessMask":"0x10000","@timestamp":"2018-08-22T13:34:46.464Z","objectServer":"Security"},
  {"handleID":"0xefc","computerName":"DESKTOP-MAC610T","logonID":"0x1f8d4","processName":"C:\\Program Files (x86)\\Dropbox\\Client\\Dropbox.exe","eventID":4663,"level":"Information","originatesFrom":{"hostName":{"name":"DESKTOP-MAC610T"},"@type":"rdf:nodeID","@id":"http://example.org/sepses#bb20e0cc-c166-4ac7-acc4-21ee0df77de9"},"@type":"http://purl.org/sepses/vocab/log/wineventlog#WindowsEventLogEntry","logName":"Security","@context":"http://sepses.ifs.tuwien.ac.at/contexts/wineventlog.jsonld","hasLogType":"wineventlog","source":"Microsoft-Windows-Security-Auditing","resourceAttributes":"S:AI","objectType":"File","objectName":"C:\\Users\\Virtual Windows 10\\Dropbox\\New Text Document.txt","logMessage":"An attempt was made to access an object.\n\nSubject:\n\tSecurity ID:\t\tS-1-5-21-2889181789-4222170037-1347726928-1001\n\tAccount Name:\t\tVirtual Windows 10\n\tAccount Domain:\t\tDESKTOP-MAC610T\n\tLogon ID:\t\t0x1F8D4\n\nObject:\n\tObject Server:\t\tSecurity\n\tObject Type:\t\tFile\n\tObject Name:\t\tC:\\Users\\Virtual Windows 10\\Dropbox\\New Text Document.txt\n\tHandle ID:\t\t0xefc\n\tResource Attributes:\tS:AI\n\nProcess Information:\n\tProcess ID:\t\t0x1788\n\tProcess Name:\t\tC:\\Program Files (x86)\\Dropbox\\Client\\Dropbox.exe\n\nAccess Request Information:\n\tAccesses:\t\tReadAttributes\n\t\t\t\t\n\tAccess Mask:\t\t0x80","timestamp":"2018-08-22T13:34:46.499Z","accesses":"%%4423\n\t\t\t\t","accountDomain":"DESKTOP-MAC610T","keyword":["Audit Success"],"@id":"http://example.org/logEntry#logEntry-0fb38dfd-9962-46e8-8a62-c4c0b8bef218","processID":"0x1788","accountName":"Virtual Windows 10","version":1,"taskCategory":"File System","upCode":"Info","accessMask":"0x80","@timestamp":"2018-08-22T13:34:46.499Z","objectServer":"Security"},
  {"handleID":"0xefc","computerName":"DESKTOP-MAC610T","logonID":"0x1f8d4","processName":"C:\\Program Files (x86)\\Dropbox\\Client\\Dropbox.exe","eventID":4663,"level":"Information","originatesFrom":{"hostName":{"name":"DESKTOP-MAC610T"},"@type":"rdf:nodeID","@id":"http://example.org/sepses#4c7cb014-046e-41aa-91ae-e2ddb46a7811"},"@type":"http://purl.org/sepses/vocab/log/wineventlog#WindowsEventLogEntry","logName":"Security","@context":"http://sepses.ifs.tuwien.ac.at/contexts/wineventlog.jsonld","hasLogType":"wineventlog","source":"Microsoft-Windows-Security-Auditing","resourceAttributes":"S:AI","objectType":"File","objectName":"C:\\Users\\Virtual Windows 10\\Dropbox\\New Text Document.txt","logMessage":"An attempt was made to access an object.\n\nSubject:\n\tSecurity ID:\t\tS-1-5-21-2889181789-4222170037-1347726928-1001\n\tAccount Name:\t\tVirtual Windows 10\n\tAccount Domain:\t\tDESKTOP-MAC610T\n\tLogon ID:\t\t0x1F8D4\n\nObject:\n\tObject Server:\t\tSecurity\n\tObject Type:\t\tFile\n\tObject Name:\t\tC:\\Users\\Virtual Windows 10\\Dropbox\\New Text Document.txt\n\tHandle ID:\t\t0xefc\n\tResource Attributes:\tS:AI\n\nProcess Information:\n\tProcess ID:\t\t0x1788\n\tProcess Name:\t\tC:\\Program Files (x86)\\Dropbox\\Client\\Dropbox.exe\n\nAccess Request Information:\n\tAccesses:\t\tReadAttributes\n\t\t\t\t\n\tAccess Mask:\t\t0x80","timestamp":"2018-08-22T13:34:46.522Z","accesses":"%%4423\n\t\t\t\t","accountDomain":"DESKTOP-MAC610T","keyword":["Audit Success"],"@id":"http://example.org/logEntry#logEntry-72aa8f5b-cb08-4778-81db-2215997a7f8d","processID":"0x1788","accountName":"Virtual Windows 10","version":1,"taskCategory":"File System","upCode":"Info","accessMask":"0x80","@timestamp":"2018-08-22T13:34:46.522Z","objectServer":"Security"},
  {"handleID":"0xefc","computerName":"DESKTOP-MAC610T","logonID":"0x1f8d4","processName":"C:\\Program Files (x86)\\Dropbox\\Client\\Dropbox.exe","eventID":4663,"level":"Information","originatesFrom":{"hostName":{"name":"DESKTOP-MAC610T"},"@type":"rdf:nodeID","@id":"http://example.org/sepses#e07a5818-9166-4f65-8a6c-6b9492fac2dd"},"@type":"http://purl.org/sepses/vocab/log/wineventlog#WindowsEventLogEntry","logName":"Security","@context":"http://sepses.ifs.tuwien.ac.at/contexts/wineventlog.jsonld","hasLogType":"wineventlog","source":"Microsoft-Windows-Security-Auditing","resourceAttributes":"S:AI","objectType":"File","objectName":"C:\\Users\\Virtual Windows 10\\Dropbox\\.dropbox.cache","logMessage":"An attempt was made to access an object.\n\nSubject:\n\tSecurity ID:\t\tS-1-5-21-2889181789-4222170037-1347726928-1001\n\tAccount Name:\t\tVirtual Windows 10\n\tAccount Domain:\t\tDESKTOP-MAC610T\n\tLogon ID:\t\t0x1F8D4\n\nObject:\n\tObject Server:\t\tSecurity\n\tObject Type:\t\tFile\n\tObject Name:\t\tC:\\Users\\Virtual Windows 10\\Dropbox\\.dropbox.cache\n\tHandle ID:\t\t0xefc\n\tResource Attributes:\tS:AI\n\nProcess Information:\n\tProcess ID:\t\t0x1788\n\tProcess Name:\t\tC:\\Program Files (x86)\\Dropbox\\Client\\Dropbox.exe\n\nAccess Request Information:\n\tAccesses:\t\tReadAttributes\n\t\t\t\t\n\tAccess Mask:\t\t0x80","timestamp":"2018-08-22T13:34:46.528Z","accesses":"%%4423\n\t\t\t\t","accountDomain":"DESKTOP-MAC610T","keyword":["Audit Success"],"@id":"http://example.org/logEntry#logEntry-a989a6e1-6763-401c-80b5-fa2d197dbbf3","processID":"0x1788","accountName":"Virtual Windows 10","version":1,"taskCategory":"File System","upCode":"Info","accessMask":"0x80","@timestamp":"2018-08-22T13:34:46.528Z","objectServer":"Security"},
  {"handleID":"0x17d4","computerName":"DESKTOP-MAC610T","logonID":"0x1f8d4","processName":"C:\\Program Files (x86)\\Dropbox\\Client\\Dropbox.exe","eventID":4663,"level":"Information","originatesFrom":{"hostName":{"name":"DESKTOP-MAC610T"},"@type":"rdf:nodeID","@id":"http://example.org/sepses#d3d10f83-2595-4b45-9970-41f827d8ff8e"},"@type":"http://purl.org/sepses/vocab/log/wineventlog#WindowsEventLogEntry","logName":"Security","@context":"http://sepses.ifs.tuwien.ac.at/contexts/wineventlog.jsonld","hasLogType":"wineventlog","source":"Microsoft-Windows-Security-Auditing","resourceAttributes":"S:AI","objectType":"File","objectName":"C:\\Users\\Virtual Windows 10\\Dropbox\\.dropbox.cache","logMessage":"An attempt was made to access an object.\n\nSubject:\n\tSecurity ID:\t\tS-1-5-21-2889181789-4222170037-1347726928-1001\n\tAccount Name:\t\tVirtual Windows 10\n\tAccount Domain:\t\tDESKTOP-MAC610T\n\tLogon ID:\t\t0x1F8D4\n\nObject:\n\tObject Server:\t\tSecurity\n\tObject Type:\t\tFile\n\tObject Name:\t\tC:\\Users\\Virtual Windows 10\\Dropbox\\.dropbox.cache\n\tHandle ID:\t\t0x17d4\n\tResource Attributes:\tS:AI\n\nProcess Information:\n\tProcess ID:\t\t0x1788\n\tProcess Name:\t\tC:\\Program Files (x86)\\Dropbox\\Client\\Dropbox.exe\n\nAccess Request Information:\n\tAccesses:\t\tReadAttributes\n\t\t\t\t\n\tAccess Mask:\t\t0x80","timestamp":"2018-08-22T13:34:46.592Z","accesses":"%%4423\n\t\t\t\t","accountDomain":"DESKTOP-MAC610T","keyword":["Audit Success"],"@id":"http://example.org/logEntry#logEntry-9c526984-afe9-4916-8793-d31c3d71c561","processID":"0x1788","accountName":"Virtual Windows 10","version":1,"taskCategory":"File System","upCode":"Info","accessMask":"0x80","@timestamp":"2018-08-22T13:34:46.592Z","objectServer":"Security"},
  {"handleID":"0xefc","computerName":"DESKTOP-MAC610T","logonID":"0x1f8d4","processName":"C:\\Program Files (x86)\\Dropbox\\Client\\Dropbox.exe","eventID":4663,"level":"Information","originatesFrom":{"hostName":{"name":"DESKTOP-MAC610T"},"@type":"rdf:nodeID","@id":"http://example.org/sepses#cdecb1d1-a461-4ce6-be9d-7ab6dd2a3e19"},"@type":"http://purl.org/sepses/vocab/log/wineventlog#WindowsEventLogEntry","logName":"Security","@context":"http://sepses.ifs.tuwien.ac.at/contexts/wineventlog.jsonld","hasLogType":"wineventlog","source":"Microsoft-Windows-Security-Auditing","resourceAttributes":"S:AI","objectType":"File","objectName":"C:\\Users\\Virtual Windows 10\\Dropbox","logMessage":"An attempt was made to access an object.\n\nSubject:\n\tSecurity ID:\t\tS-1-5-21-2889181789-4222170037-1347726928-1001\n\tAccount Name:\t\tVirtual Windows 10\n\tAccount Domain:\t\tDESKTOP-MAC610T\n\tLogon ID:\t\t0x1F8D4\n\nObject:\n\tObject Server:\t\tSecurity\n\tObject Type:\t\tFile\n\tObject Name:\t\tC:\\Users\\Virtual Windows 10\\Dropbox\n\tHandle ID:\t\t0xefc\n\tResource Attributes:\tS:AI\n\nProcess Information:\n\tProcess ID:\t\t0x1788\n\tProcess Name:\t\tC:\\Program Files (x86)\\Dropbox\\Client\\Dropbox.exe\n\nAccess Request Information:\n\tAccesses:\t\tReadAttributes\n\t\t\t\t\n\tAccess Mask:\t\t0x80","timestamp":"2018-08-22T13:34:47.139Z","accesses":"%%4423\n\t\t\t\t","accountDomain":"DESKTOP-MAC610T","keyword":["Audit Success"],"@id":"http://example.org/logEntry#logEntry-b415a669-b371-4852-b83f-0b3601c26f3a","processID":"0x1788","accountName":"Virtual Windows 10","version":1,"taskCategory":"File System","upCode":"Info","accessMask":"0x80","@timestamp":"2018-08-22T13:34:47.139Z","objectServer":"Security"},
  {"handleID":"0xefc","computerName":"DESKTOP-MAC610T","logonID":"0x1f8d4","processName":"C:\\Program Files (x86)\\Dropbox\\Client\\Dropbox.exe","eventID":4663,"level":"Information","originatesFrom":{"hostName":{"name":"DESKTOP-MAC610T"},"@type":"rdf:nodeID","@id":"http://example.org/sepses#3f5c82e8-18bc-4134-a514-c32992cbfa8d"},"@type":"http://purl.org/sepses/vocab/log/wineventlog#WindowsEventLogEntry","logName":"Security","@context":"http://sepses.ifs.tuwien.ac.at/contexts/wineventlog.jsonld","hasLogType":"wineventlog","source":"Microsoft-Windows-Security-Auditing","resourceAttributes":"S:AI","objectType":"File","objectName":"C:\\Users\\Virtual Windows 10\\Dropbox","logMessage":"An attempt was made to access an object.\n\nSubject:\n\tSecurity ID:\t\tS-1-5-21-2889181789-4222170037-1347726928-1001\n\tAccount Name:\t\tVirtual Windows 10\n\tAccount Domain:\t\tDESKTOP-MAC610T\n\tLogon ID:\t\t0x1F8D4\n\nObject:\n\tObject Server:\t\tSecurity\n\tObject Type:\t\tFile\n\tObject Name:\t\tC:\\Users\\Virtual Windows 10\\Dropbox\n\tHandle ID:\t\t0xefc\n\tResource Attributes:\tS:AI\n\nProcess Information:\n\tProcess ID:\t\t0x1788\n\tProcess Name:\t\tC:\\Program Files (x86)\\Dropbox\\Client\\Dropbox.exe\n\nAccess Request Information:\n\tAccesses:\t\tReadAttributes\n\t\t\t\t\n\tAccess Mask:\t\t0x80","timestamp":"2018-08-22T13:34:47.190Z","accesses":"%%4423\n\t\t\t\t","accountDomain":"DESKTOP-MAC610T","keyword":["Audit Success"],"@id":"http://example.org/logEntry#logEntry-5d995a42-391d-43f5-b233-56f7275209b0","processID":"0x1788","accountName":"Virtual Windows 10","version":1,"taskCategory":"File System","upCode":"Info","accessMask":"0x80","@timestamp":"2018-08-22T13:34:47.190Z","objectServer":"Security"},
  {"handleID":"0xefc","computerName":"DESKTOP-MAC610T","logonID":"0x1f8d4","processName":"C:\\Program Files (x86)\\Dropbox\\Client\\Dropbox.exe","eventID":4663,"level":"Information","originatesFrom":{"hostName":{"name":"DESKTOP-MAC610T"},"@type":"rdf:nodeID","@id":"http://example.org/sepses#7704a29f-45bb-42df-aa5d-2045537ca7e0"},"@type":"http://purl.org/sepses/vocab/log/wineventlog#WindowsEventLogEntry","logName":"Security","@context":"http://sepses.ifs.tuwien.ac.at/contexts/wineventlog.jsonld","hasLogType":"wineventlog","source":"Microsoft-Windows-Security-Auditing","resourceAttributes":"S:AI","objectType":"File","objectName":"C:\\Users\\Virtual Windows 10\\Dropbox","logMessage":"An attempt was made to access an object.\n\nSubject:\n\tSecurity ID:\t\tS-1-5-21-2889181789-4222170037-1347726928-1001\n\tAccount Name:\t\tVirtual Windows 10\n\tAccount Domain:\t\tDESKTOP-MAC610T\n\tLogon ID:\t\t0x1F8D4\n\nObject:\n\tObject Server:\t\tSecurity\n\tObject Type:\t\tFile\n\tObject Name:\t\tC:\\Users\\Virtual Windows 10\\Dropbox\n\tHandle ID:\t\t0xefc\n\tResource Attributes:\tS:AI\n\nProcess Information:\n\tProcess ID:\t\t0x1788\n\tProcess Name:\t\tC:\\Program Files (x86)\\Dropbox\\Client\\Dropbox.exe\n\nAccess Request Information:\n\tAccesses:\t\tReadAttributes\n\t\t\t\t\n\tAccess Mask:\t\t0x80","timestamp":"2018-08-22T13:34:47.198Z","accesses":"%%4423\n\t\t\t\t","accountDomain":"DESKTOP-MAC610T","keyword":["Audit Success"],"@id":"http://example.org/logEntry#logEntry-e7dee3b8-0477-45bc-9d1f-9576585c23ba","processID":"0x1788","accountName":"Virtual Windows 10","version":1,"taskCategory":"File System","upCode":"Info","accessMask":"0x80","@timestamp":"2018-08-22T13:34:47.198Z","objectServer":"Security"},
  {"handleID":"0xefc","computerName":"DESKTOP-MAC610T","logonID":"0x1f8d4","processName":"C:\\Program Files (x86)\\Dropbox\\Client\\Dropbox.exe","eventID":4663,"level":"Information","originatesFrom":{"hostName":{"name":"DESKTOP-MAC610T"},"@type":"rdf:nodeID","@id":"http://example.org/sepses#fbd05314-297f-4dc1-91d8-ba5818a06442"},"@type":"http://purl.org/sepses/vocab/log/wineventlog#WindowsEventLogEntry","logName":"Security","@context":"http://sepses.ifs.tuwien.ac.at/contexts/wineventlog.jsonld","hasLogType":"wineventlog","source":"Microsoft-Windows-Security-Auditing","resourceAttributes":"S:AI","objectType":"File","objectName":"C:\\Users\\Virtual Windows 10\\Dropbox","logMessage":"An attempt was made to access an object.\n\nSubject:\n\tSecurity ID:\t\tS-1-5-21-2889181789-4222170037-1347726928-1001\n\tAccount Name:\t\tVirtual Windows 10\n\tAccount Domain:\t\tDESKTOP-MAC610T\n\tLogon ID:\t\t0x1F8D4\n\nObject:\n\tObject Server:\t\tSecurity\n\tObject Type:\t\tFile\n\tObject Name:\t\tC:\\Users\\Virtual Windows 10\\Dropbox\n\tHandle ID:\t\t0xefc\n\tResource Attributes:\tS:AI\n\nProcess Information:\n\tProcess ID:\t\t0x1788\n\tProcess Name:\t\tC:\\Program Files (x86)\\Dropbox\\Client\\Dropbox.exe\n\nAccess Request Information:\n\tAccesses:\t\tReadAttributes\n\t\t\t\t\n\tAccess Mask:\t\t0x80","timestamp":"2018-08-22T13:34:47.217Z","accesses":"%%4423\n\t\t\t\t","accountDomain":"DESKTOP-MAC610T","keyword":["Audit Success"],"@id":"http://example.org/logEntry#logEntry-2c3813ed-c369-41a2-a7c0-c76440bfcaaf","processID":"0x1788","accountName":"Virtual Windows 10","version":1,"taskCategory":"File System","upCode":"Info","accessMask":"0x80","@timestamp":"2018-08-22T13:34:47.217Z","objectServer":"Security"},
  {"handleID":"0xefc","computerName":"DESKTOP-MAC610T","logonID":"0x1f8d4","processName":"C:\\Program Files (x86)\\Dropbox\\Client\\Dropbox.exe","eventID":4663,"level":"Information","originatesFrom":{"hostName":{"name":"DESKTOP-MAC610T"},"@type":"rdf:nodeID","@id":"http://example.org/sepses#45e9d610-ec07-4a30-b674-d7d74c2c0794"},"@type":"http://purl.org/sepses/vocab/log/wineventlog#WindowsEventLogEntry","logName":"Security","@context":"http://sepses.ifs.tuwien.ac.at/contexts/wineventlog.jsonld","hasLogType":"wineventlog","source":"Microsoft-Windows-Security-Auditing","resourceAttributes":"S:AI","objectType":"File","objectName":"C:\\Users\\Virtual Windows 10\\Dropbox","logMessage":"An attempt was made to access an object.\n\nSubject:\n\tSecurity ID:\t\tS-1-5-21-2889181789-4222170037-1347726928-1001\n\tAccount Name:\t\tVirtual Windows 10\n\tAccount Domain:\t\tDESKTOP-MAC610T\n\tLogon ID:\t\t0x1F8D4\n\nObject:\n\tObject Server:\t\tSecurity\n\tObject Type:\t\tFile\n\tObject Name:\t\tC:\\Users\\Virtual Windows 10\\Dropbox\n\tHandle ID:\t\t0xefc\n\tResource Attributes:\tS:AI\n\nProcess Information:\n\tProcess ID:\t\t0x1788\n\tProcess Name:\t\tC:\\Program Files (x86)\\Dropbox\\Client\\Dropbox.exe\n\nAccess Request Information:\n\tAccesses:\t\tReadAttributes\n\t\t\t\t\n\tAccess Mask:\t\t0x80","timestamp":"2018-08-22T13:34:47.225Z","accesses":"%%4423\n\t\t\t\t","accountDomain":"DESKTOP-MAC610T","keyword":["Audit Success"],"@id":"http://example.org/logEntry#logEntry-23411be7-21af-40f1-bab6-545c1ed1643b","processID":"0x1788","accountName":"Virtual Windows 10","version":1,"taskCategory":"File System","upCode":"Info","accessMask":"0x80","@timestamp":"2018-08-22T13:34:47.225Z","objectServer":"Security"},
  {"handleID":"0xefc","computerName":"DESKTOP-MAC610T","logonID":"0x1f8d4","processName":"C:\\Program Files (x86)\\Dropbox\\Client\\Dropbox.exe","eventID":4663,"level":"Information","originatesFrom":{"hostName":{"name":"DESKTOP-MAC610T"},"@type":"rdf:nodeID","@id":"http://example.org/sepses#18053fc9-9364-42d9-8d64-6ed688a1bbb9"},"@type":"http://purl.org/sepses/vocab/log/wineventlog#WindowsEventLogEntry","logName":"Security","@context":"http://sepses.ifs.tuwien.ac.at/contexts/wineventlog.jsonld","hasLogType":"wineventlog","source":"Microsoft-Windows-Security-Auditing","resourceAttributes":"S:AI","objectType":"File","objectName":"C:\\Users\\Virtual Windows 10\\Dropbox","logMessage":"An attempt was made to access an object.\n\nSubject:\n\tSecurity ID:\t\tS-1-5-21-2889181789-4222170037-1347726928-1001\n\tAccount Name:\t\tVirtual Windows 10\n\tAccount Domain:\t\tDESKTOP-MAC610T\n\tLogon ID:\t\t0x1F8D4\n\nObject:\n\tObject Server:\t\tSecurity\n\tObject Type:\t\tFile\n\tObject Name:\t\tC:\\Users\\Virtual Windows 10\\Dropbox\n\tHandle ID:\t\t0xefc\n\tResource Attributes:\tS:AI\n\nProcess Information:\n\tProcess ID:\t\t0x1788\n\tProcess Name:\t\tC:\\Program Files (x86)\\Dropbox\\Client\\Dropbox.exe\n\nAccess Request Information:\n\tAccesses:\t\tReadAttributes\n\t\t\t\t\n\tAccess Mask:\t\t0x80","timestamp":"2018-08-22T13:34:47.227Z","accesses":"%%4423\n\t\t\t\t","accountDomain":"DESKTOP-MAC610T","keyword":["Audit Success"],"@id":"http://example.org/logEntry#logEntry-c707c4df-6c9b-4e22-99fb-91a533167ba3","processID":"0x1788","accountName":"Virtual Windows 10","version":1,"taskCategory":"File System","upCode":"Info","accessMask":"0x80","@timestamp":"2018-08-22T13:34:47.227Z","objectServer":"Security"},
  {"handleID":"0x1ed0","computerName":"DESKTOP-MAC610T","logonID":"0x1f8d4","processName":"C:\\Program Files (x86)\\Dropbox\\Client\\Dropbox.exe","eventID":4663,"level":"Information","originatesFrom":{"hostName":{"name":"DESKTOP-MAC610T"},"@type":"rdf:nodeID","@id":"http://example.org/sepses#2e4723d6-8628-4fd9-9200-dce5471002da"},"@type":"http://purl.org/sepses/vocab/log/wineventlog#WindowsEventLogEntry","logName":"Security","@context":"http://sepses.ifs.tuwien.ac.at/contexts/wineventlog.jsonld","hasLogType":"wineventlog","source":"Microsoft-Windows-Security-Auditing","resourceAttributes":"S:AI","objectType":"File","objectName":"C:\\Users\\Virtual Windows 10\\Dropbox\\.dropbox.cache\\~13246cdc.tmp","logMessage":"An attempt was made to access an object.\n\nSubject:\n\tSecurity ID:\t\tS-1-5-21-2889181789-4222170037-1347726928-1001\n\tAccount Name:\t\tVirtual Windows 10\n\tAccount Domain:\t\tDESKTOP-MAC610T\n\tLogon ID:\t\t0x1F8D4\n\nObject:\n\tObject Server:\t\tSecurity\n\tObject Type:\t\tFile\n\tObject Name:\t\tC:\\Users\\Virtual Windows 10\\Dropbox\\.dropbox.cache\\~13246cdc.tmp\n\tHandle ID:\t\t0x1ed0\n\tResource Attributes:\tS:AI\n\nProcess Information:\n\tProcess ID:\t\t0x1788\n\tProcess Name:\t\tC:\\Program Files (x86)\\Dropbox\\Client\\Dropbox.exe\n\nAccess Request Information:\n\tAccesses:\t\tReadAttributes\n\t\t\t\t\n\tAccess Mask:\t\t0x80","timestamp":"2018-08-22T13:34:46.418Z","accesses":"%%4423\n\t\t\t\t","accountDomain":"DESKTOP-MAC610T","keyword":["Audit Success"],"@id":"http://example.org/logEntry#logEntry-02308b5c-fcf0-4827-b9cf-a623419eb6b2","processID":"0x1788","accountName":"Virtual Windows 10","version":1,"taskCategory":"File System","upCode":"Info","accessMask":"0x80","@timestamp":"2018-08-22T13:34:46.418Z","objectServer":"Security"},
  {"handleID":"0x1ee0","computerName":"DESKTOP-MAC610T","logonID":"0x1f8d4","processName":"C:\\Program Files (x86)\\Dropbox\\Client\\Dropbox.exe","eventID":4663,"level":"Information","originatesFrom":{"hostName":{"name":"DESKTOP-MAC610T"},"@type":"rdf:nodeID","@id":"http://example.org/sepses#cfefc8a9-86b0-4183-b5f9-e97ba09fcb1f"},"@type":"http://purl.org/sepses/vocab/log/wineventlog#WindowsEventLogEntry","logName":"Security","@context":"http://sepses.ifs.tuwien.ac.at/contexts/wineventlog.jsonld","hasLogType":"wineventlog","source":"Microsoft-Windows-Security-Auditing","resourceAttributes":"S:AI","objectType":"File","objectName":"C:\\Users\\Virtual Windows 10\\Dropbox\\.dropbox.cache\\~13246cdc.tmp","logMessage":"An attempt was made to access an object.\n\nSubject:\n\tSecurity ID:\t\tS-1-5-21-2889181789-4222170037-1347726928-1001\n\tAccount Name:\t\tVirtual Windows 10\n\tAccount Domain:\t\tDESKTOP-MAC610T\n\tLogon ID:\t\t0x1F8D4\n\nObject:\n\tObject Server:\t\tSecurity\n\tObject Type:\t\tFile\n\tObject Name:\t\tC:\\Users\\Virtual Windows 10\\Dropbox\\.dropbox.cache\\~13246cdc.tmp\n\tHandle ID:\t\t0x1ee0\n\tResource Attributes:\tS:AI\n\nProcess Information:\n\tProcess ID:\t\t0x1788\n\tProcess Name:\t\tC:\\Program Files (x86)\\Dropbox\\Client\\Dropbox.exe\n\nAccess Request Information:\n\tAccesses:\t\tReadAttributes\n\t\t\t\t\n\tAccess Mask:\t\t0x80","timestamp":"2018-08-22T13:34:46.431Z","accesses":"%%4423\n\t\t\t\t","accountDomain":"DESKTOP-MAC610T","keyword":["Audit Success"],"@id":"http://example.org/logEntry#logEntry-c7f11dae-95df-4125-a0b6-ca7cb88b975d","processID":"0x1788","accountName":"Virtual Windows 10","version":1,"taskCategory":"File System","upCode":"Info","accessMask":"0x80","@timestamp":"2018-08-22T13:34:46.431Z","objectServer":"Security"},
  {"handleID":"0xefc","computerName":"DESKTOP-MAC610T","logonID":"0x1f8d4","processName":"C:\\Program Files (x86)\\Dropbox\\Client\\Dropbox.exe","eventID":4663,"level":"Information","originatesFrom":{"hostName":{"name":"DESKTOP-MAC610T"},"@type":"rdf:nodeID","@id":"http://example.org/sepses#0b43a3ab-56c6-49a6-8b32-c35df40c3bbe"},"@type":"http://purl.org/sepses/vocab/log/wineventlog#WindowsEventLogEntry","logName":"Security","@context":"http://sepses.ifs.tuwien.ac.at/contexts/wineventlog.jsonld","hasLogType":"wineventlog","source":"Microsoft-Windows-Security-Auditing","resourceAttributes":"S:AI","objectType":"File","objectName":"C:\\Users\\Virtual Windows 10\\Dropbox","logMessage":"An attempt was made to access an object.\n\nSubject:\n\tSecurity ID:\t\tS-1-5-21-2889181789-4222170037-1347726928-1001\n\tAccount Name:\t\tVirtual Windows 10\n\tAccount Domain:\t\tDESKTOP-MAC610T\n\tLogon ID:\t\t0x1F8D4\n\nObject:\n\tObject Server:\t\tSecurity\n\tObject Type:\t\tFile\n\tObject Name:\t\tC:\\Users\\Virtual Windows 10\\Dropbox\n\tHandle ID:\t\t0xefc\n\tResource Attributes:\tS:AI\n\nProcess Information:\n\tProcess ID:\t\t0x1788\n\tProcess Name:\t\tC:\\Program Files (x86)\\Dropbox\\Client\\Dropbox.exe\n\nAccess Request Information:\n\tAccesses:\t\tReadAttributes\n\t\t\t\t\n\tAccess Mask:\t\t0x80","timestamp":"2018-08-22T13:34:46.462Z","accesses":"%%4423\n\t\t\t\t","accountDomain":"DESKTOP-MAC610T","keyword":["Audit Success"],"@id":"http://example.org/logEntry#logEntry-3d9868b8-802d-4c11-aa5a-cb6c27b10c29","processID":"0x1788","accountName":"Virtual Windows 10","version":1,"taskCategory":"File System","upCode":"Info","accessMask":"0x80","@timestamp":"2018-08-22T13:34:46.462Z","objectServer":"Security"},
  {"handleID":"0xefc","computerName":"DESKTOP-MAC610T","logonID":"0x1f8d4","processName":"C:\\Program Files (x86)\\Dropbox\\Client\\Dropbox.exe","eventID":4663,"level":"Information","originatesFrom":{"hostName":{"name":"DESKTOP-MAC610T"},"@type":"rdf:nodeID","@id":"http://example.org/sepses#5a169bab-40a6-4c75-87e8-d1a68bbe96ef"},"@type":"http://purl.org/sepses/vocab/log/wineventlog#WindowsEventLogEntry","logName":"Security","@context":"http://sepses.ifs.tuwien.ac.at/contexts/wineventlog.jsonld","hasLogType":"wineventlog","source":"Microsoft-Windows-Security-Auditing","resourceAttributes":"S:AI","objectType":"File","objectName":"C:\\Users\\Virtual Windows 10\\Dropbox\\.dropbox.cache\\~13246cdc.tmp","logMessage":"An attempt was made to access an object.\n\nSubject:\n\tSecurity ID:\t\tS-1-5-21-2889181789-4222170037-1347726928-1001\n\tAccount Name:\t\tVirtual Windows 10\n\tAccount Domain:\t\tDESKTOP-MAC610T\n\tLogon ID:\t\t0x1F8D4\n\nObject:\n\tObject Server:\t\tSecurity\n\tObject Type:\t\tFile\n\tObject Name:\t\tC:\\Users\\Virtual Windows 10\\Dropbox\\.dropbox.cache\\~13246cdc.tmp\n\tHandle ID:\t\t0xefc\n\tResource Attributes:\tS:AI\n\nProcess Information:\n\tProcess ID:\t\t0x1788\n\tProcess Name:\t\tC:\\Program Files (x86)\\Dropbox\\Client\\Dropbox.exe\n\nAccess Request Information:\n\tAccesses:\t\tReadAttributes\n\t\t\t\t\n\tAccess Mask:\t\t0x80","timestamp":"2018-08-22T13:34:46.464Z","accesses":"%%4423\n\t\t\t\t","accountDomain":"DESKTOP-MAC610T","keyword":["Audit Success"],"@id":"http://example.org/logEntry#logEntry-0ff3df99-ab20-4c75-a95b-6eb5b8a31845","processID":"0x1788","accountName":"Virtual Windows 10","version":1,"taskCategory":"File System","upCode":"Info","accessMask":"0x80","@timestamp":"2018-08-22T13:34:46.464Z","objectServer":"Security"},
  {"handleID":"0x1ed8","computerName":"DESKTOP-MAC610T","logonID":"0x1f8d4","processName":"C:\\Program Files (x86)\\Dropbox\\Client\\Dropbox.exe","eventID":4663,"level":"Information","originatesFrom":{"hostName":{"name":"DESKTOP-MAC610T"},"@type":"rdf:nodeID","@id":"http://example.org/sepses#bf905659-dc35-4d11-8810-bff35907e6bd"},"@type":"http://purl.org/sepses/vocab/log/wineventlog#WindowsEventLogEntry","logName":"Security","@context":"http://sepses.ifs.tuwien.ac.at/contexts/wineventlog.jsonld","hasLogType":"wineventlog","source":"Microsoft-Windows-Security-Auditing","resourceAttributes":"S:AI","objectType":"File","objectName":"C:\\Users\\Virtual Windows 10\\Dropbox\\New Text Document.txt:com.dropbox.attrs","logMessage":"An attempt was made to access an object.\n\nSubject:\n\tSecurity ID:\t\tS-1-5-21-2889181789-4222170037-1347726928-1001\n\tAccount Name:\t\tVirtual Windows 10\n\tAccount Domain:\t\tDESKTOP-MAC610T\n\tLogon ID:\t\t0x1F8D4\n\nObject:\n\tObject Server:\t\tSecurity\n\tObject Type:\t\tFile\n\tObject Name:\t\tC:\\Users\\Virtual Windows 10\\Dropbox\\New Text Document.txt:com.dropbox.attrs\n\tHandle ID:\t\t0x1ed8\n\tResource Attributes:\tS:AI\n\nProcess Information:\n\tProcess ID:\t\t0x1788\n\tProcess Name:\t\tC:\\Program Files (x86)\\Dropbox\\Client\\Dropbox.exe\n\nAccess Request Information:\n\tAccesses:\t\tWriteData (or AddFile)\n\t\t\t\t\n\tAccess Mask:\t\t0x2","timestamp":"2018-08-22T13:34:46.491Z","accesses":"%%4417\n\t\t\t\t","accountDomain":"DESKTOP-MAC610T","keyword":["Audit Success"],"@id":"http://example.org/logEntry#logEntry-3adf3ee2-8395-43d1-b035-9ec2a1b3168a","processID":"0x1788","accountName":"Virtual Windows 10","version":1,"taskCategory":"File System","upCode":"Info","accessMask":"0x2","@timestamp":"2018-08-22T13:34:46.491Z","objectServer":"Security"},
  {"handleID":"0x145c","computerName":"DESKTOP-MAC610T","logonID":"0x1f8d4","processName":"C:\\Program Files (x86)\\Dropbox\\Client\\Dropbox.exe","eventID":4663,"level":"Information","originatesFrom":{"hostName":{"name":"DESKTOP-MAC610T"},"@type":"rdf:nodeID","@id":"http://example.org/sepses#0c3163d8-e5d5-4cd9-90b2-0bc4dd23505e"},"@type":"http://purl.org/sepses/vocab/log/wineventlog#WindowsEventLogEntry","logName":"Security","@context":"http://sepses.ifs.tuwien.ac.at/contexts/wineventlog.jsonld","hasLogType":"wineventlog","source":"Microsoft-Windows-Security-Auditing","resourceAttributes":"S:AI","objectType":"File","objectName":"C:\\Users\\Virtual Windows 10\\Dropbox","logMessage":"An attempt was made to access an object.\n\nSubject:\n\tSecurity ID:\t\tS-1-5-21-2889181789-4222170037-1347726928-1001\n\tAccount Name:\t\tVirtual Windows 10\n\tAccount Domain:\t\tDESKTOP-MAC610T\n\tLogon ID:\t\t0x1F8D4\n\nObject:\n\tObject Server:\t\tSecurity\n\tObject Type:\t\tFile\n\tObject Name:\t\tC:\\Users\\Virtual Windows 10\\Dropbox\n\tHandle ID:\t\t0x145c\n\tResource Attributes:\tS:AI\n\nProcess Information:\n\tProcess ID:\t\t0x1788\n\tProcess Name:\t\tC:\\Program Files (x86)\\Dropbox\\Client\\Dropbox.exe\n\nAccess Request Information:\n\tAccesses:\t\tReadAttributes\n\t\t\t\t\n\tAccess Mask:\t\t0x80","timestamp":"2018-08-22T13:34:46.514Z","accesses":"%%4423\n\t\t\t\t","accountDomain":"DESKTOP-MAC610T","keyword":["Audit Success"],"@id":"http://example.org/logEntry#logEntry-60fef2f6-d1d6-4f63-a2ad-c71b31b398e9","processID":"0x1788","accountName":"Virtual Windows 10","version":1,"taskCategory":"File System","upCode":"Info","accessMask":"0x80","@timestamp":"2018-08-22T13:34:46.514Z","objectServer":"Security"},
  {"handleID":"0x19d0","computerName":"DESKTOP-MAC610T","logonID":"0x1f8d4","processName":"C:\\Program Files (x86)\\Dropbox\\Client\\Dropbox.exe","eventID":4663,"level":"Information","originatesFrom":{"hostName":{"name":"DESKTOP-MAC610T"},"@type":"rdf:nodeID","@id":"http://example.org/sepses#4428c2d7-43f5-4a2e-ae9a-8939b6ed5a85"},"@type":"http://purl.org/sepses/vocab/log/wineventlog#WindowsEventLogEntry","logName":"Security","@context":"http://sepses.ifs.tuwien.ac.at/contexts/wineventlog.jsonld","hasLogType":"wineventlog","source":"Microsoft-Windows-Security-Auditing","resourceAttributes":"S:AI","objectType":"File","objectName":"C:\\Users\\Virtual Windows 10\\Dropbox\\New Text Document.txt","logMessage":"An attempt was made to access an object.\n\nSubject:\n\tSecurity ID:\t\tS-1-5-21-2889181789-4222170037-1347726928-1001\n\tAccount Name:\t\tVirtual Windows 10\n\tAccount Domain:\t\tDESKTOP-MAC610T\n\tLogon ID:\t\t0x1F8D4\n\nObject:\n\tObject Server:\t\tSecurity\n\tObject Type:\t\tFile\n\tObject Name:\t\tC:\\Users\\Virtual Windows 10\\Dropbox\\New Text Document.txt\n\tHandle ID:\t\t0x19d0\n\tResource Attributes:\tS:AI\n\nProcess Information:\n\tProcess ID:\t\t0x1788\n\tProcess Name:\t\tC:\\Program Files (x86)\\Dropbox\\Client\\Dropbox.exe\n\nAccess Request Information:\n\tAccesses:\t\tReadAttributes\n\t\t\t\t\n\tAccess Mask:\t\t0x80","timestamp":"2018-08-22T13:34:46.526Z","accesses":"%%4423\n\t\t\t\t","accountDomain":"DESKTOP-MAC610T","keyword":["Audit Success"],"@id":"http://example.org/logEntry#logEntry-9ac5dd72-447a-425c-8fea-01d24074e7db","processID":"0x1788","accountName":"Virtual Windows 10","version":1,"taskCategory":"File System","upCode":"Info","accessMask":"0x80","@timestamp":"2018-08-22T13:34:46.526Z","objectServer":"Security"},
  {"handleID":"0x17d4","computerName":"DESKTOP-MAC610T","logonID":"0x1f8d4","processName":"C:\\Program Files (x86)\\Dropbox\\Client\\Dropbox.exe","eventID":4663,"level":"Information","originatesFrom":{"hostName":{"name":"DESKTOP-MAC610T"},"@type":"rdf:nodeID","@id":"http://example.org/sepses#2e93778b-6d81-47a6-b3f2-f864b2abb8bd"},"@type":"http://purl.org/sepses/vocab/log/wineventlog#WindowsEventLogEntry","logName":"Security","@context":"http://sepses.ifs.tuwien.ac.at/contexts/wineventlog.jsonld","hasLogType":"wineventlog","source":"Microsoft-Windows-Security-Auditing","resourceAttributes":"S:AI","objectType":"File","objectName":"C:\\Users\\Virtual Windows 10\\Dropbox\\.dropbox.cache","logMessage":"An attempt was made to access an object.\n\nSubject:\n\tSecurity ID:\t\tS-1-5-21-2889181789-4222170037-1347726928-1001\n\tAccount Name:\t\tVirtual Windows 10\n\tAccount Domain:\t\tDESKTOP-MAC610T\n\tLogon ID:\t\t0x1F8D4\n\nObject:\n\tObject Server:\t\tSecurity\n\tObject Type:\t\tFile\n\tObject Name:\t\tC:\\Users\\Virtual Windows 10\\Dropbox\\.dropbox.cache\n\tHandle ID:\t\t0x17d4\n\tResource Attributes:\tS:AI\n\nProcess Information:\n\tProcess ID:\t\t0x1788\n\tProcess Name:\t\tC:\\Program Files (x86)\\Dropbox\\Client\\Dropbox.exe\n\nAccess Request Information:\n\tAccesses:\t\tReadAttributes\n\t\t\t\t\n\tAccess Mask:\t\t0x80","timestamp":"2018-08-22T13:34:46.591Z","accesses":"%%4423\n\t\t\t\t","accountDomain":"DESKTOP-MAC610T","keyword":["Audit Success"],"@id":"http://example.org/logEntry#logEntry-6aa0568e-60db-495d-aa8b-9b96c542709f","processID":"0x1788","accountName":"Virtual Windows 10","version":1,"taskCategory":"File System","upCode":"Info","accessMask":"0x80","@timestamp":"2018-08-22T13:34:46.591Z","objectServer":"Security"},
  {"handleID":"0x2e3c","computerName":"DESKTOP-MAC610T","logonID":"0x1f8d4","processName":"C:\\Windows\\explorer.exe","eventID":4663,"level":"Information","originatesFrom":{"hostName":{"name":"DESKTOP-MAC610T"},"@type":"rdf:nodeID","@id":"http://example.org/sepses#f17fa7b9-9161-4a0e-afd3-3dded32084b1"},"@type":"http://purl.org/sepses/vocab/log/wineventlog#WindowsEventLogEntry","logName":"Security","@context":"http://sepses.ifs.tuwien.ac.at/contexts/wineventlog.jsonld","hasLogType":"wineventlog","source":"Microsoft-Windows-Security-Auditing","resourceAttributes":"S:AI","objectType":"File","objectName":"C:\\Users\\Virtual Windows 10\\Dropbox\\desktop.ini","logMessage":"An attempt was made to access an object.\n\nSubject:\n\tSecurity ID:\t\tS-1-5-21-2889181789-4222170037-1347726928-1001\n\tAccount Name:\t\tVirtual Windows 10\n\tAccount Domain:\t\tDESKTOP-MAC610T\n\tLogon ID:\t\t0x1F8D4\n\nObject:\n\tObject Server:\t\tSecurity\n\tObject Type:\t\tFile\n\tObject Name:\t\tC:\\Users\\Virtual Windows 10\\Dropbox\\desktop.ini\n\tHandle ID:\t\t0x2e3c\n\tResource Attributes:\tS:AI\n\nProcess Information:\n\tProcess ID:\t\t0x8c0\n\tProcess Name:\t\tC:\\Windows\\explorer.exe\n\nAccess Request Information:\n\tAccesses:\t\tReadAttributes\n\t\t\t\t\n\tAccess Mask:\t\t0x80","timestamp":"2018-08-22T13:34:47.126Z","accesses":"%%4423\n\t\t\t\t","accountDomain":"DESKTOP-MAC610T","keyword":["Audit Success"],"@id":"http://example.org/logEntry#logEntry-4399996b-e6cb-46e2-8218-de4bfb814282","processID":"0x8c0","accountName":"Virtual Windows 10","version":1,"taskCategory":"File System","upCode":"Info","accessMask":"0x80","@timestamp":"2018-08-22T13:34:47.126Z","objectServer":"Security"},
  {"handleID":"0xefc","computerName":"DESKTOP-MAC610T","logonID":"0x1f8d4","processName":"C:\\Program Files (x86)\\Dropbox\\Client\\Dropbox.exe","eventID":4663,"level":"Information","originatesFrom":{"hostName":{"name":"DESKTOP-MAC610T"},"@type":"rdf:nodeID","@id":"http://example.org/sepses#db158c1f-0ea0-4ec6-a08e-f8111f2c7550"},"@type":"http://purl.org/sepses/vocab/log/wineventlog#WindowsEventLogEntry","logName":"Security","@context":"http://sepses.ifs.tuwien.ac.at/contexts/wineventlog.jsonld","hasLogType":"wineventlog","source":"Microsoft-Windows-Security-Auditing","resourceAttributes":"S:AI","objectType":"File","objectName":"C:\\Users\\Virtual Windows 10\\Dropbox","logMessage":"An attempt was made to access an object.\n\nSubject:\n\tSecurity ID:\t\tS-1-5-21-2889181789-4222170037-1347726928-1001\n\tAccount Name:\t\tVirtual Windows 10\n\tAccount Domain:\t\tDESKTOP-MAC610T\n\tLogon ID:\t\t0x1F8D4\n\nObject:\n\tObject Server:\t\tSecurity\n\tObject Type:\t\tFile\n\tObject Name:\t\tC:\\Users\\Virtual Windows 10\\Dropbox\n\tHandle ID:\t\t0xefc\n\tResource Attributes:\tS:AI\n\nProcess Information:\n\tProcess ID:\t\t0x1788\n\tProcess Name:\t\tC:\\Program Files (x86)\\Dropbox\\Client\\Dropbox.exe\n\nAccess Request Information:\n\tAccesses:\t\tReadAttributes\n\t\t\t\t\n\tAccess Mask:\t\t0x80","timestamp":"2018-08-22T13:34:47.189Z","accesses":"%%4423\n\t\t\t\t","accountDomain":"DESKTOP-MAC610T","keyword":["Audit Success"],"@id":"http://example.org/logEntry#logEntry-6f4a6ae1-1b00-4fe2-9e9f-c839012450fd","processID":"0x1788","accountName":"Virtual Windows 10","version":1,"taskCategory":"File System","upCode":"Info","accessMask":"0x80","@timestamp":"2018-08-22T13:34:47.189Z","objectServer":"Security"},
  {"handleID":"0xefc","computerName":"DESKTOP-MAC610T","logonID":"0x1f8d4","processName":"C:\\Program Files (x86)\\Dropbox\\Client\\Dropbox.exe","eventID":4663,"level":"Information","originatesFrom":{"hostName":{"name":"DESKTOP-MAC610T"},"@type":"rdf:nodeID","@id":"http://example.org/sepses#b2c7162c-aff3-4468-8e09-d2ca17fc4936"},"@type":"http://purl.org/sepses/vocab/log/wineventlog#WindowsEventLogEntry","logName":"Security","@context":"http://sepses.ifs.tuwien.ac.at/contexts/wineventlog.jsonld","hasLogType":"wineventlog","source":"Microsoft-Windows-Security-Auditing","resourceAttributes":"S:AI","objectType":"File","objectName":"C:\\Users\\Virtual Windows 10\\Dropbox","logMessage":"An attempt was made to access an object.\n\nSubject:\n\tSecurity ID:\t\tS-1-5-21-2889181789-4222170037-1347726928-1001\n\tAccount Name:\t\tVirtual Windows 10\n\tAccount Domain:\t\tDESKTOP-MAC610T\n\tLogon ID:\t\t0x1F8D4\n\nObject:\n\tObject Server:\t\tSecurity\n\tObject Type:\t\tFile\n\tObject Name:\t\tC:\\Users\\Virtual Windows 10\\Dropbox\n\tHandle ID:\t\t0xefc\n\tResource Attributes:\tS:AI\n\nProcess Information:\n\tProcess ID:\t\t0x1788\n\tProcess Name:\t\tC:\\Program Files (x86)\\Dropbox\\Client\\Dropbox.exe\n\nAccess Request Information:\n\tAccesses:\t\tReadAttributes\n\t\t\t\t\n\tAccess Mask:\t\t0x80","timestamp":"2018-08-22T13:34:47.198Z","accesses":"%%4423\n\t\t\t\t","accountDomain":"DESKTOP-MAC610T","keyword":["Audit Success"],"@id":"http://example.org/logEntry#logEntry-75958947-ac0a-4465-a01f-99f058e58842","processID":"0x1788","accountName":"Virtual Windows 10","version":1,"taskCategory":"File System","upCode":"Info","accessMask":"0x80","@timestamp":"2018-08-22T13:34:47.198Z","objectServer":"Security"},
  {"handleID":"0xefc","computerName":"DESKTOP-MAC610T","logonID":"0x1f8d4","processName":"C:\\Program Files (x86)\\Dropbox\\Client\\Dropbox.exe","eventID":4663,"level":"Information","originatesFrom":{"hostName":{"name":"DESKTOP-MAC610T"},"@type":"rdf:nodeID","@id":"http://example.org/sepses#9a6e8b65-202e-4b65-8181-fda22e9e169f"},"@type":"http://purl.org/sepses/vocab/log/wineventlog#WindowsEventLogEntry","logName":"Security","@context":"http://sepses.ifs.tuwien.ac.at/contexts/wineventlog.jsonld","hasLogType":"wineventlog","source":"Microsoft-Windows-Security-Auditing","resourceAttributes":"S:AI","objectType":"File","objectName":"C:\\Users\\Virtual Windows 10\\Dropbox","logMessage":"An attempt was made to access an object.\n\nSubject:\n\tSecurity ID:\t\tS-1-5-21-2889181789-4222170037-1347726928-1001\n\tAccount Name:\t\tVirtual Windows 10\n\tAccount Domain:\t\tDESKTOP-MAC610T\n\tLogon ID:\t\t0x1F8D4\n\nObject:\n\tObject Server:\t\tSecurity\n\tObject Type:\t\tFile\n\tObject Name:\t\tC:\\Users\\Virtual Windows 10\\Dropbox\n\tHandle ID:\t\t0xefc\n\tResource Attributes:\tS:AI\n\nProcess Information:\n\tProcess ID:\t\t0x1788\n\tProcess Name:\t\tC:\\Program Files (x86)\\Dropbox\\Client\\Dropbox.exe\n\nAccess Request Information:\n\tAccesses:\t\tReadAttributes\n\t\t\t\t\n\tAccess Mask:\t\t0x80","timestamp":"2018-08-22T13:34:47.216Z","accesses":"%%4423\n\t\t\t\t","accountDomain":"DESKTOP-MAC610T","keyword":["Audit Success"],"@id":"http://example.org/logEntry#logEntry-95c642db-fdc2-4dba-810c-3eb9e60c15e0","processID":"0x1788","accountName":"Virtual Windows 10","version":1,"taskCategory":"File System","upCode":"Info","accessMask":"0x80","@timestamp":"2018-08-22T13:34:47.216Z","objectServer":"Security"},
  {"handleID":"0xefc","computerName":"DESKTOP-MAC610T","logonID":"0x1f8d4","processName":"C:\\Program Files (x86)\\Dropbox\\Client\\Dropbox.exe","eventID":4663,"level":"Information","originatesFrom":{"hostName":{"name":"DESKTOP-MAC610T"},"@type":"rdf:nodeID","@id":"http://example.org/sepses#dba6430d-5f04-4d88-9dd1-6f340fc60a06"},"@type":"http://purl.org/sepses/vocab/log/wineventlog#WindowsEventLogEntry","logName":"Security","@context":"http://sepses.ifs.tuwien.ac.at/contexts/wineventlog.jsonld","hasLogType":"wineventlog","source":"Microsoft-Windows-Security-Auditing","resourceAttributes":"S:AI","objectType":"File","objectName":"C:\\Users\\Virtual Windows 10\\Dropbox","logMessage":"An attempt was made to access an object.\n\nSubject:\n\tSecurity ID:\t\tS-1-5-21-2889181789-4222170037-1347726928-1001\n\tAccount Name:\t\tVirtual Windows 10\n\tAccount Domain:\t\tDESKTOP-MAC610T\n\tLogon ID:\t\t0x1F8D4\n\nObject:\n\tObject Server:\t\tSecurity\n\tObject Type:\t\tFile\n\tObject Name:\t\tC:\\Users\\Virtual Windows 10\\Dropbox\n\tHandle ID:\t\t0xefc\n\tResource Attributes:\tS:AI\n\nProcess Information:\n\tProcess ID:\t\t0x1788\n\tProcess Name:\t\tC:\\Program Files (x86)\\Dropbox\\Client\\Dropbox.exe\n\nAccess Request Information:\n\tAccesses:\t\tReadAttributes\n\t\t\t\t\n\tAccess Mask:\t\t0x80","timestamp":"2018-08-22T13:34:47.224Z","accesses":"%%4423\n\t\t\t\t","accountDomain":"DESKTOP-MAC610T","keyword":["Audit Success"],"@id":"http://example.org/logEntry#logEntry-ee67bee9-f4eb-4878-b218-994a277796a3","processID":"0x1788","accountName":"Virtual Windows 10","version":1,"taskCategory":"File System","upCode":"Info","accessMask":"0x80","@timestamp":"2018-08-22T13:34:47.224Z","objectServer":"Security"},
