  {"handleID":"0x1734","computerName":"VirtualWindows8","logonID":"0xb74d","processName":"C:\\Program Files (x86)\\Dropbox\\Client\\Dropbox.exe","eventID":4663,"level":"Information","originatesFrom":{"hostName":{"name":"VirtualWindows8"},"@type":"rdf:nodeID","@id":"http://example.org/sepses#28dc655c-0c17-492a-80b7-c2e775f292f7"},"@type":"http://purl.org/sepses/vocab/log/wineventlog#WindowsEventLogEntry","logName":"Security","@context":"http://sepses.ifs.tuwien.ac.at/contexts/wineventlog.jsonld","hasLogType":"wineventlog","source":"Microsoft-Windows-Security-Auditing","resourceAttributes":"S:AI","objectType":"File","objectName":"C:\\Users\\VirtualWindows8User\\Dropbox","logMessage":"An attempt was made to access an object.\n\nSubject:\n\tSecurity ID:\t\tS-1-5-21-2361021202-3253521353-2316283985-1001\n\tAccount Name:\t\tVirtualWindows8User\n\tAccount Domain:\t\tVirtualWindows8\n\tLogon ID:\t\t0xB74D\n\nObject:\n\tObject Server:\t\tSecurity\n\tObject Type:\t\tFile\n\tObject Name:\t\tC:\\Users\\VirtualWindows8User\\Dropbox\n\tHandle ID:\t\t0x1734\n\tResource Attributes:\tS:AI\n\nProcess Information:\n\tProcess ID:\t\t0xbfc\n\tProcess Name:\t\tC:\\Program Files (x86)\\Dropbox\\Client\\Dropbox.exe\n\nAccess Request Information:\n\tAccesses:\t\tReadAttributes\n\t\t\t\t\n\tAccess Mask:\t\t0x80","timestamp":"2018-08-22T13:34:58.780Z","accesses":"%%4423\n\t\t\t\t","accountDomain":"VirtualWindows8","keyword":["Audit Success"],"@id":"http://example.org/logEntry#logEntry-0cc56d9a-8d6a-442a-8742-104b169c238e","processID":"0xbfc","accountName":"VirtualWindows8User","version":1,"taskCategory":"File System","upCode":"Info","accessMask":"0x80","@timestamp":"2018-08-22T13:34:58.780Z","objectServer":"Security"},
  {"handleID":"0x6c4","computerName":"VirtualWindows8","logonID":"0xb74d","processName":"C:\\Program Files (x86)\\Dropbox\\Client\\Dropbox.exe","eventID":4663,"level":"Information","originatesFrom":{"hostName":{"name":"VirtualWindows8"},"@type":"rdf:nodeID","@id":"http://example.org/sepses#f80b3a14-10bc-479d-bb38-1559aeec388a"},"@type":"http://purl.org/sepses/vocab/log/wineventlog#WindowsEventLogEntry","logName":"Security","@context":"http://sepses.ifs.tuwien.ac.at/contexts/wineventlog.jsonld","hasLogType":"wineventlog","source":"Microsoft-Windows-Security-Auditing","resourceAttributes":"S:AI","objectType":"File","objectName":"C:\\Users\\VirtualWindows8User\\Dropbox","logMessage":"An attempt was made to access an object.\n\nSubject:\n\tSecurity ID:\t\tS-1-5-21-2361021202-3253521353-2316283985-1001\n\tAccount Name:\t\tVirtualWindows8User\n\tAccount Domain:\t\tVirtualWindows8\n\tLogon ID:\t\t0xB74D\n\nObject:\n\tObject Server:\t\tSecurity\n\tObject Type:\t\tFile\n\tObject Name:\t\tC:\\Users\\VirtualWindows8User\\Dropbox\n\tHandle ID:\t\t0x6c4\n\tResource Attributes:\tS:AI\n\nProcess Information:\n\tProcess ID:\t\t0xbfc\n\tProcess Name:\t\tC:\\Program Files (x86)\\Dropbox\\Client\\Dropbox.exe\n\nAccess Request Information:\n\tAccesses:\t\tReadAttributes\n\t\t\t\t\n\tAccess Mask:\t\t0x80","timestamp":"2018-08-22T13:34:58.780Z","accesses":"%%4423\n\t\t\t\t","accountDomain":"VirtualWindows8","keyword":["Audit Success"],"@id":"http://example.org/logEntry#logEntry-df633bc8-8649-4e58-8f87-b99855ab581f","processID":"0xbfc","accountName":"VirtualWindows8User","version":1,"taskCategory":"File System","upCode":"Info","accessMask":"0x80","@timestamp":"2018-08-22T13:34:58.780Z","objectServer":"Security"},
  {"handleID":"0x1890","computerName":"VirtualWindows8","logonID":"0xb74d","processName":"C:\\Program Files (x86)\\Dropbox\\Client\\Dropbox.exe","eventID":4663,"level":"Information","originatesFrom":{"hostName":{"name":"VirtualWindows8"},"@type":"rdf:nodeID","@id":"http://example.org/sepses#02108268-7070-49e7-91ec-5fc2c37f6cdb"},"@type":"http://purl.org/sepses/vocab/log/wineventlog#WindowsEventLogEntry","logName":"Security","@context":"http://sepses.ifs.tuwien.ac.at/contexts/wineventlog.jsonld","hasLogType":"wineventlog","source":"Microsoft-Windows-Security-Auditing","resourceAttributes":"S:AI","objectType":"File","objectName":"C:\\Users\\VirtualWindows8User\\Dropbox","logMessage":"An attempt was made to access an object.\n\nSubject:\n\tSecurity ID:\t\tS-1-5-21-2361021202-3253521353-2316283985-1001\n\tAccount Name:\t\tVirtualWindows8User\n\tAccount Domain:\t\tVirtualWindows8\n\tLogon ID:\t\t0xB74D\n\nObject:\n\tObject Server:\t\tSecurity\n\tObject Type:\t\tFile\n\tObject Name:\t\tC:\\Users\\VirtualWindows8User\\Dropbox\n\tHandle ID:\t\t0x1890\n\tResource Attributes:\tS:AI\n\nProcess Information:\n\tProcess ID:\t\t0xbfc\n\tProcess Name:\t\tC:\\Program Files (x86)\\Dropbox\\Client\\Dropbox.exe\n\nAccess Request Information:\n\tAccesses:\t\tReadAttributes\n\t\t\t\t\n\tAccess Mask:\t\t0x80","timestamp":"2018-08-22T13:34:58.780Z","accesses":"%%4423\n\t\t\t\t","accountDomain":"VirtualWindows8","keyword":["Audit Success"],"@id":"http://example.org/logEntry#logEntry-bc157d64-595a-46ea-b39a-f5d5c25e0ead","processID":"0xbfc","accountName":"VirtualWindows8User","version":1,"taskCategory":"File System","upCode":"Info","accessMask":"0x80","@timestamp":"2018-08-22T13:34:58.780Z","objectServer":"Security"},
  {"handleID":"0x1734","computerName":"VirtualWindows8","logonID":"0xb74d","processName":"C:\\Program Files (x86)\\Dropbox\\Client\\Dropbox.exe","eventID":4663,"level":"Information","originatesFrom":{"hostName":{"name":"VirtualWindows8"},"@type":"rdf:nodeID","@id":"http://example.org/sepses#f3e28acc-c36a-470f-afdf-42e36efb870d"},"@type":"http://purl.org/sepses/vocab/log/wineventlog#WindowsEventLogEntry","logName":"Security","@context":"http://sepses.ifs.tuwien.ac.at/contexts/wineventlog.jsonld","hasLogType":"wineventlog","source":"Microsoft-Windows-Security-Auditing","resourceAttributes":"S:AI","objectType":"File","objectName":"C:\\Users\\VirtualWindows8User\\Dropbox","logMessage":"An attempt was made to access an object.\n\nSubject:\n\tSecurity ID:\t\tS-1-5-21-2361021202-3253521353-2316283985-1001\n\tAccount Name:\t\tVirtualWindows8User\n\tAccount Domain:\t\tVirtualWindows8\n\tLogon ID:\t\t0xB74D\n\nObject:\n\tObject Server:\t\tSecurity\n\tObject Type:\t\tFile\n\tObject Name:\t\tC:\\Users\\VirtualWindows8User\\Dropbox\n\tHandle ID:\t\t0x1734\n\tResource Attributes:\tS:AI\n\nProcess Information:\n\tProcess ID:\t\t0xbfc\n\tProcess Name:\t\tC:\\Program Files (x86)\\Dropbox\\Client\\Dropbox.exe\n\nAccess Request Information:\n\tAccesses:\t\tReadAttributes\n\t\t\t\t\n\tAccess Mask:\t\t0x80","timestamp":"2018-08-22T13:34:58.780Z","accesses":"%%4423\n\t\t\t\t","accountDomain":"VirtualWindows8","keyword":["Audit Success"],"@id":"http://example.org/logEntry#logEntry-feea14c3-5d56-4861-a19b-fc86ab47cba3","processID":"0xbfc","accountName":"VirtualWindows8User","version":1,"taskCategory":"File System","upCode":"Info","accessMask":"0x80","@timestamp":"2018-08-22T13:34:58.780Z","objectServer":"Security"},
  {"handleID":"0x1734","computerName":"VirtualWindows8","logonID":"0xb74d","processName":"C:\\Program Files (x86)\\Dropbox\\Client\\Dropbox.exe","eventID":4663,"level":"Information","originatesFrom":{"hostName":{"name":"VirtualWindows8"},"@type":"rdf:nodeID","@id":"http://example.org/sepses#e42df2af-980f-4b23-8783-3c4322b6546f"},"@type":"http://purl.org/sepses/vocab/log/wineventlog#WindowsEventLogEntry","logName":"Security","@context":"http://sepses.ifs.tuwien.ac.at/contexts/wineventlog.jsonld","hasLogType":"wineventlog","source":"Microsoft-Windows-Security-Auditing","resourceAttributes":"S:AI","objectType":"File","objectName":"C:\\Users\\VirtualWindows8User\\Dropbox","logMessage":"An attempt was made to access an object.\n\nSubject:\n\tSecurity ID:\t\tS-1-5-21-2361021202-3253521353-2316283985-1001\n\tAccount Name:\t\tVirtualWindows8User\n\tAccount Domain:\t\tVirtualWindows8\n\tLogon ID:\t\t0xB74D\n\nObject:\n\tObject Server:\t\tSecurity\n\tObject Type:\t\tFile\n\tObject Name:\t\tC:\\Users\\VirtualWindows8User\\Dropbox\n\tHandle ID:\t\t0x1734\n\tResource Attributes:\tS:AI\n\nProcess Information:\n\tProcess ID:\t\t0xbfc\n\tProcess Name:\t\tC:\\Program Files (x86)\\Dropbox\\Client\\Dropbox.exe\n\nAccess Request Information:\n\tAccesses:\t\tReadAttributes\n\t\t\t\t\n\tAccess Mask:\t\t0x80","timestamp":"2018-08-22T13:34:58.780Z","accesses":"%%4423\n\t\t\t\t","accountDomain":"VirtualWindows8","keyword":["Audit Success"],"@id":"http://example.org/logEntry#logEntry-27af51c3-d6c2-4217-a57a-7ad7dc1b682d","processID":"0xbfc","accountName":"VirtualWindows8User","version":1,"taskCategory":"File System","upCode":"Info","accessMask":"0x80","@timestamp":"2018-08-22T13:34:58.780Z","objectServer":"Security"},
  {"handleID":"0x1734","computerName":"VirtualWindows8","logonID":"0xb74d","processName":"C:\\Program Files (x86)\\Dropbox\\Client\\Dropbox.exe","eventID":4663,"level":"Information","originatesFrom":{"hostName":{"name":"VirtualWindows8"},"@type":"rdf:nodeID","@id":"http://example.org/sepses#5daf9cea-2351-444d-87c9-745bfb076341"},"@type":"http://purl.org/sepses/vocab/log/wineventlog#WindowsEventLogEntry","logName":"Security","@context":"http://sepses.ifs.tuwien.ac.at/contexts/wineventlog.jsonld","hasLogType":"wineventlog","source":"Microsoft-Windows-Security-Auditing","resourceAttributes":"S:AI","objectType":"File","objectName":"C:\\Users\\VirtualWindows8User\\Dropbox","logMessage":"An attempt was made to access an object.\n\nSubject:\n\tSecurity ID:\t\tS-1-5-21-2361021202-3253521353-2316283985-1001\n\tAccount Name:\t\tVirtualWindows8User\n\tAccount Domain:\t\tVirtualWindows8\n\tLogon ID:\t\t0xB74D\n\nObject:\n\tObject Server:\t\tSecurity\n\tObject Type:\t\tFile\n\tObject Name:\t\tC:\\Users\\VirtualWindows8User\\Dropbox\n\tHandle ID:\t\t0x1734\n\tResource Attributes:\tS:AI\n\nProcess Information:\n\tProcess ID:\t\t0xbfc\n\tProcess Name:\t\tC:\\Program Files (x86)\\Dropbox\\Client\\Dropbox.exe\n\nAccess Request Information:\n\tAccesses:\t\tReadAttributes\n\t\t\t\t\n\tAccess Mask:\t\t0x80","timestamp":"2018-08-22T13:34:58.780Z","accesses":"%%4423\n\t\t\t\t","accountDomain":"VirtualWindows8","keyword":["Audit Success"],"@id":"http://example.org/logEntry#logEntry-52cd4666-ae67-48da-9473-35e4ffe97f6d","processID":"0xbfc","accountName":"VirtualWindows8User","version":1,"taskCategory":"File System","upCode":"Info","accessMask":"0x80","@timestamp":"2018-08-22T13:34:58.780Z","objectServer":"Security"},
  {"handleID":"0x1734","computerName":"VirtualWindows8","logonID":"0xb74d","processName":"C:\\Program Files (x86)\\Dropbox\\Client\\Dropbox.exe","eventID":4663,"level":"Information","originatesFrom":{"hostName":{"name":"VirtualWindows8"},"@type":"rdf:nodeID","@id":"http://example.org/sepses#de6bd81e-8774-4ed4-86a9-5d249a0b4ff4"},"@type":"http://purl.org/sepses/vocab/log/wineventlog#WindowsEventLogEntry","logName":"Security","@context":"http://sepses.ifs.tuwien.ac.at/contexts/wineventlog.jsonld","hasLogType":"wineventlog","source":"Microsoft-Windows-Security-Auditing","resourceAttributes":"S:AI","objectType":"File","objectName":"C:\\Users\\VirtualWindows8User\\Dropbox","logMessage":"An attempt was made to access an object.\n\nSubject:\n\tSecurity ID:\t\tS-1-5-21-2361021202-3253521353-2316283985-1001\n\tAccount Name:\t\tVirtualWindows8User\n\tAccount Domain:\t\tVirtualWindows8\n\tLogon ID:\t\t0xB74D\n\nObject:\n\tObject Server:\t\tSecurity\n\tObject Type:\t\tFile\n\tObject Name:\t\tC:\\Users\\VirtualWindows8User\\Dropbox\n\tHandle ID:\t\t0x1734\n\tResource Attributes:\tS:AI\n\nProcess Information:\n\tProcess ID:\t\t0xbfc\n\tProcess Name:\t\tC:\\Program Files (x86)\\Dropbox\\Client\\Dropbox.exe\n\nAccess Request Information:\n\tAccesses:\t\tReadAttributes\n\t\t\t\t\n\tAccess Mask:\t\t0x80","timestamp":"2018-08-22T13:34:58.780Z","accesses":"%%4423\n\t\t\t\t","accountDomain":"VirtualWindows8","keyword":["Audit Success"],"@id":"http://example.org/logEntry#logEntry-b7b8c174-e7c1-43b1-a288-6ec473b2e878","processID":"0xbfc","accountName":"VirtualWindows8User","version":1,"taskCategory":"File System","upCode":"Info","accessMask":"0x80","@timestamp":"2018-08-22T13:34:58.780Z","objectServer":"Security"},
  {"handleID":"0x6c4","computerName":"VirtualWindows8","logonID":"0xb74d","processName":"C:\\Program Files (x86)\\Dropbox\\Client\\Dropbox.exe","eventID":4663,"level":"Information","originatesFrom":{"hostName":{"name":"VirtualWindows8"},"@type":"rdf:nodeID","@id":"http://example.org/sepses#3b806edb-ee96-4026-b9b2-fb374759c255"},"@type":"http://purl.org/sepses/vocab/log/wineventlog#WindowsEventLogEntry","logName":"Security","@context":"http://sepses.ifs.tuwien.ac.at/contexts/wineventlog.jsonld","hasLogType":"wineventlog","source":"Microsoft-Windows-Security-Auditing","resourceAttributes":"S:AI","objectType":"File","objectName":"C:\\Users\\VirtualWindows8User\\Dropbox","logMessage":"An attempt was made to access an object.\n\nSubject:\n\tSecurity ID:\t\tS-1-5-21-2361021202-3253521353-2316283985-1001\n\tAccount Name:\t\tVirtualWindows8User\n\tAccount Domain:\t\tVirtualWindows8\n\tLogon ID:\t\t0xB74D\n\nObject:\n\tObject Server:\t\tSecurity\n\tObject Type:\t\tFile\n\tObject Name:\t\tC:\\Users\\VirtualWindows8User\\Dropbox\n\tHandle ID:\t\t0x6c4\n\tResource Attributes:\tS:AI\n\nProcess Information:\n\tProcess ID:\t\t0xbfc\n\tProcess Name:\t\tC:\\Program Files (x86)\\Dropbox\\Client\\Dropbox.exe\n\nAccess Request Information:\n\tAccesses:\t\tReadAttributes\n\t\t\t\t\n\tAccess Mask:\t\t0x80","timestamp":"2018-08-22T13:34:58.780Z","accesses":"%%4423\n\t\t\t\t","accountDomain":"VirtualWindows8","keyword":["Audit Success"],"@id":"http://example.org/logEntry#logEntry-055d5e46-769a-496f-a28d-a64ad6ee634c","processID":"0xbfc","accountName":"VirtualWindows8User","version":1,"taskCategory":"File System","upCode":"Info","accessMask":"0x80","@timestamp":"2018-08-22T13:34:58.780Z","objectServer":"Security"},
  {"handleID":"0x6c4","computerName":"VirtualWindows8","logonID":"0xb74d","processName":"C:\\Program Files (x86)\\Dropbox\\Client\\Dropbox.exe","eventID":4663,"level":"Information","originatesFrom":{"hostName":{"name":"VirtualWindows8"},"@type":"rdf:nodeID","@id":"http://example.org/sepses#dd8d9a82-ff8f-4042-a770-8dcd7f67a838"},"@type":"http://purl.org/sepses/vocab/log/wineventlog#WindowsEventLogEntry","logName":"Security","@context":"http://sepses.ifs.tuwien.ac.at/contexts/wineventlog.jsonld","hasLogType":"wineventlog","source":"Microsoft-Windows-Security-Auditing","resourceAttributes":"S:AI","objectType":"File","objectName":"C:\\Users\\VirtualWindows8User\\Dropbox","logMessage":"An attempt was made to access an object.\n\nSubject:\n\tSecurity ID:\t\tS-1-5-21-2361021202-3253521353-2316283985-1001\n\tAccount Name:\t\tVirtualWindows8User\n\tAccount Domain:\t\tVirtualWindows8\n\tLogon ID:\t\t0xB74D\n\nObject:\n\tObject Server:\t\tSecurity\n\tObject Type:\t\tFile\n\tObject Name:\t\tC:\\Users\\VirtualWindows8User\\Dropbox\n\tHandle ID:\t\t0x6c4\n\tResource Attributes:\tS:AI\n\nProcess Information:\n\tProcess ID:\t\t0xbfc\n\tProcess Name:\t\tC:\\Program Files (x86)\\Dropbox\\Client\\Dropbox.exe\n\nAccess Request Information:\n\tAccesses:\t\tReadAttributes\n\t\t\t\t\n\tAccess Mask:\t\t0x80","timestamp":"2018-08-22T13:34:58.780Z","accesses":"%%4423\n\t\t\t\t","accountDomain":"VirtualWindows8","keyword":["Audit Success"],"@id":"http://example.org/logEntry#logEntry-f15a3b6d-502a-4ecf-80a6-5c0f644e7dde","processID":"0xbfc","accountName":"VirtualWindows8User","version":1,"taskCategory":"File System","upCode":"Info","accessMask":"0x80","@timestamp":"2018-08-22T13:34:58.780Z","objectServer":"Security"},
  {"handleID":"0x1890","computerName":"VirtualWindows8","logonID":"0xb74d","processName":"C:\\Program Files (x86)\\Dropbox\\Client\\Dropbox.exe","eventID":4656,"level":"Information","originatesFrom":{"hostName":{"name":"VirtualWindows8"},"@type":"rdf:nodeID","@id":"http://example.org/sepses#2cf878ae-fb80-4d9c-ac4c-6fde5a8b80e8"},"@type":"http://purl.org/sepses/vocab/log/wineventlog#WindowsEventLogEntry","logName":"Security","@context":"http://sepses.ifs.tuwien.ac.at/contexts/wineventlog.jsonld","hasLogType":"wineventlog","source":"Microsoft-Windows-Security-Auditing","resourceAttributes":"-","objectType":"File","objectName":"C:\\Users\\VirtualWindows8User\\Dropbox","logMessage":"A handle to an object was requested.\n\nSubject:\n\tSecurity ID:\t\tS-1-5-21-2361021202-3253521353-2316283985-1001\n\tAccount Name:\t\tVirtualWindows8User\n\tAccount Domain:\t\tVirtualWindows8\n\tLogon ID:\t\t0xB74D\n\nObject:\n\tObject Server:\t\tSecurity\n\tObject Type:\t\tFile\n\tObject Name:\t\tC:\\Users\\VirtualWindows8User\\Dropbox\n\tHandle ID:\t\t0x1890\n\tResource Attributes:\t-\n\nProcess Information:\n\tProcess ID:\t\t0xbfc\n\tProcess Name:\t\tC:\\Program Files (x86)\\Dropbox\\Client\\Dropbox.exe\n\nAccess Request Information:\n\tTransaction ID:\t\t{00000000-0000-0000-0000-000000000000}\n\tAccesses:\t\tSYNCHRONIZE\n\t\t\t\tReadAttributes\n\t\t\t\t\n\tAccess Reasons:\t\tSYNCHRONIZE:\tGranted by\tD:(A;OICI;FA;;;S-1-5-21-2361021202-3253521353-2316283985-1001)\n\t\t\t\tReadAttributes:\tGranted by\tD:(A;OICI;FA;;;S-1-5-21-2361021202-3253521353-2316283985-1001)\n\t\t\t\t\n\tAccess Mask:\t\t0x100080\n\tPrivileges Used for Access Check:\t-\n\tRestricted SID Count:\t0","timestamp":"2018-08-22T13:34:58.780Z","accesses":"%%1541\n\t\t\t\t%%4423\n\t\t\t\t","accountDomain":"VirtualWindows8","keyword":["Audit Success"],"@id":"http://example.org/logEntry#logEntry-5e4b0a5a-d09b-446a-b55d-ecc5762dfcc5","processID":"0xbfc","accountName":"VirtualWindows8User","version":1,"taskCategory":"File System","upCode":"Info","accessMask":"0x100080","@timestamp":"2018-08-22T13:34:58.780Z","objectServer":"Security"},
  {"handleID":"0x1734","computerName":"VirtualWindows8","logonID":"0xb74d","processName":"C:\\Program Files (x86)\\Dropbox\\Client\\Dropbox.exe","eventID":4656,"level":"Information","originatesFrom":{"hostName":{"name":"VirtualWindows8"},"@type":"rdf:nodeID","@id":"http://example.org/sepses#104b8143-3f25-4c3d-b471-23622b5404a2"},"@type":"http://purl.org/sepses/vocab/log/wineventlog#WindowsEventLogEntry","logName":"Security","@context":"http://sepses.ifs.tuwien.ac.at/contexts/wineventlog.jsonld","hasLogType":"wineventlog","source":"Microsoft-Windows-Security-Auditing","resourceAttributes":"-","objectType":"File","objectName":"C:\\Users\\VirtualWindows8User\\Dropbox","logMessage":"A handle to an object was requested.\n\nSubject:\n\tSecurity ID:\t\tS-1-5-21-2361021202-3253521353-2316283985-1001\n\tAccount Name:\t\tVirtualWindows8User\n\tAccount Domain:\t\tVirtualWindows8\n\tLogon ID:\t\t0xB74D\n\nObject:\n\tObject Server:\t\tSecurity\n\tObject Type:\t\tFile\n\tObject Name:\t\tC:\\Users\\VirtualWindows8User\\Dropbox\n\tHandle ID:\t\t0x1734\n\tResource Attributes:\t-\n\nProcess Information:\n\tProcess ID:\t\t0xbfc\n\tProcess Name:\t\tC:\\Program Files (x86)\\Dropbox\\Client\\Dropbox.exe\n\nAccess Request Information:\n\tTransaction ID:\t\t{00000000-0000-0000-0000-000000000000}\n\tAccesses:\t\tREAD_CONTROL\n\t\t\t\tReadAttributes\n\t\t\t\t\n\tAccess Reasons:\t\tREAD_CONTROL:\tGranted by Ownership\n\t\t\t\tReadAttributes:\tGranted by\tD:(A;OICI;FA;;;S-1-5-21-2361021202-3253521353-2316283985-1001)\n\t\t\t\t\n\tAccess Mask:\t\t0x20080\n\tPrivileges Used for Access Check:\t-\n\tRestricted SID Count:\t0","timestamp":"2018-08-22T13:34:58.780Z","accesses":"%%1538\n\t\t\t\t%%4423\n\t\t\t\t","accountDomain":"VirtualWindows8","keyword":["Audit Success"],"@id":"http://example.org/logEntry#logEntry-035a20be-d062-47e8-b342-364c6e6d94cb","processID":"0xbfc","accountName":"VirtualWindows8User","version":1,"taskCategory":"File System","upCode":"Info","accessMask":"0x20080","@timestamp":"2018-08-22T13:34:58.780Z","objectServer":"Security"},
  {"handleID":"0x1734","computerName":"VirtualWindows8","logonID":"0xb74d","processName":"C:\\Program Files (x86)\\Dropbox\\Client\\Dropbox.exe","eventID":4656,"level":"Information","originatesFrom":{"hostName":{"name":"VirtualWindows8"},"@type":"rdf:nodeID","@id":"http://example.org/sepses#d35ea7af-4dd9-4366-acdd-5db12b11efd8"},"@type":"http://purl.org/sepses/vocab/log/wineventlog#WindowsEventLogEntry","logName":"Security","@context":"http://sepses.ifs.tuwien.ac.at/contexts/wineventlog.jsonld","hasLogType":"wineventlog","source":"Microsoft-Windows-Security-Auditing","resourceAttributes":"-","objectType":"File","objectName":"C:\\Users\\VirtualWindows8User\\Dropbox","logMessage":"A handle to an object was requested.\n\nSubject:\n\tSecurity ID:\t\tS-1-5-21-2361021202-3253521353-2316283985-1001\n\tAccount Name:\t\tVirtualWindows8User\n\tAccount Domain:\t\tVirtualWindows8\n\tLogon ID:\t\t0xB74D\n\nObject:\n\tObject Server:\t\tSecurity\n\tObject Type:\t\tFile\n\tObject Name:\t\tC:\\Users\\VirtualWindows8User\\Dropbox\n\tHandle ID:\t\t0x1734\n\tResource Attributes:\t-\n\nProcess Information:\n\tProcess ID:\t\t0xbfc\n\tProcess Name:\t\tC:\\Program Files (x86)\\Dropbox\\Client\\Dropbox.exe\n\nAccess Request Information:\n\tTransaction ID:\t\t{00000000-0000-0000-0000-000000000000}\n\tAccesses:\t\tSYNCHRONIZE\n\t\t\t\tReadAttributes\n\t\t\t\t\n\tAccess Reasons:\t\tSYNCHRONIZE:\tGranted by\tD:(A;OICI;FA;;;S-1-5-21-2361021202-3253521353-2316283985-1001)\n\t\t\t\tReadAttributes:\tGranted by\tD:(A;OICI;FA;;;S-1-5-21-2361021202-3253521353-2316283985-1001)\n\t\t\t\t\n\tAccess Mask:\t\t0x100080\n\tPrivileges Used for Access Check:\t-\n\tRestricted SID Count:\t0","timestamp":"2018-08-22T13:34:58.780Z","accesses":"%%1541\n\t\t\t\t%%4423\n\t\t\t\t","accountDomain":"VirtualWindows8","keyword":["Audit Success"],"@id":"http://example.org/logEntry#logEntry-ace0ef7f-a258-4b30-80c7-e0fc78a09289","processID":"0xbfc","accountName":"VirtualWindows8User","version":1,"taskCategory":"File System","upCode":"Info","accessMask":"0x100080","@timestamp":"2018-08-22T13:34:58.780Z","objectServer":"Security"},
  {"handleID":"0x1734","computerName":"VirtualWindows8","logonID":"0xb74d","processName":"C:\\Program Files (x86)\\Dropbox\\Client\\Dropbox.exe","eventID":4656,"level":"Information","originatesFrom":{"hostName":{"name":"VirtualWindows8"},"@type":"rdf:nodeID","@id":"http://example.org/sepses#39b1e91c-773e-4e7b-ac45-b6163688c80d"},"@type":"http://purl.org/sepses/vocab/log/wineventlog#WindowsEventLogEntry","logName":"Security","@context":"http://sepses.ifs.tuwien.ac.at/contexts/wineventlog.jsonld","hasLogType":"wineventlog","source":"Microsoft-Windows-Security-Auditing","resourceAttributes":"-","objectType":"File","objectName":"C:\\Users\\VirtualWindows8User\\Dropbox","logMessage":"A handle to an object was requested.\n\nSubject:\n\tSecurity ID:\t\tS-1-5-21-2361021202-3253521353-2316283985-1001\n\tAccount Name:\t\tVirtualWindows8User\n\tAccount Domain:\t\tVirtualWindows8\n\tLogon ID:\t\t0xB74D\n\nObject:\n\tObject Server:\t\tSecurity\n\tObject Type:\t\tFile\n\tObject Name:\t\tC:\\Users\\VirtualWindows8User\\Dropbox\n\tHandle ID:\t\t0x1734\n\tResource Attributes:\t-\n\nProcess Information:\n\tProcess ID:\t\t0xbfc\n\tProcess Name:\t\tC:\\Program Files (x86)\\Dropbox\\Client\\Dropbox.exe\n\nAccess Request Information:\n\tTransaction ID:\t\t{00000000-0000-0000-0000-000000000000}\n\tAccesses:\t\tSYNCHRONIZE\n\t\t\t\tReadAttributes\n\t\t\t\t\n\tAccess Reasons:\t\tSYNCHRONIZE:\tGranted by\tD:(A;OICI;FA;;;S-1-5-21-2361021202-3253521353-2316283985-1001)\n\t\t\t\tReadAttributes:\tGranted by\tD:(A;OICI;FA;;;S-1-5-21-2361021202-3253521353-2316283985-1001)\n\t\t\t\t\n\tAccess Mask:\t\t0x100080\n\tPrivileges Used for Access Check:\t-\n\tRestricted SID Count:\t0","timestamp":"2018-08-22T13:34:58.780Z","accesses":"%%1541\n\t\t\t\t%%4423\n\t\t\t\t","accountDomain":"VirtualWindows8","keyword":["Audit Success"],"@id":"http://example.org/logEntry#logEntry-e6d11799-547d-45d4-a22d-6d02686c842b","processID":"0xbfc","accountName":"VirtualWindows8User","version":1,"taskCategory":"File System","upCode":"Info","accessMask":"0x100080","@timestamp":"2018-08-22T13:34:58.780Z","objectServer":"Security"},
  {"handleID":"0x1734","computerName":"VirtualWindows8","logonID":"0xb74d","processName":"C:\\Program Files (x86)\\Dropbox\\Client\\Dropbox.exe","eventID":4656,"level":"Information","originatesFrom":{"hostName":{"name":"VirtualWindows8"},"@type":"rdf:nodeID","@id":"http://example.org/sepses#309abfaf-900b-442e-935a-e6b40d58e0b5"},"@type":"http://purl.org/sepses/vocab/log/wineventlog#WindowsEventLogEntry","logName":"Security","@context":"http://sepses.ifs.tuwien.ac.at/contexts/wineventlog.jsonld","hasLogType":"wineventlog","source":"Microsoft-Windows-Security-Auditing","resourceAttributes":"-","objectType":"File","objectName":"C:\\Users\\VirtualWindows8User\\Dropbox","logMessage":"A handle to an object was requested.\n\nSubject:\n\tSecurity ID:\t\tS-1-5-21-2361021202-3253521353-2316283985-1001\n\tAccount Name:\t\tVirtualWindows8User\n\tAccount Domain:\t\tVirtualWindows8\n\tLogon ID:\t\t0xB74D\n\nObject:\n\tObject Server:\t\tSecurity\n\tObject Type:\t\tFile\n\tObject Name:\t\tC:\\Users\\VirtualWindows8User\\Dropbox\n\tHandle ID:\t\t0x1734\n\tResource Attributes:\t-\n\nProcess Information:\n\tProcess ID:\t\t0xbfc\n\tProcess Name:\t\tC:\\Program Files (x86)\\Dropbox\\Client\\Dropbox.exe\n\nAccess Request Information:\n\tTransaction ID:\t\t{00000000-0000-0000-0000-000000000000}\n\tAccesses:\t\tREAD_CONTROL\n\t\t\t\tReadAttributes\n\t\t\t\t\n\tAccess Reasons:\t\tREAD_CONTROL:\tGranted by Ownership\n\t\t\t\tReadAttributes:\tGranted by\tD:(A;OICI;FA;;;S-1-5-21-2361021202-3253521353-2316283985-1001)\n\t\t\t\t\n\tAccess Mask:\t\t0x20080\n\tPrivileges Used for Access Check:\t-\n\tRestricted SID Count:\t0","timestamp":"2018-08-22T13:34:58.780Z","accesses":"%%1538\n\t\t\t\t%%4423\n\t\t\t\t","accountDomain":"VirtualWindows8","keyword":["Audit Success"],"@id":"http://example.org/logEntry#logEntry-989df050-2cf0-4ff6-a7ab-3a916480ba8f","processID":"0xbfc","accountName":"VirtualWindows8User","version":1,"taskCategory":"File System","upCode":"Info","accessMask":"0x20080","@timestamp":"2018-08-22T13:34:58.780Z","objectServer":"Security"},
  {"handleID":"0x6c4","computerName":"VirtualWindows8","logonID":"0xb74d","processName":"C:\\Program Files (x86)\\Dropbox\\Client\\Dropbox.exe","eventID":4656,"level":"Information","originatesFrom":{"hostName":{"name":"VirtualWindows8"},"@type":"rdf:nodeID","@id":"http://example.org/sepses#f7132786-9381-4b24-874c-2a80d7fb8b84"},"@type":"http://purl.org/sepses/vocab/log/wineventlog#WindowsEventLogEntry","logName":"Security","@context":"http://sepses.ifs.tuwien.ac.at/contexts/wineventlog.jsonld","hasLogType":"wineventlog","source":"Microsoft-Windows-Security-Auditing","resourceAttributes":"-","objectType":"File","objectName":"C:\\Users\\VirtualWindows8User\\Dropbox","logMessage":"A handle to an object was requested.\n\nSubject:\n\tSecurity ID:\t\tS-1-5-21-2361021202-3253521353-2316283985-1001\n\tAccount Name:\t\tVirtualWindows8User\n\tAccount Domain:\t\tVirtualWindows8\n\tLogon ID:\t\t0xB74D\n\nObject:\n\tObject Server:\t\tSecurity\n\tObject Type:\t\tFile\n\tObject Name:\t\tC:\\Users\\VirtualWindows8User\\Dropbox\n\tHandle ID:\t\t0x6c4\n\tResource Attributes:\t-\n\nProcess Information:\n\tProcess ID:\t\t0xbfc\n\tProcess Name:\t\tC:\\Program Files (x86)\\Dropbox\\Client\\Dropbox.exe\n\nAccess Request Information:\n\tTransaction ID:\t\t{00000000-0000-0000-0000-000000000000}\n\tAccesses:\t\tSYNCHRONIZE\n\t\t\t\tReadAttributes\n\t\t\t\t\n\tAccess Reasons:\t\tSYNCHRONIZE:\tGranted by\tD:(A;OICI;FA;;;S-1-5-21-2361021202-3253521353-2316283985-1001)\n\t\t\t\tReadAttributes:\tGranted by\tD:(A;OICI;FA;;;S-1-5-21-2361021202-3253521353-2316283985-1001)\n\t\t\t\t\n\tAccess Mask:\t\t0x100080\n\tPrivileges Used for Access Check:\t-\n\tRestricted SID Count:\t0","timestamp":"2018-08-22T13:34:58.780Z","accesses":"%%1541\n\t\t\t\t%%4423\n\t\t\t\t","accountDomain":"VirtualWindows8","keyword":["Audit Success"],"@id":"http://example.org/logEntry#logEntry-a99f8942-6e5f-4b8d-9d77-2028c061fa11","processID":"0xbfc","accountName":"VirtualWindows8User","version":1,"taskCategory":"File System","upCode":"Info","accessMask":"0x100080","@timestamp":"2018-08-22T13:34:58.780Z","objectServer":"Security"},
  {"handleID":"0x6c4","computerName":"VirtualWindows8","logonID":"0xb74d","processName":"C:\\Program Files (x86)\\Dropbox\\Client\\Dropbox.exe","eventID":4656,"level":"Information","originatesFrom":{"hostName":{"name":"VirtualWindows8"},"@type":"rdf:nodeID","@id":"http://example.org/sepses#bffbbdb4-5eef-4bd6-b816-7a3401f4aace"},"@type":"http://purl.org/sepses/vocab/log/wineventlog#WindowsEventLogEntry","logName":"Security","@context":"http://sepses.ifs.tuwien.ac.at/contexts/wineventlog.jsonld","hasLogType":"wineventlog","source":"Microsoft-Windows-Security-Auditing","resourceAttributes":"-","objectType":"File","objectName":"C:\\Users\\VirtualWindows8User\\Dropbox","logMessage":"A handle to an object was requested.\n\nSubject:\n\tSecurity ID:\t\tS-1-5-21-2361021202-3253521353-2316283985-1001\n\tAccount Name:\t\tVirtualWindows8User\n\tAccount Domain:\t\tVirtualWindows8\n\tLogon ID:\t\t0xB74D\n\nObject:\n\tObject Server:\t\tSecurity\n\tObject Type:\t\tFile\n\tObject Name:\t\tC:\\Users\\VirtualWindows8User\\Dropbox\n\tHandle ID:\t\t0x6c4\n\tResource Attributes:\t-\n\nProcess Information:\n\tProcess ID:\t\t0xbfc\n\tProcess Name:\t\tC:\\Program Files (x86)\\Dropbox\\Client\\Dropbox.exe\n\nAccess Request Information:\n\tTransaction ID:\t\t{00000000-0000-0000-0000-000000000000}\n\tAccesses:\t\tSYNCHRONIZE\n\t\t\t\tReadAttributes\n\t\t\t\t\n\tAccess Reasons:\t\tSYNCHRONIZE:\tGranted by\tD:(A;OICI;FA;;;S-1-5-21-2361021202-3253521353-2316283985-1001)\n\t\t\t\tReadAttributes:\tGranted by\tD:(A;OICI;FA;;;S-1-5-21-2361021202-3253521353-2316283985-1001)\n\t\t\t\t\n\tAccess Mask:\t\t0x100080\n\tPrivileges Used for Access Check:\t-\n\tRestricted SID Count:\t0","timestamp":"2018-08-22T13:34:58.780Z","accesses":"%%1541\n\t\t\t\t%%4423\n\t\t\t\t","accountDomain":"VirtualWindows8","keyword":["Audit Success"],"@id":"http://example.org/logEntry#logEntry-89989900-fde2-4981-b6d5-6e576bb7ca18","processID":"0xbfc","accountName":"VirtualWindows8User","version":1,"taskCategory":"File System","upCode":"Info","accessMask":"0x100080","@timestamp":"2018-08-22T13:34:58.780Z","objectServer":"Security"},
  {"handleID":"0x1734","computerName":"VirtualWindows8","logonID":"0xb74d","processName":"C:\\Program Files (x86)\\Dropbox\\Client\\Dropbox.exe","eventID":4656,"level":"Information","originatesFrom":{"hostName":{"name":"VirtualWindows8"},"@type":"rdf:nodeID","@id":"http://example.org/sepses#d004c744-d177-4fb4-bcca-3658ab90e600"},"@type":"http://purl.org/sepses/vocab/log/wineventlog#WindowsEventLogEntry","logName":"Security","@context":"http://sepses.ifs.tuwien.ac.at/contexts/wineventlog.jsonld","hasLogType":"wineventlog","source":"Microsoft-Windows-Security-Auditing","resourceAttributes":"-","objectType":"File","objectName":"C:\\Users\\VirtualWindows8User\\Dropbox","logMessage":"A handle to an object was requested.\n\nSubject:\n\tSecurity ID:\t\tS-1-5-21-2361021202-3253521353-2316283985-1001\n\tAccount Name:\t\tVirtualWindows8User\n\tAccount Domain:\t\tVirtualWindows8\n\tLogon ID:\t\t0xB74D\n\nObject:\n\tObject Server:\t\tSecurity\n\tObject Type:\t\tFile\n\tObject Name:\t\tC:\\Users\\VirtualWindows8User\\Dropbox\n\tHandle ID:\t\t0x1734\n\tResource Attributes:\t-\n\nProcess Information:\n\tProcess ID:\t\t0xbfc\n\tProcess Name:\t\tC:\\Program Files (x86)\\Dropbox\\Client\\Dropbox.exe\n\nAccess Request Information:\n\tTransaction ID:\t\t{00000000-0000-0000-0000-000000000000}\n\tAccesses:\t\tSYNCHRONIZE\n\t\t\t\tReadAttributes\n\t\t\t\t\n\tAccess Reasons:\t\tSYNCHRONIZE:\tGranted by\tD:(A;OICI;FA;;;S-1-5-21-2361021202-3253521353-2316283985-1001)\n\t\t\t\tReadAttributes:\tGranted by\tD:(A;OICI;FA;;;S-1-5-21-2361021202-3253521353-2316283985-1001)\n\t\t\t\t\n\tAccess Mask:\t\t0x100080\n\tPrivileges Used for Access Check:\t-\n\tRestricted SID Count:\t0","timestamp":"2018-08-22T13:34:58.780Z","accesses":"%%1541\n\t\t\t\t%%4423\n\t\t\t\t","accountDomain":"VirtualWindows8","keyword":["Audit Success"],"@id":"http://example.org/logEntry#logEntry-43e827b2-6f1f-41a0-ae0c-ceace32107c0","processID":"0xbfc","accountName":"VirtualWindows8User","version":1,"taskCategory":"File System","upCode":"Info","accessMask":"0x100080","@timestamp":"2018-08-22T13:34:58.780Z","objectServer":"Security"},
  {"handleID":"0x1734","computerName":"VirtualWindows8","logonID":"0xb74d","processName":"C:\\Program Files (x86)\\Dropbox\\Client\\Dropbox.exe","eventID":4656,"level":"Information","originatesFrom":{"hostName":{"name":"VirtualWindows8"},"@type":"rdf:nodeID","@id":"http://example.org/sepses#e74068b1-3738-47a2-b41f-c237ab7238fa"},"@type":"http://purl.org/sepses/vocab/log/wineventlog#WindowsEventLogEntry","logName":"Security","@context":"http://sepses.ifs.tuwien.ac.at/contexts/wineventlog.jsonld","hasLogType":"wineventlog","source":"Microsoft-Windows-Security-Auditing","resourceAttributes":"-","objectType":"File","objectName":"C:\\Users\\VirtualWindows8User\\Dropbox","logMessage":"A handle to an object was requested.\n\nSubject:\n\tSecurity ID:\t\tS-1-5-21-2361021202-3253521353-2316283985-1001\n\tAccount Name:\t\tVirtualWindows8User\n\tAccount Domain:\t\tVirtualWindows8\n\tLogon ID:\t\t0xB74D\n\nObject:\n\tObject Server:\t\tSecurity\n\tObject Type:\t\tFile\n\tObject Name:\t\tC:\\Users\\VirtualWindows8User\\Dropbox\n\tHandle ID:\t\t0x1734\n\tResource Attributes:\t-\n\nProcess Information:\n\tProcess ID:\t\t0xbfc\n\tProcess Name:\t\tC:\\Program Files (x86)\\Dropbox\\Client\\Dropbox.exe\n\nAccess Request Information:\n\tTransaction ID:\t\t{00000000-0000-0000-0000-000000000000}\n\tAccesses:\t\tSYNCHRONIZE\n\t\t\t\tReadAttributes\n\t\t\t\t\n\tAccess Reasons:\t\tSYNCHRONIZE:\tGranted by\tD:(A;OICI;FA;;;S-1-5-21-2361021202-3253521353-2316283985-1001)\n\t\t\t\tReadAttributes:\tGranted by\tD:(A;OICI;FA;;;S-1-5-21-2361021202-3253521353-2316283985-1001)\n\t\t\t\t\n\tAccess Mask:\t\t0x100080\n\tPrivileges Used for Access Check:\t-\n\tRestricted SID Count:\t0","timestamp":"2018-08-22T13:34:58.780Z","accesses":"%%1541\n\t\t\t\t%%4423\n\t\t\t\t","accountDomain":"VirtualWindows8","keyword":["Audit Success"],"@id":"http://example.org/logEntry#logEntry-b3e95975-f438-49b4-accb-669e1b0a4c15","processID":"0xbfc","accountName":"VirtualWindows8User","version":1,"taskCategory":"File System","upCode":"Info","accessMask":"0x100080","@timestamp":"2018-08-22T13:34:58.780Z","objectServer":"Security"},
  {"handleID":"0x1734","computerName":"VirtualWindows8","logonID":"0xb74d","processName":"C:\\Program Files (x86)\\Dropbox\\Client\\Dropbox.exe","eventID":4656,"level":"Information","originatesFrom":{"hostName":{"name":"VirtualWindows8"},"@type":"rdf:nodeID","@id":"http://example.org/sepses#176e3886-060b-4be4-b3e5-c6d882f727bf"},"@type":"http://purl.org/sepses/vocab/log/wineventlog#WindowsEventLogEntry","logName":"Security","@context":"http://sepses.ifs.tuwien.ac.at/contexts/wineventlog.jsonld","hasLogType":"wineventlog","source":"Microsoft-Windows-Security-Auditing","resourceAttributes":"-","objectType":"File","objectName":"C:\\Users\\VirtualWindows8User\\Dropbox","logMessage":"A handle to an object was requested.\n\nSubject:\n\tSecurity ID:\t\tS-1-5-21-2361021202-3253521353-2316283985-1001\n\tAccount Name:\t\tVirtualWindows8User\n\tAccount Domain:\t\tVirtualWindows8\n\tLogon ID:\t\t0xB74D\n\nObject:\n\tObject Server:\t\tSecurity\n\tObject Type:\t\tFile\n\tObject Name:\t\tC:\\Users\\VirtualWindows8User\\Dropbox\n\tHandle ID:\t\t0x1734\n\tResource Attributes:\t-\n\nProcess Information:\n\tProcess ID:\t\t0xbfc\n\tProcess Name:\t\tC:\\Program Files (x86)\\Dropbox\\Client\\Dropbox.exe\n\nAccess Request Information:\n\tTransaction ID:\t\t{00000000-0000-0000-0000-000000000000}\n\tAccesses:\t\tREAD_CONTROL\n\t\t\t\tReadAttributes\n\t\t\t\t\n\tAccess Reasons:\t\tREAD_CONTROL:\tGranted by Ownership\n\t\t\t\tReadAttributes:\tGranted by\tD:(A;OICI;FA;;;S-1-5-21-2361021202-3253521353-2316283985-1001)\n\t\t\t\t\n\tAccess Mask:\t\t0x20080\n\tPrivileges Used for Access Check:\t-\n\tRestricted SID Count:\t0","timestamp":"2018-08-22T13:34:58.780Z","accesses":"%%1538\n\t\t\t\t%%4423\n\t\t\t\t","accountDomain":"VirtualWindows8","keyword":["Audit Success"],"@id":"http://example.org/logEntry#logEntry-11495c4a-e41b-4abc-9efc-34b1213323f5","processID":"0xbfc","accountName":"VirtualWindows8User","version":1,"taskCategory":"File System","upCode":"Info","accessMask":"0x20080","@timestamp":"2018-08-22T13:34:58.780Z","objectServer":"Security"},
  {"handleID":"0x1734","computerName":"VirtualWindows8","logonID":"0xb74d","processName":"C:\\Program Files (x86)\\Dropbox\\Client\\Dropbox.exe","eventID":4656,"level":"Information","originatesFrom":{"hostName":{"name":"VirtualWindows8"},"@type":"rdf:nodeID","@id":"http://example.org/sepses#7229a5f0-8317-4e26-b8f1-0a38556c80f8"},"@type":"http://purl.org/sepses/vocab/log/wineventlog#WindowsEventLogEntry","logName":"Security","@context":"http://sepses.ifs.tuwien.ac.at/contexts/wineventlog.jsonld","hasLogType":"wineventlog","source":"Microsoft-Windows-Security-Auditing","resourceAttributes":"-","objectType":"File","objectName":"C:\\Users\\VirtualWindows8User\\Dropbox","logMessage":"A handle to an object was requested.\n\nSubject:\n\tSecurity ID:\t\tS-1-5-21-2361021202-3253521353-2316283985-1001\n\tAccount Name:\t\tVirtualWindows8User\n\tAccount Domain:\t\tVirtualWindows8\n\tLogon ID:\t\t0xB74D\n\nObject:\n\tObject Server:\t\tSecurity\n\tObject Type:\t\tFile\n\tObject Name:\t\tC:\\Users\\VirtualWindows8User\\Dropbox\n\tHandle ID:\t\t0x1734\n\tResource Attributes:\t-\n\nProcess Information:\n\tProcess ID:\t\t0xbfc\n\tProcess Name:\t\tC:\\Program Files (x86)\\Dropbox\\Client\\Dropbox.exe\n\nAccess Request Information:\n\tTransaction ID:\t\t{00000000-0000-0000-0000-000000000000}\n\tAccesses:\t\tSYNCHRONIZE\n\t\t\t\tReadAttributes\n\t\t\t\t\n\tAccess Reasons:\t\tSYNCHRONIZE:\tGranted by\tD:(A;OICI;FA;;;S-1-5-21-2361021202-3253521353-2316283985-1001)\n\t\t\t\tReadAttributes:\tGranted by\tD:(A;OICI;FA;;;S-1-5-21-2361021202-3253521353-2316283985-1001)\n\t\t\t\t\n\tAccess Mask:\t\t0x100080\n\tPrivileges Used for Access Check:\t-\n\tRestricted SID Count:\t0","timestamp":"2018-08-22T13:34:58.780Z","accesses":"%%1541\n\t\t\t\t%%4423\n\t\t\t\t","accountDomain":"VirtualWindows8","keyword":["Audit Success"],"@id":"http://example.org/logEntry#logEntry-adb2ffd2-d538-4eb5-9b3f-603b3bd2b5d9","processID":"0xbfc","accountName":"VirtualWindows8User","version":1,"taskCategory":"File System","upCode":"Info","accessMask":"0x100080","@timestamp":"2018-08-22T13:34:58.780Z","objectServer":"Security"},
  {"handleID":"0x1734","computerName":"VirtualWindows8","logonID":"0xb74d","processName":"C:\\Program Files (x86)\\Dropbox\\Client\\Dropbox.exe","eventID":4656,"level":"Information","originatesFrom":{"hostName":{"name":"VirtualWindows8"},"@type":"rdf:nodeID","@id":"http://example.org/sepses#cd0080ec-66a1-44cd-b3c6-cd32dca027a8"},"@type":"http://purl.org/sepses/vocab/log/wineventlog#WindowsEventLogEntry","logName":"Security","@context":"http://sepses.ifs.tuwien.ac.at/contexts/wineventlog.jsonld","hasLogType":"wineventlog","source":"Microsoft-Windows-Security-Auditing","resourceAttributes":"-","objectType":"File","objectName":"C:\\Users\\VirtualWindows8User\\Dropbox","logMessage":"A handle to an object was requested.\n\nSubject:\n\tSecurity ID:\t\tS-1-5-21-2361021202-3253521353-2316283985-1001\n\tAccount Name:\t\tVirtualWindows8User\n\tAccount Domain:\t\tVirtualWindows8\n\tLogon ID:\t\t0xB74D\n\nObject:\n\tObject Server:\t\tSecurity\n\tObject Type:\t\tFile\n\tObject Name:\t\tC:\\Users\\VirtualWindows8User\\Dropbox\n\tHandle ID:\t\t0x1734\n\tResource Attributes:\t-\n\nProcess Information:\n\tProcess ID:\t\t0xbfc\n\tProcess Name:\t\tC:\\Program Files (x86)\\Dropbox\\Client\\Dropbox.exe\n\nAccess Request Information:\n\tTransaction ID:\t\t{00000000-0000-0000-0000-000000000000}\n\tAccesses:\t\tSYNCHRONIZE\n\t\t\t\tReadAttributes\n\t\t\t\t\n\tAccess Reasons:\t\tSYNCHRONIZE:\tGranted by\tD:(A;OICI;FA;;;S-1-5-21-2361021202-3253521353-2316283985-1001)\n\t\t\t\tReadAttributes:\tGranted by\tD:(A;OICI;FA;;;S-1-5-21-2361021202-3253521353-2316283985-1001)\n\t\t\t\t\n\tAccess Mask:\t\t0x100080\n\tPrivileges Used for Access Check:\t-\n\tRestricted SID Count:\t0","timestamp":"2018-08-22T13:34:58.780Z","accesses":"%%1541\n\t\t\t\t%%4423\n\t\t\t\t","accountDomain":"VirtualWindows8","keyword":["Audit Success"],"@id":"http://example.org/logEntry#logEntry-bc137e25-eea3-4e3e-8c8d-aff2c608af13","processID":"0xbfc","accountName":"VirtualWindows8User","version":1,"taskCategory":"File System","upCode":"Info","accessMask":"0x100080","@timestamp":"2018-08-22T13:34:58.780Z","objectServer":"Security"},
  {"handleID":"0x6c4","computerName":"VirtualWindows8","logonID":"0xb74d","processName":"C:\\Program Files (x86)\\Dropbox\\Client\\Dropbox.exe","eventID":4656,"level":"Information","originatesFrom":{"hostName":{"name":"VirtualWindows8"},"@type":"rdf:nodeID","@id":"http://example.org/sepses#82e9cec3-157a-4dd9-87e2-0db9e6eab977"},"@type":"http://purl.org/sepses/vocab/log/wineventlog#WindowsEventLogEntry","logName":"Security","@context":"http://sepses.ifs.tuwien.ac.at/contexts/wineventlog.jsonld","hasLogType":"wineventlog","source":"Microsoft-Windows-Security-Auditing","resourceAttributes":"-","objectType":"File","objectName":"C:\\Users\\VirtualWindows8User\\Dropbox","logMessage":"A handle to an object was requested.\n\nSubject:\n\tSecurity ID:\t\tS-1-5-21-2361021202-3253521353-2316283985-1001\n\tAccount Name:\t\tVirtualWindows8User\n\tAccount Domain:\t\tVirtualWindows8\n\tLogon ID:\t\t0xB74D\n\nObject:\n\tObject Server:\t\tSecurity\n\tObject Type:\t\tFile\n\tObject Name:\t\tC:\\Users\\VirtualWindows8User\\Dropbox\n\tHandle ID:\t\t0x6c4\n\tResource Attributes:\t-\n\nProcess Information:\n\tProcess ID:\t\t0xbfc\n\tProcess Name:\t\tC:\\Program Files (x86)\\Dropbox\\Client\\Dropbox.exe\n\nAccess Request Information:\n\tTransaction ID:\t\t{00000000-0000-0000-0000-000000000000}\n\tAccesses:\t\tREAD_CONTROL\n\t\t\t\tReadAttributes\n\t\t\t\t\n\tAccess Reasons:\t\tREAD_CONTROL:\tGranted by Ownership\n\t\t\t\tReadAttributes:\tGranted by\tD:(A;OICI;FA;;;S-1-5-21-2361021202-3253521353-2316283985-1001)\n\t\t\t\t\n\tAccess Mask:\t\t0x20080\n\tPrivileges Used for Access Check:\t-\n\tRestricted SID Count:\t0","timestamp":"2018-08-22T13:34:58.780Z","accesses":"%%1538\n\t\t\t\t%%4423\n\t\t\t\t","accountDomain":"VirtualWindows8","keyword":["Audit Success"],"@id":"http://example.org/logEntry#logEntry-a7ee169c-8969-43db-9364-000e14ed4193","processID":"0xbfc","accountName":"VirtualWindows8User","version":1,"taskCategory":"File System","upCode":"Info","accessMask":"0x20080","@timestamp":"2018-08-22T13:34:58.780Z","objectServer":"Security"},
  {"handleID":"0x204c","computerName":"VirtualWindows8","logonID":"0xb74d","processName":"C:\\Windows\\explorer.exe","eventID":4663,"level":"Information","originatesFrom":{"hostName":{"name":"VirtualWindows8"},"@type":"rdf:nodeID","@id":"http://example.org/sepses#cbf8606a-e86d-4363-8ca5-c6edffd2d86b"},"@type":"http://purl.org/sepses/vocab/log/wineventlog#WindowsEventLogEntry","logName":"Security","@context":"http://sepses.ifs.tuwien.ac.at/contexts/wineventlog.jsonld","hasLogType":"wineventlog","source":"Microsoft-Windows-Security-Auditing","resourceAttributes":"S:AI","objectType":"File","objectName":"C:\\Users\\VirtualWindows8User\\UserDocuments\\New Text Document.txt","logMessage":"An attempt was made to access an object.\n\nSubject:\n\tSecurity ID:\t\tS-1-5-21-2361021202-3253521353-2316283985-1001\n\tAccount Name:\t\tVirtualWindows8User\n\tAccount Domain:\t\tVirtualWindows8\n\tLogon ID:\t\t0xB74D\n\nObject:\n\tObject Server:\t\tSecurity\n\tObject Type:\t\tFile\n\tObject Name:\t\tC:\\Users\\VirtualWindows8User\\UserDocuments\\New Text Document.txt\n\tHandle ID:\t\t0x204c\n\tResource Attributes:\tS:AI\n\nProcess Information:\n\tProcess ID:\t\t0x3ec\n\tProcess Name:\t\tC:\\Windows\\explorer.exe\n\nAccess Request Information:\n\tAccesses:\t\tReadAttributes\n\t\t\t\t\n\tAccess Mask:\t\t0x80","timestamp":"2018-08-22T13:34:59.952Z","accesses":"%%4423\n\t\t\t\t","accountDomain":"VirtualWindows8","keyword":["Audit Success"],"@id":"http://example.org/logEntry#logEntry-1ccf8a08-d1ea-43a4-9a2d-de6fe381a85a","processID":"0x3ec","accountName":"VirtualWindows8User","version":1,"taskCategory":"File System","upCode":"Info","accessMask":"0x80","@timestamp":"2018-08-22T13:34:59.952Z","objectServer":"Security"},
  {"handleID":"0x8a4","computerName":"VirtualWindows8","logonID":"0xb74d","processName":"C:\\Program Files (x86)\\Dropbox\\Client\\Dropbox.exe","eventID":4656,"level":"Information","originatesFrom":{"hostName":{"name":"VirtualWindows8"},"@type":"rdf:nodeID","@id":"http://example.org/sepses#933417d5-19cb-4a1b-b005-ff67e38cd06a"},"@type":"http://purl.org/sepses/vocab/log/wineventlog#WindowsEventLogEntry","logName":"Security","@context":"http://sepses.ifs.tuwien.ac.at/contexts/wineventlog.jsonld","hasLogType":"wineventlog","source":"Microsoft-Windows-Security-Auditing","resourceAttributes":"-","objectType":"File","objectName":"C:\\Users\\VirtualWindows8User\\Dropbox\\New Text Document.txt","logMessage":"A handle to an object was requested.\n\nSubject:\n\tSecurity ID:\t\tS-1-5-21-2361021202-3253521353-2316283985-1001\n\tAccount Name:\t\tVirtualWindows8User\n\tAccount Domain:\t\tVirtualWindows8\n\tLogon ID:\t\t0xB74D\n\nObject:\n\tObject Server:\t\tSecurity\n\tObject Type:\t\tFile\n\tObject Name:\t\tC:\\Users\\VirtualWindows8User\\Dropbox\\New Text Document.txt\n\tHandle ID:\t\t0x8a4\n\tResource Attributes:\t-\n\nProcess Information:\n\tProcess ID:\t\t0xbfc\n\tProcess Name:\t\tC:\\Program Files (x86)\\Dropbox\\Client\\Dropbox.exe\n\nAccess Request Information:\n\tTransaction ID:\t\t{00000000-0000-0000-0000-000000000000}\n\tAccesses:\t\tSYNCHRONIZE\n\t\t\t\tReadAttributes\n\t\t\t\t\n\tAccess Reasons:\t\tSYNCHRONIZE:\tGranted by\tD:(A;;FA;;;S-1-5-21-2361021202-3253521353-2316283985-1001)\n\t\t\t\tReadAttributes:\tGranted by\tD:(A;;FA;;;S-1-5-21-2361021202-3253521353-2316283985-1001)\n\t\t\t\t\n\tAccess Mask:\t\t0x100080\n\tPrivileges Used for Access Check:\t-\n\tRestricted SID Count:\t0","timestamp":"2018-08-22T13:34:59.952Z","accesses":"%%1541\n\t\t\t\t%%4423\n\t\t\t\t","accountDomain":"VirtualWindows8","keyword":["Audit Success"],"@id":"http://example.org/logEntry#logEntry-d848df7c-74e5-4d43-b3b8-2561b46af416","processID":"0xbfc","accountName":"VirtualWindows8User","version":1,"taskCategory":"File System","upCode":"Info","accessMask":"0x100080","@timestamp":"2018-08-22T13:34:59.952Z","objectServer":"Security"},
  {"handleID":"0x8a4","computerName":"VirtualWindows8","logonID":"0xb74d","processName":"C:\\Program Files (x86)\\Dropbox\\Client\\Dropbox.exe","eventID":4663,"level":"Information","originatesFrom":{"hostName":{"name":"VirtualWindows8"},"@type":"rdf:nodeID","@id":"http://example.org/sepses#a81a6e6e-197c-428b-a4cd-f515d260c86d"},"@type":"http://purl.org/sepses/vocab/log/wineventlog#WindowsEventLogEntry","logName":"Security","@context":"http://sepses.ifs.tuwien.ac.at/contexts/wineventlog.jsonld","hasLogType":"wineventlog","source":"Microsoft-Windows-Security-Auditing","resourceAttributes":"S:AI","objectType":"File","objectName":"C:\\Users\\VirtualWindows8User\\Dropbox\\New Text Document.txt","logMessage":"An attempt was made to access an object.\n\nSubject:\n\tSecurity ID:\t\tS-1-5-21-2361021202-3253521353-2316283985-1001\n\tAccount Name:\t\tVirtualWindows8User\n\tAccount Domain:\t\tVirtualWindows8\n\tLogon ID:\t\t0xB74D\n\nObject:\n\tObject Server:\t\tSecurity\n\tObject Type:\t\tFile\n\tObject Name:\t\tC:\\Users\\VirtualWindows8User\\Dropbox\\New Text Document.txt\n\tHandle ID:\t\t0x8a4\n\tResource Attributes:\tS:AI\n\nProcess Information:\n\tProcess ID:\t\t0xbfc\n\tProcess Name:\t\tC:\\Program Files (x86)\\Dropbox\\Client\\Dropbox.exe\n\nAccess Request Information:\n\tAccesses:\t\tReadAttributes\n\t\t\t\t\n\tAccess Mask:\t\t0x80","timestamp":"2018-08-22T13:34:59.952Z","accesses":"%%4423\n\t\t\t\t","accountDomain":"VirtualWindows8","keyword":["Audit Success"],"@id":"http://example.org/logEntry#logEntry-2c736d26-1492-4915-b981-0c859570346d","processID":"0xbfc","accountName":"VirtualWindows8User","version":1,"taskCategory":"File System","upCode":"Info","accessMask":"0x80","@timestamp":"2018-08-22T13:34:59.952Z","objectServer":"Security"},
