  {"handleID":"0x7d8","computerName":"DESKTOP-MAC610T","logonID":"0x1f8d4","processName":"C:\\Windows\\explorer.exe","eventID":4663,"level":"Information","originatesFrom":{"hostName":{"name":"DESKTOP-MAC610T"},"@type":"rdf:nodeID","@id":"http://example.org/sepses#a7afd7e6-6619-40a7-b940-8a9185163336"},"@type":"http://purl.org/sepses/vocab/log/wineventlog#WindowsEventLogEntry","logName":"Security","@context":"http://sepses.ifs.tuwien.ac.at/contexts/wineventlog.jsonld","hasLogType":"wineventlog","source":"Microsoft-Windows-Security-Auditing","resourceAttributes":"S:AI","objectType":"File","objectName":"C:\\Users\\Virtual Windows 10\\UserDocuments","logMessage":"An attempt was made to access an object.\n\nSubject:\n\tSecurity ID:\t\tS-1-5-21-2889181789-4222170037-1347726928-1001\n\tAccount Name:\t\tVirtual Windows 10\n\tAccount Domain:\t\tDESKTOP-MAC610T\n\tLogon ID:\t\t0x1F8D4\n\nObject:\n\tObject Server:\t\tSecurity\n\tObject Type:\t\tFile\n\tObject Name:\t\tC:\\Users\\Virtual Windows 10\\UserDocuments\n\tHandle ID:\t\t0x7d8\n\tResource Attributes:\tS:AI\n\nProcess Information:\n\tProcess ID:\t\t0x8c0\n\tProcess Name:\t\tC:\\Windows\\explorer.exe\n\nAccess Request Information:\n\tAccesses:\t\tReadAttributes\n\t\t\t\t\n\tAccess Mask:\t\t0x80","timestamp":"2018-08-22T13:36:03.397Z","accesses":"%%4423\n\t\t\t\t","accountDomain":"DESKTOP-MAC610T","keyword":["Audit Success"],"@id":"http://example.org/logEntry#logEntry-b07a2430-9084-4e37-b4cb-5d65f8f0091a","processID":"0x8c0","accountName":"Virtual Windows 10","version":1,"taskCategory":"File System","upCode":"Info","accessMask":"0x80","@timestamp":"2018-08-22T13:36:03.397Z","objectServer":"Security"},
  {"handleID":"0x3228","computerName":"DESKTOP-MAC610T","logonID":"0x1f8d4","processName":"C:\\Windows\\explorer.exe","eventID":4663,"level":"Information","originatesFrom":{"hostName":{"name":"DESKTOP-MAC610T"},"@type":"rdf:nodeID","@id":"http://example.org/sepses#3b7dd5e4-afa0-4849-887d-7bb520f4e5c6"},"@type":"http://purl.org/sepses/vocab/log/wineventlog#WindowsEventLogEntry","logName":"Security","@context":"http://sepses.ifs.tuwien.ac.at/contexts/wineventlog.jsonld","hasLogType":"wineventlog","source":"Microsoft-Windows-Security-Auditing","resourceAttributes":"S:AI","objectType":"File","objectName":"C:\\Users\\Virtual Windows 10\\UserDocuments","logMessage":"An attempt was made to access an object.\n\nSubject:\n\tSecurity ID:\t\tS-1-5-21-2889181789-4222170037-1347726928-1001\n\tAccount Name:\t\tVirtual Windows 10\n\tAccount Domain:\t\tDESKTOP-MAC610T\n\tLogon ID:\t\t0x1F8D4\n\nObject:\n\tObject Server:\t\tSecurity\n\tObject Type:\t\tFile\n\tObject Name:\t\tC:\\Users\\Virtual Windows 10\\UserDocuments\n\tHandle ID:\t\t0x3228\n\tResource Attributes:\tS:AI\n\nProcess Information:\n\tProcess ID:\t\t0x8c0\n\tProcess Name:\t\tC:\\Windows\\explorer.exe\n\nAccess Request Information:\n\tAccesses:\t\tReadAttributes\n\t\t\t\t\n\tAccess Mask:\t\t0x80","timestamp":"2018-08-22T13:36:03.344Z","accesses":"%%4423\n\t\t\t\t","accountDomain":"DESKTOP-MAC610T","keyword":["Audit Success"],"@id":"http://example.org/logEntry#logEntry-3a54d24e-4434-47fb-8d7b-51718373ed1a","processID":"0x8c0","accountName":"Virtual Windows 10","version":1,"taskCategory":"File System","upCode":"Info","accessMask":"0x80","@timestamp":"2018-08-22T13:36:03.344Z","objectServer":"Security"},
  {"handleID":"0x1970","computerName":"DESKTOP-MAC610T","logonID":"0x1f8d4","processName":"C:\\Windows\\explorer.exe","eventID":4663,"level":"Information","originatesFrom":{"hostName":{"name":"DESKTOP-MAC610T"},"@type":"rdf:nodeID","@id":"http://example.org/sepses#601314bd-8f03-46b9-85ef-10533449175d"},"@type":"http://purl.org/sepses/vocab/log/wineventlog#WindowsEventLogEntry","logName":"Security","@context":"http://sepses.ifs.tuwien.ac.at/contexts/wineventlog.jsonld","hasLogType":"wineventlog","source":"Microsoft-Windows-Security-Auditing","resourceAttributes":"S:AI","objectType":"File","objectName":"C:\\Users\\Virtual Windows 10\\UserDocuments","logMessage":"An attempt was made to access an object.\n\nSubject:\n\tSecurity ID:\t\tS-1-5-21-2889181789-4222170037-1347726928-1001\n\tAccount Name:\t\tVirtual Windows 10\n\tAccount Domain:\t\tDESKTOP-MAC610T\n\tLogon ID:\t\t0x1F8D4\n\nObject:\n\tObject Server:\t\tSecurity\n\tObject Type:\t\tFile\n\tObject Name:\t\tC:\\Users\\Virtual Windows 10\\UserDocuments\n\tHandle ID:\t\t0x1970\n\tResource Attributes:\tS:AI\n\nProcess Information:\n\tProcess ID:\t\t0x8c0\n\tProcess Name:\t\tC:\\Windows\\explorer.exe\n\nAccess Request Information:\n\tAccesses:\t\tReadAttributes\n\t\t\t\t\n\tAccess Mask:\t\t0x80","timestamp":"2018-08-22T13:36:03.396Z","accesses":"%%4423\n\t\t\t\t","accountDomain":"DESKTOP-MAC610T","keyword":["Audit Success"],"@id":"http://example.org/logEntry#logEntry-16f1ad91-5996-4c65-9979-bbcdc8f99cb3","processID":"0x8c0","accountName":"Virtual Windows 10","version":1,"taskCategory":"File System","upCode":"Info","accessMask":"0x80","@timestamp":"2018-08-22T13:36:03.396Z","objectServer":"Security"},
  {"handleID":"0x1ac4","computerName":"DESKTOP-MAC610T","logonID":"0x1f8d4","processName":"C:\\Program Files (x86)\\Dropbox\\Client\\Dropbox.exe","eventID":4663,"level":"Information","originatesFrom":{"hostName":{"name":"DESKTOP-MAC610T"},"@type":"rdf:nodeID","@id":"http://example.org/sepses#95b2d2e7-292f-4221-85e1-c0337226a8a2"},"@type":"http://purl.org/sepses/vocab/log/wineventlog#WindowsEventLogEntry","logName":"Security","@context":"http://sepses.ifs.tuwien.ac.at/contexts/wineventlog.jsonld","hasLogType":"wineventlog","source":"Microsoft-Windows-Security-Auditing","resourceAttributes":"S:AI","objectType":"File","objectName":"C:\\Users\\Virtual Windows 10\\UserDocuments","logMessage":"An attempt was made to access an object.\n\nSubject:\n\tSecurity ID:\t\tS-1-5-21-2889181789-4222170037-1347726928-1001\n\tAccount Name:\t\tVirtual Windows 10\n\tAccount Domain:\t\tDESKTOP-MAC610T\n\tLogon ID:\t\t0x1F8D4\n\nObject:\n\tObject Server:\t\tSecurity\n\tObject Type:\t\tFile\n\tObject Name:\t\tC:\\Users\\Virtual Windows 10\\UserDocuments\n\tHandle ID:\t\t0x1ac4\n\tResource Attributes:\tS:AI\n\nProcess Information:\n\tProcess ID:\t\t0x1788\n\tProcess Name:\t\tC:\\Program Files (x86)\\Dropbox\\Client\\Dropbox.exe\n\nAccess Request Information:\n\tAccesses:\t\tReadAttributes\n\t\t\t\t\n\tAccess Mask:\t\t0x80","timestamp":"2018-08-22T13:36:06.682Z","accesses":"%%4423\n\t\t\t\t","accountDomain":"DESKTOP-MAC610T","keyword":["Audit Success"],"@id":"http://example.org/logEntry#logEntry-30db80ed-3350-43c7-bd44-489498d03ab4","processID":"0x1788","accountName":"Virtual Windows 10","version":1,"taskCategory":"File System","upCode":"Info","accessMask":"0x80","@timestamp":"2018-08-22T13:36:06.682Z","objectServer":"Security"},
  {"handleID":"0x2924","computerName":"DESKTOP-MAC610T","logonID":"0x1f8d4","processName":"C:\\Windows\\explorer.exe","eventID":4663,"level":"Information","originatesFrom":{"hostName":{"name":"DESKTOP-MAC610T"},"@type":"rdf:nodeID","@id":"http://example.org/sepses#05433386-9dde-44cb-a3f4-a32df3ab48a3"},"@type":"http://purl.org/sepses/vocab/log/wineventlog#WindowsEventLogEntry","logName":"Security","@context":"http://sepses.ifs.tuwien.ac.at/contexts/wineventlog.jsonld","hasLogType":"wineventlog","source":"Microsoft-Windows-Security-Auditing","resourceAttributes":"S:AI","objectType":"File","objectName":"C:\\Users\\Virtual Windows 10\\Dropbox\\New Text Document.txt:com.dropbox.attributes","logMessage":"An attempt was made to access an object.\n\nSubject:\n\tSecurity ID:\t\tS-1-5-21-2889181789-4222170037-1347726928-1001\n\tAccount Name:\t\tVirtual Windows 10\n\tAccount Domain:\t\tDESKTOP-MAC610T\n\tLogon ID:\t\t0x1F8D4\n\nObject:\n\tObject Server:\t\tSecurity\n\tObject Type:\t\tFile\n\tObject Name:\t\tC:\\Users\\Virtual Windows 10\\Dropbox\\New Text Document.txt:com.dropbox.attributes\n\tHandle ID:\t\t0x2924\n\tResource Attributes:\tS:AI\n\nProcess Information:\n\tProcess ID:\t\t0x8c0\n\tProcess Name:\t\tC:\\Windows\\explorer.exe\n\nAccess Request Information:\n\tAccesses:\t\tReadAttributes\n\t\t\t\t\n\tAccess Mask:\t\t0x80","timestamp":"2018-08-22T13:36:08.107Z","accesses":"%%4423\n\t\t\t\t","accountDomain":"DESKTOP-MAC610T","keyword":["Audit Success"],"@id":"http://example.org/logEntry#logEntry-4da589c0-4e35-4425-9321-60981ee451a3","processID":"0x8c0","accountName":"Virtual Windows 10","version":1,"taskCategory":"File System","upCode":"Info","accessMask":"0x80","@timestamp":"2018-08-22T13:36:08.107Z","objectServer":"Security"},
  {"handleID":"0x28e4","computerName":"DESKTOP-MAC610T","logonID":"0x1f8d4","processName":"C:\\Windows\\explorer.exe","eventID":4663,"level":"Information","originatesFrom":{"hostName":{"name":"DESKTOP-MAC610T"},"@type":"rdf:nodeID","@id":"http://example.org/sepses#5bb725a8-86fa-4ffe-9f47-578054cadc20"},"@type":"http://purl.org/sepses/vocab/log/wineventlog#WindowsEventLogEntry","logName":"Security","@context":"http://sepses.ifs.tuwien.ac.at/contexts/wineventlog.jsonld","hasLogType":"wineventlog","source":"Microsoft-Windows-Security-Auditing","resourceAttributes":"S:AI","objectType":"File","objectName":"C:\\Users\\Virtual Windows 10\\UserDocuments","logMessage":"An attempt was made to access an object.\n\nSubject:\n\tSecurity ID:\t\tS-1-5-21-2889181789-4222170037-1347726928-1001\n\tAccount Name:\t\tVirtual Windows 10\n\tAccount Domain:\t\tDESKTOP-MAC610T\n\tLogon ID:\t\t0x1F8D4\n\nObject:\n\tObject Server:\t\tSecurity\n\tObject Type:\t\tFile\n\tObject Name:\t\tC:\\Users\\Virtual Windows 10\\UserDocuments\n\tHandle ID:\t\t0x28e4\n\tResource Attributes:\tS:AI\n\nProcess Information:\n\tProcess ID:\t\t0x8c0\n\tProcess Name:\t\tC:\\Windows\\explorer.exe\n\nAccess Request Information:\n\tAccesses:\t\tReadAttributes\n\t\t\t\t\n\tAccess Mask:\t\t0x80","timestamp":"2018-08-22T13:36:08.113Z","accesses":"%%4423\n\t\t\t\t","accountDomain":"DESKTOP-MAC610T","keyword":["Audit Success"],"@id":"http://example.org/logEntry#logEntry-3dd2b3b1-7cc9-45fc-a75a-b768609880f7","processID":"0x8c0","accountName":"Virtual Windows 10","version":1,"taskCategory":"File System","upCode":"Info","accessMask":"0x80","@timestamp":"2018-08-22T13:36:08.113Z","objectServer":"Security"},
  {"handleID":"0x25a0","computerName":"DESKTOP-MAC610T","logonID":"0x1f8d4","processName":"C:\\Windows\\explorer.exe","eventID":4663,"level":"Information","originatesFrom":{"hostName":{"name":"DESKTOP-MAC610T"},"@type":"rdf:nodeID","@id":"http://example.org/sepses#0defba50-e2cc-4907-b977-4bf2ea73dc99"},"@type":"http://purl.org/sepses/vocab/log/wineventlog#WindowsEventLogEntry","logName":"Security","@context":"http://sepses.ifs.tuwien.ac.at/contexts/wineventlog.jsonld","hasLogType":"wineventlog","source":"Microsoft-Windows-Security-Auditing","resourceAttributes":"S:AI","objectType":"File","objectName":"C:\\Users\\Virtual Windows 10\\UserDocuments","logMessage":"An attempt was made to access an object.\n\nSubject:\n\tSecurity ID:\t\tS-1-5-21-2889181789-4222170037-1347726928-1001\n\tAccount Name:\t\tVirtual Windows 10\n\tAccount Domain:\t\tDESKTOP-MAC610T\n\tLogon ID:\t\t0x1F8D4\n\nObject:\n\tObject Server:\t\tSecurity\n\tObject Type:\t\tFile\n\tObject Name:\t\tC:\\Users\\Virtual Windows 10\\UserDocuments\n\tHandle ID:\t\t0x25a0\n\tResource Attributes:\tS:AI\n\nProcess Information:\n\tProcess ID:\t\t0x8c0\n\tProcess Name:\t\tC:\\Windows\\explorer.exe\n\nAccess Request Information:\n\tAccesses:\t\tReadAttributes\n\t\t\t\t\n\tAccess Mask:\t\t0x80","timestamp":"2018-08-22T13:36:08.258Z","accesses":"%%4423\n\t\t\t\t","accountDomain":"DESKTOP-MAC610T","keyword":["Audit Success"],"@id":"http://example.org/logEntry#logEntry-6f449ef8-231b-4615-a54c-b739ca2a89c9","processID":"0x8c0","accountName":"Virtual Windows 10","version":1,"taskCategory":"File System","upCode":"Info","accessMask":"0x80","@timestamp":"2018-08-22T13:36:08.258Z","objectServer":"Security"},
  {"handleID":"0x1ac4","computerName":"DESKTOP-MAC610T","logonID":"0x1f8d4","processName":"C:\\Program Files (x86)\\Dropbox\\Client\\Dropbox.exe","eventID":4663,"level":"Information","originatesFrom":{"hostName":{"name":"DESKTOP-MAC610T"},"@type":"rdf:nodeID","@id":"http://example.org/sepses#05c407c2-c13e-4d0a-ac16-496db38ce5fd"},"@type":"http://purl.org/sepses/vocab/log/wineventlog#WindowsEventLogEntry","logName":"Security","@context":"http://sepses.ifs.tuwien.ac.at/contexts/wineventlog.jsonld","hasLogType":"wineventlog","source":"Microsoft-Windows-Security-Auditing","resourceAttributes":"S:AI","objectType":"File","objectName":"C:\\Users\\Virtual Windows 10\\Dropbox","logMessage":"An attempt was made to access an object.\n\nSubject:\n\tSecurity ID:\t\tS-1-5-21-2889181789-4222170037-1347726928-1001\n\tAccount Name:\t\tVirtual Windows 10\n\tAccount Domain:\t\tDESKTOP-MAC610T\n\tLogon ID:\t\t0x1F8D4\n\nObject:\n\tObject Server:\t\tSecurity\n\tObject Type:\t\tFile\n\tObject Name:\t\tC:\\Users\\Virtual Windows 10\\Dropbox\n\tHandle ID:\t\t0x1ac4\n\tResource Attributes:\tS:AI\n\nProcess Information:\n\tProcess ID:\t\t0x1788\n\tProcess Name:\t\tC:\\Program Files (x86)\\Dropbox\\Client\\Dropbox.exe\n\nAccess Request Information:\n\tAccesses:\t\tReadAttributes\n\t\t\t\t\n\tAccess Mask:\t\t0x80","timestamp":"2018-08-22T13:36:08.307Z","accesses":"%%4423\n\t\t\t\t","accountDomain":"DESKTOP-MAC610T","keyword":["Audit Success"],"@id":"http://example.org/logEntry#logEntry-21591a35-b85c-4507-a7ca-c216a2ad8a18","processID":"0x1788","accountName":"Virtual Windows 10","version":1,"taskCategory":"File System","upCode":"Info","accessMask":"0x80","@timestamp":"2018-08-22T13:36:08.307Z","objectServer":"Security"},
  {"handleID":"0x15a4","computerName":"DESKTOP-MAC610T","logonID":"0x1f8d4","processName":"C:\\Windows\\explorer.exe","eventID":4663,"level":"Information","originatesFrom":{"hostName":{"name":"DESKTOP-MAC610T"},"@type":"rdf:nodeID","@id":"http://example.org/sepses#c86e070d-ba71-47d7-b6b3-5a39d04bca09"},"@type":"http://purl.org/sepses/vocab/log/wineventlog#WindowsEventLogEntry","logName":"Security","@context":"http://sepses.ifs.tuwien.ac.at/contexts/wineventlog.jsonld","hasLogType":"wineventlog","source":"Microsoft-Windows-Security-Auditing","resourceAttributes":"S:AI","objectType":"File","objectName":"C:\\Users\\Virtual Windows 10\\UserDocuments","logMessage":"An attempt was made to access an object.\n\nSubject:\n\tSecurity ID:\t\tS-1-5-21-2889181789-4222170037-1347726928-1001\n\tAccount Name:\t\tVirtual Windows 10\n\tAccount Domain:\t\tDESKTOP-MAC610T\n\tLogon ID:\t\t0x1F8D4\n\nObject:\n\tObject Server:\t\tSecurity\n\tObject Type:\t\tFile\n\tObject Name:\t\tC:\\Users\\Virtual Windows 10\\UserDocuments\n\tHandle ID:\t\t0x15a4\n\tResource Attributes:\tS:AI\n\nProcess Information:\n\tProcess ID:\t\t0x8c0\n\tProcess Name:\t\tC:\\Windows\\explorer.exe\n\nAccess Request Information:\n\tAccesses:\t\tReadAttributes\n\t\t\t\t\n\tAccess Mask:\t\t0x80","timestamp":"2018-08-22T13:36:08.388Z","accesses":"%%4423\n\t\t\t\t","accountDomain":"DESKTOP-MAC610T","keyword":["Audit Success"],"@id":"http://example.org/logEntry#logEntry-ef970956-379d-47fd-9517-5d87b0a7c333","processID":"0x8c0","accountName":"Virtual Windows 10","version":1,"taskCategory":"File System","upCode":"Info","accessMask":"0x80","@timestamp":"2018-08-22T13:36:08.388Z","objectServer":"Security"},
  {"handleID":"0x1c90","computerName":"DESKTOP-MAC610T","logonID":"0x1f8d4","processName":"C:\\Windows\\explorer.exe","eventID":4663,"level":"Information","originatesFrom":{"hostName":{"name":"DESKTOP-MAC610T"},"@type":"rdf:nodeID","@id":"http://example.org/sepses#6d38bc7e-a684-4fff-b3a9-358bcc808e34"},"@type":"http://purl.org/sepses/vocab/log/wineventlog#WindowsEventLogEntry","logName":"Security","@context":"http://sepses.ifs.tuwien.ac.at/contexts/wineventlog.jsonld","hasLogType":"wineventlog","source":"Microsoft-Windows-Security-Auditing","resourceAttributes":"S:AI","objectType":"File","objectName":"C:\\Users\\Virtual Windows 10\\UserDocuments\\New Text Document.txt","logMessage":"An attempt was made to access an object.\n\nSubject:\n\tSecurity ID:\t\tS-1-5-21-2889181789-4222170037-1347726928-1001\n\tAccount Name:\t\tVirtual Windows 10\n\tAccount Domain:\t\tDESKTOP-MAC610T\n\tLogon ID:\t\t0x1F8D4\n\nObject:\n\tObject Server:\t\tSecurity\n\tObject Type:\t\tFile\n\tObject Name:\t\tC:\\Users\\Virtual Windows 10\\UserDocuments\\New Text Document.txt\n\tHandle ID:\t\t0x1c90\n\tResource Attributes:\tS:AI\n\nProcess Information:\n\tProcess ID:\t\t0x8c0\n\tProcess Name:\t\tC:\\Windows\\explorer.exe\n\nAccess Request Information:\n\tAccesses:\t\tReadAttributes\n\t\t\t\t\n\tAccess Mask:\t\t0x80","timestamp":"2018-08-22T13:36:08.107Z","accesses":"%%4423\n\t\t\t\t","accountDomain":"DESKTOP-MAC610T","keyword":["Audit Success"],"@id":"http://example.org/logEntry#logEntry-198134f9-4c21-4e4b-9c2d-04d146110e67","processID":"0x8c0","accountName":"Virtual Windows 10","version":1,"taskCategory":"File System","upCode":"Info","accessMask":"0x80","@timestamp":"2018-08-22T13:36:08.107Z","objectServer":"Security"},
  {"handleID":"0x2924","computerName":"DESKTOP-MAC610T","logonID":"0x1f8d4","processName":"C:\\Windows\\explorer.exe","eventID":4663,"level":"Information","originatesFrom":{"hostName":{"name":"DESKTOP-MAC610T"},"@type":"rdf:nodeID","@id":"http://example.org/sepses#d6e0a300-9aa9-4ad1-bb6a-8c9e93a69c7a"},"@type":"http://purl.org/sepses/vocab/log/wineventlog#WindowsEventLogEntry","logName":"Security","@context":"http://sepses.ifs.tuwien.ac.at/contexts/wineventlog.jsonld","hasLogType":"wineventlog","source":"Microsoft-Windows-Security-Auditing","resourceAttributes":"S:AI","objectType":"File","objectName":"C:\\Users\\Virtual Windows 10\\UserDocuments\\New Text Document.txt:com.dropbox.attrs","logMessage":"An attempt was made to access an object.\n\nSubject:\n\tSecurity ID:\t\tS-1-5-21-2889181789-4222170037-1347726928-1001\n\tAccount Name:\t\tVirtual Windows 10\n\tAccount Domain:\t\tDESKTOP-MAC610T\n\tLogon ID:\t\t0x1F8D4\n\nObject:\n\tObject Server:\t\tSecurity\n\tObject Type:\t\tFile\n\tObject Name:\t\tC:\\Users\\Virtual Windows 10\\UserDocuments\\New Text Document.txt:com.dropbox.attrs\n\tHandle ID:\t\t0x2924\n\tResource Attributes:\tS:AI\n\nProcess Information:\n\tProcess ID:\t\t0x8c0\n\tProcess Name:\t\tC:\\Windows\\explorer.exe\n\nAccess Request Information:\n\tAccesses:\t\tWriteData (or AddFile)\n\t\t\t\t\n\tAccess Mask:\t\t0x2","timestamp":"2018-08-22T13:36:08.109Z","accesses":"%%4417\n\t\t\t\t","accountDomain":"DESKTOP-MAC610T","keyword":["Audit Success"],"@id":"http://example.org/logEntry#logEntry-e9c74ccf-5f79-4fef-9f68-7ab9a7c7d7df","processID":"0x8c0","accountName":"Virtual Windows 10","version":1,"taskCategory":"File System","upCode":"Info","accessMask":"0x2","@timestamp":"2018-08-22T13:36:08.109Z","objectServer":"Security"},
  {"handleID":"0xbf8","computerName":"DESKTOP-MAC610T","logonID":"0x1f8d4","processName":"C:\\Windows\\explorer.exe","eventID":4663,"level":"Information","originatesFrom":{"hostName":{"name":"DESKTOP-MAC610T"},"@type":"rdf:nodeID","@id":"http://example.org/sepses#8afcbf2a-1f8c-4a5e-8743-07c7869b46bc"},"@type":"http://purl.org/sepses/vocab/log/wineventlog#WindowsEventLogEntry","logName":"Security","@context":"http://sepses.ifs.tuwien.ac.at/contexts/wineventlog.jsonld","hasLogType":"wineventlog","source":"Microsoft-Windows-Security-Auditing","resourceAttributes":"S:AI","objectType":"File","objectName":"C:\\Users\\Virtual Windows 10\\UserDocuments","logMessage":"An attempt was made to access an object.\n\nSubject:\n\tSecurity ID:\t\tS-1-5-21-2889181789-4222170037-1347726928-1001\n\tAccount Name:\t\tVirtual Windows 10\n\tAccount Domain:\t\tDESKTOP-MAC610T\n\tLogon ID:\t\t0x1F8D4\n\nObject:\n\tObject Server:\t\tSecurity\n\tObject Type:\t\tFile\n\tObject Name:\t\tC:\\Users\\Virtual Windows 10\\UserDocuments\n\tHandle ID:\t\t0xbf8\n\tResource Attributes:\tS:AI\n\nProcess Information:\n\tProcess ID:\t\t0x8c0\n\tProcess Name:\t\tC:\\Windows\\explorer.exe\n\nAccess Request Information:\n\tAccesses:\t\tReadAttributes\n\t\t\t\t\n\tAccess Mask:\t\t0x80","timestamp":"2018-08-22T13:36:08.140Z","accesses":"%%4423\n\t\t\t\t","accountDomain":"DESKTOP-MAC610T","keyword":["Audit Success"],"@id":"http://example.org/logEntry#logEntry-9d011dba-be0f-4614-93a6-b678a10117a0","processID":"0x8c0","accountName":"Virtual Windows 10","version":1,"taskCategory":"File System","upCode":"Info","accessMask":"0x80","@timestamp":"2018-08-22T13:36:08.140Z","objectServer":"Security"},
  {"handleID":"0x1ac4","computerName":"DESKTOP-MAC610T","logonID":"0x1f8d4","processName":"C:\\Program Files (x86)\\Dropbox\\Client\\Dropbox.exe","eventID":4663,"level":"Information","originatesFrom":{"hostName":{"name":"DESKTOP-MAC610T"},"@type":"rdf:nodeID","@id":"http://example.org/sepses#f93a3a66-9d75-49ec-80b6-2e1c771c1985"},"@type":"http://purl.org/sepses/vocab/log/wineventlog#WindowsEventLogEntry","logName":"Security","@context":"http://sepses.ifs.tuwien.ac.at/contexts/wineventlog.jsonld","hasLogType":"wineventlog","source":"Microsoft-Windows-Security-Auditing","resourceAttributes":"S:AI","objectType":"File","objectName":"C:\\Users\\Virtual Windows 10\\Dropbox","logMessage":"An attempt was made to access an object.\n\nSubject:\n\tSecurity ID:\t\tS-1-5-21-2889181789-4222170037-1347726928-1001\n\tAccount Name:\t\tVirtual Windows 10\n\tAccount Domain:\t\tDESKTOP-MAC610T\n\tLogon ID:\t\t0x1F8D4\n\nObject:\n\tObject Server:\t\tSecurity\n\tObject Type:\t\tFile\n\tObject Name:\t\tC:\\Users\\Virtual Windows 10\\Dropbox\n\tHandle ID:\t\t0x1ac4\n\tResource Attributes:\tS:AI\n\nProcess Information:\n\tProcess ID:\t\t0x1788\n\tProcess Name:\t\tC:\\Program Files (x86)\\Dropbox\\Client\\Dropbox.exe\n\nAccess Request Information:\n\tAccesses:\t\tReadAttributes\n\t\t\t\t\n\tAccess Mask:\t\t0x80","timestamp":"2018-08-22T13:36:08.307Z","accesses":"%%4423\n\t\t\t\t","accountDomain":"DESKTOP-MAC610T","keyword":["Audit Success"],"@id":"http://example.org/logEntry#logEntry-c33657e4-62d6-4c84-815c-25c0fd1cc02a","processID":"0x1788","accountName":"Virtual Windows 10","version":1,"taskCategory":"File System","upCode":"Info","accessMask":"0x80","@timestamp":"2018-08-22T13:36:08.307Z","objectServer":"Security"},
  {"handleID":"0x1ac4","computerName":"DESKTOP-MAC610T","logonID":"0x1f8d4","processName":"C:\\Program Files (x86)\\Dropbox\\Client\\Dropbox.exe","eventID":4663,"level":"Information","originatesFrom":{"hostName":{"name":"DESKTOP-MAC610T"},"@type":"rdf:nodeID","@id":"http://example.org/sepses#3df7af53-a05d-4b0b-b9ac-08e5868852a4"},"@type":"http://purl.org/sepses/vocab/log/wineventlog#WindowsEventLogEntry","logName":"Security","@context":"http://sepses.ifs.tuwien.ac.at/contexts/wineventlog.jsonld","hasLogType":"wineventlog","source":"Microsoft-Windows-Security-Auditing","resourceAttributes":"S:AI","objectType":"File","objectName":"C:\\Users\\Virtual Windows 10\\Dropbox","logMessage":"An attempt was made to access an object.\n\nSubject:\n\tSecurity ID:\t\tS-1-5-21-2889181789-4222170037-1347726928-1001\n\tAccount Name:\t\tVirtual Windows 10\n\tAccount Domain:\t\tDESKTOP-MAC610T\n\tLogon ID:\t\t0x1F8D4\n\nObject:\n\tObject Server:\t\tSecurity\n\tObject Type:\t\tFile\n\tObject Name:\t\tC:\\Users\\Virtual Windows 10\\Dropbox\n\tHandle ID:\t\t0x1ac4\n\tResource Attributes:\tS:AI\n\nProcess Information:\n\tProcess ID:\t\t0x1788\n\tProcess Name:\t\tC:\\Program Files (x86)\\Dropbox\\Client\\Dropbox.exe\n\nAccess Request Information:\n\tAccesses:\t\tReadAttributes\n\t\t\t\t\n\tAccess Mask:\t\t0x80","timestamp":"2018-08-22T13:36:08.372Z","accesses":"%%4423\n\t\t\t\t","accountDomain":"DESKTOP-MAC610T","keyword":["Audit Success"],"@id":"http://example.org/logEntry#logEntry-f7334ea7-c049-46e4-b70d-06bc7c634ee6","processID":"0x1788","accountName":"Virtual Windows 10","version":1,"taskCategory":"File System","upCode":"Info","accessMask":"0x80","@timestamp":"2018-08-22T13:36:08.372Z","objectServer":"Security"},
  {"handleID":"0x2b74","computerName":"DESKTOP-MAC610T","logonID":"0x1f8d4","processName":"C:\\Windows\\explorer.exe","eventID":4663,"level":"Information","originatesFrom":{"hostName":{"name":"DESKTOP-MAC610T"},"@type":"rdf:nodeID","@id":"http://example.org/sepses#124c6630-b792-40d9-958b-de2c953e0b8b"},"@type":"http://purl.org/sepses/vocab/log/wineventlog#WindowsEventLogEntry","logName":"Security","@context":"http://sepses.ifs.tuwien.ac.at/contexts/wineventlog.jsonld","hasLogType":"wineventlog","source":"Microsoft-Windows-Security-Auditing","resourceAttributes":"S:AI","objectType":"File","objectName":"C:\\Users\\Virtual Windows 10\\UserDocuments","logMessage":"An attempt was made to access an object.\n\nSubject:\n\tSecurity ID:\t\tS-1-5-21-2889181789-4222170037-1347726928-1001\n\tAccount Name:\t\tVirtual Windows 10\n\tAccount Domain:\t\tDESKTOP-MAC610T\n\tLogon ID:\t\t0x1F8D4\n\nObject:\n\tObject Server:\t\tSecurity\n\tObject Type:\t\tFile\n\tObject Name:\t\tC:\\Users\\Virtual Windows 10\\UserDocuments\n\tHandle ID:\t\t0x2b74\n\tResource Attributes:\tS:AI\n\nProcess Information:\n\tProcess ID:\t\t0x8c0\n\tProcess Name:\t\tC:\\Windows\\explorer.exe\n\nAccess Request Information:\n\tAccesses:\t\tReadAttributes\n\t\t\t\t\n\tAccess Mask:\t\t0x80","timestamp":"2018-08-22T13:36:08.526Z","accesses":"%%4423\n\t\t\t\t","accountDomain":"DESKTOP-MAC610T","keyword":["Audit Success"],"@id":"http://example.org/logEntry#logEntry-3154bbaf-3b81-4b8d-be25-a65bfc57b864","processID":"0x8c0","accountName":"Virtual Windows 10","version":1,"taskCategory":"File System","upCode":"Info","accessMask":"0x80","@timestamp":"2018-08-22T13:36:08.526Z","objectServer":"Security"},
  {"handleID":"0x1ca4","computerName":"DESKTOP-MAC610T","logonID":"0x1f8d4","processName":"C:\\Windows\\explorer.exe","eventID":4663,"level":"Information","originatesFrom":{"hostName":{"name":"DESKTOP-MAC610T"},"@type":"rdf:nodeID","@id":"http://example.org/sepses#29d07860-f0b6-4d82-a892-f68e6d419ee3"},"@type":"http://purl.org/sepses/vocab/log/wineventlog#WindowsEventLogEntry","logName":"Security","@context":"http://sepses.ifs.tuwien.ac.at/contexts/wineventlog.jsonld","hasLogType":"wineventlog","source":"Microsoft-Windows-Security-Auditing","resourceAttributes":"S:AI","objectType":"File","objectName":"C:\\Users\\Virtual Windows 10\\Dropbox\\New Text Document.txt","logMessage":"An attempt was made to access an object.\n\nSubject:\n\tSecurity ID:\t\tS-1-5-21-2889181789-4222170037-1347726928-1001\n\tAccount Name:\t\tVirtual Windows 10\n\tAccount Domain:\t\tDESKTOP-MAC610T\n\tLogon ID:\t\t0x1F8D4\n\nObject:\n\tObject Server:\t\tSecurity\n\tObject Type:\t\tFile\n\tObject Name:\t\tC:\\Users\\Virtual Windows 10\\Dropbox\\New Text Document.txt\n\tHandle ID:\t\t0x1ca4\n\tResource Attributes:\tS:AI\n\nProcess Information:\n\tProcess ID:\t\t0x8c0\n\tProcess Name:\t\tC:\\Windows\\explorer.exe\n\nAccess Request Information:\n\tAccesses:\t\tReadAttributes\n\t\t\t\t\n\tAccess Mask:\t\t0x80","timestamp":"2018-08-22T13:36:08.106Z","accesses":"%%4423\n\t\t\t\t","accountDomain":"DESKTOP-MAC610T","keyword":["Audit Success"],"@id":"http://example.org/logEntry#logEntry-9c427904-89f7-4de2-82fd-f102486a7159","processID":"0x8c0","accountName":"Virtual Windows 10","version":1,"taskCategory":"File System","upCode":"Info","accessMask":"0x80","@timestamp":"2018-08-22T13:36:08.106Z","objectServer":"Security"},
  {"handleID":"0x1970","computerName":"DESKTOP-MAC610T","logonID":"0x1f8d4","processName":"C:\\Windows\\explorer.exe","eventID":4663,"level":"Information","originatesFrom":{"hostName":{"name":"DESKTOP-MAC610T"},"@type":"rdf:nodeID","@id":"http://example.org/sepses#3ae1b187-66b6-4eeb-b165-21534a39a085"},"@type":"http://purl.org/sepses/vocab/log/wineventlog#WindowsEventLogEntry","logName":"Security","@context":"http://sepses.ifs.tuwien.ac.at/contexts/wineventlog.jsonld","hasLogType":"wineventlog","source":"Microsoft-Windows-Security-Auditing","resourceAttributes":"S:AI","objectType":"File","objectName":"C:\\Users\\Virtual Windows 10\\Dropbox\\New Text Document.txt:com.dropbox.attrs","logMessage":"An attempt was made to access an object.\n\nSubject:\n\tSecurity ID:\t\tS-1-5-21-2889181789-4222170037-1347726928-1001\n\tAccount Name:\t\tVirtual Windows 10\n\tAccount Domain:\t\tDESKTOP-MAC610T\n\tLogon ID:\t\t0x1F8D4\n\nObject:\n\tObject Server:\t\tSecurity\n\tObject Type:\t\tFile\n\tObject Name:\t\tC:\\Users\\Virtual Windows 10\\Dropbox\\New Text Document.txt:com.dropbox.attrs\n\tHandle ID:\t\t0x1970\n\tResource Attributes:\tS:AI\n\nProcess Information:\n\tProcess ID:\t\t0x8c0\n\tProcess Name:\t\tC:\\Windows\\explorer.exe\n\nAccess Request Information:\n\tAccesses:\t\tReadAttributes\n\t\t\t\t\n\tAccess Mask:\t\t0x80","timestamp":"2018-08-22T13:36:08.109Z","accesses":"%%4423\n\t\t\t\t","accountDomain":"DESKTOP-MAC610T","keyword":["Audit Success"],"@id":"http://example.org/logEntry#logEntry-8daf9def-1d5e-490b-8f75-3199da199fec","processID":"0x8c0","accountName":"Virtual Windows 10","version":1,"taskCategory":"File System","upCode":"Info","accessMask":"0x80","@timestamp":"2018-08-22T13:36:08.109Z","objectServer":"Security"},
  {"handleID":"0x2db8","computerName":"DESKTOP-MAC610T","logonID":"0x1f8d4","processName":"C:\\Windows\\explorer.exe","eventID":4663,"level":"Information","originatesFrom":{"hostName":{"name":"DESKTOP-MAC610T"},"@type":"rdf:nodeID","@id":"http://example.org/sepses#c891b8a0-8ea5-46aa-acee-cb153f34d63a"},"@type":"http://purl.org/sepses/vocab/log/wineventlog#WindowsEventLogEntry","logName":"Security","@context":"http://sepses.ifs.tuwien.ac.at/contexts/wineventlog.jsonld","hasLogType":"wineventlog","source":"Microsoft-Windows-Security-Auditing","resourceAttributes":"S:AI","objectType":"File","objectName":"C:\\Users\\Virtual Windows 10\\Dropbox","logMessage":"An attempt was made to access an object.\n\nSubject:\n\tSecurity ID:\t\tS-1-5-21-2889181789-4222170037-1347726928-1001\n\tAccount Name:\t\tVirtual Windows 10\n\tAccount Domain:\t\tDESKTOP-MAC610T\n\tLogon ID:\t\t0x1F8D4\n\nObject:\n\tObject Server:\t\tSecurity\n\tObject Type:\t\tFile\n\tObject Name:\t\tC:\\Users\\Virtual Windows 10\\Dropbox\n\tHandle ID:\t\t0x2db8\n\tResource Attributes:\tS:AI\n\nProcess Information:\n\tProcess ID:\t\t0x8c0\n\tProcess Name:\t\tC:\\Windows\\explorer.exe\n\nAccess Request Information:\n\tAccesses:\t\tReadAttributes\n\t\t\t\t\n\tAccess Mask:\t\t0x80","timestamp":"2018-08-22T13:36:08.117Z","accesses":"%%4423\n\t\t\t\t","accountDomain":"DESKTOP-MAC610T","keyword":["Audit Success"],"@id":"http://example.org/logEntry#logEntry-f8d6dbe6-07a6-422a-9642-9c77a1ffc400","processID":"0x8c0","accountName":"Virtual Windows 10","version":1,"taskCategory":"File System","upCode":"Info","accessMask":"0x80","@timestamp":"2018-08-22T13:36:08.117Z","objectServer":"Security"},
  {"handleID":"0x1ac4","computerName":"DESKTOP-MAC610T","logonID":"0x1f8d4","processName":"C:\\Program Files (x86)\\Dropbox\\Client\\Dropbox.exe","eventID":4663,"level":"Information","originatesFrom":{"hostName":{"name":"DESKTOP-MAC610T"},"@type":"rdf:nodeID","@id":"http://example.org/sepses#5462a322-eac7-478d-971b-a53fac7a6d9b"},"@type":"http://purl.org/sepses/vocab/log/wineventlog#WindowsEventLogEntry","logName":"Security","@context":"http://sepses.ifs.tuwien.ac.at/contexts/wineventlog.jsonld","hasLogType":"wineventlog","source":"Microsoft-Windows-Security-Auditing","resourceAttributes":"S:AI","objectType":"File","objectName":"C:\\Users\\Virtual Windows 10\\Dropbox","logMessage":"An attempt was made to access an object.\n\nSubject:\n\tSecurity ID:\t\tS-1-5-21-2889181789-4222170037-1347726928-1001\n\tAccount Name:\t\tVirtual Windows 10\n\tAccount Domain:\t\tDESKTOP-MAC610T\n\tLogon ID:\t\t0x1F8D4\n\nObject:\n\tObject Server:\t\tSecurity\n\tObject Type:\t\tFile\n\tObject Name:\t\tC:\\Users\\Virtual Windows 10\\Dropbox\n\tHandle ID:\t\t0x1ac4\n\tResource Attributes:\tS:AI\n\nProcess Information:\n\tProcess ID:\t\t0x1788\n\tProcess Name:\t\tC:\\Program Files (x86)\\Dropbox\\Client\\Dropbox.exe\n\nAccess Request Information:\n\tAccesses:\t\tReadAttributes\n\t\t\t\t\n\tAccess Mask:\t\t0x80","timestamp":"2018-08-22T13:36:08.307Z","accesses":"%%4423\n\t\t\t\t","accountDomain":"DESKTOP-MAC610T","keyword":["Audit Success"],"@id":"http://example.org/logEntry#logEntry-3157bb5b-725d-4960-90cd-ac38d4d06198","processID":"0x1788","accountName":"Virtual Windows 10","version":1,"taskCategory":"File System","upCode":"Info","accessMask":"0x80","@timestamp":"2018-08-22T13:36:08.307Z","objectServer":"Security"},
  {"handleID":"0x1ac4","computerName":"DESKTOP-MAC610T","logonID":"0x1f8d4","processName":"C:\\Program Files (x86)\\Dropbox\\Client\\Dropbox.exe","eventID":4663,"level":"Information","originatesFrom":{"hostName":{"name":"DESKTOP-MAC610T"},"@type":"rdf:nodeID","@id":"http://example.org/sepses#b7fe0bda-46ab-484b-a544-b8d9b7960b7f"},"@type":"http://purl.org/sepses/vocab/log/wineventlog#WindowsEventLogEntry","logName":"Security","@context":"http://sepses.ifs.tuwien.ac.at/contexts/wineventlog.jsonld","hasLogType":"wineventlog","source":"Microsoft-Windows-Security-Auditing","resourceAttributes":"S:AI","objectType":"File","objectName":"C:\\Users\\Virtual Windows 10\\Dropbox","logMessage":"An attempt was made to access an object.\n\nSubject:\n\tSecurity ID:\t\tS-1-5-21-2889181789-4222170037-1347726928-1001\n\tAccount Name:\t\tVirtual Windows 10\n\tAccount Domain:\t\tDESKTOP-MAC610T\n\tLogon ID:\t\t0x1F8D4\n\nObject:\n\tObject Server:\t\tSecurity\n\tObject Type:\t\tFile\n\tObject Name:\t\tC:\\Users\\Virtual Windows 10\\Dropbox\n\tHandle ID:\t\t0x1ac4\n\tResource Attributes:\tS:AI\n\nProcess Information:\n\tProcess ID:\t\t0x1788\n\tProcess Name:\t\tC:\\Program Files (x86)\\Dropbox\\Client\\Dropbox.exe\n\nAccess Request Information:\n\tAccesses:\t\tReadAttributes\n\t\t\t\t\n\tAccess Mask:\t\t0x80","timestamp":"2018-08-22T13:36:08.372Z","accesses":"%%4423\n\t\t\t\t","accountDomain":"DESKTOP-MAC610T","keyword":["Audit Success"],"@id":"http://example.org/logEntry#logEntry-0897d14c-eea6-4486-bb0c-392f4234ed6b","processID":"0x1788","accountName":"Virtual Windows 10","version":1,"taskCategory":"File System","upCode":"Info","accessMask":"0x80","@timestamp":"2018-08-22T13:36:08.372Z","objectServer":"Security"},
  {"handleID":"0x2720","computerName":"DESKTOP-MAC610T","logonID":"0x1f8d4","processName":"C:\\Windows\\explorer.exe","eventID":4663,"level":"Information","originatesFrom":{"hostName":{"name":"DESKTOP-MAC610T"},"@type":"rdf:nodeID","@id":"http://example.org/sepses#1f145f3b-6274-4604-86c9-9c41b5b04d3d"},"@type":"http://purl.org/sepses/vocab/log/wineventlog#WindowsEventLogEntry","logName":"Security","@context":"http://sepses.ifs.tuwien.ac.at/contexts/wineventlog.jsonld","hasLogType":"wineventlog","source":"Microsoft-Windows-Security-Auditing","resourceAttributes":"S:AI","objectType":"File","objectName":"C:\\Users\\Virtual Windows 10\\UserDocuments","logMessage":"An attempt was made to access an object.\n\nSubject:\n\tSecurity ID:\t\tS-1-5-21-2889181789-4222170037-1347726928-1001\n\tAccount Name:\t\tVirtual Windows 10\n\tAccount Domain:\t\tDESKTOP-MAC610T\n\tLogon ID:\t\t0x1F8D4\n\nObject:\n\tObject Server:\t\tSecurity\n\tObject Type:\t\tFile\n\tObject Name:\t\tC:\\Users\\Virtual Windows 10\\UserDocuments\n\tHandle ID:\t\t0x2720\n\tResource Attributes:\tS:AI\n\nProcess Information:\n\tProcess ID:\t\t0x8c0\n\tProcess Name:\t\tC:\\Windows\\explorer.exe\n\nAccess Request Information:\n\tAccesses:\t\tReadAttributes\n\t\t\t\t\n\tAccess Mask:\t\t0x80","timestamp":"2018-08-22T13:36:08.521Z","accesses":"%%4423\n\t\t\t\t","accountDomain":"DESKTOP-MAC610T","keyword":["Audit Success"],"@id":"http://example.org/logEntry#logEntry-040836aa-d0b8-4f0b-b781-f08ff9d314a5","processID":"0x8c0","accountName":"Virtual Windows 10","version":1,"taskCategory":"File System","upCode":"Info","accessMask":"0x80","@timestamp":"2018-08-22T13:36:08.521Z","objectServer":"Security"},
  {"handleID":"0x1ca4","computerName":"DESKTOP-MAC610T","logonID":"0x1f8d4","processName":"C:\\Windows\\explorer.exe","eventID":4663,"level":"Information","originatesFrom":{"hostName":{"name":"DESKTOP-MAC610T"},"@type":"rdf:nodeID","@id":"http://example.org/sepses#867c2569-e989-4580-b60e-a6728b3c80d4"},"@type":"http://purl.org/sepses/vocab/log/wineventlog#WindowsEventLogEntry","logName":"Security","@context":"http://sepses.ifs.tuwien.ac.at/contexts/wineventlog.jsonld","hasLogType":"wineventlog","source":"Microsoft-Windows-Security-Auditing","resourceAttributes":"S:AI","objectType":"File","objectName":"C:\\Users\\Virtual Windows 10\\Dropbox\\New Text Document.txt","logMessage":"An attempt was made to access an object.\n\nSubject:\n\tSecurity ID:\t\tS-1-5-21-2889181789-4222170037-1347726928-1001\n\tAccount Name:\t\tVirtual Windows 10\n\tAccount Domain:\t\tDESKTOP-MAC610T\n\tLogon ID:\t\t0x1F8D4\n\nObject:\n\tObject Server:\t\tSecurity\n\tObject Type:\t\tFile\n\tObject Name:\t\tC:\\Users\\Virtual Windows 10\\Dropbox\\New Text Document.txt\n\tHandle ID:\t\t0x1ca4\n\tResource Attributes:\tS:AI\n\nProcess Information:\n\tProcess ID:\t\t0x8c0\n\tProcess Name:\t\tC:\\Windows\\explorer.exe\n\nAccess Request Information:\n\tAccesses:\t\tReadAttributes\n\t\t\t\t\n\tAccess Mask:\t\t0x80","timestamp":"2018-08-22T13:36:08.106Z","accesses":"%%4423\n\t\t\t\t","accountDomain":"DESKTOP-MAC610T","keyword":["Audit Success"],"@id":"http://example.org/logEntry#logEntry-223ec327-92de-4a7d-a608-8e90506f0a55","processID":"0x8c0","accountName":"Virtual Windows 10","version":1,"taskCategory":"File System","upCode":"Info","accessMask":"0x80","@timestamp":"2018-08-22T13:36:08.106Z","objectServer":"Security"},
  {"handleID":"0x1970","computerName":"DESKTOP-MAC610T","logonID":"0x1f8d4","processName":"C:\\Windows\\explorer.exe","eventID":4663,"level":"Information","originatesFrom":{"hostName":{"name":"DESKTOP-MAC610T"},"@type":"rdf:nodeID","@id":"http://example.org/sepses#6d38de42-af13-456b-abc1-ba7a590151a0"},"@type":"http://purl.org/sepses/vocab/log/wineventlog#WindowsEventLogEntry","logName":"Security","@context":"http://sepses.ifs.tuwien.ac.at/contexts/wineventlog.jsonld","hasLogType":"wineventlog","source":"Microsoft-Windows-Security-Auditing","resourceAttributes":"S:AI","objectType":"File","objectName":"C:\\Users\\Virtual Windows 10\\UserDocuments\\New Text Document.txt:com.dropbox.attributes","logMessage":"An attempt was made to access an object.\n\nSubject:\n\tSecurity ID:\t\tS-1-5-21-2889181789-4222170037-1347726928-1001\n\tAccount Name:\t\tVirtual Windows 10\n\tAccount Domain:\t\tDESKTOP-MAC610T\n\tLogon ID:\t\t0x1F8D4\n\nObject:\n\tObject Server:\t\tSecurity\n\tObject Type:\t\tFile\n\tObject Name:\t\tC:\\Users\\Virtual Windows 10\\UserDocuments\\New Text Document.txt:com.dropbox.attributes\n\tHandle ID:\t\t0x1970\n\tResource Attributes:\tS:AI\n\nProcess Information:\n\tProcess ID:\t\t0x8c0\n\tProcess Name:\t\tC:\\Windows\\explorer.exe\n\nAccess Request Information:\n\tAccesses:\t\tWriteData (or AddFile)\n\t\t\t\t\n\tAccess Mask:\t\t0x2","timestamp":"2018-08-22T13:36:08.108Z","accesses":"%%4417\n\t\t\t\t","accountDomain":"DESKTOP-MAC610T","keyword":["Audit Success"],"@id":"http://example.org/logEntry#logEntry-31641754-25ee-4cf6-b5e6-3272d2604882","processID":"0x8c0","accountName":"Virtual Windows 10","version":1,"taskCategory":"File System","upCode":"Info","accessMask":"0x2","@timestamp":"2018-08-22T13:36:08.108Z","objectServer":"Security"},
  {"handleID":"0x1c90","computerName":"DESKTOP-MAC610T","logonID":"0x1f8d4","processName":"C:\\Windows\\explorer.exe","eventID":4663,"level":"Information","originatesFrom":{"hostName":{"name":"DESKTOP-MAC610T"},"@type":"rdf:nodeID","@id":"http://example.org/sepses#e85ab594-e40a-4a05-9b60-f4ce7ea108eb"},"@type":"http://purl.org/sepses/vocab/log/wineventlog#WindowsEventLogEntry","logName":"Security","@context":"http://sepses.ifs.tuwien.ac.at/contexts/wineventlog.jsonld","hasLogType":"wineventlog","source":"Microsoft-Windows-Security-Auditing","resourceAttributes":"S:AI","objectType":"File","objectName":"C:\\Users\\Virtual Windows 10\\UserDocuments","logMessage":"An attempt was made to access an object.\n\nSubject:\n\tSecurity ID:\t\tS-1-5-21-2889181789-4222170037-1347726928-1001\n\tAccount Name:\t\tVirtual Windows 10\n\tAccount Domain:\t\tDESKTOP-MAC610T\n\tLogon ID:\t\t0x1F8D4\n\nObject:\n\tObject Server:\t\tSecurity\n\tObject Type:\t\tFile\n\tObject Name:\t\tC:\\Users\\Virtual Windows 10\\UserDocuments\n\tHandle ID:\t\t0x1c90\n\tResource Attributes:\tS:AI\n\nProcess Information:\n\tProcess ID:\t\t0x8c0\n\tProcess Name:\t\tC:\\Windows\\explorer.exe\n\nAccess Request Information:\n\tAccesses:\t\tReadAttributes\n\t\t\t\t\n\tAccess Mask:\t\t0x80","timestamp":"2018-08-22T13:36:08.113Z","accesses":"%%4423\n\t\t\t\t","accountDomain":"DESKTOP-MAC610T","keyword":["Audit Success"],"@id":"http://example.org/logEntry#logEntry-f01b7256-5f65-4c41-bab6-6c1077ba593a","processID":"0x8c0","accountName":"Virtual Windows 10","version":1,"taskCategory":"File System","upCode":"Info","accessMask":"0x80","@timestamp":"2018-08-22T13:36:08.113Z","objectServer":"Security"},
  {"handleID":"0x2720","computerName":"DESKTOP-MAC610T","logonID":"0x1f8d4","processName":"C:\\Windows\\explorer.exe","eventID":4663,"level":"Information","originatesFrom":{"hostName":{"name":"DESKTOP-MAC610T"},"@type":"rdf:nodeID","@id":"http://example.org/sepses#de143e06-8b5f-47d8-8b91-41e0e9820c15"},"@type":"http://purl.org/sepses/vocab/log/wineventlog#WindowsEventLogEntry","logName":"Security","@context":"http://sepses.ifs.tuwien.ac.at/contexts/wineventlog.jsonld","hasLogType":"wineventlog","source":"Microsoft-Windows-Security-Auditing","resourceAttributes":"S:AI","objectType":"File","objectName":"C:\\Users\\Virtual Windows 10\\UserDocuments","logMessage":"An attempt was made to access an object.\n\nSubject:\n\tSecurity ID:\t\tS-1-5-21-2889181789-4222170037-1347726928-1001\n\tAccount Name:\t\tVirtual Windows 10\n\tAccount Domain:\t\tDESKTOP-MAC610T\n\tLogon ID:\t\t0x1F8D4\n\nObject:\n\tObject Server:\t\tSecurity\n\tObject Type:\t\tFile\n\tObject Name:\t\tC:\\Users\\Virtual Windows 10\\UserDocuments\n\tHandle ID:\t\t0x2720\n\tResource Attributes:\tS:AI\n\nProcess Information:\n\tProcess ID:\t\t0x8c0\n\tProcess Name:\t\tC:\\Windows\\explorer.exe\n\nAccess Request Information:\n\tAccesses:\t\tReadAttributes\n\t\t\t\t\n\tAccess Mask:\t\t0x80","timestamp":"2018-08-22T13:36:08.259Z","accesses":"%%4423\n\t\t\t\t","accountDomain":"DESKTOP-MAC610T","keyword":["Audit Success"],"@id":"http://example.org/logEntry#logEntry-185ec5e6-faf1-456a-81f3-be4e2966b8e0","processID":"0x8c0","accountName":"Virtual Windows 10","version":1,"taskCategory":"File System","upCode":"Info","accessMask":"0x80","@timestamp":"2018-08-22T13:36:08.259Z","objectServer":"Security"},
  {"handleID":"0x1ac4","computerName":"DESKTOP-MAC610T","logonID":"0x1f8d4","processName":"C:\\Program Files (x86)\\Dropbox\\Client\\Dropbox.exe","eventID":4663,"level":"Information","originatesFrom":{"hostName":{"name":"DESKTOP-MAC610T"},"@type":"rdf:nodeID","@id":"http://example.org/sepses#13f97128-5b19-46e6-8083-0b1e54803318"},"@type":"http://purl.org/sepses/vocab/log/wineventlog#WindowsEventLogEntry","logName":"Security","@context":"http://sepses.ifs.tuwien.ac.at/contexts/wineventlog.jsonld","hasLogType":"wineventlog","source":"Microsoft-Windows-Security-Auditing","resourceAttributes":"S:AI","objectType":"File","objectName":"C:\\Users\\Virtual Windows 10\\Dropbox","logMessage":"An attempt was made to access an object.\n\nSubject:\n\tSecurity ID:\t\tS-1-5-21-2889181789-4222170037-1347726928-1001\n\tAccount Name:\t\tVirtual Windows 10\n\tAccount Domain:\t\tDESKTOP-MAC610T\n\tLogon ID:\t\t0x1F8D4\n\nObject:\n\tObject Server:\t\tSecurity\n\tObject Type:\t\tFile\n\tObject Name:\t\tC:\\Users\\Virtual Windows 10\\Dropbox\n\tHandle ID:\t\t0x1ac4\n\tResource Attributes:\tS:AI\n\nProcess Information:\n\tProcess ID:\t\t0x1788\n\tProcess Name:\t\tC:\\Program Files (x86)\\Dropbox\\Client\\Dropbox.exe\n\nAccess Request Information:\n\tAccesses:\t\tReadAttributes\n\t\t\t\t\n\tAccess Mask:\t\t0x80","timestamp":"2018-08-22T13:36:08.372Z","accesses":"%%4423\n\t\t\t\t","accountDomain":"DESKTOP-MAC610T","keyword":["Audit Success"],"@id":"http://example.org/logEntry#logEntry-8e9f1a31-e8fb-46c9-8152-4bbedf319ac6","processID":"0x1788","accountName":"Virtual Windows 10","version":1,"taskCategory":"File System","upCode":"Info","accessMask":"0x80","@timestamp":"2018-08-22T13:36:08.372Z","objectServer":"Security"},
  {"handleID":"0x155c","computerName":"DESKTOP-MAC610T","logonID":"0x1f8d4","processName":"C:\\Windows\\explorer.exe","eventID":4663,"level":"Information","originatesFrom":{"hostName":{"name":"DESKTOP-MAC610T"},"@type":"rdf:nodeID","@id":"http://example.org/sepses#20059e86-a658-4515-962a-b48bc5546cad"},"@type":"http://purl.org/sepses/vocab/log/wineventlog#WindowsEventLogEntry","logName":"Security","@context":"http://sepses.ifs.tuwien.ac.at/contexts/wineventlog.jsonld","hasLogType":"wineventlog","source":"Microsoft-Windows-Security-Auditing","resourceAttributes":"S:AI","objectType":"File","objectName":"C:\\Users\\Virtual Windows 10\\UserDocuments","logMessage":"An attempt was made to access an object.\n\nSubject:\n\tSecurity ID:\t\tS-1-5-21-2889181789-4222170037-1347726928-1001\n\tAccount Name:\t\tVirtual Windows 10\n\tAccount Domain:\t\tDESKTOP-MAC610T\n\tLogon ID:\t\t0x1F8D4\n\nObject:\n\tObject Server:\t\tSecurity\n\tObject Type:\t\tFile\n\tObject Name:\t\tC:\\Users\\Virtual Windows 10\\UserDocuments\n\tHandle ID:\t\t0x155c\n\tResource Attributes:\tS:AI\n\nProcess Information:\n\tProcess ID:\t\t0x8c0\n\tProcess Name:\t\tC:\\Windows\\explorer.exe\n\nAccess Request Information:\n\tAccesses:\t\tReadAttributes\n\t\t\t\t\n\tAccess Mask:\t\t0x80","timestamp":"2018-08-22T13:36:08.391Z","accesses":"%%4423\n\t\t\t\t","accountDomain":"DESKTOP-MAC610T","keyword":["Audit Success"],"@id":"http://example.org/logEntry#logEntry-a8483cb5-4014-41bd-aed0-2b76a11dbb17","processID":"0x8c0","accountName":"Virtual Windows 10","version":1,"taskCategory":"File System","upCode":"Info","accessMask":"0x80","@timestamp":"2018-08-22T13:36:08.391Z","objectServer":"Security"}
]