,{"level":"Information","accessMask":"0x80","hasLogType":"wineventlog","eventID":4663,"resourceAttributes":"S:AI","logName":"Security","keyword":["Audit Success"],"taskCategory":"File System","logonID":"0x2230c","logMessage":"An attempt was made to access an object.\n\nSubject:\n\tSecurity ID:\t\tS-1-5-21-2889181789-4222170037-1347726928-1001\n\tAccount Name:\t\tVirtual Windows 10\n\tAccount Domain:\t\tDESKTOP-MAC610T\n\tLogon ID:\t\t0x2230C\n\nObject:\n\tObject Server:\t\tSecurity\n\tObject Type:\t\tFile\n\tObject Name:\t\tC:\\Users\\Virtual Windows 10\\Dropbox\n\tHandle ID:\t\t0x20c8\n\tResource Attributes:\tS:AI\n\nProcess Information:\n\tProcess ID:\t\t0x1974\n\tProcess Name:\t\tC:\\Program Files (x86)\\Dropbox\\Client\\Dropbox.exe\n\nAccess Request Information:\n\tAccesses:\t\tReadAttributes\n\t\t\t\t\n\tAccess Mask:\t\t0x80","processName":"C:\\Program Files (x86)\\Dropbox\\Client\\Dropbox.exe","objectName":"C:\\Users\\Virtual Windows 10\\Dropbox","upCode":"Info","objectType":"File","timestamp":"2018-09-01T16:35:13.582Z","@timestamp":"2018-09-01T16:35:13.582Z","accountName":"Virtual Windows 10","computerName":"DESKTOP-MAC610T","source":"Microsoft-Windows-Security-Auditing","@context":"http://sepses.ifs.tuwien.ac.at/contexts/wineventlog.jsonld","@id":"http://example.org/logEntry#logEntry-954b2f88-f535-4151-9984-4184873c44dc","processID":"0x1974","originatesFrom":{"hostName":{"name":"DESKTOP-MAC610T"},"@id":"http://example.org/sepses#1ddfd54c-d061-4633-84f1-5fc351756fd4","@type":"rdf:nodeID"},"accountDomain":"DESKTOP-MAC610T","handleID":"0x20c8","@type":"http://purl.org/sepses/vocab/log/wineventlog#WindowsEventLogEntry","accesses":"%%4423\n\t\t\t\t","objectServer":"Security","version":1}
,{"level":"Information","accessMask":"0x80","hasLogType":"wineventlog","eventID":4663,"resourceAttributes":"S:AI","logName":"Security","keyword":["Audit Success"],"taskCategory":"File System","logonID":"0x2230c","logMessage":"An attempt was made to access an object.\n\nSubject:\n\tSecurity ID:\t\tS-1-5-21-2889181789-4222170037-1347726928-1001\n\tAccount Name:\t\tVirtual Windows 10\n\tAccount Domain:\t\tDESKTOP-MAC610T\n\tLogon ID:\t\t0x2230C\n\nObject:\n\tObject Server:\t\tSecurity\n\tObject Type:\t\tFile\n\tObject Name:\t\tC:\\Users\\Virtual Windows 10\\Dropbox\n\tHandle ID:\t\t0x20c8\n\tResource Attributes:\tS:AI\n\nProcess Information:\n\tProcess ID:\t\t0x1974\n\tProcess Name:\t\tC:\\Program Files (x86)\\Dropbox\\Client\\Dropbox.exe\n\nAccess Request Information:\n\tAccesses:\t\tReadAttributes\n\t\t\t\t\n\tAccess Mask:\t\t0x80","processName":"C:\\Program Files (x86)\\Dropbox\\Client\\Dropbox.exe","objectName":"C:\\Users\\Virtual Windows 10\\Dropbox","upCode":"Info","objectType":"File","timestamp":"2018-09-01T16:35:13.636Z","@timestamp":"2018-09-01T16:35:13.636Z","accountName":"Virtual Windows 10","computerName":"DESKTOP-MAC610T","source":"Microsoft-Windows-Security-Auditing","@context":"http://sepses.ifs.tuwien.ac.at/contexts/wineventlog.jsonld","@id":"http://example.org/logEntry#logEntry-b9252ab3-0568-4956-9c05-e30cb0858cef","processID":"0x1974","originatesFrom":{"hostName":{"name":"DESKTOP-MAC610T"},"@id":"http://example.org/sepses#f28bfcf1-3dfa-4974-9120-54f45a05e260","@type":"rdf:nodeID"},"accountDomain":"DESKTOP-MAC610T","handleID":"0x20c8","@type":"http://purl.org/sepses/vocab/log/wineventlog#WindowsEventLogEntry","accesses":"%%4423\n\t\t\t\t","objectServer":"Security","version":1}
,{"level":"Information","accessMask":"0x80","hasLogType":"wineventlog","eventID":4663,"resourceAttributes":"S:AI","logName":"Security","keyword":["Audit Success"],"taskCategory":"File System","logonID":"0x2230c","logMessage":"An attempt was made to access an object.\n\nSubject:\n\tSecurity ID:\t\tS-1-5-21-2889181789-4222170037-1347726928-1001\n\tAccount Name:\t\tVirtual Windows 10\n\tAccount Domain:\t\tDESKTOP-MAC610T\n\tLogon ID:\t\t0x2230C\n\nObject:\n\tObject Server:\t\tSecurity\n\tObject Type:\t\tFile\n\tObject Name:\t\tC:\\Users\\Virtual Windows 10\\Dropbox\n\tHandle ID:\t\t0x20c8\n\tResource Attributes:\tS:AI\n\nProcess Information:\n\tProcess ID:\t\t0x1974\n\tProcess Name:\t\tC:\\Program Files (x86)\\Dropbox\\Client\\Dropbox.exe\n\nAccess Request Information:\n\tAccesses:\t\tReadAttributes\n\t\t\t\t\n\tAccess Mask:\t\t0x80","processName":"C:\\Program Files (x86)\\Dropbox\\Client\\Dropbox.exe","objectName":"C:\\Users\\Virtual Windows 10\\Dropbox","upCode":"Info","objectType":"File","timestamp":"2018-09-01T16:35:13.636Z","@timestamp":"2018-09-01T16:35:13.636Z","accountName":"Virtual Windows 10","computerName":"DESKTOP-MAC610T","source":"Microsoft-Windows-Security-Auditing","@context":"http://sepses.ifs.tuwien.ac.at/contexts/wineventlog.jsonld","@id":"http://example.org/logEntry#logEntry-215263a7-1a1f-476a-ac5f-f3b1ad3c180b","processID":"0x1974","originatesFrom":{"hostName":{"name":"DESKTOP-MAC610T"},"@id":"http://example.org/sepses#0fa40ada-beb6-46ae-9fa0-89b8036ba709","@type":"rdf:nodeID"},"accountDomain":"DESKTOP-MAC610T","handleID":"0x20c8","@type":"http://purl.org/sepses/vocab/log/wineventlog#WindowsEventLogEntry","accesses":"%%4423\n\t\t\t\t","objectServer":"Security","version":1}
,{"level":"Information","accessMask":"0x80","hasLogType":"wineventlog","eventID":4663,"resourceAttributes":"S:AI","logName":"Security","keyword":["Audit Success"],"taskCategory":"File System","logonID":"0x2230c","logMessage":"An attempt was made to access an object.\n\nSubject:\n\tSecurity ID:\t\tS-1-5-21-2889181789-4222170037-1347726928-1001\n\tAccount Name:\t\tVirtual Windows 10\n\tAccount Domain:\t\tDESKTOP-MAC610T\n\tLogon ID:\t\t0x2230C\n\nObject:\n\tObject Server:\t\tSecurity\n\tObject Type:\t\tFile\n\tObject Name:\t\tC:\\Users\\Virtual Windows 10\\Dropbox\n\tHandle ID:\t\t0x20c8\n\tResource Attributes:\tS:AI\n\nProcess Information:\n\tProcess ID:\t\t0x1974\n\tProcess Name:\t\tC:\\Program Files (x86)\\Dropbox\\Client\\Dropbox.exe\n\nAccess Request Information:\n\tAccesses:\t\tReadAttributes\n\t\t\t\t\n\tAccess Mask:\t\t0x80","processName":"C:\\Program Files (x86)\\Dropbox\\Client\\Dropbox.exe","objectName":"C:\\Users\\Virtual Windows 10\\Dropbox","upCode":"Info","objectType":"File","timestamp":"2018-09-01T16:35:13.637Z","@timestamp":"2018-09-01T16:35:13.637Z","accountName":"Virtual Windows 10","computerName":"DESKTOP-MAC610T","source":"Microsoft-Windows-Security-Auditing","@context":"http://sepses.ifs.tuwien.ac.at/contexts/wineventlog.jsonld","@id":"http://example.org/logEntry#logEntry-1d21319e-f831-45ce-b8ba-88e35381a282","processID":"0x1974","originatesFrom":{"hostName":{"name":"DESKTOP-MAC610T"},"@id":"http://example.org/sepses#2288743d-21fd-4a95-a6f4-0501149daf99","@type":"rdf:nodeID"},"accountDomain":"DESKTOP-MAC610T","handleID":"0x20c8","@type":"http://purl.org/sepses/vocab/log/wineventlog#WindowsEventLogEntry","accesses":"%%4423\n\t\t\t\t","objectServer":"Security","version":1}
,{"level":"Information","accessMask":"0x80","hasLogType":"wineventlog","eventID":4663,"resourceAttributes":"S:AI","logName":"Security","keyword":["Audit Success"],"taskCategory":"File System","logonID":"0x2230c","logMessage":"An attempt was made to access an object.\n\nSubject:\n\tSecurity ID:\t\tS-1-5-21-2889181789-4222170037-1347726928-1001\n\tAccount Name:\t\tVirtual Windows 10\n\tAccount Domain:\t\tDESKTOP-MAC610T\n\tLogon ID:\t\t0x2230C\n\nObject:\n\tObject Server:\t\tSecurity\n\tObject Type:\t\tFile\n\tObject Name:\t\tC:\\Users\\Virtual Windows 10\\Dropbox\n\tHandle ID:\t\t0x20c8\n\tResource Attributes:\tS:AI\n\nProcess Information:\n\tProcess ID:\t\t0x1974\n\tProcess Name:\t\tC:\\Program Files (x86)\\Dropbox\\Client\\Dropbox.exe\n\nAccess Request Information:\n\tAccesses:\t\tReadAttributes\n\t\t\t\t\n\tAccess Mask:\t\t0x80","processName":"C:\\Program Files (x86)\\Dropbox\\Client\\Dropbox.exe","objectName":"C:\\Users\\Virtual Windows 10\\Dropbox","upCode":"Info","objectType":"File","timestamp":"2018-09-01T16:35:13.638Z","@timestamp":"2018-09-01T16:35:13.638Z","accountName":"Virtual Windows 10","computerName":"DESKTOP-MAC610T","source":"Microsoft-Windows-Security-Auditing","@context":"http://sepses.ifs.tuwien.ac.at/contexts/wineventlog.jsonld","@id":"http://example.org/logEntry#logEntry-baaf3f71-3b11-4555-bc88-6e49e112bc74","processID":"0x1974","originatesFrom":{"hostName":{"name":"DESKTOP-MAC610T"},"@id":"http://example.org/sepses#a2a520ae-ea39-4798-9426-9006609352ce","@type":"rdf:nodeID"},"accountDomain":"DESKTOP-MAC610T","handleID":"0x20c8","@type":"http://purl.org/sepses/vocab/log/wineventlog#WindowsEventLogEntry","accesses":"%%4423\n\t\t\t\t","objectServer":"Security","version":1}
,{"level":"Information","accessMask":"0x80","hasLogType":"wineventlog","eventID":4663,"resourceAttributes":"S:AI","logName":"Security","keyword":["Audit Success"],"taskCategory":"File System","logonID":"0x2230c","logMessage":"An attempt was made to access an object.\n\nSubject:\n\tSecurity ID:\t\tS-1-5-21-2889181789-4222170037-1347726928-1001\n\tAccount Name:\t\tVirtual Windows 10\n\tAccount Domain:\t\tDESKTOP-MAC610T\n\tLogon ID:\t\t0x2230C\n\nObject:\n\tObject Server:\t\tSecurity\n\tObject Type:\t\tFile\n\tObject Name:\t\tC:\\Users\\Virtual Windows 10\\Dropbox\n\tHandle ID:\t\t0x20c8\n\tResource Attributes:\tS:AI\n\nProcess Information:\n\tProcess ID:\t\t0x1974\n\tProcess Name:\t\tC:\\Program Files (x86)\\Dropbox\\Client\\Dropbox.exe\n\nAccess Request Information:\n\tAccesses:\t\tReadAttributes\n\t\t\t\t\n\tAccess Mask:\t\t0x80","processName":"C:\\Program Files (x86)\\Dropbox\\Client\\Dropbox.exe","objectName":"C:\\Users\\Virtual Windows 10\\Dropbox","upCode":"Info","objectType":"File","timestamp":"2018-09-01T16:35:13.638Z","@timestamp":"2018-09-01T16:35:13.638Z","accountName":"Virtual Windows 10","computerName":"DESKTOP-MAC610T","source":"Microsoft-Windows-Security-Auditing","@context":"http://sepses.ifs.tuwien.ac.at/contexts/wineventlog.jsonld","@id":"http://example.org/logEntry#logEntry-6ccdba94-594e-4606-926c-f5a3d3028ec4","processID":"0x1974","originatesFrom":{"hostName":{"name":"DESKTOP-MAC610T"},"@id":"http://example.org/sepses#741abf8e-8b51-4442-b72c-12cd0e7c5b88","@type":"rdf:nodeID"},"accountDomain":"DESKTOP-MAC610T","handleID":"0x20c8","@type":"http://purl.org/sepses/vocab/log/wineventlog#WindowsEventLogEntry","accesses":"%%4423\n\t\t\t\t","objectServer":"Security","version":1}
,{"level":"Information","accessMask":"0x80","hasLogType":"wineventlog","eventID":4663,"resourceAttributes":"S:AI","logName":"Security","keyword":["Audit Success"],"taskCategory":"File System","logonID":"0x2230c","logMessage":"An attempt was made to access an object.\n\nSubject:\n\tSecurity ID:\t\tS-1-5-21-2889181789-4222170037-1347726928-1001\n\tAccount Name:\t\tVirtual Windows 10\n\tAccount Domain:\t\tDESKTOP-MAC610T\n\tLogon ID:\t\t0x2230C\n\nObject:\n\tObject Server:\t\tSecurity\n\tObject Type:\t\tFile\n\tObject Name:\t\tC:\\Users\\Virtual Windows 10\\Dropbox\n\tHandle ID:\t\t0x20c8\n\tResource Attributes:\tS:AI\n\nProcess Information:\n\tProcess ID:\t\t0x1974\n\tProcess Name:\t\tC:\\Program Files (x86)\\Dropbox\\Client\\Dropbox.exe\n\nAccess Request Information:\n\tAccesses:\t\tReadAttributes\n\t\t\t\t\n\tAccess Mask:\t\t0x80","processName":"C:\\Program Files (x86)\\Dropbox\\Client\\Dropbox.exe","objectName":"C:\\Users\\Virtual Windows 10\\Dropbox","upCode":"Info","objectType":"File","timestamp":"2018-09-01T16:35:13.639Z","@timestamp":"2018-09-01T16:35:13.639Z","accountName":"Virtual Windows 10","computerName":"DESKTOP-MAC610T","source":"Microsoft-Windows-Security-Auditing","@context":"http://sepses.ifs.tuwien.ac.at/contexts/wineventlog.jsonld","@id":"http://example.org/logEntry#logEntry-8dbbc571-3f2d-4593-b8c2-4bc5a58aa02e","processID":"0x1974","originatesFrom":{"hostName":{"name":"DESKTOP-MAC610T"},"@id":"http://example.org/sepses#53833a44-7fd4-4bf3-adc1-cd120645315b","@type":"rdf:nodeID"},"accountDomain":"DESKTOP-MAC610T","handleID":"0x20c8","@type":"http://purl.org/sepses/vocab/log/wineventlog#WindowsEventLogEntry","accesses":"%%4423\n\t\t\t\t","objectServer":"Security","version":1}
,{"level":"Information","accessMask":"0x80","hasLogType":"wineventlog","eventID":4663,"resourceAttributes":"S:AI","logName":"Security","keyword":["Audit Success"],"taskCategory":"File System","logonID":"0x2230c","logMessage":"An attempt was made to access an object.\n\nSubject:\n\tSecurity ID:\t\tS-1-5-21-2889181789-4222170037-1347726928-1001\n\tAccount Name:\t\tVirtual Windows 10\n\tAccount Domain:\t\tDESKTOP-MAC610T\n\tLogon ID:\t\t0x2230C\n\nObject:\n\tObject Server:\t\tSecurity\n\tObject Type:\t\tFile\n\tObject Name:\t\tC:\\Users\\Virtual Windows 10\\Dropbox\n\tHandle ID:\t\t0x1fb4\n\tResource Attributes:\tS:AI\n\nProcess Information:\n\tProcess ID:\t\t0x1974\n\tProcess Name:\t\tC:\\Program Files (x86)\\Dropbox\\Client\\Dropbox.exe\n\nAccess Request Information:\n\tAccesses:\t\tReadAttributes\n\t\t\t\t\n\tAccess Mask:\t\t0x80","processName":"C:\\Program Files (x86)\\Dropbox\\Client\\Dropbox.exe","objectName":"C:\\Users\\Virtual Windows 10\\Dropbox","upCode":"Info","objectType":"File","timestamp":"2018-09-01T16:35:14.209Z","@timestamp":"2018-09-01T16:35:14.209Z","accountName":"Virtual Windows 10","computerName":"DESKTOP-MAC610T","source":"Microsoft-Windows-Security-Auditing","@context":"http://sepses.ifs.tuwien.ac.at/contexts/wineventlog.jsonld","@id":"http://example.org/logEntry#logEntry-68a7f49d-75b1-4556-83e9-b9c749988bc4","processID":"0x1974","originatesFrom":{"hostName":{"name":"DESKTOP-MAC610T"},"@id":"http://example.org/sepses#70809870-f677-47c6-a75f-4e83d0fc123e","@type":"rdf:nodeID"},"accountDomain":"DESKTOP-MAC610T","handleID":"0x1fb4","@type":"http://purl.org/sepses/vocab/log/wineventlog#WindowsEventLogEntry","accesses":"%%4423\n\t\t\t\t","objectServer":"Security","version":1}
,{"level":"Information","accessMask":"0x80","hasLogType":"wineventlog","eventID":4663,"resourceAttributes":"S:AI","logName":"Security","keyword":["Audit Success"],"taskCategory":"File System","logonID":"0x2230c","logMessage":"An attempt was made to access an object.\n\nSubject:\n\tSecurity ID:\t\tS-1-5-21-2889181789-4222170037-1347726928-1001\n\tAccount Name:\t\tVirtual Windows 10\n\tAccount Domain:\t\tDESKTOP-MAC610T\n\tLogon ID:\t\t0x2230C\n\nObject:\n\tObject Server:\t\tSecurity\n\tObject Type:\t\tFile\n\tObject Name:\t\tC:\\Users\\Virtual Windows 10\\Dropbox\n\tHandle ID:\t\t0x1fb4\n\tResource Attributes:\tS:AI\n\nProcess Information:\n\tProcess ID:\t\t0x1974\n\tProcess Name:\t\tC:\\Program Files (x86)\\Dropbox\\Client\\Dropbox.exe\n\nAccess Request Information:\n\tAccesses:\t\tReadAttributes\n\t\t\t\t\n\tAccess Mask:\t\t0x80","processName":"C:\\Program Files (x86)\\Dropbox\\Client\\Dropbox.exe","objectName":"C:\\Users\\Virtual Windows 10\\Dropbox","upCode":"Info","objectType":"File","timestamp":"2018-09-01T16:35:14.210Z","@timestamp":"2018-09-01T16:35:14.210Z","accountName":"Virtual Windows 10","computerName":"DESKTOP-MAC610T","source":"Microsoft-Windows-Security-Auditing","@context":"http://sepses.ifs.tuwien.ac.at/contexts/wineventlog.jsonld","@id":"http://example.org/logEntry#logEntry-a60ddc94-a1a2-4728-813b-208822a17e69","processID":"0x1974","originatesFrom":{"hostName":{"name":"DESKTOP-MAC610T"},"@id":"http://example.org/sepses#00560b3a-7500-4e93-8fa5-61662b0c1333","@type":"rdf:nodeID"},"accountDomain":"DESKTOP-MAC610T","handleID":"0x1fb4","@type":"http://purl.org/sepses/vocab/log/wineventlog#WindowsEventLogEntry","accesses":"%%4423\n\t\t\t\t","objectServer":"Security","version":1}
,{"level":"Information","accessMask":"0x80","hasLogType":"wineventlog","eventID":4663,"resourceAttributes":"S:AI","logName":"Security","keyword":["Audit Success"],"taskCategory":"File System","logonID":"0x2230c","logMessage":"An attempt was made to access an object.\n\nSubject:\n\tSecurity ID:\t\tS-1-5-21-2889181789-4222170037-1347726928-1001\n\tAccount Name:\t\tVirtual Windows 10\n\tAccount Domain:\t\tDESKTOP-MAC610T\n\tLogon ID:\t\t0x2230C\n\nObject:\n\tObject Server:\t\tSecurity\n\tObject Type:\t\tFile\n\tObject Name:\t\tC:\\Users\\Virtual Windows 10\\Dropbox\n\tHandle ID:\t\t0x1fb4\n\tResource Attributes:\tS:AI\n\nProcess Information:\n\tProcess ID:\t\t0x1974\n\tProcess Name:\t\tC:\\Program Files (x86)\\Dropbox\\Client\\Dropbox.exe\n\nAccess Request Information:\n\tAccesses:\t\tReadAttributes\n\t\t\t\t\n\tAccess Mask:\t\t0x80","processName":"C:\\Program Files (x86)\\Dropbox\\Client\\Dropbox.exe","objectName":"C:\\Users\\Virtual Windows 10\\Dropbox","upCode":"Info","objectType":"File","timestamp":"2018-09-01T16:35:14.210Z","@timestamp":"2018-09-01T16:35:14.210Z","accountName":"Virtual Windows 10","computerName":"DESKTOP-MAC610T","source":"Microsoft-Windows-Security-Auditing","@context":"http://sepses.ifs.tuwien.ac.at/contexts/wineventlog.jsonld","@id":"http://example.org/logEntry#logEntry-1aaf8f0b-8ebe-4802-bfad-bcc4cf801885","processID":"0x1974","originatesFrom":{"hostName":{"name":"DESKTOP-MAC610T"},"@id":"http://example.org/sepses#2d8b5385-9945-401f-bddd-6ab42fda9edb","@type":"rdf:nodeID"},"accountDomain":"DESKTOP-MAC610T","handleID":"0x1fb4","@type":"http://purl.org/sepses/vocab/log/wineventlog#WindowsEventLogEntry","accesses":"%%4423\n\t\t\t\t","objectServer":"Security","version":1}
,{"level":"Information","accessMask":"0x80","hasLogType":"wineventlog","eventID":4663,"resourceAttributes":"S:AI","logName":"Security","keyword":["Audit Success"],"taskCategory":"File System","logonID":"0x2230c","logMessage":"An attempt was made to access an object.\n\nSubject:\n\tSecurity ID:\t\tS-1-5-21-2889181789-4222170037-1347726928-1001\n\tAccount Name:\t\tVirtual Windows 10\n\tAccount Domain:\t\tDESKTOP-MAC610T\n\tLogon ID:\t\t0x2230C\n\nObject:\n\tObject Server:\t\tSecurity\n\tObject Type:\t\tFile\n\tObject Name:\t\tC:\\Users\\Virtual Windows 10\\Dropbox\n\tHandle ID:\t\t0x2e1c\n\tResource Attributes:\tS:AI\n\nProcess Information:\n\tProcess ID:\t\t0xc88\n\tProcess Name:\t\tC:\\Windows\\explorer.exe\n\nAccess Request Information:\n\tAccesses:\t\tReadAttributes\n\t\t\t\t\n\tAccess Mask:\t\t0x80","processName":"C:\\Windows\\explorer.exe","objectName":"C:\\Users\\Virtual Windows 10\\Dropbox","upCode":"Info","objectType":"File","timestamp":"2018-09-01T16:35:14.341Z","@timestamp":"2018-09-01T16:35:14.341Z","accountName":"Virtual Windows 10","computerName":"DESKTOP-MAC610T","source":"Microsoft-Windows-Security-Auditing","@context":"http://sepses.ifs.tuwien.ac.at/contexts/wineventlog.jsonld","@id":"http://example.org/logEntry#logEntry-4f28efd0-5ed7-41b8-b7c6-8786e0b812b1","processID":"0xc88","originatesFrom":{"hostName":{"name":"DESKTOP-MAC610T"},"@id":"http://example.org/sepses#cd173d36-892f-4897-909a-b23fff511307","@type":"rdf:nodeID"},"accountDomain":"DESKTOP-MAC610T","handleID":"0x2e1c","@type":"http://purl.org/sepses/vocab/log/wineventlog#WindowsEventLogEntry","accesses":"%%4423\n\t\t\t\t","objectServer":"Security","version":1}
,{"level":"Information","accessMask":"0x80","hasLogType":"wineventlog","eventID":4663,"resourceAttributes":"S:AI","logName":"Security","keyword":["Audit Success"],"taskCategory":"File System","logonID":"0x2230c","logMessage":"An attempt was made to access an object.\n\nSubject:\n\tSecurity ID:\t\tS-1-5-21-2889181789-4222170037-1347726928-1001\n\tAccount Name:\t\tVirtual Windows 10\n\tAccount Domain:\t\tDESKTOP-MAC610T\n\tLogon ID:\t\t0x2230C\n\nObject:\n\tObject Server:\t\tSecurity\n\tObject Type:\t\tFile\n\tObject Name:\t\tC:\\Users\\Virtual Windows 10\\UserDocuments\n\tHandle ID:\t\t0xd94\n\tResource Attributes:\tS:AI\n\nProcess Information:\n\tProcess ID:\t\t0xc88\n\tProcess Name:\t\tC:\\Windows\\explorer.exe\n\nAccess Request Information:\n\tAccesses:\t\tReadAttributes\n\t\t\t\t\n\tAccess Mask:\t\t0x80","processName":"C:\\Windows\\explorer.exe","objectName":"C:\\Users\\Virtual Windows 10\\UserDocuments","upCode":"Info","objectType":"File","timestamp":"2018-09-01T16:35:14.392Z","@timestamp":"2018-09-01T16:35:14.392Z","accountName":"Virtual Windows 10","computerName":"DESKTOP-MAC610T","source":"Microsoft-Windows-Security-Auditing","@context":"http://sepses.ifs.tuwien.ac.at/contexts/wineventlog.jsonld","@id":"http://example.org/logEntry#logEntry-f9342518-c227-41a2-919e-e3fc1707fd1f","processID":"0xc88","originatesFrom":{"hostName":{"name":"DESKTOP-MAC610T"},"@id":"http://example.org/sepses#0c4b1b4c-cf55-4b57-a42c-2623cecd7bec","@type":"rdf:nodeID"},"accountDomain":"DESKTOP-MAC610T","handleID":"0xd94","@type":"http://purl.org/sepses/vocab/log/wineventlog#WindowsEventLogEntry","accesses":"%%4423\n\t\t\t\t","objectServer":"Security","version":1}
,{"level":"Information","accessMask":"0x80","hasLogType":"wineventlog","eventID":4663,"resourceAttributes":"S:AI","logName":"Security","keyword":["Audit Success"],"taskCategory":"File System","logonID":"0x2230c","logMessage":"An attempt was made to access an object.\n\nSubject:\n\tSecurity ID:\t\tS-1-5-21-2889181789-4222170037-1347726928-1001\n\tAccount Name:\t\tVirtual Windows 10\n\tAccount Domain:\t\tDESKTOP-MAC610T\n\tLogon ID:\t\t0x2230C\n\nObject:\n\tObject Server:\t\tSecurity\n\tObject Type:\t\tFile\n\tObject Name:\t\tC:\\Users\\Virtual Windows 10\\UserDocuments\n\tHandle ID:\t\t0x1f94\n\tResource Attributes:\tS:AI\n\nProcess Information:\n\tProcess ID:\t\t0xc88\n\tProcess Name:\t\tC:\\Windows\\explorer.exe\n\nAccess Request Information:\n\tAccesses:\t\tReadAttributes\n\t\t\t\t\n\tAccess Mask:\t\t0x80","processName":"C:\\Windows\\explorer.exe","objectName":"C:\\Users\\Virtual Windows 10\\UserDocuments","upCode":"Info","objectType":"File","timestamp":"2018-09-01T16:35:16.121Z","@timestamp":"2018-09-01T16:35:16.121Z","accountName":"Virtual Windows 10","computerName":"DESKTOP-MAC610T","source":"Microsoft-Windows-Security-Auditing","@context":"http://sepses.ifs.tuwien.ac.at/contexts/wineventlog.jsonld","@id":"http://example.org/logEntry#logEntry-e2a7ff76-7637-4981-b451-d376effe29d9","processID":"0xc88","originatesFrom":{"hostName":{"name":"DESKTOP-MAC610T"},"@id":"http://example.org/sepses#d9048bab-b4a0-4cfd-a4b5-5d65db42a912","@type":"rdf:nodeID"},"accountDomain":"DESKTOP-MAC610T","handleID":"0x1f94","@type":"http://purl.org/sepses/vocab/log/wineventlog#WindowsEventLogEntry","accesses":"%%4423\n\t\t\t\t","objectServer":"Security","version":1}
,{"level":"Information","accessMask":"0x80","hasLogType":"wineventlog","eventID":4663,"resourceAttributes":"S:AI","logName":"Security","keyword":["Audit Success"],"taskCategory":"File System","logonID":"0x2230c","logMessage":"An attempt was made to access an object.\n\nSubject:\n\tSecurity ID:\t\tS-1-5-21-2889181789-4222170037-1347726928-1001\n\tAccount Name:\t\tVirtual Windows 10\n\tAccount Domain:\t\tDESKTOP-MAC610T\n\tLogon ID:\t\t0x2230C\n\nObject:\n\tObject Server:\t\tSecurity\n\tObject Type:\t\tFile\n\tObject Name:\t\tC:\\Users\\Virtual Windows 10\\UserDocuments\n\tHandle ID:\t\t0x1f94\n\tResource Attributes:\tS:AI\n\nProcess Information:\n\tProcess ID:\t\t0xc88\n\tProcess Name:\t\tC:\\Windows\\explorer.exe\n\nAccess Request Information:\n\tAccesses:\t\tReadAttributes\n\t\t\t\t\n\tAccess Mask:\t\t0x80","processName":"C:\\Windows\\explorer.exe","objectName":"C:\\Users\\Virtual Windows 10\\UserDocuments","upCode":"Info","objectType":"File","timestamp":"2018-09-01T16:35:16.122Z","@timestamp":"2018-09-01T16:35:16.122Z","accountName":"Virtual Windows 10","computerName":"DESKTOP-MAC610T","source":"Microsoft-Windows-Security-Auditing","@context":"http://sepses.ifs.tuwien.ac.at/contexts/wineventlog.jsonld","@id":"http://example.org/logEntry#logEntry-0b0ba33e-b430-4f52-974a-2e22f5d820fd","processID":"0xc88","originatesFrom":{"hostName":{"name":"DESKTOP-MAC610T"},"@id":"http://example.org/sepses#6abf7b29-3747-4d3e-982c-55f9b183c856","@type":"rdf:nodeID"},"accountDomain":"DESKTOP-MAC610T","handleID":"0x1f94","@type":"http://purl.org/sepses/vocab/log/wineventlog#WindowsEventLogEntry","accesses":"%%4423\n\t\t\t\t","objectServer":"Security","version":1}
,{"level":"Information","accessMask":"0x80","hasLogType":"wineventlog","eventID":4663,"resourceAttributes":"S:AI","logName":"Security","keyword":["Audit Success"],"taskCategory":"File System","logonID":"0x2230c","logMessage":"An attempt was made to access an object.\n\nSubject:\n\tSecurity ID:\t\tS-1-5-21-2889181789-4222170037-1347726928-1001\n\tAccount Name:\t\tVirtual Windows 10\n\tAccount Domain:\t\tDESKTOP-MAC610T\n\tLogon ID:\t\t0x2230C\n\nObject:\n\tObject Server:\t\tSecurity\n\tObject Type:\t\tFile\n\tObject Name:\t\tC:\\Users\\Virtual Windows 10\\UserDocuments\n\tHandle ID:\t\t0x9d0\n\tResource Attributes:\tS:AI\n\nProcess Information:\n\tProcess ID:\t\t0xc88\n\tProcess Name:\t\tC:\\Windows\\explorer.exe\n\nAccess Request Information:\n\tAccesses:\t\tReadAttributes\n\t\t\t\t\n\tAccess Mask:\t\t0x80","processName":"C:\\Windows\\explorer.exe","objectName":"C:\\Users\\Virtual Windows 10\\UserDocuments","upCode":"Info","objectType":"File","timestamp":"2018-09-01T16:35:16.346Z","@timestamp":"2018-09-01T16:35:16.346Z","accountName":"Virtual Windows 10","computerName":"DESKTOP-MAC610T","source":"Microsoft-Windows-Security-Auditing","@context":"http://sepses.ifs.tuwien.ac.at/contexts/wineventlog.jsonld","@id":"http://example.org/logEntry#logEntry-cbd2f91d-24fa-4940-ad69-d8f9c62a9155","processID":"0xc88","originatesFrom":{"hostName":{"name":"DESKTOP-MAC610T"},"@id":"http://example.org/sepses#1a4ac65d-e79f-4455-97b1-dcd60be8bad1","@type":"rdf:nodeID"},"accountDomain":"DESKTOP-MAC610T","handleID":"0x9d0","@type":"http://purl.org/sepses/vocab/log/wineventlog#WindowsEventLogEntry","accesses":"%%4423\n\t\t\t\t","objectServer":"Security","version":1}
,{"level":"Information","accessMask":"0x80","hasLogType":"wineventlog","eventID":4663,"resourceAttributes":"S:AI","logName":"Security","keyword":["Audit Success"],"taskCategory":"File System","logonID":"0x2230c","logMessage":"An attempt was made to access an object.\n\nSubject:\n\tSecurity ID:\t\tS-1-5-21-2889181789-4222170037-1347726928-1001\n\tAccount Name:\t\tVirtual Windows 10\n\tAccount Domain:\t\tDESKTOP-MAC610T\n\tLogon ID:\t\t0x2230C\n\nObject:\n\tObject Server:\t\tSecurity\n\tObject Type:\t\tFile\n\tObject Name:\t\tC:\\Users\\Virtual Windows 10\\UserDocuments\n\tHandle ID:\t\t0x9d0\n\tResource Attributes:\tS:AI\n\nProcess Information:\n\tProcess ID:\t\t0xc88\n\tProcess Name:\t\tC:\\Windows\\explorer.exe\n\nAccess Request Information:\n\tAccesses:\t\tReadAttributes\n\t\t\t\t\n\tAccess Mask:\t\t0x80","processName":"C:\\Windows\\explorer.exe","objectName":"C:\\Users\\Virtual Windows 10\\UserDocuments","upCode":"Info","objectType":"File","timestamp":"2018-09-01T16:35:16.347Z","@timestamp":"2018-09-01T16:35:16.347Z","accountName":"Virtual Windows 10","computerName":"DESKTOP-MAC610T","source":"Microsoft-Windows-Security-Auditing","@context":"http://sepses.ifs.tuwien.ac.at/contexts/wineventlog.jsonld","@id":"http://example.org/logEntry#logEntry-4b211a37-b3c6-4fe1-9fda-fe8f2d20a77b","processID":"0xc88","originatesFrom":{"hostName":{"name":"DESKTOP-MAC610T"},"@id":"http://example.org/sepses#42fee7be-d70f-4ec4-90e3-7c579b14e06d","@type":"rdf:nodeID"},"accountDomain":"DESKTOP-MAC610T","handleID":"0x9d0","@type":"http://purl.org/sepses/vocab/log/wineventlog#WindowsEventLogEntry","accesses":"%%4423\n\t\t\t\t","objectServer":"Security","version":1}
,{"level":"Information","accessMask":"0x80","hasLogType":"wineventlog","eventID":4663,"resourceAttributes":"S:AI","logName":"Security","keyword":["Audit Success"],"taskCategory":"File System","logonID":"0x2230c","logMessage":"An attempt was made to access an object.\n\nSubject:\n\tSecurity ID:\t\tS-1-5-21-2889181789-4222170037-1347726928-1001\n\tAccount Name:\t\tVirtual Windows 10\n\tAccount Domain:\t\tDESKTOP-MAC610T\n\tLogon ID:\t\t0x2230C\n\nObject:\n\tObject Server:\t\tSecurity\n\tObject Type:\t\tFile\n\tObject Name:\t\tC:\\Users\\Virtual Windows 10\\Dropbox\n\tHandle ID:\t\t0x2ec0\n\tResource Attributes:\tS:AI\n\nProcess Information:\n\tProcess ID:\t\t0xc88\n\tProcess Name:\t\tC:\\Windows\\explorer.exe\n\nAccess Request Information:\n\tAccesses:\t\tReadAttributes\n\t\t\t\t\n\tAccess Mask:\t\t0x80","processName":"C:\\Windows\\explorer.exe","objectName":"C:\\Users\\Virtual Windows 10\\Dropbox","upCode":"Info","objectType":"File","timestamp":"2018-09-01T16:35:16.403Z","@timestamp":"2018-09-01T16:35:16.403Z","accountName":"Virtual Windows 10","computerName":"DESKTOP-MAC610T","source":"Microsoft-Windows-Security-Auditing","@context":"http://sepses.ifs.tuwien.ac.at/contexts/wineventlog.jsonld","@id":"http://example.org/logEntry#logEntry-01663ea6-66b2-4f04-be0c-d63c38d51996","processID":"0xc88","originatesFrom":{"hostName":{"name":"DESKTOP-MAC610T"},"@id":"http://example.org/sepses#bdf52a8e-22c6-41ee-b52e-de1ab29450c2","@type":"rdf:nodeID"},"accountDomain":"DESKTOP-MAC610T","handleID":"0x2ec0","@type":"http://purl.org/sepses/vocab/log/wineventlog#WindowsEventLogEntry","accesses":"%%4423\n\t\t\t\t","objectServer":"Security","version":1}
,{"level":"Information","accessMask":"0x80","hasLogType":"wineventlog","eventID":4663,"resourceAttributes":"S:AI","logName":"Security","keyword":["Audit Success"],"taskCategory":"File System","logonID":"0x2230c","logMessage":"An attempt was made to access an object.\n\nSubject:\n\tSecurity ID:\t\tS-1-5-21-2889181789-4222170037-1347726928-1001\n\tAccount Name:\t\tVirtual Windows 10\n\tAccount Domain:\t\tDESKTOP-MAC610T\n\tLogon ID:\t\t0x2230C\n\nObject:\n\tObject Server:\t\tSecurity\n\tObject Type:\t\tFile\n\tObject Name:\t\tC:\\Users\\Virtual Windows 10\\UserDocuments\n\tHandle ID:\t\t0x2d34\n\tResource Attributes:\tS:AI\n\nProcess Information:\n\tProcess ID:\t\t0xc88\n\tProcess Name:\t\tC:\\Windows\\explorer.exe\n\nAccess Request Information:\n\tAccesses:\t\tReadAttributes\n\t\t\t\t\n\tAccess Mask:\t\t0x80","processName":"C:\\Windows\\explorer.exe","objectName":"C:\\Users\\Virtual Windows 10\\UserDocuments","upCode":"Info","objectType":"File","timestamp":"2018-09-01T16:35:16.405Z","@timestamp":"2018-09-01T16:35:16.405Z","accountName":"Virtual Windows 10","computerName":"DESKTOP-MAC610T","source":"Microsoft-Windows-Security-Auditing","@context":"http://sepses.ifs.tuwien.ac.at/contexts/wineventlog.jsonld","@id":"http://example.org/logEntry#logEntry-f1af0d40-6a0d-4278-ac99-db4e1106bc23","processID":"0xc88","originatesFrom":{"hostName":{"name":"DESKTOP-MAC610T"},"@id":"http://example.org/sepses#7571b3af-898c-4a6c-a31a-e7ca496bd879","@type":"rdf:nodeID"},"accountDomain":"DESKTOP-MAC610T","handleID":"0x2d34","@type":"http://purl.org/sepses/vocab/log/wineventlog#WindowsEventLogEntry","accesses":"%%4423\n\t\t\t\t","objectServer":"Security","version":1}
,{"level":"Information","accessMask":"0x80","hasLogType":"wineventlog","eventID":4663,"resourceAttributes":"S:AI","logName":"Security","keyword":["Audit Success"],"taskCategory":"File System","logonID":"0x2230c","logMessage":"An attempt was made to access an object.\n\nSubject:\n\tSecurity ID:\t\tS-1-5-21-2889181789-4222170037-1347726928-1001\n\tAccount Name:\t\tVirtual Windows 10\n\tAccount Domain:\t\tDESKTOP-MAC610T\n\tLogon ID:\t\t0x2230C\n\nObject:\n\tObject Server:\t\tSecurity\n\tObject Type:\t\tFile\n\tObject Name:\t\tC:\\Users\\Virtual Windows 10\\UserDocuments\n\tHandle ID:\t\t0x2d34\n\tResource Attributes:\tS:AI\n\nProcess Information:\n\tProcess ID:\t\t0xc88\n\tProcess Name:\t\tC:\\Windows\\explorer.exe\n\nAccess Request Information:\n\tAccesses:\t\tReadAttributes\n\t\t\t\t\n\tAccess Mask:\t\t0x80","processName":"C:\\Windows\\explorer.exe","objectName":"C:\\Users\\Virtual Windows 10\\UserDocuments","upCode":"Info","objectType":"File","timestamp":"2018-09-01T16:35:16.467Z","@timestamp":"2018-09-01T16:35:16.467Z","accountName":"Virtual Windows 10","computerName":"DESKTOP-MAC610T","source":"Microsoft-Windows-Security-Auditing","@context":"http://sepses.ifs.tuwien.ac.at/contexts/wineventlog.jsonld","@id":"http://example.org/logEntry#logEntry-d5468b7d-49bb-44d3-b5e8-84073d0ea66a","processID":"0xc88","originatesFrom":{"hostName":{"name":"DESKTOP-MAC610T"},"@id":"http://example.org/sepses#51b83a98-3615-4feb-a8e7-2283087a6281","@type":"rdf:nodeID"},"accountDomain":"DESKTOP-MAC610T","handleID":"0x2d34","@type":"http://purl.org/sepses/vocab/log/wineventlog#WindowsEventLogEntry","accesses":"%%4423\n\t\t\t\t","objectServer":"Security","version":1}
,{"level":"Information","accessMask":"0x80","hasLogType":"wineventlog","eventID":4663,"resourceAttributes":"S:AI","logName":"Security","keyword":["Audit Success"],"taskCategory":"File System","logonID":"0x2230c","logMessage":"An attempt was made to access an object.\n\nSubject:\n\tSecurity ID:\t\tS-1-5-21-2889181789-4222170037-1347726928-1001\n\tAccount Name:\t\tVirtual Windows 10\n\tAccount Domain:\t\tDESKTOP-MAC610T\n\tLogon ID:\t\t0x2230C\n\nObject:\n\tObject Server:\t\tSecurity\n\tObject Type:\t\tFile\n\tObject Name:\t\tC:\\Users\\Virtual Windows 10\\UserDocuments\n\tHandle ID:\t\t0x2d34\n\tResource Attributes:\tS:AI\n\nProcess Information:\n\tProcess ID:\t\t0xc88\n\tProcess Name:\t\tC:\\Windows\\explorer.exe\n\nAccess Request Information:\n\tAccesses:\t\tReadAttributes\n\t\t\t\t\n\tAccess Mask:\t\t0x80","processName":"C:\\Windows\\explorer.exe","objectName":"C:\\Users\\Virtual Windows 10\\UserDocuments","upCode":"Info","objectType":"File","timestamp":"2018-09-01T16:35:16.467Z","@timestamp":"2018-09-01T16:35:16.467Z","accountName":"Virtual Windows 10","computerName":"DESKTOP-MAC610T","source":"Microsoft-Windows-Security-Auditing","@context":"http://sepses.ifs.tuwien.ac.at/contexts/wineventlog.jsonld","@id":"http://example.org/logEntry#logEntry-beb066ff-31bd-44be-bc45-b78b8abd0e23","processID":"0xc88","originatesFrom":{"hostName":{"name":"DESKTOP-MAC610T"},"@id":"http://example.org/sepses#415bd726-2aeb-4539-a7f0-b743d6dc1a65","@type":"rdf:nodeID"},"accountDomain":"DESKTOP-MAC610T","handleID":"0x2d34","@type":"http://purl.org/sepses/vocab/log/wineventlog#WindowsEventLogEntry","accesses":"%%4423\n\t\t\t\t","objectServer":"Security","version":1}
,{"level":"Information","accessMask":"0x80","hasLogType":"wineventlog","eventID":4663,"resourceAttributes":"S:AI","logName":"Security","keyword":["Audit Success"],"taskCategory":"File System","logonID":"0x2230c","logMessage":"An attempt was made to access an object.\n\nSubject:\n\tSecurity ID:\t\tS-1-5-21-2889181789-4222170037-1347726928-1001\n\tAccount Name:\t\tVirtual Windows 10\n\tAccount Domain:\t\tDESKTOP-MAC610T\n\tLogon ID:\t\t0x2230C\n\nObject:\n\tObject Server:\t\tSecurity\n\tObject Type:\t\tFile\n\tObject Name:\t\tC:\\Users\\Virtual Windows 10\\UserDocuments\n\tHandle ID:\t\t0x2ca4\n\tResource Attributes:\tS:AI\n\nProcess Information:\n\tProcess ID:\t\t0xc88\n\tProcess Name:\t\tC:\\Windows\\explorer.exe\n\nAccess Request Information:\n\tAccesses:\t\tReadAttributes\n\t\t\t\t\n\tAccess Mask:\t\t0x80","processName":"C:\\Windows\\explorer.exe","objectName":"C:\\Users\\Virtual Windows 10\\UserDocuments","upCode":"Info","objectType":"File","timestamp":"2018-09-01T16:35:17.979Z","@timestamp":"2018-09-01T16:35:17.979Z","accountName":"Virtual Windows 10","computerName":"DESKTOP-MAC610T","source":"Microsoft-Windows-Security-Auditing","@context":"http://sepses.ifs.tuwien.ac.at/contexts/wineventlog.jsonld","@id":"http://example.org/logEntry#logEntry-8dbacef7-5ead-41dc-b403-a4dea458d3a9","processID":"0xc88","originatesFrom":{"hostName":{"name":"DESKTOP-MAC610T"},"@id":"http://example.org/sepses#d127ec77-3e44-48ad-8ff2-3780d18d7840","@type":"rdf:nodeID"},"accountDomain":"DESKTOP-MAC610T","handleID":"0x2ca4","@type":"http://purl.org/sepses/vocab/log/wineventlog#WindowsEventLogEntry","accesses":"%%4423\n\t\t\t\t","objectServer":"Security","version":1}
,{"level":"Information","accessMask":"0x80","hasLogType":"wineventlog","eventID":4663,"resourceAttributes":"S:AI","logName":"Security","keyword":["Audit Success"],"taskCategory":"File System","logonID":"0x2230c","logMessage":"An attempt was made to access an object.\n\nSubject:\n\tSecurity ID:\t\tS-1-5-21-2889181789-4222170037-1347726928-1001\n\tAccount Name:\t\tVirtual Windows 10\n\tAccount Domain:\t\tDESKTOP-MAC610T\n\tLogon ID:\t\t0x2230C\n\nObject:\n\tObject Server:\t\tSecurity\n\tObject Type:\t\tFile\n\tObject Name:\t\tC:\\Users\\Virtual Windows 10\\UserDocuments\n\tHandle ID:\t\t0x2ca4\n\tResource Attributes:\tS:AI\n\nProcess Information:\n\tProcess ID:\t\t0xc88\n\tProcess Name:\t\tC:\\Windows\\explorer.exe\n\nAccess Request Information:\n\tAccesses:\t\tReadAttributes\n\t\t\t\t\n\tAccess Mask:\t\t0x80","processName":"C:\\Windows\\explorer.exe","objectName":"C:\\Users\\Virtual Windows 10\\UserDocuments","upCode":"Info","objectType":"File","timestamp":"2018-09-01T16:35:17.979Z","@timestamp":"2018-09-01T16:35:17.979Z","accountName":"Virtual Windows 10","computerName":"DESKTOP-MAC610T","source":"Microsoft-Windows-Security-Auditing","@context":"http://sepses.ifs.tuwien.ac.at/contexts/wineventlog.jsonld","@id":"http://example.org/logEntry#logEntry-fddf9fdc-5f9b-41fc-9bf2-e625373f185d","processID":"0xc88","originatesFrom":{"hostName":{"name":"DESKTOP-MAC610T"},"@id":"http://example.org/sepses#a46df312-51f5-438c-8c13-b357d9328ba4","@type":"rdf:nodeID"},"accountDomain":"DESKTOP-MAC610T","handleID":"0x2ca4","@type":"http://purl.org/sepses/vocab/log/wineventlog#WindowsEventLogEntry","accesses":"%%4423\n\t\t\t\t","objectServer":"Security","version":1}
,{"level":"Information","accessMask":"0x80","hasLogType":"wineventlog","eventID":4663,"resourceAttributes":"S:AI","logName":"Security","keyword":["Audit Success"],"taskCategory":"File System","logonID":"0x2230c","logMessage":"An attempt was made to access an object.\n\nSubject:\n\tSecurity ID:\t\tS-1-5-21-2889181789-4222170037-1347726928-1001\n\tAccount Name:\t\tVirtual Windows 10\n\tAccount Domain:\t\tDESKTOP-MAC610T\n\tLogon ID:\t\t0x2230C\n\nObject:\n\tObject Server:\t\tSecurity\n\tObject Type:\t\tFile\n\tObject Name:\t\tC:\\Users\\Virtual Windows 10\\UserDocuments\\wordpad_rename.rtf\n\tHandle ID:\t\t0xe94\n\tResource Attributes:\tS:AI\n\nProcess Information:\n\tProcess ID:\t\t0xc88\n\tProcess Name:\t\tC:\\Windows\\explorer.exe\n\nAccess Request Information:\n\tAccesses:\t\tReadAttributes\n\t\t\t\t\n\tAccess Mask:\t\t0x80","processName":"C:\\Windows\\explorer.exe","objectName":"C:\\Users\\Virtual Windows 10\\UserDocuments\\wordpad_rename.rtf","upCode":"Info","objectType":"File","timestamp":"2018-09-01T16:35:19.252Z","@timestamp":"2018-09-01T16:35:19.252Z","accountName":"Virtual Windows 10","computerName":"DESKTOP-MAC610T","source":"Microsoft-Windows-Security-Auditing","@context":"http://sepses.ifs.tuwien.ac.at/contexts/wineventlog.jsonld","@id":"http://example.org/logEntry#logEntry-c92567be-63c2-422a-a1bb-fac807bbf96e","processID":"0xc88","originatesFrom":{"hostName":{"name":"DESKTOP-MAC610T"},"@id":"http://example.org/sepses#2b85780d-4c8c-4066-9cdc-3f3e594d2994","@type":"rdf:nodeID"},"accountDomain":"DESKTOP-MAC610T","handleID":"0xe94","@type":"http://purl.org/sepses/vocab/log/wineventlog#WindowsEventLogEntry","accesses":"%%4423\n\t\t\t\t","objectServer":"Security","version":1}
,{"level":"Information","accessMask":"0x10000","hasLogType":"wineventlog","eventID":4663,"resourceAttributes":"S:AI","logName":"Security","keyword":["Audit Success"],"taskCategory":"File System","logonID":"0x2230c","logMessage":"An attempt was made to access an object.\n\nSubject:\n\tSecurity ID:\t\tS-1-5-21-2889181789-4222170037-1347726928-1001\n\tAccount Name:\t\tVirtual Windows 10\n\tAccount Domain:\t\tDESKTOP-MAC610T\n\tLogon ID:\t\t0x2230C\n\nObject:\n\tObject Server:\t\tSecurity\n\tObject Type:\t\tFile\n\tObject Name:\t\tC:\\Users\\Virtual Windows 10\\UserDocuments\\wordpad_rename.rtf\n\tHandle ID:\t\t0xe94\n\tResource Attributes:\tS:AI\n\nProcess Information:\n\tProcess ID:\t\t0xc88\n\tProcess Name:\t\tC:\\Windows\\explorer.exe\n\nAccess Request Information:\n\tAccesses:\t\tDELETE\n\t\t\t\t\n\tAccess Mask:\t\t0x10000","processName":"C:\\Windows\\explorer.exe","objectName":"C:\\Users\\Virtual Windows 10\\UserDocuments\\wordpad_rename.rtf","upCode":"Info","objectType":"File","timestamp":"2018-09-01T16:35:19.252Z","@timestamp":"2018-09-01T16:35:19.252Z","accountName":"Virtual Windows 10","computerName":"DESKTOP-MAC610T","source":"Microsoft-Windows-Security-Auditing","@context":"http://sepses.ifs.tuwien.ac.at/contexts/wineventlog.jsonld","@id":"http://example.org/logEntry#logEntry-d9dd6766-ea85-4168-b827-8f51ea8b1d71","processID":"0xc88","originatesFrom":{"hostName":{"name":"DESKTOP-MAC610T"},"@id":"http://example.org/sepses#7ff393b6-6f2e-4c07-b517-762110377534","@type":"rdf:nodeID"},"accountDomain":"DESKTOP-MAC610T","handleID":"0xe94","@type":"http://purl.org/sepses/vocab/log/wineventlog#WindowsEventLogEntry","accesses":"%%1537\n\t\t\t\t","objectServer":"Security","version":1}
,{"level":"Information","hasLogType":"wineventlog","eventID":4660,"logName":"Security","keyword":["Audit Success"],"taskCategory":"File System","logonID":"0x2230c","logMessage":"An object was deleted.\n\nSubject:\n\tSecurity ID:\t\tS-1-5-21-2889181789-4222170037-1347726928-1001\n\tAccount Name:\t\tVirtual Windows 10\n\tAccount Domain:\t\tDESKTOP-MAC610T\n\tLogon ID:\t\t0x2230C\n\nObject:\n\tObject Server:\tSecurity\n\tHandle ID:\t0xe94\n\nProcess Information:\n\tProcess ID:\t0xc88\n\tProcess Name:\tC:\\Windows\\explorer.exe\n\tTransaction ID:\t{00000000-0000-0000-0000-000000000000}","processName":"C:\\Windows\\explorer.exe","upCode":"Info","timestamp":"2018-09-01T16:35:19.252Z","@timestamp":"2018-09-01T16:35:19.252Z","accountName":"Virtual Windows 10","computerName":"DESKTOP-MAC610T","source":"Microsoft-Windows-Security-Auditing","@context":"http://sepses.ifs.tuwien.ac.at/contexts/wineventlog.jsonld","@id":"http://example.org/logEntry#logEntry-22dadd9f-0818-4a50-8794-a65afe3e0851","processID":"0xc88","originatesFrom":{"hostName":{"name":"DESKTOP-MAC610T"},"@id":"http://example.org/sepses#9827a9a2-ea98-4ea6-8426-712e81e83318","@type":"rdf:nodeID"},"accountDomain":"DESKTOP-MAC610T","handleID":"0xe94","@type":"http://purl.org/sepses/vocab/log/wineventlog#WindowsEventLogEntry","objectServer":"Security"}
,{"level":"Information","accessMask":"0x80","hasLogType":"wineventlog","eventID":4663,"resourceAttributes":"S:AI","logName":"Security","keyword":["Audit Success"],"taskCategory":"File System","logonID":"0x2230c","logMessage":"An attempt was made to access an object.\n\nSubject:\n\tSecurity ID:\t\tS-1-5-21-2889181789-4222170037-1347726928-1001\n\tAccount Name:\t\tVirtual Windows 10\n\tAccount Domain:\t\tDESKTOP-MAC610T\n\tLogon ID:\t\t0x2230C\n\nObject:\n\tObject Server:\t\tSecurity\n\tObject Type:\t\tFile\n\tObject Name:\t\tC:\\Users\\Virtual Windows 10\\UserDocuments\\wordpad_rename.rtf\n\tHandle ID:\t\t0x1dc8\n\tResource Attributes:\tS:AI\n\nProcess Information:\n\tProcess ID:\t\t0xc88\n\tProcess Name:\t\tC:\\Windows\\explorer.exe\n\nAccess Request Information:\n\tAccesses:\t\tReadAttributes\n\t\t\t\t\n\tAccess Mask:\t\t0x80","processName":"C:\\Windows\\explorer.exe","objectName":"C:\\Users\\Virtual Windows 10\\UserDocuments\\wordpad_rename.rtf","upCode":"Info","objectType":"File","timestamp":"2018-09-01T16:35:19.262Z","@timestamp":"2018-09-01T16:35:19.262Z","accountName":"Virtual Windows 10","computerName":"DESKTOP-MAC610T","source":"Microsoft-Windows-Security-Auditing","@context":"http://sepses.ifs.tuwien.ac.at/contexts/wineventlog.jsonld","@id":"http://example.org/logEntry#logEntry-c3fe4f27-c976-4506-9e5d-754cdeff4e8a","processID":"0xc88","originatesFrom":{"hostName":{"name":"DESKTOP-MAC610T"},"@id":"http://example.org/sepses#996d68dd-b0af-4dfb-80f5-d5eef099ad66","@type":"rdf:nodeID"},"accountDomain":"DESKTOP-MAC610T","handleID":"0x1dc8","@type":"http://purl.org/sepses/vocab/log/wineventlog#WindowsEventLogEntry","accesses":"%%4423\n\t\t\t\t","objectServer":"Security","version":1}
,{"level":"Information","accessMask":"0x80","hasLogType":"wineventlog","eventID":4663,"resourceAttributes":"S:AI","logName":"Security","keyword":["Audit Success"],"taskCategory":"File System","logonID":"0x2230c","logMessage":"An attempt was made to access an object.\n\nSubject:\n\tSecurity ID:\t\tS-1-5-21-2889181789-4222170037-1347726928-1001\n\tAccount Name:\t\tVirtual Windows 10\n\tAccount Domain:\t\tDESKTOP-MAC610T\n\tLogon ID:\t\t0x2230C\n\nObject:\n\tObject Server:\t\tSecurity\n\tObject Type:\t\tFile\n\tObject Name:\t\tC:\\Users\\Virtual Windows 10\\UserDocuments\\wordpad_rename.rtf\n\tHandle ID:\t\t0x1dc8\n\tResource Attributes:\tS:AI\n\nProcess Information:\n\tProcess ID:\t\t0xc88\n\tProcess Name:\t\tC:\\Windows\\explorer.exe\n\nAccess Request Information:\n\tAccesses:\t\tReadAttributes\n\t\t\t\t\n\tAccess Mask:\t\t0x80","processName":"C:\\Windows\\explorer.exe","objectName":"C:\\Users\\Virtual Windows 10\\UserDocuments\\wordpad_rename.rtf","upCode":"Info","objectType":"File","timestamp":"2018-09-01T16:35:19.262Z","@timestamp":"2018-09-01T16:35:19.262Z","accountName":"Virtual Windows 10","computerName":"DESKTOP-MAC610T","source":"Microsoft-Windows-Security-Auditing","@context":"http://sepses.ifs.tuwien.ac.at/contexts/wineventlog.jsonld","@id":"http://example.org/logEntry#logEntry-312d6c74-b23a-4c70-a4fc-bcaaebb7c831","processID":"0xc88","originatesFrom":{"hostName":{"name":"DESKTOP-MAC610T"},"@id":"http://example.org/sepses#3a20fa7f-bc79-46ca-bda2-5708e6f7b246","@type":"rdf:nodeID"},"accountDomain":"DESKTOP-MAC610T","handleID":"0x1dc8","@type":"http://purl.org/sepses/vocab/log/wineventlog#WindowsEventLogEntry","accesses":"%%4423\n\t\t\t\t","objectServer":"Security","version":1}
,{"level":"Information","accessMask":"0x10000","hasLogType":"wineventlog","eventID":4663,"resourceAttributes":"S:AI","logName":"Security","keyword":["Audit Success"],"taskCategory":"File System","logonID":"0x2230c","logMessage":"An attempt was made to access an object.\n\nSubject:\n\tSecurity ID:\t\tS-1-5-21-2889181789-4222170037-1347726928-1001\n\tAccount Name:\t\tVirtual Windows 10\n\tAccount Domain:\t\tDESKTOP-MAC610T\n\tLogon ID:\t\t0x2230C\n\nObject:\n\tObject Server:\t\tSecurity\n\tObject Type:\t\tFile\n\tObject Name:\t\tC:\\Users\\Virtual Windows 10\\UserDocuments\\wordpad_rename.rtf\n\tHandle ID:\t\t0x1dc8\n\tResource Attributes:\tS:AI\n\nProcess Information:\n\tProcess ID:\t\t0xc88\n\tProcess Name:\t\tC:\\Windows\\explorer.exe\n\nAccess Request Information:\n\tAccesses:\t\tDELETE\n\t\t\t\t\n\tAccess Mask:\t\t0x10000","processName":"C:\\Windows\\explorer.exe","objectName":"C:\\Users\\Virtual Windows 10\\UserDocuments\\wordpad_rename.rtf","upCode":"Info","objectType":"File","timestamp":"2018-09-01T16:35:19.262Z","@timestamp":"2018-09-01T16:35:19.262Z","accountName":"Virtual Windows 10","computerName":"DESKTOP-MAC610T","source":"Microsoft-Windows-Security-Auditing","@context":"http://sepses.ifs.tuwien.ac.at/contexts/wineventlog.jsonld","@id":"http://example.org/logEntry#logEntry-be08680b-c8d0-4945-9787-501f0f925c72","processID":"0xc88","originatesFrom":{"hostName":{"name":"DESKTOP-MAC610T"},"@id":"http://example.org/sepses#12597e5a-c69c-4c53-b1af-0b9999008baf","@type":"rdf:nodeID"},"accountDomain":"DESKTOP-MAC610T","handleID":"0x1dc8","@type":"http://purl.org/sepses/vocab/log/wineventlog#WindowsEventLogEntry","accesses":"%%1537\n\t\t\t\t","objectServer":"Security","version":1}
,{"level":"Information","accessMask":"0x80","hasLogType":"wineventlog","eventID":4663,"resourceAttributes":"S:AI","logName":"Security","keyword":["Audit Success"],"taskCategory":"File System","logonID":"0x2230c","logMessage":"An attempt was made to access an object.\n\nSubject:\n\tSecurity ID:\t\tS-1-5-21-2889181789-4222170037-1347726928-1001\n\tAccount Name:\t\tVirtual Windows 10\n\tAccount Domain:\t\tDESKTOP-MAC610T\n\tLogon ID:\t\t0x2230C\n\nObject:\n\tObject Server:\t\tSecurity\n\tObject Type:\t\tFile\n\tObject Name:\t\tC:\\$Recycle.Bin\\S-1-5-21-2889181789-4222170037-1347726928-1001\\$RDQHGHH.rtf\n\tHandle ID:\t\t0x1dc8\n\tResource Attributes:\tS:AI\n\nProcess Information:\n\tProcess ID:\t\t0xc88\n\tProcess Name:\t\tC:\\Windows\\explorer.exe\n\nAccess Request Information:\n\tAccesses:\t\tReadAttributes\n\t\t\t\t\n\tAccess Mask:\t\t0x80","processName":"C:\\Windows\\explorer.exe","objectName":"C:\\$Recycle.Bin\\S-1-5-21-2889181789-4222170037-1347726928-1001\\$RDQHGHH.rtf","upCode":"Info","objectType":"File","timestamp":"2018-09-01T16:35:19.262Z","@timestamp":"2018-09-01T16:35:19.262Z","accountName":"Virtual Windows 10","computerName":"DESKTOP-MAC610T","source":"Microsoft-Windows-Security-Auditing","@context":"http://sepses.ifs.tuwien.ac.at/contexts/wineventlog.jsonld","@id":"http://example.org/logEntry#logEntry-72ee585f-2ef9-4852-a66b-5c2b3d8bad54","processID":"0xc88","originatesFrom":{"hostName":{"name":"DESKTOP-MAC610T"},"@id":"http://example.org/sepses#ccea9a27-7ecf-4b20-a91c-9b2070e3789e","@type":"rdf:nodeID"},"accountDomain":"DESKTOP-MAC610T","handleID":"0x1dc8","@type":"http://purl.org/sepses/vocab/log/wineventlog#WindowsEventLogEntry","accesses":"%%4423\n\t\t\t\t","objectServer":"Security","version":1}
