  {"handleID":"0x18bc","computerName":"VirtualWindows8","logonID":"0xb74d","processName":"C:\\Windows\\explorer.exe","eventID":4656,"level":"Information","originatesFrom":{"hostName":{"name":"VirtualWindows8"},"@type":"rdf:nodeID","@id":"http://example.org/sepses#b1036981-e980-4f65-9d07-0269975f9a8a"},"@type":"http://purl.org/sepses/vocab/log/wineventlog#WindowsEventLogEntry","logName":"Security","@context":"http://sepses.ifs.tuwien.ac.at/contexts/wineventlog.jsonld","hasLogType":"wineventlog","source":"Microsoft-Windows-Security-Auditing","resourceAttributes":"-","objectType":"File","objectName":"C:\\Users\\VirtualWindows8User\\UserDocuments","logMessage":"A handle to an object was requested.\n\nSubject:\n\tSecurity ID:\t\tS-1-5-21-2361021202-3253521353-2316283985-1001\n\tAccount Name:\t\tVirtualWindows8User\n\tAccount Domain:\t\tVirtualWindows8\n\tLogon ID:\t\t0xB74D\n\nObject:\n\tObject Server:\t\tSecurity\n\tObject Type:\t\tFile\n\tObject Name:\t\tC:\\Users\\VirtualWindows8User\\UserDocuments\n\tHandle ID:\t\t0x18bc\n\tResource Attributes:\t-\n\nProcess Information:\n\tProcess ID:\t\t0x3ec\n\tProcess Name:\t\tC:\\Windows\\explorer.exe\n\nAccess Request Information:\n\tTransaction ID:\t\t{00000000-0000-0000-0000-000000000000}\n\tAccesses:\t\tSYNCHRONIZE\n\t\t\t\tReadAttributes\n\t\t\t\t\n\tAccess Reasons:\t\tSYNCHRONIZE:\tGranted by\tD:(A;OICI;FA;;;S-1-5-21-2361021202-3253521353-2316283985-1001)\n\t\t\t\tReadAttributes:\tGranted by\tD:(A;OICI;FA;;;S-1-5-21-2361021202-3253521353-2316283985-1001)\n\t\t\t\t\n\tAccess Mask:\t\t0x100080\n\tPrivileges Used for Access Check:\t-\n\tRestricted SID Count:\t0","timestamp":"2018-08-22T13:34:21.171Z","accesses":"%%1541\n\t\t\t\t%%4423\n\t\t\t\t","accountDomain":"VirtualWindows8","keyword":["Audit Success"],"@id":"http://example.org/logEntry#logEntry-12261b14-2561-4812-8e76-4d7bef7987e7","processID":"0x3ec","accountName":"VirtualWindows8User","version":1,"taskCategory":"File System","upCode":"Info","accessMask":"0x100080","@timestamp":"2018-08-22T13:34:21.171Z","objectServer":"Security"},
  {"handleID":"0x1e30","computerName":"VirtualWindows8","logonID":"0xb74d","processName":"C:\\Windows\\explorer.exe","eventID":4663,"level":"Information","originatesFrom":{"hostName":{"name":"VirtualWindows8"},"@type":"rdf:nodeID","@id":"http://example.org/sepses#acb7c377-e085-4150-bf7f-f45de318a582"},"@type":"http://purl.org/sepses/vocab/log/wineventlog#WindowsEventLogEntry","logName":"Security","@context":"http://sepses.ifs.tuwien.ac.at/contexts/wineventlog.jsonld","hasLogType":"wineventlog","source":"Microsoft-Windows-Security-Auditing","resourceAttributes":"S:AI","objectType":"File","objectName":"C:\\Users\\VirtualWindows8User\\UserDocuments","logMessage":"An attempt was made to access an object.\n\nSubject:\n\tSecurity ID:\t\tS-1-5-21-2361021202-3253521353-2316283985-1001\n\tAccount Name:\t\tVirtualWindows8User\n\tAccount Domain:\t\tVirtualWindows8\n\tLogon ID:\t\t0xB74D\n\nObject:\n\tObject Server:\t\tSecurity\n\tObject Type:\t\tFile\n\tObject Name:\t\tC:\\Users\\VirtualWindows8User\\UserDocuments\n\tHandle ID:\t\t0x1e30\n\tResource Attributes:\tS:AI\n\nProcess Information:\n\tProcess ID:\t\t0x3ec\n\tProcess Name:\t\tC:\\Windows\\explorer.exe\n\nAccess Request Information:\n\tAccesses:\t\tReadAttributes\n\t\t\t\t\n\tAccess Mask:\t\t0x80","timestamp":"2018-08-22T13:34:21.171Z","accesses":"%%4423\n\t\t\t\t","accountDomain":"VirtualWindows8","keyword":["Audit Success"],"@id":"http://example.org/logEntry#logEntry-ff88511c-8047-44e4-99da-5b63bc32e2b8","processID":"0x3ec","accountName":"VirtualWindows8User","version":1,"taskCategory":"File System","upCode":"Info","accessMask":"0x80","@timestamp":"2018-08-22T13:34:21.171Z","objectServer":"Security"},
  {"handleID":"0x1e30","computerName":"VirtualWindows8","logonID":"0xb74d","processName":"C:\\Windows\\explorer.exe","eventID":4663,"level":"Information","originatesFrom":{"hostName":{"name":"VirtualWindows8"},"@type":"rdf:nodeID","@id":"http://example.org/sepses#c73154a0-0b05-4167-8428-c7c23beb8639"},"@type":"http://purl.org/sepses/vocab/log/wineventlog#WindowsEventLogEntry","logName":"Security","@context":"http://sepses.ifs.tuwien.ac.at/contexts/wineventlog.jsonld","hasLogType":"wineventlog","source":"Microsoft-Windows-Security-Auditing","resourceAttributes":"S:AI","objectType":"File","objectName":"C:\\Users\\VirtualWindows8User\\UserDocuments","logMessage":"An attempt was made to access an object.\n\nSubject:\n\tSecurity ID:\t\tS-1-5-21-2361021202-3253521353-2316283985-1001\n\tAccount Name:\t\tVirtualWindows8User\n\tAccount Domain:\t\tVirtualWindows8\n\tLogon ID:\t\t0xB74D\n\nObject:\n\tObject Server:\t\tSecurity\n\tObject Type:\t\tFile\n\tObject Name:\t\tC:\\Users\\VirtualWindows8User\\UserDocuments\n\tHandle ID:\t\t0x1e30\n\tResource Attributes:\tS:AI\n\nProcess Information:\n\tProcess ID:\t\t0x3ec\n\tProcess Name:\t\tC:\\Windows\\explorer.exe\n\nAccess Request Information:\n\tAccesses:\t\tReadAttributes\n\t\t\t\t\n\tAccess Mask:\t\t0x80","timestamp":"2018-08-22T13:34:21.187Z","accesses":"%%4423\n\t\t\t\t","accountDomain":"VirtualWindows8","keyword":["Audit Success"],"@id":"http://example.org/logEntry#logEntry-8d6a367b-22ce-4ba0-8e30-1324c6f2f314","processID":"0x3ec","accountName":"VirtualWindows8User","version":1,"taskCategory":"File System","upCode":"Info","accessMask":"0x80","@timestamp":"2018-08-22T13:34:21.187Z","objectServer":"Security"},
  {"handleID":"0x18bc","computerName":"VirtualWindows8","logonID":"0xb74d","processName":"C:\\Windows\\explorer.exe","eventID":4656,"level":"Information","originatesFrom":{"hostName":{"name":"VirtualWindows8"},"@type":"rdf:nodeID","@id":"http://example.org/sepses#695818e4-8470-4895-92f5-c3cb3898a70f"},"@type":"http://purl.org/sepses/vocab/log/wineventlog#WindowsEventLogEntry","logName":"Security","@context":"http://sepses.ifs.tuwien.ac.at/contexts/wineventlog.jsonld","hasLogType":"wineventlog","source":"Microsoft-Windows-Security-Auditing","resourceAttributes":"-","objectType":"File","objectName":"C:\\Users\\VirtualWindows8User\\UserDocuments","logMessage":"A handle to an object was requested.\n\nSubject:\n\tSecurity ID:\t\tS-1-5-21-2361021202-3253521353-2316283985-1001\n\tAccount Name:\t\tVirtualWindows8User\n\tAccount Domain:\t\tVirtualWindows8\n\tLogon ID:\t\t0xB74D\n\nObject:\n\tObject Server:\t\tSecurity\n\tObject Type:\t\tFile\n\tObject Name:\t\tC:\\Users\\VirtualWindows8User\\UserDocuments\n\tHandle ID:\t\t0x18bc\n\tResource Attributes:\t-\n\nProcess Information:\n\tProcess ID:\t\t0x3ec\n\tProcess Name:\t\tC:\\Windows\\explorer.exe\n\nAccess Request Information:\n\tTransaction ID:\t\t{00000000-0000-0000-0000-000000000000}\n\tAccesses:\t\tSYNCHRONIZE\n\t\t\t\tReadAttributes\n\t\t\t\t\n\tAccess Reasons:\t\tSYNCHRONIZE:\tGranted by\tD:(A;OICI;FA;;;S-1-5-21-2361021202-3253521353-2316283985-1001)\n\t\t\t\tReadAttributes:\tGranted by\tD:(A;OICI;FA;;;S-1-5-21-2361021202-3253521353-2316283985-1001)\n\t\t\t\t\n\tAccess Mask:\t\t0x100080\n\tPrivileges Used for Access Check:\t-\n\tRestricted SID Count:\t0","timestamp":"2018-08-22T13:34:21.171Z","accesses":"%%1541\n\t\t\t\t%%4423\n\t\t\t\t","accountDomain":"VirtualWindows8","keyword":["Audit Success"],"@id":"http://example.org/logEntry#logEntry-bde753c8-4767-475a-9c60-41a321beb9da","processID":"0x3ec","accountName":"VirtualWindows8User","version":1,"taskCategory":"File System","upCode":"Info","accessMask":"0x100080","@timestamp":"2018-08-22T13:34:21.171Z","objectServer":"Security"},
  {"handleID":"0x1e30","computerName":"VirtualWindows8","logonID":"0xb74d","processName":"C:\\Windows\\explorer.exe","eventID":4656,"level":"Information","originatesFrom":{"hostName":{"name":"VirtualWindows8"},"@type":"rdf:nodeID","@id":"http://example.org/sepses#fbf660b2-8c1b-4b0f-90b1-0c1479eff91e"},"@type":"http://purl.org/sepses/vocab/log/wineventlog#WindowsEventLogEntry","logName":"Security","@context":"http://sepses.ifs.tuwien.ac.at/contexts/wineventlog.jsonld","hasLogType":"wineventlog","source":"Microsoft-Windows-Security-Auditing","resourceAttributes":"-","objectType":"File","objectName":"C:\\Users\\VirtualWindows8User\\UserDocuments","logMessage":"A handle to an object was requested.\n\nSubject:\n\tSecurity ID:\t\tS-1-5-21-2361021202-3253521353-2316283985-1001\n\tAccount Name:\t\tVirtualWindows8User\n\tAccount Domain:\t\tVirtualWindows8\n\tLogon ID:\t\t0xB74D\n\nObject:\n\tObject Server:\t\tSecurity\n\tObject Type:\t\tFile\n\tObject Name:\t\tC:\\Users\\VirtualWindows8User\\UserDocuments\n\tHandle ID:\t\t0x1e30\n\tResource Attributes:\t-\n\nProcess Information:\n\tProcess ID:\t\t0x3ec\n\tProcess Name:\t\tC:\\Windows\\explorer.exe\n\nAccess Request Information:\n\tTransaction ID:\t\t{00000000-0000-0000-0000-000000000000}\n\tAccesses:\t\tREAD_CONTROL\n\t\t\t\tReadAttributes\n\t\t\t\t\n\tAccess Reasons:\t\tREAD_CONTROL:\tGranted by Ownership\n\t\t\t\tReadAttributes:\tGranted by\tD:(A;OICI;FA;;;S-1-5-21-2361021202-3253521353-2316283985-1001)\n\t\t\t\t\n\tAccess Mask:\t\t0x20080\n\tPrivileges Used for Access Check:\t-\n\tRestricted SID Count:\t0","timestamp":"2018-08-22T13:34:21.171Z","accesses":"%%1538\n\t\t\t\t%%4423\n\t\t\t\t","accountDomain":"VirtualWindows8","keyword":["Audit Success"],"@id":"http://example.org/logEntry#logEntry-826f74df-0b6c-498e-9ed5-e6b2cd61e065","processID":"0x3ec","accountName":"VirtualWindows8User","version":1,"taskCategory":"File System","upCode":"Info","accessMask":"0x20080","@timestamp":"2018-08-22T13:34:21.171Z","objectServer":"Security"},
  {"handleID":"0x1e30","computerName":"VirtualWindows8","logonID":"0xb74d","processName":"C:\\Windows\\explorer.exe","eventID":4656,"level":"Information","originatesFrom":{"hostName":{"name":"VirtualWindows8"},"@type":"rdf:nodeID","@id":"http://example.org/sepses#926244cd-b965-4747-a0a8-c343f79b2796"},"@type":"http://purl.org/sepses/vocab/log/wineventlog#WindowsEventLogEntry","logName":"Security","@context":"http://sepses.ifs.tuwien.ac.at/contexts/wineventlog.jsonld","hasLogType":"wineventlog","source":"Microsoft-Windows-Security-Auditing","resourceAttributes":"-","objectType":"File","objectName":"C:\\Users\\VirtualWindows8User\\UserDocuments","logMessage":"A handle to an object was requested.\n\nSubject:\n\tSecurity ID:\t\tS-1-5-21-2361021202-3253521353-2316283985-1001\n\tAccount Name:\t\tVirtualWindows8User\n\tAccount Domain:\t\tVirtualWindows8\n\tLogon ID:\t\t0xB74D\n\nObject:\n\tObject Server:\t\tSecurity\n\tObject Type:\t\tFile\n\tObject Name:\t\tC:\\Users\\VirtualWindows8User\\UserDocuments\n\tHandle ID:\t\t0x1e30\n\tResource Attributes:\t-\n\nProcess Information:\n\tProcess ID:\t\t0x3ec\n\tProcess Name:\t\tC:\\Windows\\explorer.exe\n\nAccess Request Information:\n\tTransaction ID:\t\t{00000000-0000-0000-0000-000000000000}\n\tAccesses:\t\tREAD_CONTROL\n\t\t\t\tReadAttributes\n\t\t\t\t\n\tAccess Reasons:\t\tREAD_CONTROL:\tGranted by Ownership\n\t\t\t\tReadAttributes:\tGranted by\tD:(A;OICI;FA;;;S-1-5-21-2361021202-3253521353-2316283985-1001)\n\t\t\t\t\n\tAccess Mask:\t\t0x20080\n\tPrivileges Used for Access Check:\t-\n\tRestricted SID Count:\t0","timestamp":"2018-08-22T13:34:21.187Z","accesses":"%%1538\n\t\t\t\t%%4423\n\t\t\t\t","accountDomain":"VirtualWindows8","keyword":["Audit Success"],"@id":"http://example.org/logEntry#logEntry-06298e0c-0372-4768-aed3-3129b336d444","processID":"0x3ec","accountName":"VirtualWindows8User","version":1,"taskCategory":"File System","upCode":"Info","accessMask":"0x20080","@timestamp":"2018-08-22T13:34:21.187Z","objectServer":"Security"},
  {"handleID":"0x241c","computerName":"VirtualWindows8","logonID":"0xb74d","processName":"C:\\Windows\\explorer.exe","eventID":4656,"level":"Information","originatesFrom":{"hostName":{"name":"VirtualWindows8"},"@type":"rdf:nodeID","@id":"http://example.org/sepses#e174bd43-2e04-43f6-8d99-9e7a9ecf816f"},"@type":"http://purl.org/sepses/vocab/log/wineventlog#WindowsEventLogEntry","logName":"Security","@context":"http://sepses.ifs.tuwien.ac.at/contexts/wineventlog.jsonld","hasLogType":"wineventlog","source":"Microsoft-Windows-Security-Auditing","resourceAttributes":"-","objectType":"File","objectName":"C:\\Users\\VirtualWindows8User\\UserDocuments\\New Text Document.txt","logMessage":"A handle to an object was requested.\n\nSubject:\n\tSecurity ID:\t\tS-1-5-21-2361021202-3253521353-2316283985-1001\n\tAccount Name:\t\tVirtualWindows8User\n\tAccount Domain:\t\tVirtualWindows8\n\tLogon ID:\t\t0xB74D\n\nObject:\n\tObject Server:\t\tSecurity\n\tObject Type:\t\tFile\n\tObject Name:\t\tC:\\Users\\VirtualWindows8User\\UserDocuments\\New Text Document.txt\n\tHandle ID:\t\t0x241c\n\tResource Attributes:\t-\n\nProcess Information:\n\tProcess ID:\t\t0x3ec\n\tProcess Name:\t\tC:\\Windows\\explorer.exe\n\nAccess Request Information:\n\tTransaction ID:\t\t{00000000-0000-0000-0000-000000000000}\n\tAccesses:\t\tREAD_CONTROL\n\t\t\t\tWRITE_DAC\n\t\t\t\tSYNCHRONIZE\n\t\t\t\tReadData (or ListDirectory)\n\t\t\t\tWriteData (or AddFile)\n\t\t\t\tAppendData (or AddSubdirectory or CreatePipeInstance)\n\t\t\t\tReadEA\n\t\t\t\tWriteEA\n\t\t\t\tReadAttributes\n\t\t\t\tWriteAttributes\n\t\t\t\t\n\tAccess Reasons:\t\t-\n\tAccess Mask:\t\t0x16019F\n\tPrivileges Used for Access Check:\t-\n\tRestricted SID Count:\t0","timestamp":"2018-08-22T13:34:21.156Z","accesses":"%%1538\n\t\t\t\t%%1539\n\t\t\t\t%%1541\n\t\t\t\t%%4416\n\t\t\t\t%%4417\n\t\t\t\t%%4418\n\t\t\t\t%%4419\n\t\t\t\t%%4420\n\t\t\t\t%%4423\n\t\t\t\t%%4424\n\t\t\t\t","accountDomain":"VirtualWindows8","keyword":["Audit Success"],"@id":"http://example.org/logEntry#logEntry-a4fcffa5-e9b4-476b-9dbd-2f8662d80845","processID":"0x3ec","accountName":"VirtualWindows8User","version":1,"taskCategory":"File System","upCode":"Info","accessMask":"0x16019f","@timestamp":"2018-08-22T13:34:21.156Z","objectServer":"Security"},
  {"handleID":"0x18bc","computerName":"VirtualWindows8","logonID":"0xb74d","processName":"C:\\Windows\\explorer.exe","eventID":4656,"level":"Information","originatesFrom":{"hostName":{"name":"VirtualWindows8"},"@type":"rdf:nodeID","@id":"http://example.org/sepses#da8a1010-6e78-40f0-826b-1c4b42066405"},"@type":"http://purl.org/sepses/vocab/log/wineventlog#WindowsEventLogEntry","logName":"Security","@context":"http://sepses.ifs.tuwien.ac.at/contexts/wineventlog.jsonld","hasLogType":"wineventlog","source":"Microsoft-Windows-Security-Auditing","resourceAttributes":"-","objectType":"File","objectName":"C:\\Users\\VirtualWindows8User\\UserDocuments","logMessage":"A handle to an object was requested.\n\nSubject:\n\tSecurity ID:\t\tS-1-5-21-2361021202-3253521353-2316283985-1001\n\tAccount Name:\t\tVirtualWindows8User\n\tAccount Domain:\t\tVirtualWindows8\n\tLogon ID:\t\t0xB74D\n\nObject:\n\tObject Server:\t\tSecurity\n\tObject Type:\t\tFile\n\tObject Name:\t\tC:\\Users\\VirtualWindows8User\\UserDocuments\n\tHandle ID:\t\t0x18bc\n\tResource Attributes:\t-\n\nProcess Information:\n\tProcess ID:\t\t0x3ec\n\tProcess Name:\t\tC:\\Windows\\explorer.exe\n\nAccess Request Information:\n\tTransaction ID:\t\t{00000000-0000-0000-0000-000000000000}\n\tAccesses:\t\tSYNCHRONIZE\n\t\t\t\tReadAttributes\n\t\t\t\t\n\tAccess Reasons:\t\tSYNCHRONIZE:\tGranted by\tD:(A;OICI;FA;;;S-1-5-21-2361021202-3253521353-2316283985-1001)\n\t\t\t\tReadAttributes:\tGranted by\tD:(A;OICI;FA;;;S-1-5-21-2361021202-3253521353-2316283985-1001)\n\t\t\t\t\n\tAccess Mask:\t\t0x100080\n\tPrivileges Used for Access Check:\t-\n\tRestricted SID Count:\t0","timestamp":"2018-08-22T13:34:21.171Z","accesses":"%%1541\n\t\t\t\t%%4423\n\t\t\t\t","accountDomain":"VirtualWindows8","keyword":["Audit Success"],"@id":"http://example.org/logEntry#logEntry-c469be1f-d600-452d-b65c-b363e0bcff95","processID":"0x3ec","accountName":"VirtualWindows8User","version":1,"taskCategory":"File System","upCode":"Info","accessMask":"0x100080","@timestamp":"2018-08-22T13:34:21.171Z","objectServer":"Security"},
  {"handleID":"0x1e30","computerName":"VirtualWindows8","logonID":"0xb74d","processName":"C:\\Windows\\explorer.exe","eventID":4663,"level":"Information","originatesFrom":{"hostName":{"name":"VirtualWindows8"},"@type":"rdf:nodeID","@id":"http://example.org/sepses#ce0716dc-7dc2-4808-9268-a647eff8fab7"},"@type":"http://purl.org/sepses/vocab/log/wineventlog#WindowsEventLogEntry","logName":"Security","@context":"http://sepses.ifs.tuwien.ac.at/contexts/wineventlog.jsonld","hasLogType":"wineventlog","source":"Microsoft-Windows-Security-Auditing","resourceAttributes":"S:AI","objectType":"File","objectName":"C:\\Users\\VirtualWindows8User\\UserDocuments","logMessage":"An attempt was made to access an object.\n\nSubject:\n\tSecurity ID:\t\tS-1-5-21-2361021202-3253521353-2316283985-1001\n\tAccount Name:\t\tVirtualWindows8User\n\tAccount Domain:\t\tVirtualWindows8\n\tLogon ID:\t\t0xB74D\n\nObject:\n\tObject Server:\t\tSecurity\n\tObject Type:\t\tFile\n\tObject Name:\t\tC:\\Users\\VirtualWindows8User\\UserDocuments\n\tHandle ID:\t\t0x1e30\n\tResource Attributes:\tS:AI\n\nProcess Information:\n\tProcess ID:\t\t0x3ec\n\tProcess Name:\t\tC:\\Windows\\explorer.exe\n\nAccess Request Information:\n\tAccesses:\t\tReadAttributes\n\t\t\t\t\n\tAccess Mask:\t\t0x80","timestamp":"2018-08-22T13:34:21.171Z","accesses":"%%4423\n\t\t\t\t","accountDomain":"VirtualWindows8","keyword":["Audit Success"],"@id":"http://example.org/logEntry#logEntry-b3e1b0e8-ca69-431f-80d3-ea6720a9e833","processID":"0x3ec","accountName":"VirtualWindows8User","version":1,"taskCategory":"File System","upCode":"Info","accessMask":"0x80","@timestamp":"2018-08-22T13:34:21.171Z","objectServer":"Security"},
  {"handleID":"0x1e30","computerName":"VirtualWindows8","logonID":"0xb74d","processName":"C:\\Windows\\explorer.exe","eventID":4663,"level":"Information","originatesFrom":{"hostName":{"name":"VirtualWindows8"},"@type":"rdf:nodeID","@id":"http://example.org/sepses#ff3478ce-f425-4d64-b164-0d1ac0ce8135"},"@type":"http://purl.org/sepses/vocab/log/wineventlog#WindowsEventLogEntry","logName":"Security","@context":"http://sepses.ifs.tuwien.ac.at/contexts/wineventlog.jsonld","hasLogType":"wineventlog","source":"Microsoft-Windows-Security-Auditing","resourceAttributes":"S:AI","objectType":"File","objectName":"C:\\Users\\VirtualWindows8User\\UserDocuments","logMessage":"An attempt was made to access an object.\n\nSubject:\n\tSecurity ID:\t\tS-1-5-21-2361021202-3253521353-2316283985-1001\n\tAccount Name:\t\tVirtualWindows8User\n\tAccount Domain:\t\tVirtualWindows8\n\tLogon ID:\t\t0xB74D\n\nObject:\n\tObject Server:\t\tSecurity\n\tObject Type:\t\tFile\n\tObject Name:\t\tC:\\Users\\VirtualWindows8User\\UserDocuments\n\tHandle ID:\t\t0x1e30\n\tResource Attributes:\tS:AI\n\nProcess Information:\n\tProcess ID:\t\t0x3ec\n\tProcess Name:\t\tC:\\Windows\\explorer.exe\n\nAccess Request Information:\n\tAccesses:\t\tReadAttributes\n\t\t\t\t\n\tAccess Mask:\t\t0x80","timestamp":"2018-08-22T13:34:21.187Z","accesses":"%%4423\n\t\t\t\t","accountDomain":"VirtualWindows8","keyword":["Audit Success"],"@id":"http://example.org/logEntry#logEntry-ecd31679-0a36-4fa2-b505-02db0dd56742","processID":"0x3ec","accountName":"VirtualWindows8User","version":1,"taskCategory":"File System","upCode":"Info","accessMask":"0x80","@timestamp":"2018-08-22T13:34:21.187Z","objectServer":"Security"},
  {"handleID":"0x1fb4","computerName":"VirtualWindows8","logonID":"0xb74d","processName":"C:\\Windows\\explorer.exe","eventID":4656,"level":"Information","originatesFrom":{"hostName":{"name":"VirtualWindows8"},"@type":"rdf:nodeID","@id":"http://example.org/sepses#2d0f2db8-843c-4b3e-9b5e-606d8b9202da"},"@type":"http://purl.org/sepses/vocab/log/wineventlog#WindowsEventLogEntry","logName":"Security","@context":"http://sepses.ifs.tuwien.ac.at/contexts/wineventlog.jsonld","hasLogType":"wineventlog","source":"Microsoft-Windows-Security-Auditing","resourceAttributes":"-","objectType":"File","objectName":"C:\\Users\\VirtualWindows8User\\UserDocuments","logMessage":"A handle to an object was requested.\n\nSubject:\n\tSecurity ID:\t\tS-1-5-21-2361021202-3253521353-2316283985-1001\n\tAccount Name:\t\tVirtualWindows8User\n\tAccount Domain:\t\tVirtualWindows8\n\tLogon ID:\t\t0xB74D\n\nObject:\n\tObject Server:\t\tSecurity\n\tObject Type:\t\tFile\n\tObject Name:\t\tC:\\Users\\VirtualWindows8User\\UserDocuments\n\tHandle ID:\t\t0x1fb4\n\tResource Attributes:\t-\n\nProcess Information:\n\tProcess ID:\t\t0x3ec\n\tProcess Name:\t\tC:\\Windows\\explorer.exe\n\nAccess Request Information:\n\tTransaction ID:\t\t{00000000-0000-0000-0000-000000000000}\n\tAccesses:\t\tREAD_CONTROL\n\t\t\t\tReadAttributes\n\t\t\t\t\n\tAccess Reasons:\t\tREAD_CONTROL:\tGranted by Ownership\n\t\t\t\tReadAttributes:\tGranted by\tD:(A;OICI;FA;;;S-1-5-21-2361021202-3253521353-2316283985-1001)\n\t\t\t\t\n\tAccess Mask:\t\t0x20080\n\tPrivileges Used for Access Check:\t-\n\tRestricted SID Count:\t0","timestamp":"2018-08-22T13:34:22.187Z","accesses":"%%1538\n\t\t\t\t%%4423\n\t\t\t\t","accountDomain":"VirtualWindows8","keyword":["Audit Success"],"@id":"http://example.org/logEntry#logEntry-be78a77a-b66c-480a-a14a-92ee78cfc9f9","processID":"0x3ec","accountName":"VirtualWindows8User","version":1,"taskCategory":"File System","upCode":"Info","accessMask":"0x20080","@timestamp":"2018-08-22T13:34:22.187Z","objectServer":"Security"},
  {"handleID":"0x2428","computerName":"VirtualWindows8","logonID":"0xb74d","processName":"C:\\Windows\\explorer.exe","eventID":4656,"level":"Information","originatesFrom":{"hostName":{"name":"VirtualWindows8"},"@type":"rdf:nodeID","@id":"http://example.org/sepses#f94d0b6a-6ddd-4210-9bf0-453e61bf4cf4"},"@type":"http://purl.org/sepses/vocab/log/wineventlog#WindowsEventLogEntry","logName":"Security","@context":"http://sepses.ifs.tuwien.ac.at/contexts/wineventlog.jsonld","hasLogType":"wineventlog","source":"Microsoft-Windows-Security-Auditing","resourceAttributes":"-","objectType":"File","objectName":"C:\\Users\\VirtualWindows8User\\UserDocuments","logMessage":"A handle to an object was requested.\n\nSubject:\n\tSecurity ID:\t\tS-1-5-21-2361021202-3253521353-2316283985-1001\n\tAccount Name:\t\tVirtualWindows8User\n\tAccount Domain:\t\tVirtualWindows8\n\tLogon ID:\t\t0xB74D\n\nObject:\n\tObject Server:\t\tSecurity\n\tObject Type:\t\tFile\n\tObject Name:\t\tC:\\Users\\VirtualWindows8User\\UserDocuments\n\tHandle ID:\t\t0x2428\n\tResource Attributes:\t-\n\nProcess Information:\n\tProcess ID:\t\t0x3ec\n\tProcess Name:\t\tC:\\Windows\\explorer.exe\n\nAccess Request Information:\n\tTransaction ID:\t\t{00000000-0000-0000-0000-000000000000}\n\tAccesses:\t\tREAD_CONTROL\n\t\t\t\tReadAttributes\n\t\t\t\t\n\tAccess Reasons:\t\tREAD_CONTROL:\tGranted by Ownership\n\t\t\t\tReadAttributes:\tGranted by\tD:(A;OICI;FA;;;S-1-5-21-2361021202-3253521353-2316283985-1001)\n\t\t\t\t\n\tAccess Mask:\t\t0x20080\n\tPrivileges Used for Access Check:\t-\n\tRestricted SID Count:\t0","timestamp":"2018-08-22T13:34:22.202Z","accesses":"%%1538\n\t\t\t\t%%4423\n\t\t\t\t","accountDomain":"VirtualWindows8","keyword":["Audit Success"],"@id":"http://example.org/logEntry#logEntry-6a315797-3fa9-443c-883b-f5708d097da8","processID":"0x3ec","accountName":"VirtualWindows8User","version":1,"taskCategory":"File System","upCode":"Info","accessMask":"0x20080","@timestamp":"2018-08-22T13:34:22.202Z","objectServer":"Security"},
  {"handleID":"0x428","computerName":"VirtualWindows8","logonID":"0xb74d","processName":"C:\\Windows\\explorer.exe","eventID":4656,"level":"Information","originatesFrom":{"hostName":{"name":"VirtualWindows8"},"@type":"rdf:nodeID","@id":"http://example.org/sepses#8e06c8c7-6adf-4986-b1da-e2c25f6801db"},"@type":"http://purl.org/sepses/vocab/log/wineventlog#WindowsEventLogEntry","logName":"Security","@context":"http://sepses.ifs.tuwien.ac.at/contexts/wineventlog.jsonld","hasLogType":"wineventlog","source":"Microsoft-Windows-Security-Auditing","resourceAttributes":"-","objectType":"File","objectName":"C:\\Users\\VirtualWindows8User\\UserDocuments","logMessage":"A handle to an object was requested.\n\nSubject:\n\tSecurity ID:\t\tS-1-5-21-2361021202-3253521353-2316283985-1001\n\tAccount Name:\t\tVirtualWindows8User\n\tAccount Domain:\t\tVirtualWindows8\n\tLogon ID:\t\t0xB74D\n\nObject:\n\tObject Server:\t\tSecurity\n\tObject Type:\t\tFile\n\tObject Name:\t\tC:\\Users\\VirtualWindows8User\\UserDocuments\n\tHandle ID:\t\t0x428\n\tResource Attributes:\t-\n\nProcess Information:\n\tProcess ID:\t\t0x3ec\n\tProcess Name:\t\tC:\\Windows\\explorer.exe\n\nAccess Request Information:\n\tTransaction ID:\t\t{00000000-0000-0000-0000-000000000000}\n\tAccesses:\t\tREAD_CONTROL\n\t\t\t\tReadAttributes\n\t\t\t\t\n\tAccess Reasons:\t\tREAD_CONTROL:\tGranted by Ownership\n\t\t\t\tReadAttributes:\tGranted by\tD:(A;OICI;FA;;;S-1-5-21-2361021202-3253521353-2316283985-1001)\n\t\t\t\t\n\tAccess Mask:\t\t0x20080\n\tPrivileges Used for Access Check:\t-\n\tRestricted SID Count:\t0","timestamp":"2018-08-22T13:34:22.312Z","accesses":"%%1538\n\t\t\t\t%%4423\n\t\t\t\t","accountDomain":"VirtualWindows8","keyword":["Audit Success"],"@id":"http://example.org/logEntry#logEntry-ed024233-bdda-4d4f-83f7-96480ff31f51","processID":"0x3ec","accountName":"VirtualWindows8User","version":1,"taskCategory":"File System","upCode":"Info","accessMask":"0x20080","@timestamp":"2018-08-22T13:34:22.312Z","objectServer":"Security"},
  {"handleID":"0x233c","computerName":"VirtualWindows8","logonID":"0xb74d","processName":"C:\\Windows\\explorer.exe","eventID":4656,"level":"Information","originatesFrom":{"hostName":{"name":"VirtualWindows8"},"@type":"rdf:nodeID","@id":"http://example.org/sepses#60cc1bf2-fb4e-49a5-8319-257a1d59b83b"},"@type":"http://purl.org/sepses/vocab/log/wineventlog#WindowsEventLogEntry","logName":"Security","@context":"http://sepses.ifs.tuwien.ac.at/contexts/wineventlog.jsonld","hasLogType":"wineventlog","source":"Microsoft-Windows-Security-Auditing","resourceAttributes":"-","objectType":"File","objectName":"C:\\Users\\VirtualWindows8User\\UserDocuments","logMessage":"A handle to an object was requested.\n\nSubject:\n\tSecurity ID:\t\tS-1-5-21-2361021202-3253521353-2316283985-1001\n\tAccount Name:\t\tVirtualWindows8User\n\tAccount Domain:\t\tVirtualWindows8\n\tLogon ID:\t\t0xB74D\n\nObject:\n\tObject Server:\t\tSecurity\n\tObject Type:\t\tFile\n\tObject Name:\t\tC:\\Users\\VirtualWindows8User\\UserDocuments\n\tHandle ID:\t\t0x233c\n\tResource Attributes:\t-\n\nProcess Information:\n\tProcess ID:\t\t0x3ec\n\tProcess Name:\t\tC:\\Windows\\explorer.exe\n\nAccess Request Information:\n\tTransaction ID:\t\t{00000000-0000-0000-0000-000000000000}\n\tAccesses:\t\tREAD_CONTROL\n\t\t\t\tReadAttributes\n\t\t\t\t\n\tAccess Reasons:\t\tREAD_CONTROL:\tGranted by Ownership\n\t\t\t\tReadAttributes:\tGranted by\tD:(A;OICI;FA;;;S-1-5-21-2361021202-3253521353-2316283985-1001)\n\t\t\t\t\n\tAccess Mask:\t\t0x20080\n\tPrivileges Used for Access Check:\t-\n\tRestricted SID Count:\t0","timestamp":"2018-08-22T13:34:22.453Z","accesses":"%%1538\n\t\t\t\t%%4423\n\t\t\t\t","accountDomain":"VirtualWindows8","keyword":["Audit Success"],"@id":"http://example.org/logEntry#logEntry-31380f69-7e63-4697-b459-b88b8922f6ea","processID":"0x3ec","accountName":"VirtualWindows8User","version":1,"taskCategory":"File System","upCode":"Info","accessMask":"0x20080","@timestamp":"2018-08-22T13:34:22.453Z","objectServer":"Security"},
  {"handleID":"0x1fb4","computerName":"VirtualWindows8","logonID":"0xb74d","processName":"C:\\Windows\\explorer.exe","eventID":4663,"level":"Information","originatesFrom":{"hostName":{"name":"VirtualWindows8"},"@type":"rdf:nodeID","@id":"http://example.org/sepses#77cafaed-3903-4c3c-95c7-dfa191adc8cb"},"@type":"http://purl.org/sepses/vocab/log/wineventlog#WindowsEventLogEntry","logName":"Security","@context":"http://sepses.ifs.tuwien.ac.at/contexts/wineventlog.jsonld","hasLogType":"wineventlog","source":"Microsoft-Windows-Security-Auditing","resourceAttributes":"S:AI","objectType":"File","objectName":"C:\\Users\\VirtualWindows8User\\UserDocuments","logMessage":"An attempt was made to access an object.\n\nSubject:\n\tSecurity ID:\t\tS-1-5-21-2361021202-3253521353-2316283985-1001\n\tAccount Name:\t\tVirtualWindows8User\n\tAccount Domain:\t\tVirtualWindows8\n\tLogon ID:\t\t0xB74D\n\nObject:\n\tObject Server:\t\tSecurity\n\tObject Type:\t\tFile\n\tObject Name:\t\tC:\\Users\\VirtualWindows8User\\UserDocuments\n\tHandle ID:\t\t0x1fb4\n\tResource Attributes:\tS:AI\n\nProcess Information:\n\tProcess ID:\t\t0x3ec\n\tProcess Name:\t\tC:\\Windows\\explorer.exe\n\nAccess Request Information:\n\tAccesses:\t\tReadAttributes\n\t\t\t\t\n\tAccess Mask:\t\t0x80","timestamp":"2018-08-22T13:34:22.187Z","accesses":"%%4423\n\t\t\t\t","accountDomain":"VirtualWindows8","keyword":["Audit Success"],"@id":"http://example.org/logEntry#logEntry-347db2fc-1c09-4857-a4f1-7c7e9ecf71e8","processID":"0x3ec","accountName":"VirtualWindows8User","version":1,"taskCategory":"File System","upCode":"Info","accessMask":"0x80","@timestamp":"2018-08-22T13:34:22.187Z","objectServer":"Security"},
  {"handleID":"0x2428","computerName":"VirtualWindows8","logonID":"0xb74d","processName":"C:\\Windows\\explorer.exe","eventID":4663,"level":"Information","originatesFrom":{"hostName":{"name":"VirtualWindows8"},"@type":"rdf:nodeID","@id":"http://example.org/sepses#06061cb3-045f-4b04-b896-0f9e3a5913f1"},"@type":"http://purl.org/sepses/vocab/log/wineventlog#WindowsEventLogEntry","logName":"Security","@context":"http://sepses.ifs.tuwien.ac.at/contexts/wineventlog.jsonld","hasLogType":"wineventlog","source":"Microsoft-Windows-Security-Auditing","resourceAttributes":"S:AI","objectType":"File","objectName":"C:\\Users\\VirtualWindows8User\\UserDocuments","logMessage":"An attempt was made to access an object.\n\nSubject:\n\tSecurity ID:\t\tS-1-5-21-2361021202-3253521353-2316283985-1001\n\tAccount Name:\t\tVirtualWindows8User\n\tAccount Domain:\t\tVirtualWindows8\n\tLogon ID:\t\t0xB74D\n\nObject:\n\tObject Server:\t\tSecurity\n\tObject Type:\t\tFile\n\tObject Name:\t\tC:\\Users\\VirtualWindows8User\\UserDocuments\n\tHandle ID:\t\t0x2428\n\tResource Attributes:\tS:AI\n\nProcess Information:\n\tProcess ID:\t\t0x3ec\n\tProcess Name:\t\tC:\\Windows\\explorer.exe\n\nAccess Request Information:\n\tAccesses:\t\tReadAttributes\n\t\t\t\t\n\tAccess Mask:\t\t0x80","timestamp":"2018-08-22T13:34:22.202Z","accesses":"%%4423\n\t\t\t\t","accountDomain":"VirtualWindows8","keyword":["Audit Success"],"@id":"http://example.org/logEntry#logEntry-dfa5b9e5-a26f-486d-b118-a2deb27a3123","processID":"0x3ec","accountName":"VirtualWindows8User","version":1,"taskCategory":"File System","upCode":"Info","accessMask":"0x80","@timestamp":"2018-08-22T13:34:22.202Z","objectServer":"Security"},
  {"handleID":"0x428","computerName":"VirtualWindows8","logonID":"0xb74d","processName":"C:\\Windows\\explorer.exe","eventID":4663,"level":"Information","originatesFrom":{"hostName":{"name":"VirtualWindows8"},"@type":"rdf:nodeID","@id":"http://example.org/sepses#861ac0a4-8dc3-4f3e-9136-9a5a13cf552c"},"@type":"http://purl.org/sepses/vocab/log/wineventlog#WindowsEventLogEntry","logName":"Security","@context":"http://sepses.ifs.tuwien.ac.at/contexts/wineventlog.jsonld","hasLogType":"wineventlog","source":"Microsoft-Windows-Security-Auditing","resourceAttributes":"S:AI","objectType":"File","objectName":"C:\\Users\\VirtualWindows8User\\UserDocuments","logMessage":"An attempt was made to access an object.\n\nSubject:\n\tSecurity ID:\t\tS-1-5-21-2361021202-3253521353-2316283985-1001\n\tAccount Name:\t\tVirtualWindows8User\n\tAccount Domain:\t\tVirtualWindows8\n\tLogon ID:\t\t0xB74D\n\nObject:\n\tObject Server:\t\tSecurity\n\tObject Type:\t\tFile\n\tObject Name:\t\tC:\\Users\\VirtualWindows8User\\UserDocuments\n\tHandle ID:\t\t0x428\n\tResource Attributes:\tS:AI\n\nProcess Information:\n\tProcess ID:\t\t0x3ec\n\tProcess Name:\t\tC:\\Windows\\explorer.exe\n\nAccess Request Information:\n\tAccesses:\t\tReadAttributes\n\t\t\t\t\n\tAccess Mask:\t\t0x80","timestamp":"2018-08-22T13:34:22.312Z","accesses":"%%4423\n\t\t\t\t","accountDomain":"VirtualWindows8","keyword":["Audit Success"],"@id":"http://example.org/logEntry#logEntry-6c677ff3-2c7e-481f-ad35-08435420135c","processID":"0x3ec","accountName":"VirtualWindows8User","version":1,"taskCategory":"File System","upCode":"Info","accessMask":"0x80","@timestamp":"2018-08-22T13:34:22.312Z","objectServer":"Security"},
  {"handleID":"0x233c","computerName":"VirtualWindows8","logonID":"0xb74d","processName":"C:\\Windows\\explorer.exe","eventID":4663,"level":"Information","originatesFrom":{"hostName":{"name":"VirtualWindows8"},"@type":"rdf:nodeID","@id":"http://example.org/sepses#f2a7d259-0160-406d-adf1-68125257c39a"},"@type":"http://purl.org/sepses/vocab/log/wineventlog#WindowsEventLogEntry","logName":"Security","@context":"http://sepses.ifs.tuwien.ac.at/contexts/wineventlog.jsonld","hasLogType":"wineventlog","source":"Microsoft-Windows-Security-Auditing","resourceAttributes":"S:AI","objectType":"File","objectName":"C:\\Users\\VirtualWindows8User\\UserDocuments","logMessage":"An attempt was made to access an object.\n\nSubject:\n\tSecurity ID:\t\tS-1-5-21-2361021202-3253521353-2316283985-1001\n\tAccount Name:\t\tVirtualWindows8User\n\tAccount Domain:\t\tVirtualWindows8\n\tLogon ID:\t\t0xB74D\n\nObject:\n\tObject Server:\t\tSecurity\n\tObject Type:\t\tFile\n\tObject Name:\t\tC:\\Users\\VirtualWindows8User\\UserDocuments\n\tHandle ID:\t\t0x233c\n\tResource Attributes:\tS:AI\n\nProcess Information:\n\tProcess ID:\t\t0x3ec\n\tProcess Name:\t\tC:\\Windows\\explorer.exe\n\nAccess Request Information:\n\tAccesses:\t\tReadAttributes\n\t\t\t\t\n\tAccess Mask:\t\t0x80","timestamp":"2018-08-22T13:34:22.453Z","accesses":"%%4423\n\t\t\t\t","accountDomain":"VirtualWindows8","keyword":["Audit Success"],"@id":"http://example.org/logEntry#logEntry-fffa9f4d-c86f-40b6-b3eb-a604fb363a2b","processID":"0x3ec","accountName":"VirtualWindows8User","version":1,"taskCategory":"File System","upCode":"Info","accessMask":"0x80","@timestamp":"2018-08-22T13:34:22.453Z","objectServer":"Security"},
  {"handleID":"0x1efc","computerName":"VirtualWindows8","logonID":"0xb74d","processName":"C:\\Windows\\explorer.exe","eventID":4656,"level":"Information","originatesFrom":{"hostName":{"name":"VirtualWindows8"},"@type":"rdf:nodeID","@id":"http://example.org/sepses#3837c5b1-fdde-4ff6-94ac-f35ba3cd510e"},"@type":"http://purl.org/sepses/vocab/log/wineventlog#WindowsEventLogEntry","logName":"Security","@context":"http://sepses.ifs.tuwien.ac.at/contexts/wineventlog.jsonld","hasLogType":"wineventlog","source":"Microsoft-Windows-Security-Auditing","resourceAttributes":"-","objectType":"File","objectName":"C:\\Users\\VirtualWindows8User\\UserDocuments","logMessage":"A handle to an object was requested.\n\nSubject:\n\tSecurity ID:\t\tS-1-5-21-2361021202-3253521353-2316283985-1001\n\tAccount Name:\t\tVirtualWindows8User\n\tAccount Domain:\t\tVirtualWindows8\n\tLogon ID:\t\t0xB74D\n\nObject:\n\tObject Server:\t\tSecurity\n\tObject Type:\t\tFile\n\tObject Name:\t\tC:\\Users\\VirtualWindows8User\\UserDocuments\n\tHandle ID:\t\t0x1efc\n\tResource Attributes:\t-\n\nProcess Information:\n\tProcess ID:\t\t0x3ec\n\tProcess Name:\t\tC:\\Windows\\explorer.exe\n\nAccess Request Information:\n\tTransaction ID:\t\t{00000000-0000-0000-0000-000000000000}\n\tAccesses:\t\tSYNCHRONIZE\n\t\t\t\tReadData (or ListDirectory)\n\t\t\t\tReadAttributes\n\t\t\t\t\n\tAccess Reasons:\t\tSYNCHRONIZE:\tGranted by\tD:(A;OICI;FA;;;S-1-5-21-2361021202-3253521353-2316283985-1001)\n\t\t\t\tReadData (or ListDirectory):\tGranted by\tD:(A;OICI;FA;;;S-1-5-21-2361021202-3253521353-2316283985-1001)\n\t\t\t\tReadAttributes:\tGranted by\tD:(A;OICI;FA;;;S-1-5-21-2361021202-3253521353-2316283985-1001)\n\t\t\t\t\n\tAccess Mask:\t\t0x100081\n\tPrivileges Used for Access Check:\t-\n\tRestricted SID Count:\t0","timestamp":"2018-08-22T13:34:22.187Z","accesses":"%%1541\n\t\t\t\t%%4416\n\t\t\t\t%%4423\n\t\t\t\t","accountDomain":"VirtualWindows8","keyword":["Audit Success"],"@id":"http://example.org/logEntry#logEntry-1d188644-270f-42da-b588-085bf47bf8fd","processID":"0x3ec","accountName":"VirtualWindows8User","version":1,"taskCategory":"File System","upCode":"Info","accessMask":"0x100081","@timestamp":"2018-08-22T13:34:22.187Z","objectServer":"Security"},
  {"handleID":"0x1fb4","computerName":"VirtualWindows8","logonID":"0xb74d","processName":"C:\\Windows\\explorer.exe","eventID":4663,"level":"Information","originatesFrom":{"hostName":{"name":"VirtualWindows8"},"@type":"rdf:nodeID","@id":"http://example.org/sepses#5b65f844-b0fd-4a89-9ade-78af9e89dc69"},"@type":"http://purl.org/sepses/vocab/log/wineventlog#WindowsEventLogEntry","logName":"Security","@context":"http://sepses.ifs.tuwien.ac.at/contexts/wineventlog.jsonld","hasLogType":"wineventlog","source":"Microsoft-Windows-Security-Auditing","resourceAttributes":"S:AI","objectType":"File","objectName":"C:\\Users\\VirtualWindows8User\\UserDocuments","logMessage":"An attempt was made to access an object.\n\nSubject:\n\tSecurity ID:\t\tS-1-5-21-2361021202-3253521353-2316283985-1001\n\tAccount Name:\t\tVirtualWindows8User\n\tAccount Domain:\t\tVirtualWindows8\n\tLogon ID:\t\t0xB74D\n\nObject:\n\tObject Server:\t\tSecurity\n\tObject Type:\t\tFile\n\tObject Name:\t\tC:\\Users\\VirtualWindows8User\\UserDocuments\n\tHandle ID:\t\t0x1fb4\n\tResource Attributes:\tS:AI\n\nProcess Information:\n\tProcess ID:\t\t0x3ec\n\tProcess Name:\t\tC:\\Windows\\explorer.exe\n\nAccess Request Information:\n\tAccesses:\t\tReadAttributes\n\t\t\t\t\n\tAccess Mask:\t\t0x80","timestamp":"2018-08-22T13:34:22.187Z","accesses":"%%4423\n\t\t\t\t","accountDomain":"VirtualWindows8","keyword":["Audit Success"],"@id":"http://example.org/logEntry#logEntry-eaf3b44b-1f23-40c9-b36f-7ba6dd9857aa","processID":"0x3ec","accountName":"VirtualWindows8User","version":1,"taskCategory":"File System","upCode":"Info","accessMask":"0x80","@timestamp":"2018-08-22T13:34:22.187Z","objectServer":"Security"},
  {"handleID":"0x2428","computerName":"VirtualWindows8","logonID":"0xb74d","processName":"C:\\Windows\\explorer.exe","eventID":4663,"level":"Information","originatesFrom":{"hostName":{"name":"VirtualWindows8"},"@type":"rdf:nodeID","@id":"http://example.org/sepses#37112eaa-07dc-4d66-8e61-c537b6ce371b"},"@type":"http://purl.org/sepses/vocab/log/wineventlog#WindowsEventLogEntry","logName":"Security","@context":"http://sepses.ifs.tuwien.ac.at/contexts/wineventlog.jsonld","hasLogType":"wineventlog","source":"Microsoft-Windows-Security-Auditing","resourceAttributes":"S:AI","objectType":"File","objectName":"C:\\Users\\VirtualWindows8User\\UserDocuments","logMessage":"An attempt was made to access an object.\n\nSubject:\n\tSecurity ID:\t\tS-1-5-21-2361021202-3253521353-2316283985-1001\n\tAccount Name:\t\tVirtualWindows8User\n\tAccount Domain:\t\tVirtualWindows8\n\tLogon ID:\t\t0xB74D\n\nObject:\n\tObject Server:\t\tSecurity\n\tObject Type:\t\tFile\n\tObject Name:\t\tC:\\Users\\VirtualWindows8User\\UserDocuments\n\tHandle ID:\t\t0x2428\n\tResource Attributes:\tS:AI\n\nProcess Information:\n\tProcess ID:\t\t0x3ec\n\tProcess Name:\t\tC:\\Windows\\explorer.exe\n\nAccess Request Information:\n\tAccesses:\t\tReadAttributes\n\t\t\t\t\n\tAccess Mask:\t\t0x80","timestamp":"2018-08-22T13:34:22.202Z","accesses":"%%4423\n\t\t\t\t","accountDomain":"VirtualWindows8","keyword":["Audit Success"],"@id":"http://example.org/logEntry#logEntry-7c477984-c8da-4c11-b894-9cfc6616a06c","processID":"0x3ec","accountName":"VirtualWindows8User","version":1,"taskCategory":"File System","upCode":"Info","accessMask":"0x80","@timestamp":"2018-08-22T13:34:22.202Z","objectServer":"Security"},
  {"handleID":"0x428","computerName":"VirtualWindows8","logonID":"0xb74d","processName":"C:\\Windows\\explorer.exe","eventID":4663,"level":"Information","originatesFrom":{"hostName":{"name":"VirtualWindows8"},"@type":"rdf:nodeID","@id":"http://example.org/sepses#64a84207-4825-439c-b7e8-96b539472d00"},"@type":"http://purl.org/sepses/vocab/log/wineventlog#WindowsEventLogEntry","logName":"Security","@context":"http://sepses.ifs.tuwien.ac.at/contexts/wineventlog.jsonld","hasLogType":"wineventlog","source":"Microsoft-Windows-Security-Auditing","resourceAttributes":"S:AI","objectType":"File","objectName":"C:\\Users\\VirtualWindows8User\\UserDocuments","logMessage":"An attempt was made to access an object.\n\nSubject:\n\tSecurity ID:\t\tS-1-5-21-2361021202-3253521353-2316283985-1001\n\tAccount Name:\t\tVirtualWindows8User\n\tAccount Domain:\t\tVirtualWindows8\n\tLogon ID:\t\t0xB74D\n\nObject:\n\tObject Server:\t\tSecurity\n\tObject Type:\t\tFile\n\tObject Name:\t\tC:\\Users\\VirtualWindows8User\\UserDocuments\n\tHandle ID:\t\t0x428\n\tResource Attributes:\tS:AI\n\nProcess Information:\n\tProcess ID:\t\t0x3ec\n\tProcess Name:\t\tC:\\Windows\\explorer.exe\n\nAccess Request Information:\n\tAccesses:\t\tReadAttributes\n\t\t\t\t\n\tAccess Mask:\t\t0x80","timestamp":"2018-08-22T13:34:22.312Z","accesses":"%%4423\n\t\t\t\t","accountDomain":"VirtualWindows8","keyword":["Audit Success"],"@id":"http://example.org/logEntry#logEntry-5a4d8465-b444-44a8-93d5-0f2388472d49","processID":"0x3ec","accountName":"VirtualWindows8User","version":1,"taskCategory":"File System","upCode":"Info","accessMask":"0x80","@timestamp":"2018-08-22T13:34:22.312Z","objectServer":"Security"},
  {"handleID":"0x233c","computerName":"VirtualWindows8","logonID":"0xb74d","processName":"C:\\Windows\\explorer.exe","eventID":4663,"level":"Information","originatesFrom":{"hostName":{"name":"VirtualWindows8"},"@type":"rdf:nodeID","@id":"http://example.org/sepses#1bd949c6-ce08-428d-8d0d-cdd205100a51"},"@type":"http://purl.org/sepses/vocab/log/wineventlog#WindowsEventLogEntry","logName":"Security","@context":"http://sepses.ifs.tuwien.ac.at/contexts/wineventlog.jsonld","hasLogType":"wineventlog","source":"Microsoft-Windows-Security-Auditing","resourceAttributes":"S:AI","objectType":"File","objectName":"C:\\Users\\VirtualWindows8User\\UserDocuments","logMessage":"An attempt was made to access an object.\n\nSubject:\n\tSecurity ID:\t\tS-1-5-21-2361021202-3253521353-2316283985-1001\n\tAccount Name:\t\tVirtualWindows8User\n\tAccount Domain:\t\tVirtualWindows8\n\tLogon ID:\t\t0xB74D\n\nObject:\n\tObject Server:\t\tSecurity\n\tObject Type:\t\tFile\n\tObject Name:\t\tC:\\Users\\VirtualWindows8User\\UserDocuments\n\tHandle ID:\t\t0x233c\n\tResource Attributes:\tS:AI\n\nProcess Information:\n\tProcess ID:\t\t0x3ec\n\tProcess Name:\t\tC:\\Windows\\explorer.exe\n\nAccess Request Information:\n\tAccesses:\t\tReadAttributes\n\t\t\t\t\n\tAccess Mask:\t\t0x80","timestamp":"2018-08-22T13:34:22.453Z","accesses":"%%4423\n\t\t\t\t","accountDomain":"VirtualWindows8","keyword":["Audit Success"],"@id":"http://example.org/logEntry#logEntry-0b0009a2-bbee-4380-acc0-d9475f418dd8","processID":"0x3ec","accountName":"VirtualWindows8User","version":1,"taskCategory":"File System","upCode":"Info","accessMask":"0x80","@timestamp":"2018-08-22T13:34:22.453Z","objectServer":"Security"},
  {"handleID":"0x1fb4","computerName":"VirtualWindows8","logonID":"0xb74d","processName":"C:\\Windows\\explorer.exe","eventID":4656,"level":"Information","originatesFrom":{"hostName":{"name":"VirtualWindows8"},"@type":"rdf:nodeID","@id":"http://example.org/sepses#15ffbaba-190e-47c2-8721-51900af4d048"},"@type":"http://purl.org/sepses/vocab/log/wineventlog#WindowsEventLogEntry","logName":"Security","@context":"http://sepses.ifs.tuwien.ac.at/contexts/wineventlog.jsonld","hasLogType":"wineventlog","source":"Microsoft-Windows-Security-Auditing","resourceAttributes":"-","objectType":"File","objectName":"C:\\Users\\VirtualWindows8User\\UserDocuments","logMessage":"A handle to an object was requested.\n\nSubject:\n\tSecurity ID:\t\tS-1-5-21-2361021202-3253521353-2316283985-1001\n\tAccount Name:\t\tVirtualWindows8User\n\tAccount Domain:\t\tVirtualWindows8\n\tLogon ID:\t\t0xB74D\n\nObject:\n\tObject Server:\t\tSecurity\n\tObject Type:\t\tFile\n\tObject Name:\t\tC:\\Users\\VirtualWindows8User\\UserDocuments\n\tHandle ID:\t\t0x1fb4\n\tResource Attributes:\t-\n\nProcess Information:\n\tProcess ID:\t\t0x3ec\n\tProcess Name:\t\tC:\\Windows\\explorer.exe\n\nAccess Request Information:\n\tTransaction ID:\t\t{00000000-0000-0000-0000-000000000000}\n\tAccesses:\t\tREAD_CONTROL\n\t\t\t\tReadAttributes\n\t\t\t\t\n\tAccess Reasons:\t\tREAD_CONTROL:\tGranted by Ownership\n\t\t\t\tReadAttributes:\tGranted by\tD:(A;OICI;FA;;;S-1-5-21-2361021202-3253521353-2316283985-1001)\n\t\t\t\t\n\tAccess Mask:\t\t0x20080\n\tPrivileges Used for Access Check:\t-\n\tRestricted SID Count:\t0","timestamp":"2018-08-22T13:34:22.187Z","accesses":"%%1538\n\t\t\t\t%%4423\n\t\t\t\t","accountDomain":"VirtualWindows8","keyword":["Audit Success"],"@id":"http://example.org/logEntry#logEntry-5ed2b8d4-c087-456f-b034-86975aaa6fd5","processID":"0x3ec","accountName":"VirtualWindows8User","version":1,"taskCategory":"File System","upCode":"Info","accessMask":"0x20080","@timestamp":"2018-08-22T13:34:22.187Z","objectServer":"Security"},
  {"handleID":"0x2428","computerName":"VirtualWindows8","logonID":"0xb74d","processName":"C:\\Windows\\explorer.exe","eventID":4656,"level":"Information","originatesFrom":{"hostName":{"name":"VirtualWindows8"},"@type":"rdf:nodeID","@id":"http://example.org/sepses#50f5a727-0e4a-415c-bee8-aa88d2facb6e"},"@type":"http://purl.org/sepses/vocab/log/wineventlog#WindowsEventLogEntry","logName":"Security","@context":"http://sepses.ifs.tuwien.ac.at/contexts/wineventlog.jsonld","hasLogType":"wineventlog","source":"Microsoft-Windows-Security-Auditing","resourceAttributes":"-","objectType":"File","objectName":"C:\\Users\\VirtualWindows8User\\UserDocuments","logMessage":"A handle to an object was requested.\n\nSubject:\n\tSecurity ID:\t\tS-1-5-21-2361021202-3253521353-2316283985-1001\n\tAccount Name:\t\tVirtualWindows8User\n\tAccount Domain:\t\tVirtualWindows8\n\tLogon ID:\t\t0xB74D\n\nObject:\n\tObject Server:\t\tSecurity\n\tObject Type:\t\tFile\n\tObject Name:\t\tC:\\Users\\VirtualWindows8User\\UserDocuments\n\tHandle ID:\t\t0x2428\n\tResource Attributes:\t-\n\nProcess Information:\n\tProcess ID:\t\t0x3ec\n\tProcess Name:\t\tC:\\Windows\\explorer.exe\n\nAccess Request Information:\n\tTransaction ID:\t\t{00000000-0000-0000-0000-000000000000}\n\tAccesses:\t\tREAD_CONTROL\n\t\t\t\tReadAttributes\n\t\t\t\t\n\tAccess Reasons:\t\tREAD_CONTROL:\tGranted by Ownership\n\t\t\t\tReadAttributes:\tGranted by\tD:(A;OICI;FA;;;S-1-5-21-2361021202-3253521353-2316283985-1001)\n\t\t\t\t\n\tAccess Mask:\t\t0x20080\n\tPrivileges Used for Access Check:\t-\n\tRestricted SID Count:\t0","timestamp":"2018-08-22T13:34:22.202Z","accesses":"%%1538\n\t\t\t\t%%4423\n\t\t\t\t","accountDomain":"VirtualWindows8","keyword":["Audit Success"],"@id":"http://example.org/logEntry#logEntry-69fcdf50-d028-4825-ad73-b89ce4afab18","processID":"0x3ec","accountName":"VirtualWindows8User","version":1,"taskCategory":"File System","upCode":"Info","accessMask":"0x20080","@timestamp":"2018-08-22T13:34:22.202Z","objectServer":"Security"},
  {"handleID":"0x428","computerName":"VirtualWindows8","logonID":"0xb74d","processName":"C:\\Windows\\explorer.exe","eventID":4656,"level":"Information","originatesFrom":{"hostName":{"name":"VirtualWindows8"},"@type":"rdf:nodeID","@id":"http://example.org/sepses#dd61fa13-9436-4fe7-ab4a-c5cce75accf8"},"@type":"http://purl.org/sepses/vocab/log/wineventlog#WindowsEventLogEntry","logName":"Security","@context":"http://sepses.ifs.tuwien.ac.at/contexts/wineventlog.jsonld","hasLogType":"wineventlog","source":"Microsoft-Windows-Security-Auditing","resourceAttributes":"-","objectType":"File","objectName":"C:\\Users\\VirtualWindows8User\\UserDocuments","logMessage":"A handle to an object was requested.\n\nSubject:\n\tSecurity ID:\t\tS-1-5-21-2361021202-3253521353-2316283985-1001\n\tAccount Name:\t\tVirtualWindows8User\n\tAccount Domain:\t\tVirtualWindows8\n\tLogon ID:\t\t0xB74D\n\nObject:\n\tObject Server:\t\tSecurity\n\tObject Type:\t\tFile\n\tObject Name:\t\tC:\\Users\\VirtualWindows8User\\UserDocuments\n\tHandle ID:\t\t0x428\n\tResource Attributes:\t-\n\nProcess Information:\n\tProcess ID:\t\t0x3ec\n\tProcess Name:\t\tC:\\Windows\\explorer.exe\n\nAccess Request Information:\n\tTransaction ID:\t\t{00000000-0000-0000-0000-000000000000}\n\tAccesses:\t\tREAD_CONTROL\n\t\t\t\tReadAttributes\n\t\t\t\t\n\tAccess Reasons:\t\tREAD_CONTROL:\tGranted by Ownership\n\t\t\t\tReadAttributes:\tGranted by\tD:(A;OICI;FA;;;S-1-5-21-2361021202-3253521353-2316283985-1001)\n\t\t\t\t\n\tAccess Mask:\t\t0x20080\n\tPrivileges Used for Access Check:\t-\n\tRestricted SID Count:\t0","timestamp":"2018-08-22T13:34:22.312Z","accesses":"%%1538\n\t\t\t\t%%4423\n\t\t\t\t","accountDomain":"VirtualWindows8","keyword":["Audit Success"],"@id":"http://example.org/logEntry#logEntry-05ee2c89-0672-4256-8f22-663ee609786f","processID":"0x3ec","accountName":"VirtualWindows8User","version":1,"taskCategory":"File System","upCode":"Info","accessMask":"0x20080","@timestamp":"2018-08-22T13:34:22.312Z","objectServer":"Security"},
