  {"handleID":"0x1c24","computerName":"VirtualWindows8","logonID":"0xb74d","processName":"C:\\Program Files (x86)\\Dropbox\\Client\\Dropbox.exe","eventID":4656,"level":"Information","originatesFrom":{"hostName":{"name":"VirtualWindows8"},"@type":"rdf:nodeID","@id":"http://example.org/sepses#d5ee63c0-14ab-47f9-902f-2ec0be4ffbd1"},"@type":"http://purl.org/sepses/vocab/log/wineventlog#WindowsEventLogEntry","logName":"Security","@context":"http://sepses.ifs.tuwien.ac.at/contexts/wineventlog.jsonld","hasLogType":"wineventlog","source":"Microsoft-Windows-Security-Auditing","resourceAttributes":"-","objectType":"File","objectName":"C:\\Users\\VirtualWindows8User\\Dropbox\\New Text Document.txt","logMessage":"A handle to an object was requested.\n\nSubject:\n\tSecurity ID:\t\tS-1-5-21-2361021202-3253521353-2316283985-1001\n\tAccount Name:\t\tVirtualWindows8User\n\tAccount Domain:\t\tVirtualWindows8\n\tLogon ID:\t\t0xB74D\n\nObject:\n\tObject Server:\t\tSecurity\n\tObject Type:\t\tFile\n\tObject Name:\t\tC:\\Users\\VirtualWindows8User\\Dropbox\\New Text Document.txt\n\tHandle ID:\t\t0x1c24\n\tResource Attributes:\t-\n\nProcess Information:\n\tProcess ID:\t\t0xbfc\n\tProcess Name:\t\tC:\\Program Files (x86)\\Dropbox\\Client\\Dropbox.exe\n\nAccess Request Information:\n\tTransaction ID:\t\t{00000000-0000-0000-0000-000000000000}\n\tAccesses:\t\tSYNCHRONIZE\n\t\t\t\tReadAttributes\n\t\t\t\t\n\tAccess Reasons:\t\tSYNCHRONIZE:\tGranted by\tD:(A;;FA;;;S-1-5-21-2361021202-3253521353-2316283985-1001)\n\t\t\t\tReadAttributes:\tGranted by\tD:(A;;FA;;;S-1-5-21-2361021202-3253521353-2316283985-1001)\n\t\t\t\t\n\tAccess Mask:\t\t0x100080\n\tPrivileges Used for Access Check:\t-\n\tRestricted SID Count:\t0","timestamp":"2018-08-22T13:34:59.983Z","accesses":"%%1541\n\t\t\t\t%%4423\n\t\t\t\t","accountDomain":"VirtualWindows8","keyword":["Audit Success"],"@id":"http://example.org/logEntry#logEntry-bc8d02a6-96c8-498c-97de-40fa06b50493","processID":"0xbfc","accountName":"VirtualWindows8User","version":1,"taskCategory":"File System","upCode":"Info","accessMask":"0x100080","@timestamp":"2018-08-22T13:34:59.983Z","objectServer":"Security"},
  {"handleID":"0x1c24","computerName":"VirtualWindows8","logonID":"0xb74d","processName":"C:\\Program Files (x86)\\Dropbox\\Client\\Dropbox.exe","eventID":4656,"level":"Information","originatesFrom":{"hostName":{"name":"VirtualWindows8"},"@type":"rdf:nodeID","@id":"http://example.org/sepses#0a565626-73ff-405f-bf27-906901ebbe6f"},"@type":"http://purl.org/sepses/vocab/log/wineventlog#WindowsEventLogEntry","logName":"Security","@context":"http://sepses.ifs.tuwien.ac.at/contexts/wineventlog.jsonld","hasLogType":"wineventlog","source":"Microsoft-Windows-Security-Auditing","resourceAttributes":"-","objectType":"File","objectName":"C:\\Users\\VirtualWindows8User\\Dropbox\\New Text Document.txt","logMessage":"A handle to an object was requested.\n\nSubject:\n\tSecurity ID:\t\tS-1-5-21-2361021202-3253521353-2316283985-1001\n\tAccount Name:\t\tVirtualWindows8User\n\tAccount Domain:\t\tVirtualWindows8\n\tLogon ID:\t\t0xB74D\n\nObject:\n\tObject Server:\t\tSecurity\n\tObject Type:\t\tFile\n\tObject Name:\t\tC:\\Users\\VirtualWindows8User\\Dropbox\\New Text Document.txt\n\tHandle ID:\t\t0x1c24\n\tResource Attributes:\t-\n\nProcess Information:\n\tProcess ID:\t\t0xbfc\n\tProcess Name:\t\tC:\\Program Files (x86)\\Dropbox\\Client\\Dropbox.exe\n\nAccess Request Information:\n\tTransaction ID:\t\t{00000000-0000-0000-0000-000000000000}\n\tAccesses:\t\tREAD_CONTROL\n\t\t\t\tReadAttributes\n\t\t\t\t\n\tAccess Reasons:\t\tREAD_CONTROL:\tGranted by Ownership\n\t\t\t\tReadAttributes:\tGranted by\tD:(A;;FA;;;S-1-5-21-2361021202-3253521353-2316283985-1001)\n\t\t\t\t\n\tAccess Mask:\t\t0x20080\n\tPrivileges Used for Access Check:\t-\n\tRestricted SID Count:\t0","timestamp":"2018-08-22T13:34:59.983Z","accesses":"%%1538\n\t\t\t\t%%4423\n\t\t\t\t","accountDomain":"VirtualWindows8","keyword":["Audit Success"],"@id":"http://example.org/logEntry#logEntry-ed1d1a62-bf61-4e9c-9fa1-cb5d853df257","processID":"0xbfc","accountName":"VirtualWindows8User","version":1,"taskCategory":"File System","upCode":"Info","accessMask":"0x20080","@timestamp":"2018-08-22T13:34:59.983Z","objectServer":"Security"},
  {"handleID":"0x1bd4","computerName":"VirtualWindows8","logonID":"0xb74d","processName":"C:\\Program Files (x86)\\Dropbox\\Client\\Dropbox.exe","eventID":4656,"level":"Information","originatesFrom":{"hostName":{"name":"VirtualWindows8"},"@type":"rdf:nodeID","@id":"http://example.org/sepses#82ea0a61-0cdb-407e-84fd-06c4f1e93b52"},"@type":"http://purl.org/sepses/vocab/log/wineventlog#WindowsEventLogEntry","logName":"Security","@context":"http://sepses.ifs.tuwien.ac.at/contexts/wineventlog.jsonld","hasLogType":"wineventlog","source":"Microsoft-Windows-Security-Auditing","resourceAttributes":"-","objectType":"File","objectName":"C:\\Users\\VirtualWindows8User\\Dropbox\\New Text Document.txt","logMessage":"A handle to an object was requested.\n\nSubject:\n\tSecurity ID:\t\tS-1-5-21-2361021202-3253521353-2316283985-1001\n\tAccount Name:\t\tVirtualWindows8User\n\tAccount Domain:\t\tVirtualWindows8\n\tLogon ID:\t\t0xB74D\n\nObject:\n\tObject Server:\t\tSecurity\n\tObject Type:\t\tFile\n\tObject Name:\t\tC:\\Users\\VirtualWindows8User\\Dropbox\\New Text Document.txt\n\tHandle ID:\t\t0x1bd4\n\tResource Attributes:\t-\n\nProcess Information:\n\tProcess ID:\t\t0xbfc\n\tProcess Name:\t\tC:\\Program Files (x86)\\Dropbox\\Client\\Dropbox.exe\n\nAccess Request Information:\n\tTransaction ID:\t\t{00000000-0000-0000-0000-000000000000}\n\tAccesses:\t\tSYNCHRONIZE\n\t\t\t\tReadAttributes\n\t\t\t\t\n\tAccess Reasons:\t\tSYNCHRONIZE:\tGranted by\tD:(A;;FA;;;S-1-5-21-2361021202-3253521353-2316283985-1001)\n\t\t\t\tReadAttributes:\tGranted by\tD:(A;;FA;;;S-1-5-21-2361021202-3253521353-2316283985-1001)\n\t\t\t\t\n\tAccess Mask:\t\t0x100080\n\tPrivileges Used for Access Check:\t-\n\tRestricted SID Count:\t0","timestamp":"2018-08-22T13:34:59.999Z","accesses":"%%1541\n\t\t\t\t%%4423\n\t\t\t\t","accountDomain":"VirtualWindows8","keyword":["Audit Success"],"@id":"http://example.org/logEntry#logEntry-fb18b829-3136-4aad-a3b8-a9bbc1735a8b","processID":"0xbfc","accountName":"VirtualWindows8User","version":1,"taskCategory":"File System","upCode":"Info","accessMask":"0x100080","@timestamp":"2018-08-22T13:34:59.999Z","objectServer":"Security"},
  {"handleID":"0x1bd4","computerName":"VirtualWindows8","logonID":"0xb74d","processName":"C:\\Program Files (x86)\\Dropbox\\Client\\Dropbox.exe","eventID":4656,"level":"Information","originatesFrom":{"hostName":{"name":"VirtualWindows8"},"@type":"rdf:nodeID","@id":"http://example.org/sepses#34ab0a74-0476-451b-92b8-c231ed18b51b"},"@type":"http://purl.org/sepses/vocab/log/wineventlog#WindowsEventLogEntry","logName":"Security","@context":"http://sepses.ifs.tuwien.ac.at/contexts/wineventlog.jsonld","hasLogType":"wineventlog","source":"Microsoft-Windows-Security-Auditing","resourceAttributes":"-","objectType":"File","objectName":"C:\\Users\\VirtualWindows8User\\Dropbox\\New Text Document.txt","logMessage":"A handle to an object was requested.\n\nSubject:\n\tSecurity ID:\t\tS-1-5-21-2361021202-3253521353-2316283985-1001\n\tAccount Name:\t\tVirtualWindows8User\n\tAccount Domain:\t\tVirtualWindows8\n\tLogon ID:\t\t0xB74D\n\nObject:\n\tObject Server:\t\tSecurity\n\tObject Type:\t\tFile\n\tObject Name:\t\tC:\\Users\\VirtualWindows8User\\Dropbox\\New Text Document.txt\n\tHandle ID:\t\t0x1bd4\n\tResource Attributes:\t-\n\nProcess Information:\n\tProcess ID:\t\t0xbfc\n\tProcess Name:\t\tC:\\Program Files (x86)\\Dropbox\\Client\\Dropbox.exe\n\nAccess Request Information:\n\tTransaction ID:\t\t{00000000-0000-0000-0000-000000000000}\n\tAccesses:\t\tSYNCHRONIZE\n\t\t\t\tReadAttributes\n\t\t\t\t\n\tAccess Reasons:\t\tSYNCHRONIZE:\tGranted by\tD:(A;;FA;;;S-1-5-21-2361021202-3253521353-2316283985-1001)\n\t\t\t\tReadAttributes:\tGranted by\tD:(A;;FA;;;S-1-5-21-2361021202-3253521353-2316283985-1001)\n\t\t\t\t\n\tAccess Mask:\t\t0x100080\n\tPrivileges Used for Access Check:\t-\n\tRestricted SID Count:\t0","timestamp":"2018-08-22T13:34:59.999Z","accesses":"%%1541\n\t\t\t\t%%4423\n\t\t\t\t","accountDomain":"VirtualWindows8","keyword":["Audit Success"],"@id":"http://example.org/logEntry#logEntry-67a6c26e-3be9-4a59-b19d-b855ab2ba258","processID":"0xbfc","accountName":"VirtualWindows8User","version":1,"taskCategory":"File System","upCode":"Info","accessMask":"0x100080","@timestamp":"2018-08-22T13:34:59.999Z","objectServer":"Security"},
  {"handleID":"0x1bd4","computerName":"VirtualWindows8","logonID":"0xb74d","processName":"C:\\Program Files (x86)\\Dropbox\\Client\\Dropbox.exe","eventID":4663,"level":"Information","originatesFrom":{"hostName":{"name":"VirtualWindows8"},"@type":"rdf:nodeID","@id":"http://example.org/sepses#9b70f3fc-e44a-4527-b54f-368b6fd33d9b"},"@type":"http://purl.org/sepses/vocab/log/wineventlog#WindowsEventLogEntry","logName":"Security","@context":"http://sepses.ifs.tuwien.ac.at/contexts/wineventlog.jsonld","hasLogType":"wineventlog","source":"Microsoft-Windows-Security-Auditing","resourceAttributes":"S:AI","objectType":"File","objectName":"C:\\Users\\VirtualWindows8User\\Dropbox\\New Text Document.txt","logMessage":"An attempt was made to access an object.\n\nSubject:\n\tSecurity ID:\t\tS-1-5-21-2361021202-3253521353-2316283985-1001\n\tAccount Name:\t\tVirtualWindows8User\n\tAccount Domain:\t\tVirtualWindows8\n\tLogon ID:\t\t0xB74D\n\nObject:\n\tObject Server:\t\tSecurity\n\tObject Type:\t\tFile\n\tObject Name:\t\tC:\\Users\\VirtualWindows8User\\Dropbox\\New Text Document.txt\n\tHandle ID:\t\t0x1bd4\n\tResource Attributes:\tS:AI\n\nProcess Information:\n\tProcess ID:\t\t0xbfc\n\tProcess Name:\t\tC:\\Program Files (x86)\\Dropbox\\Client\\Dropbox.exe\n\nAccess Request Information:\n\tAccesses:\t\tReadAttributes\n\t\t\t\t\n\tAccess Mask:\t\t0x80","timestamp":"2018-08-22T13:34:59.999Z","accesses":"%%4423\n\t\t\t\t","accountDomain":"VirtualWindows8","keyword":["Audit Success"],"@id":"http://example.org/logEntry#logEntry-7f8857ef-1d7f-4e22-be9c-946e0ba286a1","processID":"0xbfc","accountName":"VirtualWindows8User","version":1,"taskCategory":"File System","upCode":"Info","accessMask":"0x80","@timestamp":"2018-08-22T13:34:59.999Z","objectServer":"Security"},
  {"handleID":"0x1cb4","computerName":"VirtualWindows8","logonID":"0xb74d","processName":"C:\\Program Files (x86)\\Dropbox\\Client\\Dropbox.exe","eventID":4663,"level":"Information","originatesFrom":{"hostName":{"name":"VirtualWindows8"},"@type":"rdf:nodeID","@id":"http://example.org/sepses#761509d5-f58e-4be3-94d8-714423d209d7"},"@type":"http://purl.org/sepses/vocab/log/wineventlog#WindowsEventLogEntry","logName":"Security","@context":"http://sepses.ifs.tuwien.ac.at/contexts/wineventlog.jsonld","hasLogType":"wineventlog","source":"Microsoft-Windows-Security-Auditing","resourceAttributes":"S:AI","objectType":"File","objectName":"C:\\Users\\VirtualWindows8User\\Dropbox\\New Text Document.txt","logMessage":"An attempt was made to access an object.\n\nSubject:\n\tSecurity ID:\t\tS-1-5-21-2361021202-3253521353-2316283985-1001\n\tAccount Name:\t\tVirtualWindows8User\n\tAccount Domain:\t\tVirtualWindows8\n\tLogon ID:\t\t0xB74D\n\nObject:\n\tObject Server:\t\tSecurity\n\tObject Type:\t\tFile\n\tObject Name:\t\tC:\\Users\\VirtualWindows8User\\Dropbox\\New Text Document.txt\n\tHandle ID:\t\t0x1cb4\n\tResource Attributes:\tS:AI\n\nProcess Information:\n\tProcess ID:\t\t0xbfc\n\tProcess Name:\t\tC:\\Program Files (x86)\\Dropbox\\Client\\Dropbox.exe\n\nAccess Request Information:\n\tAccesses:\t\tReadAttributes\n\t\t\t\t\n\tAccess Mask:\t\t0x80","timestamp":"2018-08-22T13:35:00.015Z","accesses":"%%4423\n\t\t\t\t","accountDomain":"VirtualWindows8","keyword":["Audit Success"],"@id":"http://example.org/logEntry#logEntry-ae9ef690-68e5-4cbf-945d-f96288d8ac6f","processID":"0xbfc","accountName":"VirtualWindows8User","version":1,"taskCategory":"File System","upCode":"Info","accessMask":"0x80","@timestamp":"2018-08-22T13:35:00.015Z","objectServer":"Security"},
  {"handleID":"0x8a4","computerName":"VirtualWindows8","logonID":"0xb74d","processName":"C:\\Program Files (x86)\\Dropbox\\Client\\Dropbox.exe","eventID":4663,"level":"Information","originatesFrom":{"hostName":{"name":"VirtualWindows8"},"@type":"rdf:nodeID","@id":"http://example.org/sepses#3fc52b70-8b46-4e39-8331-f10e61d727c3"},"@type":"http://purl.org/sepses/vocab/log/wineventlog#WindowsEventLogEntry","logName":"Security","@context":"http://sepses.ifs.tuwien.ac.at/contexts/wineventlog.jsonld","hasLogType":"wineventlog","source":"Microsoft-Windows-Security-Auditing","resourceAttributes":"S:AI","objectType":"File","objectName":"C:\\Users\\VirtualWindows8User\\Dropbox\\New Text Document.txt","logMessage":"An attempt was made to access an object.\n\nSubject:\n\tSecurity ID:\t\tS-1-5-21-2361021202-3253521353-2316283985-1001\n\tAccount Name:\t\tVirtualWindows8User\n\tAccount Domain:\t\tVirtualWindows8\n\tLogon ID:\t\t0xB74D\n\nObject:\n\tObject Server:\t\tSecurity\n\tObject Type:\t\tFile\n\tObject Name:\t\tC:\\Users\\VirtualWindows8User\\Dropbox\\New Text Document.txt\n\tHandle ID:\t\t0x8a4\n\tResource Attributes:\tS:AI\n\nProcess Information:\n\tProcess ID:\t\t0xbfc\n\tProcess Name:\t\tC:\\Program Files (x86)\\Dropbox\\Client\\Dropbox.exe\n\nAccess Request Information:\n\tAccesses:\t\tReadAttributes\n\t\t\t\t\n\tAccess Mask:\t\t0x80","timestamp":"2018-08-22T13:35:00.015Z","accesses":"%%4423\n\t\t\t\t","accountDomain":"VirtualWindows8","keyword":["Audit Success"],"@id":"http://example.org/logEntry#logEntry-575f2a4c-1eb0-4e16-bb12-43e09489cccc","processID":"0xbfc","accountName":"VirtualWindows8User","version":1,"taskCategory":"File System","upCode":"Info","accessMask":"0x80","@timestamp":"2018-08-22T13:35:00.015Z","objectServer":"Security"},
  {"handleID":"0x1cb0","computerName":"VirtualWindows8","logonID":"0xb74d","processName":"C:\\Windows\\explorer.exe","eventID":4656,"level":"Information","originatesFrom":{"hostName":{"name":"VirtualWindows8"},"@type":"rdf:nodeID","@id":"http://example.org/sepses#972a3558-36e3-4278-a526-fc3494fbd093"},"@type":"http://purl.org/sepses/vocab/log/wineventlog#WindowsEventLogEntry","logName":"Security","@context":"http://sepses.ifs.tuwien.ac.at/contexts/wineventlog.jsonld","hasLogType":"wineventlog","source":"Microsoft-Windows-Security-Auditing","resourceAttributes":"-","objectType":"File","objectName":"C:\\Users\\VirtualWindows8User\\Dropbox","logMessage":"A handle to an object was requested.\n\nSubject:\n\tSecurity ID:\t\tS-1-5-21-2361021202-3253521353-2316283985-1001\n\tAccount Name:\t\tVirtualWindows8User\n\tAccount Domain:\t\tVirtualWindows8\n\tLogon ID:\t\t0xB74D\n\nObject:\n\tObject Server:\t\tSecurity\n\tObject Type:\t\tFile\n\tObject Name:\t\tC:\\Users\\VirtualWindows8User\\Dropbox\n\tHandle ID:\t\t0x1cb0\n\tResource Attributes:\t-\n\nProcess Information:\n\tProcess ID:\t\t0x3ec\n\tProcess Name:\t\tC:\\Windows\\explorer.exe\n\nAccess Request Information:\n\tTransaction ID:\t\t{00000000-0000-0000-0000-000000000000}\n\tAccesses:\t\tSYNCHRONIZE\n\t\t\t\tReadAttributes\n\t\t\t\t\n\tAccess Reasons:\t\tSYNCHRONIZE:\tGranted by\tD:(A;OICI;FA;;;S-1-5-21-2361021202-3253521353-2316283985-1001)\n\t\t\t\tReadAttributes:\tGranted by\tD:(A;OICI;FA;;;S-1-5-21-2361021202-3253521353-2316283985-1001)\n\t\t\t\t\n\tAccess Mask:\t\t0x100080\n\tPrivileges Used for Access Check:\t-\n\tRestricted SID Count:\t0","timestamp":"2018-08-22T13:35:00.031Z","accesses":"%%1541\n\t\t\t\t%%4423\n\t\t\t\t","accountDomain":"VirtualWindows8","keyword":["Audit Success"],"@id":"http://example.org/logEntry#logEntry-1451d486-0eff-4912-8f27-61a3c3b2470c","processID":"0x3ec","accountName":"VirtualWindows8User","version":1,"taskCategory":"File System","upCode":"Info","accessMask":"0x100080","@timestamp":"2018-08-22T13:35:00.031Z","objectServer":"Security"},
  {"handleID":"0x207c","computerName":"VirtualWindows8","logonID":"0xb74d","processName":"C:\\Windows\\explorer.exe","eventID":4656,"level":"Information","originatesFrom":{"hostName":{"name":"VirtualWindows8"},"@type":"rdf:nodeID","@id":"http://example.org/sepses#8afd454f-9aef-4086-b97b-8d984dfc78cb"},"@type":"http://purl.org/sepses/vocab/log/wineventlog#WindowsEventLogEntry","logName":"Security","@context":"http://sepses.ifs.tuwien.ac.at/contexts/wineventlog.jsonld","hasLogType":"wineventlog","source":"Microsoft-Windows-Security-Auditing","resourceAttributes":"-","objectType":"File","objectName":"C:\\Users\\VirtualWindows8User\\Dropbox","logMessage":"A handle to an object was requested.\n\nSubject:\n\tSecurity ID:\t\tS-1-5-21-2361021202-3253521353-2316283985-1001\n\tAccount Name:\t\tVirtualWindows8User\n\tAccount Domain:\t\tVirtualWindows8\n\tLogon ID:\t\t0xB74D\n\nObject:\n\tObject Server:\t\tSecurity\n\tObject Type:\t\tFile\n\tObject Name:\t\tC:\\Users\\VirtualWindows8User\\Dropbox\n\tHandle ID:\t\t0x207c\n\tResource Attributes:\t-\n\nProcess Information:\n\tProcess ID:\t\t0x3ec\n\tProcess Name:\t\tC:\\Windows\\explorer.exe\n\nAccess Request Information:\n\tTransaction ID:\t\t{00000000-0000-0000-0000-000000000000}\n\tAccesses:\t\tREAD_CONTROL\n\t\t\t\tReadAttributes\n\t\t\t\t\n\tAccess Reasons:\t\tREAD_CONTROL:\tGranted by Ownership\n\t\t\t\tReadAttributes:\tGranted by\tD:(A;OICI;FA;;;S-1-5-21-2361021202-3253521353-2316283985-1001)\n\t\t\t\t\n\tAccess Mask:\t\t0x20080\n\tPrivileges Used for Access Check:\t-\n\tRestricted SID Count:\t0","timestamp":"2018-08-22T13:35:00.046Z","accesses":"%%1538\n\t\t\t\t%%4423\n\t\t\t\t","accountDomain":"VirtualWindows8","keyword":["Audit Success"],"@id":"http://example.org/logEntry#logEntry-fe1a6ffa-3291-4381-833f-93103fa81f64","processID":"0x3ec","accountName":"VirtualWindows8User","version":1,"taskCategory":"File System","upCode":"Info","accessMask":"0x20080","@timestamp":"2018-08-22T13:35:00.046Z","objectServer":"Security"},
  {"handleID":"0x2370","computerName":"VirtualWindows8","logonID":"0xb74d","processName":"C:\\Windows\\explorer.exe","eventID":4656,"level":"Information","originatesFrom":{"hostName":{"name":"VirtualWindows8"},"@type":"rdf:nodeID","@id":"http://example.org/sepses#f908782f-7be7-4edc-958e-a9db0565732b"},"@type":"http://purl.org/sepses/vocab/log/wineventlog#WindowsEventLogEntry","logName":"Security","@context":"http://sepses.ifs.tuwien.ac.at/contexts/wineventlog.jsonld","hasLogType":"wineventlog","source":"Microsoft-Windows-Security-Auditing","resourceAttributes":"-","objectType":"File","objectName":"C:\\Users\\VirtualWindows8User\\Dropbox","logMessage":"A handle to an object was requested.\n\nSubject:\n\tSecurity ID:\t\tS-1-5-21-2361021202-3253521353-2316283985-1001\n\tAccount Name:\t\tVirtualWindows8User\n\tAccount Domain:\t\tVirtualWindows8\n\tLogon ID:\t\t0xB74D\n\nObject:\n\tObject Server:\t\tSecurity\n\tObject Type:\t\tFile\n\tObject Name:\t\tC:\\Users\\VirtualWindows8User\\Dropbox\n\tHandle ID:\t\t0x2370\n\tResource Attributes:\t-\n\nProcess Information:\n\tProcess ID:\t\t0x3ec\n\tProcess Name:\t\tC:\\Windows\\explorer.exe\n\nAccess Request Information:\n\tTransaction ID:\t\t{00000000-0000-0000-0000-000000000000}\n\tAccesses:\t\tREAD_CONTROL\n\t\t\t\tReadAttributes\n\t\t\t\t\n\tAccess Reasons:\t\tREAD_CONTROL:\tGranted by Ownership\n\t\t\t\tReadAttributes:\tGranted by\tD:(A;OICI;FA;;;S-1-5-21-2361021202-3253521353-2316283985-1001)\n\t\t\t\t\n\tAccess Mask:\t\t0x20080\n\tPrivileges Used for Access Check:\t-\n\tRestricted SID Count:\t0","timestamp":"2018-08-22T13:35:00.046Z","accesses":"%%1538\n\t\t\t\t%%4423\n\t\t\t\t","accountDomain":"VirtualWindows8","keyword":["Audit Success"],"@id":"http://example.org/logEntry#logEntry-48443b0a-c415-4d2d-994e-93662accf0ba","processID":"0x3ec","accountName":"VirtualWindows8User","version":1,"taskCategory":"File System","upCode":"Info","accessMask":"0x20080","@timestamp":"2018-08-22T13:35:00.046Z","objectServer":"Security"},
  {"handleID":"0x758","computerName":"VirtualWindows8","logonID":"0xb74d","processName":"C:\\Program Files (x86)\\Dropbox\\Client\\Dropbox.exe","eventID":4656,"level":"Information","originatesFrom":{"hostName":{"name":"VirtualWindows8"},"@type":"rdf:nodeID","@id":"http://example.org/sepses#5f12d7cd-d235-4f1f-8b24-08de94acd2f4"},"@type":"http://purl.org/sepses/vocab/log/wineventlog#WindowsEventLogEntry","logName":"Security","@context":"http://sepses.ifs.tuwien.ac.at/contexts/wineventlog.jsonld","hasLogType":"wineventlog","source":"Microsoft-Windows-Security-Auditing","resourceAttributes":"-","objectType":"File","objectName":"C:\\Users\\VirtualWindows8User\\Dropbox","logMessage":"A handle to an object was requested.\n\nSubject:\n\tSecurity ID:\t\tS-1-5-21-2361021202-3253521353-2316283985-1001\n\tAccount Name:\t\tVirtualWindows8User\n\tAccount Domain:\t\tVirtualWindows8\n\tLogon ID:\t\t0xB74D\n\nObject:\n\tObject Server:\t\tSecurity\n\tObject Type:\t\tFile\n\tObject Name:\t\tC:\\Users\\VirtualWindows8User\\Dropbox\n\tHandle ID:\t\t0x758\n\tResource Attributes:\t-\n\nProcess Information:\n\tProcess ID:\t\t0xbfc\n\tProcess Name:\t\tC:\\Program Files (x86)\\Dropbox\\Client\\Dropbox.exe\n\nAccess Request Information:\n\tTransaction ID:\t\t{00000000-0000-0000-0000-000000000000}\n\tAccesses:\t\tSYNCHRONIZE\n\t\t\t\tReadAttributes\n\t\t\t\t\n\tAccess Reasons:\t\tSYNCHRONIZE:\tGranted by\tD:(A;OICI;FA;;;S-1-5-21-2361021202-3253521353-2316283985-1001)\n\t\t\t\tReadAttributes:\tGranted by\tD:(A;OICI;FA;;;S-1-5-21-2361021202-3253521353-2316283985-1001)\n\t\t\t\t\n\tAccess Mask:\t\t0x100080\n\tPrivileges Used for Access Check:\t-\n\tRestricted SID Count:\t0","timestamp":"2018-08-22T13:35:00.077Z","accesses":"%%1541\n\t\t\t\t%%4423\n\t\t\t\t","accountDomain":"VirtualWindows8","keyword":["Audit Success"],"@id":"http://example.org/logEntry#logEntry-4ffd5703-7072-4197-a0ea-aad6f4a58d78","processID":"0xbfc","accountName":"VirtualWindows8User","version":1,"taskCategory":"File System","upCode":"Info","accessMask":"0x100080","@timestamp":"2018-08-22T13:35:00.077Z","objectServer":"Security"},
  {"handleID":"0x1cb0","computerName":"VirtualWindows8","logonID":"0xb74d","processName":"C:\\Windows\\explorer.exe","eventID":4656,"level":"Information","originatesFrom":{"hostName":{"name":"VirtualWindows8"},"@type":"rdf:nodeID","@id":"http://example.org/sepses#0d11011f-fece-4aac-b46f-322ad4f5b834"},"@type":"http://purl.org/sepses/vocab/log/wineventlog#WindowsEventLogEntry","logName":"Security","@context":"http://sepses.ifs.tuwien.ac.at/contexts/wineventlog.jsonld","hasLogType":"wineventlog","source":"Microsoft-Windows-Security-Auditing","resourceAttributes":"-","objectType":"File","objectName":"C:\\Users\\VirtualWindows8User\\Dropbox","logMessage":"A handle to an object was requested.\n\nSubject:\n\tSecurity ID:\t\tS-1-5-21-2361021202-3253521353-2316283985-1001\n\tAccount Name:\t\tVirtualWindows8User\n\tAccount Domain:\t\tVirtualWindows8\n\tLogon ID:\t\t0xB74D\n\nObject:\n\tObject Server:\t\tSecurity\n\tObject Type:\t\tFile\n\tObject Name:\t\tC:\\Users\\VirtualWindows8User\\Dropbox\n\tHandle ID:\t\t0x1cb0\n\tResource Attributes:\t-\n\nProcess Information:\n\tProcess ID:\t\t0x3ec\n\tProcess Name:\t\tC:\\Windows\\explorer.exe\n\nAccess Request Information:\n\tTransaction ID:\t\t{00000000-0000-0000-0000-000000000000}\n\tAccesses:\t\tREAD_CONTROL\n\t\t\t\tReadAttributes\n\t\t\t\t\n\tAccess Reasons:\t\tREAD_CONTROL:\tGranted by Ownership\n\t\t\t\tReadAttributes:\tGranted by\tD:(A;OICI;FA;;;S-1-5-21-2361021202-3253521353-2316283985-1001)\n\t\t\t\t\n\tAccess Mask:\t\t0x20080\n\tPrivileges Used for Access Check:\t-\n\tRestricted SID Count:\t0","timestamp":"2018-08-22T13:35:00.171Z","accesses":"%%1538\n\t\t\t\t%%4423\n\t\t\t\t","accountDomain":"VirtualWindows8","keyword":["Audit Success"],"@id":"http://example.org/logEntry#logEntry-765ab8b4-e12c-41f2-9599-9fe7b055113b","processID":"0x3ec","accountName":"VirtualWindows8User","version":1,"taskCategory":"File System","upCode":"Info","accessMask":"0x20080","@timestamp":"2018-08-22T13:35:00.171Z","objectServer":"Security"},
  {"handleID":"0x2428","computerName":"VirtualWindows8","logonID":"0xb74d","processName":"C:\\Windows\\explorer.exe","eventID":4656,"level":"Information","originatesFrom":{"hostName":{"name":"VirtualWindows8"},"@type":"rdf:nodeID","@id":"http://example.org/sepses#8d2010e4-da80-47da-8b27-d637545db811"},"@type":"http://purl.org/sepses/vocab/log/wineventlog#WindowsEventLogEntry","logName":"Security","@context":"http://sepses.ifs.tuwien.ac.at/contexts/wineventlog.jsonld","hasLogType":"wineventlog","source":"Microsoft-Windows-Security-Auditing","resourceAttributes":"-","objectType":"File","objectName":"C:\\Users\\VirtualWindows8User\\Dropbox","logMessage":"A handle to an object was requested.\n\nSubject:\n\tSecurity ID:\t\tS-1-5-21-2361021202-3253521353-2316283985-1001\n\tAccount Name:\t\tVirtualWindows8User\n\tAccount Domain:\t\tVirtualWindows8\n\tLogon ID:\t\t0xB74D\n\nObject:\n\tObject Server:\t\tSecurity\n\tObject Type:\t\tFile\n\tObject Name:\t\tC:\\Users\\VirtualWindows8User\\Dropbox\n\tHandle ID:\t\t0x2428\n\tResource Attributes:\t-\n\nProcess Information:\n\tProcess ID:\t\t0x3ec\n\tProcess Name:\t\tC:\\Windows\\explorer.exe\n\nAccess Request Information:\n\tTransaction ID:\t\t{00000000-0000-0000-0000-000000000000}\n\tAccesses:\t\tREAD_CONTROL\n\t\t\t\tReadAttributes\n\t\t\t\t\n\tAccess Reasons:\t\tREAD_CONTROL:\tGranted by Ownership\n\t\t\t\tReadAttributes:\tGranted by\tD:(A;OICI;FA;;;S-1-5-21-2361021202-3253521353-2316283985-1001)\n\t\t\t\t\n\tAccess Mask:\t\t0x20080\n\tPrivileges Used for Access Check:\t-\n\tRestricted SID Count:\t0","timestamp":"2018-08-22T13:35:00.311Z","accesses":"%%1538\n\t\t\t\t%%4423\n\t\t\t\t","accountDomain":"VirtualWindows8","keyword":["Audit Success"],"@id":"http://example.org/logEntry#logEntry-ef03defe-bf1c-45eb-bf2e-60d1fcb88d40","processID":"0x3ec","accountName":"VirtualWindows8User","version":1,"taskCategory":"File System","upCode":"Info","accessMask":"0x20080","@timestamp":"2018-08-22T13:35:00.311Z","objectServer":"Security"},
  {"handleID":"0x230c","computerName":"VirtualWindows8","logonID":"0xb74d","processName":"C:\\Windows\\explorer.exe","eventID":4663,"level":"Information","originatesFrom":{"hostName":{"name":"VirtualWindows8"},"@type":"rdf:nodeID","@id":"http://example.org/sepses#8dc08e54-827a-4f92-a052-9ec744a92153"},"@type":"http://purl.org/sepses/vocab/log/wineventlog#WindowsEventLogEntry","logName":"Security","@context":"http://sepses.ifs.tuwien.ac.at/contexts/wineventlog.jsonld","hasLogType":"wineventlog","source":"Microsoft-Windows-Security-Auditing","resourceAttributes":"S:AI","objectType":"File","objectName":"C:\\Users\\VirtualWindows8User\\Dropbox","logMessage":"An attempt was made to access an object.\n\nSubject:\n\tSecurity ID:\t\tS-1-5-21-2361021202-3253521353-2316283985-1001\n\tAccount Name:\t\tVirtualWindows8User\n\tAccount Domain:\t\tVirtualWindows8\n\tLogon ID:\t\t0xB74D\n\nObject:\n\tObject Server:\t\tSecurity\n\tObject Type:\t\tFile\n\tObject Name:\t\tC:\\Users\\VirtualWindows8User\\Dropbox\n\tHandle ID:\t\t0x230c\n\tResource Attributes:\tS:AI\n\nProcess Information:\n\tProcess ID:\t\t0x3ec\n\tProcess Name:\t\tC:\\Windows\\explorer.exe\n\nAccess Request Information:\n\tAccesses:\t\tReadAttributes\n\t\t\t\t\n\tAccess Mask:\t\t0x80","timestamp":"2018-08-22T13:35:01.171Z","accesses":"%%4423\n\t\t\t\t","accountDomain":"VirtualWindows8","keyword":["Audit Success"],"@id":"http://example.org/logEntry#logEntry-de8514ab-5900-4c14-9256-5276c5d15af3","processID":"0x3ec","accountName":"VirtualWindows8User","version":1,"taskCategory":"File System","upCode":"Info","accessMask":"0x80","@timestamp":"2018-08-22T13:35:01.171Z","objectServer":"Security"},
  {"handleID":"0x1890","computerName":"VirtualWindows8","logonID":"0xb74d","processName":"C:\\Program Files (x86)\\Dropbox\\Client\\Dropbox.exe","eventID":4663,"level":"Information","originatesFrom":{"hostName":{"name":"VirtualWindows8"},"@type":"rdf:nodeID","@id":"http://example.org/sepses#a024ce0f-bf0a-4306-bcb4-f1fe0f9c1634"},"@type":"http://purl.org/sepses/vocab/log/wineventlog#WindowsEventLogEntry","logName":"Security","@context":"http://sepses.ifs.tuwien.ac.at/contexts/wineventlog.jsonld","hasLogType":"wineventlog","source":"Microsoft-Windows-Security-Auditing","resourceAttributes":"S:AI","objectType":"File","objectName":"C:\\Users\\VirtualWindows8User\\Dropbox\\New Text Document.txt","logMessage":"An attempt was made to access an object.\n\nSubject:\n\tSecurity ID:\t\tS-1-5-21-2361021202-3253521353-2316283985-1001\n\tAccount Name:\t\tVirtualWindows8User\n\tAccount Domain:\t\tVirtualWindows8\n\tLogon ID:\t\t0xB74D\n\nObject:\n\tObject Server:\t\tSecurity\n\tObject Type:\t\tFile\n\tObject Name:\t\tC:\\Users\\VirtualWindows8User\\Dropbox\\New Text Document.txt\n\tHandle ID:\t\t0x1890\n\tResource Attributes:\tS:AI\n\nProcess Information:\n\tProcess ID:\t\t0xbfc\n\tProcess Name:\t\tC:\\Program Files (x86)\\Dropbox\\Client\\Dropbox.exe\n\nAccess Request Information:\n\tAccesses:\t\tReadAttributes\n\t\t\t\t\n\tAccess Mask:\t\t0x80","timestamp":"2018-08-22T13:35:01.171Z","accesses":"%%4423\n\t\t\t\t","accountDomain":"VirtualWindows8","keyword":["Audit Success"],"@id":"http://example.org/logEntry#logEntry-36e70448-e7e1-4fcc-8143-9ef687675533","processID":"0xbfc","accountName":"VirtualWindows8User","version":1,"taskCategory":"File System","upCode":"Info","accessMask":"0x80","@timestamp":"2018-08-22T13:35:01.171Z","objectServer":"Security"},
  {"handleID":"0x1890","computerName":"VirtualWindows8","logonID":"0xb74d","processName":"C:\\Program Files (x86)\\Dropbox\\Client\\Dropbox.exe","eventID":4656,"level":"Information","originatesFrom":{"hostName":{"name":"VirtualWindows8"},"@type":"rdf:nodeID","@id":"http://example.org/sepses#a0b66a05-6767-46a4-84ec-2c41fd2460d5"},"@type":"http://purl.org/sepses/vocab/log/wineventlog#WindowsEventLogEntry","logName":"Security","@context":"http://sepses.ifs.tuwien.ac.at/contexts/wineventlog.jsonld","hasLogType":"wineventlog","source":"Microsoft-Windows-Security-Auditing","resourceAttributes":"-","objectType":"File","objectName":"C:\\Users\\VirtualWindows8User\\Dropbox\\New Text Document.txt","logMessage":"A handle to an object was requested.\n\nSubject:\n\tSecurity ID:\t\tS-1-5-21-2361021202-3253521353-2316283985-1001\n\tAccount Name:\t\tVirtualWindows8User\n\tAccount Domain:\t\tVirtualWindows8\n\tLogon ID:\t\t0xB74D\n\nObject:\n\tObject Server:\t\tSecurity\n\tObject Type:\t\tFile\n\tObject Name:\t\tC:\\Users\\VirtualWindows8User\\Dropbox\\New Text Document.txt\n\tHandle ID:\t\t0x1890\n\tResource Attributes:\t-\n\nProcess Information:\n\tProcess ID:\t\t0xbfc\n\tProcess Name:\t\tC:\\Program Files (x86)\\Dropbox\\Client\\Dropbox.exe\n\nAccess Request Information:\n\tTransaction ID:\t\t{00000000-0000-0000-0000-000000000000}\n\tAccesses:\t\tSYNCHRONIZE\n\t\t\t\tReadAttributes\n\t\t\t\t\n\tAccess Reasons:\t\tSYNCHRONIZE:\tGranted by\tD:(A;;FA;;;S-1-5-21-2361021202-3253521353-2316283985-1001)\n\t\t\t\tReadAttributes:\tGranted by\tD:(A;;FA;;;S-1-5-21-2361021202-3253521353-2316283985-1001)\n\t\t\t\t\n\tAccess Mask:\t\t0x100080\n\tPrivileges Used for Access Check:\t-\n\tRestricted SID Count:\t0","timestamp":"2018-08-22T13:35:01.187Z","accesses":"%%1541\n\t\t\t\t%%4423\n\t\t\t\t","accountDomain":"VirtualWindows8","keyword":["Audit Success"],"@id":"http://example.org/logEntry#logEntry-84bfc9c3-8670-450e-81e8-b3e2bd4f1c47","processID":"0xbfc","accountName":"VirtualWindows8User","version":1,"taskCategory":"File System","upCode":"Info","accessMask":"0x100080","@timestamp":"2018-08-22T13:35:01.187Z","objectServer":"Security"},
  {"handleID":"0x21a0","computerName":"VirtualWindows8","logonID":"0xb74d","processName":"C:\\Windows\\explorer.exe","eventID":4663,"level":"Information","originatesFrom":{"hostName":{"name":"VirtualWindows8"},"@type":"rdf:nodeID","@id":"http://example.org/sepses#71bd5c0b-931e-4a81-a340-8f854319a5db"},"@type":"http://purl.org/sepses/vocab/log/wineventlog#WindowsEventLogEntry","logName":"Security","@context":"http://sepses.ifs.tuwien.ac.at/contexts/wineventlog.jsonld","hasLogType":"wineventlog","source":"Microsoft-Windows-Security-Auditing","resourceAttributes":"S:AI","objectType":"File","objectName":"C:\\Users\\VirtualWindows8User\\Dropbox","logMessage":"An attempt was made to access an object.\n\nSubject:\n\tSecurity ID:\t\tS-1-5-21-2361021202-3253521353-2316283985-1001\n\tAccount Name:\t\tVirtualWindows8User\n\tAccount Domain:\t\tVirtualWindows8\n\tLogon ID:\t\t0xB74D\n\nObject:\n\tObject Server:\t\tSecurity\n\tObject Type:\t\tFile\n\tObject Name:\t\tC:\\Users\\VirtualWindows8User\\Dropbox\n\tHandle ID:\t\t0x21a0\n\tResource Attributes:\tS:AI\n\nProcess Information:\n\tProcess ID:\t\t0x3ec\n\tProcess Name:\t\tC:\\Windows\\explorer.exe\n\nAccess Request Information:\n\tAccesses:\t\tReadAttributes\n\t\t\t\t\n\tAccess Mask:\t\t0x80","timestamp":"2018-08-22T13:35:01.202Z","accesses":"%%4423\n\t\t\t\t","accountDomain":"VirtualWindows8","keyword":["Audit Success"],"@id":"http://example.org/logEntry#logEntry-6ea3db80-8752-43f0-bb7b-f3736c9065b0","processID":"0x3ec","accountName":"VirtualWindows8User","version":1,"taskCategory":"File System","upCode":"Info","accessMask":"0x80","@timestamp":"2018-08-22T13:35:01.202Z","objectServer":"Security"},
  {"handleID":"0x100c","computerName":"VirtualWindows8","logonID":"0xb74d","processName":"C:\\Program Files (x86)\\Dropbox\\Client\\Dropbox.exe","eventID":4663,"level":"Information","originatesFrom":{"hostName":{"name":"VirtualWindows8"},"@type":"rdf:nodeID","@id":"http://example.org/sepses#c45c751b-a181-4f30-bffb-5bacb8cecaeb"},"@type":"http://purl.org/sepses/vocab/log/wineventlog#WindowsEventLogEntry","logName":"Security","@context":"http://sepses.ifs.tuwien.ac.at/contexts/wineventlog.jsonld","hasLogType":"wineventlog","source":"Microsoft-Windows-Security-Auditing","resourceAttributes":"S:AI","objectType":"File","objectName":"C:\\Users\\VirtualWindows8User\\Dropbox\\New Text Document.txt","logMessage":"An attempt was made to access an object.\n\nSubject:\n\tSecurity ID:\t\tS-1-5-21-2361021202-3253521353-2316283985-1001\n\tAccount Name:\t\tVirtualWindows8User\n\tAccount Domain:\t\tVirtualWindows8\n\tLogon ID:\t\t0xB74D\n\nObject:\n\tObject Server:\t\tSecurity\n\tObject Type:\t\tFile\n\tObject Name:\t\tC:\\Users\\VirtualWindows8User\\Dropbox\\New Text Document.txt\n\tHandle ID:\t\t0x100c\n\tResource Attributes:\tS:AI\n\nProcess Information:\n\tProcess ID:\t\t0xbfc\n\tProcess Name:\t\tC:\\Program Files (x86)\\Dropbox\\Client\\Dropbox.exe\n\nAccess Request Information:\n\tAccesses:\t\tReadAttributes\n\t\t\t\t\n\tAccess Mask:\t\t0x80","timestamp":"2018-08-22T13:35:01.202Z","accesses":"%%4423\n\t\t\t\t","accountDomain":"VirtualWindows8","keyword":["Audit Success"],"@id":"http://example.org/logEntry#logEntry-2e4fd2db-ecc8-4e63-90db-51d50b61008f","processID":"0xbfc","accountName":"VirtualWindows8User","version":1,"taskCategory":"File System","upCode":"Info","accessMask":"0x80","@timestamp":"2018-08-22T13:35:01.202Z","objectServer":"Security"},
  {"handleID":"0x1e3c","computerName":"VirtualWindows8","logonID":"0xb74d","processName":"C:\\Windows\\explorer.exe","eventID":4663,"level":"Information","originatesFrom":{"hostName":{"name":"VirtualWindows8"},"@type":"rdf:nodeID","@id":"http://example.org/sepses#ddd5ca79-dd1d-4a53-a859-af54ddf65cb3"},"@type":"http://purl.org/sepses/vocab/log/wineventlog#WindowsEventLogEntry","logName":"Security","@context":"http://sepses.ifs.tuwien.ac.at/contexts/wineventlog.jsonld","hasLogType":"wineventlog","source":"Microsoft-Windows-Security-Auditing","resourceAttributes":"S:AI","objectType":"File","objectName":"C:\\Users\\VirtualWindows8User\\Dropbox","logMessage":"An attempt was made to access an object.\n\nSubject:\n\tSecurity ID:\t\tS-1-5-21-2361021202-3253521353-2316283985-1001\n\tAccount Name:\t\tVirtualWindows8User\n\tAccount Domain:\t\tVirtualWindows8\n\tLogon ID:\t\t0xB74D\n\nObject:\n\tObject Server:\t\tSecurity\n\tObject Type:\t\tFile\n\tObject Name:\t\tC:\\Users\\VirtualWindows8User\\Dropbox\n\tHandle ID:\t\t0x1e3c\n\tResource Attributes:\tS:AI\n\nProcess Information:\n\tProcess ID:\t\t0x3ec\n\tProcess Name:\t\tC:\\Windows\\explorer.exe\n\nAccess Request Information:\n\tAccesses:\t\tReadAttributes\n\t\t\t\t\n\tAccess Mask:\t\t0x80","timestamp":"2018-08-22T13:35:01.312Z","accesses":"%%4423\n\t\t\t\t","accountDomain":"VirtualWindows8","keyword":["Audit Success"],"@id":"http://example.org/logEntry#logEntry-f48beaa2-65b3-4b45-8044-3c5330395fa9","processID":"0x3ec","accountName":"VirtualWindows8User","version":1,"taskCategory":"File System","upCode":"Info","accessMask":"0x80","@timestamp":"2018-08-22T13:35:01.312Z","objectServer":"Security"},
  {"handleID":"0x230c","computerName":"VirtualWindows8","logonID":"0xb74d","processName":"C:\\Windows\\explorer.exe","eventID":4656,"level":"Information","originatesFrom":{"hostName":{"name":"VirtualWindows8"},"@type":"rdf:nodeID","@id":"http://example.org/sepses#c5b1d125-834c-4c47-9857-32f05d59a654"},"@type":"http://purl.org/sepses/vocab/log/wineventlog#WindowsEventLogEntry","logName":"Security","@context":"http://sepses.ifs.tuwien.ac.at/contexts/wineventlog.jsonld","hasLogType":"wineventlog","source":"Microsoft-Windows-Security-Auditing","resourceAttributes":"-","objectType":"File","objectName":"C:\\Users\\VirtualWindows8User\\Dropbox","logMessage":"A handle to an object was requested.\n\nSubject:\n\tSecurity ID:\t\tS-1-5-21-2361021202-3253521353-2316283985-1001\n\tAccount Name:\t\tVirtualWindows8User\n\tAccount Domain:\t\tVirtualWindows8\n\tLogon ID:\t\t0xB74D\n\nObject:\n\tObject Server:\t\tSecurity\n\tObject Type:\t\tFile\n\tObject Name:\t\tC:\\Users\\VirtualWindows8User\\Dropbox\n\tHandle ID:\t\t0x230c\n\tResource Attributes:\t-\n\nProcess Information:\n\tProcess ID:\t\t0x3ec\n\tProcess Name:\t\tC:\\Windows\\explorer.exe\n\nAccess Request Information:\n\tTransaction ID:\t\t{00000000-0000-0000-0000-000000000000}\n\tAccesses:\t\tREAD_CONTROL\n\t\t\t\tReadAttributes\n\t\t\t\t\n\tAccess Reasons:\t\tREAD_CONTROL:\tGranted by Ownership\n\t\t\t\tReadAttributes:\tGranted by\tD:(A;OICI;FA;;;S-1-5-21-2361021202-3253521353-2316283985-1001)\n\t\t\t\t\n\tAccess Mask:\t\t0x20080\n\tPrivileges Used for Access Check:\t-\n\tRestricted SID Count:\t0","timestamp":"2018-08-22T13:35:01.171Z","accesses":"%%1538\n\t\t\t\t%%4423\n\t\t\t\t","accountDomain":"VirtualWindows8","keyword":["Audit Success"],"@id":"http://example.org/logEntry#logEntry-edd730e7-3b5e-4a16-a649-6a58d38db556","processID":"0x3ec","accountName":"VirtualWindows8User","version":1,"taskCategory":"File System","upCode":"Info","accessMask":"0x20080","@timestamp":"2018-08-22T13:35:01.171Z","objectServer":"Security"},
  {"handleID":"0x1890","computerName":"VirtualWindows8","logonID":"0xb74d","processName":"C:\\Program Files (x86)\\Dropbox\\Client\\Dropbox.exe","eventID":4656,"level":"Information","originatesFrom":{"hostName":{"name":"VirtualWindows8"},"@type":"rdf:nodeID","@id":"http://example.org/sepses#d2c405e9-8902-4cc2-b04c-5f14007cfb83"},"@type":"http://purl.org/sepses/vocab/log/wineventlog#WindowsEventLogEntry","logName":"Security","@context":"http://sepses.ifs.tuwien.ac.at/contexts/wineventlog.jsonld","hasLogType":"wineventlog","source":"Microsoft-Windows-Security-Auditing","resourceAttributes":"-","objectType":"File","objectName":"C:\\Users\\VirtualWindows8User\\Dropbox\\New Text Document.txt","logMessage":"A handle to an object was requested.\n\nSubject:\n\tSecurity ID:\t\tS-1-5-21-2361021202-3253521353-2316283985-1001\n\tAccount Name:\t\tVirtualWindows8User\n\tAccount Domain:\t\tVirtualWindows8\n\tLogon ID:\t\t0xB74D\n\nObject:\n\tObject Server:\t\tSecurity\n\tObject Type:\t\tFile\n\tObject Name:\t\tC:\\Users\\VirtualWindows8User\\Dropbox\\New Text Document.txt\n\tHandle ID:\t\t0x1890\n\tResource Attributes:\t-\n\nProcess Information:\n\tProcess ID:\t\t0xbfc\n\tProcess Name:\t\tC:\\Program Files (x86)\\Dropbox\\Client\\Dropbox.exe\n\nAccess Request Information:\n\tTransaction ID:\t\t{00000000-0000-0000-0000-000000000000}\n\tAccesses:\t\tSYNCHRONIZE\n\t\t\t\tReadAttributes\n\t\t\t\t\n\tAccess Reasons:\t\tSYNCHRONIZE:\tGranted by\tD:(A;;FA;;;S-1-5-21-2361021202-3253521353-2316283985-1001)\n\t\t\t\tReadAttributes:\tGranted by\tD:(A;;FA;;;S-1-5-21-2361021202-3253521353-2316283985-1001)\n\t\t\t\t\n\tAccess Mask:\t\t0x100080\n\tPrivileges Used for Access Check:\t-\n\tRestricted SID Count:\t0","timestamp":"2018-08-22T13:35:01.171Z","accesses":"%%1541\n\t\t\t\t%%4423\n\t\t\t\t","accountDomain":"VirtualWindows8","keyword":["Audit Success"],"@id":"http://example.org/logEntry#logEntry-f56e2c5c-339e-431f-87a4-3b79bf07cca8","processID":"0xbfc","accountName":"VirtualWindows8User","version":1,"taskCategory":"File System","upCode":"Info","accessMask":"0x100080","@timestamp":"2018-08-22T13:35:01.171Z","objectServer":"Security"},
  {"handleID":"0x1890","computerName":"VirtualWindows8","logonID":"0xb74d","processName":"C:\\Program Files (x86)\\Dropbox\\Client\\Dropbox.exe","eventID":4656,"level":"Information","originatesFrom":{"hostName":{"name":"VirtualWindows8"},"@type":"rdf:nodeID","@id":"http://example.org/sepses#5698e570-5158-40d9-a5a7-37ac09123b7e"},"@type":"http://purl.org/sepses/vocab/log/wineventlog#WindowsEventLogEntry","logName":"Security","@context":"http://sepses.ifs.tuwien.ac.at/contexts/wineventlog.jsonld","hasLogType":"wineventlog","source":"Microsoft-Windows-Security-Auditing","resourceAttributes":"-","objectType":"File","objectName":"C:\\Users\\VirtualWindows8User\\Dropbox\\New Text Document.txt","logMessage":"A handle to an object was requested.\n\nSubject:\n\tSecurity ID:\t\tS-1-5-21-2361021202-3253521353-2316283985-1001\n\tAccount Name:\t\tVirtualWindows8User\n\tAccount Domain:\t\tVirtualWindows8\n\tLogon ID:\t\t0xB74D\n\nObject:\n\tObject Server:\t\tSecurity\n\tObject Type:\t\tFile\n\tObject Name:\t\tC:\\Users\\VirtualWindows8User\\Dropbox\\New Text Document.txt\n\tHandle ID:\t\t0x1890\n\tResource Attributes:\t-\n\nProcess Information:\n\tProcess ID:\t\t0xbfc\n\tProcess Name:\t\tC:\\Program Files (x86)\\Dropbox\\Client\\Dropbox.exe\n\nAccess Request Information:\n\tTransaction ID:\t\t{00000000-0000-0000-0000-000000000000}\n\tAccesses:\t\tSYNCHRONIZE\n\t\t\t\tReadAttributes\n\t\t\t\t\n\tAccess Reasons:\t\tSYNCHRONIZE:\tGranted by\tD:(A;;FA;;;S-1-5-21-2361021202-3253521353-2316283985-1001)\n\t\t\t\tReadAttributes:\tGranted by\tD:(A;;FA;;;S-1-5-21-2361021202-3253521353-2316283985-1001)\n\t\t\t\t\n\tAccess Mask:\t\t0x100080\n\tPrivileges Used for Access Check:\t-\n\tRestricted SID Count:\t0","timestamp":"2018-08-22T13:35:01.187Z","accesses":"%%1541\n\t\t\t\t%%4423\n\t\t\t\t","accountDomain":"VirtualWindows8","keyword":["Audit Success"],"@id":"http://example.org/logEntry#logEntry-8cb23cd0-ddf1-45dc-85c9-518a0eae56a0","processID":"0xbfc","accountName":"VirtualWindows8User","version":1,"taskCategory":"File System","upCode":"Info","accessMask":"0x100080","@timestamp":"2018-08-22T13:35:01.187Z","objectServer":"Security"},
  {"handleID":"0x21a0","computerName":"VirtualWindows8","logonID":"0xb74d","processName":"C:\\Windows\\explorer.exe","eventID":4656,"level":"Information","originatesFrom":{"hostName":{"name":"VirtualWindows8"},"@type":"rdf:nodeID","@id":"http://example.org/sepses#e54f6015-163e-4feb-be1f-6e717e3080ac"},"@type":"http://purl.org/sepses/vocab/log/wineventlog#WindowsEventLogEntry","logName":"Security","@context":"http://sepses.ifs.tuwien.ac.at/contexts/wineventlog.jsonld","hasLogType":"wineventlog","source":"Microsoft-Windows-Security-Auditing","resourceAttributes":"-","objectType":"File","objectName":"C:\\Users\\VirtualWindows8User\\Dropbox","logMessage":"A handle to an object was requested.\n\nSubject:\n\tSecurity ID:\t\tS-1-5-21-2361021202-3253521353-2316283985-1001\n\tAccount Name:\t\tVirtualWindows8User\n\tAccount Domain:\t\tVirtualWindows8\n\tLogon ID:\t\t0xB74D\n\nObject:\n\tObject Server:\t\tSecurity\n\tObject Type:\t\tFile\n\tObject Name:\t\tC:\\Users\\VirtualWindows8User\\Dropbox\n\tHandle ID:\t\t0x21a0\n\tResource Attributes:\t-\n\nProcess Information:\n\tProcess ID:\t\t0x3ec\n\tProcess Name:\t\tC:\\Windows\\explorer.exe\n\nAccess Request Information:\n\tTransaction ID:\t\t{00000000-0000-0000-0000-000000000000}\n\tAccesses:\t\tREAD_CONTROL\n\t\t\t\tReadAttributes\n\t\t\t\t\n\tAccess Reasons:\t\tREAD_CONTROL:\tGranted by Ownership\n\t\t\t\tReadAttributes:\tGranted by\tD:(A;OICI;FA;;;S-1-5-21-2361021202-3253521353-2316283985-1001)\n\t\t\t\t\n\tAccess Mask:\t\t0x20080\n\tPrivileges Used for Access Check:\t-\n\tRestricted SID Count:\t0","timestamp":"2018-08-22T13:35:01.202Z","accesses":"%%1538\n\t\t\t\t%%4423\n\t\t\t\t","accountDomain":"VirtualWindows8","keyword":["Audit Success"],"@id":"http://example.org/logEntry#logEntry-d4f76bc3-86b3-4443-85b2-aea86f021272","processID":"0x3ec","accountName":"VirtualWindows8User","version":1,"taskCategory":"File System","upCode":"Info","accessMask":"0x20080","@timestamp":"2018-08-22T13:35:01.202Z","objectServer":"Security"},
  {"handleID":"0x100c","computerName":"VirtualWindows8","logonID":"0xb74d","processName":"C:\\Program Files (x86)\\Dropbox\\Client\\Dropbox.exe","eventID":4656,"level":"Information","originatesFrom":{"hostName":{"name":"VirtualWindows8"},"@type":"rdf:nodeID","@id":"http://example.org/sepses#72831ade-9297-4638-af9c-1d182ce6b7ac"},"@type":"http://purl.org/sepses/vocab/log/wineventlog#WindowsEventLogEntry","logName":"Security","@context":"http://sepses.ifs.tuwien.ac.at/contexts/wineventlog.jsonld","hasLogType":"wineventlog","source":"Microsoft-Windows-Security-Auditing","resourceAttributes":"-","objectType":"File","objectName":"C:\\Users\\VirtualWindows8User\\Dropbox\\New Text Document.txt","logMessage":"A handle to an object was requested.\n\nSubject:\n\tSecurity ID:\t\tS-1-5-21-2361021202-3253521353-2316283985-1001\n\tAccount Name:\t\tVirtualWindows8User\n\tAccount Domain:\t\tVirtualWindows8\n\tLogon ID:\t\t0xB74D\n\nObject:\n\tObject Server:\t\tSecurity\n\tObject Type:\t\tFile\n\tObject Name:\t\tC:\\Users\\VirtualWindows8User\\Dropbox\\New Text Document.txt\n\tHandle ID:\t\t0x100c\n\tResource Attributes:\t-\n\nProcess Information:\n\tProcess ID:\t\t0xbfc\n\tProcess Name:\t\tC:\\Program Files (x86)\\Dropbox\\Client\\Dropbox.exe\n\nAccess Request Information:\n\tTransaction ID:\t\t{00000000-0000-0000-0000-000000000000}\n\tAccesses:\t\tREAD_CONTROL\n\t\t\t\tReadAttributes\n\t\t\t\t\n\tAccess Reasons:\t\tREAD_CONTROL:\tGranted by Ownership\n\t\t\t\tReadAttributes:\tGranted by\tD:(A;;FA;;;S-1-5-21-2361021202-3253521353-2316283985-1001)\n\t\t\t\t\n\tAccess Mask:\t\t0x20080\n\tPrivileges Used for Access Check:\t-\n\tRestricted SID Count:\t0","timestamp":"2018-08-22T13:35:01.202Z","accesses":"%%1538\n\t\t\t\t%%4423\n\t\t\t\t","accountDomain":"VirtualWindows8","keyword":["Audit Success"],"@id":"http://example.org/logEntry#logEntry-5da5f992-770f-42f2-9a55-baeefefa0591","processID":"0xbfc","accountName":"VirtualWindows8User","version":1,"taskCategory":"File System","upCode":"Info","accessMask":"0x20080","@timestamp":"2018-08-22T13:35:01.202Z","objectServer":"Security"},
  {"handleID":"0x1e3c","computerName":"VirtualWindows8","logonID":"0xb74d","processName":"C:\\Windows\\explorer.exe","eventID":4656,"level":"Information","originatesFrom":{"hostName":{"name":"VirtualWindows8"},"@type":"rdf:nodeID","@id":"http://example.org/sepses#6fc149d1-4b79-421e-8b6a-690e3e72f9a7"},"@type":"http://purl.org/sepses/vocab/log/wineventlog#WindowsEventLogEntry","logName":"Security","@context":"http://sepses.ifs.tuwien.ac.at/contexts/wineventlog.jsonld","hasLogType":"wineventlog","source":"Microsoft-Windows-Security-Auditing","resourceAttributes":"-","objectType":"File","objectName":"C:\\Users\\VirtualWindows8User\\Dropbox","logMessage":"A handle to an object was requested.\n\nSubject:\n\tSecurity ID:\t\tS-1-5-21-2361021202-3253521353-2316283985-1001\n\tAccount Name:\t\tVirtualWindows8User\n\tAccount Domain:\t\tVirtualWindows8\n\tLogon ID:\t\t0xB74D\n\nObject:\n\tObject Server:\t\tSecurity\n\tObject Type:\t\tFile\n\tObject Name:\t\tC:\\Users\\VirtualWindows8User\\Dropbox\n\tHandle ID:\t\t0x1e3c\n\tResource Attributes:\t-\n\nProcess Information:\n\tProcess ID:\t\t0x3ec\n\tProcess Name:\t\tC:\\Windows\\explorer.exe\n\nAccess Request Information:\n\tTransaction ID:\t\t{00000000-0000-0000-0000-000000000000}\n\tAccesses:\t\tREAD_CONTROL\n\t\t\t\tReadAttributes\n\t\t\t\t\n\tAccess Reasons:\t\tREAD_CONTROL:\tGranted by Ownership\n\t\t\t\tReadAttributes:\tGranted by\tD:(A;OICI;FA;;;S-1-5-21-2361021202-3253521353-2316283985-1001)\n\t\t\t\t\n\tAccess Mask:\t\t0x20080\n\tPrivileges Used for Access Check:\t-\n\tRestricted SID Count:\t0","timestamp":"2018-08-22T13:35:01.312Z","accesses":"%%1538\n\t\t\t\t%%4423\n\t\t\t\t","accountDomain":"VirtualWindows8","keyword":["Audit Success"],"@id":"http://example.org/logEntry#logEntry-697e94ec-4514-40d7-a153-7a4375f526fd","processID":"0x3ec","accountName":"VirtualWindows8User","version":1,"taskCategory":"File System","upCode":"Info","accessMask":"0x20080","@timestamp":"2018-08-22T13:35:01.312Z","objectServer":"Security"},
