,{"level":"Information","accessMask":"0x80","hasLogType":"wineventlog","eventID":4663,"resourceAttributes":"S:AI","logName":"Security","keyword":["Audit Success"],"taskCategory":"File System","logonID":"0x2230c","logMessage":"An attempt was made to access an object.\n\nSubject:\n\tSecurity ID:\t\tS-1-5-21-2889181789-4222170037-1347726928-1001\n\tAccount Name:\t\tVirtual Windows 10\n\tAccount Domain:\t\tDESKTOP-MAC610T\n\tLogon ID:\t\t0x2230C\n\nObject:\n\tObject Server:\t\tSecurity\n\tObject Type:\t\tFile\n\tObject Name:\t\tC:\\Users\\Virtual Windows 10\\Dropbox\\notepad++_rename.txt\n\tHandle ID:\t\t0x1fb8\n\tResource Attributes:\tS:AI\n\nProcess Information:\n\tProcess ID:\t\t0x1974\n\tProcess Name:\t\tC:\\Program Files (x86)\\Dropbox\\Client\\Dropbox.exe\n\nAccess Request Information:\n\tAccesses:\t\tReadAttributes\n\t\t\t\t\n\tAccess Mask:\t\t0x80","processName":"C:\\Program Files (x86)\\Dropbox\\Client\\Dropbox.exe","objectName":"C:\\Users\\Virtual Windows 10\\Dropbox\\notepad++_rename.txt","upCode":"Info","objectType":"File","timestamp":"2018-09-01T16:35:10.793Z","@timestamp":"2018-09-01T16:35:10.793Z","accountName":"Virtual Windows 10","computerName":"DESKTOP-MAC610T","source":"Microsoft-Windows-Security-Auditing","@context":"http://sepses.ifs.tuwien.ac.at/contexts/wineventlog.jsonld","@id":"http://example.org/logEntry#logEntry-d7f7bac3-6ac6-485d-8e5a-d22baf1d607f","processID":"0x1974","originatesFrom":{"hostName":{"name":"DESKTOP-MAC610T"},"@id":"http://example.org/sepses#e847803a-315a-4823-a6a5-f6c47b8cc6b7","@type":"rdf:nodeID"},"accountDomain":"DESKTOP-MAC610T","handleID":"0x1fb8","@type":"http://purl.org/sepses/vocab/log/wineventlog#WindowsEventLogEntry","accesses":"%%4423\n\t\t\t\t","objectServer":"Security","version":1}
,{"level":"Information","accessMask":"0x80","hasLogType":"wineventlog","eventID":4663,"resourceAttributes":"S:AI","logName":"Security","keyword":["Audit Success"],"taskCategory":"File System","logonID":"0x2230c","logMessage":"An attempt was made to access an object.\n\nSubject:\n\tSecurity ID:\t\tS-1-5-21-2889181789-4222170037-1347726928-1001\n\tAccount Name:\t\tVirtual Windows 10\n\tAccount Domain:\t\tDESKTOP-MAC610T\n\tLogon ID:\t\t0x2230C\n\nObject:\n\tObject Server:\t\tSecurity\n\tObject Type:\t\tFile\n\tObject Name:\t\tC:\\Users\\Virtual Windows 10\\Dropbox\\notepad++_rename.txt\n\tHandle ID:\t\t0x1fb8\n\tResource Attributes:\tS:AI\n\nProcess Information:\n\tProcess ID:\t\t0x1974\n\tProcess Name:\t\tC:\\Program Files (x86)\\Dropbox\\Client\\Dropbox.exe\n\nAccess Request Information:\n\tAccesses:\t\tReadAttributes\n\t\t\t\t\n\tAccess Mask:\t\t0x80","processName":"C:\\Program Files (x86)\\Dropbox\\Client\\Dropbox.exe","objectName":"C:\\Users\\Virtual Windows 10\\Dropbox\\notepad++_rename.txt","upCode":"Info","objectType":"File","timestamp":"2018-09-01T16:35:10.793Z","@timestamp":"2018-09-01T16:35:10.793Z","accountName":"Virtual Windows 10","computerName":"DESKTOP-MAC610T","source":"Microsoft-Windows-Security-Auditing","@context":"http://sepses.ifs.tuwien.ac.at/contexts/wineventlog.jsonld","@id":"http://example.org/logEntry#logEntry-949e39d7-1ab3-4065-adda-ce3e60ff4465","processID":"0x1974","originatesFrom":{"hostName":{"name":"DESKTOP-MAC610T"},"@id":"http://example.org/sepses#2c78686d-1591-4d19-9f25-57b80d45dd01","@type":"rdf:nodeID"},"accountDomain":"DESKTOP-MAC610T","handleID":"0x1fb8","@type":"http://purl.org/sepses/vocab/log/wineventlog#WindowsEventLogEntry","accesses":"%%4423\n\t\t\t\t","objectServer":"Security","version":1}
,{"level":"Information","accessMask":"0x80","hasLogType":"wineventlog","eventID":4663,"resourceAttributes":"S:AI","logName":"Security","keyword":["Audit Success"],"taskCategory":"File System","logonID":"0x2230c","logMessage":"An attempt was made to access an object.\n\nSubject:\n\tSecurity ID:\t\tS-1-5-21-2889181789-4222170037-1347726928-1001\n\tAccount Name:\t\tVirtual Windows 10\n\tAccount Domain:\t\tDESKTOP-MAC610T\n\tLogon ID:\t\t0x2230C\n\nObject:\n\tObject Server:\t\tSecurity\n\tObject Type:\t\tFile\n\tObject Name:\t\tC:\\Users\\Virtual Windows 10\\Dropbox\\notepad++_rename.txt\n\tHandle ID:\t\t0x1fb8\n\tResource Attributes:\tS:AI\n\nProcess Information:\n\tProcess ID:\t\t0x1974\n\tProcess Name:\t\tC:\\Program Files (x86)\\Dropbox\\Client\\Dropbox.exe\n\nAccess Request Information:\n\tAccesses:\t\tReadAttributes\n\t\t\t\t\n\tAccess Mask:\t\t0x80","processName":"C:\\Program Files (x86)\\Dropbox\\Client\\Dropbox.exe","objectName":"C:\\Users\\Virtual Windows 10\\Dropbox\\notepad++_rename.txt","upCode":"Info","objectType":"File","timestamp":"2018-09-01T16:35:11.221Z","@timestamp":"2018-09-01T16:35:11.221Z","accountName":"Virtual Windows 10","computerName":"DESKTOP-MAC610T","source":"Microsoft-Windows-Security-Auditing","@context":"http://sepses.ifs.tuwien.ac.at/contexts/wineventlog.jsonld","@id":"http://example.org/logEntry#logEntry-a0b1ef36-c935-4e82-8727-af8336c5fc98","processID":"0x1974","originatesFrom":{"hostName":{"name":"DESKTOP-MAC610T"},"@id":"http://example.org/sepses#6b051255-29be-465d-8a01-f7530385101a","@type":"rdf:nodeID"},"accountDomain":"DESKTOP-MAC610T","handleID":"0x1fb8","@type":"http://purl.org/sepses/vocab/log/wineventlog#WindowsEventLogEntry","accesses":"%%4423\n\t\t\t\t","objectServer":"Security","version":1}
,{"level":"Information","accessMask":"0x80","hasLogType":"wineventlog","eventID":4663,"resourceAttributes":"S:AI","logName":"Security","keyword":["Audit Success"],"taskCategory":"File System","logonID":"0x2230c","logMessage":"An attempt was made to access an object.\n\nSubject:\n\tSecurity ID:\t\tS-1-5-21-2889181789-4222170037-1347726928-1001\n\tAccount Name:\t\tVirtual Windows 10\n\tAccount Domain:\t\tDESKTOP-MAC610T\n\tLogon ID:\t\t0x2230C\n\nObject:\n\tObject Server:\t\tSecurity\n\tObject Type:\t\tFile\n\tObject Name:\t\tC:\\Users\\Virtual Windows 10\\Dropbox\\notepad++_rename.txt\n\tHandle ID:\t\t0x1fb8\n\tResource Attributes:\tS:AI\n\nProcess Information:\n\tProcess ID:\t\t0x1974\n\tProcess Name:\t\tC:\\Program Files (x86)\\Dropbox\\Client\\Dropbox.exe\n\nAccess Request Information:\n\tAccesses:\t\tReadAttributes\n\t\t\t\t\n\tAccess Mask:\t\t0x80","processName":"C:\\Program Files (x86)\\Dropbox\\Client\\Dropbox.exe","objectName":"C:\\Users\\Virtual Windows 10\\Dropbox\\notepad++_rename.txt","upCode":"Info","objectType":"File","timestamp":"2018-09-01T16:35:11.221Z","@timestamp":"2018-09-01T16:35:11.221Z","accountName":"Virtual Windows 10","computerName":"DESKTOP-MAC610T","source":"Microsoft-Windows-Security-Auditing","@context":"http://sepses.ifs.tuwien.ac.at/contexts/wineventlog.jsonld","@id":"http://example.org/logEntry#logEntry-0d5fb377-88fc-4017-aa81-d7dbd932e0bc","processID":"0x1974","originatesFrom":{"hostName":{"name":"DESKTOP-MAC610T"},"@id":"http://example.org/sepses#c1df95f8-b061-4270-9b5c-c3652af0bd82","@type":"rdf:nodeID"},"accountDomain":"DESKTOP-MAC610T","handleID":"0x1fb8","@type":"http://purl.org/sepses/vocab/log/wineventlog#WindowsEventLogEntry","accesses":"%%4423\n\t\t\t\t","objectServer":"Security","version":1}
,{"level":"Information","accessMask":"0x80","hasLogType":"wineventlog","eventID":4663,"resourceAttributes":"S:AI","logName":"Security","keyword":["Audit Success"],"taskCategory":"File System","logonID":"0x2230c","logMessage":"An attempt was made to access an object.\n\nSubject:\n\tSecurity ID:\t\tS-1-5-21-2889181789-4222170037-1347726928-1001\n\tAccount Name:\t\tVirtual Windows 10\n\tAccount Domain:\t\tDESKTOP-MAC610T\n\tLogon ID:\t\t0x2230C\n\nObject:\n\tObject Server:\t\tSecurity\n\tObject Type:\t\tFile\n\tObject Name:\t\tC:\\Users\\Virtual Windows 10\\Dropbox\\.dropbox.cache\n\tHandle ID:\t\t0x102c\n\tResource Attributes:\tS:AI\n\nProcess Information:\n\tProcess ID:\t\t0x1974\n\tProcess Name:\t\tC:\\Program Files (x86)\\Dropbox\\Client\\Dropbox.exe\n\nAccess Request Information:\n\tAccesses:\t\tReadAttributes\n\t\t\t\t\n\tAccess Mask:\t\t0x80","processName":"C:\\Program Files (x86)\\Dropbox\\Client\\Dropbox.exe","objectName":"C:\\Users\\Virtual Windows 10\\Dropbox\\.dropbox.cache","upCode":"Info","objectType":"File","timestamp":"2018-09-01T16:35:11.239Z","@timestamp":"2018-09-01T16:35:11.239Z","accountName":"Virtual Windows 10","computerName":"DESKTOP-MAC610T","source":"Microsoft-Windows-Security-Auditing","@context":"http://sepses.ifs.tuwien.ac.at/contexts/wineventlog.jsonld","@id":"http://example.org/logEntry#logEntry-b30774e5-9deb-4e96-8aa6-e5d203002adf","processID":"0x1974","originatesFrom":{"hostName":{"name":"DESKTOP-MAC610T"},"@id":"http://example.org/sepses#e4f868b7-9cb0-48b7-b972-bf27c139bd9d","@type":"rdf:nodeID"},"accountDomain":"DESKTOP-MAC610T","handleID":"0x102c","@type":"http://purl.org/sepses/vocab/log/wineventlog#WindowsEventLogEntry","accesses":"%%4423\n\t\t\t\t","objectServer":"Security","version":1}
,{"level":"Information","accessMask":"0x80","hasLogType":"wineventlog","eventID":4663,"resourceAttributes":"S:AI","logName":"Security","keyword":["Audit Success"],"taskCategory":"File System","logonID":"0x2230c","logMessage":"An attempt was made to access an object.\n\nSubject:\n\tSecurity ID:\t\tS-1-5-21-2889181789-4222170037-1347726928-1001\n\tAccount Name:\t\tVirtual Windows 10\n\tAccount Domain:\t\tDESKTOP-MAC610T\n\tLogon ID:\t\t0x2230C\n\nObject:\n\tObject Server:\t\tSecurity\n\tObject Type:\t\tFile\n\tObject Name:\t\tC:\\Users\\Virtual Windows 10\\Dropbox\\.dropbox.cache\n\tHandle ID:\t\t0x102c\n\tResource Attributes:\tS:AI\n\nProcess Information:\n\tProcess ID:\t\t0x1974\n\tProcess Name:\t\tC:\\Program Files (x86)\\Dropbox\\Client\\Dropbox.exe\n\nAccess Request Information:\n\tAccesses:\t\tReadAttributes\n\t\t\t\t\n\tAccess Mask:\t\t0x80","processName":"C:\\Program Files (x86)\\Dropbox\\Client\\Dropbox.exe","objectName":"C:\\Users\\Virtual Windows 10\\Dropbox\\.dropbox.cache","upCode":"Info","objectType":"File","timestamp":"2018-09-01T16:35:11.239Z","@timestamp":"2018-09-01T16:35:11.239Z","accountName":"Virtual Windows 10","computerName":"DESKTOP-MAC610T","source":"Microsoft-Windows-Security-Auditing","@context":"http://sepses.ifs.tuwien.ac.at/contexts/wineventlog.jsonld","@id":"http://example.org/logEntry#logEntry-871e40ca-646d-415d-b05f-138486bfa853","processID":"0x1974","originatesFrom":{"hostName":{"name":"DESKTOP-MAC610T"},"@id":"http://example.org/sepses#0162de55-0ab0-472a-9e2f-45d5ad6063c0","@type":"rdf:nodeID"},"accountDomain":"DESKTOP-MAC610T","handleID":"0x102c","@type":"http://purl.org/sepses/vocab/log/wineventlog#WindowsEventLogEntry","accesses":"%%4423\n\t\t\t\t","objectServer":"Security","version":1}
,{"level":"Information","accessMask":"0x80","hasLogType":"wineventlog","eventID":4663,"resourceAttributes":"S:AI","logName":"Security","keyword":["Audit Success"],"taskCategory":"File System","logonID":"0x2230c","logMessage":"An attempt was made to access an object.\n\nSubject:\n\tSecurity ID:\t\tS-1-5-21-2889181789-4222170037-1347726928-1001\n\tAccount Name:\t\tVirtual Windows 10\n\tAccount Domain:\t\tDESKTOP-MAC610T\n\tLogon ID:\t\t0x2230C\n\nObject:\n\tObject Server:\t\tSecurity\n\tObject Type:\t\tFile\n\tObject Name:\t\tC:\\Users\\Virtual Windows 10\\Dropbox\\.dropbox.cache\\prefetch_cache\n\tHandle ID:\t\t0x102c\n\tResource Attributes:\tS:AI\n\nProcess Information:\n\tProcess ID:\t\t0x1974\n\tProcess Name:\t\tC:\\Program Files (x86)\\Dropbox\\Client\\Dropbox.exe\n\nAccess Request Information:\n\tAccesses:\t\tReadAttributes\n\t\t\t\t\n\tAccess Mask:\t\t0x80","processName":"C:\\Program Files (x86)\\Dropbox\\Client\\Dropbox.exe","objectName":"C:\\Users\\Virtual Windows 10\\Dropbox\\.dropbox.cache\\prefetch_cache","upCode":"Info","objectType":"File","timestamp":"2018-09-01T16:35:11.241Z","@timestamp":"2018-09-01T16:35:11.241Z","accountName":"Virtual Windows 10","computerName":"DESKTOP-MAC610T","source":"Microsoft-Windows-Security-Auditing","@context":"http://sepses.ifs.tuwien.ac.at/contexts/wineventlog.jsonld","@id":"http://example.org/logEntry#logEntry-c3c44c71-b536-47ee-852f-b7cabf01346b","processID":"0x1974","originatesFrom":{"hostName":{"name":"DESKTOP-MAC610T"},"@id":"http://example.org/sepses#f6ba55ab-9f14-4c1c-87f0-0e68b36e61f0","@type":"rdf:nodeID"},"accountDomain":"DESKTOP-MAC610T","handleID":"0x102c","@type":"http://purl.org/sepses/vocab/log/wineventlog#WindowsEventLogEntry","accesses":"%%4423\n\t\t\t\t","objectServer":"Security","version":1}
,{"level":"Information","accessMask":"0x80","hasLogType":"wineventlog","eventID":4663,"resourceAttributes":"S:AI","logName":"Security","keyword":["Audit Success"],"taskCategory":"File System","logonID":"0x2230c","logMessage":"An attempt was made to access an object.\n\nSubject:\n\tSecurity ID:\t\tS-1-5-21-2889181789-4222170037-1347726928-1001\n\tAccount Name:\t\tVirtual Windows 10\n\tAccount Domain:\t\tDESKTOP-MAC610T\n\tLogon ID:\t\t0x2230C\n\nObject:\n\tObject Server:\t\tSecurity\n\tObject Type:\t\tFile\n\tObject Name:\t\tC:\\Users\\Virtual Windows 10\\Dropbox\\.dropbox.cache\\prefetch_cache\n\tHandle ID:\t\t0x102c\n\tResource Attributes:\tS:AI\n\nProcess Information:\n\tProcess ID:\t\t0x1974\n\tProcess Name:\t\tC:\\Program Files (x86)\\Dropbox\\Client\\Dropbox.exe\n\nAccess Request Information:\n\tAccesses:\t\tReadAttributes\n\t\t\t\t\n\tAccess Mask:\t\t0x80","processName":"C:\\Program Files (x86)\\Dropbox\\Client\\Dropbox.exe","objectName":"C:\\Users\\Virtual Windows 10\\Dropbox\\.dropbox.cache\\prefetch_cache","upCode":"Info","objectType":"File","timestamp":"2018-09-01T16:35:11.241Z","@timestamp":"2018-09-01T16:35:11.241Z","accountName":"Virtual Windows 10","computerName":"DESKTOP-MAC610T","source":"Microsoft-Windows-Security-Auditing","@context":"http://sepses.ifs.tuwien.ac.at/contexts/wineventlog.jsonld","@id":"http://example.org/logEntry#logEntry-5c426ded-ca70-45f0-9db0-612af3e7dbe7","processID":"0x1974","originatesFrom":{"hostName":{"name":"DESKTOP-MAC610T"},"@id":"http://example.org/sepses#a59bdcaa-fadc-4d2e-a067-3fe4c581f909","@type":"rdf:nodeID"},"accountDomain":"DESKTOP-MAC610T","handleID":"0x102c","@type":"http://purl.org/sepses/vocab/log/wineventlog#WindowsEventLogEntry","accesses":"%%4423\n\t\t\t\t","objectServer":"Security","version":1}
,{"level":"Information","accessMask":"0x80","hasLogType":"wineventlog","eventID":4663,"resourceAttributes":"S:AI","logName":"Security","keyword":["Audit Success"],"taskCategory":"File System","logonID":"0x2230c","logMessage":"An attempt was made to access an object.\n\nSubject:\n\tSecurity ID:\t\tS-1-5-21-2889181789-4222170037-1347726928-1001\n\tAccount Name:\t\tVirtual Windows 10\n\tAccount Domain:\t\tDESKTOP-MAC610T\n\tLogon ID:\t\t0x2230C\n\nObject:\n\tObject Server:\t\tSecurity\n\tObject Type:\t\tFile\n\tObject Name:\t\tC:\\Users\\Virtual Windows 10\\Dropbox\n\tHandle ID:\t\t0x12b8\n\tResource Attributes:\tS:AI\n\nProcess Information:\n\tProcess ID:\t\t0x1974\n\tProcess Name:\t\tC:\\Program Files (x86)\\Dropbox\\Client\\Dropbox.exe\n\nAccess Request Information:\n\tAccesses:\t\tReadAttributes\n\t\t\t\t\n\tAccess Mask:\t\t0x80","processName":"C:\\Program Files (x86)\\Dropbox\\Client\\Dropbox.exe","objectName":"C:\\Users\\Virtual Windows 10\\Dropbox","upCode":"Info","objectType":"File","timestamp":"2018-09-01T16:35:11.275Z","@timestamp":"2018-09-01T16:35:11.275Z","accountName":"Virtual Windows 10","computerName":"DESKTOP-MAC610T","source":"Microsoft-Windows-Security-Auditing","@context":"http://sepses.ifs.tuwien.ac.at/contexts/wineventlog.jsonld","@id":"http://example.org/logEntry#logEntry-f3d12c1a-fb07-4460-af33-870f14c91989","processID":"0x1974","originatesFrom":{"hostName":{"name":"DESKTOP-MAC610T"},"@id":"http://example.org/sepses#59113470-997f-49c2-bf72-4b2275a39516","@type":"rdf:nodeID"},"accountDomain":"DESKTOP-MAC610T","handleID":"0x12b8","@type":"http://purl.org/sepses/vocab/log/wineventlog#WindowsEventLogEntry","accesses":"%%4423\n\t\t\t\t","objectServer":"Security","version":1}
,{"level":"Information","accessMask":"0x80","hasLogType":"wineventlog","eventID":4663,"resourceAttributes":"S:AI","logName":"Security","keyword":["Audit Success"],"taskCategory":"File System","logonID":"0x2230c","logMessage":"An attempt was made to access an object.\n\nSubject:\n\tSecurity ID:\t\tS-1-5-21-2889181789-4222170037-1347726928-1001\n\tAccount Name:\t\tVirtual Windows 10\n\tAccount Domain:\t\tDESKTOP-MAC610T\n\tLogon ID:\t\t0x2230C\n\nObject:\n\tObject Server:\t\tSecurity\n\tObject Type:\t\tFile\n\tObject Name:\t\tC:\\Users\\Virtual Windows 10\\Dropbox\n\tHandle ID:\t\t0x12b8\n\tResource Attributes:\tS:AI\n\nProcess Information:\n\tProcess ID:\t\t0x1974\n\tProcess Name:\t\tC:\\Program Files (x86)\\Dropbox\\Client\\Dropbox.exe\n\nAccess Request Information:\n\tAccesses:\t\tReadAttributes\n\t\t\t\t\n\tAccess Mask:\t\t0x80","processName":"C:\\Program Files (x86)\\Dropbox\\Client\\Dropbox.exe","objectName":"C:\\Users\\Virtual Windows 10\\Dropbox","upCode":"Info","objectType":"File","timestamp":"2018-09-01T16:35:11.275Z","@timestamp":"2018-09-01T16:35:11.275Z","accountName":"Virtual Windows 10","computerName":"DESKTOP-MAC610T","source":"Microsoft-Windows-Security-Auditing","@context":"http://sepses.ifs.tuwien.ac.at/contexts/wineventlog.jsonld","@id":"http://example.org/logEntry#logEntry-fd85d03a-f32b-4a14-b3a9-d6af338a2a6f","processID":"0x1974","originatesFrom":{"hostName":{"name":"DESKTOP-MAC610T"},"@id":"http://example.org/sepses#b076b944-a8d8-413b-a7cc-a26bdff0088a","@type":"rdf:nodeID"},"accountDomain":"DESKTOP-MAC610T","handleID":"0x12b8","@type":"http://purl.org/sepses/vocab/log/wineventlog#WindowsEventLogEntry","accesses":"%%4423\n\t\t\t\t","objectServer":"Security","version":1}
,{"level":"Information","accessMask":"0x80","hasLogType":"wineventlog","eventID":4663,"resourceAttributes":"S:AI","logName":"Security","keyword":["Audit Success"],"taskCategory":"File System","logonID":"0x2230c","logMessage":"An attempt was made to access an object.\n\nSubject:\n\tSecurity ID:\t\tS-1-5-21-2889181789-4222170037-1347726928-1001\n\tAccount Name:\t\tVirtual Windows 10\n\tAccount Domain:\t\tDESKTOP-MAC610T\n\tLogon ID:\t\t0x2230C\n\nObject:\n\tObject Server:\t\tSecurity\n\tObject Type:\t\tFile\n\tObject Name:\t\tC:\\Users\\Virtual Windows 10\\Dropbox\n\tHandle ID:\t\t0x1650\n\tResource Attributes:\tS:AI\n\nProcess Information:\n\tProcess ID:\t\t0x1974\n\tProcess Name:\t\tC:\\Program Files (x86)\\Dropbox\\Client\\Dropbox.exe\n\nAccess Request Information:\n\tAccesses:\t\tReadAttributes\n\t\t\t\t\n\tAccess Mask:\t\t0x80","processName":"C:\\Program Files (x86)\\Dropbox\\Client\\Dropbox.exe","objectName":"C:\\Users\\Virtual Windows 10\\Dropbox","upCode":"Info","objectType":"File","timestamp":"2018-09-01T16:35:11.684Z","@timestamp":"2018-09-01T16:35:11.684Z","accountName":"Virtual Windows 10","computerName":"DESKTOP-MAC610T","source":"Microsoft-Windows-Security-Auditing","@context":"http://sepses.ifs.tuwien.ac.at/contexts/wineventlog.jsonld","@id":"http://example.org/logEntry#logEntry-2c0a84f6-0038-45c2-a5ce-d071b447852c","processID":"0x1974","originatesFrom":{"hostName":{"name":"DESKTOP-MAC610T"},"@id":"http://example.org/sepses#d3363ab5-5209-40b2-8b8d-a53fcd93e677","@type":"rdf:nodeID"},"accountDomain":"DESKTOP-MAC610T","handleID":"0x1650","@type":"http://purl.org/sepses/vocab/log/wineventlog#WindowsEventLogEntry","accesses":"%%4423\n\t\t\t\t","objectServer":"Security","version":1}
,{"level":"Information","accessMask":"0x80","hasLogType":"wineventlog","eventID":4663,"resourceAttributes":"S:AI","logName":"Security","keyword":["Audit Success"],"taskCategory":"File System","logonID":"0x2230c","logMessage":"An attempt was made to access an object.\n\nSubject:\n\tSecurity ID:\t\tS-1-5-21-2889181789-4222170037-1347726928-1001\n\tAccount Name:\t\tVirtual Windows 10\n\tAccount Domain:\t\tDESKTOP-MAC610T\n\tLogon ID:\t\t0x2230C\n\nObject:\n\tObject Server:\t\tSecurity\n\tObject Type:\t\tFile\n\tObject Name:\t\tC:\\Users\\Virtual Windows 10\\Dropbox\n\tHandle ID:\t\t0x1650\n\tResource Attributes:\tS:AI\n\nProcess Information:\n\tProcess ID:\t\t0x1974\n\tProcess Name:\t\tC:\\Program Files (x86)\\Dropbox\\Client\\Dropbox.exe\n\nAccess Request Information:\n\tAccesses:\t\tReadAttributes\n\t\t\t\t\n\tAccess Mask:\t\t0x80","processName":"C:\\Program Files (x86)\\Dropbox\\Client\\Dropbox.exe","objectName":"C:\\Users\\Virtual Windows 10\\Dropbox","upCode":"Info","objectType":"File","timestamp":"2018-09-01T16:35:11.684Z","@timestamp":"2018-09-01T16:35:11.684Z","accountName":"Virtual Windows 10","computerName":"DESKTOP-MAC610T","source":"Microsoft-Windows-Security-Auditing","@context":"http://sepses.ifs.tuwien.ac.at/contexts/wineventlog.jsonld","@id":"http://example.org/logEntry#logEntry-90bb0b6d-7221-4276-aa16-13af21d79ccc","processID":"0x1974","originatesFrom":{"hostName":{"name":"DESKTOP-MAC610T"},"@id":"http://example.org/sepses#1d3e7a2c-8f0f-48e4-ba66-abf6c1869515","@type":"rdf:nodeID"},"accountDomain":"DESKTOP-MAC610T","handleID":"0x1650","@type":"http://purl.org/sepses/vocab/log/wineventlog#WindowsEventLogEntry","accesses":"%%4423\n\t\t\t\t","objectServer":"Security","version":1}
,{"level":"Information","accessMask":"0x80","hasLogType":"wineventlog","eventID":4663,"resourceAttributes":"S:AI","logName":"Security","keyword":["Audit Success"],"taskCategory":"File System","logonID":"0x2230c","logMessage":"An attempt was made to access an object.\n\nSubject:\n\tSecurity ID:\t\tS-1-5-21-2889181789-4222170037-1347726928-1001\n\tAccount Name:\t\tVirtual Windows 10\n\tAccount Domain:\t\tDESKTOP-MAC610T\n\tLogon ID:\t\t0x2230C\n\nObject:\n\tObject Server:\t\tSecurity\n\tObject Type:\t\tFile\n\tObject Name:\t\tC:\\Users\\Virtual Windows 10\\Dropbox\\.dropbox.cache\n\tHandle ID:\t\t0x1fec\n\tResource Attributes:\tS:AI\n\nProcess Information:\n\tProcess ID:\t\t0x1974\n\tProcess Name:\t\tC:\\Program Files (x86)\\Dropbox\\Client\\Dropbox.exe\n\nAccess Request Information:\n\tAccesses:\t\tReadAttributes\n\t\t\t\t\n\tAccess Mask:\t\t0x80","processName":"C:\\Program Files (x86)\\Dropbox\\Client\\Dropbox.exe","objectName":"C:\\Users\\Virtual Windows 10\\Dropbox\\.dropbox.cache","upCode":"Info","objectType":"File","timestamp":"2018-09-01T16:35:11.686Z","@timestamp":"2018-09-01T16:35:11.686Z","accountName":"Virtual Windows 10","computerName":"DESKTOP-MAC610T","source":"Microsoft-Windows-Security-Auditing","@context":"http://sepses.ifs.tuwien.ac.at/contexts/wineventlog.jsonld","@id":"http://example.org/logEntry#logEntry-376a64c0-941e-4c46-b301-917dcc41ba3d","processID":"0x1974","originatesFrom":{"hostName":{"name":"DESKTOP-MAC610T"},"@id":"http://example.org/sepses#14c7af69-21cb-4d51-b5f2-b56ae2102efc","@type":"rdf:nodeID"},"accountDomain":"DESKTOP-MAC610T","handleID":"0x1fec","@type":"http://purl.org/sepses/vocab/log/wineventlog#WindowsEventLogEntry","accesses":"%%4423\n\t\t\t\t","objectServer":"Security","version":1}
,{"level":"Information","accessMask":"0x80","hasLogType":"wineventlog","eventID":4663,"resourceAttributes":"S:AI","logName":"Security","keyword":["Audit Success"],"taskCategory":"File System","logonID":"0x2230c","logMessage":"An attempt was made to access an object.\n\nSubject:\n\tSecurity ID:\t\tS-1-5-21-2889181789-4222170037-1347726928-1001\n\tAccount Name:\t\tVirtual Windows 10\n\tAccount Domain:\t\tDESKTOP-MAC610T\n\tLogon ID:\t\t0x2230C\n\nObject:\n\tObject Server:\t\tSecurity\n\tObject Type:\t\tFile\n\tObject Name:\t\tC:\\Users\\Virtual Windows 10\\Dropbox\\.dropbox.cache\n\tHandle ID:\t\t0x1fec\n\tResource Attributes:\tS:AI\n\nProcess Information:\n\tProcess ID:\t\t0x1974\n\tProcess Name:\t\tC:\\Program Files (x86)\\Dropbox\\Client\\Dropbox.exe\n\nAccess Request Information:\n\tAccesses:\t\tReadAttributes\n\t\t\t\t\n\tAccess Mask:\t\t0x80","processName":"C:\\Program Files (x86)\\Dropbox\\Client\\Dropbox.exe","objectName":"C:\\Users\\Virtual Windows 10\\Dropbox\\.dropbox.cache","upCode":"Info","objectType":"File","timestamp":"2018-09-01T16:35:11.687Z","@timestamp":"2018-09-01T16:35:11.687Z","accountName":"Virtual Windows 10","computerName":"DESKTOP-MAC610T","source":"Microsoft-Windows-Security-Auditing","@context":"http://sepses.ifs.tuwien.ac.at/contexts/wineventlog.jsonld","@id":"http://example.org/logEntry#logEntry-073e55e9-cfef-4f5b-b2da-26a2d3444812","processID":"0x1974","originatesFrom":{"hostName":{"name":"DESKTOP-MAC610T"},"@id":"http://example.org/sepses#5cae64c5-aba4-4bfa-8976-1c69b2d37083","@type":"rdf:nodeID"},"accountDomain":"DESKTOP-MAC610T","handleID":"0x1fec","@type":"http://purl.org/sepses/vocab/log/wineventlog#WindowsEventLogEntry","accesses":"%%4423\n\t\t\t\t","objectServer":"Security","version":1}
,{"level":"Information","accessMask":"0x80","hasLogType":"wineventlog","eventID":4663,"resourceAttributes":"S:AI","logName":"Security","keyword":["Audit Success"],"taskCategory":"File System","logonID":"0x2230c","logMessage":"An attempt was made to access an object.\n\nSubject:\n\tSecurity ID:\t\tS-1-5-21-2889181789-4222170037-1347726928-1001\n\tAccount Name:\t\tVirtual Windows 10\n\tAccount Domain:\t\tDESKTOP-MAC610T\n\tLogon ID:\t\t0x2230C\n\nObject:\n\tObject Server:\t\tSecurity\n\tObject Type:\t\tFile\n\tObject Name:\t\tC:\\Users\\Virtual Windows 10\\Dropbox\\.dropbox.cache\\prefetch_cache\n\tHandle ID:\t\t0x1fec\n\tResource Attributes:\tS:AI\n\nProcess Information:\n\tProcess ID:\t\t0x1974\n\tProcess Name:\t\tC:\\Program Files (x86)\\Dropbox\\Client\\Dropbox.exe\n\nAccess Request Information:\n\tAccesses:\t\tReadAttributes\n\t\t\t\t\n\tAccess Mask:\t\t0x80","processName":"C:\\Program Files (x86)\\Dropbox\\Client\\Dropbox.exe","objectName":"C:\\Users\\Virtual Windows 10\\Dropbox\\.dropbox.cache\\prefetch_cache","upCode":"Info","objectType":"File","timestamp":"2018-09-01T16:35:11.687Z","@timestamp":"2018-09-01T16:35:11.687Z","accountName":"Virtual Windows 10","computerName":"DESKTOP-MAC610T","source":"Microsoft-Windows-Security-Auditing","@context":"http://sepses.ifs.tuwien.ac.at/contexts/wineventlog.jsonld","@id":"http://example.org/logEntry#logEntry-13b34c3d-eb39-4dfe-b4c3-ec3eed487731","processID":"0x1974","originatesFrom":{"hostName":{"name":"DESKTOP-MAC610T"},"@id":"http://example.org/sepses#7f5f2f3b-932c-46be-85b0-e092a17c261c","@type":"rdf:nodeID"},"accountDomain":"DESKTOP-MAC610T","handleID":"0x1fec","@type":"http://purl.org/sepses/vocab/log/wineventlog#WindowsEventLogEntry","accesses":"%%4423\n\t\t\t\t","objectServer":"Security","version":1}
,{"level":"Information","accessMask":"0x80","hasLogType":"wineventlog","eventID":4663,"resourceAttributes":"S:AI","logName":"Security","keyword":["Audit Success"],"taskCategory":"File System","logonID":"0x2230c","logMessage":"An attempt was made to access an object.\n\nSubject:\n\tSecurity ID:\t\tS-1-5-21-2889181789-4222170037-1347726928-1001\n\tAccount Name:\t\tVirtual Windows 10\n\tAccount Domain:\t\tDESKTOP-MAC610T\n\tLogon ID:\t\t0x2230C\n\nObject:\n\tObject Server:\t\tSecurity\n\tObject Type:\t\tFile\n\tObject Name:\t\tC:\\Users\\Virtual Windows 10\\Dropbox\\.dropbox.cache\\prefetch_cache\n\tHandle ID:\t\t0x1fec\n\tResource Attributes:\tS:AI\n\nProcess Information:\n\tProcess ID:\t\t0x1974\n\tProcess Name:\t\tC:\\Program Files (x86)\\Dropbox\\Client\\Dropbox.exe\n\nAccess Request Information:\n\tAccesses:\t\tReadAttributes\n\t\t\t\t\n\tAccess Mask:\t\t0x80","processName":"C:\\Program Files (x86)\\Dropbox\\Client\\Dropbox.exe","objectName":"C:\\Users\\Virtual Windows 10\\Dropbox\\.dropbox.cache\\prefetch_cache","upCode":"Info","objectType":"File","timestamp":"2018-09-01T16:35:11.688Z","@timestamp":"2018-09-01T16:35:11.688Z","accountName":"Virtual Windows 10","computerName":"DESKTOP-MAC610T","source":"Microsoft-Windows-Security-Auditing","@context":"http://sepses.ifs.tuwien.ac.at/contexts/wineventlog.jsonld","@id":"http://example.org/logEntry#logEntry-0ebb66ec-3c95-495f-8b8b-aeedc520fb99","processID":"0x1974","originatesFrom":{"hostName":{"name":"DESKTOP-MAC610T"},"@id":"http://example.org/sepses#5ac7fb4d-bec6-466b-b23f-7337932950be","@type":"rdf:nodeID"},"accountDomain":"DESKTOP-MAC610T","handleID":"0x1fec","@type":"http://purl.org/sepses/vocab/log/wineventlog#WindowsEventLogEntry","accesses":"%%4423\n\t\t\t\t","objectServer":"Security","version":1}
,{"level":"Information","accessMask":"0x80","hasLogType":"wineventlog","eventID":4663,"resourceAttributes":"S:AI","logName":"Security","keyword":["Audit Success"],"taskCategory":"File System","logonID":"0x2230c","logMessage":"An attempt was made to access an object.\n\nSubject:\n\tSecurity ID:\t\tS-1-5-21-2889181789-4222170037-1347726928-1001\n\tAccount Name:\t\tVirtual Windows 10\n\tAccount Domain:\t\tDESKTOP-MAC610T\n\tLogon ID:\t\t0x2230C\n\nObject:\n\tObject Server:\t\tSecurity\n\tObject Type:\t\tFile\n\tObject Name:\t\tC:\\Users\\Virtual Windows 10\\Dropbox\n\tHandle ID:\t\t0x1650\n\tResource Attributes:\tS:AI\n\nProcess Information:\n\tProcess ID:\t\t0x1974\n\tProcess Name:\t\tC:\\Program Files (x86)\\Dropbox\\Client\\Dropbox.exe\n\nAccess Request Information:\n\tAccesses:\t\tReadAttributes\n\t\t\t\t\n\tAccess Mask:\t\t0x80","processName":"C:\\Program Files (x86)\\Dropbox\\Client\\Dropbox.exe","objectName":"C:\\Users\\Virtual Windows 10\\Dropbox","upCode":"Info","objectType":"File","timestamp":"2018-09-01T16:35:12.021Z","@timestamp":"2018-09-01T16:35:12.021Z","accountName":"Virtual Windows 10","computerName":"DESKTOP-MAC610T","source":"Microsoft-Windows-Security-Auditing","@context":"http://sepses.ifs.tuwien.ac.at/contexts/wineventlog.jsonld","@id":"http://example.org/logEntry#logEntry-1a26b1a5-4c11-4321-8db6-e6fef8a2627f","processID":"0x1974","originatesFrom":{"hostName":{"name":"DESKTOP-MAC610T"},"@id":"http://example.org/sepses#79cbf09d-d925-407f-af63-3cde766ab787","@type":"rdf:nodeID"},"accountDomain":"DESKTOP-MAC610T","handleID":"0x1650","@type":"http://purl.org/sepses/vocab/log/wineventlog#WindowsEventLogEntry","accesses":"%%4423\n\t\t\t\t","objectServer":"Security","version":1}
,{"level":"Information","accessMask":"0x80","hasLogType":"wineventlog","eventID":4663,"resourceAttributes":"S:AI","logName":"Security","keyword":["Audit Success"],"taskCategory":"File System","logonID":"0x2230c","logMessage":"An attempt was made to access an object.\n\nSubject:\n\tSecurity ID:\t\tS-1-5-21-2889181789-4222170037-1347726928-1001\n\tAccount Name:\t\tVirtual Windows 10\n\tAccount Domain:\t\tDESKTOP-MAC610T\n\tLogon ID:\t\t0x2230C\n\nObject:\n\tObject Server:\t\tSecurity\n\tObject Type:\t\tFile\n\tObject Name:\t\tC:\\Users\\Virtual Windows 10\\Dropbox\n\tHandle ID:\t\t0x1650\n\tResource Attributes:\tS:AI\n\nProcess Information:\n\tProcess ID:\t\t0x1974\n\tProcess Name:\t\tC:\\Program Files (x86)\\Dropbox\\Client\\Dropbox.exe\n\nAccess Request Information:\n\tAccesses:\t\tReadAttributes\n\t\t\t\t\n\tAccess Mask:\t\t0x80","processName":"C:\\Program Files (x86)\\Dropbox\\Client\\Dropbox.exe","objectName":"C:\\Users\\Virtual Windows 10\\Dropbox","upCode":"Info","objectType":"File","timestamp":"2018-09-01T16:35:12.022Z","@timestamp":"2018-09-01T16:35:12.022Z","accountName":"Virtual Windows 10","computerName":"DESKTOP-MAC610T","source":"Microsoft-Windows-Security-Auditing","@context":"http://sepses.ifs.tuwien.ac.at/contexts/wineventlog.jsonld","@id":"http://example.org/logEntry#logEntry-4319d73f-e5cf-4125-becd-19d4d0604be6","processID":"0x1974","originatesFrom":{"hostName":{"name":"DESKTOP-MAC610T"},"@id":"http://example.org/sepses#10accfde-6d89-4bb5-bd44-5900a668f317","@type":"rdf:nodeID"},"accountDomain":"DESKTOP-MAC610T","handleID":"0x1650","@type":"http://purl.org/sepses/vocab/log/wineventlog#WindowsEventLogEntry","accesses":"%%4423\n\t\t\t\t","objectServer":"Security","version":1}
,{"level":"Information","accessMask":"0x80","hasLogType":"wineventlog","eventID":4663,"resourceAttributes":"S:AI","logName":"Security","keyword":["Audit Success"],"taskCategory":"File System","logonID":"0x2230c","logMessage":"An attempt was made to access an object.\n\nSubject:\n\tSecurity ID:\t\tS-1-5-21-2889181789-4222170037-1347726928-1001\n\tAccount Name:\t\tVirtual Windows 10\n\tAccount Domain:\t\tDESKTOP-MAC610T\n\tLogon ID:\t\t0x2230C\n\nObject:\n\tObject Server:\t\tSecurity\n\tObject Type:\t\tFile\n\tObject Name:\t\tC:\\Users\\Virtual Windows 10\\Dropbox\n\tHandle ID:\t\t0x1fdc\n\tResource Attributes:\tS:AI\n\nProcess Information:\n\tProcess ID:\t\t0x1974\n\tProcess Name:\t\tC:\\Program Files (x86)\\Dropbox\\Client\\Dropbox.exe\n\nAccess Request Information:\n\tAccesses:\t\tReadAttributes\n\t\t\t\t\n\tAccess Mask:\t\t0x80","processName":"C:\\Program Files (x86)\\Dropbox\\Client\\Dropbox.exe","objectName":"C:\\Users\\Virtual Windows 10\\Dropbox","upCode":"Info","objectType":"File","timestamp":"2018-09-01T16:35:12.546Z","@timestamp":"2018-09-01T16:35:12.546Z","accountName":"Virtual Windows 10","computerName":"DESKTOP-MAC610T","source":"Microsoft-Windows-Security-Auditing","@context":"http://sepses.ifs.tuwien.ac.at/contexts/wineventlog.jsonld","@id":"http://example.org/logEntry#logEntry-b3948cd0-1333-4612-9974-167a45007443","processID":"0x1974","originatesFrom":{"hostName":{"name":"DESKTOP-MAC610T"},"@id":"http://example.org/sepses#407cbaea-909b-44af-b835-909eb0417dc5","@type":"rdf:nodeID"},"accountDomain":"DESKTOP-MAC610T","handleID":"0x1fdc","@type":"http://purl.org/sepses/vocab/log/wineventlog#WindowsEventLogEntry","accesses":"%%4423\n\t\t\t\t","objectServer":"Security","version":1}
,{"level":"Information","accessMask":"0x80","hasLogType":"wineventlog","eventID":4663,"resourceAttributes":"S:AI","logName":"Security","keyword":["Audit Success"],"taskCategory":"File System","logonID":"0x2230c","logMessage":"An attempt was made to access an object.\n\nSubject:\n\tSecurity ID:\t\tS-1-5-21-2889181789-4222170037-1347726928-1001\n\tAccount Name:\t\tVirtual Windows 10\n\tAccount Domain:\t\tDESKTOP-MAC610T\n\tLogon ID:\t\t0x2230C\n\nObject:\n\tObject Server:\t\tSecurity\n\tObject Type:\t\tFile\n\tObject Name:\t\tC:\\Users\\Virtual Windows 10\\Dropbox\n\tHandle ID:\t\t0x1fdc\n\tResource Attributes:\tS:AI\n\nProcess Information:\n\tProcess ID:\t\t0x1974\n\tProcess Name:\t\tC:\\Program Files (x86)\\Dropbox\\Client\\Dropbox.exe\n\nAccess Request Information:\n\tAccesses:\t\tReadAttributes\n\t\t\t\t\n\tAccess Mask:\t\t0x80","processName":"C:\\Program Files (x86)\\Dropbox\\Client\\Dropbox.exe","objectName":"C:\\Users\\Virtual Windows 10\\Dropbox","upCode":"Info","objectType":"File","timestamp":"2018-09-01T16:35:12.547Z","@timestamp":"2018-09-01T16:35:12.547Z","accountName":"Virtual Windows 10","computerName":"DESKTOP-MAC610T","source":"Microsoft-Windows-Security-Auditing","@context":"http://sepses.ifs.tuwien.ac.at/contexts/wineventlog.jsonld","@id":"http://example.org/logEntry#logEntry-e9781691-f48d-4d5f-8f17-5734074e284d","processID":"0x1974","originatesFrom":{"hostName":{"name":"DESKTOP-MAC610T"},"@id":"http://example.org/sepses#1836f702-a570-4c95-b738-88ea75cb6fc0","@type":"rdf:nodeID"},"accountDomain":"DESKTOP-MAC610T","handleID":"0x1fdc","@type":"http://purl.org/sepses/vocab/log/wineventlog#WindowsEventLogEntry","accesses":"%%4423\n\t\t\t\t","objectServer":"Security","version":1}
,{"level":"Information","accessMask":"0x80","hasLogType":"wineventlog","eventID":4663,"resourceAttributes":"S:AI","logName":"Security","keyword":["Audit Success"],"taskCategory":"File System","logonID":"0x2230c","logMessage":"An attempt was made to access an object.\n\nSubject:\n\tSecurity ID:\t\tS-1-5-21-2889181789-4222170037-1347726928-1001\n\tAccount Name:\t\tVirtual Windows 10\n\tAccount Domain:\t\tDESKTOP-MAC610T\n\tLogon ID:\t\t0x2230C\n\nObject:\n\tObject Server:\t\tSecurity\n\tObject Type:\t\tFile\n\tObject Name:\t\tC:\\Users\\Virtual Windows 10\\Dropbox\n\tHandle ID:\t\t0x1140\n\tResource Attributes:\tS:AI\n\nProcess Information:\n\tProcess ID:\t\t0xc88\n\tProcess Name:\t\tC:\\Windows\\explorer.exe\n\nAccess Request Information:\n\tAccesses:\t\tReadAttributes\n\t\t\t\t\n\tAccess Mask:\t\t0x80","processName":"C:\\Windows\\explorer.exe","objectName":"C:\\Users\\Virtual Windows 10\\Dropbox","upCode":"Info","objectType":"File","timestamp":"2018-09-01T16:35:13.073Z","@timestamp":"2018-09-01T16:35:13.073Z","accountName":"Virtual Windows 10","computerName":"DESKTOP-MAC610T","source":"Microsoft-Windows-Security-Auditing","@context":"http://sepses.ifs.tuwien.ac.at/contexts/wineventlog.jsonld","@id":"http://example.org/logEntry#logEntry-3650d875-e042-4bab-9724-a3ebb7197834","processID":"0xc88","originatesFrom":{"hostName":{"name":"DESKTOP-MAC610T"},"@id":"http://example.org/sepses#6f3e8698-bef4-4279-9164-ee446f59d7df","@type":"rdf:nodeID"},"accountDomain":"DESKTOP-MAC610T","handleID":"0x1140","@type":"http://purl.org/sepses/vocab/log/wineventlog#WindowsEventLogEntry","accesses":"%%4423\n\t\t\t\t","objectServer":"Security","version":1}
,{"level":"Information","accessMask":"0x80","hasLogType":"wineventlog","eventID":4663,"resourceAttributes":"S:AI","logName":"Security","keyword":["Audit Success"],"taskCategory":"File System","logonID":"0x2230c","logMessage":"An attempt was made to access an object.\n\nSubject:\n\tSecurity ID:\t\tS-1-5-21-2889181789-4222170037-1347726928-1001\n\tAccount Name:\t\tVirtual Windows 10\n\tAccount Domain:\t\tDESKTOP-MAC610T\n\tLogon ID:\t\t0x2230C\n\nObject:\n\tObject Server:\t\tSecurity\n\tObject Type:\t\tFile\n\tObject Name:\t\tC:\\Users\\Virtual Windows 10\\Dropbox\\wordpad_rename.rtf\n\tHandle ID:\t\t0x20b0\n\tResource Attributes:\tS:AI\n\nProcess Information:\n\tProcess ID:\t\t0x1974\n\tProcess Name:\t\tC:\\Program Files (x86)\\Dropbox\\Client\\Dropbox.exe\n\nAccess Request Information:\n\tAccesses:\t\tReadAttributes\n\t\t\t\t\n\tAccess Mask:\t\t0x80","processName":"C:\\Program Files (x86)\\Dropbox\\Client\\Dropbox.exe","objectName":"C:\\Users\\Virtual Windows 10\\Dropbox\\wordpad_rename.rtf","upCode":"Info","objectType":"File","timestamp":"2018-09-01T16:35:13.083Z","@timestamp":"2018-09-01T16:35:13.083Z","accountName":"Virtual Windows 10","computerName":"DESKTOP-MAC610T","source":"Microsoft-Windows-Security-Auditing","@context":"http://sepses.ifs.tuwien.ac.at/contexts/wineventlog.jsonld","@id":"http://example.org/logEntry#logEntry-8ee045d4-d30c-4da9-91ef-6dcd947bfcaf","processID":"0x1974","originatesFrom":{"hostName":{"name":"DESKTOP-MAC610T"},"@id":"http://example.org/sepses#e9bff89b-8aa9-4869-9635-e68f6827bde0","@type":"rdf:nodeID"},"accountDomain":"DESKTOP-MAC610T","handleID":"0x20b0","@type":"http://purl.org/sepses/vocab/log/wineventlog#WindowsEventLogEntry","accesses":"%%4423\n\t\t\t\t","objectServer":"Security","version":1}
,{"level":"Information","accessMask":"0x80","hasLogType":"wineventlog","eventID":4663,"resourceAttributes":"S:AI","logName":"Security","keyword":["Audit Success"],"taskCategory":"File System","logonID":"0x2230c","logMessage":"An attempt was made to access an object.\n\nSubject:\n\tSecurity ID:\t\tS-1-5-21-2889181789-4222170037-1347726928-1001\n\tAccount Name:\t\tVirtual Windows 10\n\tAccount Domain:\t\tDESKTOP-MAC610T\n\tLogon ID:\t\t0x2230C\n\nObject:\n\tObject Server:\t\tSecurity\n\tObject Type:\t\tFile\n\tObject Name:\t\tC:\\Users\\Virtual Windows 10\\Dropbox\\wordpad_rename.rtf\n\tHandle ID:\t\t0x20b0\n\tResource Attributes:\tS:AI\n\nProcess Information:\n\tProcess ID:\t\t0x1974\n\tProcess Name:\t\tC:\\Program Files (x86)\\Dropbox\\Client\\Dropbox.exe\n\nAccess Request Information:\n\tAccesses:\t\tReadAttributes\n\t\t\t\t\n\tAccess Mask:\t\t0x80","processName":"C:\\Program Files (x86)\\Dropbox\\Client\\Dropbox.exe","objectName":"C:\\Users\\Virtual Windows 10\\Dropbox\\wordpad_rename.rtf","upCode":"Info","objectType":"File","timestamp":"2018-09-01T16:35:13.084Z","@timestamp":"2018-09-01T16:35:13.084Z","accountName":"Virtual Windows 10","computerName":"DESKTOP-MAC610T","source":"Microsoft-Windows-Security-Auditing","@context":"http://sepses.ifs.tuwien.ac.at/contexts/wineventlog.jsonld","@id":"http://example.org/logEntry#logEntry-8bd2e045-1bba-4c9c-823e-8792753791be","processID":"0x1974","originatesFrom":{"hostName":{"name":"DESKTOP-MAC610T"},"@id":"http://example.org/sepses#abf8d35a-5426-4ae2-9780-77e445af7048","@type":"rdf:nodeID"},"accountDomain":"DESKTOP-MAC610T","handleID":"0x20b0","@type":"http://purl.org/sepses/vocab/log/wineventlog#WindowsEventLogEntry","accesses":"%%4423\n\t\t\t\t","objectServer":"Security","version":1}
,{"level":"Information","accessMask":"0x80","hasLogType":"wineventlog","eventID":4663,"resourceAttributes":"S:AI","logName":"Security","keyword":["Audit Success"],"taskCategory":"File System","logonID":"0x2230c","logMessage":"An attempt was made to access an object.\n\nSubject:\n\tSecurity ID:\t\tS-1-5-21-2889181789-4222170037-1347726928-1001\n\tAccount Name:\t\tVirtual Windows 10\n\tAccount Domain:\t\tDESKTOP-MAC610T\n\tLogon ID:\t\t0x2230C\n\nObject:\n\tObject Server:\t\tSecurity\n\tObject Type:\t\tFile\n\tObject Name:\t\tC:\\Users\\Virtual Windows 10\\Dropbox\n\tHandle ID:\t\t0x2d58\n\tResource Attributes:\tS:AI\n\nProcess Information:\n\tProcess ID:\t\t0xc88\n\tProcess Name:\t\tC:\\Windows\\explorer.exe\n\nAccess Request Information:\n\tAccesses:\t\tReadAttributes\n\t\t\t\t\n\tAccess Mask:\t\t0x80","processName":"C:\\Windows\\explorer.exe","objectName":"C:\\Users\\Virtual Windows 10\\Dropbox","upCode":"Info","objectType":"File","timestamp":"2018-09-01T16:35:13.085Z","@timestamp":"2018-09-01T16:35:13.085Z","accountName":"Virtual Windows 10","computerName":"DESKTOP-MAC610T","source":"Microsoft-Windows-Security-Auditing","@context":"http://sepses.ifs.tuwien.ac.at/contexts/wineventlog.jsonld","@id":"http://example.org/logEntry#logEntry-e9acef17-689f-4028-9e46-fe5766c59757","processID":"0xc88","originatesFrom":{"hostName":{"name":"DESKTOP-MAC610T"},"@id":"http://example.org/sepses#8cd8a2b7-bb90-4bf0-bdc9-bcd27035b118","@type":"rdf:nodeID"},"accountDomain":"DESKTOP-MAC610T","handleID":"0x2d58","@type":"http://purl.org/sepses/vocab/log/wineventlog#WindowsEventLogEntry","accesses":"%%4423\n\t\t\t\t","objectServer":"Security","version":1}
,{"level":"Information","accessMask":"0x80","hasLogType":"wineventlog","eventID":4663,"resourceAttributes":"S:AI","logName":"Security","keyword":["Audit Success"],"taskCategory":"File System","logonID":"0x2230c","logMessage":"An attempt was made to access an object.\n\nSubject:\n\tSecurity ID:\t\tS-1-5-21-2889181789-4222170037-1347726928-1001\n\tAccount Name:\t\tVirtual Windows 10\n\tAccount Domain:\t\tDESKTOP-MAC610T\n\tLogon ID:\t\t0x2230C\n\nObject:\n\tObject Server:\t\tSecurity\n\tObject Type:\t\tFile\n\tObject Name:\t\tC:\\Users\\Virtual Windows 10\\Dropbox\n\tHandle ID:\t\t0x20c4\n\tResource Attributes:\tS:AI\n\nProcess Information:\n\tProcess ID:\t\t0x1974\n\tProcess Name:\t\tC:\\Program Files (x86)\\Dropbox\\Client\\Dropbox.exe\n\nAccess Request Information:\n\tAccesses:\t\tReadAttributes\n\t\t\t\t\n\tAccess Mask:\t\t0x80","processName":"C:\\Program Files (x86)\\Dropbox\\Client\\Dropbox.exe","objectName":"C:\\Users\\Virtual Windows 10\\Dropbox","upCode":"Info","objectType":"File","timestamp":"2018-09-01T16:35:13.314Z","@timestamp":"2018-09-01T16:35:13.314Z","accountName":"Virtual Windows 10","computerName":"DESKTOP-MAC610T","source":"Microsoft-Windows-Security-Auditing","@context":"http://sepses.ifs.tuwien.ac.at/contexts/wineventlog.jsonld","@id":"http://example.org/logEntry#logEntry-c261b0ea-8b10-43a5-aa12-a8c331600537","processID":"0x1974","originatesFrom":{"hostName":{"name":"DESKTOP-MAC610T"},"@id":"http://example.org/sepses#0bbecbe2-9a5b-4ea9-8ea5-447a54df7c3d","@type":"rdf:nodeID"},"accountDomain":"DESKTOP-MAC610T","handleID":"0x20c4","@type":"http://purl.org/sepses/vocab/log/wineventlog#WindowsEventLogEntry","accesses":"%%4423\n\t\t\t\t","objectServer":"Security","version":1}
,{"level":"Information","accessMask":"0x80","hasLogType":"wineventlog","eventID":4663,"resourceAttributes":"S:AI","logName":"Security","keyword":["Audit Success"],"taskCategory":"File System","logonID":"0x2230c","logMessage":"An attempt was made to access an object.\n\nSubject:\n\tSecurity ID:\t\tS-1-5-21-2889181789-4222170037-1347726928-1001\n\tAccount Name:\t\tVirtual Windows 10\n\tAccount Domain:\t\tDESKTOP-MAC610T\n\tLogon ID:\t\t0x2230C\n\nObject:\n\tObject Server:\t\tSecurity\n\tObject Type:\t\tFile\n\tObject Name:\t\tC:\\Users\\Virtual Windows 10\\Dropbox\n\tHandle ID:\t\t0x20c4\n\tResource Attributes:\tS:AI\n\nProcess Information:\n\tProcess ID:\t\t0x1974\n\tProcess Name:\t\tC:\\Program Files (x86)\\Dropbox\\Client\\Dropbox.exe\n\nAccess Request Information:\n\tAccesses:\t\tReadAttributes\n\t\t\t\t\n\tAccess Mask:\t\t0x80","processName":"C:\\Program Files (x86)\\Dropbox\\Client\\Dropbox.exe","objectName":"C:\\Users\\Virtual Windows 10\\Dropbox","upCode":"Info","objectType":"File","timestamp":"2018-09-01T16:35:13.314Z","@timestamp":"2018-09-01T16:35:13.314Z","accountName":"Virtual Windows 10","computerName":"DESKTOP-MAC610T","source":"Microsoft-Windows-Security-Auditing","@context":"http://sepses.ifs.tuwien.ac.at/contexts/wineventlog.jsonld","@id":"http://example.org/logEntry#logEntry-5bda39d2-b958-49af-82f0-248b3181a5af","processID":"0x1974","originatesFrom":{"hostName":{"name":"DESKTOP-MAC610T"},"@id":"http://example.org/sepses#4215152f-ac2a-49c1-a7b3-742ae2d1fa91","@type":"rdf:nodeID"},"accountDomain":"DESKTOP-MAC610T","handleID":"0x20c4","@type":"http://purl.org/sepses/vocab/log/wineventlog#WindowsEventLogEntry","accesses":"%%4423\n\t\t\t\t","objectServer":"Security","version":1}
,{"level":"Information","accessMask":"0x80","hasLogType":"wineventlog","eventID":4663,"resourceAttributes":"S:AI","logName":"Security","keyword":["Audit Success"],"taskCategory":"File System","logonID":"0x2230c","logMessage":"An attempt was made to access an object.\n\nSubject:\n\tSecurity ID:\t\tS-1-5-21-2889181789-4222170037-1347726928-1001\n\tAccount Name:\t\tVirtual Windows 10\n\tAccount Domain:\t\tDESKTOP-MAC610T\n\tLogon ID:\t\t0x2230C\n\nObject:\n\tObject Server:\t\tSecurity\n\tObject Type:\t\tFile\n\tObject Name:\t\tC:\\Users\\Virtual Windows 10\\Dropbox\n\tHandle ID:\t\t0x20c8\n\tResource Attributes:\tS:AI\n\nProcess Information:\n\tProcess ID:\t\t0x1974\n\tProcess Name:\t\tC:\\Program Files (x86)\\Dropbox\\Client\\Dropbox.exe\n\nAccess Request Information:\n\tAccesses:\t\tReadAttributes\n\t\t\t\t\n\tAccess Mask:\t\t0x80","processName":"C:\\Program Files (x86)\\Dropbox\\Client\\Dropbox.exe","objectName":"C:\\Users\\Virtual Windows 10\\Dropbox","upCode":"Info","objectType":"File","timestamp":"2018-09-01T16:35:13.579Z","@timestamp":"2018-09-01T16:35:13.579Z","accountName":"Virtual Windows 10","computerName":"DESKTOP-MAC610T","source":"Microsoft-Windows-Security-Auditing","@context":"http://sepses.ifs.tuwien.ac.at/contexts/wineventlog.jsonld","@id":"http://example.org/logEntry#logEntry-b644f6c6-d97e-4a2c-80e2-19bd0f035267","processID":"0x1974","originatesFrom":{"hostName":{"name":"DESKTOP-MAC610T"},"@id":"http://example.org/sepses#fac82e0e-c65e-4d4f-8976-ed16abef4e93","@type":"rdf:nodeID"},"accountDomain":"DESKTOP-MAC610T","handleID":"0x20c8","@type":"http://purl.org/sepses/vocab/log/wineventlog#WindowsEventLogEntry","accesses":"%%4423\n\t\t\t\t","objectServer":"Security","version":1}
,{"level":"Information","accessMask":"0x80","hasLogType":"wineventlog","eventID":4663,"resourceAttributes":"S:AI","logName":"Security","keyword":["Audit Success"],"taskCategory":"File System","logonID":"0x2230c","logMessage":"An attempt was made to access an object.\n\nSubject:\n\tSecurity ID:\t\tS-1-5-21-2889181789-4222170037-1347726928-1001\n\tAccount Name:\t\tVirtual Windows 10\n\tAccount Domain:\t\tDESKTOP-MAC610T\n\tLogon ID:\t\t0x2230C\n\nObject:\n\tObject Server:\t\tSecurity\n\tObject Type:\t\tFile\n\tObject Name:\t\tC:\\Users\\Virtual Windows 10\\Dropbox\n\tHandle ID:\t\t0x20c8\n\tResource Attributes:\tS:AI\n\nProcess Information:\n\tProcess ID:\t\t0x1974\n\tProcess Name:\t\tC:\\Program Files (x86)\\Dropbox\\Client\\Dropbox.exe\n\nAccess Request Information:\n\tAccesses:\t\tReadAttributes\n\t\t\t\t\n\tAccess Mask:\t\t0x80","processName":"C:\\Program Files (x86)\\Dropbox\\Client\\Dropbox.exe","objectName":"C:\\Users\\Virtual Windows 10\\Dropbox","upCode":"Info","objectType":"File","timestamp":"2018-09-01T16:35:13.581Z","@timestamp":"2018-09-01T16:35:13.581Z","accountName":"Virtual Windows 10","computerName":"DESKTOP-MAC610T","source":"Microsoft-Windows-Security-Auditing","@context":"http://sepses.ifs.tuwien.ac.at/contexts/wineventlog.jsonld","@id":"http://example.org/logEntry#logEntry-65d862b5-efae-48ab-8e6b-4b7af11b7816","processID":"0x1974","originatesFrom":{"hostName":{"name":"DESKTOP-MAC610T"},"@id":"http://example.org/sepses#b12e6c1f-5317-4371-95ef-7905c9fe7898","@type":"rdf:nodeID"},"accountDomain":"DESKTOP-MAC610T","handleID":"0x20c8","@type":"http://purl.org/sepses/vocab/log/wineventlog#WindowsEventLogEntry","accesses":"%%4423\n\t\t\t\t","objectServer":"Security","version":1}
