,{"level":"Information","accessMask":"0x2","hasLogType":"wineventlog","eventID":4663,"resourceAttributes":"S:AI","logName":"Security","keyword":["Audit Success"],"taskCategory":"File System","logonID":"0x2230c","logMessage":"An attempt was made to access an object.\n\nSubject:\n\tSecurity ID:\t\tS-1-5-21-2889181789-4222170037-1347726928-1001\n\tAccount Name:\t\tVirtual Windows 10\n\tAccount Domain:\t\tDESKTOP-MAC610T\n\tLogon ID:\t\t0x2230C\n\nObject:\n\tObject Server:\t\tSecurity\n\tObject Type:\t\tFile\n\tObject Name:\t\tC:\\Users\\Virtual Windows 10\\Dropbox\\wordpad_rename.rtf:com.dropbox.attributes\n\tHandle ID:\t\t0x2010\n\tResource Attributes:\tS:AI\n\nProcess Information:\n\tProcess ID:\t\t0x1974\n\tProcess Name:\t\tC:\\Program Files (x86)\\Dropbox\\Client\\Dropbox.exe\n\nAccess Request Information:\n\tAccesses:\t\tWriteData (or AddFile)\n\t\t\t\t\n\tAccess Mask:\t\t0x2","processName":"C:\\Program Files (x86)\\Dropbox\\Client\\Dropbox.exe","objectName":"C:\\Users\\Virtual Windows 10\\Dropbox\\wordpad_rename.rtf:com.dropbox.attributes","upCode":"Info","objectType":"File","timestamp":"2018-09-01T16:35:10.491Z","@timestamp":"2018-09-01T16:35:10.491Z","accountName":"Virtual Windows 10","computerName":"DESKTOP-MAC610T","source":"Microsoft-Windows-Security-Auditing","@context":"http://sepses.ifs.tuwien.ac.at/contexts/wineventlog.jsonld","@id":"http://example.org/logEntry#logEntry-66b5c1df-27b3-4d8a-a96b-28c31122b06a","processID":"0x1974","originatesFrom":{"hostName":{"name":"DESKTOP-MAC610T"},"@id":"http://example.org/sepses#035dde1b-d9a8-4456-a29c-44aa67df23db","@type":"rdf:nodeID"},"accountDomain":"DESKTOP-MAC610T","handleID":"0x2010","@type":"http://purl.org/sepses/vocab/log/wineventlog#WindowsEventLogEntry","accesses":"%%4417\n\t\t\t\t","objectServer":"Security","version":1}
,{"level":"Information","accessMask":"0x80","hasLogType":"wineventlog","eventID":4663,"resourceAttributes":"S:AI","logName":"Security","keyword":["Audit Success"],"taskCategory":"File System","logonID":"0x2230c","logMessage":"An attempt was made to access an object.\n\nSubject:\n\tSecurity ID:\t\tS-1-5-21-2889181789-4222170037-1347726928-1001\n\tAccount Name:\t\tVirtual Windows 10\n\tAccount Domain:\t\tDESKTOP-MAC610T\n\tLogon ID:\t\t0x2230C\n\nObject:\n\tObject Server:\t\tSecurity\n\tObject Type:\t\tFile\n\tObject Name:\t\tC:\\Users\\Virtual Windows 10\\Dropbox\\wordpad_rename.rtf\n\tHandle ID:\t\t0x2010\n\tResource Attributes:\tS:AI\n\nProcess Information:\n\tProcess ID:\t\t0x1974\n\tProcess Name:\t\tC:\\Program Files (x86)\\Dropbox\\Client\\Dropbox.exe\n\nAccess Request Information:\n\tAccesses:\t\tReadAttributes\n\t\t\t\t\n\tAccess Mask:\t\t0x80","processName":"C:\\Program Files (x86)\\Dropbox\\Client\\Dropbox.exe","objectName":"C:\\Users\\Virtual Windows 10\\Dropbox\\wordpad_rename.rtf","upCode":"Info","objectType":"File","timestamp":"2018-09-01T16:35:10.507Z","@timestamp":"2018-09-01T16:35:10.507Z","accountName":"Virtual Windows 10","computerName":"DESKTOP-MAC610T","source":"Microsoft-Windows-Security-Auditing","@context":"http://sepses.ifs.tuwien.ac.at/contexts/wineventlog.jsonld","@id":"http://example.org/logEntry#logEntry-5ec6476c-f3c0-49c2-a5db-9dca09af875b","processID":"0x1974","originatesFrom":{"hostName":{"name":"DESKTOP-MAC610T"},"@id":"http://example.org/sepses#fc9c754e-358f-4815-bba2-66c446223171","@type":"rdf:nodeID"},"accountDomain":"DESKTOP-MAC610T","handleID":"0x2010","@type":"http://purl.org/sepses/vocab/log/wineventlog#WindowsEventLogEntry","accesses":"%%4423\n\t\t\t\t","objectServer":"Security","version":1}
,{"level":"Information","accessMask":"0x80","hasLogType":"wineventlog","eventID":4663,"resourceAttributes":"S:AI","logName":"Security","keyword":["Audit Success"],"taskCategory":"File System","logonID":"0x2230c","logMessage":"An attempt was made to access an object.\n\nSubject:\n\tSecurity ID:\t\tS-1-5-21-2889181789-4222170037-1347726928-1001\n\tAccount Name:\t\tVirtual Windows 10\n\tAccount Domain:\t\tDESKTOP-MAC610T\n\tLogon ID:\t\t0x2230C\n\nObject:\n\tObject Server:\t\tSecurity\n\tObject Type:\t\tFile\n\tObject Name:\t\tC:\\Users\\Virtual Windows 10\\Dropbox\\wordpad_rename.rtf\n\tHandle ID:\t\t0x2010\n\tResource Attributes:\tS:AI\n\nProcess Information:\n\tProcess ID:\t\t0x1974\n\tProcess Name:\t\tC:\\Program Files (x86)\\Dropbox\\Client\\Dropbox.exe\n\nAccess Request Information:\n\tAccesses:\t\tReadAttributes\n\t\t\t\t\n\tAccess Mask:\t\t0x80","processName":"C:\\Program Files (x86)\\Dropbox\\Client\\Dropbox.exe","objectName":"C:\\Users\\Virtual Windows 10\\Dropbox\\wordpad_rename.rtf","upCode":"Info","objectType":"File","timestamp":"2018-09-01T16:35:10.508Z","@timestamp":"2018-09-01T16:35:10.508Z","accountName":"Virtual Windows 10","computerName":"DESKTOP-MAC610T","source":"Microsoft-Windows-Security-Auditing","@context":"http://sepses.ifs.tuwien.ac.at/contexts/wineventlog.jsonld","@id":"http://example.org/logEntry#logEntry-2b716cfb-45b9-4fca-b0b5-c31c2b55bc43","processID":"0x1974","originatesFrom":{"hostName":{"name":"DESKTOP-MAC610T"},"@id":"http://example.org/sepses#4e5da7b0-df56-4cea-b97e-254a2b9967b1","@type":"rdf:nodeID"},"accountDomain":"DESKTOP-MAC610T","handleID":"0x2010","@type":"http://purl.org/sepses/vocab/log/wineventlog#WindowsEventLogEntry","accesses":"%%4423\n\t\t\t\t","objectServer":"Security","version":1}
,{"level":"Information","accessMask":"0x80","hasLogType":"wineventlog","eventID":4663,"resourceAttributes":"S:AI","logName":"Security","keyword":["Audit Success"],"taskCategory":"File System","logonID":"0x2230c","logMessage":"An attempt was made to access an object.\n\nSubject:\n\tSecurity ID:\t\tS-1-5-21-2889181789-4222170037-1347726928-1001\n\tAccount Name:\t\tVirtual Windows 10\n\tAccount Domain:\t\tDESKTOP-MAC610T\n\tLogon ID:\t\t0x2230C\n\nObject:\n\tObject Server:\t\tSecurity\n\tObject Type:\t\tFile\n\tObject Name:\t\tC:\\Users\\Virtual Windows 10\\Dropbox\\wordpad_rename.rtf\n\tHandle ID:\t\t0x1e08\n\tResource Attributes:\tS:AI\n\nProcess Information:\n\tProcess ID:\t\t0x1974\n\tProcess Name:\t\tC:\\Program Files (x86)\\Dropbox\\Client\\Dropbox.exe\n\nAccess Request Information:\n\tAccesses:\t\tReadAttributes\n\t\t\t\t\n\tAccess Mask:\t\t0x80","processName":"C:\\Program Files (x86)\\Dropbox\\Client\\Dropbox.exe","objectName":"C:\\Users\\Virtual Windows 10\\Dropbox\\wordpad_rename.rtf","upCode":"Info","objectType":"File","timestamp":"2018-09-01T16:35:10.514Z","@timestamp":"2018-09-01T16:35:10.514Z","accountName":"Virtual Windows 10","computerName":"DESKTOP-MAC610T","source":"Microsoft-Windows-Security-Auditing","@context":"http://sepses.ifs.tuwien.ac.at/contexts/wineventlog.jsonld","@id":"http://example.org/logEntry#logEntry-c3e517ea-2371-4f12-9042-fe2973963bd7","processID":"0x1974","originatesFrom":{"hostName":{"name":"DESKTOP-MAC610T"},"@id":"http://example.org/sepses#4f28d190-df30-4910-8093-1bf6831516d9","@type":"rdf:nodeID"},"accountDomain":"DESKTOP-MAC610T","handleID":"0x1e08","@type":"http://purl.org/sepses/vocab/log/wineventlog#WindowsEventLogEntry","accesses":"%%4423\n\t\t\t\t","objectServer":"Security","version":1}
,{"level":"Information","accessMask":"0x80","hasLogType":"wineventlog","eventID":4663,"resourceAttributes":"S:AI","logName":"Security","keyword":["Audit Success"],"taskCategory":"File System","logonID":"0x2230c","logMessage":"An attempt was made to access an object.\n\nSubject:\n\tSecurity ID:\t\tS-1-5-21-2889181789-4222170037-1347726928-1001\n\tAccount Name:\t\tVirtual Windows 10\n\tAccount Domain:\t\tDESKTOP-MAC610T\n\tLogon ID:\t\t0x2230C\n\nObject:\n\tObject Server:\t\tSecurity\n\tObject Type:\t\tFile\n\tObject Name:\t\tC:\\Users\\Virtual Windows 10\\Dropbox\\wordpad_rename.rtf\n\tHandle ID:\t\t0x1e08\n\tResource Attributes:\tS:AI\n\nProcess Information:\n\tProcess ID:\t\t0x1974\n\tProcess Name:\t\tC:\\Program Files (x86)\\Dropbox\\Client\\Dropbox.exe\n\nAccess Request Information:\n\tAccesses:\t\tReadAttributes\n\t\t\t\t\n\tAccess Mask:\t\t0x80","processName":"C:\\Program Files (x86)\\Dropbox\\Client\\Dropbox.exe","objectName":"C:\\Users\\Virtual Windows 10\\Dropbox\\wordpad_rename.rtf","upCode":"Info","objectType":"File","timestamp":"2018-09-01T16:35:10.515Z","@timestamp":"2018-09-01T16:35:10.515Z","accountName":"Virtual Windows 10","computerName":"DESKTOP-MAC610T","source":"Microsoft-Windows-Security-Auditing","@context":"http://sepses.ifs.tuwien.ac.at/contexts/wineventlog.jsonld","@id":"http://example.org/logEntry#logEntry-b2684bdb-b836-484d-9175-b7cc57306b11","processID":"0x1974","originatesFrom":{"hostName":{"name":"DESKTOP-MAC610T"},"@id":"http://example.org/sepses#8c2ce0ab-52f1-4e66-b19e-c8ad00b199d2","@type":"rdf:nodeID"},"accountDomain":"DESKTOP-MAC610T","handleID":"0x1e08","@type":"http://purl.org/sepses/vocab/log/wineventlog#WindowsEventLogEntry","accesses":"%%4423\n\t\t\t\t","objectServer":"Security","version":1}
,{"level":"Information","accessMask":"0x80","hasLogType":"wineventlog","eventID":4663,"resourceAttributes":"S:AI","logName":"Security","keyword":["Audit Success"],"taskCategory":"File System","logonID":"0x2230c","logMessage":"An attempt was made to access an object.\n\nSubject:\n\tSecurity ID:\t\tS-1-5-21-2889181789-4222170037-1347726928-1001\n\tAccount Name:\t\tVirtual Windows 10\n\tAccount Domain:\t\tDESKTOP-MAC610T\n\tLogon ID:\t\t0x2230C\n\nObject:\n\tObject Server:\t\tSecurity\n\tObject Type:\t\tFile\n\tObject Name:\t\tC:\\Users\\Virtual Windows 10\\Dropbox\n\tHandle ID:\t\t0x1e08\n\tResource Attributes:\tS:AI\n\nProcess Information:\n\tProcess ID:\t\t0x1974\n\tProcess Name:\t\tC:\\Program Files (x86)\\Dropbox\\Client\\Dropbox.exe\n\nAccess Request Information:\n\tAccesses:\t\tReadAttributes\n\t\t\t\t\n\tAccess Mask:\t\t0x80","processName":"C:\\Program Files (x86)\\Dropbox\\Client\\Dropbox.exe","objectName":"C:\\Users\\Virtual Windows 10\\Dropbox","upCode":"Info","objectType":"File","timestamp":"2018-09-01T16:35:10.523Z","@timestamp":"2018-09-01T16:35:10.523Z","accountName":"Virtual Windows 10","computerName":"DESKTOP-MAC610T","source":"Microsoft-Windows-Security-Auditing","@context":"http://sepses.ifs.tuwien.ac.at/contexts/wineventlog.jsonld","@id":"http://example.org/logEntry#logEntry-7d92062a-b1f3-4d7a-abad-93825dd80715","processID":"0x1974","originatesFrom":{"hostName":{"name":"DESKTOP-MAC610T"},"@id":"http://example.org/sepses#f20eb835-6e7a-4f79-a0aa-f980b071b3ed","@type":"rdf:nodeID"},"accountDomain":"DESKTOP-MAC610T","handleID":"0x1e08","@type":"http://purl.org/sepses/vocab/log/wineventlog#WindowsEventLogEntry","accesses":"%%4423\n\t\t\t\t","objectServer":"Security","version":1}
,{"level":"Information","accessMask":"0x80","hasLogType":"wineventlog","eventID":4663,"resourceAttributes":"S:AI","logName":"Security","keyword":["Audit Success"],"taskCategory":"File System","logonID":"0x2230c","logMessage":"An attempt was made to access an object.\n\nSubject:\n\tSecurity ID:\t\tS-1-5-21-2889181789-4222170037-1347726928-1001\n\tAccount Name:\t\tVirtual Windows 10\n\tAccount Domain:\t\tDESKTOP-MAC610T\n\tLogon ID:\t\t0x2230C\n\nObject:\n\tObject Server:\t\tSecurity\n\tObject Type:\t\tFile\n\tObject Name:\t\tC:\\Users\\Virtual Windows 10\\Dropbox\n\tHandle ID:\t\t0x1e08\n\tResource Attributes:\tS:AI\n\nProcess Information:\n\tProcess ID:\t\t0x1974\n\tProcess Name:\t\tC:\\Program Files (x86)\\Dropbox\\Client\\Dropbox.exe\n\nAccess Request Information:\n\tAccesses:\t\tReadAttributes\n\t\t\t\t\n\tAccess Mask:\t\t0x80","processName":"C:\\Program Files (x86)\\Dropbox\\Client\\Dropbox.exe","objectName":"C:\\Users\\Virtual Windows 10\\Dropbox","upCode":"Info","objectType":"File","timestamp":"2018-09-01T16:35:10.523Z","@timestamp":"2018-09-01T16:35:10.523Z","accountName":"Virtual Windows 10","computerName":"DESKTOP-MAC610T","source":"Microsoft-Windows-Security-Auditing","@context":"http://sepses.ifs.tuwien.ac.at/contexts/wineventlog.jsonld","@id":"http://example.org/logEntry#logEntry-d35df0df-8127-4ed0-b838-320c3a39b697","processID":"0x1974","originatesFrom":{"hostName":{"name":"DESKTOP-MAC610T"},"@id":"http://example.org/sepses#04c980ea-421b-43b9-a110-8737c2a50764","@type":"rdf:nodeID"},"accountDomain":"DESKTOP-MAC610T","handleID":"0x1e08","@type":"http://purl.org/sepses/vocab/log/wineventlog#WindowsEventLogEntry","accesses":"%%4423\n\t\t\t\t","objectServer":"Security","version":1}
,{"level":"Information","accessMask":"0x80","hasLogType":"wineventlog","eventID":4663,"resourceAttributes":"S:AI","logName":"Security","keyword":["Audit Success"],"taskCategory":"File System","logonID":"0x2230c","logMessage":"An attempt was made to access an object.\n\nSubject:\n\tSecurity ID:\t\tS-1-5-21-2889181789-4222170037-1347726928-1001\n\tAccount Name:\t\tVirtual Windows 10\n\tAccount Domain:\t\tDESKTOP-MAC610T\n\tLogon ID:\t\t0x2230C\n\nObject:\n\tObject Server:\t\tSecurity\n\tObject Type:\t\tFile\n\tObject Name:\t\tC:\\Users\\Virtual Windows 10\\Dropbox\\wordpad_rename.rtf\n\tHandle ID:\t\t0x1e08\n\tResource Attributes:\tS:AI\n\nProcess Information:\n\tProcess ID:\t\t0x1974\n\tProcess Name:\t\tC:\\Program Files (x86)\\Dropbox\\Client\\Dropbox.exe\n\nAccess Request Information:\n\tAccesses:\t\tReadAttributes\n\t\t\t\t\n\tAccess Mask:\t\t0x80","processName":"C:\\Program Files (x86)\\Dropbox\\Client\\Dropbox.exe","objectName":"C:\\Users\\Virtual Windows 10\\Dropbox\\wordpad_rename.rtf","upCode":"Info","objectType":"File","timestamp":"2018-09-01T16:35:10.528Z","@timestamp":"2018-09-01T16:35:10.528Z","accountName":"Virtual Windows 10","computerName":"DESKTOP-MAC610T","source":"Microsoft-Windows-Security-Auditing","@context":"http://sepses.ifs.tuwien.ac.at/contexts/wineventlog.jsonld","@id":"http://example.org/logEntry#logEntry-5b28dd35-fe88-489e-bdc5-a6686ac67135","processID":"0x1974","originatesFrom":{"hostName":{"name":"DESKTOP-MAC610T"},"@id":"http://example.org/sepses#d65e7b98-c031-428e-bebc-57c4e641b027","@type":"rdf:nodeID"},"accountDomain":"DESKTOP-MAC610T","handleID":"0x1e08","@type":"http://purl.org/sepses/vocab/log/wineventlog#WindowsEventLogEntry","accesses":"%%4423\n\t\t\t\t","objectServer":"Security","version":1}
,{"level":"Information","accessMask":"0x80","hasLogType":"wineventlog","eventID":4663,"resourceAttributes":"S:AI","logName":"Security","keyword":["Audit Success"],"taskCategory":"File System","logonID":"0x2230c","logMessage":"An attempt was made to access an object.\n\nSubject:\n\tSecurity ID:\t\tS-1-5-21-2889181789-4222170037-1347726928-1001\n\tAccount Name:\t\tVirtual Windows 10\n\tAccount Domain:\t\tDESKTOP-MAC610T\n\tLogon ID:\t\t0x2230C\n\nObject:\n\tObject Server:\t\tSecurity\n\tObject Type:\t\tFile\n\tObject Name:\t\tC:\\Users\\Virtual Windows 10\\Dropbox\\wordpad_rename.rtf\n\tHandle ID:\t\t0x1e08\n\tResource Attributes:\tS:AI\n\nProcess Information:\n\tProcess ID:\t\t0x1974\n\tProcess Name:\t\tC:\\Program Files (x86)\\Dropbox\\Client\\Dropbox.exe\n\nAccess Request Information:\n\tAccesses:\t\tReadAttributes\n\t\t\t\t\n\tAccess Mask:\t\t0x80","processName":"C:\\Program Files (x86)\\Dropbox\\Client\\Dropbox.exe","objectName":"C:\\Users\\Virtual Windows 10\\Dropbox\\wordpad_rename.rtf","upCode":"Info","objectType":"File","timestamp":"2018-09-01T16:35:10.529Z","@timestamp":"2018-09-01T16:35:10.529Z","accountName":"Virtual Windows 10","computerName":"DESKTOP-MAC610T","source":"Microsoft-Windows-Security-Auditing","@context":"http://sepses.ifs.tuwien.ac.at/contexts/wineventlog.jsonld","@id":"http://example.org/logEntry#logEntry-1c06b1a4-6387-45eb-b4ce-a0ebe7aff614","processID":"0x1974","originatesFrom":{"hostName":{"name":"DESKTOP-MAC610T"},"@id":"http://example.org/sepses#3d5076e1-0295-45f9-adcd-e31321ba049b","@type":"rdf:nodeID"},"accountDomain":"DESKTOP-MAC610T","handleID":"0x1e08","@type":"http://purl.org/sepses/vocab/log/wineventlog#WindowsEventLogEntry","accesses":"%%4423\n\t\t\t\t","objectServer":"Security","version":1}
,{"level":"Information","accessMask":"0x80","hasLogType":"wineventlog","eventID":4663,"resourceAttributes":"S:AI","logName":"Security","keyword":["Audit Success"],"taskCategory":"File System","logonID":"0x2230c","logMessage":"An attempt was made to access an object.\n\nSubject:\n\tSecurity ID:\t\tS-1-5-21-2889181789-4222170037-1347726928-1001\n\tAccount Name:\t\tVirtual Windows 10\n\tAccount Domain:\t\tDESKTOP-MAC610T\n\tLogon ID:\t\t0x2230C\n\nObject:\n\tObject Server:\t\tSecurity\n\tObject Type:\t\tFile\n\tObject Name:\t\tC:\\Users\\Virtual Windows 10\\Dropbox\\wordpad_rename.rtf\n\tHandle ID:\t\t0x2010\n\tResource Attributes:\tS:AI\n\nProcess Information:\n\tProcess ID:\t\t0x1974\n\tProcess Name:\t\tC:\\Program Files (x86)\\Dropbox\\Client\\Dropbox.exe\n\nAccess Request Information:\n\tAccesses:\t\tReadAttributes\n\t\t\t\t\n\tAccess Mask:\t\t0x80","processName":"C:\\Program Files (x86)\\Dropbox\\Client\\Dropbox.exe","objectName":"C:\\Users\\Virtual Windows 10\\Dropbox\\wordpad_rename.rtf","upCode":"Info","objectType":"File","timestamp":"2018-09-01T16:35:10.563Z","@timestamp":"2018-09-01T16:35:10.563Z","accountName":"Virtual Windows 10","computerName":"DESKTOP-MAC610T","source":"Microsoft-Windows-Security-Auditing","@context":"http://sepses.ifs.tuwien.ac.at/contexts/wineventlog.jsonld","@id":"http://example.org/logEntry#logEntry-2fcfe882-ca9f-4884-be91-7d117dbdf7f3","processID":"0x1974","originatesFrom":{"hostName":{"name":"DESKTOP-MAC610T"},"@id":"http://example.org/sepses#40b4f029-03da-403e-bbe7-38879892d1f1","@type":"rdf:nodeID"},"accountDomain":"DESKTOP-MAC610T","handleID":"0x2010","@type":"http://purl.org/sepses/vocab/log/wineventlog#WindowsEventLogEntry","accesses":"%%4423\n\t\t\t\t","objectServer":"Security","version":1}
,{"level":"Information","accessMask":"0x80","hasLogType":"wineventlog","eventID":4663,"resourceAttributes":"S:AI","logName":"Security","keyword":["Audit Success"],"taskCategory":"File System","logonID":"0x2230c","logMessage":"An attempt was made to access an object.\n\nSubject:\n\tSecurity ID:\t\tS-1-5-21-2889181789-4222170037-1347726928-1001\n\tAccount Name:\t\tVirtual Windows 10\n\tAccount Domain:\t\tDESKTOP-MAC610T\n\tLogon ID:\t\t0x2230C\n\nObject:\n\tObject Server:\t\tSecurity\n\tObject Type:\t\tFile\n\tObject Name:\t\tC:\\Users\\Virtual Windows 10\\Dropbox\\wordpad_rename.rtf\n\tHandle ID:\t\t0x2010\n\tResource Attributes:\tS:AI\n\nProcess Information:\n\tProcess ID:\t\t0x1974\n\tProcess Name:\t\tC:\\Program Files (x86)\\Dropbox\\Client\\Dropbox.exe\n\nAccess Request Information:\n\tAccesses:\t\tReadAttributes\n\t\t\t\t\n\tAccess Mask:\t\t0x80","processName":"C:\\Program Files (x86)\\Dropbox\\Client\\Dropbox.exe","objectName":"C:\\Users\\Virtual Windows 10\\Dropbox\\wordpad_rename.rtf","upCode":"Info","objectType":"File","timestamp":"2018-09-01T16:35:10.563Z","@timestamp":"2018-09-01T16:35:10.563Z","accountName":"Virtual Windows 10","computerName":"DESKTOP-MAC610T","source":"Microsoft-Windows-Security-Auditing","@context":"http://sepses.ifs.tuwien.ac.at/contexts/wineventlog.jsonld","@id":"http://example.org/logEntry#logEntry-c087050a-d594-4d86-b6eb-df83a37f908f","processID":"0x1974","originatesFrom":{"hostName":{"name":"DESKTOP-MAC610T"},"@id":"http://example.org/sepses#76c3386d-1827-4abf-a47d-05a5e4bfe23d","@type":"rdf:nodeID"},"accountDomain":"DESKTOP-MAC610T","handleID":"0x2010","@type":"http://purl.org/sepses/vocab/log/wineventlog#WindowsEventLogEntry","accesses":"%%4423\n\t\t\t\t","objectServer":"Security","version":1}
,{"level":"Information","accessMask":"0x80","hasLogType":"wineventlog","eventID":4663,"resourceAttributes":"S:AI","logName":"Security","keyword":["Audit Success"],"taskCategory":"File System","logonID":"0x2230c","logMessage":"An attempt was made to access an object.\n\nSubject:\n\tSecurity ID:\t\tS-1-5-21-2889181789-4222170037-1347726928-1001\n\tAccount Name:\t\tVirtual Windows 10\n\tAccount Domain:\t\tDESKTOP-MAC610T\n\tLogon ID:\t\t0x2230C\n\nObject:\n\tObject Server:\t\tSecurity\n\tObject Type:\t\tFile\n\tObject Name:\t\tC:\\Users\\Virtual Windows 10\\Dropbox\\wordpad_rename.rtf\n\tHandle ID:\t\t0x2010\n\tResource Attributes:\tS:AI\n\nProcess Information:\n\tProcess ID:\t\t0x1974\n\tProcess Name:\t\tC:\\Program Files (x86)\\Dropbox\\Client\\Dropbox.exe\n\nAccess Request Information:\n\tAccesses:\t\tReadAttributes\n\t\t\t\t\n\tAccess Mask:\t\t0x80","processName":"C:\\Program Files (x86)\\Dropbox\\Client\\Dropbox.exe","objectName":"C:\\Users\\Virtual Windows 10\\Dropbox\\wordpad_rename.rtf","upCode":"Info","objectType":"File","timestamp":"2018-09-01T16:35:10.571Z","@timestamp":"2018-09-01T16:35:10.571Z","accountName":"Virtual Windows 10","computerName":"DESKTOP-MAC610T","source":"Microsoft-Windows-Security-Auditing","@context":"http://sepses.ifs.tuwien.ac.at/contexts/wineventlog.jsonld","@id":"http://example.org/logEntry#logEntry-f7b5ec4a-4899-4bad-98bc-4e40772c18b7","processID":"0x1974","originatesFrom":{"hostName":{"name":"DESKTOP-MAC610T"},"@id":"http://example.org/sepses#d1550afc-a41d-4d38-979a-ea12b5ec4c16","@type":"rdf:nodeID"},"accountDomain":"DESKTOP-MAC610T","handleID":"0x2010","@type":"http://purl.org/sepses/vocab/log/wineventlog#WindowsEventLogEntry","accesses":"%%4423\n\t\t\t\t","objectServer":"Security","version":1}
,{"level":"Information","accessMask":"0x80","hasLogType":"wineventlog","eventID":4663,"resourceAttributes":"S:AI","logName":"Security","keyword":["Audit Success"],"taskCategory":"File System","logonID":"0x2230c","logMessage":"An attempt was made to access an object.\n\nSubject:\n\tSecurity ID:\t\tS-1-5-21-2889181789-4222170037-1347726928-1001\n\tAccount Name:\t\tVirtual Windows 10\n\tAccount Domain:\t\tDESKTOP-MAC610T\n\tLogon ID:\t\t0x2230C\n\nObject:\n\tObject Server:\t\tSecurity\n\tObject Type:\t\tFile\n\tObject Name:\t\tC:\\Users\\Virtual Windows 10\\Dropbox\\wordpad_rename.rtf\n\tHandle ID:\t\t0x2010\n\tResource Attributes:\tS:AI\n\nProcess Information:\n\tProcess ID:\t\t0x1974\n\tProcess Name:\t\tC:\\Program Files (x86)\\Dropbox\\Client\\Dropbox.exe\n\nAccess Request Information:\n\tAccesses:\t\tReadAttributes\n\t\t\t\t\n\tAccess Mask:\t\t0x80","processName":"C:\\Program Files (x86)\\Dropbox\\Client\\Dropbox.exe","objectName":"C:\\Users\\Virtual Windows 10\\Dropbox\\wordpad_rename.rtf","upCode":"Info","objectType":"File","timestamp":"2018-09-01T16:35:10.571Z","@timestamp":"2018-09-01T16:35:10.571Z","accountName":"Virtual Windows 10","computerName":"DESKTOP-MAC610T","source":"Microsoft-Windows-Security-Auditing","@context":"http://sepses.ifs.tuwien.ac.at/contexts/wineventlog.jsonld","@id":"http://example.org/logEntry#logEntry-08ca4371-a51f-4adc-9ac1-d1810b28ea8b","processID":"0x1974","originatesFrom":{"hostName":{"name":"DESKTOP-MAC610T"},"@id":"http://example.org/sepses#b84a472f-44ed-4ec8-9e0c-22100c213a36","@type":"rdf:nodeID"},"accountDomain":"DESKTOP-MAC610T","handleID":"0x2010","@type":"http://purl.org/sepses/vocab/log/wineventlog#WindowsEventLogEntry","accesses":"%%4423\n\t\t\t\t","objectServer":"Security","version":1}
,{"level":"Information","accessMask":"0x80","hasLogType":"wineventlog","eventID":4663,"resourceAttributes":"S:AI","logName":"Security","keyword":["Audit Success"],"taskCategory":"File System","logonID":"0x2230c","logMessage":"An attempt was made to access an object.\n\nSubject:\n\tSecurity ID:\t\tS-1-5-21-2889181789-4222170037-1347726928-1001\n\tAccount Name:\t\tVirtual Windows 10\n\tAccount Domain:\t\tDESKTOP-MAC610T\n\tLogon ID:\t\t0x2230C\n\nObject:\n\tObject Server:\t\tSecurity\n\tObject Type:\t\tFile\n\tObject Name:\t\tC:\\Users\\Virtual Windows 10\\Dropbox\n\tHandle ID:\t\t0x2594\n\tResource Attributes:\tS:AI\n\nProcess Information:\n\tProcess ID:\t\t0xc88\n\tProcess Name:\t\tC:\\Windows\\explorer.exe\n\nAccess Request Information:\n\tAccesses:\t\tReadAttributes\n\t\t\t\t\n\tAccess Mask:\t\t0x80","processName":"C:\\Windows\\explorer.exe","objectName":"C:\\Users\\Virtual Windows 10\\Dropbox","upCode":"Info","objectType":"File","timestamp":"2018-09-01T16:35:10.585Z","@timestamp":"2018-09-01T16:35:10.585Z","accountName":"Virtual Windows 10","computerName":"DESKTOP-MAC610T","source":"Microsoft-Windows-Security-Auditing","@context":"http://sepses.ifs.tuwien.ac.at/contexts/wineventlog.jsonld","@id":"http://example.org/logEntry#logEntry-a648d01e-28d9-4ba7-9cc4-de4cbcaea5a8","processID":"0xc88","originatesFrom":{"hostName":{"name":"DESKTOP-MAC610T"},"@id":"http://example.org/sepses#6a32a8dc-9260-4354-96cc-b067f3e2c7c9","@type":"rdf:nodeID"},"accountDomain":"DESKTOP-MAC610T","handleID":"0x2594","@type":"http://purl.org/sepses/vocab/log/wineventlog#WindowsEventLogEntry","accesses":"%%4423\n\t\t\t\t","objectServer":"Security","version":1}
,{"level":"Information","accessMask":"0x80","hasLogType":"wineventlog","eventID":4663,"resourceAttributes":"S:AI","logName":"Security","keyword":["Audit Success"],"taskCategory":"File System","logonID":"0x2230c","logMessage":"An attempt was made to access an object.\n\nSubject:\n\tSecurity ID:\t\tS-1-5-21-2889181789-4222170037-1347726928-1001\n\tAccount Name:\t\tVirtual Windows 10\n\tAccount Domain:\t\tDESKTOP-MAC610T\n\tLogon ID:\t\t0x2230C\n\nObject:\n\tObject Server:\t\tSecurity\n\tObject Type:\t\tFile\n\tObject Name:\t\tC:\\Users\\Virtual Windows 10\\Dropbox\n\tHandle ID:\t\t0x1d6c\n\tResource Attributes:\tS:AI\n\nProcess Information:\n\tProcess ID:\t\t0xc88\n\tProcess Name:\t\tC:\\Windows\\explorer.exe\n\nAccess Request Information:\n\tAccesses:\t\tReadAttributes\n\t\t\t\t\n\tAccess Mask:\t\t0x80","processName":"C:\\Windows\\explorer.exe","objectName":"C:\\Users\\Virtual Windows 10\\Dropbox","upCode":"Info","objectType":"File","timestamp":"2018-09-01T16:35:10.589Z","@timestamp":"2018-09-01T16:35:10.589Z","accountName":"Virtual Windows 10","computerName":"DESKTOP-MAC610T","source":"Microsoft-Windows-Security-Auditing","@context":"http://sepses.ifs.tuwien.ac.at/contexts/wineventlog.jsonld","@id":"http://example.org/logEntry#logEntry-38acd661-b6b2-4300-b695-b3e620dfb4f3","processID":"0xc88","originatesFrom":{"hostName":{"name":"DESKTOP-MAC610T"},"@id":"http://example.org/sepses#f5740313-f25a-4165-be05-c51dd8d997cd","@type":"rdf:nodeID"},"accountDomain":"DESKTOP-MAC610T","handleID":"0x1d6c","@type":"http://purl.org/sepses/vocab/log/wineventlog#WindowsEventLogEntry","accesses":"%%4423\n\t\t\t\t","objectServer":"Security","version":1}
,{"level":"Information","accessMask":"0x80","hasLogType":"wineventlog","eventID":4663,"resourceAttributes":"S:AI","logName":"Security","keyword":["Audit Success"],"taskCategory":"File System","logonID":"0x2230c","logMessage":"An attempt was made to access an object.\n\nSubject:\n\tSecurity ID:\t\tS-1-5-21-2889181789-4222170037-1347726928-1001\n\tAccount Name:\t\tVirtual Windows 10\n\tAccount Domain:\t\tDESKTOP-MAC610T\n\tLogon ID:\t\t0x2230C\n\nObject:\n\tObject Server:\t\tSecurity\n\tObject Type:\t\tFile\n\tObject Name:\t\tC:\\Users\\Virtual Windows 10\\Dropbox\\notepad++_rename.txt\n\tHandle ID:\t\t0x2010\n\tResource Attributes:\tS:AI\n\nProcess Information:\n\tProcess ID:\t\t0x1974\n\tProcess Name:\t\tC:\\Program Files (x86)\\Dropbox\\Client\\Dropbox.exe\n\nAccess Request Information:\n\tAccesses:\t\tReadAttributes\n\t\t\t\t\n\tAccess Mask:\t\t0x80","processName":"C:\\Program Files (x86)\\Dropbox\\Client\\Dropbox.exe","objectName":"C:\\Users\\Virtual Windows 10\\Dropbox\\notepad++_rename.txt","upCode":"Info","objectType":"File","timestamp":"2018-09-01T16:35:10.634Z","@timestamp":"2018-09-01T16:35:10.634Z","accountName":"Virtual Windows 10","computerName":"DESKTOP-MAC610T","source":"Microsoft-Windows-Security-Auditing","@context":"http://sepses.ifs.tuwien.ac.at/contexts/wineventlog.jsonld","@id":"http://example.org/logEntry#logEntry-83a9f8a5-0eea-4d34-8fab-9d7d6b3f78e3","processID":"0x1974","originatesFrom":{"hostName":{"name":"DESKTOP-MAC610T"},"@id":"http://example.org/sepses#c18f36ae-3509-421b-9deb-3f3d60f9116d","@type":"rdf:nodeID"},"accountDomain":"DESKTOP-MAC610T","handleID":"0x2010","@type":"http://purl.org/sepses/vocab/log/wineventlog#WindowsEventLogEntry","accesses":"%%4423\n\t\t\t\t","objectServer":"Security","version":1}
,{"level":"Information","accessMask":"0x80","hasLogType":"wineventlog","eventID":4663,"resourceAttributes":"S:AI","logName":"Security","keyword":["Audit Success"],"taskCategory":"File System","logonID":"0x2230c","logMessage":"An attempt was made to access an object.\n\nSubject:\n\tSecurity ID:\t\tS-1-5-21-2889181789-4222170037-1347726928-1001\n\tAccount Name:\t\tVirtual Windows 10\n\tAccount Domain:\t\tDESKTOP-MAC610T\n\tLogon ID:\t\t0x2230C\n\nObject:\n\tObject Server:\t\tSecurity\n\tObject Type:\t\tFile\n\tObject Name:\t\tC:\\Users\\Virtual Windows 10\\Dropbox\\notepad++_rename.txt\n\tHandle ID:\t\t0x2010\n\tResource Attributes:\tS:AI\n\nProcess Information:\n\tProcess ID:\t\t0x1974\n\tProcess Name:\t\tC:\\Program Files (x86)\\Dropbox\\Client\\Dropbox.exe\n\nAccess Request Information:\n\tAccesses:\t\tReadAttributes\n\t\t\t\t\n\tAccess Mask:\t\t0x80","processName":"C:\\Program Files (x86)\\Dropbox\\Client\\Dropbox.exe","objectName":"C:\\Users\\Virtual Windows 10\\Dropbox\\notepad++_rename.txt","upCode":"Info","objectType":"File","timestamp":"2018-09-01T16:35:10.635Z","@timestamp":"2018-09-01T16:35:10.635Z","accountName":"Virtual Windows 10","computerName":"DESKTOP-MAC610T","source":"Microsoft-Windows-Security-Auditing","@context":"http://sepses.ifs.tuwien.ac.at/contexts/wineventlog.jsonld","@id":"http://example.org/logEntry#logEntry-46ff7dca-13c8-40cb-a7f2-c5a55bab8ab2","processID":"0x1974","originatesFrom":{"hostName":{"name":"DESKTOP-MAC610T"},"@id":"http://example.org/sepses#d240054c-46da-435c-a43d-57e2a1639c66","@type":"rdf:nodeID"},"accountDomain":"DESKTOP-MAC610T","handleID":"0x2010","@type":"http://purl.org/sepses/vocab/log/wineventlog#WindowsEventLogEntry","accesses":"%%4423\n\t\t\t\t","objectServer":"Security","version":1}
,{"level":"Information","accessMask":"0x80","hasLogType":"wineventlog","eventID":4663,"resourceAttributes":"S:AI","logName":"Security","keyword":["Audit Success"],"taskCategory":"File System","logonID":"0x2230c","logMessage":"An attempt was made to access an object.\n\nSubject:\n\tSecurity ID:\t\tS-1-5-21-2889181789-4222170037-1347726928-1001\n\tAccount Name:\t\tVirtual Windows 10\n\tAccount Domain:\t\tDESKTOP-MAC610T\n\tLogon ID:\t\t0x2230C\n\nObject:\n\tObject Server:\t\tSecurity\n\tObject Type:\t\tFile\n\tObject Name:\t\tC:\\Users\\Virtual Windows 10\\Dropbox\n\tHandle ID:\t\t0x1fa8\n\tResource Attributes:\tS:AI\n\nProcess Information:\n\tProcess ID:\t\t0x1974\n\tProcess Name:\t\tC:\\Program Files (x86)\\Dropbox\\Client\\Dropbox.exe\n\nAccess Request Information:\n\tAccesses:\t\tReadAttributes\n\t\t\t\t\n\tAccess Mask:\t\t0x80","processName":"C:\\Program Files (x86)\\Dropbox\\Client\\Dropbox.exe","objectName":"C:\\Users\\Virtual Windows 10\\Dropbox","upCode":"Info","objectType":"File","timestamp":"2018-09-01T16:35:10.639Z","@timestamp":"2018-09-01T16:35:10.639Z","accountName":"Virtual Windows 10","computerName":"DESKTOP-MAC610T","source":"Microsoft-Windows-Security-Auditing","@context":"http://sepses.ifs.tuwien.ac.at/contexts/wineventlog.jsonld","@id":"http://example.org/logEntry#logEntry-dcf28acd-e645-42ad-902d-ebf24d6a6d5a","processID":"0x1974","originatesFrom":{"hostName":{"name":"DESKTOP-MAC610T"},"@id":"http://example.org/sepses#0aa0986c-b8f9-4a19-a6ab-519d3296f34a","@type":"rdf:nodeID"},"accountDomain":"DESKTOP-MAC610T","handleID":"0x1fa8","@type":"http://purl.org/sepses/vocab/log/wineventlog#WindowsEventLogEntry","accesses":"%%4423\n\t\t\t\t","objectServer":"Security","version":1}
,{"level":"Information","accessMask":"0x80","hasLogType":"wineventlog","eventID":4663,"resourceAttributes":"S:AI","logName":"Security","keyword":["Audit Success"],"taskCategory":"File System","logonID":"0x2230c","logMessage":"An attempt was made to access an object.\n\nSubject:\n\tSecurity ID:\t\tS-1-5-21-2889181789-4222170037-1347726928-1001\n\tAccount Name:\t\tVirtual Windows 10\n\tAccount Domain:\t\tDESKTOP-MAC610T\n\tLogon ID:\t\t0x2230C\n\nObject:\n\tObject Server:\t\tSecurity\n\tObject Type:\t\tFile\n\tObject Name:\t\tC:\\Users\\Virtual Windows 10\\Dropbox\n\tHandle ID:\t\t0x1fa8\n\tResource Attributes:\tS:AI\n\nProcess Information:\n\tProcess ID:\t\t0x1974\n\tProcess Name:\t\tC:\\Program Files (x86)\\Dropbox\\Client\\Dropbox.exe\n\nAccess Request Information:\n\tAccesses:\t\tReadAttributes\n\t\t\t\t\n\tAccess Mask:\t\t0x80","processName":"C:\\Program Files (x86)\\Dropbox\\Client\\Dropbox.exe","objectName":"C:\\Users\\Virtual Windows 10\\Dropbox","upCode":"Info","objectType":"File","timestamp":"2018-09-01T16:35:10.639Z","@timestamp":"2018-09-01T16:35:10.639Z","accountName":"Virtual Windows 10","computerName":"DESKTOP-MAC610T","source":"Microsoft-Windows-Security-Auditing","@context":"http://sepses.ifs.tuwien.ac.at/contexts/wineventlog.jsonld","@id":"http://example.org/logEntry#logEntry-17ce45a2-9556-41c0-84f3-75975c2e3807","processID":"0x1974","originatesFrom":{"hostName":{"name":"DESKTOP-MAC610T"},"@id":"http://example.org/sepses#6baa6ab9-0faa-45f8-8a27-46e452670be9","@type":"rdf:nodeID"},"accountDomain":"DESKTOP-MAC610T","handleID":"0x1fa8","@type":"http://purl.org/sepses/vocab/log/wineventlog#WindowsEventLogEntry","accesses":"%%4423\n\t\t\t\t","objectServer":"Security","version":1}
,{"level":"Information","accessMask":"0x2","hasLogType":"wineventlog","eventID":4663,"resourceAttributes":"S:AI","logName":"Security","keyword":["Audit Success"],"taskCategory":"File System","logonID":"0x2230c","logMessage":"An attempt was made to access an object.\n\nSubject:\n\tSecurity ID:\t\tS-1-5-21-2889181789-4222170037-1347726928-1001\n\tAccount Name:\t\tVirtual Windows 10\n\tAccount Domain:\t\tDESKTOP-MAC610T\n\tLogon ID:\t\t0x2230C\n\nObject:\n\tObject Server:\t\tSecurity\n\tObject Type:\t\tFile\n\tObject Name:\t\tC:\\Users\\Virtual Windows 10\\Dropbox\\notepad++_rename.txt:com.dropbox.attributes\n\tHandle ID:\t\t0x1fec\n\tResource Attributes:\tS:AI\n\nProcess Information:\n\tProcess ID:\t\t0x1974\n\tProcess Name:\t\tC:\\Program Files (x86)\\Dropbox\\Client\\Dropbox.exe\n\nAccess Request Information:\n\tAccesses:\t\tWriteData (or AddFile)\n\t\t\t\t\n\tAccess Mask:\t\t0x2","processName":"C:\\Program Files (x86)\\Dropbox\\Client\\Dropbox.exe","objectName":"C:\\Users\\Virtual Windows 10\\Dropbox\\notepad++_rename.txt:com.dropbox.attributes","upCode":"Info","objectType":"File","timestamp":"2018-09-01T16:35:10.691Z","@timestamp":"2018-09-01T16:35:10.691Z","accountName":"Virtual Windows 10","computerName":"DESKTOP-MAC610T","source":"Microsoft-Windows-Security-Auditing","@context":"http://sepses.ifs.tuwien.ac.at/contexts/wineventlog.jsonld","@id":"http://example.org/logEntry#logEntry-67c8f16f-4d3d-4376-9b73-85afff99478b","processID":"0x1974","originatesFrom":{"hostName":{"name":"DESKTOP-MAC610T"},"@id":"http://example.org/sepses#a0f3eb36-0e83-4e1a-820c-0b4e7ba04d1e","@type":"rdf:nodeID"},"accountDomain":"DESKTOP-MAC610T","handleID":"0x1fec","@type":"http://purl.org/sepses/vocab/log/wineventlog#WindowsEventLogEntry","accesses":"%%4417\n\t\t\t\t","objectServer":"Security","version":1}
,{"level":"Information","accessMask":"0x80","hasLogType":"wineventlog","eventID":4663,"resourceAttributes":"S:AI","logName":"Security","keyword":["Audit Success"],"taskCategory":"File System","logonID":"0x2230c","logMessage":"An attempt was made to access an object.\n\nSubject:\n\tSecurity ID:\t\tS-1-5-21-2889181789-4222170037-1347726928-1001\n\tAccount Name:\t\tVirtual Windows 10\n\tAccount Domain:\t\tDESKTOP-MAC610T\n\tLogon ID:\t\t0x2230C\n\nObject:\n\tObject Server:\t\tSecurity\n\tObject Type:\t\tFile\n\tObject Name:\t\tC:\\Users\\Virtual Windows 10\\Dropbox\\notepad++_rename.txt\n\tHandle ID:\t\t0x1fb8\n\tResource Attributes:\tS:AI\n\nProcess Information:\n\tProcess ID:\t\t0x1974\n\tProcess Name:\t\tC:\\Program Files (x86)\\Dropbox\\Client\\Dropbox.exe\n\nAccess Request Information:\n\tAccesses:\t\tReadAttributes\n\t\t\t\t\n\tAccess Mask:\t\t0x80","processName":"C:\\Program Files (x86)\\Dropbox\\Client\\Dropbox.exe","objectName":"C:\\Users\\Virtual Windows 10\\Dropbox\\notepad++_rename.txt","upCode":"Info","objectType":"File","timestamp":"2018-09-01T16:35:10.743Z","@timestamp":"2018-09-01T16:35:10.743Z","accountName":"Virtual Windows 10","computerName":"DESKTOP-MAC610T","source":"Microsoft-Windows-Security-Auditing","@context":"http://sepses.ifs.tuwien.ac.at/contexts/wineventlog.jsonld","@id":"http://example.org/logEntry#logEntry-33062e1e-0aee-4f69-9fa5-44972a482194","processID":"0x1974","originatesFrom":{"hostName":{"name":"DESKTOP-MAC610T"},"@id":"http://example.org/sepses#a69d48d0-6a80-4b03-b31d-a994241e6242","@type":"rdf:nodeID"},"accountDomain":"DESKTOP-MAC610T","handleID":"0x1fb8","@type":"http://purl.org/sepses/vocab/log/wineventlog#WindowsEventLogEntry","accesses":"%%4423\n\t\t\t\t","objectServer":"Security","version":1}
,{"level":"Information","accessMask":"0x80","hasLogType":"wineventlog","eventID":4663,"resourceAttributes":"S:AI","logName":"Security","keyword":["Audit Success"],"taskCategory":"File System","logonID":"0x2230c","logMessage":"An attempt was made to access an object.\n\nSubject:\n\tSecurity ID:\t\tS-1-5-21-2889181789-4222170037-1347726928-1001\n\tAccount Name:\t\tVirtual Windows 10\n\tAccount Domain:\t\tDESKTOP-MAC610T\n\tLogon ID:\t\t0x2230C\n\nObject:\n\tObject Server:\t\tSecurity\n\tObject Type:\t\tFile\n\tObject Name:\t\tC:\\Users\\Virtual Windows 10\\Dropbox\\notepad++_rename.txt\n\tHandle ID:\t\t0x1fb8\n\tResource Attributes:\tS:AI\n\nProcess Information:\n\tProcess ID:\t\t0x1974\n\tProcess Name:\t\tC:\\Program Files (x86)\\Dropbox\\Client\\Dropbox.exe\n\nAccess Request Information:\n\tAccesses:\t\tReadAttributes\n\t\t\t\t\n\tAccess Mask:\t\t0x80","processName":"C:\\Program Files (x86)\\Dropbox\\Client\\Dropbox.exe","objectName":"C:\\Users\\Virtual Windows 10\\Dropbox\\notepad++_rename.txt","upCode":"Info","objectType":"File","timestamp":"2018-09-01T16:35:10.743Z","@timestamp":"2018-09-01T16:35:10.743Z","accountName":"Virtual Windows 10","computerName":"DESKTOP-MAC610T","source":"Microsoft-Windows-Security-Auditing","@context":"http://sepses.ifs.tuwien.ac.at/contexts/wineventlog.jsonld","@id":"http://example.org/logEntry#logEntry-14f74a6b-e013-4a94-9c41-53e986e47a36","processID":"0x1974","originatesFrom":{"hostName":{"name":"DESKTOP-MAC610T"},"@id":"http://example.org/sepses#85e0b762-00c0-4e55-8a8a-bfb44ae48451","@type":"rdf:nodeID"},"accountDomain":"DESKTOP-MAC610T","handleID":"0x1fb8","@type":"http://purl.org/sepses/vocab/log/wineventlog#WindowsEventLogEntry","accesses":"%%4423\n\t\t\t\t","objectServer":"Security","version":1}
,{"level":"Information","accessMask":"0x80","hasLogType":"wineventlog","eventID":4663,"resourceAttributes":"S:AI","logName":"Security","keyword":["Audit Success"],"taskCategory":"File System","logonID":"0x2230c","logMessage":"An attempt was made to access an object.\n\nSubject:\n\tSecurity ID:\t\tS-1-5-21-2889181789-4222170037-1347726928-1001\n\tAccount Name:\t\tVirtual Windows 10\n\tAccount Domain:\t\tDESKTOP-MAC610T\n\tLogon ID:\t\t0x2230C\n\nObject:\n\tObject Server:\t\tSecurity\n\tObject Type:\t\tFile\n\tObject Name:\t\tC:\\Users\\Virtual Windows 10\\Dropbox\\notepad++_rename.txt\n\tHandle ID:\t\t0x1e08\n\tResource Attributes:\tS:AI\n\nProcess Information:\n\tProcess ID:\t\t0x1974\n\tProcess Name:\t\tC:\\Program Files (x86)\\Dropbox\\Client\\Dropbox.exe\n\nAccess Request Information:\n\tAccesses:\t\tReadAttributes\n\t\t\t\t\n\tAccess Mask:\t\t0x80","processName":"C:\\Program Files (x86)\\Dropbox\\Client\\Dropbox.exe","objectName":"C:\\Users\\Virtual Windows 10\\Dropbox\\notepad++_rename.txt","upCode":"Info","objectType":"File","timestamp":"2018-09-01T16:35:10.750Z","@timestamp":"2018-09-01T16:35:10.750Z","accountName":"Virtual Windows 10","computerName":"DESKTOP-MAC610T","source":"Microsoft-Windows-Security-Auditing","@context":"http://sepses.ifs.tuwien.ac.at/contexts/wineventlog.jsonld","@id":"http://example.org/logEntry#logEntry-d70bda48-8f4a-49e2-8443-5971776260a9","processID":"0x1974","originatesFrom":{"hostName":{"name":"DESKTOP-MAC610T"},"@id":"http://example.org/sepses#03e1f0a9-3dc5-4dc7-968a-58257cc18c08","@type":"rdf:nodeID"},"accountDomain":"DESKTOP-MAC610T","handleID":"0x1e08","@type":"http://purl.org/sepses/vocab/log/wineventlog#WindowsEventLogEntry","accesses":"%%4423\n\t\t\t\t","objectServer":"Security","version":1}
,{"level":"Information","accessMask":"0x80","hasLogType":"wineventlog","eventID":4663,"resourceAttributes":"S:AI","logName":"Security","keyword":["Audit Success"],"taskCategory":"File System","logonID":"0x2230c","logMessage":"An attempt was made to access an object.\n\nSubject:\n\tSecurity ID:\t\tS-1-5-21-2889181789-4222170037-1347726928-1001\n\tAccount Name:\t\tVirtual Windows 10\n\tAccount Domain:\t\tDESKTOP-MAC610T\n\tLogon ID:\t\t0x2230C\n\nObject:\n\tObject Server:\t\tSecurity\n\tObject Type:\t\tFile\n\tObject Name:\t\tC:\\Users\\Virtual Windows 10\\Dropbox\\notepad++_rename.txt\n\tHandle ID:\t\t0x1e08\n\tResource Attributes:\tS:AI\n\nProcess Information:\n\tProcess ID:\t\t0x1974\n\tProcess Name:\t\tC:\\Program Files (x86)\\Dropbox\\Client\\Dropbox.exe\n\nAccess Request Information:\n\tAccesses:\t\tReadAttributes\n\t\t\t\t\n\tAccess Mask:\t\t0x80","processName":"C:\\Program Files (x86)\\Dropbox\\Client\\Dropbox.exe","objectName":"C:\\Users\\Virtual Windows 10\\Dropbox\\notepad++_rename.txt","upCode":"Info","objectType":"File","timestamp":"2018-09-01T16:35:10.751Z","@timestamp":"2018-09-01T16:35:10.751Z","accountName":"Virtual Windows 10","computerName":"DESKTOP-MAC610T","source":"Microsoft-Windows-Security-Auditing","@context":"http://sepses.ifs.tuwien.ac.at/contexts/wineventlog.jsonld","@id":"http://example.org/logEntry#logEntry-d4eb5cd2-9769-4534-865c-22f5a0935d56","processID":"0x1974","originatesFrom":{"hostName":{"name":"DESKTOP-MAC610T"},"@id":"http://example.org/sepses#2711c758-3d04-4aa6-a117-5fb4c39d7209","@type":"rdf:nodeID"},"accountDomain":"DESKTOP-MAC610T","handleID":"0x1e08","@type":"http://purl.org/sepses/vocab/log/wineventlog#WindowsEventLogEntry","accesses":"%%4423\n\t\t\t\t","objectServer":"Security","version":1}
,{"level":"Information","accessMask":"0x80","hasLogType":"wineventlog","eventID":4663,"resourceAttributes":"S:AI","logName":"Security","keyword":["Audit Success"],"taskCategory":"File System","logonID":"0x2230c","logMessage":"An attempt was made to access an object.\n\nSubject:\n\tSecurity ID:\t\tS-1-5-21-2889181789-4222170037-1347726928-1001\n\tAccount Name:\t\tVirtual Windows 10\n\tAccount Domain:\t\tDESKTOP-MAC610T\n\tLogon ID:\t\t0x2230C\n\nObject:\n\tObject Server:\t\tSecurity\n\tObject Type:\t\tFile\n\tObject Name:\t\tC:\\Users\\Virtual Windows 10\\Dropbox\n\tHandle ID:\t\t0x1e08\n\tResource Attributes:\tS:AI\n\nProcess Information:\n\tProcess ID:\t\t0x1974\n\tProcess Name:\t\tC:\\Program Files (x86)\\Dropbox\\Client\\Dropbox.exe\n\nAccess Request Information:\n\tAccesses:\t\tReadAttributes\n\t\t\t\t\n\tAccess Mask:\t\t0x80","processName":"C:\\Program Files (x86)\\Dropbox\\Client\\Dropbox.exe","objectName":"C:\\Users\\Virtual Windows 10\\Dropbox","upCode":"Info","objectType":"File","timestamp":"2018-09-01T16:35:10.752Z","@timestamp":"2018-09-01T16:35:10.752Z","accountName":"Virtual Windows 10","computerName":"DESKTOP-MAC610T","source":"Microsoft-Windows-Security-Auditing","@context":"http://sepses.ifs.tuwien.ac.at/contexts/wineventlog.jsonld","@id":"http://example.org/logEntry#logEntry-ea666b86-cc9b-4fb4-b0b9-10789278cf81","processID":"0x1974","originatesFrom":{"hostName":{"name":"DESKTOP-MAC610T"},"@id":"http://example.org/sepses#07a4c86b-47bb-4ce6-9c63-0881f24552f5","@type":"rdf:nodeID"},"accountDomain":"DESKTOP-MAC610T","handleID":"0x1e08","@type":"http://purl.org/sepses/vocab/log/wineventlog#WindowsEventLogEntry","accesses":"%%4423\n\t\t\t\t","objectServer":"Security","version":1}
,{"level":"Information","accessMask":"0x80","hasLogType":"wineventlog","eventID":4663,"resourceAttributes":"S:AI","logName":"Security","keyword":["Audit Success"],"taskCategory":"File System","logonID":"0x2230c","logMessage":"An attempt was made to access an object.\n\nSubject:\n\tSecurity ID:\t\tS-1-5-21-2889181789-4222170037-1347726928-1001\n\tAccount Name:\t\tVirtual Windows 10\n\tAccount Domain:\t\tDESKTOP-MAC610T\n\tLogon ID:\t\t0x2230C\n\nObject:\n\tObject Server:\t\tSecurity\n\tObject Type:\t\tFile\n\tObject Name:\t\tC:\\Users\\Virtual Windows 10\\Dropbox\n\tHandle ID:\t\t0x1e08\n\tResource Attributes:\tS:AI\n\nProcess Information:\n\tProcess ID:\t\t0x1974\n\tProcess Name:\t\tC:\\Program Files (x86)\\Dropbox\\Client\\Dropbox.exe\n\nAccess Request Information:\n\tAccesses:\t\tReadAttributes\n\t\t\t\t\n\tAccess Mask:\t\t0x80","processName":"C:\\Program Files (x86)\\Dropbox\\Client\\Dropbox.exe","objectName":"C:\\Users\\Virtual Windows 10\\Dropbox","upCode":"Info","objectType":"File","timestamp":"2018-09-01T16:35:10.752Z","@timestamp":"2018-09-01T16:35:10.752Z","accountName":"Virtual Windows 10","computerName":"DESKTOP-MAC610T","source":"Microsoft-Windows-Security-Auditing","@context":"http://sepses.ifs.tuwien.ac.at/contexts/wineventlog.jsonld","@id":"http://example.org/logEntry#logEntry-e2ee12db-1359-48f5-a9a8-879bbd608a28","processID":"0x1974","originatesFrom":{"hostName":{"name":"DESKTOP-MAC610T"},"@id":"http://example.org/sepses#57ba8d45-204b-4015-abcc-48f9a7807482","@type":"rdf:nodeID"},"accountDomain":"DESKTOP-MAC610T","handleID":"0x1e08","@type":"http://purl.org/sepses/vocab/log/wineventlog#WindowsEventLogEntry","accesses":"%%4423\n\t\t\t\t","objectServer":"Security","version":1}
,{"level":"Information","accessMask":"0x80","hasLogType":"wineventlog","eventID":4663,"resourceAttributes":"S:AI","logName":"Security","keyword":["Audit Success"],"taskCategory":"File System","logonID":"0x2230c","logMessage":"An attempt was made to access an object.\n\nSubject:\n\tSecurity ID:\t\tS-1-5-21-2889181789-4222170037-1347726928-1001\n\tAccount Name:\t\tVirtual Windows 10\n\tAccount Domain:\t\tDESKTOP-MAC610T\n\tLogon ID:\t\t0x2230C\n\nObject:\n\tObject Server:\t\tSecurity\n\tObject Type:\t\tFile\n\tObject Name:\t\tC:\\Users\\Virtual Windows 10\\Dropbox\\notepad++_rename.txt\n\tHandle ID:\t\t0x208c\n\tResource Attributes:\tS:AI\n\nProcess Information:\n\tProcess ID:\t\t0x1974\n\tProcess Name:\t\tC:\\Program Files (x86)\\Dropbox\\Client\\Dropbox.exe\n\nAccess Request Information:\n\tAccesses:\t\tReadAttributes\n\t\t\t\t\n\tAccess Mask:\t\t0x80","processName":"C:\\Program Files (x86)\\Dropbox\\Client\\Dropbox.exe","objectName":"C:\\Users\\Virtual Windows 10\\Dropbox\\notepad++_rename.txt","upCode":"Info","objectType":"File","timestamp":"2018-09-01T16:35:10.756Z","@timestamp":"2018-09-01T16:35:10.756Z","accountName":"Virtual Windows 10","computerName":"DESKTOP-MAC610T","source":"Microsoft-Windows-Security-Auditing","@context":"http://sepses.ifs.tuwien.ac.at/contexts/wineventlog.jsonld","@id":"http://example.org/logEntry#logEntry-1936c37e-7723-46e6-ac70-9d579d8a9df4","processID":"0x1974","originatesFrom":{"hostName":{"name":"DESKTOP-MAC610T"},"@id":"http://example.org/sepses#e35525e8-7be4-48e1-8d67-b33081dc21e3","@type":"rdf:nodeID"},"accountDomain":"DESKTOP-MAC610T","handleID":"0x208c","@type":"http://purl.org/sepses/vocab/log/wineventlog#WindowsEventLogEntry","accesses":"%%4423\n\t\t\t\t","objectServer":"Security","version":1}
,{"level":"Information","accessMask":"0x80","hasLogType":"wineventlog","eventID":4663,"resourceAttributes":"S:AI","logName":"Security","keyword":["Audit Success"],"taskCategory":"File System","logonID":"0x2230c","logMessage":"An attempt was made to access an object.\n\nSubject:\n\tSecurity ID:\t\tS-1-5-21-2889181789-4222170037-1347726928-1001\n\tAccount Name:\t\tVirtual Windows 10\n\tAccount Domain:\t\tDESKTOP-MAC610T\n\tLogon ID:\t\t0x2230C\n\nObject:\n\tObject Server:\t\tSecurity\n\tObject Type:\t\tFile\n\tObject Name:\t\tC:\\Users\\Virtual Windows 10\\Dropbox\\notepad++_rename.txt\n\tHandle ID:\t\t0x208c\n\tResource Attributes:\tS:AI\n\nProcess Information:\n\tProcess ID:\t\t0x1974\n\tProcess Name:\t\tC:\\Program Files (x86)\\Dropbox\\Client\\Dropbox.exe\n\nAccess Request Information:\n\tAccesses:\t\tReadAttributes\n\t\t\t\t\n\tAccess Mask:\t\t0x80","processName":"C:\\Program Files (x86)\\Dropbox\\Client\\Dropbox.exe","objectName":"C:\\Users\\Virtual Windows 10\\Dropbox\\notepad++_rename.txt","upCode":"Info","objectType":"File","timestamp":"2018-09-01T16:35:10.757Z","@timestamp":"2018-09-01T16:35:10.757Z","accountName":"Virtual Windows 10","computerName":"DESKTOP-MAC610T","source":"Microsoft-Windows-Security-Auditing","@context":"http://sepses.ifs.tuwien.ac.at/contexts/wineventlog.jsonld","@id":"http://example.org/logEntry#logEntry-7c421caf-bdfd-42f9-add8-0594e294790c","processID":"0x1974","originatesFrom":{"hostName":{"name":"DESKTOP-MAC610T"},"@id":"http://example.org/sepses#f14c0bfc-6acd-481d-b5ef-97ef033a7afd","@type":"rdf:nodeID"},"accountDomain":"DESKTOP-MAC610T","handleID":"0x208c","@type":"http://purl.org/sepses/vocab/log/wineventlog#WindowsEventLogEntry","accesses":"%%4423\n\t\t\t\t","objectServer":"Security","version":1}
