  {"handleID":"0x1c24","computerName":"VirtualWindows8","logonID":"0xb74d","processName":"C:\\Program Files (x86)\\Dropbox\\Client\\Dropbox.exe","eventID":4656,"level":"Information","originatesFrom":{"hostName":{"name":"VirtualWindows8"},"@type":"rdf:nodeID","@id":"http://example.org/sepses#08b4ad31-f961-480d-884f-687b72e536f7"},"@type":"http://purl.org/sepses/vocab/log/wineventlog#WindowsEventLogEntry","logName":"Security","@context":"http://sepses.ifs.tuwien.ac.at/contexts/wineventlog.jsonld","hasLogType":"wineventlog","source":"Microsoft-Windows-Security-Auditing","resourceAttributes":"-","objectType":"File","objectName":"C:\\Users\\VirtualWindows8User\\Dropbox\\New Text Document.txt","logMessage":"A handle to an object was requested.\n\nSubject:\n\tSecurity ID:\t\tS-1-5-21-2361021202-3253521353-2316283985-1001\n\tAccount Name:\t\tVirtualWindows8User\n\tAccount Domain:\t\tVirtualWindows8\n\tLogon ID:\t\t0xB74D\n\nObject:\n\tObject Server:\t\tSecurity\n\tObject Type:\t\tFile\n\tObject Name:\t\tC:\\Users\\VirtualWindows8User\\Dropbox\\New Text Document.txt\n\tHandle ID:\t\t0x1c24\n\tResource Attributes:\t-\n\nProcess Information:\n\tProcess ID:\t\t0xbfc\n\tProcess Name:\t\tC:\\Program Files (x86)\\Dropbox\\Client\\Dropbox.exe\n\nAccess Request Information:\n\tTransaction ID:\t\t{00000000-0000-0000-0000-000000000000}\n\tAccesses:\t\tSYNCHRONIZE\n\t\t\t\tReadAttributes\n\t\t\t\t\n\tAccess Reasons:\t\tSYNCHRONIZE:\tGranted by\tD:(A;;FA;;;S-1-5-21-2361021202-3253521353-2316283985-1001)\n\t\t\t\tReadAttributes:\tGranted by\tD:(A;;FA;;;S-1-5-21-2361021202-3253521353-2316283985-1001)\n\t\t\t\t\n\tAccess Mask:\t\t0x100080\n\tPrivileges Used for Access Check:\t-\n\tRestricted SID Count:\t0","timestamp":"2018-08-22T13:34:59.967Z","accesses":"%%1541\n\t\t\t\t%%4423\n\t\t\t\t","accountDomain":"VirtualWindows8","keyword":["Audit Success"],"@id":"http://example.org/logEntry#logEntry-76c03750-bdd5-43b2-8962-6d95877bc39f","processID":"0xbfc","accountName":"VirtualWindows8User","version":1,"taskCategory":"File System","upCode":"Info","accessMask":"0x100080","@timestamp":"2018-08-22T13:34:59.967Z","objectServer":"Security"},
  {"handleID":"0x2084","computerName":"VirtualWindows8","logonID":"0xb74d","processName":"C:\\Windows\\explorer.exe","eventID":4656,"level":"Information","originatesFrom":{"hostName":{"name":"VirtualWindows8"},"@type":"rdf:nodeID","@id":"http://example.org/sepses#bd62d2dd-b06c-405f-bb6f-088d24ac29e3"},"@type":"http://purl.org/sepses/vocab/log/wineventlog#WindowsEventLogEntry","logName":"Security","@context":"http://sepses.ifs.tuwien.ac.at/contexts/wineventlog.jsonld","hasLogType":"wineventlog","source":"Microsoft-Windows-Security-Auditing","resourceAttributes":"-","objectType":"File","objectName":"C:\\Users\\VirtualWindows8User\\Dropbox","logMessage":"A handle to an object was requested.\n\nSubject:\n\tSecurity ID:\t\tS-1-5-21-2361021202-3253521353-2316283985-1001\n\tAccount Name:\t\tVirtualWindows8User\n\tAccount Domain:\t\tVirtualWindows8\n\tLogon ID:\t\t0xB74D\n\nObject:\n\tObject Server:\t\tSecurity\n\tObject Type:\t\tFile\n\tObject Name:\t\tC:\\Users\\VirtualWindows8User\\Dropbox\n\tHandle ID:\t\t0x2084\n\tResource Attributes:\t-\n\nProcess Information:\n\tProcess ID:\t\t0x3ec\n\tProcess Name:\t\tC:\\Windows\\explorer.exe\n\nAccess Request Information:\n\tTransaction ID:\t\t{00000000-0000-0000-0000-000000000000}\n\tAccesses:\t\tSYNCHRONIZE\n\t\t\t\tReadData (or ListDirectory)\n\t\t\t\tReadAttributes\n\t\t\t\t\n\tAccess Reasons:\t\tSYNCHRONIZE:\tGranted by\tD:(A;OICI;FA;;;S-1-5-21-2361021202-3253521353-2316283985-1001)\n\t\t\t\tReadData (or ListDirectory):\tGranted by\tD:(A;OICI;FA;;;S-1-5-21-2361021202-3253521353-2316283985-1001)\n\t\t\t\tReadAttributes:\tGranted by\tD:(A;OICI;FA;;;S-1-5-21-2361021202-3253521353-2316283985-1001)\n\t\t\t\t\n\tAccess Mask:\t\t0x100081\n\tPrivileges Used for Access Check:\t-\n\tRestricted SID Count:\t0","timestamp":"2018-08-22T13:34:59.983Z","accesses":"%%1541\n\t\t\t\t%%4416\n\t\t\t\t%%4423\n\t\t\t\t","accountDomain":"VirtualWindows8","keyword":["Audit Success"],"@id":"http://example.org/logEntry#logEntry-38bde2f6-e46c-46e0-845f-505eda01ce65","processID":"0x3ec","accountName":"VirtualWindows8User","version":1,"taskCategory":"File System","upCode":"Info","accessMask":"0x100081","@timestamp":"2018-08-22T13:34:59.983Z","objectServer":"Security"},
  {"handleID":"0x1bd4","computerName":"VirtualWindows8","logonID":"0xb74d","processName":"C:\\Program Files (x86)\\Dropbox\\Client\\Dropbox.exe","eventID":4663,"level":"Information","originatesFrom":{"hostName":{"name":"VirtualWindows8"},"@type":"rdf:nodeID","@id":"http://example.org/sepses#f49cf349-984b-451f-9e7d-7f4fe38e1476"},"@type":"http://purl.org/sepses/vocab/log/wineventlog#WindowsEventLogEntry","logName":"Security","@context":"http://sepses.ifs.tuwien.ac.at/contexts/wineventlog.jsonld","hasLogType":"wineventlog","source":"Microsoft-Windows-Security-Auditing","resourceAttributes":"S:AI","objectType":"File","objectName":"C:\\Users\\VirtualWindows8User\\Dropbox\\New Text Document.txt","logMessage":"An attempt was made to access an object.\n\nSubject:\n\tSecurity ID:\t\tS-1-5-21-2361021202-3253521353-2316283985-1001\n\tAccount Name:\t\tVirtualWindows8User\n\tAccount Domain:\t\tVirtualWindows8\n\tLogon ID:\t\t0xB74D\n\nObject:\n\tObject Server:\t\tSecurity\n\tObject Type:\t\tFile\n\tObject Name:\t\tC:\\Users\\VirtualWindows8User\\Dropbox\\New Text Document.txt\n\tHandle ID:\t\t0x1bd4\n\tResource Attributes:\tS:AI\n\nProcess Information:\n\tProcess ID:\t\t0xbfc\n\tProcess Name:\t\tC:\\Program Files (x86)\\Dropbox\\Client\\Dropbox.exe\n\nAccess Request Information:\n\tAccesses:\t\tReadAttributes\n\t\t\t\t\n\tAccess Mask:\t\t0x80","timestamp":"2018-08-22T13:34:59.983Z","accesses":"%%4423\n\t\t\t\t","accountDomain":"VirtualWindows8","keyword":["Audit Success"],"@id":"http://example.org/logEntry#logEntry-c91c6f5e-6175-48f1-81b9-81740a6772df","processID":"0xbfc","accountName":"VirtualWindows8User","version":1,"taskCategory":"File System","upCode":"Info","accessMask":"0x80","@timestamp":"2018-08-22T13:34:59.983Z","objectServer":"Security"},
  {"handleID":"0x1c24","computerName":"VirtualWindows8","logonID":"0xb74d","processName":"C:\\Program Files (x86)\\Dropbox\\Client\\Dropbox.exe","eventID":4663,"level":"Information","originatesFrom":{"hostName":{"name":"VirtualWindows8"},"@type":"rdf:nodeID","@id":"http://example.org/sepses#c3b6e53d-aa38-4d8b-87ad-f278cc399839"},"@type":"http://purl.org/sepses/vocab/log/wineventlog#WindowsEventLogEntry","logName":"Security","@context":"http://sepses.ifs.tuwien.ac.at/contexts/wineventlog.jsonld","hasLogType":"wineventlog","source":"Microsoft-Windows-Security-Auditing","resourceAttributes":"S:AI","objectType":"File","objectName":"C:\\Users\\VirtualWindows8User\\Dropbox\\New Text Document.txt","logMessage":"An attempt was made to access an object.\n\nSubject:\n\tSecurity ID:\t\tS-1-5-21-2361021202-3253521353-2316283985-1001\n\tAccount Name:\t\tVirtualWindows8User\n\tAccount Domain:\t\tVirtualWindows8\n\tLogon ID:\t\t0xB74D\n\nObject:\n\tObject Server:\t\tSecurity\n\tObject Type:\t\tFile\n\tObject Name:\t\tC:\\Users\\VirtualWindows8User\\Dropbox\\New Text Document.txt\n\tHandle ID:\t\t0x1c24\n\tResource Attributes:\tS:AI\n\nProcess Information:\n\tProcess ID:\t\t0xbfc\n\tProcess Name:\t\tC:\\Program Files (x86)\\Dropbox\\Client\\Dropbox.exe\n\nAccess Request Information:\n\tAccesses:\t\tReadAttributes\n\t\t\t\t\n\tAccess Mask:\t\t0x80","timestamp":"2018-08-22T13:34:59.983Z","accesses":"%%4423\n\t\t\t\t","accountDomain":"VirtualWindows8","keyword":["Audit Success"],"@id":"http://example.org/logEntry#logEntry-dc525fb6-c54f-4f26-8c8e-489cf2d2f210","processID":"0xbfc","accountName":"VirtualWindows8User","version":1,"taskCategory":"File System","upCode":"Info","accessMask":"0x80","@timestamp":"2018-08-22T13:34:59.983Z","objectServer":"Security"},
  {"handleID":"0x1c24","computerName":"VirtualWindows8","logonID":"0xb74d","processName":"C:\\Program Files (x86)\\Dropbox\\Client\\Dropbox.exe","eventID":4663,"level":"Information","originatesFrom":{"hostName":{"name":"VirtualWindows8"},"@type":"rdf:nodeID","@id":"http://example.org/sepses#e92530dd-cb06-4699-882a-2690c6fab248"},"@type":"http://purl.org/sepses/vocab/log/wineventlog#WindowsEventLogEntry","logName":"Security","@context":"http://sepses.ifs.tuwien.ac.at/contexts/wineventlog.jsonld","hasLogType":"wineventlog","source":"Microsoft-Windows-Security-Auditing","resourceAttributes":"S:AI","objectType":"File","objectName":"C:\\Users\\VirtualWindows8User\\Dropbox","logMessage":"An attempt was made to access an object.\n\nSubject:\n\tSecurity ID:\t\tS-1-5-21-2361021202-3253521353-2316283985-1001\n\tAccount Name:\t\tVirtualWindows8User\n\tAccount Domain:\t\tVirtualWindows8\n\tLogon ID:\t\t0xB74D\n\nObject:\n\tObject Server:\t\tSecurity\n\tObject Type:\t\tFile\n\tObject Name:\t\tC:\\Users\\VirtualWindows8User\\Dropbox\n\tHandle ID:\t\t0x1c24\n\tResource Attributes:\tS:AI\n\nProcess Information:\n\tProcess ID:\t\t0xbfc\n\tProcess Name:\t\tC:\\Program Files (x86)\\Dropbox\\Client\\Dropbox.exe\n\nAccess Request Information:\n\tAccesses:\t\tReadAttributes\n\t\t\t\t\n\tAccess Mask:\t\t0x80","timestamp":"2018-08-22T13:34:59.983Z","accesses":"%%4423\n\t\t\t\t","accountDomain":"VirtualWindows8","keyword":["Audit Success"],"@id":"http://example.org/logEntry#logEntry-70db8f34-a42c-4bef-a0c2-17220ad5468d","processID":"0xbfc","accountName":"VirtualWindows8User","version":1,"taskCategory":"File System","upCode":"Info","accessMask":"0x80","@timestamp":"2018-08-22T13:34:59.983Z","objectServer":"Security"},
  {"handleID":"0x1c24","computerName":"VirtualWindows8","logonID":"0xb74d","processName":"C:\\Program Files (x86)\\Dropbox\\Client\\Dropbox.exe","eventID":4656,"level":"Information","originatesFrom":{"hostName":{"name":"VirtualWindows8"},"@type":"rdf:nodeID","@id":"http://example.org/sepses#333ea415-4032-4ec9-9406-cb2bfbc54b95"},"@type":"http://purl.org/sepses/vocab/log/wineventlog#WindowsEventLogEntry","logName":"Security","@context":"http://sepses.ifs.tuwien.ac.at/contexts/wineventlog.jsonld","hasLogType":"wineventlog","source":"Microsoft-Windows-Security-Auditing","resourceAttributes":"-","objectType":"File","objectName":"C:\\Users\\VirtualWindows8User\\Dropbox\\New Text Document.txt","logMessage":"A handle to an object was requested.\n\nSubject:\n\tSecurity ID:\t\tS-1-5-21-2361021202-3253521353-2316283985-1001\n\tAccount Name:\t\tVirtualWindows8User\n\tAccount Domain:\t\tVirtualWindows8\n\tLogon ID:\t\t0xB74D\n\nObject:\n\tObject Server:\t\tSecurity\n\tObject Type:\t\tFile\n\tObject Name:\t\tC:\\Users\\VirtualWindows8User\\Dropbox\\New Text Document.txt\n\tHandle ID:\t\t0x1c24\n\tResource Attributes:\t-\n\nProcess Information:\n\tProcess ID:\t\t0xbfc\n\tProcess Name:\t\tC:\\Program Files (x86)\\Dropbox\\Client\\Dropbox.exe\n\nAccess Request Information:\n\tTransaction ID:\t\t{00000000-0000-0000-0000-000000000000}\n\tAccesses:\t\tSYNCHRONIZE\n\t\t\t\tReadAttributes\n\t\t\t\t\n\tAccess Reasons:\t\tSYNCHRONIZE:\tGranted by\tD:(A;;FA;;;S-1-5-21-2361021202-3253521353-2316283985-1001)\n\t\t\t\tReadAttributes:\tGranted by\tD:(A;;FA;;;S-1-5-21-2361021202-3253521353-2316283985-1001)\n\t\t\t\t\n\tAccess Mask:\t\t0x100080\n\tPrivileges Used for Access Check:\t-\n\tRestricted SID Count:\t0","timestamp":"2018-08-22T13:34:59.983Z","accesses":"%%1541\n\t\t\t\t%%4423\n\t\t\t\t","accountDomain":"VirtualWindows8","keyword":["Audit Success"],"@id":"http://example.org/logEntry#logEntry-ca41001e-e838-4c59-9801-6e4fbd21f8e2","processID":"0xbfc","accountName":"VirtualWindows8User","version":1,"taskCategory":"File System","upCode":"Info","accessMask":"0x100080","@timestamp":"2018-08-22T13:34:59.983Z","objectServer":"Security"},
  {"handleID":"0x1c24","computerName":"VirtualWindows8","logonID":"0xb74d","processName":"C:\\Program Files (x86)\\Dropbox\\Client\\Dropbox.exe","eventID":4656,"level":"Information","originatesFrom":{"hostName":{"name":"VirtualWindows8"},"@type":"rdf:nodeID","@id":"http://example.org/sepses#ddb47080-18a2-43be-9a47-eaa39fe607c3"},"@type":"http://purl.org/sepses/vocab/log/wineventlog#WindowsEventLogEntry","logName":"Security","@context":"http://sepses.ifs.tuwien.ac.at/contexts/wineventlog.jsonld","hasLogType":"wineventlog","source":"Microsoft-Windows-Security-Auditing","resourceAttributes":"-","objectType":"File","objectName":"C:\\Users\\VirtualWindows8User\\Dropbox\\New Text Document.txt","logMessage":"A handle to an object was requested.\n\nSubject:\n\tSecurity ID:\t\tS-1-5-21-2361021202-3253521353-2316283985-1001\n\tAccount Name:\t\tVirtualWindows8User\n\tAccount Domain:\t\tVirtualWindows8\n\tLogon ID:\t\t0xB74D\n\nObject:\n\tObject Server:\t\tSecurity\n\tObject Type:\t\tFile\n\tObject Name:\t\tC:\\Users\\VirtualWindows8User\\Dropbox\\New Text Document.txt\n\tHandle ID:\t\t0x1c24\n\tResource Attributes:\t-\n\nProcess Information:\n\tProcess ID:\t\t0xbfc\n\tProcess Name:\t\tC:\\Program Files (x86)\\Dropbox\\Client\\Dropbox.exe\n\nAccess Request Information:\n\tTransaction ID:\t\t{00000000-0000-0000-0000-000000000000}\n\tAccesses:\t\tSYNCHRONIZE\n\t\t\t\tReadAttributes\n\t\t\t\t\n\tAccess Reasons:\t\tSYNCHRONIZE:\tGranted by\tD:(A;;FA;;;S-1-5-21-2361021202-3253521353-2316283985-1001)\n\t\t\t\tReadAttributes:\tGranted by\tD:(A;;FA;;;S-1-5-21-2361021202-3253521353-2316283985-1001)\n\t\t\t\t\n\tAccess Mask:\t\t0x100080\n\tPrivileges Used for Access Check:\t-\n\tRestricted SID Count:\t0","timestamp":"2018-08-22T13:34:59.983Z","accesses":"%%1541\n\t\t\t\t%%4423\n\t\t\t\t","accountDomain":"VirtualWindows8","keyword":["Audit Success"],"@id":"http://example.org/logEntry#logEntry-d44583df-3f33-400c-91bb-66858f4d85ad","processID":"0xbfc","accountName":"VirtualWindows8User","version":1,"taskCategory":"File System","upCode":"Info","accessMask":"0x100080","@timestamp":"2018-08-22T13:34:59.983Z","objectServer":"Security"},
  {"handleID":"0x1bd4","computerName":"VirtualWindows8","logonID":"0xb74d","processName":"C:\\Program Files (x86)\\Dropbox\\Client\\Dropbox.exe","eventID":4656,"level":"Information","originatesFrom":{"hostName":{"name":"VirtualWindows8"},"@type":"rdf:nodeID","@id":"http://example.org/sepses#95b4aae0-cbf5-4f4b-b2fb-9b63f21fc9a8"},"@type":"http://purl.org/sepses/vocab/log/wineventlog#WindowsEventLogEntry","logName":"Security","@context":"http://sepses.ifs.tuwien.ac.at/contexts/wineventlog.jsonld","hasLogType":"wineventlog","source":"Microsoft-Windows-Security-Auditing","resourceAttributes":"-","objectType":"File","objectName":"C:\\Users\\VirtualWindows8User\\Dropbox\\New Text Document.txt","logMessage":"A handle to an object was requested.\n\nSubject:\n\tSecurity ID:\t\tS-1-5-21-2361021202-3253521353-2316283985-1001\n\tAccount Name:\t\tVirtualWindows8User\n\tAccount Domain:\t\tVirtualWindows8\n\tLogon ID:\t\t0xB74D\n\nObject:\n\tObject Server:\t\tSecurity\n\tObject Type:\t\tFile\n\tObject Name:\t\tC:\\Users\\VirtualWindows8User\\Dropbox\\New Text Document.txt\n\tHandle ID:\t\t0x1bd4\n\tResource Attributes:\t-\n\nProcess Information:\n\tProcess ID:\t\t0xbfc\n\tProcess Name:\t\tC:\\Program Files (x86)\\Dropbox\\Client\\Dropbox.exe\n\nAccess Request Information:\n\tTransaction ID:\t\t{00000000-0000-0000-0000-000000000000}\n\tAccesses:\t\tREAD_CONTROL\n\t\t\t\tReadAttributes\n\t\t\t\t\n\tAccess Reasons:\t\tREAD_CONTROL:\tGranted by Ownership\n\t\t\t\tReadAttributes:\tGranted by\tD:(A;;FA;;;S-1-5-21-2361021202-3253521353-2316283985-1001)\n\t\t\t\t\n\tAccess Mask:\t\t0x20080\n\tPrivileges Used for Access Check:\t-\n\tRestricted SID Count:\t0","timestamp":"2018-08-22T13:34:59.999Z","accesses":"%%1538\n\t\t\t\t%%4423\n\t\t\t\t","accountDomain":"VirtualWindows8","keyword":["Audit Success"],"@id":"http://example.org/logEntry#logEntry-979ed5ea-7096-426c-bb96-c21e04d751da","processID":"0xbfc","accountName":"VirtualWindows8User","version":1,"taskCategory":"File System","upCode":"Info","accessMask":"0x20080","@timestamp":"2018-08-22T13:34:59.999Z","objectServer":"Security"},
  {"handleID":"0x1bd4","computerName":"VirtualWindows8","logonID":"0xb74d","processName":"C:\\Program Files (x86)\\Dropbox\\Client\\Dropbox.exe","eventID":4663,"level":"Information","originatesFrom":{"hostName":{"name":"VirtualWindows8"},"@type":"rdf:nodeID","@id":"http://example.org/sepses#b68acc77-d2f9-4e5c-a996-c893d6afb4c9"},"@type":"http://purl.org/sepses/vocab/log/wineventlog#WindowsEventLogEntry","logName":"Security","@context":"http://sepses.ifs.tuwien.ac.at/contexts/wineventlog.jsonld","hasLogType":"wineventlog","source":"Microsoft-Windows-Security-Auditing","resourceAttributes":"S:AI","objectType":"File","objectName":"C:\\Users\\VirtualWindows8User\\Dropbox\\New Text Document.txt","logMessage":"An attempt was made to access an object.\n\nSubject:\n\tSecurity ID:\t\tS-1-5-21-2361021202-3253521353-2316283985-1001\n\tAccount Name:\t\tVirtualWindows8User\n\tAccount Domain:\t\tVirtualWindows8\n\tLogon ID:\t\t0xB74D\n\nObject:\n\tObject Server:\t\tSecurity\n\tObject Type:\t\tFile\n\tObject Name:\t\tC:\\Users\\VirtualWindows8User\\Dropbox\\New Text Document.txt\n\tHandle ID:\t\t0x1bd4\n\tResource Attributes:\tS:AI\n\nProcess Information:\n\tProcess ID:\t\t0xbfc\n\tProcess Name:\t\tC:\\Program Files (x86)\\Dropbox\\Client\\Dropbox.exe\n\nAccess Request Information:\n\tAccesses:\t\tReadAttributes\n\t\t\t\t\n\tAccess Mask:\t\t0x80","timestamp":"2018-08-22T13:34:59.999Z","accesses":"%%4423\n\t\t\t\t","accountDomain":"VirtualWindows8","keyword":["Audit Success"],"@id":"http://example.org/logEntry#logEntry-570557d8-926f-4a5c-910c-b7ec5f550fe9","processID":"0xbfc","accountName":"VirtualWindows8User","version":1,"taskCategory":"File System","upCode":"Info","accessMask":"0x80","@timestamp":"2018-08-22T13:34:59.999Z","objectServer":"Security"},
  {"handleID":"0x1cb4","computerName":"VirtualWindows8","logonID":"0xb74d","processName":"C:\\Program Files (x86)\\Dropbox\\Client\\Dropbox.exe","eventID":4663,"level":"Information","originatesFrom":{"hostName":{"name":"VirtualWindows8"},"@type":"rdf:nodeID","@id":"http://example.org/sepses#9263fa8a-c5bf-4460-8db0-3c763970b432"},"@type":"http://purl.org/sepses/vocab/log/wineventlog#WindowsEventLogEntry","logName":"Security","@context":"http://sepses.ifs.tuwien.ac.at/contexts/wineventlog.jsonld","hasLogType":"wineventlog","source":"Microsoft-Windows-Security-Auditing","resourceAttributes":"S:AI","objectType":"File","objectName":"C:\\Users\\VirtualWindows8User\\Dropbox\\New Text Document.txt","logMessage":"An attempt was made to access an object.\n\nSubject:\n\tSecurity ID:\t\tS-1-5-21-2361021202-3253521353-2316283985-1001\n\tAccount Name:\t\tVirtualWindows8User\n\tAccount Domain:\t\tVirtualWindows8\n\tLogon ID:\t\t0xB74D\n\nObject:\n\tObject Server:\t\tSecurity\n\tObject Type:\t\tFile\n\tObject Name:\t\tC:\\Users\\VirtualWindows8User\\Dropbox\\New Text Document.txt\n\tHandle ID:\t\t0x1cb4\n\tResource Attributes:\tS:AI\n\nProcess Information:\n\tProcess ID:\t\t0xbfc\n\tProcess Name:\t\tC:\\Program Files (x86)\\Dropbox\\Client\\Dropbox.exe\n\nAccess Request Information:\n\tAccesses:\t\tReadAttributes\n\t\t\t\t\n\tAccess Mask:\t\t0x80","timestamp":"2018-08-22T13:35:00.015Z","accesses":"%%4423\n\t\t\t\t","accountDomain":"VirtualWindows8","keyword":["Audit Success"],"@id":"http://example.org/logEntry#logEntry-a9ad3106-75f7-413b-98da-9a71be186a3a","processID":"0xbfc","accountName":"VirtualWindows8User","version":1,"taskCategory":"File System","upCode":"Info","accessMask":"0x80","@timestamp":"2018-08-22T13:35:00.015Z","objectServer":"Security"},
  {"handleID":"0x8a4","computerName":"VirtualWindows8","logonID":"0xb74d","processName":"C:\\Program Files (x86)\\Dropbox\\Client\\Dropbox.exe","eventID":4663,"level":"Information","originatesFrom":{"hostName":{"name":"VirtualWindows8"},"@type":"rdf:nodeID","@id":"http://example.org/sepses#e768f21d-29e7-4a14-b8e1-df6f137a5b4f"},"@type":"http://purl.org/sepses/vocab/log/wineventlog#WindowsEventLogEntry","logName":"Security","@context":"http://sepses.ifs.tuwien.ac.at/contexts/wineventlog.jsonld","hasLogType":"wineventlog","source":"Microsoft-Windows-Security-Auditing","resourceAttributes":"S:AI","objectType":"File","objectName":"C:\\Users\\VirtualWindows8User\\Dropbox\\New Text Document.txt","logMessage":"An attempt was made to access an object.\n\nSubject:\n\tSecurity ID:\t\tS-1-5-21-2361021202-3253521353-2316283985-1001\n\tAccount Name:\t\tVirtualWindows8User\n\tAccount Domain:\t\tVirtualWindows8\n\tLogon ID:\t\t0xB74D\n\nObject:\n\tObject Server:\t\tSecurity\n\tObject Type:\t\tFile\n\tObject Name:\t\tC:\\Users\\VirtualWindows8User\\Dropbox\\New Text Document.txt\n\tHandle ID:\t\t0x8a4\n\tResource Attributes:\tS:AI\n\nProcess Information:\n\tProcess ID:\t\t0xbfc\n\tProcess Name:\t\tC:\\Program Files (x86)\\Dropbox\\Client\\Dropbox.exe\n\nAccess Request Information:\n\tAccesses:\t\tReadAttributes\n\t\t\t\t\n\tAccess Mask:\t\t0x80","timestamp":"2018-08-22T13:35:00.015Z","accesses":"%%4423\n\t\t\t\t","accountDomain":"VirtualWindows8","keyword":["Audit Success"],"@id":"http://example.org/logEntry#logEntry-8705af5c-0f24-418a-b67e-e134fcf56363","processID":"0xbfc","accountName":"VirtualWindows8User","version":1,"taskCategory":"File System","upCode":"Info","accessMask":"0x80","@timestamp":"2018-08-22T13:35:00.015Z","objectServer":"Security"},
  {"handleID":"0x1cb0","computerName":"VirtualWindows8","logonID":"0xb74d","processName":"C:\\Windows\\explorer.exe","eventID":4656,"level":"Information","originatesFrom":{"hostName":{"name":"VirtualWindows8"},"@type":"rdf:nodeID","@id":"http://example.org/sepses#3a5556ad-2aec-42ef-8226-d108a1d0b8ef"},"@type":"http://purl.org/sepses/vocab/log/wineventlog#WindowsEventLogEntry","logName":"Security","@context":"http://sepses.ifs.tuwien.ac.at/contexts/wineventlog.jsonld","hasLogType":"wineventlog","source":"Microsoft-Windows-Security-Auditing","resourceAttributes":"-","objectType":"File","objectName":"C:\\Users\\VirtualWindows8User\\Dropbox","logMessage":"A handle to an object was requested.\n\nSubject:\n\tSecurity ID:\t\tS-1-5-21-2361021202-3253521353-2316283985-1001\n\tAccount Name:\t\tVirtualWindows8User\n\tAccount Domain:\t\tVirtualWindows8\n\tLogon ID:\t\t0xB74D\n\nObject:\n\tObject Server:\t\tSecurity\n\tObject Type:\t\tFile\n\tObject Name:\t\tC:\\Users\\VirtualWindows8User\\Dropbox\n\tHandle ID:\t\t0x1cb0\n\tResource Attributes:\t-\n\nProcess Information:\n\tProcess ID:\t\t0x3ec\n\tProcess Name:\t\tC:\\Windows\\explorer.exe\n\nAccess Request Information:\n\tTransaction ID:\t\t{00000000-0000-0000-0000-000000000000}\n\tAccesses:\t\tSYNCHRONIZE\n\t\t\t\tReadData (or ListDirectory)\n\t\t\t\tReadAttributes\n\t\t\t\t\n\tAccess Reasons:\t\tSYNCHRONIZE:\tGranted by\tD:(A;OICI;FA;;;S-1-5-21-2361021202-3253521353-2316283985-1001)\n\t\t\t\tReadData (or ListDirectory):\tGranted by\tD:(A;OICI;FA;;;S-1-5-21-2361021202-3253521353-2316283985-1001)\n\t\t\t\tReadAttributes:\tGranted by\tD:(A;OICI;FA;;;S-1-5-21-2361021202-3253521353-2316283985-1001)\n\t\t\t\t\n\tAccess Mask:\t\t0x100081\n\tPrivileges Used for Access Check:\t-\n\tRestricted SID Count:\t0","timestamp":"2018-08-22T13:35:00.031Z","accesses":"%%1541\n\t\t\t\t%%4416\n\t\t\t\t%%4423\n\t\t\t\t","accountDomain":"VirtualWindows8","keyword":["Audit Success"],"@id":"http://example.org/logEntry#logEntry-071974ee-6148-4e5c-92ca-0ce4c7ad6eb1","processID":"0x3ec","accountName":"VirtualWindows8User","version":1,"taskCategory":"File System","upCode":"Info","accessMask":"0x100081","@timestamp":"2018-08-22T13:35:00.031Z","objectServer":"Security"},
  {"handleID":"0x1cb0","computerName":"VirtualWindows8","logonID":"0xb74d","processName":"C:\\Windows\\explorer.exe","eventID":4656,"level":"Information","originatesFrom":{"hostName":{"name":"VirtualWindows8"},"@type":"rdf:nodeID","@id":"http://example.org/sepses#5258861a-be0d-4ec4-b903-15089a5ec40c"},"@type":"http://purl.org/sepses/vocab/log/wineventlog#WindowsEventLogEntry","logName":"Security","@context":"http://sepses.ifs.tuwien.ac.at/contexts/wineventlog.jsonld","hasLogType":"wineventlog","source":"Microsoft-Windows-Security-Auditing","resourceAttributes":"-","objectType":"File","objectName":"C:\\Users\\VirtualWindows8User\\Dropbox","logMessage":"A handle to an object was requested.\n\nSubject:\n\tSecurity ID:\t\tS-1-5-21-2361021202-3253521353-2316283985-1001\n\tAccount Name:\t\tVirtualWindows8User\n\tAccount Domain:\t\tVirtualWindows8\n\tLogon ID:\t\t0xB74D\n\nObject:\n\tObject Server:\t\tSecurity\n\tObject Type:\t\tFile\n\tObject Name:\t\tC:\\Users\\VirtualWindows8User\\Dropbox\n\tHandle ID:\t\t0x1cb0\n\tResource Attributes:\t-\n\nProcess Information:\n\tProcess ID:\t\t0x3ec\n\tProcess Name:\t\tC:\\Windows\\explorer.exe\n\nAccess Request Information:\n\tTransaction ID:\t\t{00000000-0000-0000-0000-000000000000}\n\tAccesses:\t\tSYNCHRONIZE\n\t\t\t\tReadAttributes\n\t\t\t\t\n\tAccess Reasons:\t\tSYNCHRONIZE:\tGranted by\tD:(A;OICI;FA;;;S-1-5-21-2361021202-3253521353-2316283985-1001)\n\t\t\t\tReadAttributes:\tGranted by\tD:(A;OICI;FA;;;S-1-5-21-2361021202-3253521353-2316283985-1001)\n\t\t\t\t\n\tAccess Mask:\t\t0x100080\n\tPrivileges Used for Access Check:\t-\n\tRestricted SID Count:\t0","timestamp":"2018-08-22T13:35:00.031Z","accesses":"%%1541\n\t\t\t\t%%4423\n\t\t\t\t","accountDomain":"VirtualWindows8","keyword":["Audit Success"],"@id":"http://example.org/logEntry#logEntry-4108a05d-27bf-4a83-b278-74670d25b63b","processID":"0x3ec","accountName":"VirtualWindows8User","version":1,"taskCategory":"File System","upCode":"Info","accessMask":"0x100080","@timestamp":"2018-08-22T13:35:00.031Z","objectServer":"Security"},
  {"handleID":"0x207c","computerName":"VirtualWindows8","logonID":"0xb74d","processName":"C:\\Windows\\explorer.exe","eventID":4656,"level":"Information","originatesFrom":{"hostName":{"name":"VirtualWindows8"},"@type":"rdf:nodeID","@id":"http://example.org/sepses#4dc43686-f249-42b8-baae-e7a426ff43d4"},"@type":"http://purl.org/sepses/vocab/log/wineventlog#WindowsEventLogEntry","logName":"Security","@context":"http://sepses.ifs.tuwien.ac.at/contexts/wineventlog.jsonld","hasLogType":"wineventlog","source":"Microsoft-Windows-Security-Auditing","resourceAttributes":"-","objectType":"File","objectName":"C:\\Users\\VirtualWindows8User\\Dropbox","logMessage":"A handle to an object was requested.\n\nSubject:\n\tSecurity ID:\t\tS-1-5-21-2361021202-3253521353-2316283985-1001\n\tAccount Name:\t\tVirtualWindows8User\n\tAccount Domain:\t\tVirtualWindows8\n\tLogon ID:\t\t0xB74D\n\nObject:\n\tObject Server:\t\tSecurity\n\tObject Type:\t\tFile\n\tObject Name:\t\tC:\\Users\\VirtualWindows8User\\Dropbox\n\tHandle ID:\t\t0x207c\n\tResource Attributes:\t-\n\nProcess Information:\n\tProcess ID:\t\t0x3ec\n\tProcess Name:\t\tC:\\Windows\\explorer.exe\n\nAccess Request Information:\n\tTransaction ID:\t\t{00000000-0000-0000-0000-000000000000}\n\tAccesses:\t\tREAD_CONTROL\n\t\t\t\tReadAttributes\n\t\t\t\t\n\tAccess Reasons:\t\tREAD_CONTROL:\tGranted by Ownership\n\t\t\t\tReadAttributes:\tGranted by\tD:(A;OICI;FA;;;S-1-5-21-2361021202-3253521353-2316283985-1001)\n\t\t\t\t\n\tAccess Mask:\t\t0x20080\n\tPrivileges Used for Access Check:\t-\n\tRestricted SID Count:\t0","timestamp":"2018-08-22T13:35:00.046Z","accesses":"%%1538\n\t\t\t\t%%4423\n\t\t\t\t","accountDomain":"VirtualWindows8","keyword":["Audit Success"],"@id":"http://example.org/logEntry#logEntry-57879c4a-1318-4fc5-8f38-324f4d8f1730","processID":"0x3ec","accountName":"VirtualWindows8User","version":1,"taskCategory":"File System","upCode":"Info","accessMask":"0x20080","@timestamp":"2018-08-22T13:35:00.046Z","objectServer":"Security"},
  {"handleID":"0x23f8","computerName":"VirtualWindows8","logonID":"0xb74d","processName":"C:\\Windows\\explorer.exe","eventID":4656,"level":"Information","originatesFrom":{"hostName":{"name":"VirtualWindows8"},"@type":"rdf:nodeID","@id":"http://example.org/sepses#097ac652-90b4-4b81-a1d9-209902b4a73e"},"@type":"http://purl.org/sepses/vocab/log/wineventlog#WindowsEventLogEntry","logName":"Security","@context":"http://sepses.ifs.tuwien.ac.at/contexts/wineventlog.jsonld","hasLogType":"wineventlog","source":"Microsoft-Windows-Security-Auditing","resourceAttributes":"-","objectType":"File","objectName":"C:\\Users\\VirtualWindows8User\\Dropbox","logMessage":"A handle to an object was requested.\n\nSubject:\n\tSecurity ID:\t\tS-1-5-21-2361021202-3253521353-2316283985-1001\n\tAccount Name:\t\tVirtualWindows8User\n\tAccount Domain:\t\tVirtualWindows8\n\tLogon ID:\t\t0xB74D\n\nObject:\n\tObject Server:\t\tSecurity\n\tObject Type:\t\tFile\n\tObject Name:\t\tC:\\Users\\VirtualWindows8User\\Dropbox\n\tHandle ID:\t\t0x23f8\n\tResource Attributes:\t-\n\nProcess Information:\n\tProcess ID:\t\t0x3ec\n\tProcess Name:\t\tC:\\Windows\\explorer.exe\n\nAccess Request Information:\n\tTransaction ID:\t\t{00000000-0000-0000-0000-000000000000}\n\tAccesses:\t\tREAD_CONTROL\n\t\t\t\tReadAttributes\n\t\t\t\t\n\tAccess Reasons:\t\tREAD_CONTROL:\tGranted by Ownership\n\t\t\t\tReadAttributes:\tGranted by\tD:(A;OICI;FA;;;S-1-5-21-2361021202-3253521353-2316283985-1001)\n\t\t\t\t\n\tAccess Mask:\t\t0x20080\n\tPrivileges Used for Access Check:\t-\n\tRestricted SID Count:\t0","timestamp":"2018-08-22T13:35:00.046Z","accesses":"%%1538\n\t\t\t\t%%4423\n\t\t\t\t","accountDomain":"VirtualWindows8","keyword":["Audit Success"],"@id":"http://example.org/logEntry#logEntry-6a389d24-ebb7-4918-b1dd-5cb2571817a3","processID":"0x3ec","accountName":"VirtualWindows8User","version":1,"taskCategory":"File System","upCode":"Info","accessMask":"0x20080","@timestamp":"2018-08-22T13:35:00.046Z","objectServer":"Security"},
  {"handleID":"0x758","computerName":"VirtualWindows8","logonID":"0xb74d","processName":"C:\\Program Files (x86)\\Dropbox\\Client\\Dropbox.exe","eventID":4656,"level":"Information","originatesFrom":{"hostName":{"name":"VirtualWindows8"},"@type":"rdf:nodeID","@id":"http://example.org/sepses#a379b745-6dbb-4311-82d2-d5db335ee954"},"@type":"http://purl.org/sepses/vocab/log/wineventlog#WindowsEventLogEntry","logName":"Security","@context":"http://sepses.ifs.tuwien.ac.at/contexts/wineventlog.jsonld","hasLogType":"wineventlog","source":"Microsoft-Windows-Security-Auditing","resourceAttributes":"-","objectType":"File","objectName":"C:\\Users\\VirtualWindows8User\\Dropbox","logMessage":"A handle to an object was requested.\n\nSubject:\n\tSecurity ID:\t\tS-1-5-21-2361021202-3253521353-2316283985-1001\n\tAccount Name:\t\tVirtualWindows8User\n\tAccount Domain:\t\tVirtualWindows8\n\tLogon ID:\t\t0xB74D\n\nObject:\n\tObject Server:\t\tSecurity\n\tObject Type:\t\tFile\n\tObject Name:\t\tC:\\Users\\VirtualWindows8User\\Dropbox\n\tHandle ID:\t\t0x758\n\tResource Attributes:\t-\n\nProcess Information:\n\tProcess ID:\t\t0xbfc\n\tProcess Name:\t\tC:\\Program Files (x86)\\Dropbox\\Client\\Dropbox.exe\n\nAccess Request Information:\n\tTransaction ID:\t\t{00000000-0000-0000-0000-000000000000}\n\tAccesses:\t\tREAD_CONTROL\n\t\t\t\tReadAttributes\n\t\t\t\t\n\tAccess Reasons:\t\tREAD_CONTROL:\tGranted by Ownership\n\t\t\t\tReadAttributes:\tGranted by\tD:(A;OICI;FA;;;S-1-5-21-2361021202-3253521353-2316283985-1001)\n\t\t\t\t\n\tAccess Mask:\t\t0x20080\n\tPrivileges Used for Access Check:\t-\n\tRestricted SID Count:\t0","timestamp":"2018-08-22T13:35:00.077Z","accesses":"%%1538\n\t\t\t\t%%4423\n\t\t\t\t","accountDomain":"VirtualWindows8","keyword":["Audit Success"],"@id":"http://example.org/logEntry#logEntry-d1a64d1f-4951-4ec0-a752-a38437440aa7","processID":"0xbfc","accountName":"VirtualWindows8User","version":1,"taskCategory":"File System","upCode":"Info","accessMask":"0x20080","@timestamp":"2018-08-22T13:35:00.077Z","objectServer":"Security"},
  {"handleID":"0x1cb0","computerName":"VirtualWindows8","logonID":"0xb74d","processName":"C:\\Windows\\explorer.exe","eventID":4656,"level":"Information","originatesFrom":{"hostName":{"name":"VirtualWindows8"},"@type":"rdf:nodeID","@id":"http://example.org/sepses#ffc2058b-9883-4744-b163-e22d26d758eb"},"@type":"http://purl.org/sepses/vocab/log/wineventlog#WindowsEventLogEntry","logName":"Security","@context":"http://sepses.ifs.tuwien.ac.at/contexts/wineventlog.jsonld","hasLogType":"wineventlog","source":"Microsoft-Windows-Security-Auditing","resourceAttributes":"-","objectType":"File","objectName":"C:\\Users\\VirtualWindows8User\\Dropbox","logMessage":"A handle to an object was requested.\n\nSubject:\n\tSecurity ID:\t\tS-1-5-21-2361021202-3253521353-2316283985-1001\n\tAccount Name:\t\tVirtualWindows8User\n\tAccount Domain:\t\tVirtualWindows8\n\tLogon ID:\t\t0xB74D\n\nObject:\n\tObject Server:\t\tSecurity\n\tObject Type:\t\tFile\n\tObject Name:\t\tC:\\Users\\VirtualWindows8User\\Dropbox\n\tHandle ID:\t\t0x1cb0\n\tResource Attributes:\t-\n\nProcess Information:\n\tProcess ID:\t\t0x3ec\n\tProcess Name:\t\tC:\\Windows\\explorer.exe\n\nAccess Request Information:\n\tTransaction ID:\t\t{00000000-0000-0000-0000-000000000000}\n\tAccesses:\t\tREAD_CONTROL\n\t\t\t\tReadAttributes\n\t\t\t\t\n\tAccess Reasons:\t\tREAD_CONTROL:\tGranted by Ownership\n\t\t\t\tReadAttributes:\tGranted by\tD:(A;OICI;FA;;;S-1-5-21-2361021202-3253521353-2316283985-1001)\n\t\t\t\t\n\tAccess Mask:\t\t0x20080\n\tPrivileges Used for Access Check:\t-\n\tRestricted SID Count:\t0","timestamp":"2018-08-22T13:35:00.171Z","accesses":"%%1538\n\t\t\t\t%%4423\n\t\t\t\t","accountDomain":"VirtualWindows8","keyword":["Audit Success"],"@id":"http://example.org/logEntry#logEntry-90430d9f-284d-4b74-b62e-e2d9021a2a1c","processID":"0x3ec","accountName":"VirtualWindows8User","version":1,"taskCategory":"File System","upCode":"Info","accessMask":"0x20080","@timestamp":"2018-08-22T13:35:00.171Z","objectServer":"Security"},
  {"handleID":"0x2428","computerName":"VirtualWindows8","logonID":"0xb74d","processName":"C:\\Windows\\explorer.exe","eventID":4656,"level":"Information","originatesFrom":{"hostName":{"name":"VirtualWindows8"},"@type":"rdf:nodeID","@id":"http://example.org/sepses#b36c9afa-5163-4582-85b8-d75763162282"},"@type":"http://purl.org/sepses/vocab/log/wineventlog#WindowsEventLogEntry","logName":"Security","@context":"http://sepses.ifs.tuwien.ac.at/contexts/wineventlog.jsonld","hasLogType":"wineventlog","source":"Microsoft-Windows-Security-Auditing","resourceAttributes":"-","objectType":"File","objectName":"C:\\Users\\VirtualWindows8User\\Dropbox","logMessage":"A handle to an object was requested.\n\nSubject:\n\tSecurity ID:\t\tS-1-5-21-2361021202-3253521353-2316283985-1001\n\tAccount Name:\t\tVirtualWindows8User\n\tAccount Domain:\t\tVirtualWindows8\n\tLogon ID:\t\t0xB74D\n\nObject:\n\tObject Server:\t\tSecurity\n\tObject Type:\t\tFile\n\tObject Name:\t\tC:\\Users\\VirtualWindows8User\\Dropbox\n\tHandle ID:\t\t0x2428\n\tResource Attributes:\t-\n\nProcess Information:\n\tProcess ID:\t\t0x3ec\n\tProcess Name:\t\tC:\\Windows\\explorer.exe\n\nAccess Request Information:\n\tTransaction ID:\t\t{00000000-0000-0000-0000-000000000000}\n\tAccesses:\t\tREAD_CONTROL\n\t\t\t\tReadAttributes\n\t\t\t\t\n\tAccess Reasons:\t\tREAD_CONTROL:\tGranted by Ownership\n\t\t\t\tReadAttributes:\tGranted by\tD:(A;OICI;FA;;;S-1-5-21-2361021202-3253521353-2316283985-1001)\n\t\t\t\t\n\tAccess Mask:\t\t0x20080\n\tPrivileges Used for Access Check:\t-\n\tRestricted SID Count:\t0","timestamp":"2018-08-22T13:35:00.311Z","accesses":"%%1538\n\t\t\t\t%%4423\n\t\t\t\t","accountDomain":"VirtualWindows8","keyword":["Audit Success"],"@id":"http://example.org/logEntry#logEntry-193a0650-6914-411e-86c3-bcbd48b67f31","processID":"0x3ec","accountName":"VirtualWindows8User","version":1,"taskCategory":"File System","upCode":"Info","accessMask":"0x20080","@timestamp":"2018-08-22T13:35:00.311Z","objectServer":"Security"},
  {"handleID":"0x204c","computerName":"VirtualWindows8","logonID":"0xb74d","processName":"C:\\Windows\\explorer.exe","eventID":4663,"level":"Information","originatesFrom":{"hostName":{"name":"VirtualWindows8"},"@type":"rdf:nodeID","@id":"http://example.org/sepses#85c067c4-acf2-408b-b7dd-90632ff8bd3c"},"@type":"http://purl.org/sepses/vocab/log/wineventlog#WindowsEventLogEntry","logName":"Security","@context":"http://sepses.ifs.tuwien.ac.at/contexts/wineventlog.jsonld","hasLogType":"wineventlog","source":"Microsoft-Windows-Security-Auditing","resourceAttributes":"S:AI","objectType":"File","objectName":"C:\\Users\\VirtualWindows8User\\UserDocuments\\New Text Document.txt","logMessage":"An attempt was made to access an object.\n\nSubject:\n\tSecurity ID:\t\tS-1-5-21-2361021202-3253521353-2316283985-1001\n\tAccount Name:\t\tVirtualWindows8User\n\tAccount Domain:\t\tVirtualWindows8\n\tLogon ID:\t\t0xB74D\n\nObject:\n\tObject Server:\t\tSecurity\n\tObject Type:\t\tFile\n\tObject Name:\t\tC:\\Users\\VirtualWindows8User\\UserDocuments\\New Text Document.txt\n\tHandle ID:\t\t0x204c\n\tResource Attributes:\tS:AI\n\nProcess Information:\n\tProcess ID:\t\t0x3ec\n\tProcess Name:\t\tC:\\Windows\\explorer.exe\n\nAccess Request Information:\n\tAccesses:\t\tReadAttributes\n\t\t\t\t\n\tAccess Mask:\t\t0x80","timestamp":"2018-08-22T13:34:59.952Z","accesses":"%%4423\n\t\t\t\t","accountDomain":"VirtualWindows8","keyword":["Audit Success"],"@id":"http://example.org/logEntry#logEntry-b66abdd4-5e8b-48f4-a465-351ecc82a3c0","processID":"0x3ec","accountName":"VirtualWindows8User","version":1,"taskCategory":"File System","upCode":"Info","accessMask":"0x80","@timestamp":"2018-08-22T13:34:59.952Z","objectServer":"Security"},
  {"handleID":"0x1de4","computerName":"VirtualWindows8","logonID":"0xb74d","processName":"C:\\Windows\\explorer.exe","eventID":4663,"level":"Information","originatesFrom":{"hostName":{"name":"VirtualWindows8"},"@type":"rdf:nodeID","@id":"http://example.org/sepses#08444724-341f-4c0b-bbdd-793da855750c"},"@type":"http://purl.org/sepses/vocab/log/wineventlog#WindowsEventLogEntry","logName":"Security","@context":"http://sepses.ifs.tuwien.ac.at/contexts/wineventlog.jsonld","hasLogType":"wineventlog","source":"Microsoft-Windows-Security-Auditing","resourceAttributes":"S:AI","objectType":"File","objectName":"C:\\Users\\VirtualWindows8User\\Dropbox\\New Text Document.txt","logMessage":"An attempt was made to access an object.\n\nSubject:\n\tSecurity ID:\t\tS-1-5-21-2361021202-3253521353-2316283985-1001\n\tAccount Name:\t\tVirtualWindows8User\n\tAccount Domain:\t\tVirtualWindows8\n\tLogon ID:\t\t0xB74D\n\nObject:\n\tObject Server:\t\tSecurity\n\tObject Type:\t\tFile\n\tObject Name:\t\tC:\\Users\\VirtualWindows8User\\Dropbox\\New Text Document.txt\n\tHandle ID:\t\t0x1de4\n\tResource Attributes:\tS:AI\n\nProcess Information:\n\tProcess ID:\t\t0x3ec\n\tProcess Name:\t\tC:\\Windows\\explorer.exe\n\nAccess Request Information:\n\tAccesses:\t\tReadAttributes\n\t\t\t\t\n\tAccess Mask:\t\t0x80","timestamp":"2018-08-22T13:34:59.952Z","accesses":"%%4423\n\t\t\t\t","accountDomain":"VirtualWindows8","keyword":["Audit Success"],"@id":"http://example.org/logEntry#logEntry-e1c51286-2047-41a7-9de0-5e5487a9c37d","processID":"0x3ec","accountName":"VirtualWindows8User","version":1,"taskCategory":"File System","upCode":"Info","accessMask":"0x80","@timestamp":"2018-08-22T13:34:59.952Z","objectServer":"Security"},
  {"handleID":"0x1de4","computerName":"VirtualWindows8","logonID":"0xb74d","processName":"C:\\Windows\\explorer.exe","eventID":4663,"level":"Information","originatesFrom":{"hostName":{"name":"VirtualWindows8"},"@type":"rdf:nodeID","@id":"http://example.org/sepses#b4bc0230-e88e-4070-8bba-bf1128bfd421"},"@type":"http://purl.org/sepses/vocab/log/wineventlog#WindowsEventLogEntry","logName":"Security","@context":"http://sepses.ifs.tuwien.ac.at/contexts/wineventlog.jsonld","hasLogType":"wineventlog","source":"Microsoft-Windows-Security-Auditing","resourceAttributes":"S:AI","objectType":"File","objectName":"C:\\Users\\VirtualWindows8User\\Dropbox","logMessage":"An attempt was made to access an object.\n\nSubject:\n\tSecurity ID:\t\tS-1-5-21-2361021202-3253521353-2316283985-1001\n\tAccount Name:\t\tVirtualWindows8User\n\tAccount Domain:\t\tVirtualWindows8\n\tLogon ID:\t\t0xB74D\n\nObject:\n\tObject Server:\t\tSecurity\n\tObject Type:\t\tFile\n\tObject Name:\t\tC:\\Users\\VirtualWindows8User\\Dropbox\n\tHandle ID:\t\t0x1de4\n\tResource Attributes:\tS:AI\n\nProcess Information:\n\tProcess ID:\t\t0x3ec\n\tProcess Name:\t\tC:\\Windows\\explorer.exe\n\nAccess Request Information:\n\tAccesses:\t\tReadAttributes\n\t\t\t\t\n\tAccess Mask:\t\t0x80","timestamp":"2018-08-22T13:34:59.952Z","accesses":"%%4423\n\t\t\t\t","accountDomain":"VirtualWindows8","keyword":["Audit Success"],"@id":"http://example.org/logEntry#logEntry-ff0d3cda-98bf-466a-829d-b49aae6cc861","processID":"0x3ec","accountName":"VirtualWindows8User","version":1,"taskCategory":"File System","upCode":"Info","accessMask":"0x80","@timestamp":"2018-08-22T13:34:59.952Z","objectServer":"Security"},
  {"handleID":"0x1c24","computerName":"VirtualWindows8","logonID":"0xb74d","processName":"C:\\Program Files (x86)\\Dropbox\\Client\\Dropbox.exe","eventID":4663,"level":"Information","originatesFrom":{"hostName":{"name":"VirtualWindows8"},"@type":"rdf:nodeID","@id":"http://example.org/sepses#5b92f452-2a59-46b5-a881-fe22f920a2c8"},"@type":"http://purl.org/sepses/vocab/log/wineventlog#WindowsEventLogEntry","logName":"Security","@context":"http://sepses.ifs.tuwien.ac.at/contexts/wineventlog.jsonld","hasLogType":"wineventlog","source":"Microsoft-Windows-Security-Auditing","resourceAttributes":"S:AI","objectType":"File","objectName":"C:\\Users\\VirtualWindows8User\\Dropbox\\New Text Document.txt","logMessage":"An attempt was made to access an object.\n\nSubject:\n\tSecurity ID:\t\tS-1-5-21-2361021202-3253521353-2316283985-1001\n\tAccount Name:\t\tVirtualWindows8User\n\tAccount Domain:\t\tVirtualWindows8\n\tLogon ID:\t\t0xB74D\n\nObject:\n\tObject Server:\t\tSecurity\n\tObject Type:\t\tFile\n\tObject Name:\t\tC:\\Users\\VirtualWindows8User\\Dropbox\\New Text Document.txt\n\tHandle ID:\t\t0x1c24\n\tResource Attributes:\tS:AI\n\nProcess Information:\n\tProcess ID:\t\t0xbfc\n\tProcess Name:\t\tC:\\Program Files (x86)\\Dropbox\\Client\\Dropbox.exe\n\nAccess Request Information:\n\tAccesses:\t\tReadAttributes\n\t\t\t\t\n\tAccess Mask:\t\t0x80","timestamp":"2018-08-22T13:34:59.967Z","accesses":"%%4423\n\t\t\t\t","accountDomain":"VirtualWindows8","keyword":["Audit Success"],"@id":"http://example.org/logEntry#logEntry-8040e157-1379-4be2-82a0-c3b8a44310e6","processID":"0xbfc","accountName":"VirtualWindows8User","version":1,"taskCategory":"File System","upCode":"Info","accessMask":"0x80","@timestamp":"2018-08-22T13:34:59.967Z","objectServer":"Security"},
  {"handleID":"0x1c24","computerName":"VirtualWindows8","logonID":"0xb74d","processName":"C:\\Program Files (x86)\\Dropbox\\Client\\Dropbox.exe","eventID":4656,"level":"Information","originatesFrom":{"hostName":{"name":"VirtualWindows8"},"@type":"rdf:nodeID","@id":"http://example.org/sepses#a1fa9043-28ea-425d-b844-75162647ffe2"},"@type":"http://purl.org/sepses/vocab/log/wineventlog#WindowsEventLogEntry","logName":"Security","@context":"http://sepses.ifs.tuwien.ac.at/contexts/wineventlog.jsonld","hasLogType":"wineventlog","source":"Microsoft-Windows-Security-Auditing","resourceAttributes":"-","objectType":"File","objectName":"C:\\Users\\VirtualWindows8User\\Dropbox\\New Text Document.txt","logMessage":"A handle to an object was requested.\n\nSubject:\n\tSecurity ID:\t\tS-1-5-21-2361021202-3253521353-2316283985-1001\n\tAccount Name:\t\tVirtualWindows8User\n\tAccount Domain:\t\tVirtualWindows8\n\tLogon ID:\t\t0xB74D\n\nObject:\n\tObject Server:\t\tSecurity\n\tObject Type:\t\tFile\n\tObject Name:\t\tC:\\Users\\VirtualWindows8User\\Dropbox\\New Text Document.txt\n\tHandle ID:\t\t0x1c24\n\tResource Attributes:\t-\n\nProcess Information:\n\tProcess ID:\t\t0xbfc\n\tProcess Name:\t\tC:\\Program Files (x86)\\Dropbox\\Client\\Dropbox.exe\n\nAccess Request Information:\n\tTransaction ID:\t\t{00000000-0000-0000-0000-000000000000}\n\tAccesses:\t\tSYNCHRONIZE\n\t\t\t\tReadAttributes\n\t\t\t\t\n\tAccess Reasons:\t\tSYNCHRONIZE:\tGranted by\tD:(A;;FA;;;S-1-5-21-2361021202-3253521353-2316283985-1001)\n\t\t\t\tReadAttributes:\tGranted by\tD:(A;;FA;;;S-1-5-21-2361021202-3253521353-2316283985-1001)\n\t\t\t\t\n\tAccess Mask:\t\t0x100080\n\tPrivileges Used for Access Check:\t-\n\tRestricted SID Count:\t0","timestamp":"2018-08-22T13:34:59.967Z","accesses":"%%1541\n\t\t\t\t%%4423\n\t\t\t\t","accountDomain":"VirtualWindows8","keyword":["Audit Success"],"@id":"http://example.org/logEntry#logEntry-e5b825d9-91b7-4cec-bcfd-3cccead145e6","processID":"0xbfc","accountName":"VirtualWindows8User","version":1,"taskCategory":"File System","upCode":"Info","accessMask":"0x100080","@timestamp":"2018-08-22T13:34:59.967Z","objectServer":"Security"},
  {"handleID":"0x1bd4","computerName":"VirtualWindows8","logonID":"0xb74d","processName":"C:\\Program Files (x86)\\Dropbox\\Client\\Dropbox.exe","eventID":4656,"level":"Information","originatesFrom":{"hostName":{"name":"VirtualWindows8"},"@type":"rdf:nodeID","@id":"http://example.org/sepses#05d3b825-f17d-48b8-8262-e2fdd09c3654"},"@type":"http://purl.org/sepses/vocab/log/wineventlog#WindowsEventLogEntry","logName":"Security","@context":"http://sepses.ifs.tuwien.ac.at/contexts/wineventlog.jsonld","hasLogType":"wineventlog","source":"Microsoft-Windows-Security-Auditing","resourceAttributes":"-","objectType":"File","objectName":"C:\\Users\\VirtualWindows8User\\Dropbox\\New Text Document.txt","logMessage":"A handle to an object was requested.\n\nSubject:\n\tSecurity ID:\t\tS-1-5-21-2361021202-3253521353-2316283985-1001\n\tAccount Name:\t\tVirtualWindows8User\n\tAccount Domain:\t\tVirtualWindows8\n\tLogon ID:\t\t0xB74D\n\nObject:\n\tObject Server:\t\tSecurity\n\tObject Type:\t\tFile\n\tObject Name:\t\tC:\\Users\\VirtualWindows8User\\Dropbox\\New Text Document.txt\n\tHandle ID:\t\t0x1bd4\n\tResource Attributes:\t-\n\nProcess Information:\n\tProcess ID:\t\t0xbfc\n\tProcess Name:\t\tC:\\Program Files (x86)\\Dropbox\\Client\\Dropbox.exe\n\nAccess Request Information:\n\tTransaction ID:\t\t{00000000-0000-0000-0000-000000000000}\n\tAccesses:\t\tSYNCHRONIZE\n\t\t\t\tReadAttributes\n\t\t\t\t\n\tAccess Reasons:\t\tSYNCHRONIZE:\tGranted by\tD:(A;;FA;;;S-1-5-21-2361021202-3253521353-2316283985-1001)\n\t\t\t\tReadAttributes:\tGranted by\tD:(A;;FA;;;S-1-5-21-2361021202-3253521353-2316283985-1001)\n\t\t\t\t\n\tAccess Mask:\t\t0x100080\n\tPrivileges Used for Access Check:\t-\n\tRestricted SID Count:\t0","timestamp":"2018-08-22T13:34:59.983Z","accesses":"%%1541\n\t\t\t\t%%4423\n\t\t\t\t","accountDomain":"VirtualWindows8","keyword":["Audit Success"],"@id":"http://example.org/logEntry#logEntry-0d17772d-bbf4-4c0d-b3f0-c1ff82193fb6","processID":"0xbfc","accountName":"VirtualWindows8User","version":1,"taskCategory":"File System","upCode":"Info","accessMask":"0x100080","@timestamp":"2018-08-22T13:34:59.983Z","objectServer":"Security"},
  {"handleID":"0x1c24","computerName":"VirtualWindows8","logonID":"0xb74d","processName":"C:\\Program Files (x86)\\Dropbox\\Client\\Dropbox.exe","eventID":4656,"level":"Information","originatesFrom":{"hostName":{"name":"VirtualWindows8"},"@type":"rdf:nodeID","@id":"http://example.org/sepses#0b9fb45a-0955-4914-9386-661b993288ef"},"@type":"http://purl.org/sepses/vocab/log/wineventlog#WindowsEventLogEntry","logName":"Security","@context":"http://sepses.ifs.tuwien.ac.at/contexts/wineventlog.jsonld","hasLogType":"wineventlog","source":"Microsoft-Windows-Security-Auditing","resourceAttributes":"-","objectType":"File","objectName":"C:\\Users\\VirtualWindows8User\\Dropbox\\New Text Document.txt","logMessage":"A handle to an object was requested.\n\nSubject:\n\tSecurity ID:\t\tS-1-5-21-2361021202-3253521353-2316283985-1001\n\tAccount Name:\t\tVirtualWindows8User\n\tAccount Domain:\t\tVirtualWindows8\n\tLogon ID:\t\t0xB74D\n\nObject:\n\tObject Server:\t\tSecurity\n\tObject Type:\t\tFile\n\tObject Name:\t\tC:\\Users\\VirtualWindows8User\\Dropbox\\New Text Document.txt\n\tHandle ID:\t\t0x1c24\n\tResource Attributes:\t-\n\nProcess Information:\n\tProcess ID:\t\t0xbfc\n\tProcess Name:\t\tC:\\Program Files (x86)\\Dropbox\\Client\\Dropbox.exe\n\nAccess Request Information:\n\tTransaction ID:\t\t{00000000-0000-0000-0000-000000000000}\n\tAccesses:\t\tSYNCHRONIZE\n\t\t\t\tReadAttributes\n\t\t\t\t\n\tAccess Reasons:\t\tSYNCHRONIZE:\tGranted by\tD:(A;;FA;;;S-1-5-21-2361021202-3253521353-2316283985-1001)\n\t\t\t\tReadAttributes:\tGranted by\tD:(A;;FA;;;S-1-5-21-2361021202-3253521353-2316283985-1001)\n\t\t\t\t\n\tAccess Mask:\t\t0x100080\n\tPrivileges Used for Access Check:\t-\n\tRestricted SID Count:\t0","timestamp":"2018-08-22T13:34:59.983Z","accesses":"%%1541\n\t\t\t\t%%4423\n\t\t\t\t","accountDomain":"VirtualWindows8","keyword":["Audit Success"],"@id":"http://example.org/logEntry#logEntry-a1f6a84f-120f-4769-a212-589a86d9ed39","processID":"0xbfc","accountName":"VirtualWindows8User","version":1,"taskCategory":"File System","upCode":"Info","accessMask":"0x100080","@timestamp":"2018-08-22T13:34:59.983Z","objectServer":"Security"},
