{"logName":"Security","source":"Microsoft-Windows-Security-Auditing","@context":"http://sepses.ifs.tuwien.ac.at/contexts/wineventlog.jsonld","computerName":"DESKTOP-F650GTN","objectServer":"Security","@type":"http://purl.org/sepses/vocab/log/wineventlog#WindowsEventLogEntry","upCode":"Info","accessMask":"0x2","hasLogType":"wineventlog","timestamp":"2019-05-29T13:18:21.231Z","processName":"C:\\Windows\\System32\\cmd.exe","handleID":"0x118","@timestamp":"2019-05-29T13:18:21.231Z","eventID":4663,"level":"Information","taskCategory":"Removable Storage","originatesFrom":{"@type":"rdf:nodeID","@id":"http://example.org/sepses#7f795e81-419f-45b6-a396-8743b92af5b9","hostName":"DESKTOP-F650GTN"},"objectType":"File","processID":"0x538c","@id":"http://example.org/logEntry#logEntry-3fde58fc-3ad4-48f2-8b0c-126af9314301","accountName":"KKurniawan","keyword":["Audit Success"],"accountDomain":"DESKTOP-F650GTN","logonID":"0xe138a","accesses":"%%4417\n\t\t\t\t","logMessage":"An attempt was made to access an object.\n\nSubject:\n\tSecurity ID:\t\tS-1-5-21-132051286-1762614582-3209893546-1001\n\tAccount Name:\t\tKKurniawan\n\tAccount Domain:\t\tDESKTOP-F650GTN\n\tLogon ID:\t\t0xE138A\n\nObject:\n\tObject Server:\t\tSecurity\n\tObject Type:\t\tFile\n\tObject Name:\t\t\\Device\\HarddiskVolume6\\Secret\\secretFileA2.rtf\n\tHandle ID:\t\t0x118\n\tResource Attributes:\t\n\nProcess Information:\n\tProcess ID:\t\t0x538c\n\tProcess Name:\t\tC:\\Windows\\System32\\cmd.exe\n\nAccess Request Information:\n\tAccesses:\t\tWriteData (or AddFile)\n\t\t\t\t\n\tAccess Mask:\t\t0x2","version":1,"objectName":"\\Device\\HarddiskVolume6\\Secret\\secretFileA2.rtf"}
{"logName":"Security","source":"Microsoft-Windows-Security-Auditing","@context":"http://sepses.ifs.tuwien.ac.at/contexts/wineventlog.jsonld","computerName":"DESKTOP-F650GTN","objectServer":"Security","@type":"http://purl.org/sepses/vocab/log/wineventlog#WindowsEventLogEntry","upCode":"Info","accessMask":"0x4","hasLogType":"wineventlog","timestamp":"2019-05-29T13:18:21.249Z","processName":"C:\\Windows\\System32\\cmd.exe","handleID":"0x118","@timestamp":"2019-05-29T13:18:21.249Z","eventID":4663,"level":"Information","taskCategory":"Removable Storage","originatesFrom":{"@type":"rdf:nodeID","@id":"http://example.org/sepses#657c1cb6-531b-4941-a5d0-6bc90a15d795","hostName":"DESKTOP-F650GTN"},"objectType":"File","processID":"0x538c","@id":"http://example.org/logEntry#logEntry-272432da-532f-4ecf-8e84-e53ca5210a0d","accountName":"KKurniawan","keyword":["Audit Success"],"accountDomain":"DESKTOP-F650GTN","logonID":"0xe138a","accesses":"%%4418\n\t\t\t\t","logMessage":"An attempt was made to access an object.\n\nSubject:\n\tSecurity ID:\t\tS-1-5-21-132051286-1762614582-3209893546-1001\n\tAccount Name:\t\tKKurniawan\n\tAccount Domain:\t\tDESKTOP-F650GTN\n\tLogon ID:\t\t0xE138A\n\nObject:\n\tObject Server:\t\tSecurity\n\tObject Type:\t\tFile\n\tObject Name:\t\t\\Device\\HarddiskVolume6\\Secret\\secretFileA2.rtf\n\tHandle ID:\t\t0x118\n\tResource Attributes:\t\n\nProcess Information:\n\tProcess ID:\t\t0x538c\n\tProcess Name:\t\tC:\\Windows\\System32\\cmd.exe\n\nAccess Request Information:\n\tAccesses:\t\tAppendData (or AddSubdirectory or CreatePipeInstance)\n\t\t\t\t\n\tAccess Mask:\t\t0x4","version":1,"objectName":"\\Device\\HarddiskVolume6\\Secret\\secretFileA2.rtf"}
{"logName":"Security","source":"Microsoft-Windows-Security-Auditing","@context":"http://sepses.ifs.tuwien.ac.at/contexts/wineventlog.jsonld","computerName":"DESKTOP-F650GTN","objectServer":"Security","@type":"http://purl.org/sepses/vocab/log/wineventlog#WindowsEventLogEntry","upCode":"Info","accessMask":"0x1","hasLogType":"wineventlog","timestamp":"2019-05-29T13:18:22.217Z","processName":"C:\\Windows\\explorer.exe","handleID":"0x5464","@timestamp":"2019-05-29T13:18:22.217Z","eventID":4663,"level":"Information","taskCategory":"Removable Storage","originatesFrom":{"@type":"rdf:nodeID","@id":"http://example.org/sepses#49063dff-bd51-4eff-8011-d828771bc84d","hostName":"DESKTOP-F650GTN"},"objectType":"File","processID":"0x2be0","@id":"http://example.org/logEntry#logEntry-b8204455-6f75-4e91-a2c5-72a87288b6eb","accountName":"KKurniawan","keyword":["Audit Success"],"accountDomain":"DESKTOP-F650GTN","logonID":"0xe138a","accesses":"%%4416\n\t\t\t\t","logMessage":"An attempt was made to access an object.\n\nSubject:\n\tSecurity ID:\t\tS-1-5-21-132051286-1762614582-3209893546-1001\n\tAccount Name:\t\tKKurniawan\n\tAccount Domain:\t\tDESKTOP-F650GTN\n\tLogon ID:\t\t0xE138A\n\nObject:\n\tObject Server:\t\tSecurity\n\tObject Type:\t\tFile\n\tObject Name:\t\t\\Device\\HarddiskVolume6\\Secret\n\tHandle ID:\t\t0x5464\n\tResource Attributes:\t\n\nProcess Information:\n\tProcess ID:\t\t0x2be0\n\tProcess Name:\t\tC:\\Windows\\explorer.exe\n\nAccess Request Information:\n\tAccesses:\t\tReadData (or ListDirectory)\n\t\t\t\t\n\tAccess Mask:\t\t0x1","version":1,"objectName":"\\Device\\HarddiskVolume6\\Secret"}
{"logName":"Security","source":"Microsoft-Windows-Security-Auditing","@context":"http://sepses.ifs.tuwien.ac.at/contexts/wineventlog.jsonld","computerName":"DESKTOP-F650GTN","objectServer":"Security","@type":"http://purl.org/sepses/vocab/log/wineventlog#WindowsEventLogEntry","upCode":"Info","accessMask":"0x1","hasLogType":"wineventlog","timestamp":"2019-05-29T13:18:22.219Z","processName":"C:\\Windows\\explorer.exe","handleID":"0x5464","@timestamp":"2019-05-29T13:18:22.219Z","eventID":4663,"level":"Information","taskCategory":"Removable Storage","originatesFrom":{"@type":"rdf:nodeID","@id":"http://example.org/sepses#3321fc50-9162-458b-bdf8-cc0293a99389","hostName":"DESKTOP-F650GTN"},"objectType":"File","processID":"0x2be0","@id":"http://example.org/logEntry#logEntry-f2658f41-6041-46bb-8941-1ca9121c0aec","accountName":"KKurniawan","keyword":["Audit Success"],"accountDomain":"DESKTOP-F650GTN","logonID":"0xe138a","accesses":"%%4416\n\t\t\t\t","logMessage":"An attempt was made to access an object.\n\nSubject:\n\tSecurity ID:\t\tS-1-5-21-132051286-1762614582-3209893546-1001\n\tAccount Name:\t\tKKurniawan\n\tAccount Domain:\t\tDESKTOP-F650GTN\n\tLogon ID:\t\t0xE138A\n\nObject:\n\tObject Server:\t\tSecurity\n\tObject Type:\t\tFile\n\tObject Name:\t\t\\Device\\HarddiskVolume6\\Secret\n\tHandle ID:\t\t0x5464\n\tResource Attributes:\t\n\nProcess Information:\n\tProcess ID:\t\t0x2be0\n\tProcess Name:\t\tC:\\Windows\\explorer.exe\n\nAccess Request Information:\n\tAccesses:\t\tReadData (or ListDirectory)\n\t\t\t\t\n\tAccess Mask:\t\t0x1","version":1,"objectName":"\\Device\\HarddiskVolume6\\Secret"}
{"logName":"Security","source":"Microsoft-Windows-Security-Auditing","@context":"http://sepses.ifs.tuwien.ac.at/contexts/wineventlog.jsonld","computerName":"DESKTOP-F650GTN","objectServer":"Security","@type":"http://purl.org/sepses/vocab/log/wineventlog#WindowsEventLogEntry","upCode":"Info","resourceAttributes":"S:AI","accessMask":"0x80","hasLogType":"wineventlog","timestamp":"2019-05-29T13:18:24.125Z","processName":"C:\\Windows\\System32\\cmd.exe","handleID":"0x160","@timestamp":"2019-05-29T13:18:24.125Z","eventID":4663,"level":"Information","taskCategory":"File System","originatesFrom":{"@type":"rdf:nodeID","@id":"http://example.org/sepses#c4413eef-55de-432f-aa44-674d7bc7bb02","hostName":"DESKTOP-F650GTN"},"objectType":"File","processID":"0x538c","@id":"http://example.org/logEntry#logEntry-a629eb6e-c6a4-4726-8d15-f63b0268c843","accountName":"KKurniawan","keyword":["Audit Success"],"accountDomain":"DESKTOP-F650GTN","logonID":"0xe138a","accesses":"%%4423\n\t\t\t\t","logMessage":"An attempt was made to access an object.\n\nSubject:\n\tSecurity ID:\t\tS-1-5-21-132051286-1762614582-3209893546-1001\n\tAccount Name:\t\tKKurniawan\n\tAccount Domain:\t\tDESKTOP-F650GTN\n\tLogon ID:\t\t0xE138A\n\nObject:\n\tObject Server:\t\tSecurity\n\tObject Type:\t\tFile\n\tObject Name:\t\tC:\\Users\\KKurniawan\\userDocuments\\SecretA\\secretFileA3.xls\n\tHandle ID:\t\t0x160\n\tResource Attributes:\tS:AI\n\nProcess Information:\n\tProcess ID:\t\t0x538c\n\tProcess Name:\t\tC:\\Windows\\System32\\cmd.exe\n\nAccess Request Information:\n\tAccesses:\t\tReadAttributes\n\t\t\t\t\n\tAccess Mask:\t\t0x80","version":1,"objectName":"C:\\Users\\KKurniawan\\userDocuments\\SecretA\\secretFileA3.xls"}
{"logName":"Security","source":"Microsoft-Windows-Security-Auditing","@context":"http://sepses.ifs.tuwien.ac.at/contexts/wineventlog.jsonld","computerName":"DESKTOP-F650GTN","objectServer":"Security","@type":"http://purl.org/sepses/vocab/log/wineventlog#WindowsEventLogEntry","upCode":"Info","accessMask":"0x2","hasLogType":"wineventlog","timestamp":"2019-05-29T13:18:24.141Z","processName":"C:\\Windows\\System32\\cmd.exe","handleID":"0x154","@timestamp":"2019-05-29T13:18:24.141Z","eventID":4663,"level":"Information","taskCategory":"Removable Storage","originatesFrom":{"@type":"rdf:nodeID","@id":"http://example.org/sepses#e1fb55c1-4ed0-45c1-bd1a-bd8c93e6d269","hostName":"DESKTOP-F650GTN"},"objectType":"File","processID":"0x538c","@id":"http://example.org/logEntry#logEntry-f0cae1e6-491e-4b8f-8b1e-12bd9f779df3","accountName":"KKurniawan","keyword":["Audit Success"],"accountDomain":"DESKTOP-F650GTN","logonID":"0xe138a","accesses":"%%4417\n\t\t\t\t","logMessage":"An attempt was made to access an object.\n\nSubject:\n\tSecurity ID:\t\tS-1-5-21-132051286-1762614582-3209893546-1001\n\tAccount Name:\t\tKKurniawan\n\tAccount Domain:\t\tDESKTOP-F650GTN\n\tLogon ID:\t\t0xE138A\n\nObject:\n\tObject Server:\t\tSecurity\n\tObject Type:\t\tFile\n\tObject Name:\t\t\\Device\\HarddiskVolume6\\Secret\\secretFileA3.xls\n\tHandle ID:\t\t0x154\n\tResource Attributes:\t\n\nProcess Information:\n\tProcess ID:\t\t0x538c\n\tProcess Name:\t\tC:\\Windows\\System32\\cmd.exe\n\nAccess Request Information:\n\tAccesses:\t\tWriteData (or AddFile)\n\t\t\t\t\n\tAccess Mask:\t\t0x2","version":1,"objectName":"\\Device\\HarddiskVolume6\\Secret\\secretFileA3.xls"}
{"logName":"Security","source":"Microsoft-Windows-Security-Auditing","@context":"http://sepses.ifs.tuwien.ac.at/contexts/wineventlog.jsonld","computerName":"DESKTOP-F650GTN","objectServer":"Security","@type":"http://purl.org/sepses/vocab/log/wineventlog#WindowsEventLogEntry","upCode":"Info","accessMask":"0x4","hasLogType":"wineventlog","timestamp":"2019-05-29T13:18:24.152Z","processName":"C:\\Windows\\System32\\cmd.exe","handleID":"0x154","@timestamp":"2019-05-29T13:18:24.152Z","eventID":4663,"level":"Information","taskCategory":"Removable Storage","originatesFrom":{"@type":"rdf:nodeID","@id":"http://example.org/sepses#5bb87220-002b-40c2-b137-7d5341795d18","hostName":"DESKTOP-F650GTN"},"objectType":"File","processID":"0x538c","@id":"http://example.org/logEntry#logEntry-a57fa93b-34b7-4140-9bcd-4535b71f3850","accountName":"KKurniawan","keyword":["Audit Success"],"accountDomain":"DESKTOP-F650GTN","logonID":"0xe138a","accesses":"%%4418\n\t\t\t\t","logMessage":"An attempt was made to access an object.\n\nSubject:\n\tSecurity ID:\t\tS-1-5-21-132051286-1762614582-3209893546-1001\n\tAccount Name:\t\tKKurniawan\n\tAccount Domain:\t\tDESKTOP-F650GTN\n\tLogon ID:\t\t0xE138A\n\nObject:\n\tObject Server:\t\tSecurity\n\tObject Type:\t\tFile\n\tObject Name:\t\t\\Device\\HarddiskVolume6\\Secret\\secretFileA3.xls\n\tHandle ID:\t\t0x154\n\tResource Attributes:\t\n\nProcess Information:\n\tProcess ID:\t\t0x538c\n\tProcess Name:\t\tC:\\Windows\\System32\\cmd.exe\n\nAccess Request Information:\n\tAccesses:\t\tAppendData (or AddSubdirectory or CreatePipeInstance)\n\t\t\t\t\n\tAccess Mask:\t\t0x4","version":1,"objectName":"\\Device\\HarddiskVolume6\\Secret\\secretFileA3.xls"}
{"logName":"Security","source":"Microsoft-Windows-Security-Auditing","@context":"http://sepses.ifs.tuwien.ac.at/contexts/wineventlog.jsonld","computerName":"DESKTOP-F650GTN","objectServer":"Security","@type":"http://purl.org/sepses/vocab/log/wineventlog#WindowsEventLogEntry","upCode":"Info","accessMask":"0x1","hasLogType":"wineventlog","timestamp":"2019-05-29T13:18:25.120Z","processName":"C:\\Windows\\explorer.exe","handleID":"0x1d74","@timestamp":"2019-05-29T13:18:25.120Z","eventID":4663,"level":"Information","taskCategory":"Removable Storage","originatesFrom":{"@type":"rdf:nodeID","@id":"http://example.org/sepses#dc9bdd5d-9a68-44c9-ba52-090125a1e362","hostName":"DESKTOP-F650GTN"},"objectType":"File","processID":"0x2be0","@id":"http://example.org/logEntry#logEntry-2f3dcfdb-5e68-4a72-9107-cf23569a37fe","accountName":"KKurniawan","keyword":["Audit Success"],"accountDomain":"DESKTOP-F650GTN","logonID":"0xe138a","accesses":"%%4416\n\t\t\t\t","logMessage":"An attempt was made to access an object.\n\nSubject:\n\tSecurity ID:\t\tS-1-5-21-132051286-1762614582-3209893546-1001\n\tAccount Name:\t\tKKurniawan\n\tAccount Domain:\t\tDESKTOP-F650GTN\n\tLogon ID:\t\t0xE138A\n\nObject:\n\tObject Server:\t\tSecurity\n\tObject Type:\t\tFile\n\tObject Name:\t\t\\Device\\HarddiskVolume6\\Secret\n\tHandle ID:\t\t0x1d74\n\tResource Attributes:\t\n\nProcess Information:\n\tProcess ID:\t\t0x2be0\n\tProcess Name:\t\tC:\\Windows\\explorer.exe\n\nAccess Request Information:\n\tAccesses:\t\tReadData (or ListDirectory)\n\t\t\t\t\n\tAccess Mask:\t\t0x1","version":1,"objectName":"\\Device\\HarddiskVolume6\\Secret"}
{"logName":"Security","source":"Microsoft-Windows-Security-Auditing","@context":"http://sepses.ifs.tuwien.ac.at/contexts/wineventlog.jsonld","computerName":"DESKTOP-F650GTN","objectServer":"Security","@type":"http://purl.org/sepses/vocab/log/wineventlog#WindowsEventLogEntry","upCode":"Info","accessMask":"0x1","hasLogType":"wineventlog","timestamp":"2019-05-29T13:18:25.122Z","processName":"C:\\Windows\\explorer.exe","handleID":"0x1d74","@timestamp":"2019-05-29T13:18:25.122Z","eventID":4663,"level":"Information","taskCategory":"Removable Storage","originatesFrom":{"@type":"rdf:nodeID","@id":"http://example.org/sepses#5382e251-19d0-440d-87d9-521ada0200ff","hostName":"DESKTOP-F650GTN"},"objectType":"File","processID":"0x2be0","@id":"http://example.org/logEntry#logEntry-24fb5952-00ad-4bda-afed-ecae2f4d0097","accountName":"KKurniawan","keyword":["Audit Success"],"accountDomain":"DESKTOP-F650GTN","logonID":"0xe138a","accesses":"%%4416\n\t\t\t\t","logMessage":"An attempt was made to access an object.\n\nSubject:\n\tSecurity ID:\t\tS-1-5-21-132051286-1762614582-3209893546-1001\n\tAccount Name:\t\tKKurniawan\n\tAccount Domain:\t\tDESKTOP-F650GTN\n\tLogon ID:\t\t0xE138A\n\nObject:\n\tObject Server:\t\tSecurity\n\tObject Type:\t\tFile\n\tObject Name:\t\t\\Device\\HarddiskVolume6\\Secret\n\tHandle ID:\t\t0x1d74\n\tResource Attributes:\t\n\nProcess Information:\n\tProcess ID:\t\t0x2be0\n\tProcess Name:\t\tC:\\Windows\\explorer.exe\n\nAccess Request Information:\n\tAccesses:\t\tReadData (or ListDirectory)\n\t\t\t\t\n\tAccess Mask:\t\t0x1","version":1,"objectName":"\\Device\\HarddiskVolume6\\Secret"}
{"logName":"Security","source":"Microsoft-Windows-Security-Auditing","@context":"http://sepses.ifs.tuwien.ac.at/contexts/wineventlog.jsonld","computerName":"DESKTOP-F650GTN","objectServer":"Security","@type":"http://purl.org/sepses/vocab/log/wineventlog#WindowsEventLogEntry","upCode":"Info","resourceAttributes":"S:AI","accessMask":"0x80","hasLogType":"wineventlog","timestamp":"2019-05-29T13:18:27.166Z","processName":"C:\\Windows\\System32\\cmd.exe","handleID":"0x15c","@timestamp":"2019-05-29T13:18:27.166Z","eventID":4663,"level":"Information","taskCategory":"File System","originatesFrom":{"@type":"rdf:nodeID","@id":"http://example.org/sepses#d7a070c4-b1e7-4404-876c-423f0fbc83fb","hostName":"DESKTOP-F650GTN"},"objectType":"File","processID":"0x538c","@id":"http://example.org/logEntry#logEntry-411b51c8-7fe7-451b-88ba-93cb99e54fa6","accountName":"KKurniawan","keyword":["Audit Success"],"accountDomain":"DESKTOP-F650GTN","logonID":"0xe138a","accesses":"%%4423\n\t\t\t\t","logMessage":"An attempt was made to access an object.\n\nSubject:\n\tSecurity ID:\t\tS-1-5-21-132051286-1762614582-3209893546-1001\n\tAccount Name:\t\tKKurniawan\n\tAccount Domain:\t\tDESKTOP-F650GTN\n\tLogon ID:\t\t0xE138A\n\nObject:\n\tObject Server:\t\tSecurity\n\tObject Type:\t\tFile\n\tObject Name:\t\tC:\\Users\\KKurniawan\\userDocuments\\SecretA\\secretFileA4.txt\n\tHandle ID:\t\t0x15c\n\tResource Attributes:\tS:AI\n\nProcess Information:\n\tProcess ID:\t\t0x538c\n\tProcess Name:\t\tC:\\Windows\\System32\\cmd.exe\n\nAccess Request Information:\n\tAccesses:\t\tReadAttributes\n\t\t\t\t\n\tAccess Mask:\t\t0x80","version":1,"objectName":"C:\\Users\\KKurniawan\\userDocuments\\SecretA\\secretFileA4.txt"}
{"logName":"Security","source":"Microsoft-Windows-Security-Auditing","@context":"http://sepses.ifs.tuwien.ac.at/contexts/wineventlog.jsonld","computerName":"DESKTOP-F650GTN","objectServer":"Security","@type":"http://purl.org/sepses/vocab/log/wineventlog#WindowsEventLogEntry","upCode":"Info","accessMask":"0x2","hasLogType":"wineventlog","timestamp":"2019-05-29T13:18:27.199Z","processName":"C:\\Windows\\System32\\cmd.exe","handleID":"0x140","@timestamp":"2019-05-29T13:18:27.199Z","eventID":4663,"level":"Information","taskCategory":"Removable Storage","originatesFrom":{"@type":"rdf:nodeID","@id":"http://example.org/sepses#1312d113-017e-46de-b9b5-ed961d726873","hostName":"DESKTOP-F650GTN"},"objectType":"File","processID":"0x538c","@id":"http://example.org/logEntry#logEntry-6f11113c-160b-4695-b1e5-ab0fef0598e6","accountName":"KKurniawan","keyword":["Audit Success"],"accountDomain":"DESKTOP-F650GTN","logonID":"0xe138a","accesses":"%%4417\n\t\t\t\t","logMessage":"An attempt was made to access an object.\n\nSubject:\n\tSecurity ID:\t\tS-1-5-21-132051286-1762614582-3209893546-1001\n\tAccount Name:\t\tKKurniawan\n\tAccount Domain:\t\tDESKTOP-F650GTN\n\tLogon ID:\t\t0xE138A\n\nObject:\n\tObject Server:\t\tSecurity\n\tObject Type:\t\tFile\n\tObject Name:\t\t\\Device\\HarddiskVolume6\\Secret\\secretFileA4.txt\n\tHandle ID:\t\t0x140\n\tResource Attributes:\t\n\nProcess Information:\n\tProcess ID:\t\t0x538c\n\tProcess Name:\t\tC:\\Windows\\System32\\cmd.exe\n\nAccess Request Information:\n\tAccesses:\t\tWriteData (or AddFile)\n\t\t\t\t\n\tAccess Mask:\t\t0x2","version":1,"objectName":"\\Device\\HarddiskVolume6\\Secret\\secretFileA4.txt"}
{"logName":"Security","source":"Microsoft-Windows-Security-Auditing","@context":"http://sepses.ifs.tuwien.ac.at/contexts/wineventlog.jsonld","computerName":"DESKTOP-F650GTN","objectServer":"Security","@type":"http://purl.org/sepses/vocab/log/wineventlog#WindowsEventLogEntry","upCode":"Info","accessMask":"0x4","hasLogType":"wineventlog","timestamp":"2019-05-29T13:18:27.211Z","processName":"C:\\Windows\\System32\\cmd.exe","handleID":"0x140","@timestamp":"2019-05-29T13:18:27.211Z","eventID":4663,"level":"Information","taskCategory":"Removable Storage","originatesFrom":{"@type":"rdf:nodeID","@id":"http://example.org/sepses#536a96de-8e92-4d6c-867b-694f65e9bf49","hostName":"DESKTOP-F650GTN"},"objectType":"File","processID":"0x538c","@id":"http://example.org/logEntry#logEntry-35d8e8d6-c3d0-43ee-990d-071ffa3d20ea","accountName":"KKurniawan","keyword":["Audit Success"],"accountDomain":"DESKTOP-F650GTN","logonID":"0xe138a","accesses":"%%4418\n\t\t\t\t","logMessage":"An attempt was made to access an object.\n\nSubject:\n\tSecurity ID:\t\tS-1-5-21-132051286-1762614582-3209893546-1001\n\tAccount Name:\t\tKKurniawan\n\tAccount Domain:\t\tDESKTOP-F650GTN\n\tLogon ID:\t\t0xE138A\n\nObject:\n\tObject Server:\t\tSecurity\n\tObject Type:\t\tFile\n\tObject Name:\t\t\\Device\\HarddiskVolume6\\Secret\\secretFileA4.txt\n\tHandle ID:\t\t0x140\n\tResource Attributes:\t\n\nProcess Information:\n\tProcess ID:\t\t0x538c\n\tProcess Name:\t\tC:\\Windows\\System32\\cmd.exe\n\nAccess Request Information:\n\tAccesses:\t\tAppendData (or AddSubdirectory or CreatePipeInstance)\n\t\t\t\t\n\tAccess Mask:\t\t0x4","version":1,"objectName":"\\Device\\HarddiskVolume6\\Secret\\secretFileA4.txt"}
{"logName":"Security","source":"Microsoft-Windows-Security-Auditing","@context":"http://sepses.ifs.tuwien.ac.at/contexts/wineventlog.jsonld","computerName":"DESKTOP-F650GTN","objectServer":"Security","@type":"http://purl.org/sepses/vocab/log/wineventlog#WindowsEventLogEntry","upCode":"Info","accessMask":"0x1","hasLogType":"wineventlog","timestamp":"2019-05-29T13:18:28.183Z","processName":"C:\\Windows\\explorer.exe","handleID":"0x1c58","@timestamp":"2019-05-29T13:18:28.183Z","eventID":4663,"level":"Information","taskCategory":"Removable Storage","originatesFrom":{"@type":"rdf:nodeID","@id":"http://example.org/sepses#d0872ae8-468b-429b-9915-8eda04428371","hostName":"DESKTOP-F650GTN"},"objectType":"File","processID":"0x2be0","@id":"http://example.org/logEntry#logEntry-201a6d63-6df9-404a-a63b-a789080b0a3a","accountName":"KKurniawan","keyword":["Audit Success"],"accountDomain":"DESKTOP-F650GTN","logonID":"0xe138a","accesses":"%%4416\n\t\t\t\t","logMessage":"An attempt was made to access an object.\n\nSubject:\n\tSecurity ID:\t\tS-1-5-21-132051286-1762614582-3209893546-1001\n\tAccount Name:\t\tKKurniawan\n\tAccount Domain:\t\tDESKTOP-F650GTN\n\tLogon ID:\t\t0xE138A\n\nObject:\n\tObject Server:\t\tSecurity\n\tObject Type:\t\tFile\n\tObject Name:\t\t\\Device\\HarddiskVolume6\\Secret\n\tHandle ID:\t\t0x1c58\n\tResource Attributes:\t\n\nProcess Information:\n\tProcess ID:\t\t0x2be0\n\tProcess Name:\t\tC:\\Windows\\explorer.exe\n\nAccess Request Information:\n\tAccesses:\t\tReadData (or ListDirectory)\n\t\t\t\t\n\tAccess Mask:\t\t0x1","version":1,"objectName":"\\Device\\HarddiskVolume6\\Secret"}
{"logName":"Security","source":"Microsoft-Windows-Security-Auditing","@context":"http://sepses.ifs.tuwien.ac.at/contexts/wineventlog.jsonld","computerName":"DESKTOP-F650GTN","objectServer":"Security","@type":"http://purl.org/sepses/vocab/log/wineventlog#WindowsEventLogEntry","upCode":"Info","accessMask":"0x1","hasLogType":"wineventlog","timestamp":"2019-05-29T13:18:28.188Z","processName":"C:\\Windows\\explorer.exe","handleID":"0xc20","@timestamp":"2019-05-29T13:18:28.188Z","eventID":4663,"level":"Information","taskCategory":"Removable Storage","originatesFrom":{"@type":"rdf:nodeID","@id":"http://example.org/sepses#eec0249e-7dfb-4553-8867-45e4e2883f59","hostName":"DESKTOP-F650GTN"},"objectType":"File","processID":"0x2be0","@id":"http://example.org/logEntry#logEntry-9ed11be1-b06d-4f5b-8b03-efae8e63c980","accountName":"KKurniawan","keyword":["Audit Success"],"accountDomain":"DESKTOP-F650GTN","logonID":"0xe138a","accesses":"%%4416\n\t\t\t\t","logMessage":"An attempt was made to access an object.\n\nSubject:\n\tSecurity ID:\t\tS-1-5-21-132051286-1762614582-3209893546-1001\n\tAccount Name:\t\tKKurniawan\n\tAccount Domain:\t\tDESKTOP-F650GTN\n\tLogon ID:\t\t0xE138A\n\nObject:\n\tObject Server:\t\tSecurity\n\tObject Type:\t\tFile\n\tObject Name:\t\t\\Device\\HarddiskVolume6\\Secret\n\tHandle ID:\t\t0xc20\n\tResource Attributes:\t\n\nProcess Information:\n\tProcess ID:\t\t0x2be0\n\tProcess Name:\t\tC:\\Windows\\explorer.exe\n\nAccess Request Information:\n\tAccesses:\t\tReadData (or ListDirectory)\n\t\t\t\t\n\tAccess Mask:\t\t0x1","version":1,"objectName":"\\Device\\HarddiskVolume6\\Secret"}
{"logName":"Security","source":"Microsoft-Windows-Security-Auditing","@context":"http://sepses.ifs.tuwien.ac.at/contexts/wineventlog.jsonld","computerName":"DESKTOP-F650GTN","objectServer":"Security","@type":"http://purl.org/sepses/vocab/log/wineventlog#WindowsEventLogEntry","upCode":"Info","accessMask":"0x2","hasLogType":"wineventlog","timestamp":"2019-05-29T13:18:35.174Z","processName":"C:\\Windows\\System32\\cmd.exe","handleID":"0x164","@timestamp":"2019-05-29T13:18:35.174Z","eventID":4663,"level":"Information","taskCategory":"Removable Storage","originatesFrom":{"@type":"rdf:nodeID","@id":"http://example.org/sepses#3c6408be-8940-4bcc-8efa-ec47bc5643a6","hostName":"DESKTOP-F650GTN"},"objectType":"File","processID":"0x538c","@id":"http://example.org/logEntry#logEntry-f4873d2f-3e17-4a36-848f-98560452c8ae","accountName":"KKurniawan","keyword":["Audit Success"],"accountDomain":"DESKTOP-F650GTN","logonID":"0xe138a","accesses":"%%4417\n\t\t\t\t","logMessage":"An attempt was made to access an object.\n\nSubject:\n\tSecurity ID:\t\tS-1-5-21-132051286-1762614582-3209893546-1001\n\tAccount Name:\t\tKKurniawan\n\tAccount Domain:\t\tDESKTOP-F650GTN\n\tLogon ID:\t\t0xE138A\n\nObject:\n\tObject Server:\t\tSecurity\n\tObject Type:\t\tFile\n\tObject Name:\t\t\\Device\\HarddiskVolume6\\Secret\\secretFileB1_copy.doc\n\tHandle ID:\t\t0x164\n\tResource Attributes:\t\n\nProcess Information:\n\tProcess ID:\t\t0x538c\n\tProcess Name:\t\tC:\\Windows\\System32\\cmd.exe\n\nAccess Request Information:\n\tAccesses:\t\tWriteData (or AddFile)\n\t\t\t\t\n\tAccess Mask:\t\t0x2","version":1,"objectName":"\\Device\\HarddiskVolume6\\Secret\\secretFileB1_copy.doc"}
{"logName":"Security","source":"Microsoft-Windows-Security-Auditing","@context":"http://sepses.ifs.tuwien.ac.at/contexts/wineventlog.jsonld","computerName":"DESKTOP-F650GTN","objectServer":"Security","@type":"http://purl.org/sepses/vocab/log/wineventlog#WindowsEventLogEntry","upCode":"Info","accessMask":"0x4","hasLogType":"wineventlog","timestamp":"2019-05-29T13:18:35.192Z","processName":"C:\\Windows\\System32\\cmd.exe","handleID":"0x164","@timestamp":"2019-05-29T13:18:35.192Z","eventID":4663,"level":"Information","taskCategory":"Removable Storage","originatesFrom":{"@type":"rdf:nodeID","@id":"http://example.org/sepses#f6af3e91-c9e7-4bb4-9033-a5875e3d3687","hostName":"DESKTOP-F650GTN"},"objectType":"File","processID":"0x538c","@id":"http://example.org/logEntry#logEntry-475113b8-05fd-412b-b2c2-ad6eeb7f7e58","accountName":"KKurniawan","keyword":["Audit Success"],"accountDomain":"DESKTOP-F650GTN","logonID":"0xe138a","accesses":"%%4418\n\t\t\t\t","logMessage":"An attempt was made to access an object.\n\nSubject:\n\tSecurity ID:\t\tS-1-5-21-132051286-1762614582-3209893546-1001\n\tAccount Name:\t\tKKurniawan\n\tAccount Domain:\t\tDESKTOP-F650GTN\n\tLogon ID:\t\t0xE138A\n\nObject:\n\tObject Server:\t\tSecurity\n\tObject Type:\t\tFile\n\tObject Name:\t\t\\Device\\HarddiskVolume6\\Secret\\secretFileB1_copy.doc\n\tHandle ID:\t\t0x164\n\tResource Attributes:\t\n\nProcess Information:\n\tProcess ID:\t\t0x538c\n\tProcess Name:\t\tC:\\Windows\\System32\\cmd.exe\n\nAccess Request Information:\n\tAccesses:\t\tAppendData (or AddSubdirectory or CreatePipeInstance)\n\t\t\t\t\n\tAccess Mask:\t\t0x4","version":1,"objectName":"\\Device\\HarddiskVolume6\\Secret\\secretFileB1_copy.doc"}
{"logName":"Security","source":"Microsoft-Windows-Security-Auditing","@context":"http://sepses.ifs.tuwien.ac.at/contexts/wineventlog.jsonld","computerName":"DESKTOP-F650GTN","objectServer":"Security","@type":"http://purl.org/sepses/vocab/log/wineventlog#WindowsEventLogEntry","upCode":"Info","resourceAttributes":"S:AI","accessMask":"0x80","hasLogType":"wineventlog","timestamp":"2019-05-29T13:18:35.192Z","processName":"C:\\Windows\\System32\\cmd.exe","handleID":"0x16c","@timestamp":"2019-05-29T13:18:35.192Z","eventID":4663,"level":"Information","taskCategory":"File System","originatesFrom":{"@type":"rdf:nodeID","@id":"http://example.org/sepses#63989414-cac7-4d27-a68f-3ce207ccf164","hostName":"DESKTOP-F650GTN"},"objectType":"File","processID":"0x538c","@id":"http://example.org/logEntry#logEntry-5164675c-4989-4cbc-b337-a952dbfe6e30","accountName":"KKurniawan","keyword":["Audit Success"],"accountDomain":"DESKTOP-F650GTN","logonID":"0xe138a","accesses":"%%4423\n\t\t\t\t","logMessage":"An attempt was made to access an object.\n\nSubject:\n\tSecurity ID:\t\tS-1-5-21-132051286-1762614582-3209893546-1001\n\tAccount Name:\t\tKKurniawan\n\tAccount Domain:\t\tDESKTOP-F650GTN\n\tLogon ID:\t\t0xE138A\n\nObject:\n\tObject Server:\t\tSecurity\n\tObject Type:\t\tFile\n\tObject Name:\t\tC:\\Users\\KKurniawan\\Dropbox\\Secret\\secretFileB1_copy.doc:com.dropbox.attrs\n\tHandle ID:\t\t0x16c\n\tResource Attributes:\tS:AI\n\nProcess Information:\n\tProcess ID:\t\t0x538c\n\tProcess Name:\t\tC:\\Windows\\System32\\cmd.exe\n\nAccess Request Information:\n\tAccesses:\t\tReadAttributes\n\t\t\t\t\n\tAccess Mask:\t\t0x80","version":1,"objectName":"C:\\Users\\KKurniawan\\Dropbox\\Secret\\secretFileB1_copy.doc:com.dropbox.attrs"}
{"logName":"Security","source":"Microsoft-Windows-Security-Auditing","@context":"http://sepses.ifs.tuwien.ac.at/contexts/wineventlog.jsonld","computerName":"DESKTOP-F650GTN","objectServer":"Security","@type":"http://purl.org/sepses/vocab/log/wineventlog#WindowsEventLogEntry","upCode":"Info","resourceAttributes":"S:AI","accessMask":"0x80","hasLogType":"wineventlog","timestamp":"2019-05-29T13:18:35.158Z","processName":"C:\\Windows\\System32\\cmd.exe","handleID":"0x168","@timestamp":"2019-05-29T13:18:35.158Z","eventID":4663,"level":"Information","taskCategory":"File System","originatesFrom":{"@type":"rdf:nodeID","@id":"http://example.org/sepses#c116d174-d4e4-4c1d-ab0b-456822d34d5a","hostName":"DESKTOP-F650GTN"},"objectType":"File","processID":"0x538c","@id":"http://example.org/logEntry#logEntry-9f8dac95-6182-4d4e-84a6-75b9ffd38ee1","accountName":"KKurniawan","keyword":["Audit Success"],"accountDomain":"DESKTOP-F650GTN","logonID":"0xe138a","accesses":"%%4423\n\t\t\t\t","logMessage":"An attempt was made to access an object.\n\nSubject:\n\tSecurity ID:\t\tS-1-5-21-132051286-1762614582-3209893546-1001\n\tAccount Name:\t\tKKurniawan\n\tAccount Domain:\t\tDESKTOP-F650GTN\n\tLogon ID:\t\t0xE138A\n\nObject:\n\tObject Server:\t\tSecurity\n\tObject Type:\t\tFile\n\tObject Name:\t\tC:\\Users\\KKurniawan\\Dropbox\\Secret\\secretFileB1_copy.doc\n\tHandle ID:\t\t0x168\n\tResource Attributes:\tS:AI\n\nProcess Information:\n\tProcess ID:\t\t0x538c\n\tProcess Name:\t\tC:\\Windows\\System32\\cmd.exe\n\nAccess Request Information:\n\tAccesses:\t\tReadAttributes\n\t\t\t\t\n\tAccess Mask:\t\t0x80","version":1,"objectName":"C:\\Users\\KKurniawan\\Dropbox\\Secret\\secretFileB1_copy.doc"}
{"logName":"Security","source":"Microsoft-Windows-Security-Auditing","@context":"http://sepses.ifs.tuwien.ac.at/contexts/wineventlog.jsonld","computerName":"DESKTOP-F650GTN","objectServer":"Security","@type":"http://purl.org/sepses/vocab/log/wineventlog#WindowsEventLogEntry","upCode":"Info","accessMask":"0x1","hasLogType":"wineventlog","timestamp":"2019-05-29T13:18:36.153Z","processName":"C:\\Windows\\explorer.exe","handleID":"0x25d0","@timestamp":"2019-05-29T13:18:36.153Z","eventID":4663,"level":"Information","taskCategory":"Removable Storage","originatesFrom":{"@type":"rdf:nodeID","@id":"http://example.org/sepses#8d7d722c-362f-4c27-8d2c-3fd1cce834a3","hostName":"DESKTOP-F650GTN"},"objectType":"File","processID":"0x2be0","@id":"http://example.org/logEntry#logEntry-13666f1e-5c23-4e5f-ab5b-7a4150c65fa6","accountName":"KKurniawan","keyword":["Audit Success"],"accountDomain":"DESKTOP-F650GTN","logonID":"0xe138a","accesses":"%%4416\n\t\t\t\t","logMessage":"An attempt was made to access an object.\n\nSubject:\n\tSecurity ID:\t\tS-1-5-21-132051286-1762614582-3209893546-1001\n\tAccount Name:\t\tKKurniawan\n\tAccount Domain:\t\tDESKTOP-F650GTN\n\tLogon ID:\t\t0xE138A\n\nObject:\n\tObject Server:\t\tSecurity\n\tObject Type:\t\tFile\n\tObject Name:\t\t\\Device\\HarddiskVolume6\\Secret\n\tHandle ID:\t\t0x25d0\n\tResource Attributes:\t\n\nProcess Information:\n\tProcess ID:\t\t0x2be0\n\tProcess Name:\t\tC:\\Windows\\explorer.exe\n\nAccess Request Information:\n\tAccesses:\t\tReadData (or ListDirectory)\n\t\t\t\t\n\tAccess Mask:\t\t0x1","version":1,"objectName":"\\Device\\HarddiskVolume6\\Secret"}
{"logName":"Security","source":"Microsoft-Windows-Security-Auditing","@context":"http://sepses.ifs.tuwien.ac.at/contexts/wineventlog.jsonld","computerName":"DESKTOP-F650GTN","objectServer":"Security","@type":"http://purl.org/sepses/vocab/log/wineventlog#WindowsEventLogEntry","upCode":"Info","accessMask":"0x1","hasLogType":"wineventlog","timestamp":"2019-05-29T13:18:36.155Z","processName":"C:\\Windows\\explorer.exe","handleID":"0x25d0","@timestamp":"2019-05-29T13:18:36.155Z","eventID":4663,"level":"Information","taskCategory":"Removable Storage","originatesFrom":{"@type":"rdf:nodeID","@id":"http://example.org/sepses#87b67afb-d91e-49ba-85ba-fbd2ddda6879","hostName":"DESKTOP-F650GTN"},"objectType":"File","processID":"0x2be0","@id":"http://example.org/logEntry#logEntry-7dd45d79-2184-48f3-87d1-f5a45798d4a4","accountName":"KKurniawan","keyword":["Audit Success"],"accountDomain":"DESKTOP-F650GTN","logonID":"0xe138a","accesses":"%%4416\n\t\t\t\t","logMessage":"An attempt was made to access an object.\n\nSubject:\n\tSecurity ID:\t\tS-1-5-21-132051286-1762614582-3209893546-1001\n\tAccount Name:\t\tKKurniawan\n\tAccount Domain:\t\tDESKTOP-F650GTN\n\tLogon ID:\t\t0xE138A\n\nObject:\n\tObject Server:\t\tSecurity\n\tObject Type:\t\tFile\n\tObject Name:\t\t\\Device\\HarddiskVolume6\\Secret\n\tHandle ID:\t\t0x25d0\n\tResource Attributes:\t\n\nProcess Information:\n\tProcess ID:\t\t0x2be0\n\tProcess Name:\t\tC:\\Windows\\explorer.exe\n\nAccess Request Information:\n\tAccesses:\t\tReadData (or ListDirectory)\n\t\t\t\t\n\tAccess Mask:\t\t0x1","version":1,"objectName":"\\Device\\HarddiskVolume6\\Secret"}
{"logName":"Security","source":"Microsoft-Windows-Security-Auditing","@context":"http://sepses.ifs.tuwien.ac.at/contexts/wineventlog.jsonld","computerName":"DESKTOP-F650GTN","objectServer":"Security","@type":"http://purl.org/sepses/vocab/log/wineventlog#WindowsEventLogEntry","upCode":"Info","accessMask":"0x2","hasLogType":"wineventlog","timestamp":"2019-05-29T13:18:38.224Z","processName":"C:\\Windows\\System32\\cmd.exe","handleID":"0x16c","@timestamp":"2019-05-29T13:18:38.224Z","eventID":4663,"level":"Information","taskCategory":"Removable Storage","originatesFrom":{"@type":"rdf:nodeID","@id":"http://example.org/sepses#7456e76b-24e2-491a-b3ee-521df6eefc34","hostName":"DESKTOP-F650GTN"},"objectType":"File","processID":"0x538c","@id":"http://example.org/logEntry#logEntry-4a7151a2-806a-4bd2-b29b-e1d0aaf2f874","accountName":"KKurniawan","keyword":["Audit Success"],"accountDomain":"DESKTOP-F650GTN","logonID":"0xe138a","accesses":"%%4417\n\t\t\t\t","logMessage":"An attempt was made to access an object.\n\nSubject:\n\tSecurity ID:\t\tS-1-5-21-132051286-1762614582-3209893546-1001\n\tAccount Name:\t\tKKurniawan\n\tAccount Domain:\t\tDESKTOP-F650GTN\n\tLogon ID:\t\t0xE138A\n\nObject:\n\tObject Server:\t\tSecurity\n\tObject Type:\t\tFile\n\tObject Name:\t\t\\Device\\HarddiskVolume6\\Secret\\secretFileB2_copy.rtf\n\tHandle ID:\t\t0x16c\n\tResource Attributes:\t\n\nProcess Information:\n\tProcess ID:\t\t0x538c\n\tProcess Name:\t\tC:\\Windows\\System32\\cmd.exe\n\nAccess Request Information:\n\tAccesses:\t\tWriteData (or AddFile)\n\t\t\t\t\n\tAccess Mask:\t\t0x2","version":1,"objectName":"\\Device\\HarddiskVolume6\\Secret\\secretFileB2_copy.rtf"}
{"logName":"Security","source":"Microsoft-Windows-Security-Auditing","@context":"http://sepses.ifs.tuwien.ac.at/contexts/wineventlog.jsonld","computerName":"DESKTOP-F650GTN","objectServer":"Security","@type":"http://purl.org/sepses/vocab/log/wineventlog#WindowsEventLogEntry","upCode":"Info","accessMask":"0x4","hasLogType":"wineventlog","timestamp":"2019-05-29T13:18:38.242Z","processName":"C:\\Windows\\System32\\cmd.exe","handleID":"0x16c","@timestamp":"2019-05-29T13:18:38.242Z","eventID":4663,"level":"Information","taskCategory":"Removable Storage","originatesFrom":{"@type":"rdf:nodeID","@id":"http://example.org/sepses#e3e01152-24ac-4493-845f-dd99c5253f88","hostName":"DESKTOP-F650GTN"},"objectType":"File","processID":"0x538c","@id":"http://example.org/logEntry#logEntry-05cd0f94-f743-4aca-aeeb-14de749eed14","accountName":"KKurniawan","keyword":["Audit Success"],"accountDomain":"DESKTOP-F650GTN","logonID":"0xe138a","accesses":"%%4418\n\t\t\t\t","logMessage":"An attempt was made to access an object.\n\nSubject:\n\tSecurity ID:\t\tS-1-5-21-132051286-1762614582-3209893546-1001\n\tAccount Name:\t\tKKurniawan\n\tAccount Domain:\t\tDESKTOP-F650GTN\n\tLogon ID:\t\t0xE138A\n\nObject:\n\tObject Server:\t\tSecurity\n\tObject Type:\t\tFile\n\tObject Name:\t\t\\Device\\HarddiskVolume6\\Secret\\secretFileB2_copy.rtf\n\tHandle ID:\t\t0x16c\n\tResource Attributes:\t\n\nProcess Information:\n\tProcess ID:\t\t0x538c\n\tProcess Name:\t\tC:\\Windows\\System32\\cmd.exe\n\nAccess Request Information:\n\tAccesses:\t\tAppendData (or AddSubdirectory or CreatePipeInstance)\n\t\t\t\t\n\tAccess Mask:\t\t0x4","version":1,"objectName":"\\Device\\HarddiskVolume6\\Secret\\secretFileB2_copy.rtf"}
{"logName":"Security","source":"Microsoft-Windows-Security-Auditing","@context":"http://sepses.ifs.tuwien.ac.at/contexts/wineventlog.jsonld","computerName":"DESKTOP-F650GTN","objectServer":"Security","@type":"http://purl.org/sepses/vocab/log/wineventlog#WindowsEventLogEntry","upCode":"Info","resourceAttributes":"S:AI","accessMask":"0x80","hasLogType":"wineventlog","timestamp":"2019-05-29T13:18:38.242Z","processName":"C:\\Windows\\System32\\cmd.exe","handleID":"0x164","@timestamp":"2019-05-29T13:18:38.242Z","eventID":4663,"level":"Information","taskCategory":"File System","originatesFrom":{"@type":"rdf:nodeID","@id":"http://example.org/sepses#d93087b0-b99a-491f-9f47-a4e2c3416e35","hostName":"DESKTOP-F650GTN"},"objectType":"File","processID":"0x538c","@id":"http://example.org/logEntry#logEntry-b4578dc7-3783-4b77-b79b-a33137ac2263","accountName":"KKurniawan","keyword":["Audit Success"],"accountDomain":"DESKTOP-F650GTN","logonID":"0xe138a","accesses":"%%4423\n\t\t\t\t","logMessage":"An attempt was made to access an object.\n\nSubject:\n\tSecurity ID:\t\tS-1-5-21-132051286-1762614582-3209893546-1001\n\tAccount Name:\t\tKKurniawan\n\tAccount Domain:\t\tDESKTOP-F650GTN\n\tLogon ID:\t\t0xE138A\n\nObject:\n\tObject Server:\t\tSecurity\n\tObject Type:\t\tFile\n\tObject Name:\t\tC:\\Users\\KKurniawan\\Dropbox\\Secret\\secretFileB2_copy.rtf:com.dropbox.attrs\n\tHandle ID:\t\t0x164\n\tResource Attributes:\tS:AI\n\nProcess Information:\n\tProcess ID:\t\t0x538c\n\tProcess Name:\t\tC:\\Windows\\System32\\cmd.exe\n\nAccess Request Information:\n\tAccesses:\t\tReadAttributes\n\t\t\t\t\n\tAccess Mask:\t\t0x80","version":1,"objectName":"C:\\Users\\KKurniawan\\Dropbox\\Secret\\secretFileB2_copy.rtf:com.dropbox.attrs"}
{"logName":"Security","source":"Microsoft-Windows-Security-Auditing","@context":"http://sepses.ifs.tuwien.ac.at/contexts/wineventlog.jsonld","computerName":"DESKTOP-F650GTN","objectServer":"Security","@type":"http://purl.org/sepses/vocab/log/wineventlog#WindowsEventLogEntry","upCode":"Info","resourceAttributes":"S:AI","accessMask":"0x80","hasLogType":"wineventlog","timestamp":"2019-05-29T13:18:38.209Z","processName":"C:\\Windows\\System32\\cmd.exe","handleID":"0x168","@timestamp":"2019-05-29T13:18:38.209Z","eventID":4663,"level":"Information","taskCategory":"File System","originatesFrom":{"@type":"rdf:nodeID","@id":"http://example.org/sepses#8cc1db5a-23ab-4f41-be3f-8ecf606c471e","hostName":"DESKTOP-F650GTN"},"objectType":"File","processID":"0x538c","@id":"http://example.org/logEntry#logEntry-5dcfacc8-598a-4582-87c4-9e118ba74541","accountName":"KKurniawan","keyword":["Audit Success"],"accountDomain":"DESKTOP-F650GTN","logonID":"0xe138a","accesses":"%%4423\n\t\t\t\t","logMessage":"An attempt was made to access an object.\n\nSubject:\n\tSecurity ID:\t\tS-1-5-21-132051286-1762614582-3209893546-1001\n\tAccount Name:\t\tKKurniawan\n\tAccount Domain:\t\tDESKTOP-F650GTN\n\tLogon ID:\t\t0xE138A\n\nObject:\n\tObject Server:\t\tSecurity\n\tObject Type:\t\tFile\n\tObject Name:\t\tC:\\Users\\KKurniawan\\Dropbox\\Secret\\secretFileB2_copy.rtf\n\tHandle ID:\t\t0x168\n\tResource Attributes:\tS:AI\n\nProcess Information:\n\tProcess ID:\t\t0x538c\n\tProcess Name:\t\tC:\\Windows\\System32\\cmd.exe\n\nAccess Request Information:\n\tAccesses:\t\tReadAttributes\n\t\t\t\t\n\tAccess Mask:\t\t0x80","version":1,"objectName":"C:\\Users\\KKurniawan\\Dropbox\\Secret\\secretFileB2_copy.rtf"}
{"logName":"Security","source":"Microsoft-Windows-Security-Auditing","@context":"http://sepses.ifs.tuwien.ac.at/contexts/wineventlog.jsonld","computerName":"DESKTOP-F650GTN","objectServer":"Security","@type":"http://purl.org/sepses/vocab/log/wineventlog#WindowsEventLogEntry","upCode":"Info","accessMask":"0x1","hasLogType":"wineventlog","timestamp":"2019-05-29T13:18:39.219Z","processName":"C:\\Windows\\explorer.exe","handleID":"0x1dd0","@timestamp":"2019-05-29T13:18:39.219Z","eventID":4663,"level":"Information","taskCategory":"Removable Storage","originatesFrom":{"@type":"rdf:nodeID","@id":"http://example.org/sepses#fd9f073e-084a-43a9-bd2a-e08bc4e123f7","hostName":"DESKTOP-F650GTN"},"objectType":"File","processID":"0x2be0","@id":"http://example.org/logEntry#logEntry-4b773aa2-2b2f-40e9-a877-f7bfac6c58bb","accountName":"KKurniawan","keyword":["Audit Success"],"accountDomain":"DESKTOP-F650GTN","logonID":"0xe138a","accesses":"%%4416\n\t\t\t\t","logMessage":"An attempt was made to access an object.\n\nSubject:\n\tSecurity ID:\t\tS-1-5-21-132051286-1762614582-3209893546-1001\n\tAccount Name:\t\tKKurniawan\n\tAccount Domain:\t\tDESKTOP-F650GTN\n\tLogon ID:\t\t0xE138A\n\nObject:\n\tObject Server:\t\tSecurity\n\tObject Type:\t\tFile\n\tObject Name:\t\t\\Device\\HarddiskVolume6\\Secret\n\tHandle ID:\t\t0x1dd0\n\tResource Attributes:\t\n\nProcess Information:\n\tProcess ID:\t\t0x2be0\n\tProcess Name:\t\tC:\\Windows\\explorer.exe\n\nAccess Request Information:\n\tAccesses:\t\tReadData (or ListDirectory)\n\t\t\t\t\n\tAccess Mask:\t\t0x1","version":1,"objectName":"\\Device\\HarddiskVolume6\\Secret"}
{"logName":"Security","source":"Microsoft-Windows-Security-Auditing","@context":"http://sepses.ifs.tuwien.ac.at/contexts/wineventlog.jsonld","computerName":"DESKTOP-F650GTN","objectServer":"Security","@type":"http://purl.org/sepses/vocab/log/wineventlog#WindowsEventLogEntry","upCode":"Info","accessMask":"0x1","hasLogType":"wineventlog","timestamp":"2019-05-29T13:18:39.222Z","processName":"C:\\Windows\\explorer.exe","handleID":"0x1dd0","@timestamp":"2019-05-29T13:18:39.222Z","eventID":4663,"level":"Information","taskCategory":"Removable Storage","originatesFrom":{"@type":"rdf:nodeID","@id":"http://example.org/sepses#27cd775a-a5f8-46cf-a8f1-38ab1b44df09","hostName":"DESKTOP-F650GTN"},"objectType":"File","processID":"0x2be0","@id":"http://example.org/logEntry#logEntry-8bbc7691-da42-427d-886d-a109d517b177","accountName":"KKurniawan","keyword":["Audit Success"],"accountDomain":"DESKTOP-F650GTN","logonID":"0xe138a","accesses":"%%4416\n\t\t\t\t","logMessage":"An attempt was made to access an object.\n\nSubject:\n\tSecurity ID:\t\tS-1-5-21-132051286-1762614582-3209893546-1001\n\tAccount Name:\t\tKKurniawan\n\tAccount Domain:\t\tDESKTOP-F650GTN\n\tLogon ID:\t\t0xE138A\n\nObject:\n\tObject Server:\t\tSecurity\n\tObject Type:\t\tFile\n\tObject Name:\t\t\\Device\\HarddiskVolume6\\Secret\n\tHandle ID:\t\t0x1dd0\n\tResource Attributes:\t\n\nProcess Information:\n\tProcess ID:\t\t0x2be0\n\tProcess Name:\t\tC:\\Windows\\explorer.exe\n\nAccess Request Information:\n\tAccesses:\t\tReadData (or ListDirectory)\n\t\t\t\t\n\tAccess Mask:\t\t0x1","version":1,"objectName":"\\Device\\HarddiskVolume6\\Secret"}
{"logName":"Security","source":"Microsoft-Windows-Security-Auditing","@context":"http://sepses.ifs.tuwien.ac.at/contexts/wineventlog.jsonld","computerName":"DESKTOP-F650GTN","objectServer":"Security","@type":"http://purl.org/sepses/vocab/log/wineventlog#WindowsEventLogEntry","upCode":"Info","resourceAttributes":"S:AI","accessMask":"0x80","hasLogType":"wineventlog","timestamp":"2019-05-29T13:18:41.115Z","processName":"C:\\Windows\\System32\\cmd.exe","handleID":"0x178","@timestamp":"2019-05-29T13:18:41.115Z","eventID":4663,"level":"Information","taskCategory":"File System","originatesFrom":{"@type":"rdf:nodeID","@id":"http://example.org/sepses#006f4ae8-e757-4089-9666-9f7399e2d13c","hostName":"DESKTOP-F650GTN"},"objectType":"File","processID":"0x538c","@id":"http://example.org/logEntry#logEntry-ce74105b-284f-43a6-b141-b753fc434a7c","accountName":"KKurniawan","keyword":["Audit Success"],"accountDomain":"DESKTOP-F650GTN","logonID":"0xe138a","accesses":"%%4423\n\t\t\t\t","logMessage":"An attempt was made to access an object.\n\nSubject:\n\tSecurity ID:\t\tS-1-5-21-132051286-1762614582-3209893546-1001\n\tAccount Name:\t\tKKurniawan\n\tAccount Domain:\t\tDESKTOP-F650GTN\n\tLogon ID:\t\t0xE138A\n\nObject:\n\tObject Server:\t\tSecurity\n\tObject Type:\t\tFile\n\tObject Name:\t\tC:\\Users\\KKurniawan\\Dropbox\\Secret\\secretFileB3_copy.xls\n\tHandle ID:\t\t0x178\n\tResource Attributes:\tS:AI\n\nProcess Information:\n\tProcess ID:\t\t0x538c\n\tProcess Name:\t\tC:\\Windows\\System32\\cmd.exe\n\nAccess Request Information:\n\tAccesses:\t\tReadAttributes\n\t\t\t\t\n\tAccess Mask:\t\t0x80","version":1,"objectName":"C:\\Users\\KKurniawan\\Dropbox\\Secret\\secretFileB3_copy.xls"}
{"logName":"Security","source":"Microsoft-Windows-Security-Auditing","@context":"http://sepses.ifs.tuwien.ac.at/contexts/wineventlog.jsonld","computerName":"DESKTOP-F650GTN","objectServer":"Security","@type":"http://purl.org/sepses/vocab/log/wineventlog#WindowsEventLogEntry","upCode":"Info","resourceAttributes":"S:AI","accessMask":"0x80","hasLogType":"wineventlog","timestamp":"2019-05-29T13:18:41.142Z","processName":"C:\\Windows\\System32\\cmd.exe","handleID":"0x174","@timestamp":"2019-05-29T13:18:41.142Z","eventID":4663,"level":"Information","taskCategory":"File System","originatesFrom":{"@type":"rdf:nodeID","@id":"http://example.org/sepses#624425ce-dea9-456f-b0bd-0ccea8d2c6fe","hostName":"DESKTOP-F650GTN"},"objectType":"File","processID":"0x538c","@id":"http://example.org/logEntry#logEntry-abeafa63-2af3-4bca-9e6c-fadf4fca5837","accountName":"KKurniawan","keyword":["Audit Success"],"accountDomain":"DESKTOP-F650GTN","logonID":"0xe138a","accesses":"%%4423\n\t\t\t\t","logMessage":"An attempt was made to access an object.\n\nSubject:\n\tSecurity ID:\t\tS-1-5-21-132051286-1762614582-3209893546-1001\n\tAccount Name:\t\tKKurniawan\n\tAccount Domain:\t\tDESKTOP-F650GTN\n\tLogon ID:\t\t0xE138A\n\nObject:\n\tObject Server:\t\tSecurity\n\tObject Type:\t\tFile\n\tObject Name:\t\tC:\\Users\\KKurniawan\\Dropbox\\Secret\\secretFileB3_copy.xls:com.dropbox.attrs\n\tHandle ID:\t\t0x174\n\tResource Attributes:\tS:AI\n\nProcess Information:\n\tProcess ID:\t\t0x538c\n\tProcess Name:\t\tC:\\Windows\\System32\\cmd.exe\n\nAccess Request Information:\n\tAccesses:\t\tReadAttributes\n\t\t\t\t\n\tAccess Mask:\t\t0x80","version":1,"objectName":"C:\\Users\\KKurniawan\\Dropbox\\Secret\\secretFileB3_copy.xls:com.dropbox.attrs"}
{"logName":"Security","source":"Microsoft-Windows-Security-Auditing","@context":"http://sepses.ifs.tuwien.ac.at/contexts/wineventlog.jsonld","computerName":"DESKTOP-F650GTN","objectServer":"Security","@type":"http://purl.org/sepses/vocab/log/wineventlog#WindowsEventLogEntry","upCode":"Info","accessMask":"0x4","hasLogType":"wineventlog","timestamp":"2019-05-29T13:18:41.142Z","processName":"C:\\Windows\\System32\\cmd.exe","handleID":"0x118","@timestamp":"2019-05-29T13:18:41.142Z","eventID":4663,"level":"Information","taskCategory":"Removable Storage","originatesFrom":{"@type":"rdf:nodeID","@id":"http://example.org/sepses#c665ae77-6342-4203-9a01-bcf90274666f","hostName":"DESKTOP-F650GTN"},"objectType":"File","processID":"0x538c","@id":"http://example.org/logEntry#logEntry-b3184b58-dc71-4b62-ac2a-db511725a2cc","accountName":"KKurniawan","keyword":["Audit Success"],"accountDomain":"DESKTOP-F650GTN","logonID":"0xe138a","accesses":"%%4418\n\t\t\t\t","logMessage":"An attempt was made to access an object.\n\nSubject:\n\tSecurity ID:\t\tS-1-5-21-132051286-1762614582-3209893546-1001\n\tAccount Name:\t\tKKurniawan\n\tAccount Domain:\t\tDESKTOP-F650GTN\n\tLogon ID:\t\t0xE138A\n\nObject:\n\tObject Server:\t\tSecurity\n\tObject Type:\t\tFile\n\tObject Name:\t\t\\Device\\HarddiskVolume6\\Secret\\secretFileB3_copy.xls\n\tHandle ID:\t\t0x118\n\tResource Attributes:\t\n\nProcess Information:\n\tProcess ID:\t\t0x538c\n\tProcess Name:\t\tC:\\Windows\\System32\\cmd.exe\n\nAccess Request Information:\n\tAccesses:\t\tAppendData (or AddSubdirectory or CreatePipeInstance)\n\t\t\t\t\n\tAccess Mask:\t\t0x4","version":1,"objectName":"\\Device\\HarddiskVolume6\\Secret\\secretFileB3_copy.xls"}
{"logName":"Security","source":"Microsoft-Windows-Security-Auditing","@context":"http://sepses.ifs.tuwien.ac.at/contexts/wineventlog.jsonld","computerName":"DESKTOP-F650GTN","objectServer":"Security","@type":"http://purl.org/sepses/vocab/log/wineventlog#WindowsEventLogEntry","upCode":"Info","accessMask":"0x2","hasLogType":"wineventlog","timestamp":"2019-05-29T13:18:41.131Z","processName":"C:\\Windows\\System32\\cmd.exe","handleID":"0x118","@timestamp":"2019-05-29T13:18:41.131Z","eventID":4663,"level":"Information","taskCategory":"Removable Storage","originatesFrom":{"@type":"rdf:nodeID","@id":"http://example.org/sepses#ef58110d-84df-432c-8e32-176be4c9882c","hostName":"DESKTOP-F650GTN"},"objectType":"File","processID":"0x538c","@id":"http://example.org/logEntry#logEntry-f3c11caf-6cd5-4166-9dea-5d7debaabc27","accountName":"KKurniawan","keyword":["Audit Success"],"accountDomain":"DESKTOP-F650GTN","logonID":"0xe138a","accesses":"%%4417\n\t\t\t\t","logMessage":"An attempt was made to access an object.\n\nSubject:\n\tSecurity ID:\t\tS-1-5-21-132051286-1762614582-3209893546-1001\n\tAccount Name:\t\tKKurniawan\n\tAccount Domain:\t\tDESKTOP-F650GTN\n\tLogon ID:\t\t0xE138A\n\nObject:\n\tObject Server:\t\tSecurity\n\tObject Type:\t\tFile\n\tObject Name:\t\t\\Device\\HarddiskVolume6\\Secret\\secretFileB3_copy.xls\n\tHandle ID:\t\t0x118\n\tResource Attributes:\t\n\nProcess Information:\n\tProcess ID:\t\t0x538c\n\tProcess Name:\t\tC:\\Windows\\System32\\cmd.exe\n\nAccess Request Information:\n\tAccesses:\t\tWriteData (or AddFile)\n\t\t\t\t\n\tAccess Mask:\t\t0x2","version":1,"objectName":"\\Device\\HarddiskVolume6\\Secret\\secretFileB3_copy.xls"}
