{"logMessage":"An attempt was made to access an object.\n\nSubject:\n\tSecurity ID:\t\tS-1-5-18\n\tAccount Name:\t\tVIRTUALWINDOWS8$\n\tAccount Domain:\t\tWORKGROUP\n\tLogon ID:\t\t0x3E7\n\nObject:\n\tObject Server:\t\tSecurity\n\tObject Type:\t\tFile\n\tObject Name:\t\tC:\\Windows\\WinSxS\\wow64_microsoft-windows-scripting-jscript9_31bf3856ad364e35_11.0.9600.19130_none_52549846d4faa6fa\\jscript9diag.dll\n\tHandle ID:\t\t0x2bec\n\tResource Attributes:\tS:AI\n\nProcess Information:\n\tProcess ID:\t\t0xd1c\n\tProcess Name:\t\tC:\\Windows\\WinSxS\\amd64_microsoft-windows-servicingstack_31bf3856ad364e35_6.3.9600.18384_none_fa1d93c39b41b41a\\TiWorker.exe\n\nAccess Request Information:\n\tAccesses:\t\tDELETE\n\t\t\t\t\n\tAccess Mask:\t\t0x10000","logonID":"0x3e7","level":"Information","computerName":"VirtualWindows8","upCode":"Info","accesses":"%%1537\n\t\t\t\t","resourceAttributes":"S:AI","@id":"http://example.org/logEntry#logEntry-a19d660c-2fba-4211-9585-99a4d27b9bb1","processName":"C:\\Windows\\WinSxS\\amd64_microsoft-windows-servicingstack_31bf3856ad364e35_6.3.9600.18384_none_fa1d93c39b41b41a\\TiWorker.exe","keyword":["Audit Success"],"accessMask":"0x10000","@timestamp":"2019-05-29T13:16:25.901Z","version":1,"taskCategory":"File System","@type":"http://purl.org/sepses/vocab/log/wineventlog#WindowsEventLogEntry","handleID":"0x2bec","eventID":4663,"@context":"http://sepses.ifs.tuwien.ac.at/contexts/wineventlog.jsonld","objectServer":"Security","logName":"Security","hasLogType":"wineventlog","timestamp":"2019-05-29T13:16:25.901Z","accountName":"VIRTUALWINDOWS8$","processID":"0xd1c","objectType":"File","accountDomain":"WORKGROUP","originatesFrom":{"hostName":{"name":"VirtualWindows8"},"@type":"rdf:nodeID","@id":"http://example.org/sepses#6e607e93-55a5-4fec-8538-15ccebc2b45c"},"objectName":"C:\\Windows\\WinSxS\\wow64_microsoft-windows-scripting-jscript9_31bf3856ad364e35_11.0.9600.19130_none_52549846d4faa6fa\\jscript9diag.dll","source":"Microsoft-Windows-Security-Auditing"}
{"logMessage":"An attempt was made to access an object.\n\nSubject:\n\tSecurity ID:\t\tS-1-5-18\n\tAccount Name:\t\tVIRTUALWINDOWS8$\n\tAccount Domain:\t\tWORKGROUP\n\tLogon ID:\t\t0x3E7\n\nObject:\n\tObject Server:\t\tSecurity\n\tObject Type:\t\tFile\n\tObject Name:\t\tC:\\Windows\\WinSxS\\wow64_microsoft-windows-scripting-jscript9_31bf3856ad364e35_11.0.9600.19180_none_525999b8d4f625ad\\jscript9diag.dll\n\tHandle ID:\t\t0x2b74\n\tResource Attributes:\tS:AI\n\nProcess Information:\n\tProcess ID:\t\t0xd1c\n\tProcess Name:\t\tC:\\Windows\\WinSxS\\amd64_microsoft-windows-servicingstack_31bf3856ad364e35_6.3.9600.18384_none_fa1d93c39b41b41a\\TiWorker.exe\n\nAccess Request Information:\n\tAccesses:\t\tDELETE\n\t\t\t\t\n\tAccess Mask:\t\t0x10000","logonID":"0x3e7","level":"Information","computerName":"VirtualWindows8","upCode":"Info","accesses":"%%1537\n\t\t\t\t","resourceAttributes":"S:AI","@id":"http://example.org/logEntry#logEntry-8d3ce765-5fad-467b-91b3-c4d23be452cc","processName":"C:\\Windows\\WinSxS\\amd64_microsoft-windows-servicingstack_31bf3856ad364e35_6.3.9600.18384_none_fa1d93c39b41b41a\\TiWorker.exe","keyword":["Audit Success"],"accessMask":"0x10000","@timestamp":"2019-05-29T13:16:26.088Z","version":1,"taskCategory":"File System","@type":"http://purl.org/sepses/vocab/log/wineventlog#WindowsEventLogEntry","handleID":"0x2b74","eventID":4663,"@context":"http://sepses.ifs.tuwien.ac.at/contexts/wineventlog.jsonld","objectServer":"Security","logName":"Security","hasLogType":"wineventlog","timestamp":"2019-05-29T13:16:26.088Z","accountName":"VIRTUALWINDOWS8$","processID":"0xd1c","objectType":"File","accountDomain":"WORKGROUP","originatesFrom":{"hostName":{"name":"VirtualWindows8"},"@type":"rdf:nodeID","@id":"http://example.org/sepses#33ef2eeb-f49f-4967-8d81-b04f81d1a038"},"objectName":"C:\\Windows\\WinSxS\\wow64_microsoft-windows-scripting-jscript9_31bf3856ad364e35_11.0.9600.19180_none_525999b8d4f625ad\\jscript9diag.dll","source":"Microsoft-Windows-Security-Auditing"}
{"logMessage":"An object was deleted.\n\nSubject:\n\tSecurity ID:\t\tS-1-5-18\n\tAccount Name:\t\tVIRTUALWINDOWS8$\n\tAccount Domain:\t\tWORKGROUP\n\tLogon ID:\t\t0x3E7\n\nObject:\n\tObject Server:\tSecurity\n\tHandle ID:\t0x2bb0\n\nProcess Information:\n\tProcess ID:\t0xd1c\n\tProcess Name:\tC:\\Windows\\WinSxS\\amd64_microsoft-windows-servicingstack_31bf3856ad364e35_6.3.9600.18384_none_fa1d93c39b41b41a\\TiWorker.exe\n\tTransaction ID:\t{3CD78F62-820F-11E9-9C1D-0800279A39D8}","logonID":"0x3e7","level":"Information","computerName":"VirtualWindows8","upCode":"Info","@id":"http://example.org/logEntry#logEntry-a5507e19-ad07-4ac7-9ce2-64dac0ca34d7","processName":"C:\\Windows\\WinSxS\\amd64_microsoft-windows-servicingstack_31bf3856ad364e35_6.3.9600.18384_none_fa1d93c39b41b41a\\TiWorker.exe","keyword":["Audit Success"],"@timestamp":"2019-05-29T13:14:21.418Z","taskCategory":"File System","@type":"http://purl.org/sepses/vocab/log/wineventlog#WindowsEventLogEntry","handleID":"0x2bb0","eventID":4660,"@context":"http://sepses.ifs.tuwien.ac.at/contexts/wineventlog.jsonld","objectServer":"Security","logName":"Security","hasLogType":"wineventlog","timestamp":"2019-05-29T13:14:21.418Z","accountName":"VIRTUALWINDOWS8$","processID":"0xd1c","accountDomain":"WORKGROUP","originatesFrom":{"hostName":{"name":"VirtualWindows8"},"@type":"rdf:nodeID","@id":"http://example.org/sepses#92666261-50c9-4e0a-8c95-1c03ed888ade"},"source":"Microsoft-Windows-Security-Auditing"}
{"logMessage":"An object was deleted.\n\nSubject:\n\tSecurity ID:\t\tS-1-5-18\n\tAccount Name:\t\tVIRTUALWINDOWS8$\n\tAccount Domain:\t\tWORKGROUP\n\tLogon ID:\t\t0x3E7\n\nObject:\n\tObject Server:\tSecurity\n\tHandle ID:\t0x2bfc\n\nProcess Information:\n\tProcess ID:\t0xd1c\n\tProcess Name:\tC:\\Windows\\WinSxS\\amd64_microsoft-windows-servicingstack_31bf3856ad364e35_6.3.9600.18384_none_fa1d93c39b41b41a\\TiWorker.exe\n\tTransaction ID:\t{3CD78F62-820F-11E9-9C1D-0800279A39D8}","logonID":"0x3e7","level":"Information","computerName":"VirtualWindows8","upCode":"Info","@id":"http://example.org/logEntry#logEntry-8a890c31-3791-44c5-9212-49e8bba2ecc3","processName":"C:\\Windows\\WinSxS\\amd64_microsoft-windows-servicingstack_31bf3856ad364e35_6.3.9600.18384_none_fa1d93c39b41b41a\\TiWorker.exe","keyword":["Audit Success"],"@timestamp":"2019-05-29T13:14:21.479Z","taskCategory":"File System","@type":"http://purl.org/sepses/vocab/log/wineventlog#WindowsEventLogEntry","handleID":"0x2bfc","eventID":4660,"@context":"http://sepses.ifs.tuwien.ac.at/contexts/wineventlog.jsonld","objectServer":"Security","logName":"Security","hasLogType":"wineventlog","timestamp":"2019-05-29T13:14:21.479Z","accountName":"VIRTUALWINDOWS8$","processID":"0xd1c","accountDomain":"WORKGROUP","originatesFrom":{"hostName":{"name":"VirtualWindows8"},"@type":"rdf:nodeID","@id":"http://example.org/sepses#ce28b7ca-3810-45b6-b655-8181b14d32cf"},"source":"Microsoft-Windows-Security-Auditing"}
{"logMessage":"An object was deleted.\n\nSubject:\n\tSecurity ID:\t\tS-1-5-18\n\tAccount Name:\t\tVIRTUALWINDOWS8$\n\tAccount Domain:\t\tWORKGROUP\n\tLogon ID:\t\t0x3E7\n\nObject:\n\tObject Server:\tSecurity\n\tHandle ID:\t0x2bec\n\nProcess Information:\n\tProcess ID:\t0xd1c\n\tProcess Name:\tC:\\Windows\\WinSxS\\amd64_microsoft-windows-servicingstack_31bf3856ad364e35_6.3.9600.18384_none_fa1d93c39b41b41a\\TiWorker.exe\n\tTransaction ID:\t{3CD78F92-820F-11E9-9C1D-0800279A39D8}","logonID":"0x3e7","level":"Information","computerName":"VirtualWindows8","upCode":"Info","@id":"http://example.org/logEntry#logEntry-9c49564a-bf55-49af-b934-353c3ba9c12b","processName":"C:\\Windows\\WinSxS\\amd64_microsoft-windows-servicingstack_31bf3856ad364e35_6.3.9600.18384_none_fa1d93c39b41b41a\\TiWorker.exe","keyword":["Audit Success"],"@timestamp":"2019-05-29T13:14:33.291Z","taskCategory":"File System","@type":"http://purl.org/sepses/vocab/log/wineventlog#WindowsEventLogEntry","handleID":"0x2bec","eventID":4660,"@context":"http://sepses.ifs.tuwien.ac.at/contexts/wineventlog.jsonld","objectServer":"Security","logName":"Security","hasLogType":"wineventlog","timestamp":"2019-05-29T13:14:33.291Z","accountName":"VIRTUALWINDOWS8$","processID":"0xd1c","accountDomain":"WORKGROUP","originatesFrom":{"hostName":{"name":"VirtualWindows8"},"@type":"rdf:nodeID","@id":"http://example.org/sepses#e619929b-8069-494b-b869-75c7f7884f98"},"source":"Microsoft-Windows-Security-Auditing"}
{"logMessage":"An attempt was made to access an object.\n\nSubject:\n\tSecurity ID:\t\tS-1-5-18\n\tAccount Name:\t\tVIRTUALWINDOWS8$\n\tAccount Domain:\t\tWORKGROUP\n\tLogon ID:\t\t0x3E7\n\nObject:\n\tObject Server:\t\tSecurity\n\tObject Type:\t\tFile\n\tObject Name:\t\tC:\\Windows\\WinSxS\\wow64_microsoft-windows-kernel32_31bf3856ad364e35_6.3.9600.17415_none_8f1d8a7a5e69bda5\\kernel32.dll\n\tHandle ID:\t\t0x2bec\n\tResource Attributes:\tS:AI\n\nProcess Information:\n\tProcess ID:\t\t0xd1c\n\tProcess Name:\t\tC:\\Windows\\WinSxS\\amd64_microsoft-windows-servicingstack_31bf3856ad364e35_6.3.9600.18384_none_fa1d93c39b41b41a\\TiWorker.exe\n\nAccess Request Information:\n\tAccesses:\t\tDELETE\n\t\t\t\t\n\tAccess Mask:\t\t0x10000","logonID":"0x3e7","level":"Information","computerName":"VirtualWindows8","upCode":"Info","accesses":"%%1537\n\t\t\t\t","resourceAttributes":"S:AI","@id":"http://example.org/logEntry#logEntry-a9cc4bff-c61e-4319-8251-cb1ee0d51f00","processName":"C:\\Windows\\WinSxS\\amd64_microsoft-windows-servicingstack_31bf3856ad364e35_6.3.9600.18384_none_fa1d93c39b41b41a\\TiWorker.exe","keyword":["Audit Success"],"accessMask":"0x10000","@timestamp":"2019-05-29T13:14:34.994Z","version":1,"taskCategory":"File System","@type":"http://purl.org/sepses/vocab/log/wineventlog#WindowsEventLogEntry","handleID":"0x2bec","eventID":4663,"@context":"http://sepses.ifs.tuwien.ac.at/contexts/wineventlog.jsonld","objectServer":"Security","logName":"Security","hasLogType":"wineventlog","timestamp":"2019-05-29T13:14:34.994Z","accountName":"VIRTUALWINDOWS8$","processID":"0xd1c","objectType":"File","accountDomain":"WORKGROUP","originatesFrom":{"hostName":{"name":"VirtualWindows8"},"@type":"rdf:nodeID","@id":"http://example.org/sepses#bd29e7ef-d222-4771-8738-53d637917720"},"objectName":"C:\\Windows\\WinSxS\\wow64_microsoft-windows-kernel32_31bf3856ad364e35_6.3.9600.17415_none_8f1d8a7a5e69bda5\\kernel32.dll","source":"Microsoft-Windows-Security-Auditing"}
{"logMessage":"An attempt was made to access an object.\n\nSubject:\n\tSecurity ID:\t\tS-1-5-18\n\tAccount Name:\t\tVIRTUALWINDOWS8$\n\tAccount Domain:\t\tWORKGROUP\n\tLogon ID:\t\t0x3E7\n\nObject:\n\tObject Server:\t\tSecurity\n\tObject Type:\t\tFile\n\tObject Name:\t\tC:\\Windows\\WinSxS\\wow64_microsoft-windows-kernelbase.resources_31bf3856ad364e35_6.3.9600.17238_en-us_7369bd22beb3ed25\\KernelBase.dll.mui\n\tHandle ID:\t\t0x2bb0\n\tResource Attributes:\tS:AI\n\nProcess Information:\n\tProcess ID:\t\t0xd1c\n\tProcess Name:\t\tC:\\Windows\\WinSxS\\amd64_microsoft-windows-servicingstack_31bf3856ad364e35_6.3.9600.18384_none_fa1d93c39b41b41a\\TiWorker.exe\n\nAccess Request Information:\n\tAccesses:\t\tDELETE\n\t\t\t\t\n\tAccess Mask:\t\t0x10000","logonID":"0x3e7","level":"Information","computerName":"VirtualWindows8","upCode":"Info","accesses":"%%1537\n\t\t\t\t","resourceAttributes":"S:AI","@id":"http://example.org/logEntry#logEntry-5c139110-ba90-4e4c-842c-b9d4011eca68","processName":"C:\\Windows\\WinSxS\\amd64_microsoft-windows-servicingstack_31bf3856ad364e35_6.3.9600.18384_none_fa1d93c39b41b41a\\TiWorker.exe","keyword":["Audit Success"],"accessMask":"0x10000","@timestamp":"2019-05-29T13:14:37.322Z","version":1,"taskCategory":"File System","@type":"http://purl.org/sepses/vocab/log/wineventlog#WindowsEventLogEntry","handleID":"0x2bb0","eventID":4663,"@context":"http://sepses.ifs.tuwien.ac.at/contexts/wineventlog.jsonld","objectServer":"Security","logName":"Security","hasLogType":"wineventlog","timestamp":"2019-05-29T13:14:37.322Z","accountName":"VIRTUALWINDOWS8$","processID":"0xd1c","objectType":"File","accountDomain":"WORKGROUP","originatesFrom":{"hostName":{"name":"VirtualWindows8"},"@type":"rdf:nodeID","@id":"http://example.org/sepses#879b9e50-5468-452d-a066-93f723511dc8"},"objectName":"C:\\Windows\\WinSxS\\wow64_microsoft-windows-kernelbase.resources_31bf3856ad364e35_6.3.9600.17238_en-us_7369bd22beb3ed25\\KernelBase.dll.mui","source":"Microsoft-Windows-Security-Auditing"}
{"logMessage":"An attempt was made to access an object.\n\nSubject:\n\tSecurity ID:\t\tS-1-5-18\n\tAccount Name:\t\tVIRTUALWINDOWS8$\n\tAccount Domain:\t\tWORKGROUP\n\tLogon ID:\t\t0x3E7\n\nObject:\n\tObject Server:\t\tSecurity\n\tObject Type:\t\tFile\n\tObject Name:\t\tC:\\Windows\\WinSxS\\wow64_microsoft-windows-kernelbase_31bf3856ad364e35_6.3.9600.19038_none_224f496abcc0081e\\KernelBase.dll\n\tHandle ID:\t\t0x2bb8\n\tResource Attributes:\tS:AI\n\nProcess Information:\n\tProcess ID:\t\t0xd1c\n\tProcess Name:\t\tC:\\Windows\\WinSxS\\amd64_microsoft-windows-servicingstack_31bf3856ad364e35_6.3.9600.18384_none_fa1d93c39b41b41a\\TiWorker.exe\n\nAccess Request Information:\n\tAccesses:\t\tDELETE\n\t\t\t\t\n\tAccess Mask:\t\t0x10000","logonID":"0x3e7","level":"Information","computerName":"VirtualWindows8","upCode":"Info","accesses":"%%1537\n\t\t\t\t","resourceAttributes":"S:AI","@id":"http://example.org/logEntry#logEntry-32b418c4-8e6b-447c-93e4-18a8d55aef8b","processName":"C:\\Windows\\WinSxS\\amd64_microsoft-windows-servicingstack_31bf3856ad364e35_6.3.9600.18384_none_fa1d93c39b41b41a\\TiWorker.exe","keyword":["Audit Success"],"accessMask":"0x10000","@timestamp":"2019-05-29T13:14:41.390Z","version":1,"taskCategory":"File System","@type":"http://purl.org/sepses/vocab/log/wineventlog#WindowsEventLogEntry","handleID":"0x2bb8","eventID":4663,"@context":"http://sepses.ifs.tuwien.ac.at/contexts/wineventlog.jsonld","objectServer":"Security","logName":"Security","hasLogType":"wineventlog","timestamp":"2019-05-29T13:14:41.390Z","accountName":"VIRTUALWINDOWS8$","processID":"0xd1c","objectType":"File","accountDomain":"WORKGROUP","originatesFrom":{"hostName":{"name":"VirtualWindows8"},"@type":"rdf:nodeID","@id":"http://example.org/sepses#32fbeb08-5255-471e-9080-bec44c664d02"},"objectName":"C:\\Windows\\WinSxS\\wow64_microsoft-windows-kernelbase_31bf3856ad364e35_6.3.9600.19038_none_224f496abcc0081e\\KernelBase.dll","source":"Microsoft-Windows-Security-Auditing"}
{"logMessage":"An attempt was made to access an object.\n\nSubject:\n\tSecurity ID:\t\tS-1-5-18\n\tAccount Name:\t\tVIRTUALWINDOWS8$\n\tAccount Domain:\t\tWORKGROUP\n\tLogon ID:\t\t0x3E7\n\nObject:\n\tObject Server:\t\tSecurity\n\tObject Type:\t\tFile\n\tObject Name:\t\tC:\\Windows\\WinSxS\\wow64_microsoft-windows-installer-engine_31bf3856ad364e35_6.3.9600.19082_none_fe8b3deabbdeaa30\\msimsg.dll\n\tHandle ID:\t\t0x2b94\n\tResource Attributes:\tS:AI\n\nProcess Information:\n\tProcess ID:\t\t0xd1c\n\tProcess Name:\t\tC:\\Windows\\WinSxS\\amd64_microsoft-windows-servicingstack_31bf3856ad364e35_6.3.9600.18384_none_fa1d93c39b41b41a\\TiWorker.exe\n\nAccess Request Information:\n\tAccesses:\t\tDELETE\n\t\t\t\t\n\tAccess Mask:\t\t0x10000","logonID":"0x3e7","level":"Information","computerName":"VirtualWindows8","upCode":"Info","accesses":"%%1537\n\t\t\t\t","resourceAttributes":"S:AI","@id":"http://example.org/logEntry#logEntry-53604472-4829-4b55-b89d-9dfd47a0c36b","processName":"C:\\Windows\\WinSxS\\amd64_microsoft-windows-servicingstack_31bf3856ad364e35_6.3.9600.18384_none_fa1d93c39b41b41a\\TiWorker.exe","keyword":["Audit Success"],"accessMask":"0x10000","@timestamp":"2019-05-29T13:14:31.522Z","version":1,"taskCategory":"File System","@type":"http://purl.org/sepses/vocab/log/wineventlog#WindowsEventLogEntry","handleID":"0x2b94","eventID":4663,"@context":"http://sepses.ifs.tuwien.ac.at/contexts/wineventlog.jsonld","objectServer":"Security","logName":"Security","hasLogType":"wineventlog","timestamp":"2019-05-29T13:14:31.522Z","accountName":"VIRTUALWINDOWS8$","processID":"0xd1c","objectType":"File","accountDomain":"WORKGROUP","originatesFrom":{"hostName":{"name":"VirtualWindows8"},"@type":"rdf:nodeID","@id":"http://example.org/sepses#4f853532-5e9e-4572-8604-b177d00d06af"},"objectName":"C:\\Windows\\WinSxS\\wow64_microsoft-windows-installer-engine_31bf3856ad364e35_6.3.9600.19082_none_fe8b3deabbdeaa30\\msimsg.dll","source":"Microsoft-Windows-Security-Auditing"}
{"logMessage":"An attempt was made to access an object.\n\nSubject:\n\tSecurity ID:\t\tS-1-5-18\n\tAccount Name:\t\tVIRTUALWINDOWS8$\n\tAccount Domain:\t\tWORKGROUP\n\tLogon ID:\t\t0x3E7\n\nObject:\n\tObject Server:\t\tSecurity\n\tObject Type:\t\tFile\n\tObject Name:\t\tC:\\Windows\\WinSxS\\wow64_microsoft-windows-installer-engine_31bf3856ad364e35_6.3.9600.19082_none_fe8b3deabbdeaa30\\msi.dll\n\tHandle ID:\t\t0x2bc4\n\tResource Attributes:\tS:AI\n\nProcess Information:\n\tProcess ID:\t\t0xd1c\n\tProcess Name:\t\tC:\\Windows\\WinSxS\\amd64_microsoft-windows-servicingstack_31bf3856ad364e35_6.3.9600.18384_none_fa1d93c39b41b41a\\TiWorker.exe\n\nAccess Request Information:\n\tAccesses:\t\tDELETE\n\t\t\t\t\n\tAccess Mask:\t\t0x10000","logonID":"0x3e7","level":"Information","computerName":"VirtualWindows8","upCode":"Info","accesses":"%%1537\n\t\t\t\t","resourceAttributes":"S:AI","@id":"http://example.org/logEntry#logEntry-fa3440c6-608e-43a5-ae4f-8eb7e6fa2252","processName":"C:\\Windows\\WinSxS\\amd64_microsoft-windows-servicingstack_31bf3856ad364e35_6.3.9600.18384_none_fa1d93c39b41b41a\\TiWorker.exe","keyword":["Audit Success"],"accessMask":"0x10000","@timestamp":"2019-05-29T13:14:31.524Z","version":1,"taskCategory":"File System","@type":"http://purl.org/sepses/vocab/log/wineventlog#WindowsEventLogEntry","handleID":"0x2bc4","eventID":4663,"@context":"http://sepses.ifs.tuwien.ac.at/contexts/wineventlog.jsonld","objectServer":"Security","logName":"Security","hasLogType":"wineventlog","timestamp":"2019-05-29T13:14:31.524Z","accountName":"VIRTUALWINDOWS8$","processID":"0xd1c","objectType":"File","accountDomain":"WORKGROUP","originatesFrom":{"hostName":{"name":"VirtualWindows8"},"@type":"rdf:nodeID","@id":"http://example.org/sepses#d7c5f2ea-cf41-438b-9249-ec5f77a50756"},"objectName":"C:\\Windows\\WinSxS\\wow64_microsoft-windows-installer-engine_31bf3856ad364e35_6.3.9600.19082_none_fe8b3deabbdeaa30\\msi.dll","source":"Microsoft-Windows-Security-Auditing"}
{"logMessage":"An attempt was made to access an object.\n\nSubject:\n\tSecurity ID:\t\tS-1-5-18\n\tAccount Name:\t\tVIRTUALWINDOWS8$\n\tAccount Domain:\t\tWORKGROUP\n\tLogon ID:\t\t0x3E7\n\nObject:\n\tObject Server:\t\tSecurity\n\tObject Type:\t\tFile\n\tObject Name:\t\tC:\\Windows\\WinSxS\\wow64_microsoft-windows-kernelbase_31bf3856ad364e35_6.3.9600.19227_none_22591cd8bcb8cd24\\KernelBase.dll\n\tHandle ID:\t\t0x2be8\n\tResource Attributes:\tS:AI\n\nProcess Information:\n\tProcess ID:\t\t0xd1c\n\tProcess Name:\t\tC:\\Windows\\WinSxS\\amd64_microsoft-windows-servicingstack_31bf3856ad364e35_6.3.9600.18384_none_fa1d93c39b41b41a\\TiWorker.exe\n\nAccess Request Information:\n\tAccesses:\t\tDELETE\n\t\t\t\t\n\tAccess Mask:\t\t0x10000","logonID":"0x3e7","level":"Information","computerName":"VirtualWindows8","upCode":"Info","accesses":"%%1537\n\t\t\t\t","resourceAttributes":"S:AI","@id":"http://example.org/logEntry#logEntry-7722828a-d1e9-4255-a811-b221b13d57f6","processName":"C:\\Windows\\WinSxS\\amd64_microsoft-windows-servicingstack_31bf3856ad364e35_6.3.9600.18384_none_fa1d93c39b41b41a\\TiWorker.exe","keyword":["Audit Success"],"accessMask":"0x10000","@timestamp":"2019-05-29T13:14:43.354Z","version":1,"taskCategory":"File System","@type":"http://purl.org/sepses/vocab/log/wineventlog#WindowsEventLogEntry","handleID":"0x2be8","eventID":4663,"@context":"http://sepses.ifs.tuwien.ac.at/contexts/wineventlog.jsonld","objectServer":"Security","logName":"Security","hasLogType":"wineventlog","timestamp":"2019-05-29T13:14:43.354Z","accountName":"VIRTUALWINDOWS8$","processID":"0xd1c","objectType":"File","accountDomain":"WORKGROUP","originatesFrom":{"hostName":{"name":"VirtualWindows8"},"@type":"rdf:nodeID","@id":"http://example.org/sepses#09f8dbe1-ef40-408b-a216-9459a2380730"},"objectName":"C:\\Windows\\WinSxS\\wow64_microsoft-windows-kernelbase_31bf3856ad364e35_6.3.9600.19227_none_22591cd8bcb8cd24\\KernelBase.dll","source":"Microsoft-Windows-Security-Auditing"}
{"logMessage":"An attempt was made to access an object.\n\nSubject:\n\tSecurity ID:\t\tS-1-5-18\n\tAccount Name:\t\tVIRTUALWINDOWS8$\n\tAccount Domain:\t\tWORKGROUP\n\tLogon ID:\t\t0x3E7\n\nObject:\n\tObject Server:\t\tSecurity\n\tObject Type:\t\tFile\n\tObject Name:\t\tC:\\Windows\\WinSxS\\wow64_microsoft-windows-location-service_31bf3856ad364e35_6.3.9600.17415_none_855672aae0e2e83a\\GeofenceMonitorService.dll\n\tHandle ID:\t\t0x2bc4\n\tResource Attributes:\tS:AI\n\nProcess Information:\n\tProcess ID:\t\t0xd1c\n\tProcess Name:\t\tC:\\Windows\\WinSxS\\amd64_microsoft-windows-servicingstack_31bf3856ad364e35_6.3.9600.18384_none_fa1d93c39b41b41a\\TiWorker.exe\n\nAccess Request Information:\n\tAccesses:\t\tDELETE\n\t\t\t\t\n\tAccess Mask:\t\t0x10000","logonID":"0x3e7","level":"Information","computerName":"VirtualWindows8","upCode":"Info","accesses":"%%1537\n\t\t\t\t","resourceAttributes":"S:AI","@id":"http://example.org/logEntry#logEntry-4ce41a7b-f0d6-4262-adbe-d24249bfc0e6","processName":"C:\\Windows\\WinSxS\\amd64_microsoft-windows-servicingstack_31bf3856ad364e35_6.3.9600.18384_none_fa1d93c39b41b41a\\TiWorker.exe","keyword":["Audit Success"],"accessMask":"0x10000","@timestamp":"2019-05-29T13:14:44.072Z","version":1,"taskCategory":"File System","@type":"http://purl.org/sepses/vocab/log/wineventlog#WindowsEventLogEntry","handleID":"0x2bc4","eventID":4663,"@context":"http://sepses.ifs.tuwien.ac.at/contexts/wineventlog.jsonld","objectServer":"Security","logName":"Security","hasLogType":"wineventlog","timestamp":"2019-05-29T13:14:44.072Z","accountName":"VIRTUALWINDOWS8$","processID":"0xd1c","objectType":"File","accountDomain":"WORKGROUP","originatesFrom":{"hostName":{"name":"VirtualWindows8"},"@type":"rdf:nodeID","@id":"http://example.org/sepses#41f0761d-0c0e-404e-9607-cfebb85486ee"},"objectName":"C:\\Windows\\WinSxS\\wow64_microsoft-windows-location-service_31bf3856ad364e35_6.3.9600.17415_none_855672aae0e2e83a\\GeofenceMonitorService.dll","source":"Microsoft-Windows-Security-Auditing"}
{"logMessage":"An attempt was made to access an object.\n\nSubject:\n\tSecurity ID:\t\tS-1-5-18\n\tAccount Name:\t\tVIRTUALWINDOWS8$\n\tAccount Domain:\t\tWORKGROUP\n\tLogon ID:\t\t0x3E7\n\nObject:\n\tObject Server:\t\tSecurity\n\tObject Type:\t\tFile\n\tObject Name:\t\tC:\\Windows\\WinSxS\\wow64_microsoft-windows-location-winrt_31bf3856ad364e35_6.3.9600.17415_none_bfa730056c8f3cc1\\Windows.Devices.Geolocation.dll\n\tHandle ID:\t\t0x2bb8\n\tResource Attributes:\tS:AI\n\nProcess Information:\n\tProcess ID:\t\t0xd1c\n\tProcess Name:\t\tC:\\Windows\\WinSxS\\amd64_microsoft-windows-servicingstack_31bf3856ad364e35_6.3.9600.18384_none_fa1d93c39b41b41a\\TiWorker.exe\n\nAccess Request Information:\n\tAccesses:\t\tDELETE\n\t\t\t\t\n\tAccess Mask:\t\t0x10000","logonID":"0x3e7","level":"Information","computerName":"VirtualWindows8","upCode":"Info","accesses":"%%1537\n\t\t\t\t","resourceAttributes":"S:AI","@id":"http://example.org/logEntry#logEntry-959898ab-9876-4900-a702-fe0a29f29bee","processName":"C:\\Windows\\WinSxS\\amd64_microsoft-windows-servicingstack_31bf3856ad364e35_6.3.9600.18384_none_fa1d93c39b41b41a\\TiWorker.exe","keyword":["Audit Success"],"accessMask":"0x10000","@timestamp":"2019-05-29T13:14:44.557Z","version":1,"taskCategory":"File System","@type":"http://purl.org/sepses/vocab/log/wineventlog#WindowsEventLogEntry","handleID":"0x2bb8","eventID":4663,"@context":"http://sepses.ifs.tuwien.ac.at/contexts/wineventlog.jsonld","objectServer":"Security","logName":"Security","hasLogType":"wineventlog","timestamp":"2019-05-29T13:14:44.557Z","accountName":"VIRTUALWINDOWS8$","processID":"0xd1c","objectType":"File","accountDomain":"WORKGROUP","originatesFrom":{"hostName":{"name":"VirtualWindows8"},"@type":"rdf:nodeID","@id":"http://example.org/sepses#70b575be-c228-41d8-8f2b-5f2094c45420"},"objectName":"C:\\Windows\\WinSxS\\wow64_microsoft-windows-location-winrt_31bf3856ad364e35_6.3.9600.17415_none_bfa730056c8f3cc1\\Windows.Devices.Geolocation.dll","source":"Microsoft-Windows-Security-Auditing"}
{"logMessage":"An attempt was made to access an object.\n\nSubject:\n\tSecurity ID:\t\tS-1-5-21-2361021202-3253521353-2316283985-1001\n\tAccount Name:\t\tVirtualWindows8User\n\tAccount Domain:\t\tVirtualWindows8\n\tLogon ID:\t\t0x5ED4C0\n\nObject:\n\tObject Server:\t\tSecurity\n\tObject Type:\t\tFile\n\tObject Name:\t\tC:\\Users\\VirtualWindows8User\\UserDocuments\n\tHandle ID:\t\t0x1cb0\n\tResource Attributes:\tS:AI\n\nProcess Information:\n\tProcess ID:\t\t0x6f4\n\tProcess Name:\t\tC:\\Windows\\explorer.exe\n\nAccess Request Information:\n\tAccesses:\t\tReadAttributes\n\t\t\t\t\n\tAccess Mask:\t\t0x80","logonID":"0x5ed4c0","level":"Information","computerName":"VirtualWindows8","upCode":"Info","accesses":"%%4423\n\t\t\t\t","resourceAttributes":"S:AI","@id":"http://example.org/logEntry#logEntry-59d8d50c-a8eb-4dd6-992c-d7d8f5557c0b","processName":"C:\\Windows\\explorer.exe","keyword":["Audit Success"],"accessMask":"0x80","@timestamp":"2019-05-29T13:14:46.010Z","version":1,"taskCategory":"File System","@type":"http://purl.org/sepses/vocab/log/wineventlog#WindowsEventLogEntry","handleID":"0x1cb0","eventID":4663,"@context":"http://sepses.ifs.tuwien.ac.at/contexts/wineventlog.jsonld","objectServer":"Security","logName":"Security","hasLogType":"wineventlog","timestamp":"2019-05-29T13:14:46.010Z","accountName":"VirtualWindows8User","processID":"0x6f4","objectType":"File","accountDomain":"VirtualWindows8","originatesFrom":{"hostName":{"name":"VirtualWindows8"},"@type":"rdf:nodeID","@id":"http://example.org/sepses#a78e683e-9608-4584-a21f-918b154b3176"},"objectName":"C:\\Users\\VirtualWindows8User\\UserDocuments","source":"Microsoft-Windows-Security-Auditing"}
{"logMessage":"An attempt was made to access an object.\n\nSubject:\n\tSecurity ID:\t\tS-1-5-21-2361021202-3253521353-2316283985-1001\n\tAccount Name:\t\tVirtualWindows8User\n\tAccount Domain:\t\tVirtualWindows8\n\tLogon ID:\t\t0x5ED4C0\n\nObject:\n\tObject Server:\t\tSecurity\n\tObject Type:\t\tFile\n\tObject Name:\t\tC:\\Users\\VirtualWindows8User\\UserDocuments\n\tHandle ID:\t\t0x13fc\n\tResource Attributes:\tS:AI\n\nProcess Information:\n\tProcess ID:\t\t0x6f4\n\tProcess Name:\t\tC:\\Windows\\explorer.exe\n\nAccess Request Information:\n\tAccesses:\t\tReadAttributes\n\t\t\t\t\n\tAccess Mask:\t\t0x80","logonID":"0x5ed4c0","level":"Information","computerName":"VirtualWindows8","upCode":"Info","accesses":"%%4423\n\t\t\t\t","resourceAttributes":"S:AI","@id":"http://example.org/logEntry#logEntry-49cb054a-cc42-4788-aa31-dbdc2113f284","processName":"C:\\Windows\\explorer.exe","keyword":["Audit Success"],"accessMask":"0x80","@timestamp":"2019-05-29T13:14:46.025Z","version":1,"taskCategory":"File System","@type":"http://purl.org/sepses/vocab/log/wineventlog#WindowsEventLogEntry","handleID":"0x13fc","eventID":4663,"@context":"http://sepses.ifs.tuwien.ac.at/contexts/wineventlog.jsonld","objectServer":"Security","logName":"Security","hasLogType":"wineventlog","timestamp":"2019-05-29T13:14:46.025Z","accountName":"VirtualWindows8User","processID":"0x6f4","objectType":"File","accountDomain":"VirtualWindows8","originatesFrom":{"hostName":{"name":"VirtualWindows8"},"@type":"rdf:nodeID","@id":"http://example.org/sepses#0abf50a0-0318-49f8-9bed-4aec0c28c3e6"},"objectName":"C:\\Users\\VirtualWindows8User\\UserDocuments","source":"Microsoft-Windows-Security-Auditing"}
{"logMessage":"An attempt was made to access an object.\n\nSubject:\n\tSecurity ID:\t\tS-1-5-21-2361021202-3253521353-2316283985-1001\n\tAccount Name:\t\tVirtualWindows8User\n\tAccount Domain:\t\tVirtualWindows8\n\tLogon ID:\t\t0x5ED4C0\n\nObject:\n\tObject Server:\t\tSecurity\n\tObject Type:\t\tFile\n\tObject Name:\t\tC:\\Users\\VirtualWindows8User\\Links\\Dropbox.lnk\n\tHandle ID:\t\t0x2080\n\tResource Attributes:\tS:AI\n\nProcess Information:\n\tProcess ID:\t\t0x6f4\n\tProcess Name:\t\tC:\\Windows\\explorer.exe\n\nAccess Request Information:\n\tAccesses:\t\tReadAttributes\n\t\t\t\t\n\tAccess Mask:\t\t0x80","logonID":"0x5ed4c0","level":"Information","computerName":"VirtualWindows8","upCode":"Info","accesses":"%%4423\n\t\t\t\t","resourceAttributes":"S:AI","@id":"http://example.org/logEntry#logEntry-c95f2213-78e0-4f2d-9689-6bba0888a5ac","processName":"C:\\Windows\\explorer.exe","keyword":["Audit Success"],"accessMask":"0x80","@timestamp":"2019-05-29T13:14:46.057Z","version":1,"taskCategory":"File System","@type":"http://purl.org/sepses/vocab/log/wineventlog#WindowsEventLogEntry","handleID":"0x2080","eventID":4663,"@context":"http://sepses.ifs.tuwien.ac.at/contexts/wineventlog.jsonld","objectServer":"Security","logName":"Security","hasLogType":"wineventlog","timestamp":"2019-05-29T13:14:46.057Z","accountName":"VirtualWindows8User","processID":"0x6f4","objectType":"File","accountDomain":"VirtualWindows8","originatesFrom":{"hostName":{"name":"VirtualWindows8"},"@type":"rdf:nodeID","@id":"http://example.org/sepses#5e31c282-782c-42c1-a2ea-2b49a40ff85b"},"objectName":"C:\\Users\\VirtualWindows8User\\Links\\Dropbox.lnk","source":"Microsoft-Windows-Security-Auditing"}
{"logMessage":"An attempt was made to access an object.\n\nSubject:\n\tSecurity ID:\t\tS-1-5-21-2361021202-3253521353-2316283985-1001\n\tAccount Name:\t\tVirtualWindows8User\n\tAccount Domain:\t\tVirtualWindows8\n\tLogon ID:\t\t0x5ED4C0\n\nObject:\n\tObject Server:\t\tSecurity\n\tObject Type:\t\tFile\n\tObject Name:\t\tC:\\Users\\VirtualWindows8User\\UserDocuments\n\tHandle ID:\t\t0x2080\n\tResource Attributes:\tS:AI\n\nProcess Information:\n\tProcess ID:\t\t0x6f4\n\tProcess Name:\t\tC:\\Windows\\explorer.exe\n\nAccess Request Information:\n\tAccesses:\t\tReadAttributes\n\t\t\t\t\n\tAccess Mask:\t\t0x80","logonID":"0x5ed4c0","level":"Information","computerName":"VirtualWindows8","upCode":"Info","accesses":"%%4423\n\t\t\t\t","resourceAttributes":"S:AI","@id":"http://example.org/logEntry#logEntry-44a6af7a-9ecd-4776-90e1-8b6935b11a3e","processName":"C:\\Windows\\explorer.exe","keyword":["Audit Success"],"accessMask":"0x80","@timestamp":"2019-05-29T13:14:46.072Z","version":1,"taskCategory":"File System","@type":"http://purl.org/sepses/vocab/log/wineventlog#WindowsEventLogEntry","handleID":"0x2080","eventID":4663,"@context":"http://sepses.ifs.tuwien.ac.at/contexts/wineventlog.jsonld","objectServer":"Security","logName":"Security","hasLogType":"wineventlog","timestamp":"2019-05-29T13:14:46.072Z","accountName":"VirtualWindows8User","processID":"0x6f4","objectType":"File","accountDomain":"VirtualWindows8","originatesFrom":{"hostName":{"name":"VirtualWindows8"},"@type":"rdf:nodeID","@id":"http://example.org/sepses#e5de1fbc-5fe9-4b3d-97ed-458090e01979"},"objectName":"C:\\Users\\VirtualWindows8User\\UserDocuments","source":"Microsoft-Windows-Security-Auditing"}
{"logMessage":"An object was deleted.\n\nSubject:\n\tSecurity ID:\t\tS-1-5-18\n\tAccount Name:\t\tVIRTUALWINDOWS8$\n\tAccount Domain:\t\tWORKGROUP\n\tLogon ID:\t\t0x3E7\n\nObject:\n\tObject Server:\tSecurity\n\tHandle ID:\t0x2be0\n\nProcess Information:\n\tProcess ID:\t0xd1c\n\tProcess Name:\tC:\\Windows\\WinSxS\\amd64_microsoft-windows-servicingstack_31bf3856ad364e35_6.3.9600.18384_none_fa1d93c39b41b41a\\TiWorker.exe\n\tTransaction ID:\t{3CD78FF7-820F-11E9-9C1D-0800279A39D8}","logonID":"0x3e7","level":"Information","computerName":"VirtualWindows8","upCode":"Info","@id":"http://example.org/logEntry#logEntry-4638d718-5eed-453d-9520-ff013eaa3f33","processName":"C:\\Windows\\WinSxS\\amd64_microsoft-windows-servicingstack_31bf3856ad364e35_6.3.9600.18384_none_fa1d93c39b41b41a\\TiWorker.exe","keyword":["Audit Success"],"@timestamp":"2019-05-29T13:14:47.197Z","taskCategory":"File System","@type":"http://purl.org/sepses/vocab/log/wineventlog#WindowsEventLogEntry","handleID":"0x2be0","eventID":4660,"@context":"http://sepses.ifs.tuwien.ac.at/contexts/wineventlog.jsonld","objectServer":"Security","logName":"Security","hasLogType":"wineventlog","timestamp":"2019-05-29T13:14:47.197Z","accountName":"VIRTUALWINDOWS8$","processID":"0xd1c","accountDomain":"WORKGROUP","originatesFrom":{"hostName":{"name":"VirtualWindows8"},"@type":"rdf:nodeID","@id":"http://example.org/sepses#16ed55aa-f77e-4e80-98b7-f119308e3794"},"source":"Microsoft-Windows-Security-Auditing"}
{"logMessage":"An object was deleted.\n\nSubject:\n\tSecurity ID:\t\tS-1-5-18\n\tAccount Name:\t\tVIRTUALWINDOWS8$\n\tAccount Domain:\t\tWORKGROUP\n\tLogon ID:\t\t0x3E7\n\nObject:\n\tObject Server:\tSecurity\n\tHandle ID:\t0x2bc4\n\nProcess Information:\n\tProcess ID:\t0xd1c\n\tProcess Name:\tC:\\Windows\\WinSxS\\amd64_microsoft-windows-servicingstack_31bf3856ad364e35_6.3.9600.18384_none_fa1d93c39b41b41a\\TiWorker.exe\n\tTransaction ID:\t{3CD79003-820F-11E9-9C1D-0800279A39D8}","logonID":"0x3e7","level":"Information","computerName":"VirtualWindows8","upCode":"Info","@id":"http://example.org/logEntry#logEntry-538b386b-055c-4ed3-aa38-27d24b92d714","processName":"C:\\Windows\\WinSxS\\amd64_microsoft-windows-servicingstack_31bf3856ad364e35_6.3.9600.18384_none_fa1d93c39b41b41a\\TiWorker.exe","keyword":["Audit Success"],"@timestamp":"2019-05-29T13:14:47.822Z","taskCategory":"File System","@type":"http://purl.org/sepses/vocab/log/wineventlog#WindowsEventLogEntry","handleID":"0x2bc4","eventID":4660,"@context":"http://sepses.ifs.tuwien.ac.at/contexts/wineventlog.jsonld","objectServer":"Security","logName":"Security","hasLogType":"wineventlog","timestamp":"2019-05-29T13:14:47.822Z","accountName":"VIRTUALWINDOWS8$","processID":"0xd1c","accountDomain":"WORKGROUP","originatesFrom":{"hostName":{"name":"VirtualWindows8"},"@type":"rdf:nodeID","@id":"http://example.org/sepses#9dec6675-7456-4eb3-bca0-27e477a72132"},"source":"Microsoft-Windows-Security-Auditing"}
{"logMessage":"An attempt was made to access an object.\n\nSubject:\n\tSecurity ID:\t\tS-1-5-21-2361021202-3253521353-2316283985-1001\n\tAccount Name:\t\tVirtualWindows8User\n\tAccount Domain:\t\tVirtualWindows8\n\tLogon ID:\t\t0x5ED4C0\n\nObject:\n\tObject Server:\t\tSecurity\n\tObject Type:\t\tFile\n\tObject Name:\t\tC:\\Users\\VirtualWindows8User\\Links\\Dropbox.lnk\n\tHandle ID:\t\t0x8cc\n\tResource Attributes:\tS:AI\n\nProcess Information:\n\tProcess ID:\t\t0x6f4\n\tProcess Name:\t\tC:\\Windows\\explorer.exe\n\nAccess Request Information:\n\tAccesses:\t\tReadAttributes\n\t\t\t\t\n\tAccess Mask:\t\t0x80","logonID":"0x5ed4c0","level":"Information","computerName":"VirtualWindows8","upCode":"Info","accesses":"%%4423\n\t\t\t\t","resourceAttributes":"S:AI","@id":"http://example.org/logEntry#logEntry-d9c42b9e-7ece-4d1e-b91e-0c844ada5822","processName":"C:\\Windows\\explorer.exe","keyword":["Audit Success"],"accessMask":"0x80","@timestamp":"2019-05-29T13:14:48.432Z","version":1,"taskCategory":"File System","@type":"http://purl.org/sepses/vocab/log/wineventlog#WindowsEventLogEntry","handleID":"0x8cc","eventID":4663,"@context":"http://sepses.ifs.tuwien.ac.at/contexts/wineventlog.jsonld","objectServer":"Security","logName":"Security","hasLogType":"wineventlog","timestamp":"2019-05-29T13:14:48.432Z","accountName":"VirtualWindows8User","processID":"0x6f4","objectType":"File","accountDomain":"VirtualWindows8","originatesFrom":{"hostName":{"name":"VirtualWindows8"},"@type":"rdf:nodeID","@id":"http://example.org/sepses#cf8074e0-758c-4d81-8888-5fee01dcc745"},"objectName":"C:\\Users\\VirtualWindows8User\\Links\\Dropbox.lnk","source":"Microsoft-Windows-Security-Auditing"}
{"logMessage":"An object was deleted.\n\nSubject:\n\tSecurity ID:\t\tS-1-5-18\n\tAccount Name:\t\tVIRTUALWINDOWS8$\n\tAccount Domain:\t\tWORKGROUP\n\tLogon ID:\t\t0x3E7\n\nObject:\n\tObject Server:\tSecurity\n\tHandle ID:\t0x2bb8\n\nProcess Information:\n\tProcess ID:\t0xd1c\n\tProcess Name:\tC:\\Windows\\WinSxS\\amd64_microsoft-windows-servicingstack_31bf3856ad364e35_6.3.9600.18384_none_fa1d93c39b41b41a\\TiWorker.exe\n\tTransaction ID:\t{3CD7900F-820F-11E9-9C1D-0800279A39D8}","logonID":"0x3e7","level":"Information","computerName":"VirtualWindows8","upCode":"Info","@id":"http://example.org/logEntry#logEntry-02ef3ef5-34fe-4612-8f4b-70f44dcfc45a","processName":"C:\\Windows\\WinSxS\\amd64_microsoft-windows-servicingstack_31bf3856ad364e35_6.3.9600.18384_none_fa1d93c39b41b41a\\TiWorker.exe","keyword":["Audit Success"],"@timestamp":"2019-05-29T13:14:51.953Z","taskCategory":"File System","@type":"http://purl.org/sepses/vocab/log/wineventlog#WindowsEventLogEntry","handleID":"0x2bb8","eventID":4660,"@context":"http://sepses.ifs.tuwien.ac.at/contexts/wineventlog.jsonld","objectServer":"Security","logName":"Security","hasLogType":"wineventlog","timestamp":"2019-05-29T13:14:51.953Z","accountName":"VIRTUALWINDOWS8$","processID":"0xd1c","accountDomain":"WORKGROUP","originatesFrom":{"hostName":{"name":"VirtualWindows8"},"@type":"rdf:nodeID","@id":"http://example.org/sepses#880a3845-09a0-44f2-adf2-9229e018fa1b"},"source":"Microsoft-Windows-Security-Auditing"}
{"logMessage":"An object was deleted.\n\nSubject:\n\tSecurity ID:\t\tS-1-5-18\n\tAccount Name:\t\tVIRTUALWINDOWS8$\n\tAccount Domain:\t\tWORKGROUP\n\tLogon ID:\t\t0x3E7\n\nObject:\n\tObject Server:\tSecurity\n\tHandle ID:\t0x2bc0\n\nProcess Information:\n\tProcess ID:\t0xd1c\n\tProcess Name:\tC:\\Windows\\WinSxS\\amd64_microsoft-windows-servicingstack_31bf3856ad364e35_6.3.9600.18384_none_fa1d93c39b41b41a\\TiWorker.exe\n\tTransaction ID:\t{3CD79022-820F-11E9-9C1D-0800279A39D8}","logonID":"0x3e7","level":"Information","computerName":"VirtualWindows8","upCode":"Info","@id":"http://example.org/logEntry#logEntry-4fafabbb-e652-4421-b116-98b204eab33d","processName":"C:\\Windows\\WinSxS\\amd64_microsoft-windows-servicingstack_31bf3856ad364e35_6.3.9600.18384_none_fa1d93c39b41b41a\\TiWorker.exe","keyword":["Audit Success"],"@timestamp":"2019-05-29T13:14:59.697Z","taskCategory":"File System","@type":"http://purl.org/sepses/vocab/log/wineventlog#WindowsEventLogEntry","handleID":"0x2bc0","eventID":4660,"@context":"http://sepses.ifs.tuwien.ac.at/contexts/wineventlog.jsonld","objectServer":"Security","logName":"Security","hasLogType":"wineventlog","timestamp":"2019-05-29T13:14:59.697Z","accountName":"VIRTUALWINDOWS8$","processID":"0xd1c","accountDomain":"WORKGROUP","originatesFrom":{"hostName":{"name":"VirtualWindows8"},"@type":"rdf:nodeID","@id":"http://example.org/sepses#c3cea065-96c6-42b3-8aae-41c91ee1705f"},"source":"Microsoft-Windows-Security-Auditing"}
{"logMessage":"An object was deleted.\n\nSubject:\n\tSecurity ID:\t\tS-1-5-18\n\tAccount Name:\t\tVIRTUALWINDOWS8$\n\tAccount Domain:\t\tWORKGROUP\n\tLogon ID:\t\t0x3E7\n\nObject:\n\tObject Server:\tSecurity\n\tHandle ID:\t0x2bb0\n\nProcess Information:\n\tProcess ID:\t0xd1c\n\tProcess Name:\tC:\\Windows\\WinSxS\\amd64_microsoft-windows-servicingstack_31bf3856ad364e35_6.3.9600.18384_none_fa1d93c39b41b41a\\TiWorker.exe\n\tTransaction ID:\t{3CD7902E-820F-11E9-9C1D-0800279A39D8}","logonID":"0x3e7","level":"Information","computerName":"VirtualWindows8","upCode":"Info","@id":"http://example.org/logEntry#logEntry-a714d9da-f4f9-462e-b5ef-83f8b233127b","processName":"C:\\Windows\\WinSxS\\amd64_microsoft-windows-servicingstack_31bf3856ad364e35_6.3.9600.18384_none_fa1d93c39b41b41a\\TiWorker.exe","keyword":["Audit Success"],"@timestamp":"2019-05-29T13:15:10.010Z","taskCategory":"File System","@type":"http://purl.org/sepses/vocab/log/wineventlog#WindowsEventLogEntry","handleID":"0x2bb0","eventID":4660,"@context":"http://sepses.ifs.tuwien.ac.at/contexts/wineventlog.jsonld","objectServer":"Security","logName":"Security","hasLogType":"wineventlog","timestamp":"2019-05-29T13:15:10.010Z","accountName":"VIRTUALWINDOWS8$","processID":"0xd1c","accountDomain":"WORKGROUP","originatesFrom":{"hostName":{"name":"VirtualWindows8"},"@type":"rdf:nodeID","@id":"http://example.org/sepses#0014453e-3631-439e-8794-533ea0ca6a2d"},"source":"Microsoft-Windows-Security-Auditing"}
{"logMessage":"An object was deleted.\n\nSubject:\n\tSecurity ID:\t\tS-1-5-18\n\tAccount Name:\t\tVIRTUALWINDOWS8$\n\tAccount Domain:\t\tWORKGROUP\n\tLogon ID:\t\t0x3E7\n\nObject:\n\tObject Server:\tSecurity\n\tHandle ID:\t0x2bc4\n\nProcess Information:\n\tProcess ID:\t0xd1c\n\tProcess Name:\tC:\\Windows\\WinSxS\\amd64_microsoft-windows-servicingstack_31bf3856ad364e35_6.3.9600.18384_none_fa1d93c39b41b41a\\TiWorker.exe\n\tTransaction ID:\t{3CD79049-820F-11E9-9C1D-0800279A39D8}","logonID":"0x3e7","level":"Information","computerName":"VirtualWindows8","upCode":"Info","@id":"http://example.org/logEntry#logEntry-fda6077e-629e-4573-b5dc-266498a83825","processName":"C:\\Windows\\WinSxS\\amd64_microsoft-windows-servicingstack_31bf3856ad364e35_6.3.9600.18384_none_fa1d93c39b41b41a\\TiWorker.exe","keyword":["Audit Success"],"@timestamp":"2019-05-29T13:15:18.822Z","taskCategory":"File System","@type":"http://purl.org/sepses/vocab/log/wineventlog#WindowsEventLogEntry","handleID":"0x2bc4","eventID":4660,"@context":"http://sepses.ifs.tuwien.ac.at/contexts/wineventlog.jsonld","objectServer":"Security","logName":"Security","hasLogType":"wineventlog","timestamp":"2019-05-29T13:15:18.822Z","accountName":"VIRTUALWINDOWS8$","processID":"0xd1c","accountDomain":"WORKGROUP","originatesFrom":{"hostName":{"name":"VirtualWindows8"},"@type":"rdf:nodeID","@id":"http://example.org/sepses#cb216eef-9647-4661-bac7-a59038ee6477"},"source":"Microsoft-Windows-Security-Auditing"}
{"logMessage":"An object was deleted.\n\nSubject:\n\tSecurity ID:\t\tS-1-5-18\n\tAccount Name:\t\tVIRTUALWINDOWS8$\n\tAccount Domain:\t\tWORKGROUP\n\tLogon ID:\t\t0x3E7\n\nObject:\n\tObject Server:\tSecurity\n\tHandle ID:\t0x2bbc\n\nProcess Information:\n\tProcess ID:\t0xd1c\n\tProcess Name:\tC:\\Windows\\WinSxS\\amd64_microsoft-windows-servicingstack_31bf3856ad364e35_6.3.9600.18384_none_fa1d93c39b41b41a\\TiWorker.exe\n\tTransaction ID:\t{3CD79055-820F-11E9-9C1D-0800279A39D8}","logonID":"0x3e7","level":"Information","computerName":"VirtualWindows8","upCode":"Info","@id":"http://example.org/logEntry#logEntry-9e673576-b985-40d4-9b9e-157cbfa47d31","processName":"C:\\Windows\\WinSxS\\amd64_microsoft-windows-servicingstack_31bf3856ad364e35_6.3.9600.18384_none_fa1d93c39b41b41a\\TiWorker.exe","keyword":["Audit Success"],"@timestamp":"2019-05-29T13:15:19.721Z","taskCategory":"File System","@type":"http://purl.org/sepses/vocab/log/wineventlog#WindowsEventLogEntry","handleID":"0x2bbc","eventID":4660,"@context":"http://sepses.ifs.tuwien.ac.at/contexts/wineventlog.jsonld","objectServer":"Security","logName":"Security","hasLogType":"wineventlog","timestamp":"2019-05-29T13:15:19.721Z","accountName":"VIRTUALWINDOWS8$","processID":"0xd1c","accountDomain":"WORKGROUP","originatesFrom":{"hostName":{"name":"VirtualWindows8"},"@type":"rdf:nodeID","@id":"http://example.org/sepses#6b18b943-3bf6-4b2c-a56b-6e175fdfdd0c"},"source":"Microsoft-Windows-Security-Auditing"}
{"logMessage":"An object was deleted.\n\nSubject:\n\tSecurity ID:\t\tS-1-5-18\n\tAccount Name:\t\tVIRTUALWINDOWS8$\n\tAccount Domain:\t\tWORKGROUP\n\tLogon ID:\t\t0x3E7\n\nObject:\n\tObject Server:\tSecurity\n\tHandle ID:\t0x2bbc\n\nProcess Information:\n\tProcess ID:\t0xd1c\n\tProcess Name:\tC:\\Windows\\WinSxS\\amd64_microsoft-windows-servicingstack_31bf3856ad364e35_6.3.9600.18384_none_fa1d93c39b41b41a\\TiWorker.exe\n\tTransaction ID:\t{3CD79055-820F-11E9-9C1D-0800279A39D8}","logonID":"0x3e7","level":"Information","computerName":"VirtualWindows8","upCode":"Info","@id":"http://example.org/logEntry#logEntry-ca0dba05-e211-4657-8386-9b70ca4812fb","processName":"C:\\Windows\\WinSxS\\amd64_microsoft-windows-servicingstack_31bf3856ad364e35_6.3.9600.18384_none_fa1d93c39b41b41a\\TiWorker.exe","keyword":["Audit Success"],"@timestamp":"2019-05-29T13:15:19.793Z","taskCategory":"File System","@type":"http://purl.org/sepses/vocab/log/wineventlog#WindowsEventLogEntry","handleID":"0x2bbc","eventID":4660,"@context":"http://sepses.ifs.tuwien.ac.at/contexts/wineventlog.jsonld","objectServer":"Security","logName":"Security","hasLogType":"wineventlog","timestamp":"2019-05-29T13:15:19.793Z","accountName":"VIRTUALWINDOWS8$","processID":"0xd1c","accountDomain":"WORKGROUP","originatesFrom":{"hostName":{"name":"VirtualWindows8"},"@type":"rdf:nodeID","@id":"http://example.org/sepses#376d4c5e-a0af-4bbe-9431-2fffe84138da"},"source":"Microsoft-Windows-Security-Auditing"}
{"logMessage":"An object was deleted.\n\nSubject:\n\tSecurity ID:\t\tS-1-5-18\n\tAccount Name:\t\tVIRTUALWINDOWS8$\n\tAccount Domain:\t\tWORKGROUP\n\tLogon ID:\t\t0x3E7\n\nObject:\n\tObject Server:\tSecurity\n\tHandle ID:\t0x2bbc\n\nProcess Information:\n\tProcess ID:\t0xd1c\n\tProcess Name:\tC:\\Windows\\WinSxS\\amd64_microsoft-windows-servicingstack_31bf3856ad364e35_6.3.9600.18384_none_fa1d93c39b41b41a\\TiWorker.exe\n\tTransaction ID:\t{3CD79055-820F-11E9-9C1D-0800279A39D8}","logonID":"0x3e7","level":"Information","computerName":"VirtualWindows8","upCode":"Info","@id":"http://example.org/logEntry#logEntry-bc0f8d65-03b5-4776-9f40-3146b4bb4b96","processName":"C:\\Windows\\WinSxS\\amd64_microsoft-windows-servicingstack_31bf3856ad364e35_6.3.9600.18384_none_fa1d93c39b41b41a\\TiWorker.exe","keyword":["Audit Success"],"@timestamp":"2019-05-29T13:15:19.793Z","taskCategory":"File System","@type":"http://purl.org/sepses/vocab/log/wineventlog#WindowsEventLogEntry","handleID":"0x2bbc","eventID":4660,"@context":"http://sepses.ifs.tuwien.ac.at/contexts/wineventlog.jsonld","objectServer":"Security","logName":"Security","hasLogType":"wineventlog","timestamp":"2019-05-29T13:15:19.793Z","accountName":"VIRTUALWINDOWS8$","processID":"0xd1c","accountDomain":"WORKGROUP","originatesFrom":{"hostName":{"name":"VirtualWindows8"},"@type":"rdf:nodeID","@id":"http://example.org/sepses#5425817a-13ff-4b99-8760-a397e9bce15a"},"source":"Microsoft-Windows-Security-Auditing"}
{"logMessage":"An object was deleted.\n\nSubject:\n\tSecurity ID:\t\tS-1-5-18\n\tAccount Name:\t\tVIRTUALWINDOWS8$\n\tAccount Domain:\t\tWORKGROUP\n\tLogon ID:\t\t0x3E7\n\nObject:\n\tObject Server:\tSecurity\n\tHandle ID:\t0x2b9c\n\nProcess Information:\n\tProcess ID:\t0xd1c\n\tProcess Name:\tC:\\Windows\\WinSxS\\amd64_microsoft-windows-servicingstack_31bf3856ad364e35_6.3.9600.18384_none_fa1d93c39b41b41a\\TiWorker.exe\n\tTransaction ID:\t{3CD79061-820F-11E9-9C1D-0800279A39D8}","logonID":"0x3e7","level":"Information","computerName":"VirtualWindows8","upCode":"Info","@id":"http://example.org/logEntry#logEntry-f7f0c3aa-0970-4b55-89b3-0166c7487559","processName":"C:\\Windows\\WinSxS\\amd64_microsoft-windows-servicingstack_31bf3856ad364e35_6.3.9600.18384_none_fa1d93c39b41b41a\\TiWorker.exe","keyword":["Audit Success"],"@timestamp":"2019-05-29T13:15:21.198Z","taskCategory":"File System","@type":"http://purl.org/sepses/vocab/log/wineventlog#WindowsEventLogEntry","handleID":"0x2b9c","eventID":4660,"@context":"http://sepses.ifs.tuwien.ac.at/contexts/wineventlog.jsonld","objectServer":"Security","logName":"Security","hasLogType":"wineventlog","timestamp":"2019-05-29T13:15:21.198Z","accountName":"VIRTUALWINDOWS8$","processID":"0xd1c","accountDomain":"WORKGROUP","originatesFrom":{"hostName":{"name":"VirtualWindows8"},"@type":"rdf:nodeID","@id":"http://example.org/sepses#8ea1c783-f19a-42b8-b9fd-c89126530ba1"},"source":"Microsoft-Windows-Security-Auditing"}
{"logMessage":"An attempt was made to access an object.\n\nSubject:\n\tSecurity ID:\t\tS-1-5-18\n\tAccount Name:\t\tVIRTUALWINDOWS8$\n\tAccount Domain:\t\tWORKGROUP\n\tLogon ID:\t\t0x3E7\n\nObject:\n\tObject Server:\t\tSecurity\n\tObject Type:\t\tFile\n\tObject Name:\t\tC:\\Windows\\WinSxS\\wow64_microsoft-windows-ntdll.resources_31bf3856ad364e35_6.3.9600.17031_en-us_63daafb66454067a\\ntdll.dll.mui\n\tHandle ID:\t\t0x2b94\n\tResource Attributes:\tS:AI\n\nProcess Information:\n\tProcess ID:\t\t0xd1c\n\tProcess Name:\t\tC:\\Windows\\WinSxS\\amd64_microsoft-windows-servicingstack_31bf3856ad364e35_6.3.9600.18384_none_fa1d93c39b41b41a\\TiWorker.exe\n\nAccess Request Information:\n\tAccesses:\t\tDELETE\n\t\t\t\t\n\tAccess Mask:\t\t0x10000","logonID":"0x3e7","level":"Information","computerName":"VirtualWindows8","upCode":"Info","accesses":"%%1537\n\t\t\t\t","resourceAttributes":"S:AI","@id":"http://example.org/logEntry#logEntry-273e3348-676c-4f59-9d23-733f42637387","processName":"C:\\Windows\\WinSxS\\amd64_microsoft-windows-servicingstack_31bf3856ad364e35_6.3.9600.18384_none_fa1d93c39b41b41a\\TiWorker.exe","keyword":["Audit Success"],"accessMask":"0x10000","@timestamp":"2019-05-29T13:15:22.510Z","version":1,"taskCategory":"File System","@type":"http://purl.org/sepses/vocab/log/wineventlog#WindowsEventLogEntry","handleID":"0x2b94","eventID":4663,"@context":"http://sepses.ifs.tuwien.ac.at/contexts/wineventlog.jsonld","objectServer":"Security","logName":"Security","hasLogType":"wineventlog","timestamp":"2019-05-29T13:15:22.510Z","accountName":"VIRTUALWINDOWS8$","processID":"0xd1c","objectType":"File","accountDomain":"WORKGROUP","originatesFrom":{"hostName":{"name":"VirtualWindows8"},"@type":"rdf:nodeID","@id":"http://example.org/sepses#8ec33245-f981-48c2-ab4a-f80c1bac712a"},"objectName":"C:\\Windows\\WinSxS\\wow64_microsoft-windows-ntdll.resources_31bf3856ad364e35_6.3.9600.17031_en-us_63daafb66454067a\\ntdll.dll.mui","source":"Microsoft-Windows-Security-Auditing"}
