{"logName":"Security","source":"Microsoft-Windows-Security-Auditing","@context":"http://sepses.ifs.tuwien.ac.at/contexts/wineventlog.jsonld","computerName":"DESKTOP-F650GTN","objectServer":"Security","@type":"http://purl.org/sepses/vocab/log/wineventlog#WindowsEventLogEntry","upCode":"Info","accessMask":"0x1","hasLogType":"wineventlog","timestamp":"2019-05-29T13:19:38.549Z","processName":"C:\\Program Files (x86)\\Google\\Chrome\\Application\\chrome.exe","handleID":"0x2988","@timestamp":"2019-05-29T13:19:38.549Z","eventID":4663,"level":"Information","taskCategory":"Removable Storage","originatesFrom":{"@type":"rdf:nodeID","@id":"http://example.org/sepses#2f46fd08-e881-48e1-bea2-f1cd1414b2a2","hostName":"DESKTOP-F650GTN"},"objectType":"File","processID":"0x1404","@id":"http://example.org/logEntry#logEntry-c7341f15-0305-4566-8fc2-e226e00e7a78","accountName":"KKurniawan","keyword":["Audit Success"],"accountDomain":"DESKTOP-F650GTN","logonID":"0xe138a","accesses":"%%4416\n\t\t\t\t","logMessage":"An attempt was made to access an object.\n\nSubject:\n\tSecurity ID:\t\tS-1-5-21-132051286-1762614582-3209893546-1001\n\tAccount Name:\t\tKKurniawan\n\tAccount Domain:\t\tDESKTOP-F650GTN\n\tLogon ID:\t\t0xE138A\n\nObject:\n\tObject Server:\t\tSecurity\n\tObject Type:\t\tFile\n\tObject Name:\t\t\\Device\\HarddiskVolume6\\\n\tHandle ID:\t\t0x2988\n\tResource Attributes:\t\n\nProcess Information:\n\tProcess ID:\t\t0x1404\n\tProcess Name:\t\tC:\\Program Files (x86)\\Google\\Chrome\\Application\\chrome.exe\n\nAccess Request Information:\n\tAccesses:\t\tReadData (or ListDirectory)\n\t\t\t\t\n\tAccess Mask:\t\t0x1","version":1,"objectName":"\\Device\\HarddiskVolume6\\"}
{"logName":"Security","source":"Microsoft-Windows-Security-Auditing","@context":"http://sepses.ifs.tuwien.ac.at/contexts/wineventlog.jsonld","computerName":"DESKTOP-F650GTN","objectServer":"Security","@type":"http://purl.org/sepses/vocab/log/wineventlog#WindowsEventLogEntry","upCode":"Info","accessMask":"0x1","hasLogType":"wineventlog","timestamp":"2019-05-29T13:19:38.637Z","processName":"C:\\Program Files (x86)\\Google\\Chrome\\Application\\chrome.exe","handleID":"0x23ec","@timestamp":"2019-05-29T13:19:38.637Z","eventID":4663,"level":"Information","taskCategory":"Removable Storage","originatesFrom":{"@type":"rdf:nodeID","@id":"http://example.org/sepses#6d0cd837-00d0-4ab3-92bd-fb3be92e4b41","hostName":"DESKTOP-F650GTN"},"objectType":"File","processID":"0x1404","@id":"http://example.org/logEntry#logEntry-811463a1-8cc3-479f-b59d-29c89a82bf39","accountName":"KKurniawan","keyword":["Audit Success"],"accountDomain":"DESKTOP-F650GTN","logonID":"0xe138a","accesses":"%%4416\n\t\t\t\t","logMessage":"An attempt was made to access an object.\n\nSubject:\n\tSecurity ID:\t\tS-1-5-21-132051286-1762614582-3209893546-1001\n\tAccount Name:\t\tKKurniawan\n\tAccount Domain:\t\tDESKTOP-F650GTN\n\tLogon ID:\t\t0xE138A\n\nObject:\n\tObject Server:\t\tSecurity\n\tObject Type:\t\tFile\n\tObject Name:\t\t\\Device\\HarddiskVolume6\\\n\tHandle ID:\t\t0x23ec\n\tResource Attributes:\t\n\nProcess Information:\n\tProcess ID:\t\t0x1404\n\tProcess Name:\t\tC:\\Program Files (x86)\\Google\\Chrome\\Application\\chrome.exe\n\nAccess Request Information:\n\tAccesses:\t\tReadData (or ListDirectory)\n\t\t\t\t\n\tAccess Mask:\t\t0x1","version":1,"objectName":"\\Device\\HarddiskVolume6\\"}
{"logName":"Security","source":"Microsoft-Windows-Security-Auditing","@context":"http://sepses.ifs.tuwien.ac.at/contexts/wineventlog.jsonld","computerName":"DESKTOP-F650GTN","objectServer":"Security","@type":"http://purl.org/sepses/vocab/log/wineventlog#WindowsEventLogEntry","upCode":"Info","accessMask":"0x1","hasLogType":"wineventlog","timestamp":"2019-05-29T13:19:38.291Z","processName":"C:\\Program Files (x86)\\Google\\Chrome\\Application\\chrome.exe","handleID":"0x3990","@timestamp":"2019-05-29T13:19:38.291Z","eventID":4663,"level":"Information","taskCategory":"Removable Storage","originatesFrom":{"@type":"rdf:nodeID","@id":"http://example.org/sepses#f1e11a9c-2451-4fa1-9a99-49a19603524f","hostName":"DESKTOP-F650GTN"},"objectType":"File","processID":"0x1404","@id":"http://example.org/logEntry#logEntry-1d924215-9265-442d-ad00-a5b5bba379df","accountName":"KKurniawan","keyword":["Audit Success"],"accountDomain":"DESKTOP-F650GTN","logonID":"0xe138a","accesses":"%%4416\n\t\t\t\t","logMessage":"An attempt was made to access an object.\n\nSubject:\n\tSecurity ID:\t\tS-1-5-21-132051286-1762614582-3209893546-1001\n\tAccount Name:\t\tKKurniawan\n\tAccount Domain:\t\tDESKTOP-F650GTN\n\tLogon ID:\t\t0xE138A\n\nObject:\n\tObject Server:\t\tSecurity\n\tObject Type:\t\tFile\n\tObject Name:\t\t\\Device\\HarddiskVolume6\\Heterogeneous data to RDF graphs\n\tHandle ID:\t\t0x3990\n\tResource Attributes:\t\n\nProcess Information:\n\tProcess ID:\t\t0x1404\n\tProcess Name:\t\tC:\\Program Files (x86)\\Google\\Chrome\\Application\\chrome.exe\n\nAccess Request Information:\n\tAccesses:\t\tReadData (or ListDirectory)\n\t\t\t\t\n\tAccess Mask:\t\t0x1","version":1,"objectName":"\\Device\\HarddiskVolume6\\Heterogeneous data to RDF graphs"}
{"logName":"Security","source":"Microsoft-Windows-Security-Auditing","@context":"http://sepses.ifs.tuwien.ac.at/contexts/wineventlog.jsonld","computerName":"DESKTOP-F650GTN","objectServer":"Security","@type":"http://purl.org/sepses/vocab/log/wineventlog#WindowsEventLogEntry","upCode":"Info","accessMask":"0x1","hasLogType":"wineventlog","timestamp":"2019-05-29T13:19:38.294Z","processName":"C:\\Program Files (x86)\\Google\\Chrome\\Application\\chrome.exe","handleID":"0x2c64","@timestamp":"2019-05-29T13:19:38.294Z","eventID":4663,"level":"Information","taskCategory":"Removable Storage","originatesFrom":{"@type":"rdf:nodeID","@id":"http://example.org/sepses#d9e8b458-17d8-4727-97bf-5bcbbd711050","hostName":"DESKTOP-F650GTN"},"objectType":"File","processID":"0x1404","@id":"http://example.org/logEntry#logEntry-84634c8c-5e95-4a6d-8c1a-bbca7355eae0","accountName":"KKurniawan","keyword":["Audit Success"],"accountDomain":"DESKTOP-F650GTN","logonID":"0xe138a","accesses":"%%4416\n\t\t\t\t","logMessage":"An attempt was made to access an object.\n\nSubject:\n\tSecurity ID:\t\tS-1-5-21-132051286-1762614582-3209893546-1001\n\tAccount Name:\t\tKKurniawan\n\tAccount Domain:\t\tDESKTOP-F650GTN\n\tLogon ID:\t\t0xE138A\n\nObject:\n\tObject Server:\t\tSecurity\n\tObject Type:\t\tFile\n\tObject Name:\t\t\\Device\\HarddiskVolume6\\slide-2017\n\tHandle ID:\t\t0x2c64\n\tResource Attributes:\t\n\nProcess Information:\n\tProcess ID:\t\t0x1404\n\tProcess Name:\t\tC:\\Program Files (x86)\\Google\\Chrome\\Application\\chrome.exe\n\nAccess Request Information:\n\tAccesses:\t\tReadData (or ListDirectory)\n\t\t\t\t\n\tAccess Mask:\t\t0x1","version":1,"objectName":"\\Device\\HarddiskVolume6\\slide-2017"}
{"logName":"Security","source":"Microsoft-Windows-Security-Auditing","@context":"http://sepses.ifs.tuwien.ac.at/contexts/wineventlog.jsonld","computerName":"DESKTOP-F650GTN","objectServer":"Security","@type":"http://purl.org/sepses/vocab/log/wineventlog#WindowsEventLogEntry","upCode":"Info","accessMask":"0x1","hasLogType":"wineventlog","timestamp":"2019-05-29T13:19:38.295Z","processName":"C:\\Program Files (x86)\\Google\\Chrome\\Application\\chrome.exe","handleID":"0x2c64","@timestamp":"2019-05-29T13:19:38.295Z","eventID":4663,"level":"Information","taskCategory":"Removable Storage","originatesFrom":{"@type":"rdf:nodeID","@id":"http://example.org/sepses#eb509fc6-7afc-42c3-9722-76a11d1f34c2","hostName":"DESKTOP-F650GTN"},"objectType":"File","processID":"0x1404","@id":"http://example.org/logEntry#logEntry-3124c7a0-70e2-4666-8996-ec9fc7c1ba73","accountName":"KKurniawan","keyword":["Audit Success"],"accountDomain":"DESKTOP-F650GTN","logonID":"0xe138a","accesses":"%%4416\n\t\t\t\t","logMessage":"An attempt was made to access an object.\n\nSubject:\n\tSecurity ID:\t\tS-1-5-21-132051286-1762614582-3209893546-1001\n\tAccount Name:\t\tKKurniawan\n\tAccount Domain:\t\tDESKTOP-F650GTN\n\tLogon ID:\t\t0xE138A\n\nObject:\n\tObject Server:\t\tSecurity\n\tObject Type:\t\tFile\n\tObject Name:\t\t\\Device\\HarddiskVolume6\\trunk\n\tHandle ID:\t\t0x2c64\n\tResource Attributes:\t\n\nProcess Information:\n\tProcess ID:\t\t0x1404\n\tProcess Name:\t\tC:\\Program Files (x86)\\Google\\Chrome\\Application\\chrome.exe\n\nAccess Request Information:\n\tAccesses:\t\tReadData (or ListDirectory)\n\t\t\t\t\n\tAccess Mask:\t\t0x1","version":1,"objectName":"\\Device\\HarddiskVolume6\\trunk"}
{"logName":"Security","source":"Microsoft-Windows-Security-Auditing","@context":"http://sepses.ifs.tuwien.ac.at/contexts/wineventlog.jsonld","computerName":"DESKTOP-F650GTN","objectServer":"Security","@type":"http://purl.org/sepses/vocab/log/wineventlog#WindowsEventLogEntry","upCode":"Info","accessMask":"0x1","hasLogType":"wineventlog","timestamp":"2019-05-29T13:19:38.392Z","processName":"C:\\Program Files (x86)\\Google\\Chrome\\Application\\chrome.exe","handleID":"0x39b8","@timestamp":"2019-05-29T13:19:38.392Z","eventID":4663,"level":"Information","taskCategory":"Removable Storage","originatesFrom":{"@type":"rdf:nodeID","@id":"http://example.org/sepses#f5960a8a-031d-4d3e-9118-07b773fd94c7","hostName":"DESKTOP-F650GTN"},"objectType":"File","processID":"0x1404","@id":"http://example.org/logEntry#logEntry-1168d75c-4206-47b7-8d54-737dbcbac6c5","accountName":"KKurniawan","keyword":["Audit Success"],"accountDomain":"DESKTOP-F650GTN","logonID":"0xe138a","accesses":"%%4416\n\t\t\t\t","logMessage":"An attempt was made to access an object.\n\nSubject:\n\tSecurity ID:\t\tS-1-5-21-132051286-1762614582-3209893546-1001\n\tAccount Name:\t\tKKurniawan\n\tAccount Domain:\t\tDESKTOP-F650GTN\n\tLogon ID:\t\t0xE138A\n\nObject:\n\tObject Server:\t\tSecurity\n\tObject Type:\t\tFile\n\tObject Name:\t\t\\Device\\HarddiskVolume6\\\n\tHandle ID:\t\t0x39b8\n\tResource Attributes:\t\n\nProcess Information:\n\tProcess ID:\t\t0x1404\n\tProcess Name:\t\tC:\\Program Files (x86)\\Google\\Chrome\\Application\\chrome.exe\n\nAccess Request Information:\n\tAccesses:\t\tReadData (or ListDirectory)\n\t\t\t\t\n\tAccess Mask:\t\t0x1","version":1,"objectName":"\\Device\\HarddiskVolume6\\"}
{"logName":"Security","source":"Microsoft-Windows-Security-Auditing","@context":"http://sepses.ifs.tuwien.ac.at/contexts/wineventlog.jsonld","computerName":"DESKTOP-F650GTN","objectServer":"Security","@type":"http://purl.org/sepses/vocab/log/wineventlog#WindowsEventLogEntry","upCode":"Info","accessMask":"0x1","hasLogType":"wineventlog","timestamp":"2019-05-29T13:19:38.475Z","processName":"C:\\Program Files (x86)\\Google\\Chrome\\Application\\chrome.exe","handleID":"0x3070","@timestamp":"2019-05-29T13:19:38.475Z","eventID":4663,"level":"Information","taskCategory":"Removable Storage","originatesFrom":{"@type":"rdf:nodeID","@id":"http://example.org/sepses#30b4ca6d-2605-4e3f-8378-3b6d9a19c6ff","hostName":"DESKTOP-F650GTN"},"objectType":"File","processID":"0x1404","@id":"http://example.org/logEntry#logEntry-e6a7e4c1-1cc5-4808-8309-ed58753798c7","accountName":"KKurniawan","keyword":["Audit Success"],"accountDomain":"DESKTOP-F650GTN","logonID":"0xe138a","accesses":"%%4416\n\t\t\t\t","logMessage":"An attempt was made to access an object.\n\nSubject:\n\tSecurity ID:\t\tS-1-5-21-132051286-1762614582-3209893546-1001\n\tAccount Name:\t\tKKurniawan\n\tAccount Domain:\t\tDESKTOP-F650GTN\n\tLogon ID:\t\t0xE138A\n\nObject:\n\tObject Server:\t\tSecurity\n\tObject Type:\t\tFile\n\tObject Name:\t\t\\Device\\HarddiskVolume6\\\n\tHandle ID:\t\t0x3070\n\tResource Attributes:\t\n\nProcess Information:\n\tProcess ID:\t\t0x1404\n\tProcess Name:\t\tC:\\Program Files (x86)\\Google\\Chrome\\Application\\chrome.exe\n\nAccess Request Information:\n\tAccesses:\t\tReadData (or ListDirectory)\n\t\t\t\t\n\tAccess Mask:\t\t0x1","version":1,"objectName":"\\Device\\HarddiskVolume6\\"}
{"logName":"Security","source":"Microsoft-Windows-Security-Auditing","@context":"http://sepses.ifs.tuwien.ac.at/contexts/wineventlog.jsonld","computerName":"DESKTOP-F650GTN","objectServer":"Security","@type":"http://purl.org/sepses/vocab/log/wineventlog#WindowsEventLogEntry","upCode":"Info","accessMask":"0x1","hasLogType":"wineventlog","timestamp":"2019-05-29T13:19:38.495Z","processName":"C:\\Program Files (x86)\\Google\\Chrome\\Application\\chrome.exe","handleID":"0x2f68","@timestamp":"2019-05-29T13:19:38.495Z","eventID":4663,"level":"Information","taskCategory":"Removable Storage","originatesFrom":{"@type":"rdf:nodeID","@id":"http://example.org/sepses#e364c4dd-00c6-4208-9d58-b9f609f21a7b","hostName":"DESKTOP-F650GTN"},"objectType":"File","processID":"0x1404","@id":"http://example.org/logEntry#logEntry-049bef96-61d8-4cee-a270-0dab1ccdec1e","accountName":"KKurniawan","keyword":["Audit Success"],"accountDomain":"DESKTOP-F650GTN","logonID":"0xe138a","accesses":"%%4416\n\t\t\t\t","logMessage":"An attempt was made to access an object.\n\nSubject:\n\tSecurity ID:\t\tS-1-5-21-132051286-1762614582-3209893546-1001\n\tAccount Name:\t\tKKurniawan\n\tAccount Domain:\t\tDESKTOP-F650GTN\n\tLogon ID:\t\t0xE138A\n\nObject:\n\tObject Server:\t\tSecurity\n\tObject Type:\t\tFile\n\tObject Name:\t\t\\Device\\HarddiskVolume6\\\n\tHandle ID:\t\t0x2f68\n\tResource Attributes:\t\n\nProcess Information:\n\tProcess ID:\t\t0x1404\n\tProcess Name:\t\tC:\\Program Files (x86)\\Google\\Chrome\\Application\\chrome.exe\n\nAccess Request Information:\n\tAccesses:\t\tReadData (or ListDirectory)\n\t\t\t\t\n\tAccess Mask:\t\t0x1","version":1,"objectName":"\\Device\\HarddiskVolume6\\"}
{"logName":"Security","source":"Microsoft-Windows-Security-Auditing","@context":"http://sepses.ifs.tuwien.ac.at/contexts/wineventlog.jsonld","computerName":"DESKTOP-F650GTN","objectServer":"Security","@type":"http://purl.org/sepses/vocab/log/wineventlog#WindowsEventLogEntry","upCode":"Info","accessMask":"0x1","hasLogType":"wineventlog","timestamp":"2019-05-29T13:19:38.535Z","processName":"C:\\Program Files (x86)\\Google\\Chrome\\Application\\chrome.exe","handleID":"0x3070","@timestamp":"2019-05-29T13:19:38.535Z","eventID":4663,"level":"Information","taskCategory":"Removable Storage","originatesFrom":{"@type":"rdf:nodeID","@id":"http://example.org/sepses#860d15d7-2241-4cc7-a6e5-38ad74437a1d","hostName":"DESKTOP-F650GTN"},"objectType":"File","processID":"0x1404","@id":"http://example.org/logEntry#logEntry-4283f005-2373-455b-9625-55378ee84d66","accountName":"KKurniawan","keyword":["Audit Success"],"accountDomain":"DESKTOP-F650GTN","logonID":"0xe138a","accesses":"%%4416\n\t\t\t\t","logMessage":"An attempt was made to access an object.\n\nSubject:\n\tSecurity ID:\t\tS-1-5-21-132051286-1762614582-3209893546-1001\n\tAccount Name:\t\tKKurniawan\n\tAccount Domain:\t\tDESKTOP-F650GTN\n\tLogon ID:\t\t0xE138A\n\nObject:\n\tObject Server:\t\tSecurity\n\tObject Type:\t\tFile\n\tObject Name:\t\t\\Device\\HarddiskVolume6\\\n\tHandle ID:\t\t0x3070\n\tResource Attributes:\t\n\nProcess Information:\n\tProcess ID:\t\t0x1404\n\tProcess Name:\t\tC:\\Program Files (x86)\\Google\\Chrome\\Application\\chrome.exe\n\nAccess Request Information:\n\tAccesses:\t\tReadData (or ListDirectory)\n\t\t\t\t\n\tAccess Mask:\t\t0x1","version":1,"objectName":"\\Device\\HarddiskVolume6\\"}
{"logName":"Security","source":"Microsoft-Windows-Security-Auditing","@context":"http://sepses.ifs.tuwien.ac.at/contexts/wineventlog.jsonld","computerName":"DESKTOP-F650GTN","objectServer":"Security","@type":"http://purl.org/sepses/vocab/log/wineventlog#WindowsEventLogEntry","upCode":"Info","accessMask":"0x1","hasLogType":"wineventlog","timestamp":"2019-05-29T13:19:38.637Z","processName":"C:\\Program Files (x86)\\Google\\Chrome\\Application\\chrome.exe","handleID":"0x23ec","@timestamp":"2019-05-29T13:19:38.637Z","eventID":4663,"level":"Information","taskCategory":"Removable Storage","originatesFrom":{"@type":"rdf:nodeID","@id":"http://example.org/sepses#84921ba9-39ce-4d93-a046-462119e7a409","hostName":"DESKTOP-F650GTN"},"objectType":"File","processID":"0x1404","@id":"http://example.org/logEntry#logEntry-76c68cf5-07e2-43b4-965a-91171cca0106","accountName":"KKurniawan","keyword":["Audit Success"],"accountDomain":"DESKTOP-F650GTN","logonID":"0xe138a","accesses":"%%4416\n\t\t\t\t","logMessage":"An attempt was made to access an object.\n\nSubject:\n\tSecurity ID:\t\tS-1-5-21-132051286-1762614582-3209893546-1001\n\tAccount Name:\t\tKKurniawan\n\tAccount Domain:\t\tDESKTOP-F650GTN\n\tLogon ID:\t\t0xE138A\n\nObject:\n\tObject Server:\t\tSecurity\n\tObject Type:\t\tFile\n\tObject Name:\t\t\\Device\\HarddiskVolume6\\\n\tHandle ID:\t\t0x23ec\n\tResource Attributes:\t\n\nProcess Information:\n\tProcess ID:\t\t0x1404\n\tProcess Name:\t\tC:\\Program Files (x86)\\Google\\Chrome\\Application\\chrome.exe\n\nAccess Request Information:\n\tAccesses:\t\tReadData (or ListDirectory)\n\t\t\t\t\n\tAccess Mask:\t\t0x1","version":1,"objectName":"\\Device\\HarddiskVolume6\\"}
{"logName":"Security","source":"Microsoft-Windows-Security-Auditing","@context":"http://sepses.ifs.tuwien.ac.at/contexts/wineventlog.jsonld","computerName":"DESKTOP-F650GTN","objectServer":"Security","@type":"http://purl.org/sepses/vocab/log/wineventlog#WindowsEventLogEntry","upCode":"Info","resourceAttributes":"S:AI","accessMask":"0x80","hasLogType":"wineventlog","timestamp":"2019-05-29T13:19:46.103Z","processName":"C:\\Windows\\explorer.exe","handleID":"0x5744","@timestamp":"2019-05-29T13:19:46.103Z","eventID":4663,"level":"Information","taskCategory":"File System","originatesFrom":{"@type":"rdf:nodeID","@id":"http://example.org/sepses#63917e81-203c-474b-8b65-407a5616c505","hostName":"DESKTOP-F650GTN"},"objectType":"File","processID":"0x2be0","@id":"http://example.org/logEntry#logEntry-bb14c3d6-1ddc-4493-9079-0ee97c1076e1","accountName":"KKurniawan","keyword":["Audit Success"],"accountDomain":"DESKTOP-F650GTN","logonID":"0xe138a","accesses":"%%4423\n\t\t\t\t","logMessage":"An attempt was made to access an object.\n\nSubject:\n\tSecurity ID:\t\tS-1-5-21-132051286-1762614582-3209893546-1001\n\tAccount Name:\t\tKKurniawan\n\tAccount Domain:\t\tDESKTOP-F650GTN\n\tLogon ID:\t\t0xE138A\n\nObject:\n\tObject Server:\t\tSecurity\n\tObject Type:\t\tFile\n\tObject Name:\t\tC:\\Users\\KKurniawan\\userDocuments\\desktop.ini\n\tHandle ID:\t\t0x5744\n\tResource Attributes:\tS:AI\n\nProcess Information:\n\tProcess ID:\t\t0x2be0\n\tProcess Name:\t\tC:\\Windows\\explorer.exe\n\nAccess Request Information:\n\tAccesses:\t\tReadAttributes\n\t\t\t\t\n\tAccess Mask:\t\t0x80","version":1,"objectName":"C:\\Users\\KKurniawan\\userDocuments\\desktop.ini"}
{"logName":"Security","source":"Microsoft-Windows-Security-Auditing","@context":"http://sepses.ifs.tuwien.ac.at/contexts/wineventlog.jsonld","computerName":"DESKTOP-F650GTN","objectServer":"Security","@type":"http://purl.org/sepses/vocab/log/wineventlog#WindowsEventLogEntry","upCode":"Info","accessMask":"0x1","hasLogType":"wineventlog","timestamp":"2019-05-29T13:20:41.595Z","processName":"C:\\Program Files (x86)\\Google\\Chrome\\Application\\chrome.exe","handleID":"0x3744","@timestamp":"2019-05-29T13:20:41.595Z","eventID":4663,"level":"Information","taskCategory":"Removable Storage","originatesFrom":{"@type":"rdf:nodeID","@id":"http://example.org/sepses#f8b49eee-ae45-43aa-88cc-ba4518638e68","hostName":"DESKTOP-F650GTN"},"objectType":"File","processID":"0x1404","@id":"http://example.org/logEntry#logEntry-84ecabe8-6725-46f9-bdf6-4d19121c8e15","accountName":"KKurniawan","keyword":["Audit Success"],"accountDomain":"DESKTOP-F650GTN","logonID":"0xe138a","accesses":"%%4416\n\t\t\t\t","logMessage":"An attempt was made to access an object.\n\nSubject:\n\tSecurity ID:\t\tS-1-5-21-132051286-1762614582-3209893546-1001\n\tAccount Name:\t\tKKurniawan\n\tAccount Domain:\t\tDESKTOP-F650GTN\n\tLogon ID:\t\t0xE138A\n\nObject:\n\tObject Server:\t\tSecurity\n\tObject Type:\t\tFile\n\tObject Name:\t\t\\Device\\HarddiskVolume6\\slide-2017\\desktop.ini\n\tHandle ID:\t\t0x3744\n\tResource Attributes:\t\n\nProcess Information:\n\tProcess ID:\t\t0x1404\n\tProcess Name:\t\tC:\\Program Files (x86)\\Google\\Chrome\\Application\\chrome.exe\n\nAccess Request Information:\n\tAccesses:\t\tReadData (or ListDirectory)\n\t\t\t\t\n\tAccess Mask:\t\t0x1","version":1,"objectName":"\\Device\\HarddiskVolume6\\slide-2017\\desktop.ini"}
{"logName":"Security","source":"Microsoft-Windows-Security-Auditing","@context":"http://sepses.ifs.tuwien.ac.at/contexts/wineventlog.jsonld","computerName":"DESKTOP-F650GTN","objectServer":"Security","@type":"http://purl.org/sepses/vocab/log/wineventlog#WindowsEventLogEntry","upCode":"Info","accessMask":"0x1","hasLogType":"wineventlog","timestamp":"2019-05-29T13:20:41.837Z","processName":"C:\\Program Files (x86)\\Google\\Chrome\\Application\\chrome.exe","handleID":"0x2e18","@timestamp":"2019-05-29T13:20:41.837Z","eventID":4663,"level":"Information","taskCategory":"Removable Storage","originatesFrom":{"@type":"rdf:nodeID","@id":"http://example.org/sepses#b44b6116-a7ea-444a-9eb3-20a519416293","hostName":"DESKTOP-F650GTN"},"objectType":"File","processID":"0x1404","@id":"http://example.org/logEntry#logEntry-f3175fcc-861e-45e3-a8ab-63a5b9b82807","accountName":"KKurniawan","keyword":["Audit Success"],"accountDomain":"DESKTOP-F650GTN","logonID":"0xe138a","accesses":"%%4416\n\t\t\t\t","logMessage":"An attempt was made to access an object.\n\nSubject:\n\tSecurity ID:\t\tS-1-5-21-132051286-1762614582-3209893546-1001\n\tAccount Name:\t\tKKurniawan\n\tAccount Domain:\t\tDESKTOP-F650GTN\n\tLogon ID:\t\t0xE138A\n\nObject:\n\tObject Server:\t\tSecurity\n\tObject Type:\t\tFile\n\tObject Name:\t\t\\Device\\HarddiskVolume6\\slide-2017\\Kuis\\desktop.ini\n\tHandle ID:\t\t0x2e18\n\tResource Attributes:\t\n\nProcess Information:\n\tProcess ID:\t\t0x1404\n\tProcess Name:\t\tC:\\Program Files (x86)\\Google\\Chrome\\Application\\chrome.exe\n\nAccess Request Information:\n\tAccesses:\t\tReadData (or ListDirectory)\n\t\t\t\t\n\tAccess Mask:\t\t0x1","version":1,"objectName":"\\Device\\HarddiskVolume6\\slide-2017\\Kuis\\desktop.ini"}
{"logName":"Security","source":"Microsoft-Windows-Security-Auditing","@context":"http://sepses.ifs.tuwien.ac.at/contexts/wineventlog.jsonld","computerName":"DESKTOP-F650GTN","objectServer":"Security","@type":"http://purl.org/sepses/vocab/log/wineventlog#WindowsEventLogEntry","upCode":"Info","accessMask":"0x1","hasLogType":"wineventlog","timestamp":"2019-05-29T13:20:41.840Z","processName":"C:\\Program Files (x86)\\Google\\Chrome\\Application\\chrome.exe","handleID":"0x371c","@timestamp":"2019-05-29T13:20:41.840Z","eventID":4663,"level":"Information","taskCategory":"Removable Storage","originatesFrom":{"@type":"rdf:nodeID","@id":"http://example.org/sepses#0aed4162-562e-431b-9084-a41aaa17b9d6","hostName":"DESKTOP-F650GTN"},"objectType":"File","processID":"0x1404","@id":"http://example.org/logEntry#logEntry-062fd1e3-c0ec-4d70-9081-8abbc77f20a8","accountName":"KKurniawan","keyword":["Audit Success"],"accountDomain":"DESKTOP-F650GTN","logonID":"0xe138a","accesses":"%%4416\n\t\t\t\t","logMessage":"An attempt was made to access an object.\n\nSubject:\n\tSecurity ID:\t\tS-1-5-21-132051286-1762614582-3209893546-1001\n\tAccount Name:\t\tKKurniawan\n\tAccount Domain:\t\tDESKTOP-F650GTN\n\tLogon ID:\t\t0xE138A\n\nObject:\n\tObject Server:\t\tSecurity\n\tObject Type:\t\tFile\n\tObject Name:\t\t\\Device\\HarddiskVolume6\\kabulkurniawan.zip\n\tHandle ID:\t\t0x371c\n\tResource Attributes:\t\n\nProcess Information:\n\tProcess ID:\t\t0x1404\n\tProcess Name:\t\tC:\\Program Files (x86)\\Google\\Chrome\\Application\\chrome.exe\n\nAccess Request Information:\n\tAccesses:\t\tReadData (or ListDirectory)\n\t\t\t\t\n\tAccess Mask:\t\t0x1","version":1,"objectName":"\\Device\\HarddiskVolume6\\kabulkurniawan.zip"}
{"logName":"Security","source":"Microsoft-Windows-Security-Auditing","@context":"http://sepses.ifs.tuwien.ac.at/contexts/wineventlog.jsonld","computerName":"DESKTOP-F650GTN","objectServer":"Security","@type":"http://purl.org/sepses/vocab/log/wineventlog#WindowsEventLogEntry","upCode":"Info","accessMask":"0x1","hasLogType":"wineventlog","timestamp":"2019-05-29T13:20:42.313Z","processName":"C:\\Program Files (x86)\\Google\\Chrome\\Application\\chrome.exe","handleID":"0x2dd0","@timestamp":"2019-05-29T13:20:42.313Z","eventID":4663,"level":"Information","taskCategory":"Removable Storage","originatesFrom":{"@type":"rdf:nodeID","@id":"http://example.org/sepses#3593af55-e97c-4bb3-ae84-b95bd7fdddbe","hostName":"DESKTOP-F650GTN"},"objectType":"File","processID":"0x1404","@id":"http://example.org/logEntry#logEntry-a9bb6b0c-3084-4a70-b287-a405134cb5db","accountName":"KKurniawan","keyword":["Audit Success"],"accountDomain":"DESKTOP-F650GTN","logonID":"0xe138a","accesses":"%%4416\n\t\t\t\t","logMessage":"An attempt was made to access an object.\n\nSubject:\n\tSecurity ID:\t\tS-1-5-21-132051286-1762614582-3209893546-1001\n\tAccount Name:\t\tKKurniawan\n\tAccount Domain:\t\tDESKTOP-F650GTN\n\tLogon ID:\t\t0xE138A\n\nObject:\n\tObject Server:\t\tSecurity\n\tObject Type:\t\tFile\n\tObject Name:\t\t\\Device\\HarddiskVolume6\\\n\tHandle ID:\t\t0x2dd0\n\tResource Attributes:\t\n\nProcess Information:\n\tProcess ID:\t\t0x1404\n\tProcess Name:\t\tC:\\Program Files (x86)\\Google\\Chrome\\Application\\chrome.exe\n\nAccess Request Information:\n\tAccesses:\t\tReadData (or ListDirectory)\n\t\t\t\t\n\tAccess Mask:\t\t0x1","version":1,"objectName":"\\Device\\HarddiskVolume6\\"}
{"logName":"Security","source":"Microsoft-Windows-Security-Auditing","@context":"http://sepses.ifs.tuwien.ac.at/contexts/wineventlog.jsonld","computerName":"DESKTOP-F650GTN","objectServer":"Security","@type":"http://purl.org/sepses/vocab/log/wineventlog#WindowsEventLogEntry","upCode":"Info","accessMask":"0x1","hasLogType":"wineventlog","timestamp":"2019-05-29T13:20:42.445Z","processName":"C:\\Program Files (x86)\\Google\\Chrome\\Application\\chrome.exe","handleID":"0x3b64","@timestamp":"2019-05-29T13:20:42.445Z","eventID":4663,"level":"Information","taskCategory":"Removable Storage","originatesFrom":{"@type":"rdf:nodeID","@id":"http://example.org/sepses#2da813e0-aa84-403f-935e-308b69ba3e7e","hostName":"DESKTOP-F650GTN"},"objectType":"File","processID":"0x1404","@id":"http://example.org/logEntry#logEntry-17b369ad-db45-423e-998f-91016488ab55","accountName":"KKurniawan","keyword":["Audit Success"],"accountDomain":"DESKTOP-F650GTN","logonID":"0xe138a","accesses":"%%4416\n\t\t\t\t","logMessage":"An attempt was made to access an object.\n\nSubject:\n\tSecurity ID:\t\tS-1-5-21-132051286-1762614582-3209893546-1001\n\tAccount Name:\t\tKKurniawan\n\tAccount Domain:\t\tDESKTOP-F650GTN\n\tLogon ID:\t\t0xE138A\n\nObject:\n\tObject Server:\t\tSecurity\n\tObject Type:\t\tFile\n\tObject Name:\t\t\\Device\\HarddiskVolume6\\\n\tHandle ID:\t\t0x3b64\n\tResource Attributes:\t\n\nProcess Information:\n\tProcess ID:\t\t0x1404\n\tProcess Name:\t\tC:\\Program Files (x86)\\Google\\Chrome\\Application\\chrome.exe\n\nAccess Request Information:\n\tAccesses:\t\tReadData (or ListDirectory)\n\t\t\t\t\n\tAccess Mask:\t\t0x1","version":1,"objectName":"\\Device\\HarddiskVolume6\\"}
{"logName":"Security","source":"Microsoft-Windows-Security-Auditing","@context":"http://sepses.ifs.tuwien.ac.at/contexts/wineventlog.jsonld","computerName":"DESKTOP-F650GTN","objectServer":"Security","@type":"http://purl.org/sepses/vocab/log/wineventlog#WindowsEventLogEntry","upCode":"Info","accessMask":"0x1","hasLogType":"wineventlog","timestamp":"2019-05-29T13:20:42.459Z","processName":"C:\\Program Files (x86)\\Google\\Chrome\\Application\\chrome.exe","handleID":"0x3b5c","@timestamp":"2019-05-29T13:20:42.459Z","eventID":4663,"level":"Information","taskCategory":"Removable Storage","originatesFrom":{"@type":"rdf:nodeID","@id":"http://example.org/sepses#f01aebb6-5ff1-4f85-a1ab-82a68cf0bd4e","hostName":"DESKTOP-F650GTN"},"objectType":"File","processID":"0x1404","@id":"http://example.org/logEntry#logEntry-709fe9b2-3f36-4552-84a3-3d856d7d22b9","accountName":"KKurniawan","keyword":["Audit Success"],"accountDomain":"DESKTOP-F650GTN","logonID":"0xe138a","accesses":"%%4416\n\t\t\t\t","logMessage":"An attempt was made to access an object.\n\nSubject:\n\tSecurity ID:\t\tS-1-5-21-132051286-1762614582-3209893546-1001\n\tAccount Name:\t\tKKurniawan\n\tAccount Domain:\t\tDESKTOP-F650GTN\n\tLogon ID:\t\t0xE138A\n\nObject:\n\tObject Server:\t\tSecurity\n\tObject Type:\t\tFile\n\tObject Name:\t\t\\Device\\HarddiskVolume6\\\n\tHandle ID:\t\t0x3b5c\n\tResource Attributes:\t\n\nProcess Information:\n\tProcess ID:\t\t0x1404\n\tProcess Name:\t\tC:\\Program Files (x86)\\Google\\Chrome\\Application\\chrome.exe\n\nAccess Request Information:\n\tAccesses:\t\tReadData (or ListDirectory)\n\t\t\t\t\n\tAccess Mask:\t\t0x1","version":1,"objectName":"\\Device\\HarddiskVolume6\\"}
{"logName":"Security","source":"Microsoft-Windows-Security-Auditing","@context":"http://sepses.ifs.tuwien.ac.at/contexts/wineventlog.jsonld","computerName":"DESKTOP-F650GTN","objectServer":"Security","@type":"http://purl.org/sepses/vocab/log/wineventlog#WindowsEventLogEntry","upCode":"Info","accessMask":"0x1","hasLogType":"wineventlog","timestamp":"2019-05-29T13:20:42.498Z","processName":"C:\\Program Files (x86)\\Google\\Chrome\\Application\\chrome.exe","handleID":"0x3b14","@timestamp":"2019-05-29T13:20:42.498Z","eventID":4663,"level":"Information","taskCategory":"Removable Storage","originatesFrom":{"@type":"rdf:nodeID","@id":"http://example.org/sepses#13155605-1fcf-4a5d-832e-269571cb8ea9","hostName":"DESKTOP-F650GTN"},"objectType":"File","processID":"0x1404","@id":"http://example.org/logEntry#logEntry-76254bb3-1895-4384-aa89-04bedc528077","accountName":"KKurniawan","keyword":["Audit Success"],"accountDomain":"DESKTOP-F650GTN","logonID":"0xe138a","accesses":"%%4416\n\t\t\t\t","logMessage":"An attempt was made to access an object.\n\nSubject:\n\tSecurity ID:\t\tS-1-5-21-132051286-1762614582-3209893546-1001\n\tAccount Name:\t\tKKurniawan\n\tAccount Domain:\t\tDESKTOP-F650GTN\n\tLogon ID:\t\t0xE138A\n\nObject:\n\tObject Server:\t\tSecurity\n\tObject Type:\t\tFile\n\tObject Name:\t\t\\Device\\HarddiskVolume6\\\n\tHandle ID:\t\t0x3b14\n\tResource Attributes:\t\n\nProcess Information:\n\tProcess ID:\t\t0x1404\n\tProcess Name:\t\tC:\\Program Files (x86)\\Google\\Chrome\\Application\\chrome.exe\n\nAccess Request Information:\n\tAccesses:\t\tReadData (or ListDirectory)\n\t\t\t\t\n\tAccess Mask:\t\t0x1","version":1,"objectName":"\\Device\\HarddiskVolume6\\"}
{"logName":"Security","source":"Microsoft-Windows-Security-Auditing","@context":"http://sepses.ifs.tuwien.ac.at/contexts/wineventlog.jsonld","computerName":"DESKTOP-F650GTN","objectServer":"Security","@type":"http://purl.org/sepses/vocab/log/wineventlog#WindowsEventLogEntry","upCode":"Info","accessMask":"0x1","hasLogType":"wineventlog","timestamp":"2019-05-29T13:20:42.573Z","processName":"C:\\Program Files (x86)\\Google\\Chrome\\Application\\chrome.exe","handleID":"0x3bc4","@timestamp":"2019-05-29T13:20:42.573Z","eventID":4663,"level":"Information","taskCategory":"Removable Storage","originatesFrom":{"@type":"rdf:nodeID","@id":"http://example.org/sepses#e3c207cb-f0d2-4de5-9cd1-01af976fcd24","hostName":"DESKTOP-F650GTN"},"objectType":"File","processID":"0x1404","@id":"http://example.org/logEntry#logEntry-24ebca2e-9ca2-4685-abb4-b76a3f54381f","accountName":"KKurniawan","keyword":["Audit Success"],"accountDomain":"DESKTOP-F650GTN","logonID":"0xe138a","accesses":"%%4416\n\t\t\t\t","logMessage":"An attempt was made to access an object.\n\nSubject:\n\tSecurity ID:\t\tS-1-5-21-132051286-1762614582-3209893546-1001\n\tAccount Name:\t\tKKurniawan\n\tAccount Domain:\t\tDESKTOP-F650GTN\n\tLogon ID:\t\t0xE138A\n\nObject:\n\tObject Server:\t\tSecurity\n\tObject Type:\t\tFile\n\tObject Name:\t\t\\Device\\HarddiskVolume6\\\n\tHandle ID:\t\t0x3bc4\n\tResource Attributes:\t\n\nProcess Information:\n\tProcess ID:\t\t0x1404\n\tProcess Name:\t\tC:\\Program Files (x86)\\Google\\Chrome\\Application\\chrome.exe\n\nAccess Request Information:\n\tAccesses:\t\tReadData (or ListDirectory)\n\t\t\t\t\n\tAccess Mask:\t\t0x1","version":1,"objectName":"\\Device\\HarddiskVolume6\\"}
{"logName":"Security","source":"Microsoft-Windows-Security-Auditing","@context":"http://sepses.ifs.tuwien.ac.at/contexts/wineventlog.jsonld","computerName":"DESKTOP-F650GTN","objectServer":"Security","@type":"http://purl.org/sepses/vocab/log/wineventlog#WindowsEventLogEntry","upCode":"Info","accessMask":"0x1","hasLogType":"wineventlog","timestamp":"2019-05-29T13:20:41.833Z","processName":"C:\\Program Files (x86)\\Google\\Chrome\\Application\\chrome.exe","handleID":"0x371c","@timestamp":"2019-05-29T13:20:41.833Z","eventID":4663,"level":"Information","taskCategory":"Removable Storage","originatesFrom":{"@type":"rdf:nodeID","@id":"http://example.org/sepses#21480100-67f6-4a46-8665-0493746af9a3","hostName":"DESKTOP-F650GTN"},"objectType":"File","processID":"0x1404","@id":"http://example.org/logEntry#logEntry-c22361ef-e109-4bd4-b689-8ca8b5161d4a","accountName":"KKurniawan","keyword":["Audit Success"],"accountDomain":"DESKTOP-F650GTN","logonID":"0xe138a","accesses":"%%4416\n\t\t\t\t","logMessage":"An attempt was made to access an object.\n\nSubject:\n\tSecurity ID:\t\tS-1-5-21-132051286-1762614582-3209893546-1001\n\tAccount Name:\t\tKKurniawan\n\tAccount Domain:\t\tDESKTOP-F650GTN\n\tLogon ID:\t\t0xE138A\n\nObject:\n\tObject Server:\t\tSecurity\n\tObject Type:\t\tFile\n\tObject Name:\t\t\\Device\\HarddiskVolume6\\CANON_SC\n\tHandle ID:\t\t0x371c\n\tResource Attributes:\t\n\nProcess Information:\n\tProcess ID:\t\t0x1404\n\tProcess Name:\t\tC:\\Program Files (x86)\\Google\\Chrome\\Application\\chrome.exe\n\nAccess Request Information:\n\tAccesses:\t\tReadData (or ListDirectory)\n\t\t\t\t\n\tAccess Mask:\t\t0x1","version":1,"objectName":"\\Device\\HarddiskVolume6\\CANON_SC"}
{"logName":"Security","source":"Microsoft-Windows-Security-Auditing","@context":"http://sepses.ifs.tuwien.ac.at/contexts/wineventlog.jsonld","computerName":"DESKTOP-F650GTN","objectServer":"Security","@type":"http://purl.org/sepses/vocab/log/wineventlog#WindowsEventLogEntry","upCode":"Info","accessMask":"0x1","hasLogType":"wineventlog","timestamp":"2019-05-29T13:20:41.836Z","processName":"C:\\Program Files (x86)\\Google\\Chrome\\Application\\chrome.exe","handleID":"0x3b44","@timestamp":"2019-05-29T13:20:41.836Z","eventID":4663,"level":"Information","taskCategory":"Removable Storage","originatesFrom":{"@type":"rdf:nodeID","@id":"http://example.org/sepses#5efc10a3-3fcb-4cce-b4a9-ece80eea4bfc","hostName":"DESKTOP-F650GTN"},"objectType":"File","processID":"0x1404","@id":"http://example.org/logEntry#logEntry-51aef235-4e06-47f6-8e4c-925ddfedc572","accountName":"KKurniawan","keyword":["Audit Success"],"accountDomain":"DESKTOP-F650GTN","logonID":"0xe138a","accesses":"%%4416\n\t\t\t\t","logMessage":"An attempt was made to access an object.\n\nSubject:\n\tSecurity ID:\t\tS-1-5-21-132051286-1762614582-3209893546-1001\n\tAccount Name:\t\tKKurniawan\n\tAccount Domain:\t\tDESKTOP-F650GTN\n\tLogon ID:\t\t0xE138A\n\nObject:\n\tObject Server:\t\tSecurity\n\tObject Type:\t\tFile\n\tObject Name:\t\t\\Device\\HarddiskVolume6\\print2\n\tHandle ID:\t\t0x3b44\n\tResource Attributes:\t\n\nProcess Information:\n\tProcess ID:\t\t0x1404\n\tProcess Name:\t\tC:\\Program Files (x86)\\Google\\Chrome\\Application\\chrome.exe\n\nAccess Request Information:\n\tAccesses:\t\tReadData (or ListDirectory)\n\t\t\t\t\n\tAccess Mask:\t\t0x1","version":1,"objectName":"\\Device\\HarddiskVolume6\\print2"}
{"logName":"Security","source":"Microsoft-Windows-Security-Auditing","@context":"http://sepses.ifs.tuwien.ac.at/contexts/wineventlog.jsonld","computerName":"DESKTOP-F650GTN","objectServer":"Security","@type":"http://purl.org/sepses/vocab/log/wineventlog#WindowsEventLogEntry","upCode":"Info","accessMask":"0x1","hasLogType":"wineventlog","timestamp":"2019-05-29T13:20:41.838Z","processName":"C:\\Program Files (x86)\\Google\\Chrome\\Application\\chrome.exe","handleID":"0x3b44","@timestamp":"2019-05-29T13:20:41.838Z","eventID":4663,"level":"Information","taskCategory":"Removable Storage","originatesFrom":{"@type":"rdf:nodeID","@id":"http://example.org/sepses#362b380b-6c0a-4980-893f-5a544eff51c0","hostName":"DESKTOP-F650GTN"},"objectType":"File","processID":"0x1404","@id":"http://example.org/logEntry#logEntry-a837790c-3f31-46c5-9f81-f9f5e0cc6433","accountName":"KKurniawan","keyword":["Audit Success"],"accountDomain":"DESKTOP-F650GTN","logonID":"0xe138a","accesses":"%%4416\n\t\t\t\t","logMessage":"An attempt was made to access an object.\n\nSubject:\n\tSecurity ID:\t\tS-1-5-21-132051286-1762614582-3209893546-1001\n\tAccount Name:\t\tKKurniawan\n\tAccount Domain:\t\tDESKTOP-F650GTN\n\tLogon ID:\t\t0xE138A\n\nObject:\n\tObject Server:\t\tSecurity\n\tObject Type:\t\tFile\n\tObject Name:\t\t\\Device\\HarddiskVolume6\\test\n\tHandle ID:\t\t0x3b44\n\tResource Attributes:\t\n\nProcess Information:\n\tProcess ID:\t\t0x1404\n\tProcess Name:\t\tC:\\Program Files (x86)\\Google\\Chrome\\Application\\chrome.exe\n\nAccess Request Information:\n\tAccesses:\t\tReadData (or ListDirectory)\n\t\t\t\t\n\tAccess Mask:\t\t0x1","version":1,"objectName":"\\Device\\HarddiskVolume6\\test"}
{"logName":"Security","source":"Microsoft-Windows-Security-Auditing","@context":"http://sepses.ifs.tuwien.ac.at/contexts/wineventlog.jsonld","computerName":"DESKTOP-F650GTN","objectServer":"Security","@type":"http://purl.org/sepses/vocab/log/wineventlog#WindowsEventLogEntry","upCode":"Info","accessMask":"0x1","hasLogType":"wineventlog","timestamp":"2019-05-29T13:20:41.849Z","processName":"C:\\Program Files (x86)\\Google\\Chrome\\Application\\chrome.exe","handleID":"0x371c","@timestamp":"2019-05-29T13:20:41.849Z","eventID":4663,"level":"Information","taskCategory":"Removable Storage","originatesFrom":{"@type":"rdf:nodeID","@id":"http://example.org/sepses#0f559923-b5d4-4a9c-a32e-fcf74d7df129","hostName":"DESKTOP-F650GTN"},"objectType":"File","processID":"0x1404","@id":"http://example.org/logEntry#logEntry-91693834-118b-4f35-8b1f-5f9c992a9ffd","accountName":"KKurniawan","keyword":["Audit Success"],"accountDomain":"DESKTOP-F650GTN","logonID":"0xe138a","accesses":"%%4416\n\t\t\t\t","logMessage":"An attempt was made to access an object.\n\nSubject:\n\tSecurity ID:\t\tS-1-5-21-132051286-1762614582-3209893546-1001\n\tAccount Name:\t\tKKurniawan\n\tAccount Domain:\t\tDESKTOP-F650GTN\n\tLogon ID:\t\t0xE138A\n\nObject:\n\tObject Server:\t\tSecurity\n\tObject Type:\t\tFile\n\tObject Name:\t\t\\Device\\HarddiskVolume6\\kabulkurniawan.zip\n\tHandle ID:\t\t0x371c\n\tResource Attributes:\t\n\nProcess Information:\n\tProcess ID:\t\t0x1404\n\tProcess Name:\t\tC:\\Program Files (x86)\\Google\\Chrome\\Application\\chrome.exe\n\nAccess Request Information:\n\tAccesses:\t\tReadData (or ListDirectory)\n\t\t\t\t\n\tAccess Mask:\t\t0x1","version":1,"objectName":"\\Device\\HarddiskVolume6\\kabulkurniawan.zip"}
{"logName":"Security","source":"Microsoft-Windows-Security-Auditing","@context":"http://sepses.ifs.tuwien.ac.at/contexts/wineventlog.jsonld","computerName":"DESKTOP-F650GTN","objectServer":"Security","@type":"http://purl.org/sepses/vocab/log/wineventlog#WindowsEventLogEntry","upCode":"Info","accessMask":"0x1","hasLogType":"wineventlog","timestamp":"2019-05-29T13:20:42.425Z","processName":"C:\\Program Files (x86)\\Google\\Chrome\\Application\\chrome.exe","handleID":"0x3b84","@timestamp":"2019-05-29T13:20:42.425Z","eventID":4663,"level":"Information","taskCategory":"Removable Storage","originatesFrom":{"@type":"rdf:nodeID","@id":"http://example.org/sepses#4a75c58e-5f09-4bc5-8cc7-03adae6e5e72","hostName":"DESKTOP-F650GTN"},"objectType":"File","processID":"0x1404","@id":"http://example.org/logEntry#logEntry-6f7e8f01-4914-4697-a366-84f98314d194","accountName":"KKurniawan","keyword":["Audit Success"],"accountDomain":"DESKTOP-F650GTN","logonID":"0xe138a","accesses":"%%4416\n\t\t\t\t","logMessage":"An attempt was made to access an object.\n\nSubject:\n\tSecurity ID:\t\tS-1-5-21-132051286-1762614582-3209893546-1001\n\tAccount Name:\t\tKKurniawan\n\tAccount Domain:\t\tDESKTOP-F650GTN\n\tLogon ID:\t\t0xE138A\n\nObject:\n\tObject Server:\t\tSecurity\n\tObject Type:\t\tFile\n\tObject Name:\t\t\\Device\\HarddiskVolume6\\\n\tHandle ID:\t\t0x3b84\n\tResource Attributes:\t\n\nProcess Information:\n\tProcess ID:\t\t0x1404\n\tProcess Name:\t\tC:\\Program Files (x86)\\Google\\Chrome\\Application\\chrome.exe\n\nAccess Request Information:\n\tAccesses:\t\tReadData (or ListDirectory)\n\t\t\t\t\n\tAccess Mask:\t\t0x1","version":1,"objectName":"\\Device\\HarddiskVolume6\\"}
{"logName":"Security","source":"Microsoft-Windows-Security-Auditing","@context":"http://sepses.ifs.tuwien.ac.at/contexts/wineventlog.jsonld","computerName":"DESKTOP-F650GTN","objectServer":"Security","@type":"http://purl.org/sepses/vocab/log/wineventlog#WindowsEventLogEntry","upCode":"Info","accessMask":"0x1","hasLogType":"wineventlog","timestamp":"2019-05-29T13:20:42.445Z","processName":"C:\\Program Files (x86)\\Google\\Chrome\\Application\\chrome.exe","handleID":"0x3b64","@timestamp":"2019-05-29T13:20:42.445Z","eventID":4663,"level":"Information","taskCategory":"Removable Storage","originatesFrom":{"@type":"rdf:nodeID","@id":"http://example.org/sepses#fbfa3bb2-6c2a-4125-9cf9-e7372e07d1e0","hostName":"DESKTOP-F650GTN"},"objectType":"File","processID":"0x1404","@id":"http://example.org/logEntry#logEntry-4bd1d33f-e43e-4e7b-9372-2780a2e69c7c","accountName":"KKurniawan","keyword":["Audit Success"],"accountDomain":"DESKTOP-F650GTN","logonID":"0xe138a","accesses":"%%4416\n\t\t\t\t","logMessage":"An attempt was made to access an object.\n\nSubject:\n\tSecurity ID:\t\tS-1-5-21-132051286-1762614582-3209893546-1001\n\tAccount Name:\t\tKKurniawan\n\tAccount Domain:\t\tDESKTOP-F650GTN\n\tLogon ID:\t\t0xE138A\n\nObject:\n\tObject Server:\t\tSecurity\n\tObject Type:\t\tFile\n\tObject Name:\t\t\\Device\\HarddiskVolume6\\\n\tHandle ID:\t\t0x3b64\n\tResource Attributes:\t\n\nProcess Information:\n\tProcess ID:\t\t0x1404\n\tProcess Name:\t\tC:\\Program Files (x86)\\Google\\Chrome\\Application\\chrome.exe\n\nAccess Request Information:\n\tAccesses:\t\tReadData (or ListDirectory)\n\t\t\t\t\n\tAccess Mask:\t\t0x1","version":1,"objectName":"\\Device\\HarddiskVolume6\\"}
{"logName":"Security","source":"Microsoft-Windows-Security-Auditing","@context":"http://sepses.ifs.tuwien.ac.at/contexts/wineventlog.jsonld","computerName":"DESKTOP-F650GTN","objectServer":"Security","@type":"http://purl.org/sepses/vocab/log/wineventlog#WindowsEventLogEntry","upCode":"Info","accessMask":"0x1","hasLogType":"wineventlog","timestamp":"2019-05-29T13:20:42.459Z","processName":"C:\\Program Files (x86)\\Google\\Chrome\\Application\\chrome.exe","handleID":"0x3b5c","@timestamp":"2019-05-29T13:20:42.459Z","eventID":4663,"level":"Information","taskCategory":"Removable Storage","originatesFrom":{"@type":"rdf:nodeID","@id":"http://example.org/sepses#fbe2dfc5-fdcf-4107-96e4-b7e83967e767","hostName":"DESKTOP-F650GTN"},"objectType":"File","processID":"0x1404","@id":"http://example.org/logEntry#logEntry-23af3847-7415-478a-8c41-6e902bb6105d","accountName":"KKurniawan","keyword":["Audit Success"],"accountDomain":"DESKTOP-F650GTN","logonID":"0xe138a","accesses":"%%4416\n\t\t\t\t","logMessage":"An attempt was made to access an object.\n\nSubject:\n\tSecurity ID:\t\tS-1-5-21-132051286-1762614582-3209893546-1001\n\tAccount Name:\t\tKKurniawan\n\tAccount Domain:\t\tDESKTOP-F650GTN\n\tLogon ID:\t\t0xE138A\n\nObject:\n\tObject Server:\t\tSecurity\n\tObject Type:\t\tFile\n\tObject Name:\t\t\\Device\\HarddiskVolume6\\\n\tHandle ID:\t\t0x3b5c\n\tResource Attributes:\t\n\nProcess Information:\n\tProcess ID:\t\t0x1404\n\tProcess Name:\t\tC:\\Program Files (x86)\\Google\\Chrome\\Application\\chrome.exe\n\nAccess Request Information:\n\tAccesses:\t\tReadData (or ListDirectory)\n\t\t\t\t\n\tAccess Mask:\t\t0x1","version":1,"objectName":"\\Device\\HarddiskVolume6\\"}
{"logName":"Security","source":"Microsoft-Windows-Security-Auditing","@context":"http://sepses.ifs.tuwien.ac.at/contexts/wineventlog.jsonld","computerName":"DESKTOP-F650GTN","objectServer":"Security","@type":"http://purl.org/sepses/vocab/log/wineventlog#WindowsEventLogEntry","upCode":"Info","accessMask":"0x1","hasLogType":"wineventlog","timestamp":"2019-05-29T13:20:42.519Z","processName":"C:\\Program Files (x86)\\Google\\Chrome\\Application\\chrome.exe","handleID":"0x3b7c","@timestamp":"2019-05-29T13:20:42.519Z","eventID":4663,"level":"Information","taskCategory":"Removable Storage","originatesFrom":{"@type":"rdf:nodeID","@id":"http://example.org/sepses#b129699d-b239-414b-937d-f43e51abb90a","hostName":"DESKTOP-F650GTN"},"objectType":"File","processID":"0x1404","@id":"http://example.org/logEntry#logEntry-6de19886-8664-4155-8421-45cf25442c92","accountName":"KKurniawan","keyword":["Audit Success"],"accountDomain":"DESKTOP-F650GTN","logonID":"0xe138a","accesses":"%%4416\n\t\t\t\t","logMessage":"An attempt was made to access an object.\n\nSubject:\n\tSecurity ID:\t\tS-1-5-21-132051286-1762614582-3209893546-1001\n\tAccount Name:\t\tKKurniawan\n\tAccount Domain:\t\tDESKTOP-F650GTN\n\tLogon ID:\t\t0xE138A\n\nObject:\n\tObject Server:\t\tSecurity\n\tObject Type:\t\tFile\n\tObject Name:\t\t\\Device\\HarddiskVolume6\\\n\tHandle ID:\t\t0x3b7c\n\tResource Attributes:\t\n\nProcess Information:\n\tProcess ID:\t\t0x1404\n\tProcess Name:\t\tC:\\Program Files (x86)\\Google\\Chrome\\Application\\chrome.exe\n\nAccess Request Information:\n\tAccesses:\t\tReadData (or ListDirectory)\n\t\t\t\t\n\tAccess Mask:\t\t0x1","version":1,"objectName":"\\Device\\HarddiskVolume6\\"}
{"logName":"Security","source":"Microsoft-Windows-Security-Auditing","@context":"http://sepses.ifs.tuwien.ac.at/contexts/wineventlog.jsonld","computerName":"DESKTOP-F650GTN","objectServer":"Security","@type":"http://purl.org/sepses/vocab/log/wineventlog#WindowsEventLogEntry","upCode":"Info","accessMask":"0x1","hasLogType":"wineventlog","timestamp":"2019-05-29T13:20:42.573Z","processName":"C:\\Program Files (x86)\\Google\\Chrome\\Application\\chrome.exe","handleID":"0x3bc4","@timestamp":"2019-05-29T13:20:42.573Z","eventID":4663,"level":"Information","taskCategory":"Removable Storage","originatesFrom":{"@type":"rdf:nodeID","@id":"http://example.org/sepses#570ba6d2-0ffe-4e37-af76-982c487f7ffb","hostName":"DESKTOP-F650GTN"},"objectType":"File","processID":"0x1404","@id":"http://example.org/logEntry#logEntry-888774e3-c936-426d-b2aa-ef67204ce2f9","accountName":"KKurniawan","keyword":["Audit Success"],"accountDomain":"DESKTOP-F650GTN","logonID":"0xe138a","accesses":"%%4416\n\t\t\t\t","logMessage":"An attempt was made to access an object.\n\nSubject:\n\tSecurity ID:\t\tS-1-5-21-132051286-1762614582-3209893546-1001\n\tAccount Name:\t\tKKurniawan\n\tAccount Domain:\t\tDESKTOP-F650GTN\n\tLogon ID:\t\t0xE138A\n\nObject:\n\tObject Server:\t\tSecurity\n\tObject Type:\t\tFile\n\tObject Name:\t\t\\Device\\HarddiskVolume6\\\n\tHandle ID:\t\t0x3bc4\n\tResource Attributes:\t\n\nProcess Information:\n\tProcess ID:\t\t0x1404\n\tProcess Name:\t\tC:\\Program Files (x86)\\Google\\Chrome\\Application\\chrome.exe\n\nAccess Request Information:\n\tAccesses:\t\tReadData (or ListDirectory)\n\t\t\t\t\n\tAccess Mask:\t\t0x1","version":1,"objectName":"\\Device\\HarddiskVolume6\\"}
{"logName":"Security","source":"Microsoft-Windows-Security-Auditing","@context":"http://sepses.ifs.tuwien.ac.at/contexts/wineventlog.jsonld","computerName":"DESKTOP-F650GTN","objectServer":"Security","@type":"http://purl.org/sepses/vocab/log/wineventlog#WindowsEventLogEntry","upCode":"Info","accessMask":"0x1","hasLogType":"wineventlog","timestamp":"2019-05-29T13:20:41.595Z","processName":"C:\\Program Files (x86)\\Google\\Chrome\\Application\\chrome.exe","handleID":"0x369c","@timestamp":"2019-05-29T13:20:41.595Z","eventID":4663,"level":"Information","taskCategory":"Removable Storage","originatesFrom":{"@type":"rdf:nodeID","@id":"http://example.org/sepses#099dd33a-ff6e-484c-8537-256fef57bccf","hostName":"DESKTOP-F650GTN"},"objectType":"File","processID":"0x1404","@id":"http://example.org/logEntry#logEntry-134a4caa-12cd-4cda-bddb-741fed266436","accountName":"KKurniawan","keyword":["Audit Success"],"accountDomain":"DESKTOP-F650GTN","logonID":"0xe138a","accesses":"%%4416\n\t\t\t\t","logMessage":"An attempt was made to access an object.\n\nSubject:\n\tSecurity ID:\t\tS-1-5-21-132051286-1762614582-3209893546-1001\n\tAccount Name:\t\tKKurniawan\n\tAccount Domain:\t\tDESKTOP-F650GTN\n\tLogon ID:\t\t0xE138A\n\nObject:\n\tObject Server:\t\tSecurity\n\tObject Type:\t\tFile\n\tObject Name:\t\t\\Device\\HarddiskVolume6\\\n\tHandle ID:\t\t0x369c\n\tResource Attributes:\t\n\nProcess Information:\n\tProcess ID:\t\t0x1404\n\tProcess Name:\t\tC:\\Program Files (x86)\\Google\\Chrome\\Application\\chrome.exe\n\nAccess Request Information:\n\tAccesses:\t\tReadData (or ListDirectory)\n\t\t\t\t\n\tAccess Mask:\t\t0x1","version":1,"objectName":"\\Device\\HarddiskVolume6\\"}
