{"logMessage":"An attempt was made to access an object.\n\nSubject:\n\tSecurity ID:\t\tS-1-5-18\n\tAccount Name:\t\tVIRTUALWINDOWS8$\n\tAccount Domain:\t\tWORKGROUP\n\tLogon ID:\t\t0x3E7\n\nObject:\n\tObject Server:\t\tSecurity\n\tObject Type:\t\tFile\n\tObject Name:\t\tC:\\Windows\\WinSxS\\wow64_microsoft-windows-ntdll_31bf3856ad364e35_6.3.9600.19101_none_543d1efd04479b8d\\ntdll.dll\n\tHandle ID:\t\t0x2b74\n\tResource Attributes:\tS:AI\n\nProcess Information:\n\tProcess ID:\t\t0xd1c\n\tProcess Name:\t\tC:\\Windows\\WinSxS\\amd64_microsoft-windows-servicingstack_31bf3856ad364e35_6.3.9600.18384_none_fa1d93c39b41b41a\\TiWorker.exe\n\nAccess Request Information:\n\tAccesses:\t\tDELETE\n\t\t\t\t\n\tAccess Mask:\t\t0x10000","logonID":"0x3e7","level":"Information","computerName":"VirtualWindows8","upCode":"Info","accesses":"%%1537\n\t\t\t\t","resourceAttributes":"S:AI","@id":"http://example.org/logEntry#logEntry-f9fb0be6-29a1-420c-88ae-872482964c65","processName":"C:\\Windows\\WinSxS\\amd64_microsoft-windows-servicingstack_31bf3856ad364e35_6.3.9600.18384_none_fa1d93c39b41b41a\\TiWorker.exe","keyword":["Audit Success"],"accessMask":"0x10000","@timestamp":"2019-05-29T13:15:29.244Z","version":1,"taskCategory":"File System","@type":"http://purl.org/sepses/vocab/log/wineventlog#WindowsEventLogEntry","handleID":"0x2b74","eventID":4663,"@context":"http://sepses.ifs.tuwien.ac.at/contexts/wineventlog.jsonld","objectServer":"Security","logName":"Security","hasLogType":"wineventlog","timestamp":"2019-05-29T13:15:29.244Z","accountName":"VIRTUALWINDOWS8$","processID":"0xd1c","objectType":"File","accountDomain":"WORKGROUP","originatesFrom":{"hostName":{"name":"VirtualWindows8"},"@type":"rdf:nodeID","@id":"http://example.org/sepses#6091d6e8-0109-4859-8bfa-970e4ccbbeb3"},"objectName":"C:\\Windows\\WinSxS\\wow64_microsoft-windows-ntdll_31bf3856ad364e35_6.3.9600.19101_none_543d1efd04479b8d\\ntdll.dll","source":"Microsoft-Windows-Security-Auditing"}
{"logMessage":"An attempt was made to access an object.\n\nSubject:\n\tSecurity ID:\t\tS-1-5-18\n\tAccount Name:\t\tVIRTUALWINDOWS8$\n\tAccount Domain:\t\tWORKGROUP\n\tLogon ID:\t\t0x3E7\n\nObject:\n\tObject Server:\t\tSecurity\n\tObject Type:\t\tFile\n\tObject Name:\t\tC:\\Windows\\WinSxS\\wow64_microsoft-windows-ntdll_31bf3856ad364e35_6.3.9600.19179_none_53f971d9047929dc\\ntdll.dll\n\tHandle ID:\t\t0x2bc0\n\tResource Attributes:\tS:AI\n\nProcess Information:\n\tProcess ID:\t\t0xd1c\n\tProcess Name:\t\tC:\\Windows\\WinSxS\\amd64_microsoft-windows-servicingstack_31bf3856ad364e35_6.3.9600.18384_none_fa1d93c39b41b41a\\TiWorker.exe\n\nAccess Request Information:\n\tAccesses:\t\tDELETE\n\t\t\t\t\n\tAccess Mask:\t\t0x10000","logonID":"0x3e7","level":"Information","computerName":"VirtualWindows8","upCode":"Info","accesses":"%%1537\n\t\t\t\t","resourceAttributes":"S:AI","@id":"http://example.org/logEntry#logEntry-2412aced-928e-4276-a792-7dbd61f716fd","processName":"C:\\Windows\\WinSxS\\amd64_microsoft-windows-servicingstack_31bf3856ad364e35_6.3.9600.18384_none_fa1d93c39b41b41a\\TiWorker.exe","keyword":["Audit Success"],"accessMask":"0x10000","@timestamp":"2019-05-29T13:15:29.652Z","version":1,"taskCategory":"File System","@type":"http://purl.org/sepses/vocab/log/wineventlog#WindowsEventLogEntry","handleID":"0x2bc0","eventID":4663,"@context":"http://sepses.ifs.tuwien.ac.at/contexts/wineventlog.jsonld","objectServer":"Security","logName":"Security","hasLogType":"wineventlog","timestamp":"2019-05-29T13:15:29.652Z","accountName":"VIRTUALWINDOWS8$","processID":"0xd1c","objectType":"File","accountDomain":"WORKGROUP","originatesFrom":{"hostName":{"name":"VirtualWindows8"},"@type":"rdf:nodeID","@id":"http://example.org/sepses#a88c635a-78c0-434f-a9f5-e060a56bdca3"},"objectName":"C:\\Windows\\WinSxS\\wow64_microsoft-windows-ntdll_31bf3856ad364e35_6.3.9600.19179_none_53f971d9047929dc\\ntdll.dll","source":"Microsoft-Windows-Security-Auditing"}
{"logMessage":"An attempt was made to access an object.\n\nSubject:\n\tSecurity ID:\t\tS-1-5-18\n\tAccount Name:\t\tVIRTUALWINDOWS8$\n\tAccount Domain:\t\tWORKGROUP\n\tLogon ID:\t\t0x3E7\n\nObject:\n\tObject Server:\t\tSecurity\n\tObject Type:\t\tFile\n\tObject Name:\t\tC:\\Windows\\WinSxS\\wow64_microsoft-windows-ntdll_31bf3856ad364e35_6.3.9600.19228_none_542e8311045181f7\\ntdll.dll\n\tHandle ID:\t\t0x2bc0\n\tResource Attributes:\tS:AI\n\nProcess Information:\n\tProcess ID:\t\t0xd1c\n\tProcess Name:\t\tC:\\Windows\\WinSxS\\amd64_microsoft-windows-servicingstack_31bf3856ad364e35_6.3.9600.18384_none_fa1d93c39b41b41a\\TiWorker.exe\n\nAccess Request Information:\n\tAccesses:\t\tDELETE\n\t\t\t\t\n\tAccess Mask:\t\t0x10000","logonID":"0x3e7","level":"Information","computerName":"VirtualWindows8","upCode":"Info","accesses":"%%1537\n\t\t\t\t","resourceAttributes":"S:AI","@id":"http://example.org/logEntry#logEntry-c28a814d-9a85-416e-b101-799ef645cc36","processName":"C:\\Windows\\WinSxS\\amd64_microsoft-windows-servicingstack_31bf3856ad364e35_6.3.9600.18384_none_fa1d93c39b41b41a\\TiWorker.exe","keyword":["Audit Success"],"accessMask":"0x10000","@timestamp":"2019-05-29T13:15:29.956Z","version":1,"taskCategory":"File System","@type":"http://purl.org/sepses/vocab/log/wineventlog#WindowsEventLogEntry","handleID":"0x2bc0","eventID":4663,"@context":"http://sepses.ifs.tuwien.ac.at/contexts/wineventlog.jsonld","objectServer":"Security","logName":"Security","hasLogType":"wineventlog","timestamp":"2019-05-29T13:15:29.956Z","accountName":"VIRTUALWINDOWS8$","processID":"0xd1c","objectType":"File","accountDomain":"WORKGROUP","originatesFrom":{"hostName":{"name":"VirtualWindows8"},"@type":"rdf:nodeID","@id":"http://example.org/sepses#2596d696-a6c7-4f9b-900e-2b5f5745e2b9"},"objectName":"C:\\Windows\\WinSxS\\wow64_microsoft-windows-ntdll_31bf3856ad364e35_6.3.9600.19228_none_542e8311045181f7\\ntdll.dll","source":"Microsoft-Windows-Security-Auditing"}
{"logMessage":"An object was deleted.\n\nSubject:\n\tSecurity ID:\t\tS-1-5-18\n\tAccount Name:\t\tVIRTUALWINDOWS8$\n\tAccount Domain:\t\tWORKGROUP\n\tLogon ID:\t\t0x3E7\n\nObject:\n\tObject Server:\tSecurity\n\tHandle ID:\t0x2bfc\n\nProcess Information:\n\tProcess ID:\t0xd1c\n\tProcess Name:\tC:\\Windows\\WinSxS\\amd64_microsoft-windows-servicingstack_31bf3856ad364e35_6.3.9600.18384_none_fa1d93c39b41b41a\\TiWorker.exe\n\tTransaction ID:\t{3CD790BD-820F-11E9-9C1D-0800279A39D8}","logonID":"0x3e7","level":"Information","computerName":"VirtualWindows8","upCode":"Info","@id":"http://example.org/logEntry#logEntry-3f4d705d-033d-44fe-933d-6dff28e4cd03","processName":"C:\\Windows\\WinSxS\\amd64_microsoft-windows-servicingstack_31bf3856ad364e35_6.3.9600.18384_none_fa1d93c39b41b41a\\TiWorker.exe","keyword":["Audit Success"],"@timestamp":"2019-05-29T13:15:31.760Z","taskCategory":"File System","@type":"http://purl.org/sepses/vocab/log/wineventlog#WindowsEventLogEntry","handleID":"0x2bfc","eventID":4660,"@context":"http://sepses.ifs.tuwien.ac.at/contexts/wineventlog.jsonld","objectServer":"Security","logName":"Security","hasLogType":"wineventlog","timestamp":"2019-05-29T13:15:31.760Z","accountName":"VIRTUALWINDOWS8$","processID":"0xd1c","accountDomain":"WORKGROUP","originatesFrom":{"hostName":{"name":"VirtualWindows8"},"@type":"rdf:nodeID","@id":"http://example.org/sepses#b5108110-1e26-4e56-8e74-9edc03a13d59"},"source":"Microsoft-Windows-Security-Auditing"}
{"logMessage":"An object was deleted.\n\nSubject:\n\tSecurity ID:\t\tS-1-5-18\n\tAccount Name:\t\tVIRTUALWINDOWS8$\n\tAccount Domain:\t\tWORKGROUP\n\tLogon ID:\t\t0x3E7\n\nObject:\n\tObject Server:\tSecurity\n\tHandle ID:\t0x2bc4\n\nProcess Information:\n\tProcess ID:\t0xd1c\n\tProcess Name:\tC:\\Windows\\WinSxS\\amd64_microsoft-windows-servicingstack_31bf3856ad364e35_6.3.9600.18384_none_fa1d93c39b41b41a\\TiWorker.exe\n\tTransaction ID:\t{3CD790C9-820F-11E9-9C1D-0800279A39D8}","logonID":"0x3e7","level":"Information","computerName":"VirtualWindows8","upCode":"Info","@id":"http://example.org/logEntry#logEntry-6fdeb8ab-9373-4915-aa43-30fc1d5bca50","processName":"C:\\Windows\\WinSxS\\amd64_microsoft-windows-servicingstack_31bf3856ad364e35_6.3.9600.18384_none_fa1d93c39b41b41a\\TiWorker.exe","keyword":["Audit Success"],"@timestamp":"2019-05-29T13:15:32.931Z","taskCategory":"File System","@type":"http://purl.org/sepses/vocab/log/wineventlog#WindowsEventLogEntry","handleID":"0x2bc4","eventID":4660,"@context":"http://sepses.ifs.tuwien.ac.at/contexts/wineventlog.jsonld","objectServer":"Security","logName":"Security","hasLogType":"wineventlog","timestamp":"2019-05-29T13:15:32.931Z","accountName":"VIRTUALWINDOWS8$","processID":"0xd1c","accountDomain":"WORKGROUP","originatesFrom":{"hostName":{"name":"VirtualWindows8"},"@type":"rdf:nodeID","@id":"http://example.org/sepses#f2067c13-94fa-4d12-ad72-d2195264c8e0"},"source":"Microsoft-Windows-Security-Auditing"}
{"logMessage":"An object was deleted.\n\nSubject:\n\tSecurity ID:\t\tS-1-5-18\n\tAccount Name:\t\tVIRTUALWINDOWS8$\n\tAccount Domain:\t\tWORKGROUP\n\tLogon ID:\t\t0x3E7\n\nObject:\n\tObject Server:\tSecurity\n\tHandle ID:\t0x2bc4\n\nProcess Information:\n\tProcess ID:\t0xd1c\n\tProcess Name:\tC:\\Windows\\WinSxS\\amd64_microsoft-windows-servicingstack_31bf3856ad364e35_6.3.9600.18384_none_fa1d93c39b41b41a\\TiWorker.exe\n\tTransaction ID:\t{3CD790C9-820F-11E9-9C1D-0800279A39D8}","logonID":"0x3e7","level":"Information","computerName":"VirtualWindows8","upCode":"Info","@id":"http://example.org/logEntry#logEntry-088c3a59-c11b-475f-874b-a27bf1d776da","processName":"C:\\Windows\\WinSxS\\amd64_microsoft-windows-servicingstack_31bf3856ad364e35_6.3.9600.18384_none_fa1d93c39b41b41a\\TiWorker.exe","keyword":["Audit Success"],"@timestamp":"2019-05-29T13:15:32.931Z","taskCategory":"File System","@type":"http://purl.org/sepses/vocab/log/wineventlog#WindowsEventLogEntry","handleID":"0x2bc4","eventID":4660,"@context":"http://sepses.ifs.tuwien.ac.at/contexts/wineventlog.jsonld","objectServer":"Security","logName":"Security","hasLogType":"wineventlog","timestamp":"2019-05-29T13:15:32.931Z","accountName":"VIRTUALWINDOWS8$","processID":"0xd1c","accountDomain":"WORKGROUP","originatesFrom":{"hostName":{"name":"VirtualWindows8"},"@type":"rdf:nodeID","@id":"http://example.org/sepses#c6e2eaa0-dc47-461a-bc0e-3ba6347d3f06"},"source":"Microsoft-Windows-Security-Auditing"}
{"logMessage":"An object was deleted.\n\nSubject:\n\tSecurity ID:\t\tS-1-5-18\n\tAccount Name:\t\tVIRTUALWINDOWS8$\n\tAccount Domain:\t\tWORKGROUP\n\tLogon ID:\t\t0x3E7\n\nObject:\n\tObject Server:\tSecurity\n\tHandle ID:\t0x2bc4\n\nProcess Information:\n\tProcess ID:\t0xd1c\n\tProcess Name:\tC:\\Windows\\WinSxS\\amd64_microsoft-windows-servicingstack_31bf3856ad364e35_6.3.9600.18384_none_fa1d93c39b41b41a\\TiWorker.exe\n\tTransaction ID:\t{3CD790C9-820F-11E9-9C1D-0800279A39D8}","logonID":"0x3e7","level":"Information","computerName":"VirtualWindows8","upCode":"Info","@id":"http://example.org/logEntry#logEntry-d0f2ee4c-e8f8-49ae-89f0-3bd675da1423","processName":"C:\\Windows\\WinSxS\\amd64_microsoft-windows-servicingstack_31bf3856ad364e35_6.3.9600.18384_none_fa1d93c39b41b41a\\TiWorker.exe","keyword":["Audit Success"],"@timestamp":"2019-05-29T13:15:33.050Z","taskCategory":"File System","@type":"http://purl.org/sepses/vocab/log/wineventlog#WindowsEventLogEntry","handleID":"0x2bc4","eventID":4660,"@context":"http://sepses.ifs.tuwien.ac.at/contexts/wineventlog.jsonld","objectServer":"Security","logName":"Security","hasLogType":"wineventlog","timestamp":"2019-05-29T13:15:33.050Z","accountName":"VIRTUALWINDOWS8$","processID":"0xd1c","accountDomain":"WORKGROUP","originatesFrom":{"hostName":{"name":"VirtualWindows8"},"@type":"rdf:nodeID","@id":"http://example.org/sepses#5966b9f2-db48-44fe-bbc9-5f28a5aaf027"},"source":"Microsoft-Windows-Security-Auditing"}
{"logMessage":"An object was deleted.\n\nSubject:\n\tSecurity ID:\t\tS-1-5-18\n\tAccount Name:\t\tVIRTUALWINDOWS8$\n\tAccount Domain:\t\tWORKGROUP\n\tLogon ID:\t\t0x3E7\n\nObject:\n\tObject Server:\tSecurity\n\tHandle ID:\t0x2bc4\n\nProcess Information:\n\tProcess ID:\t0xd1c\n\tProcess Name:\tC:\\Windows\\WinSxS\\amd64_microsoft-windows-servicingstack_31bf3856ad364e35_6.3.9600.18384_none_fa1d93c39b41b41a\\TiWorker.exe\n\tTransaction ID:\t{3CD790C9-820F-11E9-9C1D-0800279A39D8}","logonID":"0x3e7","level":"Information","computerName":"VirtualWindows8","upCode":"Info","@id":"http://example.org/logEntry#logEntry-26021a6e-3006-4861-bcc2-bff19bad5e60","processName":"C:\\Windows\\WinSxS\\amd64_microsoft-windows-servicingstack_31bf3856ad364e35_6.3.9600.18384_none_fa1d93c39b41b41a\\TiWorker.exe","keyword":["Audit Success"],"@timestamp":"2019-05-29T13:15:33.053Z","taskCategory":"File System","@type":"http://purl.org/sepses/vocab/log/wineventlog#WindowsEventLogEntry","handleID":"0x2bc4","eventID":4660,"@context":"http://sepses.ifs.tuwien.ac.at/contexts/wineventlog.jsonld","objectServer":"Security","logName":"Security","hasLogType":"wineventlog","timestamp":"2019-05-29T13:15:33.053Z","accountName":"VIRTUALWINDOWS8$","processID":"0xd1c","accountDomain":"WORKGROUP","originatesFrom":{"hostName":{"name":"VirtualWindows8"},"@type":"rdf:nodeID","@id":"http://example.org/sepses#cfca7afd-b3fa-4022-b9e2-f8bf63627f58"},"source":"Microsoft-Windows-Security-Auditing"}
{"logMessage":"An object was deleted.\n\nSubject:\n\tSecurity ID:\t\tS-1-5-18\n\tAccount Name:\t\tVIRTUALWINDOWS8$\n\tAccount Domain:\t\tWORKGROUP\n\tLogon ID:\t\t0x3E7\n\nObject:\n\tObject Server:\tSecurity\n\tHandle ID:\t0x2bc4\n\nProcess Information:\n\tProcess ID:\t0xd1c\n\tProcess Name:\tC:\\Windows\\WinSxS\\amd64_microsoft-windows-servicingstack_31bf3856ad364e35_6.3.9600.18384_none_fa1d93c39b41b41a\\TiWorker.exe\n\tTransaction ID:\t{3CD790C9-820F-11E9-9C1D-0800279A39D8}","logonID":"0x3e7","level":"Information","computerName":"VirtualWindows8","upCode":"Info","@id":"http://example.org/logEntry#logEntry-b1703454-1dfe-47e0-9f5e-80d772ad9853","processName":"C:\\Windows\\WinSxS\\amd64_microsoft-windows-servicingstack_31bf3856ad364e35_6.3.9600.18384_none_fa1d93c39b41b41a\\TiWorker.exe","keyword":["Audit Success"],"@timestamp":"2019-05-29T13:15:33.056Z","taskCategory":"File System","@type":"http://purl.org/sepses/vocab/log/wineventlog#WindowsEventLogEntry","handleID":"0x2bc4","eventID":4660,"@context":"http://sepses.ifs.tuwien.ac.at/contexts/wineventlog.jsonld","objectServer":"Security","logName":"Security","hasLogType":"wineventlog","timestamp":"2019-05-29T13:15:33.056Z","accountName":"VIRTUALWINDOWS8$","processID":"0xd1c","accountDomain":"WORKGROUP","originatesFrom":{"hostName":{"name":"VirtualWindows8"},"@type":"rdf:nodeID","@id":"http://example.org/sepses#babd5eef-4d38-4a35-a36a-1a70da27ab96"},"source":"Microsoft-Windows-Security-Auditing"}
{"logMessage":"An object was deleted.\n\nSubject:\n\tSecurity ID:\t\tS-1-5-18\n\tAccount Name:\t\tVIRTUALWINDOWS8$\n\tAccount Domain:\t\tWORKGROUP\n\tLogon ID:\t\t0x3E7\n\nObject:\n\tObject Server:\tSecurity\n\tHandle ID:\t0x2bc4\n\nProcess Information:\n\tProcess ID:\t0xd1c\n\tProcess Name:\tC:\\Windows\\WinSxS\\amd64_microsoft-windows-servicingstack_31bf3856ad364e35_6.3.9600.18384_none_fa1d93c39b41b41a\\TiWorker.exe\n\tTransaction ID:\t{3CD790C9-820F-11E9-9C1D-0800279A39D8}","logonID":"0x3e7","level":"Information","computerName":"VirtualWindows8","upCode":"Info","@id":"http://example.org/logEntry#logEntry-7cc15316-dc4d-4402-a7fb-3dacef8c4108","processName":"C:\\Windows\\WinSxS\\amd64_microsoft-windows-servicingstack_31bf3856ad364e35_6.3.9600.18384_none_fa1d93c39b41b41a\\TiWorker.exe","keyword":["Audit Success"],"@timestamp":"2019-05-29T13:15:33.058Z","taskCategory":"File System","@type":"http://purl.org/sepses/vocab/log/wineventlog#WindowsEventLogEntry","handleID":"0x2bc4","eventID":4660,"@context":"http://sepses.ifs.tuwien.ac.at/contexts/wineventlog.jsonld","objectServer":"Security","logName":"Security","hasLogType":"wineventlog","timestamp":"2019-05-29T13:15:33.058Z","accountName":"VIRTUALWINDOWS8$","processID":"0xd1c","accountDomain":"WORKGROUP","originatesFrom":{"hostName":{"name":"VirtualWindows8"},"@type":"rdf:nodeID","@id":"http://example.org/sepses#0c321ac9-578e-484e-b184-f8253d2c55d6"},"source":"Microsoft-Windows-Security-Auditing"}
{"logMessage":"An object was deleted.\n\nSubject:\n\tSecurity ID:\t\tS-1-5-18\n\tAccount Name:\t\tVIRTUALWINDOWS8$\n\tAccount Domain:\t\tWORKGROUP\n\tLogon ID:\t\t0x3E7\n\nObject:\n\tObject Server:\tSecurity\n\tHandle ID:\t0x2b74\n\nProcess Information:\n\tProcess ID:\t0xd1c\n\tProcess Name:\tC:\\Windows\\WinSxS\\amd64_microsoft-windows-servicingstack_31bf3856ad364e35_6.3.9600.18384_none_fa1d93c39b41b41a\\TiWorker.exe\n\tTransaction ID:\t{3CD790D5-820F-11E9-9C1D-0800279A39D8}","logonID":"0x3e7","level":"Information","computerName":"VirtualWindows8","upCode":"Info","@id":"http://example.org/logEntry#logEntry-b7c513eb-b57a-4981-91af-563cf388c8d4","processName":"C:\\Windows\\WinSxS\\amd64_microsoft-windows-servicingstack_31bf3856ad364e35_6.3.9600.18384_none_fa1d93c39b41b41a\\TiWorker.exe","keyword":["Audit Success"],"@timestamp":"2019-05-29T13:15:33.259Z","taskCategory":"File System","@type":"http://purl.org/sepses/vocab/log/wineventlog#WindowsEventLogEntry","handleID":"0x2b74","eventID":4660,"@context":"http://sepses.ifs.tuwien.ac.at/contexts/wineventlog.jsonld","objectServer":"Security","logName":"Security","hasLogType":"wineventlog","timestamp":"2019-05-29T13:15:33.259Z","accountName":"VIRTUALWINDOWS8$","processID":"0xd1c","accountDomain":"WORKGROUP","originatesFrom":{"hostName":{"name":"VirtualWindows8"},"@type":"rdf:nodeID","@id":"http://example.org/sepses#ab69f258-e4fb-49eb-9599-9d5fd7b49429"},"source":"Microsoft-Windows-Security-Auditing"}
{"logMessage":"An attempt was made to access an object.\n\nSubject:\n\tSecurity ID:\t\tS-1-5-18\n\tAccount Name:\t\tVIRTUALWINDOWS8$\n\tAccount Domain:\t\tWORKGROUP\n\tLogon ID:\t\t0x3E7\n\nObject:\n\tObject Server:\t\tSecurity\n\tObject Type:\t\tFile\n\tObject Name:\t\tC:\\Windows\\WinSxS\\wow64_microsoft-windows-qedit_31bf3856ad364e35_6.3.9600.17415_none_55fb81e64f858cbe\\qedit.dll\n\tHandle ID:\t\t0x2ba4\n\tResource Attributes:\tS:AI\n\nProcess Information:\n\tProcess ID:\t\t0xd1c\n\tProcess Name:\t\tC:\\Windows\\WinSxS\\amd64_microsoft-windows-servicingstack_31bf3856ad364e35_6.3.9600.18384_none_fa1d93c39b41b41a\\TiWorker.exe\n\nAccess Request Information:\n\tAccesses:\t\tDELETE\n\t\t\t\t\n\tAccess Mask:\t\t0x10000","logonID":"0x3e7","level":"Information","computerName":"VirtualWindows8","upCode":"Info","accesses":"%%1537\n\t\t\t\t","resourceAttributes":"S:AI","@id":"http://example.org/logEntry#logEntry-9b5a219e-b975-4055-aa03-9e2073757ffe","processName":"C:\\Windows\\WinSxS\\amd64_microsoft-windows-servicingstack_31bf3856ad364e35_6.3.9600.18384_none_fa1d93c39b41b41a\\TiWorker.exe","keyword":["Audit Success"],"accessMask":"0x10000","@timestamp":"2019-05-29T13:15:35.120Z","version":1,"taskCategory":"File System","@type":"http://purl.org/sepses/vocab/log/wineventlog#WindowsEventLogEntry","handleID":"0x2ba4","eventID":4663,"@context":"http://sepses.ifs.tuwien.ac.at/contexts/wineventlog.jsonld","objectServer":"Security","logName":"Security","hasLogType":"wineventlog","timestamp":"2019-05-29T13:15:35.120Z","accountName":"VIRTUALWINDOWS8$","processID":"0xd1c","objectType":"File","accountDomain":"WORKGROUP","originatesFrom":{"hostName":{"name":"VirtualWindows8"},"@type":"rdf:nodeID","@id":"http://example.org/sepses#838c8454-11e9-4df0-922f-ebf176eae382"},"objectName":"C:\\Windows\\WinSxS\\wow64_microsoft-windows-qedit_31bf3856ad364e35_6.3.9600.17415_none_55fb81e64f858cbe\\qedit.dll","source":"Microsoft-Windows-Security-Auditing"}
{"logMessage":"An attempt was made to access an object.\n\nSubject:\n\tSecurity ID:\t\tS-1-5-18\n\tAccount Name:\t\tVIRTUALWINDOWS8$\n\tAccount Domain:\t\tWORKGROUP\n\tLogon ID:\t\t0x3E7\n\nObject:\n\tObject Server:\t\tSecurity\n\tObject Type:\t\tFile\n\tObject Name:\t\tC:\\Windows\\WinSxS\\wow64_microsoft-windows-rasbase_31bf3856ad364e35_6.3.9600.18895_none_08e97e8a82ce67d5\\rasmxs.dll\n\tHandle ID:\t\t0x2be8\n\tResource Attributes:\tS:AI\n\nProcess Information:\n\tProcess ID:\t\t0xd1c\n\tProcess Name:\t\tC:\\Windows\\WinSxS\\amd64_microsoft-windows-servicingstack_31bf3856ad364e35_6.3.9600.18384_none_fa1d93c39b41b41a\\TiWorker.exe\n\nAccess Request Information:\n\tAccesses:\t\tDELETE\n\t\t\t\t\n\tAccess Mask:\t\t0x10000","logonID":"0x3e7","level":"Information","computerName":"VirtualWindows8","upCode":"Info","accesses":"%%1537\n\t\t\t\t","resourceAttributes":"S:AI","@id":"http://example.org/logEntry#logEntry-80204bec-a0a8-42d5-98bc-75210f3be20e","processName":"C:\\Windows\\WinSxS\\amd64_microsoft-windows-servicingstack_31bf3856ad364e35_6.3.9600.18384_none_fa1d93c39b41b41a\\TiWorker.exe","keyword":["Audit Success"],"accessMask":"0x10000","@timestamp":"2019-05-29T13:15:36.557Z","version":1,"taskCategory":"File System","@type":"http://purl.org/sepses/vocab/log/wineventlog#WindowsEventLogEntry","handleID":"0x2be8","eventID":4663,"@context":"http://sepses.ifs.tuwien.ac.at/contexts/wineventlog.jsonld","objectServer":"Security","logName":"Security","hasLogType":"wineventlog","timestamp":"2019-05-29T13:15:36.557Z","accountName":"VIRTUALWINDOWS8$","processID":"0xd1c","objectType":"File","accountDomain":"WORKGROUP","originatesFrom":{"hostName":{"name":"VirtualWindows8"},"@type":"rdf:nodeID","@id":"http://example.org/sepses#bf2405b4-f552-4e0f-b1cc-88f2e4ebba81"},"objectName":"C:\\Windows\\WinSxS\\wow64_microsoft-windows-rasbase_31bf3856ad364e35_6.3.9600.18895_none_08e97e8a82ce67d5\\rasmxs.dll","source":"Microsoft-Windows-Security-Auditing"}
{"logMessage":"An attempt was made to access an object.\n\nSubject:\n\tSecurity ID:\t\tS-1-5-18\n\tAccount Name:\t\tVIRTUALWINDOWS8$\n\tAccount Domain:\t\tWORKGROUP\n\tLogon ID:\t\t0x3E7\n\nObject:\n\tObject Server:\t\tSecurity\n\tObject Type:\t\tFile\n\tObject Name:\t\tC:\\Windows\\WinSxS\\wow64_microsoft-windows-rasbase_31bf3856ad364e35_6.3.9600.18895_none_08e97e8a82ce67d5\\rasdiag.dll\n\tHandle ID:\t\t0x2bb8\n\tResource Attributes:\tS:AI\n\nProcess Information:\n\tProcess ID:\t\t0xd1c\n\tProcess Name:\t\tC:\\Windows\\WinSxS\\amd64_microsoft-windows-servicingstack_31bf3856ad364e35_6.3.9600.18384_none_fa1d93c39b41b41a\\TiWorker.exe\n\nAccess Request Information:\n\tAccesses:\t\tDELETE\n\t\t\t\t\n\tAccess Mask:\t\t0x10000","logonID":"0x3e7","level":"Information","computerName":"VirtualWindows8","upCode":"Info","accesses":"%%1537\n\t\t\t\t","resourceAttributes":"S:AI","@id":"http://example.org/logEntry#logEntry-9162be93-2c25-46bd-acee-d3c4f0bf6c9d","processName":"C:\\Windows\\WinSxS\\amd64_microsoft-windows-servicingstack_31bf3856ad364e35_6.3.9600.18384_none_fa1d93c39b41b41a\\TiWorker.exe","keyword":["Audit Success"],"accessMask":"0x10000","@timestamp":"2019-05-29T13:15:36.557Z","version":1,"taskCategory":"File System","@type":"http://purl.org/sepses/vocab/log/wineventlog#WindowsEventLogEntry","handleID":"0x2bb8","eventID":4663,"@context":"http://sepses.ifs.tuwien.ac.at/contexts/wineventlog.jsonld","objectServer":"Security","logName":"Security","hasLogType":"wineventlog","timestamp":"2019-05-29T13:15:36.557Z","accountName":"VIRTUALWINDOWS8$","processID":"0xd1c","objectType":"File","accountDomain":"WORKGROUP","originatesFrom":{"hostName":{"name":"VirtualWindows8"},"@type":"rdf:nodeID","@id":"http://example.org/sepses#48faa5a8-722f-4bdc-8eed-b3120bc35dac"},"objectName":"C:\\Windows\\WinSxS\\wow64_microsoft-windows-rasbase_31bf3856ad364e35_6.3.9600.18895_none_08e97e8a82ce67d5\\rasdiag.dll","source":"Microsoft-Windows-Security-Auditing"}
{"logMessage":"An attempt was made to access an object.\n\nSubject:\n\tSecurity ID:\t\tS-1-5-18\n\tAccount Name:\t\tVIRTUALWINDOWS8$\n\tAccount Domain:\t\tWORKGROUP\n\tLogon ID:\t\t0x3E7\n\nObject:\n\tObject Server:\t\tSecurity\n\tObject Type:\t\tFile\n\tObject Name:\t\tC:\\Windows\\WinSxS\\wow64_microsoft-windows-rasbase_31bf3856ad364e35_6.3.9600.18895_none_08e97e8a82ce67d5\\rascfg.dll\n\tHandle ID:\t\t0x2bb8\n\tResource Attributes:\tS:AI\n\nProcess Information:\n\tProcess ID:\t\t0xd1c\n\tProcess Name:\t\tC:\\Windows\\WinSxS\\amd64_microsoft-windows-servicingstack_31bf3856ad364e35_6.3.9600.18384_none_fa1d93c39b41b41a\\TiWorker.exe\n\nAccess Request Information:\n\tAccesses:\t\tDELETE\n\t\t\t\t\n\tAccess Mask:\t\t0x10000","logonID":"0x3e7","level":"Information","computerName":"VirtualWindows8","upCode":"Info","accesses":"%%1537\n\t\t\t\t","resourceAttributes":"S:AI","@id":"http://example.org/logEntry#logEntry-8c5f0742-5e5e-4daf-9fdb-6504f46b0328","processName":"C:\\Windows\\WinSxS\\amd64_microsoft-windows-servicingstack_31bf3856ad364e35_6.3.9600.18384_none_fa1d93c39b41b41a\\TiWorker.exe","keyword":["Audit Success"],"accessMask":"0x10000","@timestamp":"2019-05-29T13:15:36.557Z","version":1,"taskCategory":"File System","@type":"http://purl.org/sepses/vocab/log/wineventlog#WindowsEventLogEntry","handleID":"0x2bb8","eventID":4663,"@context":"http://sepses.ifs.tuwien.ac.at/contexts/wineventlog.jsonld","objectServer":"Security","logName":"Security","hasLogType":"wineventlog","timestamp":"2019-05-29T13:15:36.557Z","accountName":"VIRTUALWINDOWS8$","processID":"0xd1c","objectType":"File","accountDomain":"WORKGROUP","originatesFrom":{"hostName":{"name":"VirtualWindows8"},"@type":"rdf:nodeID","@id":"http://example.org/sepses#904bc3be-f977-4350-ac56-5c587d924939"},"objectName":"C:\\Windows\\WinSxS\\wow64_microsoft-windows-rasbase_31bf3856ad364e35_6.3.9600.18895_none_08e97e8a82ce67d5\\rascfg.dll","source":"Microsoft-Windows-Security-Auditing"}
{"logMessage":"An attempt was made to access an object.\n\nSubject:\n\tSecurity ID:\t\tS-1-5-18\n\tAccount Name:\t\tVIRTUALWINDOWS8$\n\tAccount Domain:\t\tWORKGROUP\n\tLogon ID:\t\t0x3E7\n\nObject:\n\tObject Server:\t\tSecurity\n\tObject Type:\t\tFile\n\tObject Name:\t\tC:\\Windows\\WinSxS\\wow64_microsoft-windows-rasbase_31bf3856ad364e35_6.3.9600.18895_none_08e97e8a82ce67d5\\rasser.dll\n\tHandle ID:\t\t0x2be8\n\tResource Attributes:\tS:AI\n\nProcess Information:\n\tProcess ID:\t\t0xd1c\n\tProcess Name:\t\tC:\\Windows\\WinSxS\\amd64_microsoft-windows-servicingstack_31bf3856ad364e35_6.3.9600.18384_none_fa1d93c39b41b41a\\TiWorker.exe\n\nAccess Request Information:\n\tAccesses:\t\tDELETE\n\t\t\t\t\n\tAccess Mask:\t\t0x10000","logonID":"0x3e7","level":"Information","computerName":"VirtualWindows8","upCode":"Info","accesses":"%%1537\n\t\t\t\t","resourceAttributes":"S:AI","@id":"http://example.org/logEntry#logEntry-a64b2300-71e1-4391-aaf3-7eeb85ff5460","processName":"C:\\Windows\\WinSxS\\amd64_microsoft-windows-servicingstack_31bf3856ad364e35_6.3.9600.18384_none_fa1d93c39b41b41a\\TiWorker.exe","keyword":["Audit Success"],"accessMask":"0x10000","@timestamp":"2019-05-29T13:15:36.557Z","version":1,"taskCategory":"File System","@type":"http://purl.org/sepses/vocab/log/wineventlog#WindowsEventLogEntry","handleID":"0x2be8","eventID":4663,"@context":"http://sepses.ifs.tuwien.ac.at/contexts/wineventlog.jsonld","objectServer":"Security","logName":"Security","hasLogType":"wineventlog","timestamp":"2019-05-29T13:15:36.557Z","accountName":"VIRTUALWINDOWS8$","processID":"0xd1c","objectType":"File","accountDomain":"WORKGROUP","originatesFrom":{"hostName":{"name":"VirtualWindows8"},"@type":"rdf:nodeID","@id":"http://example.org/sepses#96574a88-aa24-4142-a5fd-df3578b4be1f"},"objectName":"C:\\Windows\\WinSxS\\wow64_microsoft-windows-rasbase_31bf3856ad364e35_6.3.9600.18895_none_08e97e8a82ce67d5\\rasser.dll","source":"Microsoft-Windows-Security-Auditing"}
{"logMessage":"An attempt was made to access an object.\n\nSubject:\n\tSecurity ID:\t\tS-1-5-18\n\tAccount Name:\t\tVIRTUALWINDOWS8$\n\tAccount Domain:\t\tWORKGROUP\n\tLogon ID:\t\t0x3E7\n\nObject:\n\tObject Server:\t\tSecurity\n\tObject Type:\t\tFile\n\tObject Name:\t\tC:\\Windows\\WinSxS\\wow64_microsoft-windows-rasbase_31bf3856ad364e35_6.3.9600.18895_none_08e97e8a82ce67d5\\switch.inf\n\tHandle ID:\t\t0x2be8\n\tResource Attributes:\tS:AI\n\nProcess Information:\n\tProcess ID:\t\t0xd1c\n\tProcess Name:\t\tC:\\Windows\\WinSxS\\amd64_microsoft-windows-servicingstack_31bf3856ad364e35_6.3.9600.18384_none_fa1d93c39b41b41a\\TiWorker.exe\n\nAccess Request Information:\n\tAccesses:\t\tDELETE\n\t\t\t\t\n\tAccess Mask:\t\t0x10000","logonID":"0x3e7","level":"Information","computerName":"VirtualWindows8","upCode":"Info","accesses":"%%1537\n\t\t\t\t","resourceAttributes":"S:AI","@id":"http://example.org/logEntry#logEntry-ec8309f9-4725-488e-9d9d-b926cf4b9abd","processName":"C:\\Windows\\WinSxS\\amd64_microsoft-windows-servicingstack_31bf3856ad364e35_6.3.9600.18384_none_fa1d93c39b41b41a\\TiWorker.exe","keyword":["Audit Success"],"accessMask":"0x10000","@timestamp":"2019-05-29T13:15:36.572Z","version":1,"taskCategory":"File System","@type":"http://purl.org/sepses/vocab/log/wineventlog#WindowsEventLogEntry","handleID":"0x2be8","eventID":4663,"@context":"http://sepses.ifs.tuwien.ac.at/contexts/wineventlog.jsonld","objectServer":"Security","logName":"Security","hasLogType":"wineventlog","timestamp":"2019-05-29T13:15:36.572Z","accountName":"VIRTUALWINDOWS8$","processID":"0xd1c","objectType":"File","accountDomain":"WORKGROUP","originatesFrom":{"hostName":{"name":"VirtualWindows8"},"@type":"rdf:nodeID","@id":"http://example.org/sepses#ead20a75-b7fd-4555-9d04-0888a3e24fd0"},"objectName":"C:\\Windows\\WinSxS\\wow64_microsoft-windows-rasbase_31bf3856ad364e35_6.3.9600.18895_none_08e97e8a82ce67d5\\switch.inf","source":"Microsoft-Windows-Security-Auditing"}
{"logMessage":"An attempt was made to access an object.\n\nSubject:\n\tSecurity ID:\t\tS-1-5-18\n\tAccount Name:\t\tVIRTUALWINDOWS8$\n\tAccount Domain:\t\tWORKGROUP\n\tLogon ID:\t\t0x3E7\n\nObject:\n\tObject Server:\t\tSecurity\n\tObject Type:\t\tFile\n\tObject Name:\t\tC:\\Windows\\WinSxS\\wow64_microsoft-windows-rasbase_31bf3856ad364e35_6.3.9600.18895_none_08e97e8a82ce67d5\\kmddsp.tsp\n\tHandle ID:\t\t0x2bb8\n\tResource Attributes:\tS:AI\n\nProcess Information:\n\tProcess ID:\t\t0xd1c\n\tProcess Name:\t\tC:\\Windows\\WinSxS\\amd64_microsoft-windows-servicingstack_31bf3856ad364e35_6.3.9600.18384_none_fa1d93c39b41b41a\\TiWorker.exe\n\nAccess Request Information:\n\tAccesses:\t\tDELETE\n\t\t\t\t\n\tAccess Mask:\t\t0x10000","logonID":"0x3e7","level":"Information","computerName":"VirtualWindows8","upCode":"Info","accesses":"%%1537\n\t\t\t\t","resourceAttributes":"S:AI","@id":"http://example.org/logEntry#logEntry-702fb61c-5cac-4f06-892e-8fc7bfa35c99","processName":"C:\\Windows\\WinSxS\\amd64_microsoft-windows-servicingstack_31bf3856ad364e35_6.3.9600.18384_none_fa1d93c39b41b41a\\TiWorker.exe","keyword":["Audit Success"],"accessMask":"0x10000","@timestamp":"2019-05-29T13:15:36.572Z","version":1,"taskCategory":"File System","@type":"http://purl.org/sepses/vocab/log/wineventlog#WindowsEventLogEntry","handleID":"0x2bb8","eventID":4663,"@context":"http://sepses.ifs.tuwien.ac.at/contexts/wineventlog.jsonld","objectServer":"Security","logName":"Security","hasLogType":"wineventlog","timestamp":"2019-05-29T13:15:36.572Z","accountName":"VIRTUALWINDOWS8$","processID":"0xd1c","objectType":"File","accountDomain":"WORKGROUP","originatesFrom":{"hostName":{"name":"VirtualWindows8"},"@type":"rdf:nodeID","@id":"http://example.org/sepses#8a75a5fb-d986-4c99-b248-6d30589a8414"},"objectName":"C:\\Windows\\WinSxS\\wow64_microsoft-windows-rasbase_31bf3856ad364e35_6.3.9600.18895_none_08e97e8a82ce67d5\\kmddsp.tsp","source":"Microsoft-Windows-Security-Auditing"}
{"logMessage":"An attempt was made to access an object.\n\nSubject:\n\tSecurity ID:\t\tS-1-5-18\n\tAccount Name:\t\tVIRTUALWINDOWS8$\n\tAccount Domain:\t\tWORKGROUP\n\tLogon ID:\t\t0x3E7\n\nObject:\n\tObject Server:\t\tSecurity\n\tObject Type:\t\tFile\n\tObject Name:\t\tC:\\Windows\\WinSxS\\wow64_microsoft-windows-rasbase_31bf3856ad364e35_6.3.9600.18895_none_08e97e8a82ce67d5\\pad.inf\n\tHandle ID:\t\t0x2bb8\n\tResource Attributes:\tS:AI\n\nProcess Information:\n\tProcess ID:\t\t0xd1c\n\tProcess Name:\t\tC:\\Windows\\WinSxS\\amd64_microsoft-windows-servicingstack_31bf3856ad364e35_6.3.9600.18384_none_fa1d93c39b41b41a\\TiWorker.exe\n\nAccess Request Information:\n\tAccesses:\t\tDELETE\n\t\t\t\t\n\tAccess Mask:\t\t0x10000","logonID":"0x3e7","level":"Information","computerName":"VirtualWindows8","upCode":"Info","accesses":"%%1537\n\t\t\t\t","resourceAttributes":"S:AI","@id":"http://example.org/logEntry#logEntry-2466b0ee-e113-4c3d-b02e-5a034659b8ed","processName":"C:\\Windows\\WinSxS\\amd64_microsoft-windows-servicingstack_31bf3856ad364e35_6.3.9600.18384_none_fa1d93c39b41b41a\\TiWorker.exe","keyword":["Audit Success"],"accessMask":"0x10000","@timestamp":"2019-05-29T13:15:36.572Z","version":1,"taskCategory":"File System","@type":"http://purl.org/sepses/vocab/log/wineventlog#WindowsEventLogEntry","handleID":"0x2bb8","eventID":4663,"@context":"http://sepses.ifs.tuwien.ac.at/contexts/wineventlog.jsonld","objectServer":"Security","logName":"Security","hasLogType":"wineventlog","timestamp":"2019-05-29T13:15:36.572Z","accountName":"VIRTUALWINDOWS8$","processID":"0xd1c","objectType":"File","accountDomain":"WORKGROUP","originatesFrom":{"hostName":{"name":"VirtualWindows8"},"@type":"rdf:nodeID","@id":"http://example.org/sepses#e9c69a88-486c-4408-9fb5-caaa382af8e2"},"objectName":"C:\\Windows\\WinSxS\\wow64_microsoft-windows-rasbase_31bf3856ad364e35_6.3.9600.18895_none_08e97e8a82ce67d5\\pad.inf","source":"Microsoft-Windows-Security-Auditing"}
{"logMessage":"An attempt was made to access an object.\n\nSubject:\n\tSecurity ID:\t\tS-1-5-18\n\tAccount Name:\t\tVIRTUALWINDOWS8$\n\tAccount Domain:\t\tWORKGROUP\n\tLogon ID:\t\t0x3E7\n\nObject:\n\tObject Server:\t\tSecurity\n\tObject Type:\t\tFile\n\tObject Name:\t\tC:\\Windows\\WinSxS\\wow64_microsoft-windows-rmcast_31bf3856ad364e35_6.3.9600.17415_none_4fdd716a90093467\\wshrm.dll\n\tHandle ID:\t\t0x2ba4\n\tResource Attributes:\tS:AI\n\nProcess Information:\n\tProcess ID:\t\t0xd1c\n\tProcess Name:\t\tC:\\Windows\\WinSxS\\amd64_microsoft-windows-servicingstack_31bf3856ad364e35_6.3.9600.18384_none_fa1d93c39b41b41a\\TiWorker.exe\n\nAccess Request Information:\n\tAccesses:\t\tDELETE\n\t\t\t\t\n\tAccess Mask:\t\t0x10000","logonID":"0x3e7","level":"Information","computerName":"VirtualWindows8","upCode":"Info","accesses":"%%1537\n\t\t\t\t","resourceAttributes":"S:AI","@id":"http://example.org/logEntry#logEntry-274a9d87-9cef-44bb-a629-02f81931597b","processName":"C:\\Windows\\WinSxS\\amd64_microsoft-windows-servicingstack_31bf3856ad364e35_6.3.9600.18384_none_fa1d93c39b41b41a\\TiWorker.exe","keyword":["Audit Success"],"accessMask":"0x10000","@timestamp":"2019-05-29T13:15:36.760Z","version":1,"taskCategory":"File System","@type":"http://purl.org/sepses/vocab/log/wineventlog#WindowsEventLogEntry","handleID":"0x2ba4","eventID":4663,"@context":"http://sepses.ifs.tuwien.ac.at/contexts/wineventlog.jsonld","objectServer":"Security","logName":"Security","hasLogType":"wineventlog","timestamp":"2019-05-29T13:15:36.760Z","accountName":"VIRTUALWINDOWS8$","processID":"0xd1c","objectType":"File","accountDomain":"WORKGROUP","originatesFrom":{"hostName":{"name":"VirtualWindows8"},"@type":"rdf:nodeID","@id":"http://example.org/sepses#09e2c4b7-62d0-4240-aa5f-3a492820c9c7"},"objectName":"C:\\Windows\\WinSxS\\wow64_microsoft-windows-rmcast_31bf3856ad364e35_6.3.9600.17415_none_4fdd716a90093467\\wshrm.dll","source":"Microsoft-Windows-Security-Auditing"}
{"logMessage":"An attempt was made to access an object.\n\nSubject:\n\tSecurity ID:\t\tS-1-5-18\n\tAccount Name:\t\tVIRTUALWINDOWS8$\n\tAccount Domain:\t\tWORKGROUP\n\tLogon ID:\t\t0x3E7\n\nObject:\n\tObject Server:\t\tSecurity\n\tObject Type:\t\tFile\n\tObject Name:\t\tC:\\Windows\\WinSxS\\wow64_microsoft-windows-rpc-local_31bf3856ad364e35_6.3.9600.19033_none_af426ebc4d44c830\\rpcrt4.dll\n\tHandle ID:\t\t0x2bb0\n\tResource Attributes:\tS:AI\n\nProcess Information:\n\tProcess ID:\t\t0xd1c\n\tProcess Name:\t\tC:\\Windows\\WinSxS\\amd64_microsoft-windows-servicingstack_31bf3856ad364e35_6.3.9600.18384_none_fa1d93c39b41b41a\\TiWorker.exe\n\nAccess Request Information:\n\tAccesses:\t\tDELETE\n\t\t\t\t\n\tAccess Mask:\t\t0x10000","logonID":"0x3e7","level":"Information","computerName":"VirtualWindows8","upCode":"Info","accesses":"%%1537\n\t\t\t\t","resourceAttributes":"S:AI","@id":"http://example.org/logEntry#logEntry-77768632-1ec7-4d1d-be6f-1b44e4749c9c","processName":"C:\\Windows\\WinSxS\\amd64_microsoft-windows-servicingstack_31bf3856ad364e35_6.3.9600.18384_none_fa1d93c39b41b41a\\TiWorker.exe","keyword":["Audit Success"],"accessMask":"0x10000","@timestamp":"2019-05-29T13:15:38.917Z","version":1,"taskCategory":"File System","@type":"http://purl.org/sepses/vocab/log/wineventlog#WindowsEventLogEntry","handleID":"0x2bb0","eventID":4663,"@context":"http://sepses.ifs.tuwien.ac.at/contexts/wineventlog.jsonld","objectServer":"Security","logName":"Security","hasLogType":"wineventlog","timestamp":"2019-05-29T13:15:38.917Z","accountName":"VIRTUALWINDOWS8$","processID":"0xd1c","objectType":"File","accountDomain":"WORKGROUP","originatesFrom":{"hostName":{"name":"VirtualWindows8"},"@type":"rdf:nodeID","@id":"http://example.org/sepses#d7bd86a9-7b2c-4389-abb1-1d948bfa9281"},"objectName":"C:\\Windows\\WinSxS\\wow64_microsoft-windows-rpc-local_31bf3856ad364e35_6.3.9600.19033_none_af426ebc4d44c830\\rpcrt4.dll","source":"Microsoft-Windows-Security-Auditing"}
{"logMessage":"An attempt was made to access an object.\n\nSubject:\n\tSecurity ID:\t\tS-1-5-18\n\tAccount Name:\t\tVIRTUALWINDOWS8$\n\tAccount Domain:\t\tWORKGROUP\n\tLogon ID:\t\t0x3E7\n\nObject:\n\tObject Server:\t\tSecurity\n\tObject Type:\t\tFile\n\tObject Name:\t\tC:\\Windows\\WinSxS\\wow64_microsoft-windows-rpc-local_31bf3856ad364e35_6.3.9600.19202_none_af61e2024d2d5554\\rpcrt4.dll\n\tHandle ID:\t\t0x2bc0\n\tResource Attributes:\tS:AI\n\nProcess Information:\n\tProcess ID:\t\t0xd1c\n\tProcess Name:\t\tC:\\Windows\\WinSxS\\amd64_microsoft-windows-servicingstack_31bf3856ad364e35_6.3.9600.18384_none_fa1d93c39b41b41a\\TiWorker.exe\n\nAccess Request Information:\n\tAccesses:\t\tDELETE\n\t\t\t\t\n\tAccess Mask:\t\t0x10000","logonID":"0x3e7","level":"Information","computerName":"VirtualWindows8","upCode":"Info","accesses":"%%1537\n\t\t\t\t","resourceAttributes":"S:AI","@id":"http://example.org/logEntry#logEntry-0c7ddd5c-e6a8-4c06-9c8f-1b93f5e12f2e","processName":"C:\\Windows\\WinSxS\\amd64_microsoft-windows-servicingstack_31bf3856ad364e35_6.3.9600.18384_none_fa1d93c39b41b41a\\TiWorker.exe","keyword":["Audit Success"],"accessMask":"0x10000","@timestamp":"2019-05-29T13:15:41.167Z","version":1,"taskCategory":"File System","@type":"http://purl.org/sepses/vocab/log/wineventlog#WindowsEventLogEntry","handleID":"0x2bc0","eventID":4663,"@context":"http://sepses.ifs.tuwien.ac.at/contexts/wineventlog.jsonld","objectServer":"Security","logName":"Security","hasLogType":"wineventlog","timestamp":"2019-05-29T13:15:41.167Z","accountName":"VIRTUALWINDOWS8$","processID":"0xd1c","objectType":"File","accountDomain":"WORKGROUP","originatesFrom":{"hostName":{"name":"VirtualWindows8"},"@type":"rdf:nodeID","@id":"http://example.org/sepses#01e26412-3178-49a6-9754-b2cbfb31da0e"},"objectName":"C:\\Windows\\WinSxS\\wow64_microsoft-windows-rpc-local_31bf3856ad364e35_6.3.9600.19202_none_af61e2024d2d5554\\rpcrt4.dll","source":"Microsoft-Windows-Security-Auditing"}
{"logMessage":"An attempt was made to access an object.\n\nSubject:\n\tSecurity ID:\t\tS-1-5-21-2361021202-3253521353-2316283985-1001\n\tAccount Name:\t\tVirtualWindows8User\n\tAccount Domain:\t\tVirtualWindows8\n\tLogon ID:\t\t0x5ED4C0\n\nObject:\n\tObject Server:\t\tSecurity\n\tObject Type:\t\tFile\n\tObject Name:\t\tC:\\Users\\VirtualWindows8User\\Links\\UserDocuments.lnk\n\tHandle ID:\t\t0x1b4c\n\tResource Attributes:\tS:AI\n\nProcess Information:\n\tProcess ID:\t\t0x6f4\n\tProcess Name:\t\tC:\\Windows\\explorer.exe\n\nAccess Request Information:\n\tAccesses:\t\tReadAttributes\n\t\t\t\t\n\tAccess Mask:\t\t0x80","logonID":"0x5ed4c0","level":"Information","computerName":"VirtualWindows8","upCode":"Info","accesses":"%%4423\n\t\t\t\t","resourceAttributes":"S:AI","@id":"http://example.org/logEntry#logEntry-04832929-e60b-471f-a4a3-c2c5ec9cdee0","processName":"C:\\Windows\\explorer.exe","keyword":["Audit Success"],"accessMask":"0x80","@timestamp":"2019-05-29T13:16:11.870Z","version":1,"taskCategory":"File System","@type":"http://purl.org/sepses/vocab/log/wineventlog#WindowsEventLogEntry","handleID":"0x1b4c","eventID":4663,"@context":"http://sepses.ifs.tuwien.ac.at/contexts/wineventlog.jsonld","objectServer":"Security","logName":"Security","hasLogType":"wineventlog","timestamp":"2019-05-29T13:16:11.870Z","accountName":"VirtualWindows8User","processID":"0x6f4","objectType":"File","accountDomain":"VirtualWindows8","originatesFrom":{"hostName":{"name":"VirtualWindows8"},"@type":"rdf:nodeID","@id":"http://example.org/sepses#ee377b7e-611b-4892-bf2e-c92679ced061"},"objectName":"C:\\Users\\VirtualWindows8User\\Links\\UserDocuments.lnk","source":"Microsoft-Windows-Security-Auditing"}
{"logMessage":"An attempt was made to access an object.\n\nSubject:\n\tSecurity ID:\t\tS-1-5-21-2361021202-3253521353-2316283985-1001\n\tAccount Name:\t\tVirtualWindows8User\n\tAccount Domain:\t\tVirtualWindows8\n\tLogon ID:\t\t0x5ED4C0\n\nObject:\n\tObject Server:\t\tSecurity\n\tObject Type:\t\tFile\n\tObject Name:\t\tC:\\Users\\VirtualWindows8User\\Links\\UserDocuments.lnk\n\tHandle ID:\t\t0x2424\n\tResource Attributes:\tS:AI\n\nProcess Information:\n\tProcess ID:\t\t0x6f4\n\tProcess Name:\t\tC:\\Windows\\explorer.exe\n\nAccess Request Information:\n\tAccesses:\t\tReadAttributes\n\t\t\t\t\n\tAccess Mask:\t\t0x80","logonID":"0x5ed4c0","level":"Information","computerName":"VirtualWindows8","upCode":"Info","accesses":"%%4423\n\t\t\t\t","resourceAttributes":"S:AI","@id":"http://example.org/logEntry#logEntry-e1c3b24d-3be2-4f53-8654-02c1a24aa187","processName":"C:\\Windows\\explorer.exe","keyword":["Audit Success"],"accessMask":"0x80","@timestamp":"2019-05-29T13:16:11.886Z","version":1,"taskCategory":"File System","@type":"http://purl.org/sepses/vocab/log/wineventlog#WindowsEventLogEntry","handleID":"0x2424","eventID":4663,"@context":"http://sepses.ifs.tuwien.ac.at/contexts/wineventlog.jsonld","objectServer":"Security","logName":"Security","hasLogType":"wineventlog","timestamp":"2019-05-29T13:16:11.886Z","accountName":"VirtualWindows8User","processID":"0x6f4","objectType":"File","accountDomain":"VirtualWindows8","originatesFrom":{"hostName":{"name":"VirtualWindows8"},"@type":"rdf:nodeID","@id":"http://example.org/sepses#b2b2f387-ffac-48d5-8c1b-fcf3fdad5d0f"},"objectName":"C:\\Users\\VirtualWindows8User\\Links\\UserDocuments.lnk","source":"Microsoft-Windows-Security-Auditing"}
{"logMessage":"An attempt was made to access an object.\n\nSubject:\n\tSecurity ID:\t\tS-1-5-21-2361021202-3253521353-2316283985-1001\n\tAccount Name:\t\tVirtualWindows8User\n\tAccount Domain:\t\tVirtualWindows8\n\tLogon ID:\t\t0x5ED4C0\n\nObject:\n\tObject Server:\t\tSecurity\n\tObject Type:\t\tFile\n\tObject Name:\t\tC:\\Users\\VirtualWindows8User\\UserDocuments\n\tHandle ID:\t\t0x1e2c\n\tResource Attributes:\tS:AI\n\nProcess Information:\n\tProcess ID:\t\t0x6f4\n\tProcess Name:\t\tC:\\Windows\\explorer.exe\n\nAccess Request Information:\n\tAccesses:\t\tReadAttributes\n\t\t\t\t\n\tAccess Mask:\t\t0x80","logonID":"0x5ed4c0","level":"Information","computerName":"VirtualWindows8","upCode":"Info","accesses":"%%4423\n\t\t\t\t","resourceAttributes":"S:AI","@id":"http://example.org/logEntry#logEntry-63dcbe64-edad-4847-b854-549da45c743c","processName":"C:\\Windows\\explorer.exe","keyword":["Audit Success"],"accessMask":"0x80","@timestamp":"2019-05-29T13:16:11.900Z","version":1,"taskCategory":"File System","@type":"http://purl.org/sepses/vocab/log/wineventlog#WindowsEventLogEntry","handleID":"0x1e2c","eventID":4663,"@context":"http://sepses.ifs.tuwien.ac.at/contexts/wineventlog.jsonld","objectServer":"Security","logName":"Security","hasLogType":"wineventlog","timestamp":"2019-05-29T13:16:11.900Z","accountName":"VirtualWindows8User","processID":"0x6f4","objectType":"File","accountDomain":"VirtualWindows8","originatesFrom":{"hostName":{"name":"VirtualWindows8"},"@type":"rdf:nodeID","@id":"http://example.org/sepses#2374fbe5-8009-4579-a60b-dd15882ac162"},"objectName":"C:\\Users\\VirtualWindows8User\\UserDocuments","source":"Microsoft-Windows-Security-Auditing"}
{"logMessage":"An attempt was made to access an object.\n\nSubject:\n\tSecurity ID:\t\tS-1-5-21-2361021202-3253521353-2316283985-1001\n\tAccount Name:\t\tVirtualWindows8User\n\tAccount Domain:\t\tVirtualWindows8\n\tLogon ID:\t\t0x5ED4C0\n\nObject:\n\tObject Server:\t\tSecurity\n\tObject Type:\t\tFile\n\tObject Name:\t\tC:\\Users\\VirtualWindows8User\\UserDocuments\n\tHandle ID:\t\t0x2154\n\tResource Attributes:\tS:AI\n\nProcess Information:\n\tProcess ID:\t\t0x6f4\n\tProcess Name:\t\tC:\\Windows\\explorer.exe\n\nAccess Request Information:\n\tAccesses:\t\tReadAttributes\n\t\t\t\t\n\tAccess Mask:\t\t0x80","logonID":"0x5ed4c0","level":"Information","computerName":"VirtualWindows8","upCode":"Info","accesses":"%%4423\n\t\t\t\t","resourceAttributes":"S:AI","@id":"http://example.org/logEntry#logEntry-ca37bfa7-eca8-419a-8c45-7ad95f4a0747","processName":"C:\\Windows\\explorer.exe","keyword":["Audit Success"],"accessMask":"0x80","@timestamp":"2019-05-29T13:16:11.932Z","version":1,"taskCategory":"File System","@type":"http://purl.org/sepses/vocab/log/wineventlog#WindowsEventLogEntry","handleID":"0x2154","eventID":4663,"@context":"http://sepses.ifs.tuwien.ac.at/contexts/wineventlog.jsonld","objectServer":"Security","logName":"Security","hasLogType":"wineventlog","timestamp":"2019-05-29T13:16:11.932Z","accountName":"VirtualWindows8User","processID":"0x6f4","objectType":"File","accountDomain":"VirtualWindows8","originatesFrom":{"hostName":{"name":"VirtualWindows8"},"@type":"rdf:nodeID","@id":"http://example.org/sepses#48c24529-97f2-4184-a0a5-091648ff7c20"},"objectName":"C:\\Users\\VirtualWindows8User\\UserDocuments","source":"Microsoft-Windows-Security-Auditing"}
{"logMessage":"An attempt was made to access an object.\n\nSubject:\n\tSecurity ID:\t\tS-1-5-21-2361021202-3253521353-2316283985-1001\n\tAccount Name:\t\tVirtualWindows8User\n\tAccount Domain:\t\tVirtualWindows8\n\tLogon ID:\t\t0x5ED4C0\n\nObject:\n\tObject Server:\t\tSecurity\n\tObject Type:\t\tFile\n\tObject Name:\t\tC:\\Users\\VirtualWindows8User\\Links\\UserDocuments.lnk\n\tHandle ID:\t\t0x4c0\n\tResource Attributes:\tS:AI\n\nProcess Information:\n\tProcess ID:\t\t0x6f4\n\tProcess Name:\t\tC:\\Windows\\explorer.exe\n\nAccess Request Information:\n\tAccesses:\t\tReadAttributes\n\t\t\t\t\n\tAccess Mask:\t\t0x80","logonID":"0x5ed4c0","level":"Information","computerName":"VirtualWindows8","upCode":"Info","accesses":"%%4423\n\t\t\t\t","resourceAttributes":"S:AI","@id":"http://example.org/logEntry#logEntry-3a990e4d-c399-43c7-9ac2-c9f49b5c53c9","processName":"C:\\Windows\\explorer.exe","keyword":["Audit Success"],"accessMask":"0x80","@timestamp":"2019-05-29T13:16:11.963Z","version":1,"taskCategory":"File System","@type":"http://purl.org/sepses/vocab/log/wineventlog#WindowsEventLogEntry","handleID":"0x4c0","eventID":4663,"@context":"http://sepses.ifs.tuwien.ac.at/contexts/wineventlog.jsonld","objectServer":"Security","logName":"Security","hasLogType":"wineventlog","timestamp":"2019-05-29T13:16:11.963Z","accountName":"VirtualWindows8User","processID":"0x6f4","objectType":"File","accountDomain":"VirtualWindows8","originatesFrom":{"hostName":{"name":"VirtualWindows8"},"@type":"rdf:nodeID","@id":"http://example.org/sepses#dc19d6e9-71f1-4fd2-a8c9-21979c57f0f1"},"objectName":"C:\\Users\\VirtualWindows8User\\Links\\UserDocuments.lnk","source":"Microsoft-Windows-Security-Auditing"}
{"logMessage":"An attempt was made to access an object.\n\nSubject:\n\tSecurity ID:\t\tS-1-5-21-2361021202-3253521353-2316283985-1001\n\tAccount Name:\t\tVirtualWindows8User\n\tAccount Domain:\t\tVirtualWindows8\n\tLogon ID:\t\t0x5ED4C0\n\nObject:\n\tObject Server:\t\tSecurity\n\tObject Type:\t\tFile\n\tObject Name:\t\tC:\\Users\\VirtualWindows8User\\UserDocuments\n\tHandle ID:\t\t0x1ca0\n\tResource Attributes:\tS:AI\n\nProcess Information:\n\tProcess ID:\t\t0x6f4\n\tProcess Name:\t\tC:\\Windows\\explorer.exe\n\nAccess Request Information:\n\tAccesses:\t\tReadAttributes\n\t\t\t\t\n\tAccess Mask:\t\t0x80","logonID":"0x5ed4c0","level":"Information","computerName":"VirtualWindows8","upCode":"Info","accesses":"%%4423\n\t\t\t\t","resourceAttributes":"S:AI","@id":"http://example.org/logEntry#logEntry-b45ea8ea-25b0-44d7-9d3a-9d6b8f6f1ba4","processName":"C:\\Windows\\explorer.exe","keyword":["Audit Success"],"accessMask":"0x80","@timestamp":"2019-05-29T13:16:12.031Z","version":1,"taskCategory":"File System","@type":"http://purl.org/sepses/vocab/log/wineventlog#WindowsEventLogEntry","handleID":"0x1ca0","eventID":4663,"@context":"http://sepses.ifs.tuwien.ac.at/contexts/wineventlog.jsonld","objectServer":"Security","logName":"Security","hasLogType":"wineventlog","timestamp":"2019-05-29T13:16:12.031Z","accountName":"VirtualWindows8User","processID":"0x6f4","objectType":"File","accountDomain":"VirtualWindows8","originatesFrom":{"hostName":{"name":"VirtualWindows8"},"@type":"rdf:nodeID","@id":"http://example.org/sepses#30b0c1f1-927f-4ef1-b997-72e5d5cd685e"},"objectName":"C:\\Users\\VirtualWindows8User\\UserDocuments","source":"Microsoft-Windows-Security-Auditing"}
