{"logName":"Security","source":"Microsoft-Windows-Security-Auditing","@context":"http://sepses.ifs.tuwien.ac.at/contexts/wineventlog.jsonld","computerName":"DESKTOP-F650GTN","objectServer":"Security","@type":"http://purl.org/sepses/vocab/log/wineventlog#WindowsEventLogEntry","upCode":"Info","resourceAttributes":"S:AI","accessMask":"0x80","hasLogType":"wineventlog","timestamp":"2019-05-29T13:17:27.971Z","processName":"C:\\Program Files (x86)\\Dropbox\\Client\\Dropbox.exe","handleID":"0x2d88","@timestamp":"2019-05-29T13:17:27.971Z","eventID":4663,"level":"Information","taskCategory":"File System","originatesFrom":{"@type":"rdf:nodeID","@id":"http://example.org/sepses#df8f8b3c-bd36-4125-8482-230c52a0c8e4","hostName":"DESKTOP-F650GTN"},"objectType":"File","processID":"0x3bb4","@id":"http://example.org/logEntry#logEntry-2f5a9796-064d-4482-a14e-b4c68d3705ef","accountName":"KKurniawan","keyword":["Audit Success"],"accountDomain":"DESKTOP-F650GTN","logonID":"0xe138a","accesses":"%%4423\n\t\t\t\t","logMessage":"An attempt was made to access an object.\n\nSubject:\n\tSecurity ID:\t\tS-1-5-21-132051286-1762614582-3209893546-1001\n\tAccount Name:\t\tKKurniawan\n\tAccount Domain:\t\tDESKTOP-F650GTN\n\tLogon ID:\t\t0xE138A\n\nObject:\n\tObject Server:\t\tSecurity\n\tObject Type:\t\tFile\n\tObject Name:\t\tC:\\Users\\KKurniawan\\Dropbox\\Secret\\secretFileB2.rtf\n\tHandle ID:\t\t0x2d88\n\tResource Attributes:\tS:AI\n\nProcess Information:\n\tProcess ID:\t\t0x3bb4\n\tProcess Name:\t\tC:\\Program Files (x86)\\Dropbox\\Client\\Dropbox.exe\n\nAccess Request Information:\n\tAccesses:\t\tReadAttributes\n\t\t\t\t\n\tAccess Mask:\t\t0x80","version":1,"objectName":"C:\\Users\\KKurniawan\\Dropbox\\Secret\\secretFileB2.rtf"}
{"logName":"Security","source":"Microsoft-Windows-Security-Auditing","@context":"http://sepses.ifs.tuwien.ac.at/contexts/wineventlog.jsonld","computerName":"DESKTOP-F650GTN","objectServer":"Security","@type":"http://purl.org/sepses/vocab/log/wineventlog#WindowsEventLogEntry","upCode":"Info","resourceAttributes":"S:AI","accessMask":"0x80","hasLogType":"wineventlog","timestamp":"2019-05-29T13:17:27.992Z","processName":"C:\\Program Files (x86)\\Dropbox\\Client\\Dropbox.exe","handleID":"0x1de0","@timestamp":"2019-05-29T13:17:27.992Z","eventID":4663,"level":"Information","taskCategory":"File System","originatesFrom":{"@type":"rdf:nodeID","@id":"http://example.org/sepses#27dda99b-e9b3-4b22-9c4d-35a01edaf0d9","hostName":"DESKTOP-F650GTN"},"objectType":"File","processID":"0x3bb4","@id":"http://example.org/logEntry#logEntry-0c6ad459-90c1-464e-aced-b64fc496da26","accountName":"KKurniawan","keyword":["Audit Success"],"accountDomain":"DESKTOP-F650GTN","logonID":"0xe138a","accesses":"%%4423\n\t\t\t\t","logMessage":"An attempt was made to access an object.\n\nSubject:\n\tSecurity ID:\t\tS-1-5-21-132051286-1762614582-3209893546-1001\n\tAccount Name:\t\tKKurniawan\n\tAccount Domain:\t\tDESKTOP-F650GTN\n\tLogon ID:\t\t0xE138A\n\nObject:\n\tObject Server:\t\tSecurity\n\tObject Type:\t\tFile\n\tObject Name:\t\tC:\\Users\\KKurniawan\\Dropbox\\Secret\n\tHandle ID:\t\t0x1de0\n\tResource Attributes:\tS:AI\n\nProcess Information:\n\tProcess ID:\t\t0x3bb4\n\tProcess Name:\t\tC:\\Program Files (x86)\\Dropbox\\Client\\Dropbox.exe\n\nAccess Request Information:\n\tAccesses:\t\tReadAttributes\n\t\t\t\t\n\tAccess Mask:\t\t0x80","version":1,"objectName":"C:\\Users\\KKurniawan\\Dropbox\\Secret"}
{"logName":"Security","source":"Microsoft-Windows-Security-Auditing","@context":"http://sepses.ifs.tuwien.ac.at/contexts/wineventlog.jsonld","computerName":"DESKTOP-F650GTN","objectServer":"Security","@type":"http://purl.org/sepses/vocab/log/wineventlog#WindowsEventLogEntry","upCode":"Info","resourceAttributes":"S:AI","accessMask":"0x80","hasLogType":"wineventlog","timestamp":"2019-05-29T13:17:27.955Z","processName":"C:\\Program Files (x86)\\Dropbox\\Client\\Dropbox.exe","handleID":"0x3378","@timestamp":"2019-05-29T13:17:27.955Z","eventID":4663,"level":"Information","taskCategory":"File System","originatesFrom":{"@type":"rdf:nodeID","@id":"http://example.org/sepses#a92835fb-e2c3-481e-8009-352291708ed1","hostName":"DESKTOP-F650GTN"},"objectType":"File","processID":"0x3bb4","@id":"http://example.org/logEntry#logEntry-a33e4762-3e04-43f6-afae-05b79e7c4bbb","accountName":"KKurniawan","keyword":["Audit Success"],"accountDomain":"DESKTOP-F650GTN","logonID":"0xe138a","accesses":"%%4423\n\t\t\t\t","logMessage":"An attempt was made to access an object.\n\nSubject:\n\tSecurity ID:\t\tS-1-5-21-132051286-1762614582-3209893546-1001\n\tAccount Name:\t\tKKurniawan\n\tAccount Domain:\t\tDESKTOP-F650GTN\n\tLogon ID:\t\t0xE138A\n\nObject:\n\tObject Server:\t\tSecurity\n\tObject Type:\t\tFile\n\tObject Name:\t\tC:\\Users\\KKurniawan\\Dropbox\n\tHandle ID:\t\t0x3378\n\tResource Attributes:\tS:AI\n\nProcess Information:\n\tProcess ID:\t\t0x3bb4\n\tProcess Name:\t\tC:\\Program Files (x86)\\Dropbox\\Client\\Dropbox.exe\n\nAccess Request Information:\n\tAccesses:\t\tReadAttributes\n\t\t\t\t\n\tAccess Mask:\t\t0x80","version":1,"objectName":"C:\\Users\\KKurniawan\\Dropbox"}
{"logName":"Security","source":"Microsoft-Windows-Security-Auditing","@context":"http://sepses.ifs.tuwien.ac.at/contexts/wineventlog.jsonld","computerName":"DESKTOP-F650GTN","objectServer":"Security","@type":"http://purl.org/sepses/vocab/log/wineventlog#WindowsEventLogEntry","upCode":"Info","resourceAttributes":"S:AI","accessMask":"0x80","hasLogType":"wineventlog","timestamp":"2019-05-29T13:17:27.990Z","processName":"C:\\Program Files (x86)\\Dropbox\\Client\\Dropbox.exe","handleID":"0x3860","@timestamp":"2019-05-29T13:17:27.990Z","eventID":4663,"level":"Information","taskCategory":"File System","originatesFrom":{"@type":"rdf:nodeID","@id":"http://example.org/sepses#ef8e2073-1938-474a-8deb-69c0e8b6df42","hostName":"DESKTOP-F650GTN"},"objectType":"File","processID":"0x3bb4","@id":"http://example.org/logEntry#logEntry-7bab06a8-e4ea-423e-8bcc-9002775d3a09","accountName":"KKurniawan","keyword":["Audit Success"],"accountDomain":"DESKTOP-F650GTN","logonID":"0xe138a","accesses":"%%4423\n\t\t\t\t","logMessage":"An attempt was made to access an object.\n\nSubject:\n\tSecurity ID:\t\tS-1-5-21-132051286-1762614582-3209893546-1001\n\tAccount Name:\t\tKKurniawan\n\tAccount Domain:\t\tDESKTOP-F650GTN\n\tLogon ID:\t\t0xE138A\n\nObject:\n\tObject Server:\t\tSecurity\n\tObject Type:\t\tFile\n\tObject Name:\t\tC:\\Users\\KKurniawan\\Dropbox\n\tHandle ID:\t\t0x3860\n\tResource Attributes:\tS:AI\n\nProcess Information:\n\tProcess ID:\t\t0x3bb4\n\tProcess Name:\t\tC:\\Program Files (x86)\\Dropbox\\Client\\Dropbox.exe\n\nAccess Request Information:\n\tAccesses:\t\tReadAttributes\n\t\t\t\t\n\tAccess Mask:\t\t0x80","version":1,"objectName":"C:\\Users\\KKurniawan\\Dropbox"}
{"logName":"Security","source":"Microsoft-Windows-Security-Auditing","@context":"http://sepses.ifs.tuwien.ac.at/contexts/wineventlog.jsonld","computerName":"DESKTOP-F650GTN","objectServer":"Security","@type":"http://purl.org/sepses/vocab/log/wineventlog#WindowsEventLogEntry","upCode":"Info","resourceAttributes":"S:AI","accessMask":"0x80","hasLogType":"wineventlog","timestamp":"2019-05-29T13:17:31.067Z","processName":"C:\\Program Files (x86)\\Dropbox\\Client\\Dropbox.exe","handleID":"0x3aa0","@timestamp":"2019-05-29T13:17:31.067Z","eventID":4663,"level":"Information","taskCategory":"File System","originatesFrom":{"@type":"rdf:nodeID","@id":"http://example.org/sepses#25af3a45-06ff-48e1-ac1d-8de74002f9c3","hostName":"DESKTOP-F650GTN"},"objectType":"File","processID":"0x3bb4","@id":"http://example.org/logEntry#logEntry-f72b5677-a5c6-4f6d-910f-ef0c5761e377","accountName":"KKurniawan","keyword":["Audit Success"],"accountDomain":"DESKTOP-F650GTN","logonID":"0xe138a","accesses":"%%4423\n\t\t\t\t","logMessage":"An attempt was made to access an object.\n\nSubject:\n\tSecurity ID:\t\tS-1-5-21-132051286-1762614582-3209893546-1001\n\tAccount Name:\t\tKKurniawan\n\tAccount Domain:\t\tDESKTOP-F650GTN\n\tLogon ID:\t\t0xE138A\n\nObject:\n\tObject Server:\t\tSecurity\n\tObject Type:\t\tFile\n\tObject Name:\t\tC:\\Users\\KKurniawan\\Dropbox\n\tHandle ID:\t\t0x3aa0\n\tResource Attributes:\tS:AI\n\nProcess Information:\n\tProcess ID:\t\t0x3bb4\n\tProcess Name:\t\tC:\\Program Files (x86)\\Dropbox\\Client\\Dropbox.exe\n\nAccess Request Information:\n\tAccesses:\t\tReadAttributes\n\t\t\t\t\n\tAccess Mask:\t\t0x80","version":1,"objectName":"C:\\Users\\KKurniawan\\Dropbox"}
{"logName":"Security","source":"Microsoft-Windows-Security-Auditing","@context":"http://sepses.ifs.tuwien.ac.at/contexts/wineventlog.jsonld","computerName":"DESKTOP-F650GTN","objectServer":"Security","@type":"http://purl.org/sepses/vocab/log/wineventlog#WindowsEventLogEntry","upCode":"Info","resourceAttributes":"S:AI","accessMask":"0x80","hasLogType":"wineventlog","timestamp":"2019-05-29T13:17:31.074Z","processName":"C:\\Program Files (x86)\\Dropbox\\Client\\Dropbox.exe","handleID":"0x2fc8","@timestamp":"2019-05-29T13:17:31.074Z","eventID":4663,"level":"Information","taskCategory":"File System","originatesFrom":{"@type":"rdf:nodeID","@id":"http://example.org/sepses#39c550a1-d745-4044-a12e-6b8dedd7a159","hostName":"DESKTOP-F650GTN"},"objectType":"File","processID":"0x3bb4","@id":"http://example.org/logEntry#logEntry-01fd6f05-599b-4691-90fd-8a6b225617d8","accountName":"KKurniawan","keyword":["Audit Success"],"accountDomain":"DESKTOP-F650GTN","logonID":"0xe138a","accesses":"%%4423\n\t\t\t\t","logMessage":"An attempt was made to access an object.\n\nSubject:\n\tSecurity ID:\t\tS-1-5-21-132051286-1762614582-3209893546-1001\n\tAccount Name:\t\tKKurniawan\n\tAccount Domain:\t\tDESKTOP-F650GTN\n\tLogon ID:\t\t0xE138A\n\nObject:\n\tObject Server:\t\tSecurity\n\tObject Type:\t\tFile\n\tObject Name:\t\tC:\\Users\\KKurniawan\\Dropbox\\Secret\\secretFileB3_copy.xls\n\tHandle ID:\t\t0x2fc8\n\tResource Attributes:\tS:AI\n\nProcess Information:\n\tProcess ID:\t\t0x3bb4\n\tProcess Name:\t\tC:\\Program Files (x86)\\Dropbox\\Client\\Dropbox.exe\n\nAccess Request Information:\n\tAccesses:\t\tReadAttributes\n\t\t\t\t\n\tAccess Mask:\t\t0x80","version":1,"objectName":"C:\\Users\\KKurniawan\\Dropbox\\Secret\\secretFileB3_copy.xls"}
{"logName":"Security","source":"Microsoft-Windows-Security-Auditing","@context":"http://sepses.ifs.tuwien.ac.at/contexts/wineventlog.jsonld","computerName":"DESKTOP-F650GTN","objectServer":"Security","@type":"http://purl.org/sepses/vocab/log/wineventlog#WindowsEventLogEntry","upCode":"Info","resourceAttributes":"S:AI","accessMask":"0x80","hasLogType":"wineventlog","timestamp":"2019-05-29T13:17:31.055Z","processName":"C:\\Program Files (x86)\\Dropbox\\Client\\Dropbox.exe","handleID":"0x34b4","@timestamp":"2019-05-29T13:17:31.055Z","eventID":4663,"level":"Information","taskCategory":"File System","originatesFrom":{"@type":"rdf:nodeID","@id":"http://example.org/sepses#3cc71512-34fa-4ec6-9eeb-02e828bc0a43","hostName":"DESKTOP-F650GTN"},"objectType":"File","processID":"0x3bb4","@id":"http://example.org/logEntry#logEntry-34152a3c-3403-44df-ac3a-9251d5c88e2f","accountName":"KKurniawan","keyword":["Audit Success"],"accountDomain":"DESKTOP-F650GTN","logonID":"0xe138a","accesses":"%%4423\n\t\t\t\t","logMessage":"An attempt was made to access an object.\n\nSubject:\n\tSecurity ID:\t\tS-1-5-21-132051286-1762614582-3209893546-1001\n\tAccount Name:\t\tKKurniawan\n\tAccount Domain:\t\tDESKTOP-F650GTN\n\tLogon ID:\t\t0xE138A\n\nObject:\n\tObject Server:\t\tSecurity\n\tObject Type:\t\tFile\n\tObject Name:\t\tC:\\Users\\KKurniawan\\Dropbox\\Secret\\secretFileB3.xls\n\tHandle ID:\t\t0x34b4\n\tResource Attributes:\tS:AI\n\nProcess Information:\n\tProcess ID:\t\t0x3bb4\n\tProcess Name:\t\tC:\\Program Files (x86)\\Dropbox\\Client\\Dropbox.exe\n\nAccess Request Information:\n\tAccesses:\t\tReadAttributes\n\t\t\t\t\n\tAccess Mask:\t\t0x80","version":1,"objectName":"C:\\Users\\KKurniawan\\Dropbox\\Secret\\secretFileB3.xls"}
{"logName":"Security","source":"Microsoft-Windows-Security-Auditing","@context":"http://sepses.ifs.tuwien.ac.at/contexts/wineventlog.jsonld","computerName":"DESKTOP-F650GTN","objectServer":"Security","@type":"http://purl.org/sepses/vocab/log/wineventlog#WindowsEventLogEntry","upCode":"Info","resourceAttributes":"S:AI","accessMask":"0x80","hasLogType":"wineventlog","timestamp":"2019-05-29T13:17:31.068Z","processName":"C:\\Program Files (x86)\\Dropbox\\Client\\Dropbox.exe","handleID":"0x36a8","@timestamp":"2019-05-29T13:17:31.068Z","eventID":4663,"level":"Information","taskCategory":"File System","originatesFrom":{"@type":"rdf:nodeID","@id":"http://example.org/sepses#9657cc37-946e-4ee0-b2d3-421bd156c439","hostName":"DESKTOP-F650GTN"},"objectType":"File","processID":"0x3bb4","@id":"http://example.org/logEntry#logEntry-0a795683-8fc8-415a-8df2-d1260ccd02ed","accountName":"KKurniawan","keyword":["Audit Success"],"accountDomain":"DESKTOP-F650GTN","logonID":"0xe138a","accesses":"%%4423\n\t\t\t\t","logMessage":"An attempt was made to access an object.\n\nSubject:\n\tSecurity ID:\t\tS-1-5-21-132051286-1762614582-3209893546-1001\n\tAccount Name:\t\tKKurniawan\n\tAccount Domain:\t\tDESKTOP-F650GTN\n\tLogon ID:\t\t0xE138A\n\nObject:\n\tObject Server:\t\tSecurity\n\tObject Type:\t\tFile\n\tObject Name:\t\tC:\\Users\\KKurniawan\\Dropbox\\Secret\n\tHandle ID:\t\t0x36a8\n\tResource Attributes:\tS:AI\n\nProcess Information:\n\tProcess ID:\t\t0x3bb4\n\tProcess Name:\t\tC:\\Program Files (x86)\\Dropbox\\Client\\Dropbox.exe\n\nAccess Request Information:\n\tAccesses:\t\tReadAttributes\n\t\t\t\t\n\tAccess Mask:\t\t0x80","version":1,"objectName":"C:\\Users\\KKurniawan\\Dropbox\\Secret"}
{"logName":"Security","source":"Microsoft-Windows-Security-Auditing","@context":"http://sepses.ifs.tuwien.ac.at/contexts/wineventlog.jsonld","computerName":"DESKTOP-F650GTN","objectServer":"Security","@type":"http://purl.org/sepses/vocab/log/wineventlog#WindowsEventLogEntry","upCode":"Info","resourceAttributes":"S:AI","accessMask":"0x80","hasLogType":"wineventlog","timestamp":"2019-05-29T13:17:31.057Z","processName":"C:\\Program Files (x86)\\Dropbox\\Client\\Dropbox.exe","handleID":"0x3a48","@timestamp":"2019-05-29T13:17:31.057Z","eventID":4663,"level":"Information","taskCategory":"File System","originatesFrom":{"@type":"rdf:nodeID","@id":"http://example.org/sepses#63b44403-1958-4dee-a926-c8c08fd8e1a6","hostName":"DESKTOP-F650GTN"},"objectType":"File","processID":"0x3bb4","@id":"http://example.org/logEntry#logEntry-24b30915-821c-4d85-b463-71a1f6e6667a","accountName":"KKurniawan","keyword":["Audit Success"],"accountDomain":"DESKTOP-F650GTN","logonID":"0xe138a","accesses":"%%4423\n\t\t\t\t","logMessage":"An attempt was made to access an object.\n\nSubject:\n\tSecurity ID:\t\tS-1-5-21-132051286-1762614582-3209893546-1001\n\tAccount Name:\t\tKKurniawan\n\tAccount Domain:\t\tDESKTOP-F650GTN\n\tLogon ID:\t\t0xE138A\n\nObject:\n\tObject Server:\t\tSecurity\n\tObject Type:\t\tFile\n\tObject Name:\t\tC:\\Users\\KKurniawan\\Dropbox\\Secret\\secretFileB3_copy.xls\n\tHandle ID:\t\t0x3a48\n\tResource Attributes:\tS:AI\n\nProcess Information:\n\tProcess ID:\t\t0x3bb4\n\tProcess Name:\t\tC:\\Program Files (x86)\\Dropbox\\Client\\Dropbox.exe\n\nAccess Request Information:\n\tAccesses:\t\tReadAttributes\n\t\t\t\t\n\tAccess Mask:\t\t0x80","version":1,"objectName":"C:\\Users\\KKurniawan\\Dropbox\\Secret\\secretFileB3_copy.xls"}
{"logName":"Security","source":"Microsoft-Windows-Security-Auditing","@context":"http://sepses.ifs.tuwien.ac.at/contexts/wineventlog.jsonld","computerName":"DESKTOP-F650GTN","objectServer":"Security","@type":"http://purl.org/sepses/vocab/log/wineventlog#WindowsEventLogEntry","upCode":"Info","resourceAttributes":"S:AI","accessMask":"0x80","hasLogType":"wineventlog","timestamp":"2019-05-29T13:17:31.070Z","processName":"C:\\Program Files (x86)\\Dropbox\\Client\\Dropbox.exe","handleID":"0x3aa0","@timestamp":"2019-05-29T13:17:31.070Z","eventID":4663,"level":"Information","taskCategory":"File System","originatesFrom":{"@type":"rdf:nodeID","@id":"http://example.org/sepses#d4452eb1-36ae-46f5-8fb4-d789136d83e2","hostName":"DESKTOP-F650GTN"},"objectType":"File","processID":"0x3bb4","@id":"http://example.org/logEntry#logEntry-0f4b3c8e-7a37-48d1-9918-014658e57111","accountName":"KKurniawan","keyword":["Audit Success"],"accountDomain":"DESKTOP-F650GTN","logonID":"0xe138a","accesses":"%%4423\n\t\t\t\t","logMessage":"An attempt was made to access an object.\n\nSubject:\n\tSecurity ID:\t\tS-1-5-21-132051286-1762614582-3209893546-1001\n\tAccount Name:\t\tKKurniawan\n\tAccount Domain:\t\tDESKTOP-F650GTN\n\tLogon ID:\t\t0xE138A\n\nObject:\n\tObject Server:\t\tSecurity\n\tObject Type:\t\tFile\n\tObject Name:\t\tC:\\Users\\KKurniawan\\Dropbox\\Secret\n\tHandle ID:\t\t0x3aa0\n\tResource Attributes:\tS:AI\n\nProcess Information:\n\tProcess ID:\t\t0x3bb4\n\tProcess Name:\t\tC:\\Program Files (x86)\\Dropbox\\Client\\Dropbox.exe\n\nAccess Request Information:\n\tAccesses:\t\tReadAttributes\n\t\t\t\t\n\tAccess Mask:\t\t0x80","version":1,"objectName":"C:\\Users\\KKurniawan\\Dropbox\\Secret"}
{"logName":"Security","source":"Microsoft-Windows-Security-Auditing","@context":"http://sepses.ifs.tuwien.ac.at/contexts/wineventlog.jsonld","computerName":"DESKTOP-F650GTN","objectServer":"Security","@type":"http://purl.org/sepses/vocab/log/wineventlog#WindowsEventLogEntry","upCode":"Info","resourceAttributes":"S:AI","accessMask":"0x80","hasLogType":"wineventlog","timestamp":"2019-05-29T13:17:31.044Z","processName":"C:\\Program Files (x86)\\Dropbox\\Client\\Dropbox.exe","handleID":"0x3bfc","@timestamp":"2019-05-29T13:17:31.044Z","eventID":4663,"level":"Information","taskCategory":"File System","originatesFrom":{"@type":"rdf:nodeID","@id":"http://example.org/sepses#240d818c-c26c-4beb-ac46-d1c0b7c7ddfc","hostName":"DESKTOP-F650GTN"},"objectType":"File","processID":"0x3bb4","@id":"http://example.org/logEntry#logEntry-cb874f15-79d8-4acf-8188-891b785ff2f8","accountName":"KKurniawan","keyword":["Audit Success"],"accountDomain":"DESKTOP-F650GTN","logonID":"0xe138a","accesses":"%%4423\n\t\t\t\t","logMessage":"An attempt was made to access an object.\n\nSubject:\n\tSecurity ID:\t\tS-1-5-21-132051286-1762614582-3209893546-1001\n\tAccount Name:\t\tKKurniawan\n\tAccount Domain:\t\tDESKTOP-F650GTN\n\tLogon ID:\t\t0xE138A\n\nObject:\n\tObject Server:\t\tSecurity\n\tObject Type:\t\tFile\n\tObject Name:\t\tC:\\Users\\KKurniawan\\Dropbox\n\tHandle ID:\t\t0x3bfc\n\tResource Attributes:\tS:AI\n\nProcess Information:\n\tProcess ID:\t\t0x3bb4\n\tProcess Name:\t\tC:\\Program Files (x86)\\Dropbox\\Client\\Dropbox.exe\n\nAccess Request Information:\n\tAccesses:\t\tReadAttributes\n\t\t\t\t\n\tAccess Mask:\t\t0x80","version":1,"objectName":"C:\\Users\\KKurniawan\\Dropbox"}
{"logName":"Security","source":"Microsoft-Windows-Security-Auditing","@context":"http://sepses.ifs.tuwien.ac.at/contexts/wineventlog.jsonld","computerName":"DESKTOP-F650GTN","objectServer":"Security","@type":"http://purl.org/sepses/vocab/log/wineventlog#WindowsEventLogEntry","upCode":"Info","resourceAttributes":"S:AI","accessMask":"0x80","hasLogType":"wineventlog","timestamp":"2019-05-29T13:17:31.045Z","processName":"C:\\Program Files (x86)\\Dropbox\\Client\\Dropbox.exe","handleID":"0x3aa0","@timestamp":"2019-05-29T13:17:31.045Z","eventID":4663,"level":"Information","taskCategory":"File System","originatesFrom":{"@type":"rdf:nodeID","@id":"http://example.org/sepses#6cf01cfc-468d-4e17-a332-7e8d7ee2451e","hostName":"DESKTOP-F650GTN"},"objectType":"File","processID":"0x3bb4","@id":"http://example.org/logEntry#logEntry-6f6489ff-f2ee-4054-86bf-8d36e4c9785f","accountName":"KKurniawan","keyword":["Audit Success"],"accountDomain":"DESKTOP-F650GTN","logonID":"0xe138a","accesses":"%%4423\n\t\t\t\t","logMessage":"An attempt was made to access an object.\n\nSubject:\n\tSecurity ID:\t\tS-1-5-21-132051286-1762614582-3209893546-1001\n\tAccount Name:\t\tKKurniawan\n\tAccount Domain:\t\tDESKTOP-F650GTN\n\tLogon ID:\t\t0xE138A\n\nObject:\n\tObject Server:\t\tSecurity\n\tObject Type:\t\tFile\n\tObject Name:\t\tC:\\Users\\KKurniawan\\Dropbox\\Secret\n\tHandle ID:\t\t0x3aa0\n\tResource Attributes:\tS:AI\n\nProcess Information:\n\tProcess ID:\t\t0x3bb4\n\tProcess Name:\t\tC:\\Program Files (x86)\\Dropbox\\Client\\Dropbox.exe\n\nAccess Request Information:\n\tAccesses:\t\tReadAttributes\n\t\t\t\t\n\tAccess Mask:\t\t0x80","version":1,"objectName":"C:\\Users\\KKurniawan\\Dropbox\\Secret"}
{"logName":"Security","source":"Microsoft-Windows-Security-Auditing","@context":"http://sepses.ifs.tuwien.ac.at/contexts/wineventlog.jsonld","computerName":"DESKTOP-F650GTN","objectServer":"Security","@type":"http://purl.org/sepses/vocab/log/wineventlog#WindowsEventLogEntry","upCode":"Info","resourceAttributes":"S:AI","accessMask":"0x80","hasLogType":"wineventlog","timestamp":"2019-05-29T13:17:31.055Z","processName":"C:\\Program Files (x86)\\Dropbox\\Client\\Dropbox.exe","handleID":"0x34b4","@timestamp":"2019-05-29T13:17:31.055Z","eventID":4663,"level":"Information","taskCategory":"File System","originatesFrom":{"@type":"rdf:nodeID","@id":"http://example.org/sepses#76addde7-69be-49a5-a2db-75dd2e1f120f","hostName":"DESKTOP-F650GTN"},"objectType":"File","processID":"0x3bb4","@id":"http://example.org/logEntry#logEntry-f3158e4c-2576-44c9-bbcf-8ed5766aec7c","accountName":"KKurniawan","keyword":["Audit Success"],"accountDomain":"DESKTOP-F650GTN","logonID":"0xe138a","accesses":"%%4423\n\t\t\t\t","logMessage":"An attempt was made to access an object.\n\nSubject:\n\tSecurity ID:\t\tS-1-5-21-132051286-1762614582-3209893546-1001\n\tAccount Name:\t\tKKurniawan\n\tAccount Domain:\t\tDESKTOP-F650GTN\n\tLogon ID:\t\t0xE138A\n\nObject:\n\tObject Server:\t\tSecurity\n\tObject Type:\t\tFile\n\tObject Name:\t\tC:\\Users\\KKurniawan\\Dropbox\\Secret\\secretFileB3.xls\n\tHandle ID:\t\t0x34b4\n\tResource Attributes:\tS:AI\n\nProcess Information:\n\tProcess ID:\t\t0x3bb4\n\tProcess Name:\t\tC:\\Program Files (x86)\\Dropbox\\Client\\Dropbox.exe\n\nAccess Request Information:\n\tAccesses:\t\tReadAttributes\n\t\t\t\t\n\tAccess Mask:\t\t0x80","version":1,"objectName":"C:\\Users\\KKurniawan\\Dropbox\\Secret\\secretFileB3.xls"}
{"logName":"Security","source":"Microsoft-Windows-Security-Auditing","@context":"http://sepses.ifs.tuwien.ac.at/contexts/wineventlog.jsonld","computerName":"DESKTOP-F650GTN","objectServer":"Security","@type":"http://purl.org/sepses/vocab/log/wineventlog#WindowsEventLogEntry","upCode":"Info","resourceAttributes":"S:AI","accessMask":"0x10000","hasLogType":"wineventlog","timestamp":"2019-05-29T13:17:31.056Z","processName":"C:\\Program Files (x86)\\Dropbox\\Client\\Dropbox.exe","handleID":"0x34b4","@timestamp":"2019-05-29T13:17:31.056Z","eventID":4663,"level":"Information","taskCategory":"File System","originatesFrom":{"@type":"rdf:nodeID","@id":"http://example.org/sepses#81de6b5e-e5ea-4dd9-ad79-598d019aea94","hostName":"DESKTOP-F650GTN"},"objectType":"File","processID":"0x3bb4","@id":"http://example.org/logEntry#logEntry-6ca5096e-dd8c-427b-b222-6d57392013e8","accountName":"KKurniawan","keyword":["Audit Success"],"accountDomain":"DESKTOP-F650GTN","logonID":"0xe138a","accesses":"%%1537\n\t\t\t\t","logMessage":"An attempt was made to access an object.\n\nSubject:\n\tSecurity ID:\t\tS-1-5-21-132051286-1762614582-3209893546-1001\n\tAccount Name:\t\tKKurniawan\n\tAccount Domain:\t\tDESKTOP-F650GTN\n\tLogon ID:\t\t0xE138A\n\nObject:\n\tObject Server:\t\tSecurity\n\tObject Type:\t\tFile\n\tObject Name:\t\tC:\\Users\\KKurniawan\\Dropbox\\Secret\\secretFileB3.xls\n\tHandle ID:\t\t0x34b4\n\tResource Attributes:\tS:AI\n\nProcess Information:\n\tProcess ID:\t\t0x3bb4\n\tProcess Name:\t\tC:\\Program Files (x86)\\Dropbox\\Client\\Dropbox.exe\n\nAccess Request Information:\n\tAccesses:\t\tDELETE\n\t\t\t\t\n\tAccess Mask:\t\t0x10000","version":1,"objectName":"C:\\Users\\KKurniawan\\Dropbox\\Secret\\secretFileB3.xls"}
{"logName":"Security","source":"Microsoft-Windows-Security-Auditing","@context":"http://sepses.ifs.tuwien.ac.at/contexts/wineventlog.jsonld","computerName":"DESKTOP-F650GTN","objectServer":"Security","@type":"http://purl.org/sepses/vocab/log/wineventlog#WindowsEventLogEntry","upCode":"Info","resourceAttributes":"S:AI","accessMask":"0x80","hasLogType":"wineventlog","timestamp":"2019-05-29T13:17:31.069Z","processName":"C:\\Program Files (x86)\\Dropbox\\Client\\Dropbox.exe","handleID":"0x2fc8","@timestamp":"2019-05-29T13:17:31.069Z","eventID":4663,"level":"Information","taskCategory":"File System","originatesFrom":{"@type":"rdf:nodeID","@id":"http://example.org/sepses#fc2f8e80-73b3-4f1e-8041-a875af227149","hostName":"DESKTOP-F650GTN"},"objectType":"File","processID":"0x3bb4","@id":"http://example.org/logEntry#logEntry-363fcf61-b9eb-44d7-bc66-5a368ad90c3f","accountName":"KKurniawan","keyword":["Audit Success"],"accountDomain":"DESKTOP-F650GTN","logonID":"0xe138a","accesses":"%%4423\n\t\t\t\t","logMessage":"An attempt was made to access an object.\n\nSubject:\n\tSecurity ID:\t\tS-1-5-21-132051286-1762614582-3209893546-1001\n\tAccount Name:\t\tKKurniawan\n\tAccount Domain:\t\tDESKTOP-F650GTN\n\tLogon ID:\t\t0xE138A\n\nObject:\n\tObject Server:\t\tSecurity\n\tObject Type:\t\tFile\n\tObject Name:\t\tC:\\Users\\KKurniawan\\Dropbox\n\tHandle ID:\t\t0x2fc8\n\tResource Attributes:\tS:AI\n\nProcess Information:\n\tProcess ID:\t\t0x3bb4\n\tProcess Name:\t\tC:\\Program Files (x86)\\Dropbox\\Client\\Dropbox.exe\n\nAccess Request Information:\n\tAccesses:\t\tReadAttributes\n\t\t\t\t\n\tAccess Mask:\t\t0x80","version":1,"objectName":"C:\\Users\\KKurniawan\\Dropbox"}
{"logName":"Security","source":"Microsoft-Windows-Security-Auditing","@context":"http://sepses.ifs.tuwien.ac.at/contexts/wineventlog.jsonld","computerName":"DESKTOP-F650GTN","objectServer":"Security","@type":"http://purl.org/sepses/vocab/log/wineventlog#WindowsEventLogEntry","upCode":"Info","resourceAttributes":"S:AI","accessMask":"0x20","hasLogType":"wineventlog","timestamp":"2019-05-29T13:17:59.027Z","processName":"C:\\Windows\\explorer.exe","handleID":"0x6284","@timestamp":"2019-05-29T13:17:59.027Z","eventID":4663,"level":"Information","taskCategory":"File System","originatesFrom":{"@type":"rdf:nodeID","@id":"http://example.org/sepses#d8e87652-212a-4556-b68c-008ba6315e5c","hostName":"DESKTOP-F650GTN"},"objectType":"File","processID":"0x2be0","@id":"http://example.org/logEntry#logEntry-01ba04f6-59fd-495a-9305-c1db097555d4","accountName":"KKurniawan","keyword":["Audit Success"],"accountDomain":"DESKTOP-F650GTN","logonID":"0xe138a","accesses":"%%4421\n\t\t\t\t","logMessage":"An attempt was made to access an object.\n\nSubject:\n\tSecurity ID:\t\tS-1-5-21-132051286-1762614582-3209893546-1001\n\tAccount Name:\t\tKKurniawan\n\tAccount Domain:\t\tDESKTOP-F650GTN\n\tLogon ID:\t\t0xE138A\n\nObject:\n\tObject Server:\t\tSecurity\n\tObject Type:\t\tFile\n\tObject Name:\t\tC:\\Users\\KKurniawan\\servera.bat\n\tHandle ID:\t\t0x6284\n\tResource Attributes:\tS:AI\n\nProcess Information:\n\tProcess ID:\t\t0x2be0\n\tProcess Name:\t\tC:\\Windows\\explorer.exe\n\nAccess Request Information:\n\tAccesses:\t\tExecute/Traverse\n\t\t\t\t\n\tAccess Mask:\t\t0x20","version":1,"objectName":"C:\\Users\\KKurniawan\\servera.bat"}
{"logName":"Security","source":"Microsoft-Windows-Security-Auditing","@context":"http://sepses.ifs.tuwien.ac.at/contexts/wineventlog.jsonld","computerName":"DESKTOP-F650GTN","objectServer":"Security","@type":"http://purl.org/sepses/vocab/log/wineventlog#WindowsEventLogEntry","upCode":"Info","resourceAttributes":"S:AI","accessMask":"0x80","hasLogType":"wineventlog","timestamp":"2019-05-29T13:18:00.447Z","processName":"C:\\Windows\\explorer.exe","handleID":"0x5424","@timestamp":"2019-05-29T13:18:00.447Z","eventID":4663,"level":"Information","taskCategory":"File System","originatesFrom":{"@type":"rdf:nodeID","@id":"http://example.org/sepses#02c5cce8-fc93-4fd9-b83d-954cd0b74adf","hostName":"DESKTOP-F650GTN"},"objectType":"File","processID":"0x2be0","@id":"http://example.org/logEntry#logEntry-9040c146-0bf6-4e0c-82ce-373a6c7339a8","accountName":"KKurniawan","keyword":["Audit Success"],"accountDomain":"DESKTOP-F650GTN","logonID":"0xe138a","accesses":"%%4423\n\t\t\t\t","logMessage":"An attempt was made to access an object.\n\nSubject:\n\tSecurity ID:\t\tS-1-5-21-132051286-1762614582-3209893546-1001\n\tAccount Name:\t\tKKurniawan\n\tAccount Domain:\t\tDESKTOP-F650GTN\n\tLogon ID:\t\t0xE138A\n\nObject:\n\tObject Server:\t\tSecurity\n\tObject Type:\t\tFile\n\tObject Name:\t\tC:\\Users\\KKurniawan\\USERDO~1\\desktop.ini\n\tHandle ID:\t\t0x5424\n\tResource Attributes:\tS:AI\n\nProcess Information:\n\tProcess ID:\t\t0x2be0\n\tProcess Name:\t\tC:\\Windows\\explorer.exe\n\nAccess Request Information:\n\tAccesses:\t\tReadAttributes\n\t\t\t\t\n\tAccess Mask:\t\t0x80","version":1,"objectName":"C:\\Users\\KKurniawan\\USERDO~1\\desktop.ini"}
{"logName":"Security","source":"Microsoft-Windows-Security-Auditing","@context":"http://sepses.ifs.tuwien.ac.at/contexts/wineventlog.jsonld","computerName":"DESKTOP-F650GTN","objectServer":"Security","@type":"http://purl.org/sepses/vocab/log/wineventlog#WindowsEventLogEntry","upCode":"Info","resourceAttributes":"S:AI","accessMask":"0x80","hasLogType":"wineventlog","timestamp":"2019-05-29T13:18:00.447Z","processName":"C:\\Windows\\explorer.exe","handleID":"0x3550","@timestamp":"2019-05-29T13:18:00.447Z","eventID":4663,"level":"Information","taskCategory":"File System","originatesFrom":{"@type":"rdf:nodeID","@id":"http://example.org/sepses#d3e7f64b-bab0-4b0e-a323-dca9bb30cd5f","hostName":"DESKTOP-F650GTN"},"objectType":"File","processID":"0x2be0","@id":"http://example.org/logEntry#logEntry-946c3076-e64e-45e8-b4cf-72ff1506cd1d","accountName":"KKurniawan","keyword":["Audit Success"],"accountDomain":"DESKTOP-F650GTN","logonID":"0xe138a","accesses":"%%4423\n\t\t\t\t","logMessage":"An attempt was made to access an object.\n\nSubject:\n\tSecurity ID:\t\tS-1-5-21-132051286-1762614582-3209893546-1001\n\tAccount Name:\t\tKKurniawan\n\tAccount Domain:\t\tDESKTOP-F650GTN\n\tLogon ID:\t\t0xE138A\n\nObject:\n\tObject Server:\t\tSecurity\n\tObject Type:\t\tFile\n\tObject Name:\t\tC:\\Users\\KKurniawan\\USERDO~1\\desktop.ini\n\tHandle ID:\t\t0x3550\n\tResource Attributes:\tS:AI\n\nProcess Information:\n\tProcess ID:\t\t0x2be0\n\tProcess Name:\t\tC:\\Windows\\explorer.exe\n\nAccess Request Information:\n\tAccesses:\t\tReadAttributes\n\t\t\t\t\n\tAccess Mask:\t\t0x80","version":1,"objectName":"C:\\Users\\KKurniawan\\USERDO~1\\desktop.ini"}
{"logName":"Security","source":"Microsoft-Windows-Security-Auditing","@context":"http://sepses.ifs.tuwien.ac.at/contexts/wineventlog.jsonld","computerName":"DESKTOP-F650GTN","objectServer":"Security","@type":"http://purl.org/sepses/vocab/log/wineventlog#WindowsEventLogEntry","upCode":"Info","resourceAttributes":"S:AI","accessMask":"0x2","hasLogType":"wineventlog","timestamp":"2019-05-29T13:18:02.178Z","processName":"C:\\Windows\\System32\\cmd.exe","handleID":"0x11c","@timestamp":"2019-05-29T13:18:02.178Z","eventID":4663,"level":"Information","taskCategory":"File System","originatesFrom":{"@type":"rdf:nodeID","@id":"http://example.org/sepses#9ad1bc43-6784-47fb-a116-b66f532b84e1","hostName":"DESKTOP-F650GTN"},"objectType":"File","processID":"0x538c","@id":"http://example.org/logEntry#logEntry-c1bc7d38-cc35-453a-a4df-bb853fa19894","accountName":"KKurniawan","keyword":["Audit Success"],"accountDomain":"DESKTOP-F650GTN","logonID":"0xe138a","accesses":"%%4417\n\t\t\t\t","logMessage":"An attempt was made to access an object.\n\nSubject:\n\tSecurity ID:\t\tS-1-5-21-132051286-1762614582-3209893546-1001\n\tAccount Name:\t\tKKurniawan\n\tAccount Domain:\t\tDESKTOP-F650GTN\n\tLogon ID:\t\t0xE138A\n\nObject:\n\tObject Server:\t\tSecurity\n\tObject Type:\t\tFile\n\tObject Name:\t\tC:\\Users\\KKurniawan\\userDocuments\\SecretA\\secretFileA1.doc\n\tHandle ID:\t\t0x11c\n\tResource Attributes:\tS:AI\n\nProcess Information:\n\tProcess ID:\t\t0x538c\n\tProcess Name:\t\tC:\\Windows\\System32\\cmd.exe\n\nAccess Request Information:\n\tAccesses:\t\tWriteData (or AddFile)\n\t\t\t\t\n\tAccess Mask:\t\t0x2","version":1,"objectName":"C:\\Users\\KKurniawan\\userDocuments\\SecretA\\secretFileA1.doc"}
{"logName":"Security","source":"Microsoft-Windows-Security-Auditing","@context":"http://sepses.ifs.tuwien.ac.at/contexts/wineventlog.jsonld","computerName":"DESKTOP-F650GTN","objectServer":"Security","@type":"http://purl.org/sepses/vocab/log/wineventlog#WindowsEventLogEntry","upCode":"Info","resourceAttributes":"S:AI","accessMask":"0x2","hasLogType":"wineventlog","timestamp":"2019-05-29T13:18:05.139Z","processName":"C:\\Windows\\System32\\cmd.exe","handleID":"0x140","@timestamp":"2019-05-29T13:18:05.139Z","eventID":4663,"level":"Information","taskCategory":"File System","originatesFrom":{"@type":"rdf:nodeID","@id":"http://example.org/sepses#73b8a77d-27a5-484d-a2b8-797b8188f6b1","hostName":"DESKTOP-F650GTN"},"objectType":"File","processID":"0x538c","@id":"http://example.org/logEntry#logEntry-c0869356-5162-48f4-8abe-f4f539592406","accountName":"KKurniawan","keyword":["Audit Success"],"accountDomain":"DESKTOP-F650GTN","logonID":"0xe138a","accesses":"%%4417\n\t\t\t\t","logMessage":"An attempt was made to access an object.\n\nSubject:\n\tSecurity ID:\t\tS-1-5-21-132051286-1762614582-3209893546-1001\n\tAccount Name:\t\tKKurniawan\n\tAccount Domain:\t\tDESKTOP-F650GTN\n\tLogon ID:\t\t0xE138A\n\nObject:\n\tObject Server:\t\tSecurity\n\tObject Type:\t\tFile\n\tObject Name:\t\tC:\\Users\\KKurniawan\\userDocuments\\SecretA\\secretFileA2.rtf\n\tHandle ID:\t\t0x140\n\tResource Attributes:\tS:AI\n\nProcess Information:\n\tProcess ID:\t\t0x538c\n\tProcess Name:\t\tC:\\Windows\\System32\\cmd.exe\n\nAccess Request Information:\n\tAccesses:\t\tWriteData (or AddFile)\n\t\t\t\t\n\tAccess Mask:\t\t0x2","version":1,"objectName":"C:\\Users\\KKurniawan\\userDocuments\\SecretA\\secretFileA2.rtf"}
{"logName":"Security","source":"Microsoft-Windows-Security-Auditing","@context":"http://sepses.ifs.tuwien.ac.at/contexts/wineventlog.jsonld","computerName":"DESKTOP-F650GTN","objectServer":"Security","@type":"http://purl.org/sepses/vocab/log/wineventlog#WindowsEventLogEntry","upCode":"Info","resourceAttributes":"S:AI","accessMask":"0x2","hasLogType":"wineventlog","timestamp":"2019-05-29T13:18:08.119Z","processName":"C:\\Windows\\System32\\cmd.exe","handleID":"0x144","@timestamp":"2019-05-29T13:18:08.119Z","eventID":4663,"level":"Information","taskCategory":"File System","originatesFrom":{"@type":"rdf:nodeID","@id":"http://example.org/sepses#6619c5de-9afb-4c79-817a-607ecc62fe3a","hostName":"DESKTOP-F650GTN"},"objectType":"File","processID":"0x538c","@id":"http://example.org/logEntry#logEntry-a5cae52a-3ae3-4470-b306-259383e971c9","accountName":"KKurniawan","keyword":["Audit Success"],"accountDomain":"DESKTOP-F650GTN","logonID":"0xe138a","accesses":"%%4417\n\t\t\t\t","logMessage":"An attempt was made to access an object.\n\nSubject:\n\tSecurity ID:\t\tS-1-5-21-132051286-1762614582-3209893546-1001\n\tAccount Name:\t\tKKurniawan\n\tAccount Domain:\t\tDESKTOP-F650GTN\n\tLogon ID:\t\t0xE138A\n\nObject:\n\tObject Server:\t\tSecurity\n\tObject Type:\t\tFile\n\tObject Name:\t\tC:\\Users\\KKurniawan\\userDocuments\\SecretA\\secretFileA3.xls\n\tHandle ID:\t\t0x144\n\tResource Attributes:\tS:AI\n\nProcess Information:\n\tProcess ID:\t\t0x538c\n\tProcess Name:\t\tC:\\Windows\\System32\\cmd.exe\n\nAccess Request Information:\n\tAccesses:\t\tWriteData (or AddFile)\n\t\t\t\t\n\tAccess Mask:\t\t0x2","version":1,"objectName":"C:\\Users\\KKurniawan\\userDocuments\\SecretA\\secretFileA3.xls"}
{"logName":"Security","source":"Microsoft-Windows-Security-Auditing","@context":"http://sepses.ifs.tuwien.ac.at/contexts/wineventlog.jsonld","computerName":"DESKTOP-F650GTN","objectServer":"Security","@type":"http://purl.org/sepses/vocab/log/wineventlog#WindowsEventLogEntry","upCode":"Info","resourceAttributes":"S:AI","accessMask":"0x2","hasLogType":"wineventlog","timestamp":"2019-05-29T13:18:11.191Z","processName":"C:\\Windows\\System32\\cmd.exe","handleID":"0x148","@timestamp":"2019-05-29T13:18:11.191Z","eventID":4663,"level":"Information","taskCategory":"File System","originatesFrom":{"@type":"rdf:nodeID","@id":"http://example.org/sepses#bb2a520e-a172-4fe5-ab6c-010e875c5f42","hostName":"DESKTOP-F650GTN"},"objectType":"File","processID":"0x538c","@id":"http://example.org/logEntry#logEntry-6b9df2a6-a2b8-47cf-819b-06742dc977ca","accountName":"KKurniawan","keyword":["Audit Success"],"accountDomain":"DESKTOP-F650GTN","logonID":"0xe138a","accesses":"%%4417\n\t\t\t\t","logMessage":"An attempt was made to access an object.\n\nSubject:\n\tSecurity ID:\t\tS-1-5-21-132051286-1762614582-3209893546-1001\n\tAccount Name:\t\tKKurniawan\n\tAccount Domain:\t\tDESKTOP-F650GTN\n\tLogon ID:\t\t0xE138A\n\nObject:\n\tObject Server:\t\tSecurity\n\tObject Type:\t\tFile\n\tObject Name:\t\tC:\\Users\\KKurniawan\\userDocuments\\SecretA\\secretFileA4.txt\n\tHandle ID:\t\t0x148\n\tResource Attributes:\tS:AI\n\nProcess Information:\n\tProcess ID:\t\t0x538c\n\tProcess Name:\t\tC:\\Windows\\System32\\cmd.exe\n\nAccess Request Information:\n\tAccesses:\t\tWriteData (or AddFile)\n\t\t\t\t\n\tAccess Mask:\t\t0x2","version":1,"objectName":"C:\\Users\\KKurniawan\\userDocuments\\SecretA\\secretFileA4.txt"}
{"logName":"Security","source":"Microsoft-Windows-Security-Auditing","@context":"http://sepses.ifs.tuwien.ac.at/contexts/wineventlog.jsonld","computerName":"DESKTOP-F650GTN","objectServer":"Security","@type":"http://purl.org/sepses/vocab/log/wineventlog#WindowsEventLogEntry","upCode":"Info","resourceAttributes":"S:AI","accessMask":"0x80","hasLogType":"wineventlog","timestamp":"2019-05-29T13:18:18.185Z","processName":"C:\\Windows\\System32\\cmd.exe","handleID":"0x15c","@timestamp":"2019-05-29T13:18:18.185Z","eventID":4663,"level":"Information","taskCategory":"File System","originatesFrom":{"@type":"rdf:nodeID","@id":"http://example.org/sepses#0334a030-73ee-4e13-ac48-b6bdbaec2403","hostName":"DESKTOP-F650GTN"},"objectType":"File","processID":"0x538c","@id":"http://example.org/logEntry#logEntry-851304ca-ec0a-43ef-9b3f-ffe3a01236cc","accountName":"KKurniawan","keyword":["Audit Success"],"accountDomain":"DESKTOP-F650GTN","logonID":"0xe138a","accesses":"%%4423\n\t\t\t\t","logMessage":"An attempt was made to access an object.\n\nSubject:\n\tSecurity ID:\t\tS-1-5-21-132051286-1762614582-3209893546-1001\n\tAccount Name:\t\tKKurniawan\n\tAccount Domain:\t\tDESKTOP-F650GTN\n\tLogon ID:\t\t0xE138A\n\nObject:\n\tObject Server:\t\tSecurity\n\tObject Type:\t\tFile\n\tObject Name:\t\tC:\\Users\\KKurniawan\\userDocuments\\SecretA\\secretFileA1.doc\n\tHandle ID:\t\t0x15c\n\tResource Attributes:\tS:AI\n\nProcess Information:\n\tProcess ID:\t\t0x538c\n\tProcess Name:\t\tC:\\Windows\\System32\\cmd.exe\n\nAccess Request Information:\n\tAccesses:\t\tReadAttributes\n\t\t\t\t\n\tAccess Mask:\t\t0x80","version":1,"objectName":"C:\\Users\\KKurniawan\\userDocuments\\SecretA\\secretFileA1.doc"}
{"logName":"Security","source":"Microsoft-Windows-Security-Auditing","@context":"http://sepses.ifs.tuwien.ac.at/contexts/wineventlog.jsonld","computerName":"DESKTOP-F650GTN","objectServer":"Security","@type":"http://purl.org/sepses/vocab/log/wineventlog#WindowsEventLogEntry","upCode":"Info","accessMask":"0x4","hasLogType":"wineventlog","timestamp":"2019-05-29T13:18:18.223Z","processName":"C:\\Windows\\System32\\cmd.exe","handleID":"0x150","@timestamp":"2019-05-29T13:18:18.223Z","eventID":4663,"level":"Information","taskCategory":"Removable Storage","originatesFrom":{"@type":"rdf:nodeID","@id":"http://example.org/sepses#7cb958b8-e9a0-420f-8f3d-8707917febde","hostName":"DESKTOP-F650GTN"},"objectType":"File","processID":"0x538c","@id":"http://example.org/logEntry#logEntry-758ab8ad-215b-4b11-bb62-20b7749ffaf5","accountName":"KKurniawan","keyword":["Audit Success"],"accountDomain":"DESKTOP-F650GTN","logonID":"0xe138a","accesses":"%%4418\n\t\t\t\t","logMessage":"An attempt was made to access an object.\n\nSubject:\n\tSecurity ID:\t\tS-1-5-21-132051286-1762614582-3209893546-1001\n\tAccount Name:\t\tKKurniawan\n\tAccount Domain:\t\tDESKTOP-F650GTN\n\tLogon ID:\t\t0xE138A\n\nObject:\n\tObject Server:\t\tSecurity\n\tObject Type:\t\tFile\n\tObject Name:\t\t\\Device\\HarddiskVolume6\\Secret\\secretFileA1.doc\n\tHandle ID:\t\t0x150\n\tResource Attributes:\t\n\nProcess Information:\n\tProcess ID:\t\t0x538c\n\tProcess Name:\t\tC:\\Windows\\System32\\cmd.exe\n\nAccess Request Information:\n\tAccesses:\t\tAppendData (or AddSubdirectory or CreatePipeInstance)\n\t\t\t\t\n\tAccess Mask:\t\t0x4","version":1,"objectName":"\\Device\\HarddiskVolume6\\Secret\\secretFileA1.doc"}
{"logName":"Security","source":"Microsoft-Windows-Security-Auditing","@context":"http://sepses.ifs.tuwien.ac.at/contexts/wineventlog.jsonld","computerName":"DESKTOP-F650GTN","objectServer":"Security","@type":"http://purl.org/sepses/vocab/log/wineventlog#WindowsEventLogEntry","upCode":"Info","resourceAttributes":"S:AI","accessMask":"0x80","hasLogType":"wineventlog","timestamp":"2019-05-29T13:18:18.185Z","processName":"C:\\Windows\\System32\\cmd.exe","handleID":"0x15c","@timestamp":"2019-05-29T13:18:18.185Z","eventID":4663,"level":"Information","taskCategory":"File System","originatesFrom":{"@type":"rdf:nodeID","@id":"http://example.org/sepses#086fcc8f-e59b-491e-a7fc-46beaf1f5b83","hostName":"DESKTOP-F650GTN"},"objectType":"File","processID":"0x538c","@id":"http://example.org/logEntry#logEntry-2bfce6f3-840d-487b-9bfe-3537494bc0c0","accountName":"KKurniawan","keyword":["Audit Success"],"accountDomain":"DESKTOP-F650GTN","logonID":"0xe138a","accesses":"%%4423\n\t\t\t\t","logMessage":"An attempt was made to access an object.\n\nSubject:\n\tSecurity ID:\t\tS-1-5-21-132051286-1762614582-3209893546-1001\n\tAccount Name:\t\tKKurniawan\n\tAccount Domain:\t\tDESKTOP-F650GTN\n\tLogon ID:\t\t0xE138A\n\nObject:\n\tObject Server:\t\tSecurity\n\tObject Type:\t\tFile\n\tObject Name:\t\tC:\\Users\\KKurniawan\\userDocuments\\SecretA\\secretFileA1.doc\n\tHandle ID:\t\t0x15c\n\tResource Attributes:\tS:AI\n\nProcess Information:\n\tProcess ID:\t\t0x538c\n\tProcess Name:\t\tC:\\Windows\\System32\\cmd.exe\n\nAccess Request Information:\n\tAccesses:\t\tReadAttributes\n\t\t\t\t\n\tAccess Mask:\t\t0x80","version":1,"objectName":"C:\\Users\\KKurniawan\\userDocuments\\SecretA\\secretFileA1.doc"}
{"logName":"Security","source":"Microsoft-Windows-Security-Auditing","@context":"http://sepses.ifs.tuwien.ac.at/contexts/wineventlog.jsonld","computerName":"DESKTOP-F650GTN","objectServer":"Security","@type":"http://purl.org/sepses/vocab/log/wineventlog#WindowsEventLogEntry","upCode":"Info","accessMask":"0x2","hasLogType":"wineventlog","timestamp":"2019-05-29T13:18:18.212Z","processName":"C:\\Windows\\System32\\cmd.exe","handleID":"0x150","@timestamp":"2019-05-29T13:18:18.212Z","eventID":4663,"level":"Information","taskCategory":"Removable Storage","originatesFrom":{"@type":"rdf:nodeID","@id":"http://example.org/sepses#9aff8a41-ae11-4796-bfd9-8e51f24e0d58","hostName":"DESKTOP-F650GTN"},"objectType":"File","processID":"0x538c","@id":"http://example.org/logEntry#logEntry-56c49755-7508-46a1-ac93-19ec2a62c6c4","accountName":"KKurniawan","keyword":["Audit Success"],"accountDomain":"DESKTOP-F650GTN","logonID":"0xe138a","accesses":"%%4417\n\t\t\t\t","logMessage":"An attempt was made to access an object.\n\nSubject:\n\tSecurity ID:\t\tS-1-5-21-132051286-1762614582-3209893546-1001\n\tAccount Name:\t\tKKurniawan\n\tAccount Domain:\t\tDESKTOP-F650GTN\n\tLogon ID:\t\t0xE138A\n\nObject:\n\tObject Server:\t\tSecurity\n\tObject Type:\t\tFile\n\tObject Name:\t\t\\Device\\HarddiskVolume6\\Secret\\secretFileA1.doc\n\tHandle ID:\t\t0x150\n\tResource Attributes:\t\n\nProcess Information:\n\tProcess ID:\t\t0x538c\n\tProcess Name:\t\tC:\\Windows\\System32\\cmd.exe\n\nAccess Request Information:\n\tAccesses:\t\tWriteData (or AddFile)\n\t\t\t\t\n\tAccess Mask:\t\t0x2","version":1,"objectName":"\\Device\\HarddiskVolume6\\Secret\\secretFileA1.doc"}
{"logName":"Security","source":"Microsoft-Windows-Security-Auditing","@context":"http://sepses.ifs.tuwien.ac.at/contexts/wineventlog.jsonld","computerName":"DESKTOP-F650GTN","objectServer":"Security","@type":"http://purl.org/sepses/vocab/log/wineventlog#WindowsEventLogEntry","upCode":"Info","accessMask":"0x1","hasLogType":"wineventlog","timestamp":"2019-05-29T13:18:19.191Z","processName":"C:\\Windows\\explorer.exe","handleID":"0x35ec","@timestamp":"2019-05-29T13:18:19.191Z","eventID":4663,"level":"Information","taskCategory":"Removable Storage","originatesFrom":{"@type":"rdf:nodeID","@id":"http://example.org/sepses#65ef2dc8-bb24-4d55-ad14-fec351b97fd5","hostName":"DESKTOP-F650GTN"},"objectType":"File","processID":"0x2be0","@id":"http://example.org/logEntry#logEntry-aade40b8-ab3d-497a-881b-4512090a5f0a","accountName":"KKurniawan","keyword":["Audit Success"],"accountDomain":"DESKTOP-F650GTN","logonID":"0xe138a","accesses":"%%4416\n\t\t\t\t","logMessage":"An attempt was made to access an object.\n\nSubject:\n\tSecurity ID:\t\tS-1-5-21-132051286-1762614582-3209893546-1001\n\tAccount Name:\t\tKKurniawan\n\tAccount Domain:\t\tDESKTOP-F650GTN\n\tLogon ID:\t\t0xE138A\n\nObject:\n\tObject Server:\t\tSecurity\n\tObject Type:\t\tFile\n\tObject Name:\t\t\\Device\\HarddiskVolume6\\Secret\n\tHandle ID:\t\t0x35ec\n\tResource Attributes:\t\n\nProcess Information:\n\tProcess ID:\t\t0x2be0\n\tProcess Name:\t\tC:\\Windows\\explorer.exe\n\nAccess Request Information:\n\tAccesses:\t\tReadData (or ListDirectory)\n\t\t\t\t\n\tAccess Mask:\t\t0x1","version":1,"objectName":"\\Device\\HarddiskVolume6\\Secret"}
{"logName":"Security","source":"Microsoft-Windows-Security-Auditing","@context":"http://sepses.ifs.tuwien.ac.at/contexts/wineventlog.jsonld","computerName":"DESKTOP-F650GTN","objectServer":"Security","@type":"http://purl.org/sepses/vocab/log/wineventlog#WindowsEventLogEntry","upCode":"Info","accessMask":"0x1","hasLogType":"wineventlog","timestamp":"2019-05-29T13:18:19.188Z","processName":"C:\\Windows\\explorer.exe","handleID":"0x28c8","@timestamp":"2019-05-29T13:18:19.188Z","eventID":4663,"level":"Information","taskCategory":"Removable Storage","originatesFrom":{"@type":"rdf:nodeID","@id":"http://example.org/sepses#196f9b44-606f-45b0-a6cf-393e96145285","hostName":"DESKTOP-F650GTN"},"objectType":"File","processID":"0x2be0","@id":"http://example.org/logEntry#logEntry-cda39ed8-9bc6-4521-906b-65346ea743cf","accountName":"KKurniawan","keyword":["Audit Success"],"accountDomain":"DESKTOP-F650GTN","logonID":"0xe138a","accesses":"%%4416\n\t\t\t\t","logMessage":"An attempt was made to access an object.\n\nSubject:\n\tSecurity ID:\t\tS-1-5-21-132051286-1762614582-3209893546-1001\n\tAccount Name:\t\tKKurniawan\n\tAccount Domain:\t\tDESKTOP-F650GTN\n\tLogon ID:\t\t0xE138A\n\nObject:\n\tObject Server:\t\tSecurity\n\tObject Type:\t\tFile\n\tObject Name:\t\t\\Device\\HarddiskVolume6\\Secret\n\tHandle ID:\t\t0x28c8\n\tResource Attributes:\t\n\nProcess Information:\n\tProcess ID:\t\t0x2be0\n\tProcess Name:\t\tC:\\Windows\\explorer.exe\n\nAccess Request Information:\n\tAccesses:\t\tReadData (or ListDirectory)\n\t\t\t\t\n\tAccess Mask:\t\t0x1","version":1,"objectName":"\\Device\\HarddiskVolume6\\Secret"}
{"logName":"Security","source":"Microsoft-Windows-Security-Auditing","@context":"http://sepses.ifs.tuwien.ac.at/contexts/wineventlog.jsonld","computerName":"DESKTOP-F650GTN","objectServer":"Security","@type":"http://purl.org/sepses/vocab/log/wineventlog#WindowsEventLogEntry","upCode":"Info","resourceAttributes":"S:AI","accessMask":"0x80","hasLogType":"wineventlog","timestamp":"2019-05-29T13:18:21.215Z","processName":"C:\\Windows\\System32\\cmd.exe","handleID":"0x150","@timestamp":"2019-05-29T13:18:21.215Z","eventID":4663,"level":"Information","taskCategory":"File System","originatesFrom":{"@type":"rdf:nodeID","@id":"http://example.org/sepses#3af9c83c-0ae0-4713-9f28-0eb9012a17cb","hostName":"DESKTOP-F650GTN"},"objectType":"File","processID":"0x538c","@id":"http://example.org/logEntry#logEntry-aa28dcd8-015f-41d1-81b1-7f4de2d9e5b9","accountName":"KKurniawan","keyword":["Audit Success"],"accountDomain":"DESKTOP-F650GTN","logonID":"0xe138a","accesses":"%%4423\n\t\t\t\t","logMessage":"An attempt was made to access an object.\n\nSubject:\n\tSecurity ID:\t\tS-1-5-21-132051286-1762614582-3209893546-1001\n\tAccount Name:\t\tKKurniawan\n\tAccount Domain:\t\tDESKTOP-F650GTN\n\tLogon ID:\t\t0xE138A\n\nObject:\n\tObject Server:\t\tSecurity\n\tObject Type:\t\tFile\n\tObject Name:\t\tC:\\Users\\KKurniawan\\userDocuments\\SecretA\\secretFileA2.rtf\n\tHandle ID:\t\t0x150\n\tResource Attributes:\tS:AI\n\nProcess Information:\n\tProcess ID:\t\t0x538c\n\tProcess Name:\t\tC:\\Windows\\System32\\cmd.exe\n\nAccess Request Information:\n\tAccesses:\t\tReadAttributes\n\t\t\t\t\n\tAccess Mask:\t\t0x80","version":1,"objectName":"C:\\Users\\KKurniawan\\userDocuments\\SecretA\\secretFileA2.rtf"}
