{"logName":"Security","source":"Microsoft-Windows-Security-Auditing","@context":"http://sepses.ifs.tuwien.ac.at/contexts/wineventlog.jsonld","computerName":"DESKTOP-F650GTN","objectServer":"Security","@type":"http://purl.org/sepses/vocab/log/wineventlog#WindowsEventLogEntry","upCode":"Info","accessMask":"0x1","hasLogType":"wineventlog","timestamp":"2019-05-29T13:20:41.834Z","processName":"C:\\Program Files (x86)\\Google\\Chrome\\Application\\chrome.exe","handleID":"0x371c","@timestamp":"2019-05-29T13:20:41.834Z","eventID":4663,"level":"Information","taskCategory":"Removable Storage","originatesFrom":{"@type":"rdf:nodeID","@id":"http://example.org/sepses#24a3fd06-f451-46cf-95be-a2cea494a125","hostName":"DESKTOP-F650GTN"},"objectType":"File","processID":"0x1404","@id":"http://example.org/logEntry#logEntry-09dd9e1d-a948-4407-a9fb-6bf70c7dedb3","accountName":"KKurniawan","keyword":["Audit Success"],"accountDomain":"DESKTOP-F650GTN","logonID":"0xe138a","accesses":"%%4416\n\t\t\t\t","logMessage":"An attempt was made to access an object.\n\nSubject:\n\tSecurity ID:\t\tS-1-5-21-132051286-1762614582-3209893546-1001\n\tAccount Name:\t\tKKurniawan\n\tAccount Domain:\t\tDESKTOP-F650GTN\n\tLogon ID:\t\t0xE138A\n\nObject:\n\tObject Server:\t\tSecurity\n\tObject Type:\t\tFile\n\tObject Name:\t\t\\Device\\HarddiskVolume6\\New folder\n\tHandle ID:\t\t0x371c\n\tResource Attributes:\t\n\nProcess Information:\n\tProcess ID:\t\t0x1404\n\tProcess Name:\t\tC:\\Program Files (x86)\\Google\\Chrome\\Application\\chrome.exe\n\nAccess Request Information:\n\tAccesses:\t\tReadData (or ListDirectory)\n\t\t\t\t\n\tAccess Mask:\t\t0x1","version":1,"objectName":"\\Device\\HarddiskVolume6\\New folder"}
{"logName":"Security","source":"Microsoft-Windows-Security-Auditing","@context":"http://sepses.ifs.tuwien.ac.at/contexts/wineventlog.jsonld","computerName":"DESKTOP-F650GTN","objectServer":"Security","@type":"http://purl.org/sepses/vocab/log/wineventlog#WindowsEventLogEntry","upCode":"Info","accessMask":"0x1","hasLogType":"wineventlog","timestamp":"2019-05-29T13:20:41.835Z","processName":"C:\\Program Files (x86)\\Google\\Chrome\\Application\\chrome.exe","handleID":"0x3b44","@timestamp":"2019-05-29T13:20:41.835Z","eventID":4663,"level":"Information","taskCategory":"Removable Storage","originatesFrom":{"@type":"rdf:nodeID","@id":"http://example.org/sepses#a66e55a9-03d4-47a1-a227-f3242270dd22","hostName":"DESKTOP-F650GTN"},"objectType":"File","processID":"0x1404","@id":"http://example.org/logEntry#logEntry-22806e39-b1da-4a69-a0f5-4e03d62176cd","accountName":"KKurniawan","keyword":["Audit Success"],"accountDomain":"DESKTOP-F650GTN","logonID":"0xe138a","accesses":"%%4416\n\t\t\t\t","logMessage":"An attempt was made to access an object.\n\nSubject:\n\tSecurity ID:\t\tS-1-5-21-132051286-1762614582-3209893546-1001\n\tAccount Name:\t\tKKurniawan\n\tAccount Domain:\t\tDESKTOP-F650GTN\n\tLogon ID:\t\t0xE138A\n\nObject:\n\tObject Server:\t\tSecurity\n\tObject Type:\t\tFile\n\tObject Name:\t\t\\Device\\HarddiskVolume6\\Print\n\tHandle ID:\t\t0x3b44\n\tResource Attributes:\t\n\nProcess Information:\n\tProcess ID:\t\t0x1404\n\tProcess Name:\t\tC:\\Program Files (x86)\\Google\\Chrome\\Application\\chrome.exe\n\nAccess Request Information:\n\tAccesses:\t\tReadData (or ListDirectory)\n\t\t\t\t\n\tAccess Mask:\t\t0x1","version":1,"objectName":"\\Device\\HarddiskVolume6\\Print"}
{"logName":"Security","source":"Microsoft-Windows-Security-Auditing","@context":"http://sepses.ifs.tuwien.ac.at/contexts/wineventlog.jsonld","computerName":"DESKTOP-F650GTN","objectServer":"Security","@type":"http://purl.org/sepses/vocab/log/wineventlog#WindowsEventLogEntry","upCode":"Info","accessMask":"0x1","hasLogType":"wineventlog","timestamp":"2019-05-29T13:20:41.837Z","processName":"C:\\Program Files (x86)\\Google\\Chrome\\Application\\chrome.exe","handleID":"0x3b44","@timestamp":"2019-05-29T13:20:41.837Z","eventID":4663,"level":"Information","taskCategory":"Removable Storage","originatesFrom":{"@type":"rdf:nodeID","@id":"http://example.org/sepses#735d50c5-68fc-4fee-bab5-a57ef42f8801","hostName":"DESKTOP-F650GTN"},"objectType":"File","processID":"0x1404","@id":"http://example.org/logEntry#logEntry-2d67b670-95d1-4748-a1e6-f9e69dad61ea","accountName":"KKurniawan","keyword":["Audit Success"],"accountDomain":"DESKTOP-F650GTN","logonID":"0xe138a","accesses":"%%4416\n\t\t\t\t","logMessage":"An attempt was made to access an object.\n\nSubject:\n\tSecurity ID:\t\tS-1-5-21-132051286-1762614582-3209893546-1001\n\tAccount Name:\t\tKKurniawan\n\tAccount Domain:\t\tDESKTOP-F650GTN\n\tLogon ID:\t\t0xE138A\n\nObject:\n\tObject Server:\t\tSecurity\n\tObject Type:\t\tFile\n\tObject Name:\t\t\\Device\\HarddiskVolume6\\slide-2017\n\tHandle ID:\t\t0x3b44\n\tResource Attributes:\t\n\nProcess Information:\n\tProcess ID:\t\t0x1404\n\tProcess Name:\t\tC:\\Program Files (x86)\\Google\\Chrome\\Application\\chrome.exe\n\nAccess Request Information:\n\tAccesses:\t\tReadData (or ListDirectory)\n\t\t\t\t\n\tAccess Mask:\t\t0x1","version":1,"objectName":"\\Device\\HarddiskVolume6\\slide-2017"}
{"logName":"Security","source":"Microsoft-Windows-Security-Auditing","@context":"http://sepses.ifs.tuwien.ac.at/contexts/wineventlog.jsonld","computerName":"DESKTOP-F650GTN","objectServer":"Security","@type":"http://purl.org/sepses/vocab/log/wineventlog#WindowsEventLogEntry","upCode":"Info","accessMask":"0x1","hasLogType":"wineventlog","timestamp":"2019-05-29T13:20:41.839Z","processName":"C:\\Program Files (x86)\\Google\\Chrome\\Application\\chrome.exe","handleID":"0x3b44","@timestamp":"2019-05-29T13:20:41.839Z","eventID":4663,"level":"Information","taskCategory":"Removable Storage","originatesFrom":{"@type":"rdf:nodeID","@id":"http://example.org/sepses#f51d9eea-854b-4e32-95f0-caf6a1fc62ac","hostName":"DESKTOP-F650GTN"},"objectType":"File","processID":"0x1404","@id":"http://example.org/logEntry#logEntry-56435cb6-162a-43ee-b01f-ae0e5fa61f6e","accountName":"KKurniawan","keyword":["Audit Success"],"accountDomain":"DESKTOP-F650GTN","logonID":"0xe138a","accesses":"%%4416\n\t\t\t\t","logMessage":"An attempt was made to access an object.\n\nSubject:\n\tSecurity ID:\t\tS-1-5-21-132051286-1762614582-3209893546-1001\n\tAccount Name:\t\tKKurniawan\n\tAccount Domain:\t\tDESKTOP-F650GTN\n\tLogon ID:\t\t0xE138A\n\nObject:\n\tObject Server:\t\tSecurity\n\tObject Type:\t\tFile\n\tObject Name:\t\t\\Device\\HarddiskVolume6\\Video\n\tHandle ID:\t\t0x3b44\n\tResource Attributes:\t\n\nProcess Information:\n\tProcess ID:\t\t0x1404\n\tProcess Name:\t\tC:\\Program Files (x86)\\Google\\Chrome\\Application\\chrome.exe\n\nAccess Request Information:\n\tAccesses:\t\tReadData (or ListDirectory)\n\t\t\t\t\n\tAccess Mask:\t\t0x1","version":1,"objectName":"\\Device\\HarddiskVolume6\\Video"}
{"logName":"Security","source":"Microsoft-Windows-Security-Auditing","@context":"http://sepses.ifs.tuwien.ac.at/contexts/wineventlog.jsonld","computerName":"DESKTOP-F650GTN","objectServer":"Security","@type":"http://purl.org/sepses/vocab/log/wineventlog#WindowsEventLogEntry","upCode":"Info","accessMask":"0x1","hasLogType":"wineventlog","timestamp":"2019-05-29T13:20:42.313Z","processName":"C:\\Program Files (x86)\\Google\\Chrome\\Application\\chrome.exe","handleID":"0x2dd0","@timestamp":"2019-05-29T13:20:42.313Z","eventID":4663,"level":"Information","taskCategory":"Removable Storage","originatesFrom":{"@type":"rdf:nodeID","@id":"http://example.org/sepses#a005c838-40e0-49f4-be78-532cf63f8c6a","hostName":"DESKTOP-F650GTN"},"objectType":"File","processID":"0x1404","@id":"http://example.org/logEntry#logEntry-82cc2e15-0660-46a0-a35d-479033a912b2","accountName":"KKurniawan","keyword":["Audit Success"],"accountDomain":"DESKTOP-F650GTN","logonID":"0xe138a","accesses":"%%4416\n\t\t\t\t","logMessage":"An attempt was made to access an object.\n\nSubject:\n\tSecurity ID:\t\tS-1-5-21-132051286-1762614582-3209893546-1001\n\tAccount Name:\t\tKKurniawan\n\tAccount Domain:\t\tDESKTOP-F650GTN\n\tLogon ID:\t\t0xE138A\n\nObject:\n\tObject Server:\t\tSecurity\n\tObject Type:\t\tFile\n\tObject Name:\t\t\\Device\\HarddiskVolume6\\\n\tHandle ID:\t\t0x2dd0\n\tResource Attributes:\t\n\nProcess Information:\n\tProcess ID:\t\t0x1404\n\tProcess Name:\t\tC:\\Program Files (x86)\\Google\\Chrome\\Application\\chrome.exe\n\nAccess Request Information:\n\tAccesses:\t\tReadData (or ListDirectory)\n\t\t\t\t\n\tAccess Mask:\t\t0x1","version":1,"objectName":"\\Device\\HarddiskVolume6\\"}
{"logName":"Security","source":"Microsoft-Windows-Security-Auditing","@context":"http://sepses.ifs.tuwien.ac.at/contexts/wineventlog.jsonld","computerName":"DESKTOP-F650GTN","objectServer":"Security","@type":"http://purl.org/sepses/vocab/log/wineventlog#WindowsEventLogEntry","upCode":"Info","accessMask":"0x1","hasLogType":"wineventlog","timestamp":"2019-05-29T13:20:42.426Z","processName":"C:\\Program Files (x86)\\Google\\Chrome\\Application\\chrome.exe","handleID":"0x3b84","@timestamp":"2019-05-29T13:20:42.426Z","eventID":4663,"level":"Information","taskCategory":"Removable Storage","originatesFrom":{"@type":"rdf:nodeID","@id":"http://example.org/sepses#53b138e3-2865-4efc-9147-5fcc2d224fa3","hostName":"DESKTOP-F650GTN"},"objectType":"File","processID":"0x1404","@id":"http://example.org/logEntry#logEntry-5367a0ef-0daf-4273-8159-4fe386b2f944","accountName":"KKurniawan","keyword":["Audit Success"],"accountDomain":"DESKTOP-F650GTN","logonID":"0xe138a","accesses":"%%4416\n\t\t\t\t","logMessage":"An attempt was made to access an object.\n\nSubject:\n\tSecurity ID:\t\tS-1-5-21-132051286-1762614582-3209893546-1001\n\tAccount Name:\t\tKKurniawan\n\tAccount Domain:\t\tDESKTOP-F650GTN\n\tLogon ID:\t\t0xE138A\n\nObject:\n\tObject Server:\t\tSecurity\n\tObject Type:\t\tFile\n\tObject Name:\t\t\\Device\\HarddiskVolume6\\\n\tHandle ID:\t\t0x3b84\n\tResource Attributes:\t\n\nProcess Information:\n\tProcess ID:\t\t0x1404\n\tProcess Name:\t\tC:\\Program Files (x86)\\Google\\Chrome\\Application\\chrome.exe\n\nAccess Request Information:\n\tAccesses:\t\tReadData (or ListDirectory)\n\t\t\t\t\n\tAccess Mask:\t\t0x1","version":1,"objectName":"\\Device\\HarddiskVolume6\\"}
{"logName":"Security","source":"Microsoft-Windows-Security-Auditing","@context":"http://sepses.ifs.tuwien.ac.at/contexts/wineventlog.jsonld","computerName":"DESKTOP-F650GTN","objectServer":"Security","@type":"http://purl.org/sepses/vocab/log/wineventlog#WindowsEventLogEntry","upCode":"Info","accessMask":"0x1","hasLogType":"wineventlog","timestamp":"2019-05-29T13:20:42.458Z","processName":"C:\\Program Files (x86)\\Google\\Chrome\\Application\\chrome.exe","handleID":"0x3b5c","@timestamp":"2019-05-29T13:20:42.458Z","eventID":4663,"level":"Information","taskCategory":"Removable Storage","originatesFrom":{"@type":"rdf:nodeID","@id":"http://example.org/sepses#41c2e351-641b-4ef0-bd7c-83c3061e58c0","hostName":"DESKTOP-F650GTN"},"objectType":"File","processID":"0x1404","@id":"http://example.org/logEntry#logEntry-f11a2417-9d0a-4f18-9459-5b8dc081edf1","accountName":"KKurniawan","keyword":["Audit Success"],"accountDomain":"DESKTOP-F650GTN","logonID":"0xe138a","accesses":"%%4416\n\t\t\t\t","logMessage":"An attempt was made to access an object.\n\nSubject:\n\tSecurity ID:\t\tS-1-5-21-132051286-1762614582-3209893546-1001\n\tAccount Name:\t\tKKurniawan\n\tAccount Domain:\t\tDESKTOP-F650GTN\n\tLogon ID:\t\t0xE138A\n\nObject:\n\tObject Server:\t\tSecurity\n\tObject Type:\t\tFile\n\tObject Name:\t\t\\Device\\HarddiskVolume6\\\n\tHandle ID:\t\t0x3b5c\n\tResource Attributes:\t\n\nProcess Information:\n\tProcess ID:\t\t0x1404\n\tProcess Name:\t\tC:\\Program Files (x86)\\Google\\Chrome\\Application\\chrome.exe\n\nAccess Request Information:\n\tAccesses:\t\tReadData (or ListDirectory)\n\t\t\t\t\n\tAccess Mask:\t\t0x1","version":1,"objectName":"\\Device\\HarddiskVolume6\\"}
{"logName":"Security","source":"Microsoft-Windows-Security-Auditing","@context":"http://sepses.ifs.tuwien.ac.at/contexts/wineventlog.jsonld","computerName":"DESKTOP-F650GTN","objectServer":"Security","@type":"http://purl.org/sepses/vocab/log/wineventlog#WindowsEventLogEntry","upCode":"Info","accessMask":"0x1","hasLogType":"wineventlog","timestamp":"2019-05-29T13:20:42.498Z","processName":"C:\\Program Files (x86)\\Google\\Chrome\\Application\\chrome.exe","handleID":"0x3b14","@timestamp":"2019-05-29T13:20:42.498Z","eventID":4663,"level":"Information","taskCategory":"Removable Storage","originatesFrom":{"@type":"rdf:nodeID","@id":"http://example.org/sepses#213644df-aa89-40ea-9f56-5518a3931842","hostName":"DESKTOP-F650GTN"},"objectType":"File","processID":"0x1404","@id":"http://example.org/logEntry#logEntry-0233f528-cebd-48d4-9503-def168f17a0a","accountName":"KKurniawan","keyword":["Audit Success"],"accountDomain":"DESKTOP-F650GTN","logonID":"0xe138a","accesses":"%%4416\n\t\t\t\t","logMessage":"An attempt was made to access an object.\n\nSubject:\n\tSecurity ID:\t\tS-1-5-21-132051286-1762614582-3209893546-1001\n\tAccount Name:\t\tKKurniawan\n\tAccount Domain:\t\tDESKTOP-F650GTN\n\tLogon ID:\t\t0xE138A\n\nObject:\n\tObject Server:\t\tSecurity\n\tObject Type:\t\tFile\n\tObject Name:\t\t\\Device\\HarddiskVolume6\\\n\tHandle ID:\t\t0x3b14\n\tResource Attributes:\t\n\nProcess Information:\n\tProcess ID:\t\t0x1404\n\tProcess Name:\t\tC:\\Program Files (x86)\\Google\\Chrome\\Application\\chrome.exe\n\nAccess Request Information:\n\tAccesses:\t\tReadData (or ListDirectory)\n\t\t\t\t\n\tAccess Mask:\t\t0x1","version":1,"objectName":"\\Device\\HarddiskVolume6\\"}
{"logName":"Security","source":"Microsoft-Windows-Security-Auditing","@context":"http://sepses.ifs.tuwien.ac.at/contexts/wineventlog.jsonld","computerName":"DESKTOP-F650GTN","objectServer":"Security","@type":"http://purl.org/sepses/vocab/log/wineventlog#WindowsEventLogEntry","upCode":"Info","accessMask":"0x1","hasLogType":"wineventlog","timestamp":"2019-05-29T13:20:42.520Z","processName":"C:\\Program Files (x86)\\Google\\Chrome\\Application\\chrome.exe","handleID":"0x3b7c","@timestamp":"2019-05-29T13:20:42.520Z","eventID":4663,"level":"Information","taskCategory":"Removable Storage","originatesFrom":{"@type":"rdf:nodeID","@id":"http://example.org/sepses#cf12b2f4-2e03-4b99-9306-9cabb7c1c1fa","hostName":"DESKTOP-F650GTN"},"objectType":"File","processID":"0x1404","@id":"http://example.org/logEntry#logEntry-f086303d-fc4e-4499-ad96-c97766cf7825","accountName":"KKurniawan","keyword":["Audit Success"],"accountDomain":"DESKTOP-F650GTN","logonID":"0xe138a","accesses":"%%4416\n\t\t\t\t","logMessage":"An attempt was made to access an object.\n\nSubject:\n\tSecurity ID:\t\tS-1-5-21-132051286-1762614582-3209893546-1001\n\tAccount Name:\t\tKKurniawan\n\tAccount Domain:\t\tDESKTOP-F650GTN\n\tLogon ID:\t\t0xE138A\n\nObject:\n\tObject Server:\t\tSecurity\n\tObject Type:\t\tFile\n\tObject Name:\t\t\\Device\\HarddiskVolume6\\\n\tHandle ID:\t\t0x3b7c\n\tResource Attributes:\t\n\nProcess Information:\n\tProcess ID:\t\t0x1404\n\tProcess Name:\t\tC:\\Program Files (x86)\\Google\\Chrome\\Application\\chrome.exe\n\nAccess Request Information:\n\tAccesses:\t\tReadData (or ListDirectory)\n\t\t\t\t\n\tAccess Mask:\t\t0x1","version":1,"objectName":"\\Device\\HarddiskVolume6\\"}
{"logName":"Security","source":"Microsoft-Windows-Security-Auditing","@context":"http://sepses.ifs.tuwien.ac.at/contexts/wineventlog.jsonld","computerName":"DESKTOP-F650GTN","objectServer":"Security","@type":"http://purl.org/sepses/vocab/log/wineventlog#WindowsEventLogEntry","upCode":"Info","accessMask":"0x1","hasLogType":"wineventlog","timestamp":"2019-05-29T13:20:41.834Z","processName":"C:\\Program Files (x86)\\Google\\Chrome\\Application\\chrome.exe","handleID":"0x371c","@timestamp":"2019-05-29T13:20:41.834Z","eventID":4663,"level":"Information","taskCategory":"Removable Storage","originatesFrom":{"@type":"rdf:nodeID","@id":"http://example.org/sepses#774e2988-3cde-425d-9fc1-b359a7ad0809","hostName":"DESKTOP-F650GTN"},"objectType":"File","processID":"0x1404","@id":"http://example.org/logEntry#logEntry-4e5ca447-54ff-4cfb-a466-865a14465a25","accountName":"KKurniawan","keyword":["Audit Success"],"accountDomain":"DESKTOP-F650GTN","logonID":"0xe138a","accesses":"%%4416\n\t\t\t\t","logMessage":"An attempt was made to access an object.\n\nSubject:\n\tSecurity ID:\t\tS-1-5-21-132051286-1762614582-3209893546-1001\n\tAccount Name:\t\tKKurniawan\n\tAccount Domain:\t\tDESKTOP-F650GTN\n\tLogon ID:\t\t0xE138A\n\nObject:\n\tObject Server:\t\tSecurity\n\tObject Type:\t\tFile\n\tObject Name:\t\t\\Device\\HarddiskVolume6\\Heterogeneous data to RDF graphs\n\tHandle ID:\t\t0x371c\n\tResource Attributes:\t\n\nProcess Information:\n\tProcess ID:\t\t0x1404\n\tProcess Name:\t\tC:\\Program Files (x86)\\Google\\Chrome\\Application\\chrome.exe\n\nAccess Request Information:\n\tAccesses:\t\tReadData (or ListDirectory)\n\t\t\t\t\n\tAccess Mask:\t\t0x1","version":1,"objectName":"\\Device\\HarddiskVolume6\\Heterogeneous data to RDF graphs"}
{"logName":"Security","source":"Microsoft-Windows-Security-Auditing","@context":"http://sepses.ifs.tuwien.ac.at/contexts/wineventlog.jsonld","computerName":"DESKTOP-F650GTN","objectServer":"Security","@type":"http://purl.org/sepses/vocab/log/wineventlog#WindowsEventLogEntry","upCode":"Info","accessMask":"0x1","hasLogType":"wineventlog","timestamp":"2019-05-29T13:20:41.836Z","processName":"C:\\Program Files (x86)\\Google\\Chrome\\Application\\chrome.exe","handleID":"0x3b44","@timestamp":"2019-05-29T13:20:41.836Z","eventID":4663,"level":"Information","taskCategory":"Removable Storage","originatesFrom":{"@type":"rdf:nodeID","@id":"http://example.org/sepses#ebd857fb-bc68-4bad-aed8-8e1ae044d4e0","hostName":"DESKTOP-F650GTN"},"objectType":"File","processID":"0x1404","@id":"http://example.org/logEntry#logEntry-f9362334-89dd-4914-adf2-21024c30679d","accountName":"KKurniawan","keyword":["Audit Success"],"accountDomain":"DESKTOP-F650GTN","logonID":"0xe138a","accesses":"%%4416\n\t\t\t\t","logMessage":"An attempt was made to access an object.\n\nSubject:\n\tSecurity ID:\t\tS-1-5-21-132051286-1762614582-3209893546-1001\n\tAccount Name:\t\tKKurniawan\n\tAccount Domain:\t\tDESKTOP-F650GTN\n\tLogon ID:\t\t0xE138A\n\nObject:\n\tObject Server:\t\tSecurity\n\tObject Type:\t\tFile\n\tObject Name:\t\t\\Device\\HarddiskVolume6\\Secret\n\tHandle ID:\t\t0x3b44\n\tResource Attributes:\t\n\nProcess Information:\n\tProcess ID:\t\t0x1404\n\tProcess Name:\t\tC:\\Program Files (x86)\\Google\\Chrome\\Application\\chrome.exe\n\nAccess Request Information:\n\tAccesses:\t\tReadData (or ListDirectory)\n\t\t\t\t\n\tAccess Mask:\t\t0x1","version":1,"objectName":"\\Device\\HarddiskVolume6\\Secret"}
{"logName":"Security","source":"Microsoft-Windows-Security-Auditing","@context":"http://sepses.ifs.tuwien.ac.at/contexts/wineventlog.jsonld","computerName":"DESKTOP-F650GTN","objectServer":"Security","@type":"http://purl.org/sepses/vocab/log/wineventlog#WindowsEventLogEntry","upCode":"Info","accessMask":"0x1","hasLogType":"wineventlog","timestamp":"2019-05-29T13:20:41.838Z","processName":"C:\\Program Files (x86)\\Google\\Chrome\\Application\\chrome.exe","handleID":"0x3b44","@timestamp":"2019-05-29T13:20:41.838Z","eventID":4663,"level":"Information","taskCategory":"Removable Storage","originatesFrom":{"@type":"rdf:nodeID","@id":"http://example.org/sepses#dc7848a8-ed2d-48c1-b7e6-5a782cedddda","hostName":"DESKTOP-F650GTN"},"objectType":"File","processID":"0x1404","@id":"http://example.org/logEntry#logEntry-d233477f-439e-4f7f-ab58-19dc0467f897","accountName":"KKurniawan","keyword":["Audit Success"],"accountDomain":"DESKTOP-F650GTN","logonID":"0xe138a","accesses":"%%4416\n\t\t\t\t","logMessage":"An attempt was made to access an object.\n\nSubject:\n\tSecurity ID:\t\tS-1-5-21-132051286-1762614582-3209893546-1001\n\tAccount Name:\t\tKKurniawan\n\tAccount Domain:\t\tDESKTOP-F650GTN\n\tLogon ID:\t\t0xE138A\n\nObject:\n\tObject Server:\t\tSecurity\n\tObject Type:\t\tFile\n\tObject Name:\t\t\\Device\\HarddiskVolume6\\trunk\n\tHandle ID:\t\t0x3b44\n\tResource Attributes:\t\n\nProcess Information:\n\tProcess ID:\t\t0x1404\n\tProcess Name:\t\tC:\\Program Files (x86)\\Google\\Chrome\\Application\\chrome.exe\n\nAccess Request Information:\n\tAccesses:\t\tReadData (or ListDirectory)\n\t\t\t\t\n\tAccess Mask:\t\t0x1","version":1,"objectName":"\\Device\\HarddiskVolume6\\trunk"}
{"logName":"Security","source":"Microsoft-Windows-Security-Auditing","@context":"http://sepses.ifs.tuwien.ac.at/contexts/wineventlog.jsonld","computerName":"DESKTOP-F650GTN","objectServer":"Security","@type":"http://purl.org/sepses/vocab/log/wineventlog#WindowsEventLogEntry","upCode":"Info","accessMask":"0x1","hasLogType":"wineventlog","timestamp":"2019-05-29T13:20:42.313Z","processName":"C:\\Program Files (x86)\\Google\\Chrome\\Application\\chrome.exe","handleID":"0x2dd0","@timestamp":"2019-05-29T13:20:42.313Z","eventID":4663,"level":"Information","taskCategory":"Removable Storage","originatesFrom":{"@type":"rdf:nodeID","@id":"http://example.org/sepses#66eb26b0-0a46-4da4-ac80-d89bc3e4dc5b","hostName":"DESKTOP-F650GTN"},"objectType":"File","processID":"0x1404","@id":"http://example.org/logEntry#logEntry-8004a780-0dc1-4220-a3ba-73bf44a164a3","accountName":"KKurniawan","keyword":["Audit Success"],"accountDomain":"DESKTOP-F650GTN","logonID":"0xe138a","accesses":"%%4416\n\t\t\t\t","logMessage":"An attempt was made to access an object.\n\nSubject:\n\tSecurity ID:\t\tS-1-5-21-132051286-1762614582-3209893546-1001\n\tAccount Name:\t\tKKurniawan\n\tAccount Domain:\t\tDESKTOP-F650GTN\n\tLogon ID:\t\t0xE138A\n\nObject:\n\tObject Server:\t\tSecurity\n\tObject Type:\t\tFile\n\tObject Name:\t\t\\Device\\HarddiskVolume6\\\n\tHandle ID:\t\t0x2dd0\n\tResource Attributes:\t\n\nProcess Information:\n\tProcess ID:\t\t0x1404\n\tProcess Name:\t\tC:\\Program Files (x86)\\Google\\Chrome\\Application\\chrome.exe\n\nAccess Request Information:\n\tAccesses:\t\tReadData (or ListDirectory)\n\t\t\t\t\n\tAccess Mask:\t\t0x1","version":1,"objectName":"\\Device\\HarddiskVolume6\\"}
{"logName":"Security","source":"Microsoft-Windows-Security-Auditing","@context":"http://sepses.ifs.tuwien.ac.at/contexts/wineventlog.jsonld","computerName":"DESKTOP-F650GTN","objectServer":"Security","@type":"http://purl.org/sepses/vocab/log/wineventlog#WindowsEventLogEntry","upCode":"Info","accessMask":"0x1","hasLogType":"wineventlog","timestamp":"2019-05-29T13:20:42.426Z","processName":"C:\\Program Files (x86)\\Google\\Chrome\\Application\\chrome.exe","handleID":"0x3b84","@timestamp":"2019-05-29T13:20:42.426Z","eventID":4663,"level":"Information","taskCategory":"Removable Storage","originatesFrom":{"@type":"rdf:nodeID","@id":"http://example.org/sepses#b6f14723-cdd7-4366-9cd7-349bff411ca7","hostName":"DESKTOP-F650GTN"},"objectType":"File","processID":"0x1404","@id":"http://example.org/logEntry#logEntry-72991b6b-1486-4383-add2-938c13e706c1","accountName":"KKurniawan","keyword":["Audit Success"],"accountDomain":"DESKTOP-F650GTN","logonID":"0xe138a","accesses":"%%4416\n\t\t\t\t","logMessage":"An attempt was made to access an object.\n\nSubject:\n\tSecurity ID:\t\tS-1-5-21-132051286-1762614582-3209893546-1001\n\tAccount Name:\t\tKKurniawan\n\tAccount Domain:\t\tDESKTOP-F650GTN\n\tLogon ID:\t\t0xE138A\n\nObject:\n\tObject Server:\t\tSecurity\n\tObject Type:\t\tFile\n\tObject Name:\t\t\\Device\\HarddiskVolume6\\\n\tHandle ID:\t\t0x3b84\n\tResource Attributes:\t\n\nProcess Information:\n\tProcess ID:\t\t0x1404\n\tProcess Name:\t\tC:\\Program Files (x86)\\Google\\Chrome\\Application\\chrome.exe\n\nAccess Request Information:\n\tAccesses:\t\tReadData (or ListDirectory)\n\t\t\t\t\n\tAccess Mask:\t\t0x1","version":1,"objectName":"\\Device\\HarddiskVolume6\\"}
{"logName":"Security","source":"Microsoft-Windows-Security-Auditing","@context":"http://sepses.ifs.tuwien.ac.at/contexts/wineventlog.jsonld","computerName":"DESKTOP-F650GTN","objectServer":"Security","@type":"http://purl.org/sepses/vocab/log/wineventlog#WindowsEventLogEntry","upCode":"Info","accessMask":"0x1","hasLogType":"wineventlog","timestamp":"2019-05-29T13:20:42.445Z","processName":"C:\\Program Files (x86)\\Google\\Chrome\\Application\\chrome.exe","handleID":"0x3b64","@timestamp":"2019-05-29T13:20:42.445Z","eventID":4663,"level":"Information","taskCategory":"Removable Storage","originatesFrom":{"@type":"rdf:nodeID","@id":"http://example.org/sepses#504bc1ff-5c7e-4783-9725-69a51e5bb3e3","hostName":"DESKTOP-F650GTN"},"objectType":"File","processID":"0x1404","@id":"http://example.org/logEntry#logEntry-59472355-2991-4001-a08f-8785e991a4b3","accountName":"KKurniawan","keyword":["Audit Success"],"accountDomain":"DESKTOP-F650GTN","logonID":"0xe138a","accesses":"%%4416\n\t\t\t\t","logMessage":"An attempt was made to access an object.\n\nSubject:\n\tSecurity ID:\t\tS-1-5-21-132051286-1762614582-3209893546-1001\n\tAccount Name:\t\tKKurniawan\n\tAccount Domain:\t\tDESKTOP-F650GTN\n\tLogon ID:\t\t0xE138A\n\nObject:\n\tObject Server:\t\tSecurity\n\tObject Type:\t\tFile\n\tObject Name:\t\t\\Device\\HarddiskVolume6\\\n\tHandle ID:\t\t0x3b64\n\tResource Attributes:\t\n\nProcess Information:\n\tProcess ID:\t\t0x1404\n\tProcess Name:\t\tC:\\Program Files (x86)\\Google\\Chrome\\Application\\chrome.exe\n\nAccess Request Information:\n\tAccesses:\t\tReadData (or ListDirectory)\n\t\t\t\t\n\tAccess Mask:\t\t0x1","version":1,"objectName":"\\Device\\HarddiskVolume6\\"}
{"logName":"Security","source":"Microsoft-Windows-Security-Auditing","@context":"http://sepses.ifs.tuwien.ac.at/contexts/wineventlog.jsonld","computerName":"DESKTOP-F650GTN","objectServer":"Security","@type":"http://purl.org/sepses/vocab/log/wineventlog#WindowsEventLogEntry","upCode":"Info","accessMask":"0x1","hasLogType":"wineventlog","timestamp":"2019-05-29T13:20:42.498Z","processName":"C:\\Program Files (x86)\\Google\\Chrome\\Application\\chrome.exe","handleID":"0x3b14","@timestamp":"2019-05-29T13:20:42.498Z","eventID":4663,"level":"Information","taskCategory":"Removable Storage","originatesFrom":{"@type":"rdf:nodeID","@id":"http://example.org/sepses#2e5cae58-25bd-4edd-a8f5-884801fbbd33","hostName":"DESKTOP-F650GTN"},"objectType":"File","processID":"0x1404","@id":"http://example.org/logEntry#logEntry-6f1c10e7-b9a3-4200-b219-7ae49e44eb9d","accountName":"KKurniawan","keyword":["Audit Success"],"accountDomain":"DESKTOP-F650GTN","logonID":"0xe138a","accesses":"%%4416\n\t\t\t\t","logMessage":"An attempt was made to access an object.\n\nSubject:\n\tSecurity ID:\t\tS-1-5-21-132051286-1762614582-3209893546-1001\n\tAccount Name:\t\tKKurniawan\n\tAccount Domain:\t\tDESKTOP-F650GTN\n\tLogon ID:\t\t0xE138A\n\nObject:\n\tObject Server:\t\tSecurity\n\tObject Type:\t\tFile\n\tObject Name:\t\t\\Device\\HarddiskVolume6\\\n\tHandle ID:\t\t0x3b14\n\tResource Attributes:\t\n\nProcess Information:\n\tProcess ID:\t\t0x1404\n\tProcess Name:\t\tC:\\Program Files (x86)\\Google\\Chrome\\Application\\chrome.exe\n\nAccess Request Information:\n\tAccesses:\t\tReadData (or ListDirectory)\n\t\t\t\t\n\tAccess Mask:\t\t0x1","version":1,"objectName":"\\Device\\HarddiskVolume6\\"}
{"logName":"Security","source":"Microsoft-Windows-Security-Auditing","@context":"http://sepses.ifs.tuwien.ac.at/contexts/wineventlog.jsonld","computerName":"DESKTOP-F650GTN","objectServer":"Security","@type":"http://purl.org/sepses/vocab/log/wineventlog#WindowsEventLogEntry","upCode":"Info","accessMask":"0x1","hasLogType":"wineventlog","timestamp":"2019-05-29T13:20:42.520Z","processName":"C:\\Program Files (x86)\\Google\\Chrome\\Application\\chrome.exe","handleID":"0x3b7c","@timestamp":"2019-05-29T13:20:42.520Z","eventID":4663,"level":"Information","taskCategory":"Removable Storage","originatesFrom":{"@type":"rdf:nodeID","@id":"http://example.org/sepses#4309ad61-4b81-4d4e-a6e5-efe7e4befea2","hostName":"DESKTOP-F650GTN"},"objectType":"File","processID":"0x1404","@id":"http://example.org/logEntry#logEntry-cb1b3f46-4d89-429e-8a03-c1d6b03b1e81","accountName":"KKurniawan","keyword":["Audit Success"],"accountDomain":"DESKTOP-F650GTN","logonID":"0xe138a","accesses":"%%4416\n\t\t\t\t","logMessage":"An attempt was made to access an object.\n\nSubject:\n\tSecurity ID:\t\tS-1-5-21-132051286-1762614582-3209893546-1001\n\tAccount Name:\t\tKKurniawan\n\tAccount Domain:\t\tDESKTOP-F650GTN\n\tLogon ID:\t\t0xE138A\n\nObject:\n\tObject Server:\t\tSecurity\n\tObject Type:\t\tFile\n\tObject Name:\t\t\\Device\\HarddiskVolume6\\\n\tHandle ID:\t\t0x3b7c\n\tResource Attributes:\t\n\nProcess Information:\n\tProcess ID:\t\t0x1404\n\tProcess Name:\t\tC:\\Program Files (x86)\\Google\\Chrome\\Application\\chrome.exe\n\nAccess Request Information:\n\tAccesses:\t\tReadData (or ListDirectory)\n\t\t\t\t\n\tAccess Mask:\t\t0x1","version":1,"objectName":"\\Device\\HarddiskVolume6\\"}
{"logName":"Security","source":"Microsoft-Windows-Security-Auditing","@context":"http://sepses.ifs.tuwien.ac.at/contexts/wineventlog.jsonld","computerName":"DESKTOP-F650GTN","objectServer":"Security","@type":"http://purl.org/sepses/vocab/log/wineventlog#WindowsEventLogEntry","upCode":"Info","accessMask":"0x1","hasLogType":"wineventlog","timestamp":"2019-05-29T13:20:42.573Z","processName":"C:\\Program Files (x86)\\Google\\Chrome\\Application\\chrome.exe","handleID":"0x3bc4","@timestamp":"2019-05-29T13:20:42.573Z","eventID":4663,"level":"Information","taskCategory":"Removable Storage","originatesFrom":{"@type":"rdf:nodeID","@id":"http://example.org/sepses#f68dc7e4-fc7d-4f41-92a3-1cd265b1c244","hostName":"DESKTOP-F650GTN"},"objectType":"File","processID":"0x1404","@id":"http://example.org/logEntry#logEntry-8d04c37c-63c6-4502-b8ce-f52fb9dd88d0","accountName":"KKurniawan","keyword":["Audit Success"],"accountDomain":"DESKTOP-F650GTN","logonID":"0xe138a","accesses":"%%4416\n\t\t\t\t","logMessage":"An attempt was made to access an object.\n\nSubject:\n\tSecurity ID:\t\tS-1-5-21-132051286-1762614582-3209893546-1001\n\tAccount Name:\t\tKKurniawan\n\tAccount Domain:\t\tDESKTOP-F650GTN\n\tLogon ID:\t\t0xE138A\n\nObject:\n\tObject Server:\t\tSecurity\n\tObject Type:\t\tFile\n\tObject Name:\t\t\\Device\\HarddiskVolume6\\\n\tHandle ID:\t\t0x3bc4\n\tResource Attributes:\t\n\nProcess Information:\n\tProcess ID:\t\t0x1404\n\tProcess Name:\t\tC:\\Program Files (x86)\\Google\\Chrome\\Application\\chrome.exe\n\nAccess Request Information:\n\tAccesses:\t\tReadData (or ListDirectory)\n\t\t\t\t\n\tAccess Mask:\t\t0x1","version":1,"objectName":"\\Device\\HarddiskVolume6\\"}
{"logName":"Security","source":"Microsoft-Windows-Security-Auditing","@context":"http://sepses.ifs.tuwien.ac.at/contexts/wineventlog.jsonld","computerName":"DESKTOP-F650GTN","objectServer":"Security","@type":"http://purl.org/sepses/vocab/log/wineventlog#WindowsEventLogEntry","upCode":"Info","resourceAttributes":"S:AI","accessMask":"0x80","hasLogType":"wineventlog","timestamp":"2019-05-29T13:20:47.043Z","processName":"C:\\Windows\\explorer.exe","handleID":"0x3550","@timestamp":"2019-05-29T13:20:47.043Z","eventID":4663,"level":"Information","taskCategory":"File System","originatesFrom":{"@type":"rdf:nodeID","@id":"http://example.org/sepses#dd4c2615-fb43-4f40-a276-3ada9d34ef62","hostName":"DESKTOP-F650GTN"},"objectType":"File","processID":"0x2be0","@id":"http://example.org/logEntry#logEntry-c8b8e385-7e38-4a05-898e-fcecfe79c6e8","accountName":"KKurniawan","keyword":["Audit Success"],"accountDomain":"DESKTOP-F650GTN","logonID":"0xe138a","accesses":"%%4423\n\t\t\t\t","logMessage":"An attempt was made to access an object.\n\nSubject:\n\tSecurity ID:\t\tS-1-5-21-132051286-1762614582-3209893546-1001\n\tAccount Name:\t\tKKurniawan\n\tAccount Domain:\t\tDESKTOP-F650GTN\n\tLogon ID:\t\t0xE138A\n\nObject:\n\tObject Server:\t\tSecurity\n\tObject Type:\t\tFile\n\tObject Name:\t\tC:\\Users\\KKurniawan\\userDocuments\\desktop.ini\n\tHandle ID:\t\t0x3550\n\tResource Attributes:\tS:AI\n\nProcess Information:\n\tProcess ID:\t\t0x2be0\n\tProcess Name:\t\tC:\\Windows\\explorer.exe\n\nAccess Request Information:\n\tAccesses:\t\tReadAttributes\n\t\t\t\t\n\tAccess Mask:\t\t0x80","version":1,"objectName":"C:\\Users\\KKurniawan\\userDocuments\\desktop.ini"}
{"logName":"Security","source":"Microsoft-Windows-Security-Auditing","@context":"http://sepses.ifs.tuwien.ac.at/contexts/wineventlog.jsonld","computerName":"DESKTOP-F650GTN","objectServer":"Security","@type":"http://purl.org/sepses/vocab/log/wineventlog#WindowsEventLogEntry","upCode":"Info","resourceAttributes":"S:AI","accessMask":"0x80","hasLogType":"wineventlog","timestamp":"2019-05-29T13:23:23.257Z","processName":"C:\\Program Files (x86)\\Dropbox\\Client\\Dropbox.exe","handleID":"0x2d14","@timestamp":"2019-05-29T13:23:23.257Z","eventID":4663,"level":"Information","taskCategory":"File System","originatesFrom":{"@type":"rdf:nodeID","@id":"http://example.org/sepses#6bc3a6d0-8124-4f2f-af46-41f69a8309fb","hostName":"DESKTOP-F650GTN"},"objectType":"File","processID":"0x3bb4","@id":"http://example.org/logEntry#logEntry-e2246ef9-016f-4d30-ad61-c5746ab822f7","accountName":"KKurniawan","keyword":["Audit Success"],"accountDomain":"DESKTOP-F650GTN","logonID":"0xe138a","accesses":"%%4423\n\t\t\t\t","logMessage":"An attempt was made to access an object.\n\nSubject:\n\tSecurity ID:\t\tS-1-5-21-132051286-1762614582-3209893546-1001\n\tAccount Name:\t\tKKurniawan\n\tAccount Domain:\t\tDESKTOP-F650GTN\n\tLogon ID:\t\t0xE138A\n\nObject:\n\tObject Server:\t\tSecurity\n\tObject Type:\t\tFile\n\tObject Name:\t\tC:\\Users\\KKurniawan\\Dropbox\n\tHandle ID:\t\t0x2d14\n\tResource Attributes:\tS:AI\n\nProcess Information:\n\tProcess ID:\t\t0x3bb4\n\tProcess Name:\t\tC:\\Program Files (x86)\\Dropbox\\Client\\Dropbox.exe\n\nAccess Request Information:\n\tAccesses:\t\tReadAttributes\n\t\t\t\t\n\tAccess Mask:\t\t0x80","version":1,"objectName":"C:\\Users\\KKurniawan\\Dropbox"}
{"logName":"Security","source":"Microsoft-Windows-Security-Auditing","@context":"http://sepses.ifs.tuwien.ac.at/contexts/wineventlog.jsonld","computerName":"DESKTOP-F650GTN","objectServer":"Security","@type":"http://purl.org/sepses/vocab/log/wineventlog#WindowsEventLogEntry","upCode":"Info","resourceAttributes":"S:AI","accessMask":"0x80","hasLogType":"wineventlog","timestamp":"2019-05-29T13:23:23.219Z","processName":"C:\\Program Files (x86)\\Dropbox\\Client\\Dropbox.exe","handleID":"0x39a8","@timestamp":"2019-05-29T13:23:23.219Z","eventID":4663,"level":"Information","taskCategory":"File System","originatesFrom":{"@type":"rdf:nodeID","@id":"http://example.org/sepses#14f3116b-e20b-4ab3-9f73-c87337e74206","hostName":"DESKTOP-F650GTN"},"objectType":"File","processID":"0x3bb4","@id":"http://example.org/logEntry#logEntry-7ada33eb-5fd8-400f-ab81-33ecd1205eae","accountName":"KKurniawan","keyword":["Audit Success"],"accountDomain":"DESKTOP-F650GTN","logonID":"0xe138a","accesses":"%%4423\n\t\t\t\t","logMessage":"An attempt was made to access an object.\n\nSubject:\n\tSecurity ID:\t\tS-1-5-21-132051286-1762614582-3209893546-1001\n\tAccount Name:\t\tKKurniawan\n\tAccount Domain:\t\tDESKTOP-F650GTN\n\tLogon ID:\t\t0xE138A\n\nObject:\n\tObject Server:\t\tSecurity\n\tObject Type:\t\tFile\n\tObject Name:\t\tC:\\Users\\KKurniawan\\Dropbox\n\tHandle ID:\t\t0x39a8\n\tResource Attributes:\tS:AI\n\nProcess Information:\n\tProcess ID:\t\t0x3bb4\n\tProcess Name:\t\tC:\\Program Files (x86)\\Dropbox\\Client\\Dropbox.exe\n\nAccess Request Information:\n\tAccesses:\t\tReadAttributes\n\t\t\t\t\n\tAccess Mask:\t\t0x80","version":1,"objectName":"C:\\Users\\KKurniawan\\Dropbox"}
