{"logName":"Security","source":"Microsoft-Windows-Security-Auditing","@context":"http://sepses.ifs.tuwien.ac.at/contexts/wineventlog.jsonld","computerName":"DESKTOP-F650GTN","objectServer":"Security","@type":"http://purl.org/sepses/vocab/log/wineventlog#WindowsEventLogEntry","upCode":"Info","resourceAttributes":"S:AI","accessMask":"0x80","hasLogType":"wineventlog","timestamp":"2019-05-29T13:17:17.300Z","processName":"C:\\Program Files (x86)\\Dropbox\\Client\\Dropbox.exe","handleID":"0x3224","@timestamp":"2019-05-29T13:17:17.300Z","eventID":4663,"level":"Information","taskCategory":"File System","originatesFrom":{"@type":"rdf:nodeID","@id":"http://example.org/sepses#8294e805-1177-4be8-a3cf-0fefb20dd32a","hostName":"DESKTOP-F650GTN"},"objectType":"File","processID":"0x3bb4","@id":"http://example.org/logEntry#logEntry-35d2c29b-0449-40ba-a42c-f0e7618fe684","accountName":"KKurniawan","keyword":["Audit Success"],"accountDomain":"DESKTOP-F650GTN","logonID":"0xe138a","accesses":"%%4423\n\t\t\t\t","logMessage":"An attempt was made to access an object.\n\nSubject:\n\tSecurity ID:\t\tS-1-5-21-132051286-1762614582-3209893546-1001\n\tAccount Name:\t\tKKurniawan\n\tAccount Domain:\t\tDESKTOP-F650GTN\n\tLogon ID:\t\t0xE138A\n\nObject:\n\tObject Server:\t\tSecurity\n\tObject Type:\t\tFile\n\tObject Name:\t\tC:\\Users\\KKurniawan\\Dropbox\\Secret\n\tHandle ID:\t\t0x3224\n\tResource Attributes:\tS:AI\n\nProcess Information:\n\tProcess ID:\t\t0x3bb4\n\tProcess Name:\t\tC:\\Program Files (x86)\\Dropbox\\Client\\Dropbox.exe\n\nAccess Request Information:\n\tAccesses:\t\tReadAttributes\n\t\t\t\t\n\tAccess Mask:\t\t0x80","version":1,"objectName":"C:\\Users\\KKurniawan\\Dropbox\\Secret"}
{"logName":"Security","source":"Microsoft-Windows-Security-Auditing","@context":"http://sepses.ifs.tuwien.ac.at/contexts/wineventlog.jsonld","computerName":"DESKTOP-F650GTN","objectServer":"Security","@type":"http://purl.org/sepses/vocab/log/wineventlog#WindowsEventLogEntry","upCode":"Info","resourceAttributes":"S:AI","accessMask":"0x2","hasLogType":"wineventlog","timestamp":"2019-05-29T13:17:16.824Z","processName":"C:\\Program Files (x86)\\Dropbox\\Client\\Dropbox.exe","handleID":"0x3490","@timestamp":"2019-05-29T13:17:16.824Z","eventID":4663,"level":"Information","taskCategory":"File System","originatesFrom":{"@type":"rdf:nodeID","@id":"http://example.org/sepses#3d6f6d6f-90a1-4b3c-9d50-2d29fe4cf407","hostName":"DESKTOP-F650GTN"},"objectType":"File","processID":"0x3bb4","@id":"http://example.org/logEntry#logEntry-f08bb24d-b76c-43d5-8ecd-557796b96637","accountName":"KKurniawan","keyword":["Audit Success"],"accountDomain":"DESKTOP-F650GTN","logonID":"0xe138a","accesses":"%%4417\n\t\t\t\t","logMessage":"An attempt was made to access an object.\n\nSubject:\n\tSecurity ID:\t\tS-1-5-21-132051286-1762614582-3209893546-1001\n\tAccount Name:\t\tKKurniawan\n\tAccount Domain:\t\tDESKTOP-F650GTN\n\tLogon ID:\t\t0xE138A\n\nObject:\n\tObject Server:\t\tSecurity\n\tObject Type:\t\tFile\n\tObject Name:\t\tC:\\Users\\KKurniawan\\Dropbox\\.dropbox.cache\\new_files\\ec5e92b1763319a432b5127f963770c2\n\tHandle ID:\t\t0x3490\n\tResource Attributes:\tS:AI\n\nProcess Information:\n\tProcess ID:\t\t0x3bb4\n\tProcess Name:\t\tC:\\Program Files (x86)\\Dropbox\\Client\\Dropbox.exe\n\nAccess Request Information:\n\tAccesses:\t\tWriteData (or AddFile)\n\t\t\t\t\n\tAccess Mask:\t\t0x2","version":1,"objectName":"C:\\Users\\KKurniawan\\Dropbox\\.dropbox.cache\\new_files\\ec5e92b1763319a432b5127f963770c2"}
{"logName":"Security","source":"Microsoft-Windows-Security-Auditing","@context":"http://sepses.ifs.tuwien.ac.at/contexts/wineventlog.jsonld","computerName":"DESKTOP-F650GTN","objectServer":"Security","@type":"http://purl.org/sepses/vocab/log/wineventlog#WindowsEventLogEntry","upCode":"Info","resourceAttributes":"S:AI","accessMask":"0x2","hasLogType":"wineventlog","timestamp":"2019-05-29T13:17:17.285Z","processName":"C:\\Program Files (x86)\\Dropbox\\Client\\Dropbox.exe","handleID":"0x4abc","@timestamp":"2019-05-29T13:17:17.285Z","eventID":4663,"level":"Information","taskCategory":"File System","originatesFrom":{"@type":"rdf:nodeID","@id":"http://example.org/sepses#fe41c150-beb0-4809-ac64-59fc62ff0fbe","hostName":"DESKTOP-F650GTN"},"objectType":"File","processID":"0x3bb4","@id":"http://example.org/logEntry#logEntry-f9999774-47e4-43c5-934d-caa3a7916987","accountName":"KKurniawan","keyword":["Audit Success"],"accountDomain":"DESKTOP-F650GTN","logonID":"0xe138a","accesses":"%%4417\n\t\t\t\t","logMessage":"An attempt was made to access an object.\n\nSubject:\n\tSecurity ID:\t\tS-1-5-21-132051286-1762614582-3209893546-1001\n\tAccount Name:\t\tKKurniawan\n\tAccount Domain:\t\tDESKTOP-F650GTN\n\tLogon ID:\t\t0xE138A\n\nObject:\n\tObject Server:\t\tSecurity\n\tObject Type:\t\tFile\n\tObject Name:\t\tC:\\Users\\KKurniawan\\Dropbox\\Secret\n\tHandle ID:\t\t0x4abc\n\tResource Attributes:\tS:AI\n\nProcess Information:\n\tProcess ID:\t\t0x3bb4\n\tProcess Name:\t\tC:\\Program Files (x86)\\Dropbox\\Client\\Dropbox.exe\n\nAccess Request Information:\n\tAccesses:\t\tWriteData (or AddFile)\n\t\t\t\t\n\tAccess Mask:\t\t0x2","version":1,"objectName":"C:\\Users\\KKurniawan\\Dropbox\\Secret"}
{"logName":"Security","source":"Microsoft-Windows-Security-Auditing","@context":"http://sepses.ifs.tuwien.ac.at/contexts/wineventlog.jsonld","computerName":"DESKTOP-F650GTN","objectServer":"Security","@type":"http://purl.org/sepses/vocab/log/wineventlog#WindowsEventLogEntry","upCode":"Info","resourceAttributes":"S:AI","accessMask":"0x80","hasLogType":"wineventlog","timestamp":"2019-05-29T13:17:17.304Z","processName":"C:\\Program Files (x86)\\Dropbox\\Client\\Dropbox.exe","handleID":"0x36fc","@timestamp":"2019-05-29T13:17:17.304Z","eventID":4663,"level":"Information","taskCategory":"File System","originatesFrom":{"@type":"rdf:nodeID","@id":"http://example.org/sepses#ea5f0c6e-e346-4ca0-adb1-ac61875617d7","hostName":"DESKTOP-F650GTN"},"objectType":"File","processID":"0x3bb4","@id":"http://example.org/logEntry#logEntry-3d8ee030-974f-4055-9d8e-89c3c7143085","accountName":"KKurniawan","keyword":["Audit Success"],"accountDomain":"DESKTOP-F650GTN","logonID":"0xe138a","accesses":"%%4423\n\t\t\t\t","logMessage":"An attempt was made to access an object.\n\nSubject:\n\tSecurity ID:\t\tS-1-5-21-132051286-1762614582-3209893546-1001\n\tAccount Name:\t\tKKurniawan\n\tAccount Domain:\t\tDESKTOP-F650GTN\n\tLogon ID:\t\t0xE138A\n\nObject:\n\tObject Server:\t\tSecurity\n\tObject Type:\t\tFile\n\tObject Name:\t\tC:\\Users\\KKurniawan\\Dropbox\\Secret\\secretFileB2.rtf\n\tHandle ID:\t\t0x36fc\n\tResource Attributes:\tS:AI\n\nProcess Information:\n\tProcess ID:\t\t0x3bb4\n\tProcess Name:\t\tC:\\Program Files (x86)\\Dropbox\\Client\\Dropbox.exe\n\nAccess Request Information:\n\tAccesses:\t\tReadAttributes\n\t\t\t\t\n\tAccess Mask:\t\t0x80","version":1,"objectName":"C:\\Users\\KKurniawan\\Dropbox\\Secret\\secretFileB2.rtf"}
{"logName":"Security","source":"Microsoft-Windows-Security-Auditing","@context":"http://sepses.ifs.tuwien.ac.at/contexts/wineventlog.jsonld","computerName":"DESKTOP-F650GTN","objectServer":"Security","@type":"http://purl.org/sepses/vocab/log/wineventlog#WindowsEventLogEntry","upCode":"Info","resourceAttributes":"S:AI","accessMask":"0x80","hasLogType":"wineventlog","timestamp":"2019-05-29T13:17:16.819Z","processName":"C:\\Program Files (x86)\\Dropbox\\Client\\Dropbox.exe","handleID":"0x35bc","@timestamp":"2019-05-29T13:17:16.819Z","eventID":4663,"level":"Information","taskCategory":"File System","originatesFrom":{"@type":"rdf:nodeID","@id":"http://example.org/sepses#e2611e8d-0e94-4af0-94f1-1507d4e44496","hostName":"DESKTOP-F650GTN"},"objectType":"File","processID":"0x3bb4","@id":"http://example.org/logEntry#logEntry-0d830588-ebe4-4adb-b311-e72569e6c6c3","accountName":"KKurniawan","keyword":["Audit Success"],"accountDomain":"DESKTOP-F650GTN","logonID":"0xe138a","accesses":"%%4423\n\t\t\t\t","logMessage":"An attempt was made to access an object.\n\nSubject:\n\tSecurity ID:\t\tS-1-5-21-132051286-1762614582-3209893546-1001\n\tAccount Name:\t\tKKurniawan\n\tAccount Domain:\t\tDESKTOP-F650GTN\n\tLogon ID:\t\t0xE138A\n\nObject:\n\tObject Server:\t\tSecurity\n\tObject Type:\t\tFile\n\tObject Name:\t\tC:\\Users\\KKurniawan\\Dropbox\n\tHandle ID:\t\t0x35bc\n\tResource Attributes:\tS:AI\n\nProcess Information:\n\tProcess ID:\t\t0x3bb4\n\tProcess Name:\t\tC:\\Program Files (x86)\\Dropbox\\Client\\Dropbox.exe\n\nAccess Request Information:\n\tAccesses:\t\tReadAttributes\n\t\t\t\t\n\tAccess Mask:\t\t0x80","version":1,"objectName":"C:\\Users\\KKurniawan\\Dropbox"}
{"logName":"Security","source":"Microsoft-Windows-Security-Auditing","@context":"http://sepses.ifs.tuwien.ac.at/contexts/wineventlog.jsonld","computerName":"DESKTOP-F650GTN","objectServer":"Security","@type":"http://purl.org/sepses/vocab/log/wineventlog#WindowsEventLogEntry","upCode":"Info","resourceAttributes":"S:AI","accessMask":"0x80","hasLogType":"wineventlog","timestamp":"2019-05-29T13:17:16.823Z","processName":"C:\\Program Files (x86)\\Dropbox\\Client\\Dropbox.exe","handleID":"0x32ec","@timestamp":"2019-05-29T13:17:16.823Z","eventID":4663,"level":"Information","taskCategory":"File System","originatesFrom":{"@type":"rdf:nodeID","@id":"http://example.org/sepses#4d21ad09-81c8-4674-a400-0c917ef70880","hostName":"DESKTOP-F650GTN"},"objectType":"File","processID":"0x3bb4","@id":"http://example.org/logEntry#logEntry-a4c14c82-351d-443e-bfbd-d72752f2316a","accountName":"KKurniawan","keyword":["Audit Success"],"accountDomain":"DESKTOP-F650GTN","logonID":"0xe138a","accesses":"%%4423\n\t\t\t\t","logMessage":"An attempt was made to access an object.\n\nSubject:\n\tSecurity ID:\t\tS-1-5-21-132051286-1762614582-3209893546-1001\n\tAccount Name:\t\tKKurniawan\n\tAccount Domain:\t\tDESKTOP-F650GTN\n\tLogon ID:\t\t0xE138A\n\nObject:\n\tObject Server:\t\tSecurity\n\tObject Type:\t\tFile\n\tObject Name:\t\tC:\\Users\\KKurniawan\\Dropbox\\.dropbox.cache\\new_files\n\tHandle ID:\t\t0x32ec\n\tResource Attributes:\tS:AI\n\nProcess Information:\n\tProcess ID:\t\t0x3bb4\n\tProcess Name:\t\tC:\\Program Files (x86)\\Dropbox\\Client\\Dropbox.exe\n\nAccess Request Information:\n\tAccesses:\t\tReadAttributes\n\t\t\t\t\n\tAccess Mask:\t\t0x80","version":1,"objectName":"C:\\Users\\KKurniawan\\Dropbox\\.dropbox.cache\\new_files"}
{"logName":"Security","source":"Microsoft-Windows-Security-Auditing","@context":"http://sepses.ifs.tuwien.ac.at/contexts/wineventlog.jsonld","computerName":"DESKTOP-F650GTN","objectServer":"Security","@type":"http://purl.org/sepses/vocab/log/wineventlog#WindowsEventLogEntry","upCode":"Info","resourceAttributes":"S:AI","accessMask":"0x2","hasLogType":"wineventlog","timestamp":"2019-05-29T13:17:17.266Z","processName":"C:\\Program Files (x86)\\Dropbox\\Client\\Dropbox.exe","handleID":"0x3978","@timestamp":"2019-05-29T13:17:17.266Z","eventID":4663,"level":"Information","taskCategory":"File System","originatesFrom":{"@type":"rdf:nodeID","@id":"http://example.org/sepses#d77db8aa-339d-405e-b584-5e8ba12dcf94","hostName":"DESKTOP-F650GTN"},"objectType":"File","processID":"0x3bb4","@id":"http://example.org/logEntry#logEntry-96253a69-bdc5-45ad-94c7-2d931e861d59","accountName":"KKurniawan","keyword":["Audit Success"],"accountDomain":"DESKTOP-F650GTN","logonID":"0xe138a","accesses":"%%4417\n\t\t\t\t","logMessage":"An attempt was made to access an object.\n\nSubject:\n\tSecurity ID:\t\tS-1-5-21-132051286-1762614582-3209893546-1001\n\tAccount Name:\t\tKKurniawan\n\tAccount Domain:\t\tDESKTOP-F650GTN\n\tLogon ID:\t\t0xE138A\n\nObject:\n\tObject Server:\t\tSecurity\n\tObject Type:\t\tFile\n\tObject Name:\t\tC:\\Users\\KKurniawan\\Dropbox\\.dropbox.cache\\new_files\\ec5e92b1763319a432b5127f963770c2:com.dropbox.internal\n\tHandle ID:\t\t0x3978\n\tResource Attributes:\tS:AI\n\nProcess Information:\n\tProcess ID:\t\t0x3bb4\n\tProcess Name:\t\tC:\\Program Files (x86)\\Dropbox\\Client\\Dropbox.exe\n\nAccess Request Information:\n\tAccesses:\t\tWriteData (or AddFile)\n\t\t\t\t\n\tAccess Mask:\t\t0x2","version":1,"objectName":"C:\\Users\\KKurniawan\\Dropbox\\.dropbox.cache\\new_files\\ec5e92b1763319a432b5127f963770c2:com.dropbox.internal"}
{"logName":"Security","source":"Microsoft-Windows-Security-Auditing","@context":"http://sepses.ifs.tuwien.ac.at/contexts/wineventlog.jsonld","computerName":"DESKTOP-F650GTN","objectServer":"Security","@type":"http://purl.org/sepses/vocab/log/wineventlog#WindowsEventLogEntry","upCode":"Info","resourceAttributes":"S:AI","accessMask":"0x10000","hasLogType":"wineventlog","timestamp":"2019-05-29T13:17:17.266Z","processName":"C:\\Program Files (x86)\\Dropbox\\Client\\Dropbox.exe","handleID":"0x3978","@timestamp":"2019-05-29T13:17:17.266Z","eventID":4663,"level":"Information","taskCategory":"File System","originatesFrom":{"@type":"rdf:nodeID","@id":"http://example.org/sepses#e1ea4452-a962-469a-a4a6-d8715471fa04","hostName":"DESKTOP-F650GTN"},"objectType":"File","processID":"0x3bb4","@id":"http://example.org/logEntry#logEntry-540dfe20-49ac-41a5-a888-5f4580dbaf53","accountName":"KKurniawan","keyword":["Audit Success"],"accountDomain":"DESKTOP-F650GTN","logonID":"0xe138a","accesses":"%%1537\n\t\t\t\t","logMessage":"An attempt was made to access an object.\n\nSubject:\n\tSecurity ID:\t\tS-1-5-21-132051286-1762614582-3209893546-1001\n\tAccount Name:\t\tKKurniawan\n\tAccount Domain:\t\tDESKTOP-F650GTN\n\tLogon ID:\t\t0xE138A\n\nObject:\n\tObject Server:\t\tSecurity\n\tObject Type:\t\tFile\n\tObject Name:\t\tC:\\Users\\KKurniawan\\Dropbox\\.dropbox.cache\\new_files\\ec5e92b1763319a432b5127f963770c2:com.dropbox.internal\n\tHandle ID:\t\t0x3978\n\tResource Attributes:\tS:AI\n\nProcess Information:\n\tProcess ID:\t\t0x3bb4\n\tProcess Name:\t\tC:\\Program Files (x86)\\Dropbox\\Client\\Dropbox.exe\n\nAccess Request Information:\n\tAccesses:\t\tDELETE\n\t\t\t\t\n\tAccess Mask:\t\t0x10000","version":1,"objectName":"C:\\Users\\KKurniawan\\Dropbox\\.dropbox.cache\\new_files\\ec5e92b1763319a432b5127f963770c2:com.dropbox.internal"}
{"logName":"Security","source":"Microsoft-Windows-Security-Auditing","@type":"http://purl.org/sepses/vocab/log/wineventlog#WindowsEventLogEntry","computerName":"DESKTOP-F650GTN","objectServer":"Security","upCode":"Info","hasLogType":"wineventlog","timestamp":"2019-05-29T13:17:17.267Z","processName":"C:\\Program Files (x86)\\Dropbox\\Client\\Dropbox.exe","handleID":"0x3978","@timestamp":"2019-05-29T13:17:17.267Z","eventID":4660,"level":"Information","taskCategory":"File System","originatesFrom":{"@type":"rdf:nodeID","@id":"http://example.org/sepses#cab759b4-b46b-4f86-a1b2-0fde7b34475b","hostName":"DESKTOP-F650GTN"},"processID":"0x3bb4","@id":"http://example.org/logEntry#logEntry-d5ff50fb-af93-438d-b338-d1bc6d522b42","accountName":"KKurniawan","keyword":["Audit Success"],"accountDomain":"DESKTOP-F650GTN","logonID":"0xe138a","logMessage":"An object was deleted.\n\nSubject:\n\tSecurity ID:\t\tS-1-5-21-132051286-1762614582-3209893546-1001\n\tAccount Name:\t\tKKurniawan\n\tAccount Domain:\t\tDESKTOP-F650GTN\n\tLogon ID:\t\t0xE138A\n\nObject:\n\tObject Server:\tSecurity\n\tHandle ID:\t0x3978\n\nProcess Information:\n\tProcess ID:\t0x3bb4\n\tProcess Name:\tC:\\Program Files (x86)\\Dropbox\\Client\\Dropbox.exe\n\tTransaction ID:\t{00000000-0000-0000-0000-000000000000}","@context":"http://sepses.ifs.tuwien.ac.at/contexts/wineventlog.jsonld"}
{"logName":"Security","source":"Microsoft-Windows-Security-Auditing","@context":"http://sepses.ifs.tuwien.ac.at/contexts/wineventlog.jsonld","computerName":"DESKTOP-F650GTN","objectServer":"Security","@type":"http://purl.org/sepses/vocab/log/wineventlog#WindowsEventLogEntry","upCode":"Info","resourceAttributes":"S:AI","accessMask":"0x2","hasLogType":"wineventlog","timestamp":"2019-05-29T13:17:17.268Z","processName":"C:\\Program Files (x86)\\Dropbox\\Client\\Dropbox.exe","handleID":"0x3254","@timestamp":"2019-05-29T13:17:17.268Z","eventID":4663,"level":"Information","taskCategory":"File System","originatesFrom":{"@type":"rdf:nodeID","@id":"http://example.org/sepses#3038526b-510a-4f2a-83ad-f0bd54c93f45","hostName":"DESKTOP-F650GTN"},"objectType":"File","processID":"0x3bb4","@id":"http://example.org/logEntry#logEntry-871d4733-529b-47c6-b91e-b00f4766a31a","accountName":"KKurniawan","keyword":["Audit Success"],"accountDomain":"DESKTOP-F650GTN","logonID":"0xe138a","accesses":"%%4417\n\t\t\t\t","logMessage":"An attempt was made to access an object.\n\nSubject:\n\tSecurity ID:\t\tS-1-5-21-132051286-1762614582-3209893546-1001\n\tAccount Name:\t\tKKurniawan\n\tAccount Domain:\t\tDESKTOP-F650GTN\n\tLogon ID:\t\t0xE138A\n\nObject:\n\tObject Server:\t\tSecurity\n\tObject Type:\t\tFile\n\tObject Name:\t\tC:\\Users\\KKurniawan\\Dropbox\\.dropbox.cache\\new_files\\ec5e92b1763319a432b5127f963770c2:com.dropbox.attrs\n\tHandle ID:\t\t0x3254\n\tResource Attributes:\tS:AI\n\nProcess Information:\n\tProcess ID:\t\t0x3bb4\n\tProcess Name:\t\tC:\\Program Files (x86)\\Dropbox\\Client\\Dropbox.exe\n\nAccess Request Information:\n\tAccesses:\t\tWriteData (or AddFile)\n\t\t\t\t\n\tAccess Mask:\t\t0x2","version":1,"objectName":"C:\\Users\\KKurniawan\\Dropbox\\.dropbox.cache\\new_files\\ec5e92b1763319a432b5127f963770c2:com.dropbox.attrs"}
{"logName":"Security","source":"Microsoft-Windows-Security-Auditing","@context":"http://sepses.ifs.tuwien.ac.at/contexts/wineventlog.jsonld","computerName":"DESKTOP-F650GTN","objectServer":"Security","@type":"http://purl.org/sepses/vocab/log/wineventlog#WindowsEventLogEntry","upCode":"Info","resourceAttributes":"S:AI","accessMask":"0x80","hasLogType":"wineventlog","timestamp":"2019-05-29T13:17:17.272Z","processName":"C:\\Program Files (x86)\\Dropbox\\Client\\Dropbox.exe","handleID":"0x3978","@timestamp":"2019-05-29T13:17:17.272Z","eventID":4663,"level":"Information","taskCategory":"File System","originatesFrom":{"@type":"rdf:nodeID","@id":"http://example.org/sepses#8f95ac33-4737-4950-bd82-cf24b0994efb","hostName":"DESKTOP-F650GTN"},"objectType":"File","processID":"0x3bb4","@id":"http://example.org/logEntry#logEntry-4535f7e0-4004-42c8-aa0b-3d02fb488cf0","accountName":"KKurniawan","keyword":["Audit Success"],"accountDomain":"DESKTOP-F650GTN","logonID":"0xe138a","accesses":"%%4423\n\t\t\t\t","logMessage":"An attempt was made to access an object.\n\nSubject:\n\tSecurity ID:\t\tS-1-5-21-132051286-1762614582-3209893546-1001\n\tAccount Name:\t\tKKurniawan\n\tAccount Domain:\t\tDESKTOP-F650GTN\n\tLogon ID:\t\t0xE138A\n\nObject:\n\tObject Server:\t\tSecurity\n\tObject Type:\t\tFile\n\tObject Name:\t\tC:\\Users\\KKurniawan\\Dropbox\\.dropbox.cache\\new_files\\ec5e92b1763319a432b5127f963770c2\n\tHandle ID:\t\t0x3978\n\tResource Attributes:\tS:AI\n\nProcess Information:\n\tProcess ID:\t\t0x3bb4\n\tProcess Name:\t\tC:\\Program Files (x86)\\Dropbox\\Client\\Dropbox.exe\n\nAccess Request Information:\n\tAccesses:\t\tReadAttributes\n\t\t\t\t\n\tAccess Mask:\t\t0x80","version":1,"objectName":"C:\\Users\\KKurniawan\\Dropbox\\.dropbox.cache\\new_files\\ec5e92b1763319a432b5127f963770c2"}
{"logName":"Security","source":"Microsoft-Windows-Security-Auditing","@context":"http://sepses.ifs.tuwien.ac.at/contexts/wineventlog.jsonld","computerName":"DESKTOP-F650GTN","objectServer":"Security","@type":"http://purl.org/sepses/vocab/log/wineventlog#WindowsEventLogEntry","upCode":"Info","resourceAttributes":"S:AI","accessMask":"0x80","hasLogType":"wineventlog","timestamp":"2019-05-29T13:17:17.272Z","processName":"C:\\Program Files (x86)\\Dropbox\\Client\\Dropbox.exe","handleID":"0x3978","@timestamp":"2019-05-29T13:17:17.272Z","eventID":4663,"level":"Information","taskCategory":"File System","originatesFrom":{"@type":"rdf:nodeID","@id":"http://example.org/sepses#698ee2f9-3e6a-4a40-b7f3-eb78879c8de6","hostName":"DESKTOP-F650GTN"},"objectType":"File","processID":"0x3bb4","@id":"http://example.org/logEntry#logEntry-ecd2f9fe-9068-40ba-bb88-fd0c6b6fb528","accountName":"KKurniawan","keyword":["Audit Success"],"accountDomain":"DESKTOP-F650GTN","logonID":"0xe138a","accesses":"%%4423\n\t\t\t\t","logMessage":"An attempt was made to access an object.\n\nSubject:\n\tSecurity ID:\t\tS-1-5-21-132051286-1762614582-3209893546-1001\n\tAccount Name:\t\tKKurniawan\n\tAccount Domain:\t\tDESKTOP-F650GTN\n\tLogon ID:\t\t0xE138A\n\nObject:\n\tObject Server:\t\tSecurity\n\tObject Type:\t\tFile\n\tObject Name:\t\tC:\\Users\\KKurniawan\\Dropbox\\.dropbox.cache\\new_files\\ec5e92b1763319a432b5127f963770c2\n\tHandle ID:\t\t0x3978\n\tResource Attributes:\tS:AI\n\nProcess Information:\n\tProcess ID:\t\t0x3bb4\n\tProcess Name:\t\tC:\\Program Files (x86)\\Dropbox\\Client\\Dropbox.exe\n\nAccess Request Information:\n\tAccesses:\t\tReadAttributes\n\t\t\t\t\n\tAccess Mask:\t\t0x80","version":1,"objectName":"C:\\Users\\KKurniawan\\Dropbox\\.dropbox.cache\\new_files\\ec5e92b1763319a432b5127f963770c2"}
{"logName":"Security","source":"Microsoft-Windows-Security-Auditing","@context":"http://sepses.ifs.tuwien.ac.at/contexts/wineventlog.jsonld","computerName":"DESKTOP-F650GTN","objectServer":"Security","@type":"http://purl.org/sepses/vocab/log/wineventlog#WindowsEventLogEntry","upCode":"Info","resourceAttributes":"S:AI","accessMask":"0x80","hasLogType":"wineventlog","timestamp":"2019-05-29T13:17:17.273Z","processName":"C:\\Program Files (x86)\\Dropbox\\Client\\Dropbox.exe","handleID":"0x3254","@timestamp":"2019-05-29T13:17:17.273Z","eventID":4663,"level":"Information","taskCategory":"File System","originatesFrom":{"@type":"rdf:nodeID","@id":"http://example.org/sepses#a22c3fbf-9460-4d05-88e8-49ece4d174ff","hostName":"DESKTOP-F650GTN"},"objectType":"File","processID":"0x3bb4","@id":"http://example.org/logEntry#logEntry-9acc6df2-53ec-402b-83ce-85c734446784","accountName":"KKurniawan","keyword":["Audit Success"],"accountDomain":"DESKTOP-F650GTN","logonID":"0xe138a","accesses":"%%4423\n\t\t\t\t","logMessage":"An attempt was made to access an object.\n\nSubject:\n\tSecurity ID:\t\tS-1-5-21-132051286-1762614582-3209893546-1001\n\tAccount Name:\t\tKKurniawan\n\tAccount Domain:\t\tDESKTOP-F650GTN\n\tLogon ID:\t\t0xE138A\n\nObject:\n\tObject Server:\t\tSecurity\n\tObject Type:\t\tFile\n\tObject Name:\t\tC:\\Users\\KKurniawan\\Dropbox\n\tHandle ID:\t\t0x3254\n\tResource Attributes:\tS:AI\n\nProcess Information:\n\tProcess ID:\t\t0x3bb4\n\tProcess Name:\t\tC:\\Program Files (x86)\\Dropbox\\Client\\Dropbox.exe\n\nAccess Request Information:\n\tAccesses:\t\tReadAttributes\n\t\t\t\t\n\tAccess Mask:\t\t0x80","version":1,"objectName":"C:\\Users\\KKurniawan\\Dropbox"}
{"logName":"Security","source":"Microsoft-Windows-Security-Auditing","@context":"http://sepses.ifs.tuwien.ac.at/contexts/wineventlog.jsonld","computerName":"DESKTOP-F650GTN","objectServer":"Security","@type":"http://purl.org/sepses/vocab/log/wineventlog#WindowsEventLogEntry","upCode":"Info","resourceAttributes":"S:AI","accessMask":"0x80","hasLogType":"wineventlog","timestamp":"2019-05-29T13:17:17.273Z","processName":"C:\\Program Files (x86)\\Dropbox\\Client\\Dropbox.exe","handleID":"0x3978","@timestamp":"2019-05-29T13:17:17.273Z","eventID":4663,"level":"Information","taskCategory":"File System","originatesFrom":{"@type":"rdf:nodeID","@id":"http://example.org/sepses#b04b87e8-b802-4680-b3c4-ab2d46e12ff6","hostName":"DESKTOP-F650GTN"},"objectType":"File","processID":"0x3bb4","@id":"http://example.org/logEntry#logEntry-fca5f4d9-1290-40ec-bca1-a9551519f3a6","accountName":"KKurniawan","keyword":["Audit Success"],"accountDomain":"DESKTOP-F650GTN","logonID":"0xe138a","accesses":"%%4423\n\t\t\t\t","logMessage":"An attempt was made to access an object.\n\nSubject:\n\tSecurity ID:\t\tS-1-5-21-132051286-1762614582-3209893546-1001\n\tAccount Name:\t\tKKurniawan\n\tAccount Domain:\t\tDESKTOP-F650GTN\n\tLogon ID:\t\t0xE138A\n\nObject:\n\tObject Server:\t\tSecurity\n\tObject Type:\t\tFile\n\tObject Name:\t\tC:\\Users\\KKurniawan\\Dropbox\\Secret\n\tHandle ID:\t\t0x3978\n\tResource Attributes:\tS:AI\n\nProcess Information:\n\tProcess ID:\t\t0x3bb4\n\tProcess Name:\t\tC:\\Program Files (x86)\\Dropbox\\Client\\Dropbox.exe\n\nAccess Request Information:\n\tAccesses:\t\tReadAttributes\n\t\t\t\t\n\tAccess Mask:\t\t0x80","version":1,"objectName":"C:\\Users\\KKurniawan\\Dropbox\\Secret"}
{"logName":"Security","source":"Microsoft-Windows-Security-Auditing","@context":"http://sepses.ifs.tuwien.ac.at/contexts/wineventlog.jsonld","computerName":"DESKTOP-F650GTN","objectServer":"Security","@type":"http://purl.org/sepses/vocab/log/wineventlog#WindowsEventLogEntry","upCode":"Info","resourceAttributes":"S:AI","accessMask":"0x80","hasLogType":"wineventlog","timestamp":"2019-05-29T13:17:17.280Z","processName":"C:\\Program Files (x86)\\Dropbox\\Client\\Dropbox.exe","handleID":"0x3254","@timestamp":"2019-05-29T13:17:17.280Z","eventID":4663,"level":"Information","taskCategory":"File System","originatesFrom":{"@type":"rdf:nodeID","@id":"http://example.org/sepses#1fe440e8-5e56-49fd-80c7-b61547a2c7ad","hostName":"DESKTOP-F650GTN"},"objectType":"File","processID":"0x3bb4","@id":"http://example.org/logEntry#logEntry-a4812d44-7f25-4ba4-b7dd-3ed84eb179f3","accountName":"KKurniawan","keyword":["Audit Success"],"accountDomain":"DESKTOP-F650GTN","logonID":"0xe138a","accesses":"%%4423\n\t\t\t\t","logMessage":"An attempt was made to access an object.\n\nSubject:\n\tSecurity ID:\t\tS-1-5-21-132051286-1762614582-3209893546-1001\n\tAccount Name:\t\tKKurniawan\n\tAccount Domain:\t\tDESKTOP-F650GTN\n\tLogon ID:\t\t0xE138A\n\nObject:\n\tObject Server:\t\tSecurity\n\tObject Type:\t\tFile\n\tObject Name:\t\tC:\\Users\\KKurniawan\\Dropbox\\.dropbox.cache\\new_files\n\tHandle ID:\t\t0x3254\n\tResource Attributes:\tS:AI\n\nProcess Information:\n\tProcess ID:\t\t0x3bb4\n\tProcess Name:\t\tC:\\Program Files (x86)\\Dropbox\\Client\\Dropbox.exe\n\nAccess Request Information:\n\tAccesses:\t\tReadAttributes\n\t\t\t\t\n\tAccess Mask:\t\t0x80","version":1,"objectName":"C:\\Users\\KKurniawan\\Dropbox\\.dropbox.cache\\new_files"}
{"logName":"Security","source":"Microsoft-Windows-Security-Auditing","@context":"http://sepses.ifs.tuwien.ac.at/contexts/wineventlog.jsonld","computerName":"DESKTOP-F650GTN","objectServer":"Security","@type":"http://purl.org/sepses/vocab/log/wineventlog#WindowsEventLogEntry","upCode":"Info","resourceAttributes":"S:AI","accessMask":"0x80","hasLogType":"wineventlog","timestamp":"2019-05-29T13:17:17.284Z","processName":"C:\\Program Files (x86)\\Dropbox\\Client\\Dropbox.exe","handleID":"0x36fc","@timestamp":"2019-05-29T13:17:17.284Z","eventID":4663,"level":"Information","taskCategory":"File System","originatesFrom":{"@type":"rdf:nodeID","@id":"http://example.org/sepses#a3ab857a-f760-4519-8429-82c65bd90959","hostName":"DESKTOP-F650GTN"},"objectType":"File","processID":"0x3bb4","@id":"http://example.org/logEntry#logEntry-c76dc077-2ded-4fa7-a698-d040e1d6a9b0","accountName":"KKurniawan","keyword":["Audit Success"],"accountDomain":"DESKTOP-F650GTN","logonID":"0xe138a","accesses":"%%4423\n\t\t\t\t","logMessage":"An attempt was made to access an object.\n\nSubject:\n\tSecurity ID:\t\tS-1-5-21-132051286-1762614582-3209893546-1001\n\tAccount Name:\t\tKKurniawan\n\tAccount Domain:\t\tDESKTOP-F650GTN\n\tLogon ID:\t\t0xE138A\n\nObject:\n\tObject Server:\t\tSecurity\n\tObject Type:\t\tFile\n\tObject Name:\t\tC:\\Users\\KKurniawan\\Dropbox\\.dropbox.cache\\new_files\\ec5e92b1763319a432b5127f963770c2\n\tHandle ID:\t\t0x36fc\n\tResource Attributes:\tS:AI\n\nProcess Information:\n\tProcess ID:\t\t0x3bb4\n\tProcess Name:\t\tC:\\Program Files (x86)\\Dropbox\\Client\\Dropbox.exe\n\nAccess Request Information:\n\tAccesses:\t\tReadAttributes\n\t\t\t\t\n\tAccess Mask:\t\t0x80","version":1,"objectName":"C:\\Users\\KKurniawan\\Dropbox\\.dropbox.cache\\new_files\\ec5e92b1763319a432b5127f963770c2"}
{"logName":"Security","source":"Microsoft-Windows-Security-Auditing","@context":"http://sepses.ifs.tuwien.ac.at/contexts/wineventlog.jsonld","computerName":"DESKTOP-F650GTN","objectServer":"Security","@type":"http://purl.org/sepses/vocab/log/wineventlog#WindowsEventLogEntry","upCode":"Info","resourceAttributes":"S:AI","accessMask":"0x80","hasLogType":"wineventlog","timestamp":"2019-05-29T13:17:19.451Z","processName":"C:\\Program Files (x86)\\Dropbox\\Client\\Dropbox.exe","handleID":"0x3094","@timestamp":"2019-05-29T13:17:19.451Z","eventID":4663,"level":"Information","taskCategory":"File System","originatesFrom":{"@type":"rdf:nodeID","@id":"http://example.org/sepses#b2d2f184-8512-4a0d-a3c5-dc0f947e0e0b","hostName":"DESKTOP-F650GTN"},"objectType":"File","processID":"0x3bb4","@id":"http://example.org/logEntry#logEntry-c951faff-63ac-4fb8-9eec-ddb9bafc3eb1","accountName":"KKurniawan","keyword":["Audit Success"],"accountDomain":"DESKTOP-F650GTN","logonID":"0xe138a","accesses":"%%4423\n\t\t\t\t","logMessage":"An attempt was made to access an object.\n\nSubject:\n\tSecurity ID:\t\tS-1-5-21-132051286-1762614582-3209893546-1001\n\tAccount Name:\t\tKKurniawan\n\tAccount Domain:\t\tDESKTOP-F650GTN\n\tLogon ID:\t\t0xE138A\n\nObject:\n\tObject Server:\t\tSecurity\n\tObject Type:\t\tFile\n\tObject Name:\t\tC:\\Users\\KKurniawan\\Dropbox\n\tHandle ID:\t\t0x3094\n\tResource Attributes:\tS:AI\n\nProcess Information:\n\tProcess ID:\t\t0x3bb4\n\tProcess Name:\t\tC:\\Program Files (x86)\\Dropbox\\Client\\Dropbox.exe\n\nAccess Request Information:\n\tAccesses:\t\tReadAttributes\n\t\t\t\t\n\tAccess Mask:\t\t0x80","version":1,"objectName":"C:\\Users\\KKurniawan\\Dropbox"}
{"logName":"Security","source":"Microsoft-Windows-Security-Auditing","@context":"http://sepses.ifs.tuwien.ac.at/contexts/wineventlog.jsonld","computerName":"DESKTOP-F650GTN","objectServer":"Security","@type":"http://purl.org/sepses/vocab/log/wineventlog#WindowsEventLogEntry","upCode":"Info","resourceAttributes":"S:AI","accessMask":"0x2","hasLogType":"wineventlog","timestamp":"2019-05-29T13:17:19.891Z","processName":"C:\\Program Files (x86)\\Dropbox\\Client\\Dropbox.exe","handleID":"0x3a94","@timestamp":"2019-05-29T13:17:19.891Z","eventID":4663,"level":"Information","taskCategory":"File System","originatesFrom":{"@type":"rdf:nodeID","@id":"http://example.org/sepses#89c00756-d5f4-4b52-9549-78c94a3ac0c7","hostName":"DESKTOP-F650GTN"},"objectType":"File","processID":"0x3bb4","@id":"http://example.org/logEntry#logEntry-0e4ef135-13e4-4785-8837-b9c94c291ad8","accountName":"KKurniawan","keyword":["Audit Success"],"accountDomain":"DESKTOP-F650GTN","logonID":"0xe138a","accesses":"%%4417\n\t\t\t\t","logMessage":"An attempt was made to access an object.\n\nSubject:\n\tSecurity ID:\t\tS-1-5-21-132051286-1762614582-3209893546-1001\n\tAccount Name:\t\tKKurniawan\n\tAccount Domain:\t\tDESKTOP-F650GTN\n\tLogon ID:\t\t0xE138A\n\nObject:\n\tObject Server:\t\tSecurity\n\tObject Type:\t\tFile\n\tObject Name:\t\tC:\\Users\\KKurniawan\\Dropbox\\.dropbox.cache\\new_files\\e8658a47292fdea2fd67ff479758852f:com.dropbox.internal\n\tHandle ID:\t\t0x3a94\n\tResource Attributes:\tS:AI\n\nProcess Information:\n\tProcess ID:\t\t0x3bb4\n\tProcess Name:\t\tC:\\Program Files (x86)\\Dropbox\\Client\\Dropbox.exe\n\nAccess Request Information:\n\tAccesses:\t\tWriteData (or AddFile)\n\t\t\t\t\n\tAccess Mask:\t\t0x2","version":1,"objectName":"C:\\Users\\KKurniawan\\Dropbox\\.dropbox.cache\\new_files\\e8658a47292fdea2fd67ff479758852f:com.dropbox.internal"}
{"logName":"Security","source":"Microsoft-Windows-Security-Auditing","@context":"http://sepses.ifs.tuwien.ac.at/contexts/wineventlog.jsonld","computerName":"DESKTOP-F650GTN","objectServer":"Security","@type":"http://purl.org/sepses/vocab/log/wineventlog#WindowsEventLogEntry","upCode":"Info","resourceAttributes":"S:AI","accessMask":"0x80","hasLogType":"wineventlog","timestamp":"2019-05-29T13:17:19.459Z","processName":"C:\\Program Files (x86)\\Dropbox\\Client\\Dropbox.exe","handleID":"0x3b10","@timestamp":"2019-05-29T13:17:19.459Z","eventID":4663,"level":"Information","taskCategory":"File System","originatesFrom":{"@type":"rdf:nodeID","@id":"http://example.org/sepses#f4167dcd-e7cf-42b6-9cab-481768c735ab","hostName":"DESKTOP-F650GTN"},"objectType":"File","processID":"0x3bb4","@id":"http://example.org/logEntry#logEntry-016ed352-408a-4d4d-9832-e7c9d196cbf0","accountName":"KKurniawan","keyword":["Audit Success"],"accountDomain":"DESKTOP-F650GTN","logonID":"0xe138a","accesses":"%%4423\n\t\t\t\t","logMessage":"An attempt was made to access an object.\n\nSubject:\n\tSecurity ID:\t\tS-1-5-21-132051286-1762614582-3209893546-1001\n\tAccount Name:\t\tKKurniawan\n\tAccount Domain:\t\tDESKTOP-F650GTN\n\tLogon ID:\t\t0xE138A\n\nObject:\n\tObject Server:\t\tSecurity\n\tObject Type:\t\tFile\n\tObject Name:\t\tC:\\Users\\KKurniawan\\Dropbox\\.dropbox.cache\\new_files\\e8658a47292fdea2fd67ff479758852f\n\tHandle ID:\t\t0x3b10\n\tResource Attributes:\tS:AI\n\nProcess Information:\n\tProcess ID:\t\t0x3bb4\n\tProcess Name:\t\tC:\\Program Files (x86)\\Dropbox\\Client\\Dropbox.exe\n\nAccess Request Information:\n\tAccesses:\t\tReadAttributes\n\t\t\t\t\n\tAccess Mask:\t\t0x80","version":1,"objectName":"C:\\Users\\KKurniawan\\Dropbox\\.dropbox.cache\\new_files\\e8658a47292fdea2fd67ff479758852f"}
{"logName":"Security","source":"Microsoft-Windows-Security-Auditing","@context":"http://sepses.ifs.tuwien.ac.at/contexts/wineventlog.jsonld","computerName":"DESKTOP-F650GTN","objectServer":"Security","@type":"http://purl.org/sepses/vocab/log/wineventlog#WindowsEventLogEntry","upCode":"Info","resourceAttributes":"S:AI","accessMask":"0x2","hasLogType":"wineventlog","timestamp":"2019-05-29T13:17:19.893Z","processName":"C:\\Program Files (x86)\\Dropbox\\Client\\Dropbox.exe","handleID":"0x3378","@timestamp":"2019-05-29T13:17:19.893Z","eventID":4663,"level":"Information","taskCategory":"File System","originatesFrom":{"@type":"rdf:nodeID","@id":"http://example.org/sepses#f4c9ce56-8073-4765-bd5e-ebe86b79952e","hostName":"DESKTOP-F650GTN"},"objectType":"File","processID":"0x3bb4","@id":"http://example.org/logEntry#logEntry-5fe986f1-c930-4bf7-96da-21b21d7ae3d4","accountName":"KKurniawan","keyword":["Audit Success"],"accountDomain":"DESKTOP-F650GTN","logonID":"0xe138a","accesses":"%%4417\n\t\t\t\t","logMessage":"An attempt was made to access an object.\n\nSubject:\n\tSecurity ID:\t\tS-1-5-21-132051286-1762614582-3209893546-1001\n\tAccount Name:\t\tKKurniawan\n\tAccount Domain:\t\tDESKTOP-F650GTN\n\tLogon ID:\t\t0xE138A\n\nObject:\n\tObject Server:\t\tSecurity\n\tObject Type:\t\tFile\n\tObject Name:\t\tC:\\Users\\KKurniawan\\Dropbox\\.dropbox.cache\\new_files\\e8658a47292fdea2fd67ff479758852f:com.dropbox.attrs\n\tHandle ID:\t\t0x3378\n\tResource Attributes:\tS:AI\n\nProcess Information:\n\tProcess ID:\t\t0x3bb4\n\tProcess Name:\t\tC:\\Program Files (x86)\\Dropbox\\Client\\Dropbox.exe\n\nAccess Request Information:\n\tAccesses:\t\tWriteData (or AddFile)\n\t\t\t\t\n\tAccess Mask:\t\t0x2","version":1,"objectName":"C:\\Users\\KKurniawan\\Dropbox\\.dropbox.cache\\new_files\\e8658a47292fdea2fd67ff479758852f:com.dropbox.attrs"}
{"logName":"Security","source":"Microsoft-Windows-Security-Auditing","@context":"http://sepses.ifs.tuwien.ac.at/contexts/wineventlog.jsonld","computerName":"DESKTOP-F650GTN","objectServer":"Security","@type":"http://purl.org/sepses/vocab/log/wineventlog#WindowsEventLogEntry","upCode":"Info","resourceAttributes":"S:AI","accessMask":"0x80","hasLogType":"wineventlog","timestamp":"2019-05-29T13:17:19.896Z","processName":"C:\\Program Files (x86)\\Dropbox\\Client\\Dropbox.exe","handleID":"0x3654","@timestamp":"2019-05-29T13:17:19.896Z","eventID":4663,"level":"Information","taskCategory":"File System","originatesFrom":{"@type":"rdf:nodeID","@id":"http://example.org/sepses#dcc73052-a66f-4224-933c-97abe48e11b8","hostName":"DESKTOP-F650GTN"},"objectType":"File","processID":"0x3bb4","@id":"http://example.org/logEntry#logEntry-ed9733c7-aa83-41ef-b651-58099327f3fc","accountName":"KKurniawan","keyword":["Audit Success"],"accountDomain":"DESKTOP-F650GTN","logonID":"0xe138a","accesses":"%%4423\n\t\t\t\t","logMessage":"An attempt was made to access an object.\n\nSubject:\n\tSecurity ID:\t\tS-1-5-21-132051286-1762614582-3209893546-1001\n\tAccount Name:\t\tKKurniawan\n\tAccount Domain:\t\tDESKTOP-F650GTN\n\tLogon ID:\t\t0xE138A\n\nObject:\n\tObject Server:\t\tSecurity\n\tObject Type:\t\tFile\n\tObject Name:\t\tC:\\Users\\KKurniawan\\Dropbox\\.dropbox.cache\\new_files\\e8658a47292fdea2fd67ff479758852f\n\tHandle ID:\t\t0x3654\n\tResource Attributes:\tS:AI\n\nProcess Information:\n\tProcess ID:\t\t0x3bb4\n\tProcess Name:\t\tC:\\Program Files (x86)\\Dropbox\\Client\\Dropbox.exe\n\nAccess Request Information:\n\tAccesses:\t\tReadAttributes\n\t\t\t\t\n\tAccess Mask:\t\t0x80","version":1,"objectName":"C:\\Users\\KKurniawan\\Dropbox\\.dropbox.cache\\new_files\\e8658a47292fdea2fd67ff479758852f"}
{"logName":"Security","source":"Microsoft-Windows-Security-Auditing","@context":"http://sepses.ifs.tuwien.ac.at/contexts/wineventlog.jsonld","computerName":"DESKTOP-F650GTN","objectServer":"Security","@type":"http://purl.org/sepses/vocab/log/wineventlog#WindowsEventLogEntry","upCode":"Info","resourceAttributes":"S:AI","accessMask":"0x2","hasLogType":"wineventlog","timestamp":"2019-05-29T13:17:19.907Z","processName":"C:\\Program Files (x86)\\Dropbox\\Client\\Dropbox.exe","handleID":"0x5924","@timestamp":"2019-05-29T13:17:19.907Z","eventID":4663,"level":"Information","taskCategory":"File System","originatesFrom":{"@type":"rdf:nodeID","@id":"http://example.org/sepses#fb1e617c-3873-4d26-a466-e864001c1941","hostName":"DESKTOP-F650GTN"},"objectType":"File","processID":"0x3bb4","@id":"http://example.org/logEntry#logEntry-b93e5eb3-e583-44a2-a012-a3f3b431b2be","accountName":"KKurniawan","keyword":["Audit Success"],"accountDomain":"DESKTOP-F650GTN","logonID":"0xe138a","accesses":"%%4417\n\t\t\t\t","logMessage":"An attempt was made to access an object.\n\nSubject:\n\tSecurity ID:\t\tS-1-5-21-132051286-1762614582-3209893546-1001\n\tAccount Name:\t\tKKurniawan\n\tAccount Domain:\t\tDESKTOP-F650GTN\n\tLogon ID:\t\t0xE138A\n\nObject:\n\tObject Server:\t\tSecurity\n\tObject Type:\t\tFile\n\tObject Name:\t\tC:\\Users\\KKurniawan\\Dropbox\\Secret\n\tHandle ID:\t\t0x5924\n\tResource Attributes:\tS:AI\n\nProcess Information:\n\tProcess ID:\t\t0x3bb4\n\tProcess Name:\t\tC:\\Program Files (x86)\\Dropbox\\Client\\Dropbox.exe\n\nAccess Request Information:\n\tAccesses:\t\tWriteData (or AddFile)\n\t\t\t\t\n\tAccess Mask:\t\t0x2","version":1,"objectName":"C:\\Users\\KKurniawan\\Dropbox\\Secret"}
{"logName":"Security","source":"Microsoft-Windows-Security-Auditing","@context":"http://sepses.ifs.tuwien.ac.at/contexts/wineventlog.jsonld","computerName":"DESKTOP-F650GTN","objectServer":"Security","@type":"http://purl.org/sepses/vocab/log/wineventlog#WindowsEventLogEntry","upCode":"Info","resourceAttributes":"S:AI","accessMask":"0x80","hasLogType":"wineventlog","timestamp":"2019-05-29T13:17:19.908Z","processName":"C:\\Program Files (x86)\\Dropbox\\Client\\Dropbox.exe","handleID":"0x3b10","@timestamp":"2019-05-29T13:17:19.908Z","eventID":4663,"level":"Information","taskCategory":"File System","originatesFrom":{"@type":"rdf:nodeID","@id":"http://example.org/sepses#88f73d84-5f36-4b92-b63a-fb82fe6f3a53","hostName":"DESKTOP-F650GTN"},"objectType":"File","processID":"0x3bb4","@id":"http://example.org/logEntry#logEntry-341b51e1-5839-46fa-b937-0b3305112dbb","accountName":"KKurniawan","keyword":["Audit Success"],"accountDomain":"DESKTOP-F650GTN","logonID":"0xe138a","accesses":"%%4423\n\t\t\t\t","logMessage":"An attempt was made to access an object.\n\nSubject:\n\tSecurity ID:\t\tS-1-5-21-132051286-1762614582-3209893546-1001\n\tAccount Name:\t\tKKurniawan\n\tAccount Domain:\t\tDESKTOP-F650GTN\n\tLogon ID:\t\t0xE138A\n\nObject:\n\tObject Server:\t\tSecurity\n\tObject Type:\t\tFile\n\tObject Name:\t\tC:\\Users\\KKurniawan\\Dropbox\\Secret\\secretFileB3.xls\n\tHandle ID:\t\t0x3b10\n\tResource Attributes:\tS:AI\n\nProcess Information:\n\tProcess ID:\t\t0x3bb4\n\tProcess Name:\t\tC:\\Program Files (x86)\\Dropbox\\Client\\Dropbox.exe\n\nAccess Request Information:\n\tAccesses:\t\tReadAttributes\n\t\t\t\t\n\tAccess Mask:\t\t0x80","version":1,"objectName":"C:\\Users\\KKurniawan\\Dropbox\\Secret\\secretFileB3.xls"}
{"logName":"Security","source":"Microsoft-Windows-Security-Auditing","@context":"http://sepses.ifs.tuwien.ac.at/contexts/wineventlog.jsonld","computerName":"DESKTOP-F650GTN","objectServer":"Security","@type":"http://purl.org/sepses/vocab/log/wineventlog#WindowsEventLogEntry","upCode":"Info","resourceAttributes":"S:AI","accessMask":"0x80","hasLogType":"wineventlog","timestamp":"2019-05-29T13:17:19.920Z","processName":"C:\\Program Files (x86)\\Dropbox\\Client\\Dropbox.exe","handleID":"0x373c","@timestamp":"2019-05-29T13:17:19.920Z","eventID":4663,"level":"Information","taskCategory":"File System","originatesFrom":{"@type":"rdf:nodeID","@id":"http://example.org/sepses#a8c138b9-47e6-4caf-87e6-aa47b3f8b795","hostName":"DESKTOP-F650GTN"},"objectType":"File","processID":"0x3bb4","@id":"http://example.org/logEntry#logEntry-a24c56ce-9b6c-4a25-9be9-435c2e16c9f9","accountName":"KKurniawan","keyword":["Audit Success"],"accountDomain":"DESKTOP-F650GTN","logonID":"0xe138a","accesses":"%%4423\n\t\t\t\t","logMessage":"An attempt was made to access an object.\n\nSubject:\n\tSecurity ID:\t\tS-1-5-21-132051286-1762614582-3209893546-1001\n\tAccount Name:\t\tKKurniawan\n\tAccount Domain:\t\tDESKTOP-F650GTN\n\tLogon ID:\t\t0xE138A\n\nObject:\n\tObject Server:\t\tSecurity\n\tObject Type:\t\tFile\n\tObject Name:\t\tC:\\Users\\KKurniawan\\Dropbox\n\tHandle ID:\t\t0x373c\n\tResource Attributes:\tS:AI\n\nProcess Information:\n\tProcess ID:\t\t0x3bb4\n\tProcess Name:\t\tC:\\Program Files (x86)\\Dropbox\\Client\\Dropbox.exe\n\nAccess Request Information:\n\tAccesses:\t\tReadAttributes\n\t\t\t\t\n\tAccess Mask:\t\t0x80","version":1,"objectName":"C:\\Users\\KKurniawan\\Dropbox"}
{"logName":"Security","source":"Microsoft-Windows-Security-Auditing","@context":"http://sepses.ifs.tuwien.ac.at/contexts/wineventlog.jsonld","computerName":"DESKTOP-F650GTN","objectServer":"Security","@type":"http://purl.org/sepses/vocab/log/wineventlog#WindowsEventLogEntry","upCode":"Info","resourceAttributes":"S:AI","accessMask":"0x80","hasLogType":"wineventlog","timestamp":"2019-05-29T13:17:19.920Z","processName":"C:\\Program Files (x86)\\Dropbox\\Client\\Dropbox.exe","handleID":"0x3378","@timestamp":"2019-05-29T13:17:19.920Z","eventID":4663,"level":"Information","taskCategory":"File System","originatesFrom":{"@type":"rdf:nodeID","@id":"http://example.org/sepses#200ae03d-292e-49e5-a315-6de34df9da30","hostName":"DESKTOP-F650GTN"},"objectType":"File","processID":"0x3bb4","@id":"http://example.org/logEntry#logEntry-8d81a4ae-e775-4665-8a50-7885ec713461","accountName":"KKurniawan","keyword":["Audit Success"],"accountDomain":"DESKTOP-F650GTN","logonID":"0xe138a","accesses":"%%4423\n\t\t\t\t","logMessage":"An attempt was made to access an object.\n\nSubject:\n\tSecurity ID:\t\tS-1-5-21-132051286-1762614582-3209893546-1001\n\tAccount Name:\t\tKKurniawan\n\tAccount Domain:\t\tDESKTOP-F650GTN\n\tLogon ID:\t\t0xE138A\n\nObject:\n\tObject Server:\t\tSecurity\n\tObject Type:\t\tFile\n\tObject Name:\t\tC:\\Users\\KKurniawan\\Dropbox\\Secret\n\tHandle ID:\t\t0x3378\n\tResource Attributes:\tS:AI\n\nProcess Information:\n\tProcess ID:\t\t0x3bb4\n\tProcess Name:\t\tC:\\Program Files (x86)\\Dropbox\\Client\\Dropbox.exe\n\nAccess Request Information:\n\tAccesses:\t\tReadAttributes\n\t\t\t\t\n\tAccess Mask:\t\t0x80","version":1,"objectName":"C:\\Users\\KKurniawan\\Dropbox\\Secret"}
{"logName":"Security","source":"Microsoft-Windows-Security-Auditing","@context":"http://sepses.ifs.tuwien.ac.at/contexts/wineventlog.jsonld","computerName":"DESKTOP-F650GTN","objectServer":"Security","@type":"http://purl.org/sepses/vocab/log/wineventlog#WindowsEventLogEntry","upCode":"Info","resourceAttributes":"S:AI","accessMask":"0x80","hasLogType":"wineventlog","timestamp":"2019-05-29T13:17:19.923Z","processName":"C:\\Program Files (x86)\\Dropbox\\Client\\Dropbox.exe","handleID":"0x2838","@timestamp":"2019-05-29T13:17:19.923Z","eventID":4663,"level":"Information","taskCategory":"File System","originatesFrom":{"@type":"rdf:nodeID","@id":"http://example.org/sepses#41414f9c-add9-41bb-98e4-715c9431f1c8","hostName":"DESKTOP-F650GTN"},"objectType":"File","processID":"0x3bb4","@id":"http://example.org/logEntry#logEntry-0bacb84d-4f24-45e0-be68-24876bbf6993","accountName":"KKurniawan","keyword":["Audit Success"],"accountDomain":"DESKTOP-F650GTN","logonID":"0xe138a","accesses":"%%4423\n\t\t\t\t","logMessage":"An attempt was made to access an object.\n\nSubject:\n\tSecurity ID:\t\tS-1-5-21-132051286-1762614582-3209893546-1001\n\tAccount Name:\t\tKKurniawan\n\tAccount Domain:\t\tDESKTOP-F650GTN\n\tLogon ID:\t\t0xE138A\n\nObject:\n\tObject Server:\t\tSecurity\n\tObject Type:\t\tFile\n\tObject Name:\t\tC:\\Users\\KKurniawan\\Dropbox\\Secret\\secretFileB3.xls\n\tHandle ID:\t\t0x2838\n\tResource Attributes:\tS:AI\n\nProcess Information:\n\tProcess ID:\t\t0x3bb4\n\tProcess Name:\t\tC:\\Program Files (x86)\\Dropbox\\Client\\Dropbox.exe\n\nAccess Request Information:\n\tAccesses:\t\tReadAttributes\n\t\t\t\t\n\tAccess Mask:\t\t0x80","version":1,"objectName":"C:\\Users\\KKurniawan\\Dropbox\\Secret\\secretFileB3.xls"}
{"logName":"Security","source":"Microsoft-Windows-Security-Auditing","@context":"http://sepses.ifs.tuwien.ac.at/contexts/wineventlog.jsonld","computerName":"DESKTOP-F650GTN","objectServer":"Security","@type":"http://purl.org/sepses/vocab/log/wineventlog#WindowsEventLogEntry","upCode":"Info","resourceAttributes":"S:AI","accessMask":"0x80","hasLogType":"wineventlog","timestamp":"2019-05-29T13:17:19.929Z","processName":"C:\\Program Files (x86)\\Dropbox\\Client\\Dropbox.exe","handleID":"0x373c","@timestamp":"2019-05-29T13:17:19.929Z","eventID":4663,"level":"Information","taskCategory":"File System","originatesFrom":{"@type":"rdf:nodeID","@id":"http://example.org/sepses#cf2fcee0-c921-4d4e-b3a0-02d642ab104d","hostName":"DESKTOP-F650GTN"},"objectType":"File","processID":"0x3bb4","@id":"http://example.org/logEntry#logEntry-a15096ae-926e-4a0f-adf2-2f2f24b9e4f1","accountName":"KKurniawan","keyword":["Audit Success"],"accountDomain":"DESKTOP-F650GTN","logonID":"0xe138a","accesses":"%%4423\n\t\t\t\t","logMessage":"An attempt was made to access an object.\n\nSubject:\n\tSecurity ID:\t\tS-1-5-21-132051286-1762614582-3209893546-1001\n\tAccount Name:\t\tKKurniawan\n\tAccount Domain:\t\tDESKTOP-F650GTN\n\tLogon ID:\t\t0xE138A\n\nObject:\n\tObject Server:\t\tSecurity\n\tObject Type:\t\tFile\n\tObject Name:\t\tC:\\Users\\KKurniawan\\Dropbox\n\tHandle ID:\t\t0x373c\n\tResource Attributes:\tS:AI\n\nProcess Information:\n\tProcess ID:\t\t0x3bb4\n\tProcess Name:\t\tC:\\Program Files (x86)\\Dropbox\\Client\\Dropbox.exe\n\nAccess Request Information:\n\tAccesses:\t\tReadAttributes\n\t\t\t\t\n\tAccess Mask:\t\t0x80","version":1,"objectName":"C:\\Users\\KKurniawan\\Dropbox"}
{"logName":"Security","source":"Microsoft-Windows-Security-Auditing","@context":"http://sepses.ifs.tuwien.ac.at/contexts/wineventlog.jsonld","computerName":"DESKTOP-F650GTN","objectServer":"Security","@type":"http://purl.org/sepses/vocab/log/wineventlog#WindowsEventLogEntry","upCode":"Info","resourceAttributes":"S:AI","accessMask":"0x80","hasLogType":"wineventlog","timestamp":"2019-05-29T13:17:19.929Z","processName":"C:\\Program Files (x86)\\Dropbox\\Client\\Dropbox.exe","handleID":"0x3b10","@timestamp":"2019-05-29T13:17:19.929Z","eventID":4663,"level":"Information","taskCategory":"File System","originatesFrom":{"@type":"rdf:nodeID","@id":"http://example.org/sepses#c3036f7c-2947-42a5-ab3f-36795a235582","hostName":"DESKTOP-F650GTN"},"objectType":"File","processID":"0x3bb4","@id":"http://example.org/logEntry#logEntry-dfc5dd50-30be-4ba5-bbf6-7423a945b8d4","accountName":"KKurniawan","keyword":["Audit Success"],"accountDomain":"DESKTOP-F650GTN","logonID":"0xe138a","accesses":"%%4423\n\t\t\t\t","logMessage":"An attempt was made to access an object.\n\nSubject:\n\tSecurity ID:\t\tS-1-5-21-132051286-1762614582-3209893546-1001\n\tAccount Name:\t\tKKurniawan\n\tAccount Domain:\t\tDESKTOP-F650GTN\n\tLogon ID:\t\t0xE138A\n\nObject:\n\tObject Server:\t\tSecurity\n\tObject Type:\t\tFile\n\tObject Name:\t\tC:\\Users\\KKurniawan\\Dropbox\\Secret\n\tHandle ID:\t\t0x3b10\n\tResource Attributes:\tS:AI\n\nProcess Information:\n\tProcess ID:\t\t0x3bb4\n\tProcess Name:\t\tC:\\Program Files (x86)\\Dropbox\\Client\\Dropbox.exe\n\nAccess Request Information:\n\tAccesses:\t\tReadAttributes\n\t\t\t\t\n\tAccess Mask:\t\t0x80","version":1,"objectName":"C:\\Users\\KKurniawan\\Dropbox\\Secret"}
