{"logName":"Security","source":"Microsoft-Windows-Security-Auditing","@context":"http://sepses.ifs.tuwien.ac.at/contexts/wineventlog.jsonld","computerName":"DESKTOP-F650GTN","objectServer":"Security","@type":"http://purl.org/sepses/vocab/log/wineventlog#WindowsEventLogEntry","upCode":"Info","resourceAttributes":"S:AI","accessMask":"0x80","hasLogType":"wineventlog","timestamp":"2019-05-29T13:17:11.126Z","processName":"C:\\Windows\\explorer.exe","handleID":"0x243c","@timestamp":"2019-05-29T13:17:11.126Z","eventID":4663,"level":"Information","taskCategory":"File System","originatesFrom":{"@type":"rdf:nodeID","@id":"http://example.org/sepses#5fab6105-6e36-4613-bd25-cd586b982d11","hostName":"DESKTOP-F650GTN"},"objectType":"File","processID":"0x2be0","@id":"http://example.org/logEntry#logEntry-e17d733f-6bba-46cf-8918-e2ea46381627","accountName":"KKurniawan","keyword":["Audit Success"],"accountDomain":"DESKTOP-F650GTN","logonID":"0xe138a","accesses":"%%4423\n\t\t\t\t","logMessage":"An attempt was made to access an object.\n\nSubject:\n\tSecurity ID:\t\tS-1-5-21-132051286-1762614582-3209893546-1001\n\tAccount Name:\t\tKKurniawan\n\tAccount Domain:\t\tDESKTOP-F650GTN\n\tLogon ID:\t\t0xE138A\n\nObject:\n\tObject Server:\t\tSecurity\n\tObject Type:\t\tFile\n\tObject Name:\t\tC:\\Users\\KKurniawan\\userDocuments\\desktop.ini\n\tHandle ID:\t\t0x243c\n\tResource Attributes:\tS:AI\n\nProcess Information:\n\tProcess ID:\t\t0x2be0\n\tProcess Name:\t\tC:\\Windows\\explorer.exe\n\nAccess Request Information:\n\tAccesses:\t\tReadAttributes\n\t\t\t\t\n\tAccess Mask:\t\t0x80","version":1,"objectName":"C:\\Users\\KKurniawan\\userDocuments\\desktop.ini"}
{"logName":"Security","source":"Microsoft-Windows-Security-Auditing","@context":"http://sepses.ifs.tuwien.ac.at/contexts/wineventlog.jsonld","computerName":"DESKTOP-F650GTN","objectServer":"Security","@type":"http://purl.org/sepses/vocab/log/wineventlog#WindowsEventLogEntry","upCode":"Info","resourceAttributes":"S:AI","accessMask":"0x80","hasLogType":"wineventlog","timestamp":"2019-05-29T13:17:13.536Z","processName":"C:\\Program Files (x86)\\Dropbox\\Client\\Dropbox.exe","handleID":"0x240c","@timestamp":"2019-05-29T13:17:13.536Z","eventID":4663,"level":"Information","taskCategory":"File System","originatesFrom":{"@type":"rdf:nodeID","@id":"http://example.org/sepses#d8772ff7-3a10-4590-a35d-8dd43a8bec53","hostName":"DESKTOP-F650GTN"},"objectType":"File","processID":"0x3bb4","@id":"http://example.org/logEntry#logEntry-732ac2c1-9ba0-4991-86e2-bbbb364cdb79","accountName":"KKurniawan","keyword":["Audit Success"],"accountDomain":"DESKTOP-F650GTN","logonID":"0xe138a","accesses":"%%4423\n\t\t\t\t","logMessage":"An attempt was made to access an object.\n\nSubject:\n\tSecurity ID:\t\tS-1-5-21-132051286-1762614582-3209893546-1001\n\tAccount Name:\t\tKKurniawan\n\tAccount Domain:\t\tDESKTOP-F650GTN\n\tLogon ID:\t\t0xE138A\n\nObject:\n\tObject Server:\t\tSecurity\n\tObject Type:\t\tFile\n\tObject Name:\t\tC:\\Users\\KKurniawan\\Dropbox\\.dropbox.cache\\new_files\\dd7d9d9968d7a67562a73a9cbb129331\n\tHandle ID:\t\t0x240c\n\tResource Attributes:\tS:AI\n\nProcess Information:\n\tProcess ID:\t\t0x3bb4\n\tProcess Name:\t\tC:\\Program Files (x86)\\Dropbox\\Client\\Dropbox.exe\n\nAccess Request Information:\n\tAccesses:\t\tReadAttributes\n\t\t\t\t\n\tAccess Mask:\t\t0x80","version":1,"objectName":"C:\\Users\\KKurniawan\\Dropbox\\.dropbox.cache\\new_files\\dd7d9d9968d7a67562a73a9cbb129331"}
{"logName":"Security","source":"Microsoft-Windows-Security-Auditing","@context":"http://sepses.ifs.tuwien.ac.at/contexts/wineventlog.jsonld","computerName":"DESKTOP-F650GTN","objectServer":"Security","@type":"http://purl.org/sepses/vocab/log/wineventlog#WindowsEventLogEntry","upCode":"Info","resourceAttributes":"S:AI","accessMask":"0x2","hasLogType":"wineventlog","timestamp":"2019-05-29T13:17:14.072Z","processName":"C:\\Program Files (x86)\\Dropbox\\Client\\Dropbox.exe","handleID":"0x2e68","@timestamp":"2019-05-29T13:17:14.072Z","eventID":4663,"level":"Information","taskCategory":"File System","originatesFrom":{"@type":"rdf:nodeID","@id":"http://example.org/sepses#acba1cff-b1ea-4c51-9e63-2cb4f8970ed0","hostName":"DESKTOP-F650GTN"},"objectType":"File","processID":"0x3bb4","@id":"http://example.org/logEntry#logEntry-6914f83f-49f0-45a3-ba58-22f0a95b41b1","accountName":"KKurniawan","keyword":["Audit Success"],"accountDomain":"DESKTOP-F650GTN","logonID":"0xe138a","accesses":"%%4417\n\t\t\t\t","logMessage":"An attempt was made to access an object.\n\nSubject:\n\tSecurity ID:\t\tS-1-5-21-132051286-1762614582-3209893546-1001\n\tAccount Name:\t\tKKurniawan\n\tAccount Domain:\t\tDESKTOP-F650GTN\n\tLogon ID:\t\t0xE138A\n\nObject:\n\tObject Server:\t\tSecurity\n\tObject Type:\t\tFile\n\tObject Name:\t\tC:\\Users\\KKurniawan\\Dropbox\\.dropbox.cache\\new_files\\dd7d9d9968d7a67562a73a9cbb129331:com.dropbox.attrs\n\tHandle ID:\t\t0x2e68\n\tResource Attributes:\tS:AI\n\nProcess Information:\n\tProcess ID:\t\t0x3bb4\n\tProcess Name:\t\tC:\\Program Files (x86)\\Dropbox\\Client\\Dropbox.exe\n\nAccess Request Information:\n\tAccesses:\t\tWriteData (or AddFile)\n\t\t\t\t\n\tAccess Mask:\t\t0x2","version":1,"objectName":"C:\\Users\\KKurniawan\\Dropbox\\.dropbox.cache\\new_files\\dd7d9d9968d7a67562a73a9cbb129331:com.dropbox.attrs"}
{"logName":"Security","source":"Microsoft-Windows-Security-Auditing","@context":"http://sepses.ifs.tuwien.ac.at/contexts/wineventlog.jsonld","computerName":"DESKTOP-F650GTN","objectServer":"Security","@type":"http://purl.org/sepses/vocab/log/wineventlog#WindowsEventLogEntry","upCode":"Info","resourceAttributes":"S:AI","accessMask":"0x80","hasLogType":"wineventlog","timestamp":"2019-05-29T13:17:14.080Z","processName":"C:\\Program Files (x86)\\Dropbox\\Client\\Dropbox.exe","handleID":"0x2e68","@timestamp":"2019-05-29T13:17:14.080Z","eventID":4663,"level":"Information","taskCategory":"File System","originatesFrom":{"@type":"rdf:nodeID","@id":"http://example.org/sepses#d0cf1076-9cfb-4e7a-90a2-b74bd198fc61","hostName":"DESKTOP-F650GTN"},"objectType":"File","processID":"0x3bb4","@id":"http://example.org/logEntry#logEntry-f438d977-03b0-46fe-8b9b-5683f5285dd5","accountName":"KKurniawan","keyword":["Audit Success"],"accountDomain":"DESKTOP-F650GTN","logonID":"0xe138a","accesses":"%%4423\n\t\t\t\t","logMessage":"An attempt was made to access an object.\n\nSubject:\n\tSecurity ID:\t\tS-1-5-21-132051286-1762614582-3209893546-1001\n\tAccount Name:\t\tKKurniawan\n\tAccount Domain:\t\tDESKTOP-F650GTN\n\tLogon ID:\t\t0xE138A\n\nObject:\n\tObject Server:\t\tSecurity\n\tObject Type:\t\tFile\n\tObject Name:\t\tC:\\Users\\KKurniawan\\Dropbox\\Secret\n\tHandle ID:\t\t0x2e68\n\tResource Attributes:\tS:AI\n\nProcess Information:\n\tProcess ID:\t\t0x3bb4\n\tProcess Name:\t\tC:\\Program Files (x86)\\Dropbox\\Client\\Dropbox.exe\n\nAccess Request Information:\n\tAccesses:\t\tReadAttributes\n\t\t\t\t\n\tAccess Mask:\t\t0x80","version":1,"objectName":"C:\\Users\\KKurniawan\\Dropbox\\Secret"}
{"logName":"Security","source":"Microsoft-Windows-Security-Auditing","@context":"http://sepses.ifs.tuwien.ac.at/contexts/wineventlog.jsonld","computerName":"DESKTOP-F650GTN","objectServer":"Security","@type":"http://purl.org/sepses/vocab/log/wineventlog#WindowsEventLogEntry","upCode":"Info","resourceAttributes":"S:AI","accessMask":"0x2","hasLogType":"wineventlog","timestamp":"2019-05-29T13:17:14.092Z","processName":"C:\\Program Files (x86)\\Dropbox\\Client\\Dropbox.exe","handleID":"0x5f7c","@timestamp":"2019-05-29T13:17:14.092Z","eventID":4663,"level":"Information","taskCategory":"File System","originatesFrom":{"@type":"rdf:nodeID","@id":"http://example.org/sepses#4563b08e-8276-4e9e-a73e-d740c1390a08","hostName":"DESKTOP-F650GTN"},"objectType":"File","processID":"0x3bb4","@id":"http://example.org/logEntry#logEntry-631f4479-51ba-4415-ad2d-b54361a4d88e","accountName":"KKurniawan","keyword":["Audit Success"],"accountDomain":"DESKTOP-F650GTN","logonID":"0xe138a","accesses":"%%4417\n\t\t\t\t","logMessage":"An attempt was made to access an object.\n\nSubject:\n\tSecurity ID:\t\tS-1-5-21-132051286-1762614582-3209893546-1001\n\tAccount Name:\t\tKKurniawan\n\tAccount Domain:\t\tDESKTOP-F650GTN\n\tLogon ID:\t\t0xE138A\n\nObject:\n\tObject Server:\t\tSecurity\n\tObject Type:\t\tFile\n\tObject Name:\t\tC:\\Users\\KKurniawan\\Dropbox\\Secret\n\tHandle ID:\t\t0x5f7c\n\tResource Attributes:\tS:AI\n\nProcess Information:\n\tProcess ID:\t\t0x3bb4\n\tProcess Name:\t\tC:\\Program Files (x86)\\Dropbox\\Client\\Dropbox.exe\n\nAccess Request Information:\n\tAccesses:\t\tWriteData (or AddFile)\n\t\t\t\t\n\tAccess Mask:\t\t0x2","version":1,"objectName":"C:\\Users\\KKurniawan\\Dropbox\\Secret"}
{"logName":"Security","source":"Microsoft-Windows-Security-Auditing","@context":"http://sepses.ifs.tuwien.ac.at/contexts/wineventlog.jsonld","computerName":"DESKTOP-F650GTN","objectServer":"Security","@type":"http://purl.org/sepses/vocab/log/wineventlog#WindowsEventLogEntry","upCode":"Info","resourceAttributes":"S:AI","accessMask":"0x80","hasLogType":"wineventlog","timestamp":"2019-05-29T13:17:14.109Z","processName":"C:\\Program Files (x86)\\Dropbox\\Client\\Dropbox.exe","handleID":"0x3af8","@timestamp":"2019-05-29T13:17:14.109Z","eventID":4663,"level":"Information","taskCategory":"File System","originatesFrom":{"@type":"rdf:nodeID","@id":"http://example.org/sepses#d2abebe9-02e8-45f6-9686-f9c066098815","hostName":"DESKTOP-F650GTN"},"objectType":"File","processID":"0x3bb4","@id":"http://example.org/logEntry#logEntry-49e7aa1c-f4d8-4407-ad0a-33e65501dad5","accountName":"KKurniawan","keyword":["Audit Success"],"accountDomain":"DESKTOP-F650GTN","logonID":"0xe138a","accesses":"%%4423\n\t\t\t\t","logMessage":"An attempt was made to access an object.\n\nSubject:\n\tSecurity ID:\t\tS-1-5-21-132051286-1762614582-3209893546-1001\n\tAccount Name:\t\tKKurniawan\n\tAccount Domain:\t\tDESKTOP-F650GTN\n\tLogon ID:\t\t0xE138A\n\nObject:\n\tObject Server:\t\tSecurity\n\tObject Type:\t\tFile\n\tObject Name:\t\tC:\\Users\\KKurniawan\\Dropbox\\Secret\\secretFileB1.doc\n\tHandle ID:\t\t0x3af8\n\tResource Attributes:\tS:AI\n\nProcess Information:\n\tProcess ID:\t\t0x3bb4\n\tProcess Name:\t\tC:\\Program Files (x86)\\Dropbox\\Client\\Dropbox.exe\n\nAccess Request Information:\n\tAccesses:\t\tReadAttributes\n\t\t\t\t\n\tAccess Mask:\t\t0x80","version":1,"objectName":"C:\\Users\\KKurniawan\\Dropbox\\Secret\\secretFileB1.doc"}
{"logName":"Security","source":"Microsoft-Windows-Security-Auditing","@context":"http://sepses.ifs.tuwien.ac.at/contexts/wineventlog.jsonld","computerName":"DESKTOP-F650GTN","objectServer":"Security","@type":"http://purl.org/sepses/vocab/log/wineventlog#WindowsEventLogEntry","upCode":"Info","resourceAttributes":"S:AI","accessMask":"0x80","hasLogType":"wineventlog","timestamp":"2019-05-29T13:17:13.363Z","processName":"C:\\Program Files (x86)\\Dropbox\\Client\\Dropbox.exe","handleID":"0x36bc","@timestamp":"2019-05-29T13:17:13.363Z","eventID":4663,"level":"Information","taskCategory":"File System","originatesFrom":{"@type":"rdf:nodeID","@id":"http://example.org/sepses#c6e3c41b-89de-4c3a-b8fc-e88b3e235f35","hostName":"DESKTOP-F650GTN"},"objectType":"File","processID":"0x3bb4","@id":"http://example.org/logEntry#logEntry-b3482312-1ada-44be-b55c-1789e7579897","accountName":"KKurniawan","keyword":["Audit Success"],"accountDomain":"DESKTOP-F650GTN","logonID":"0xe138a","accesses":"%%4423\n\t\t\t\t","logMessage":"An attempt was made to access an object.\n\nSubject:\n\tSecurity ID:\t\tS-1-5-21-132051286-1762614582-3209893546-1001\n\tAccount Name:\t\tKKurniawan\n\tAccount Domain:\t\tDESKTOP-F650GTN\n\tLogon ID:\t\t0xE138A\n\nObject:\n\tObject Server:\t\tSecurity\n\tObject Type:\t\tFile\n\tObject Name:\t\tC:\\Users\\KKurniawan\\Dropbox\n\tHandle ID:\t\t0x36bc\n\tResource Attributes:\tS:AI\n\nProcess Information:\n\tProcess ID:\t\t0x3bb4\n\tProcess Name:\t\tC:\\Program Files (x86)\\Dropbox\\Client\\Dropbox.exe\n\nAccess Request Information:\n\tAccesses:\t\tReadAttributes\n\t\t\t\t\n\tAccess Mask:\t\t0x80","version":1,"objectName":"C:\\Users\\KKurniawan\\Dropbox"}
{"logName":"Security","source":"Microsoft-Windows-Security-Auditing","@context":"http://sepses.ifs.tuwien.ac.at/contexts/wineventlog.jsonld","computerName":"DESKTOP-F650GTN","objectServer":"Security","@type":"http://purl.org/sepses/vocab/log/wineventlog#WindowsEventLogEntry","upCode":"Info","resourceAttributes":"S:AI","accessMask":"0x2","hasLogType":"wineventlog","timestamp":"2019-05-29T13:17:14.067Z","processName":"C:\\Program Files (x86)\\Dropbox\\Client\\Dropbox.exe","handleID":"0x34f8","@timestamp":"2019-05-29T13:17:14.067Z","eventID":4663,"level":"Information","taskCategory":"File System","originatesFrom":{"@type":"rdf:nodeID","@id":"http://example.org/sepses#862a2a75-a872-4025-92c6-6391575d68c3","hostName":"DESKTOP-F650GTN"},"objectType":"File","processID":"0x3bb4","@id":"http://example.org/logEntry#logEntry-1ad8fa13-7c18-46f6-be32-1c8d272365a4","accountName":"KKurniawan","keyword":["Audit Success"],"accountDomain":"DESKTOP-F650GTN","logonID":"0xe138a","accesses":"%%4417\n\t\t\t\t","logMessage":"An attempt was made to access an object.\n\nSubject:\n\tSecurity ID:\t\tS-1-5-21-132051286-1762614582-3209893546-1001\n\tAccount Name:\t\tKKurniawan\n\tAccount Domain:\t\tDESKTOP-F650GTN\n\tLogon ID:\t\t0xE138A\n\nObject:\n\tObject Server:\t\tSecurity\n\tObject Type:\t\tFile\n\tObject Name:\t\tC:\\Users\\KKurniawan\\Dropbox\\.dropbox.cache\\new_files\\dd7d9d9968d7a67562a73a9cbb129331:com.dropbox.internal\n\tHandle ID:\t\t0x34f8\n\tResource Attributes:\tS:AI\n\nProcess Information:\n\tProcess ID:\t\t0x3bb4\n\tProcess Name:\t\tC:\\Program Files (x86)\\Dropbox\\Client\\Dropbox.exe\n\nAccess Request Information:\n\tAccesses:\t\tWriteData (or AddFile)\n\t\t\t\t\n\tAccess Mask:\t\t0x2","version":1,"objectName":"C:\\Users\\KKurniawan\\Dropbox\\.dropbox.cache\\new_files\\dd7d9d9968d7a67562a73a9cbb129331:com.dropbox.internal"}
{"logName":"Security","source":"Microsoft-Windows-Security-Auditing","@context":"http://sepses.ifs.tuwien.ac.at/contexts/wineventlog.jsonld","computerName":"DESKTOP-F650GTN","objectServer":"Security","@type":"http://purl.org/sepses/vocab/log/wineventlog#WindowsEventLogEntry","upCode":"Info","resourceAttributes":"S:AI","accessMask":"0x80","hasLogType":"wineventlog","timestamp":"2019-05-29T13:17:14.077Z","processName":"C:\\Program Files (x86)\\Dropbox\\Client\\Dropbox.exe","handleID":"0x3af8","@timestamp":"2019-05-29T13:17:14.077Z","eventID":4663,"level":"Information","taskCategory":"File System","originatesFrom":{"@type":"rdf:nodeID","@id":"http://example.org/sepses#3ae5b77e-c20f-42e4-907b-6c4c22e34b5e","hostName":"DESKTOP-F650GTN"},"objectType":"File","processID":"0x3bb4","@id":"http://example.org/logEntry#logEntry-8f5696e3-91b0-4b54-ae21-960c2feec53b","accountName":"KKurniawan","keyword":["Audit Success"],"accountDomain":"DESKTOP-F650GTN","logonID":"0xe138a","accesses":"%%4423\n\t\t\t\t","logMessage":"An attempt was made to access an object.\n\nSubject:\n\tSecurity ID:\t\tS-1-5-21-132051286-1762614582-3209893546-1001\n\tAccount Name:\t\tKKurniawan\n\tAccount Domain:\t\tDESKTOP-F650GTN\n\tLogon ID:\t\t0xE138A\n\nObject:\n\tObject Server:\t\tSecurity\n\tObject Type:\t\tFile\n\tObject Name:\t\tC:\\Users\\KKurniawan\\Dropbox\\.dropbox.cache\\new_files\\dd7d9d9968d7a67562a73a9cbb129331\n\tHandle ID:\t\t0x3af8\n\tResource Attributes:\tS:AI\n\nProcess Information:\n\tProcess ID:\t\t0x3bb4\n\tProcess Name:\t\tC:\\Program Files (x86)\\Dropbox\\Client\\Dropbox.exe\n\nAccess Request Information:\n\tAccesses:\t\tReadAttributes\n\t\t\t\t\n\tAccess Mask:\t\t0x80","version":1,"objectName":"C:\\Users\\KKurniawan\\Dropbox\\.dropbox.cache\\new_files\\dd7d9d9968d7a67562a73a9cbb129331"}
{"logName":"Security","source":"Microsoft-Windows-Security-Auditing","@context":"http://sepses.ifs.tuwien.ac.at/contexts/wineventlog.jsonld","computerName":"DESKTOP-F650GTN","objectServer":"Security","@type":"http://purl.org/sepses/vocab/log/wineventlog#WindowsEventLogEntry","upCode":"Info","resourceAttributes":"S:AI","accessMask":"0x80","hasLogType":"wineventlog","timestamp":"2019-05-29T13:17:14.088Z","processName":"C:\\Program Files (x86)\\Dropbox\\Client\\Dropbox.exe","handleID":"0x240c","@timestamp":"2019-05-29T13:17:14.088Z","eventID":4663,"level":"Information","taskCategory":"File System","originatesFrom":{"@type":"rdf:nodeID","@id":"http://example.org/sepses#2fcd426f-4536-4b69-b9db-7bc24ad791ac","hostName":"DESKTOP-F650GTN"},"objectType":"File","processID":"0x3bb4","@id":"http://example.org/logEntry#logEntry-d067c166-39c0-4f4a-b658-26fa50bc6b07","accountName":"KKurniawan","keyword":["Audit Success"],"accountDomain":"DESKTOP-F650GTN","logonID":"0xe138a","accesses":"%%4423\n\t\t\t\t","logMessage":"An attempt was made to access an object.\n\nSubject:\n\tSecurity ID:\t\tS-1-5-21-132051286-1762614582-3209893546-1001\n\tAccount Name:\t\tKKurniawan\n\tAccount Domain:\t\tDESKTOP-F650GTN\n\tLogon ID:\t\t0xE138A\n\nObject:\n\tObject Server:\t\tSecurity\n\tObject Type:\t\tFile\n\tObject Name:\t\tC:\\Users\\KKurniawan\\Dropbox\\.dropbox.cache\\new_files\n\tHandle ID:\t\t0x240c\n\tResource Attributes:\tS:AI\n\nProcess Information:\n\tProcess ID:\t\t0x3bb4\n\tProcess Name:\t\tC:\\Program Files (x86)\\Dropbox\\Client\\Dropbox.exe\n\nAccess Request Information:\n\tAccesses:\t\tReadAttributes\n\t\t\t\t\n\tAccess Mask:\t\t0x80","version":1,"objectName":"C:\\Users\\KKurniawan\\Dropbox\\.dropbox.cache\\new_files"}
{"logName":"Security","source":"Microsoft-Windows-Security-Auditing","@context":"http://sepses.ifs.tuwien.ac.at/contexts/wineventlog.jsonld","computerName":"DESKTOP-F650GTN","objectServer":"Security","@type":"http://purl.org/sepses/vocab/log/wineventlog#WindowsEventLogEntry","upCode":"Info","resourceAttributes":"S:AI","accessMask":"0x80","hasLogType":"wineventlog","timestamp":"2019-05-29T13:17:14.093Z","processName":"C:\\Program Files (x86)\\Dropbox\\Client\\Dropbox.exe","handleID":"0x3af8","@timestamp":"2019-05-29T13:17:14.093Z","eventID":4663,"level":"Information","taskCategory":"File System","originatesFrom":{"@type":"rdf:nodeID","@id":"http://example.org/sepses#58681e32-b8eb-4dc0-ac71-a4244b82362c","hostName":"DESKTOP-F650GTN"},"objectType":"File","processID":"0x3bb4","@id":"http://example.org/logEntry#logEntry-072e2d5e-4bf3-4ed9-bc9f-5e54a9372666","accountName":"KKurniawan","keyword":["Audit Success"],"accountDomain":"DESKTOP-F650GTN","logonID":"0xe138a","accesses":"%%4423\n\t\t\t\t","logMessage":"An attempt was made to access an object.\n\nSubject:\n\tSecurity ID:\t\tS-1-5-21-132051286-1762614582-3209893546-1001\n\tAccount Name:\t\tKKurniawan\n\tAccount Domain:\t\tDESKTOP-F650GTN\n\tLogon ID:\t\t0xE138A\n\nObject:\n\tObject Server:\t\tSecurity\n\tObject Type:\t\tFile\n\tObject Name:\t\tC:\\Users\\KKurniawan\\Dropbox\\Secret\\secretFileB1.doc\n\tHandle ID:\t\t0x3af8\n\tResource Attributes:\tS:AI\n\nProcess Information:\n\tProcess ID:\t\t0x3bb4\n\tProcess Name:\t\tC:\\Program Files (x86)\\Dropbox\\Client\\Dropbox.exe\n\nAccess Request Information:\n\tAccesses:\t\tReadAttributes\n\t\t\t\t\n\tAccess Mask:\t\t0x80","version":1,"objectName":"C:\\Users\\KKurniawan\\Dropbox\\Secret\\secretFileB1.doc"}
{"logName":"Security","source":"Microsoft-Windows-Security-Auditing","@context":"http://sepses.ifs.tuwien.ac.at/contexts/wineventlog.jsonld","computerName":"DESKTOP-F650GTN","objectServer":"Security","@type":"http://purl.org/sepses/vocab/log/wineventlog#WindowsEventLogEntry","upCode":"Info","resourceAttributes":"S:AI","accessMask":"0x80","hasLogType":"wineventlog","timestamp":"2019-05-29T13:17:14.115Z","processName":"C:\\Program Files (x86)\\Dropbox\\Client\\Dropbox.exe","handleID":"0x3af8","@timestamp":"2019-05-29T13:17:14.115Z","eventID":4663,"level":"Information","taskCategory":"File System","originatesFrom":{"@type":"rdf:nodeID","@id":"http://example.org/sepses#ad877418-0679-4ab5-9323-eb1ff7c7f94d","hostName":"DESKTOP-F650GTN"},"objectType":"File","processID":"0x3bb4","@id":"http://example.org/logEntry#logEntry-ad223f00-2ada-4749-a80c-4d91534650ef","accountName":"KKurniawan","keyword":["Audit Success"],"accountDomain":"DESKTOP-F650GTN","logonID":"0xe138a","accesses":"%%4423\n\t\t\t\t","logMessage":"An attempt was made to access an object.\n\nSubject:\n\tSecurity ID:\t\tS-1-5-21-132051286-1762614582-3209893546-1001\n\tAccount Name:\t\tKKurniawan\n\tAccount Domain:\t\tDESKTOP-F650GTN\n\tLogon ID:\t\t0xE138A\n\nObject:\n\tObject Server:\t\tSecurity\n\tObject Type:\t\tFile\n\tObject Name:\t\tC:\\Users\\KKurniawan\\Dropbox\n\tHandle ID:\t\t0x3af8\n\tResource Attributes:\tS:AI\n\nProcess Information:\n\tProcess ID:\t\t0x3bb4\n\tProcess Name:\t\tC:\\Program Files (x86)\\Dropbox\\Client\\Dropbox.exe\n\nAccess Request Information:\n\tAccesses:\t\tReadAttributes\n\t\t\t\t\n\tAccess Mask:\t\t0x80","version":1,"objectName":"C:\\Users\\KKurniawan\\Dropbox"}
{"logName":"Security","source":"Microsoft-Windows-Security-Auditing","@context":"http://sepses.ifs.tuwien.ac.at/contexts/wineventlog.jsonld","computerName":"DESKTOP-F650GTN","objectServer":"Security","@type":"http://purl.org/sepses/vocab/log/wineventlog#WindowsEventLogEntry","upCode":"Info","resourceAttributes":"S:AI","accessMask":"0x2","hasLogType":"wineventlog","timestamp":"2019-05-29T13:17:13.533Z","processName":"C:\\Program Files (x86)\\Dropbox\\Client\\Dropbox.exe","handleID":"0x240c","@timestamp":"2019-05-29T13:17:13.533Z","eventID":4663,"level":"Information","taskCategory":"File System","originatesFrom":{"@type":"rdf:nodeID","@id":"http://example.org/sepses#c6117228-78cb-453a-a7c5-d6bb42b7fdc4","hostName":"DESKTOP-F650GTN"},"objectType":"File","processID":"0x3bb4","@id":"http://example.org/logEntry#logEntry-81d48d57-9589-4f42-9432-49f1385ad790","accountName":"KKurniawan","keyword":["Audit Success"],"accountDomain":"DESKTOP-F650GTN","logonID":"0xe138a","accesses":"%%4417\n\t\t\t\t","logMessage":"An attempt was made to access an object.\n\nSubject:\n\tSecurity ID:\t\tS-1-5-21-132051286-1762614582-3209893546-1001\n\tAccount Name:\t\tKKurniawan\n\tAccount Domain:\t\tDESKTOP-F650GTN\n\tLogon ID:\t\t0xE138A\n\nObject:\n\tObject Server:\t\tSecurity\n\tObject Type:\t\tFile\n\tObject Name:\t\tC:\\Users\\KKurniawan\\Dropbox\\.dropbox.cache\\new_files\\dd7d9d9968d7a67562a73a9cbb129331\n\tHandle ID:\t\t0x240c\n\tResource Attributes:\tS:AI\n\nProcess Information:\n\tProcess ID:\t\t0x3bb4\n\tProcess Name:\t\tC:\\Program Files (x86)\\Dropbox\\Client\\Dropbox.exe\n\nAccess Request Information:\n\tAccesses:\t\tWriteData (or AddFile)\n\t\t\t\t\n\tAccess Mask:\t\t0x2","version":1,"objectName":"C:\\Users\\KKurniawan\\Dropbox\\.dropbox.cache\\new_files\\dd7d9d9968d7a67562a73a9cbb129331"}
{"logName":"Security","source":"Microsoft-Windows-Security-Auditing","@type":"http://purl.org/sepses/vocab/log/wineventlog#WindowsEventLogEntry","computerName":"DESKTOP-F650GTN","objectServer":"Security","upCode":"Info","hasLogType":"wineventlog","timestamp":"2019-05-29T13:17:14.069Z","processName":"C:\\Program Files (x86)\\Dropbox\\Client\\Dropbox.exe","handleID":"0x180c","@timestamp":"2019-05-29T13:17:14.069Z","eventID":4660,"level":"Information","taskCategory":"File System","originatesFrom":{"@type":"rdf:nodeID","@id":"http://example.org/sepses#1fc08dea-5106-4fed-b151-2d3756d43341","hostName":"DESKTOP-F650GTN"},"processID":"0x3bb4","@id":"http://example.org/logEntry#logEntry-7163cc8f-0e1e-4c05-8a94-4d9ea0a7c841","accountName":"KKurniawan","keyword":["Audit Success"],"accountDomain":"DESKTOP-F650GTN","logonID":"0xe138a","logMessage":"An object was deleted.\n\nSubject:\n\tSecurity ID:\t\tS-1-5-21-132051286-1762614582-3209893546-1001\n\tAccount Name:\t\tKKurniawan\n\tAccount Domain:\t\tDESKTOP-F650GTN\n\tLogon ID:\t\t0xE138A\n\nObject:\n\tObject Server:\tSecurity\n\tHandle ID:\t0x180c\n\nProcess Information:\n\tProcess ID:\t0x3bb4\n\tProcess Name:\tC:\\Program Files (x86)\\Dropbox\\Client\\Dropbox.exe\n\tTransaction ID:\t{00000000-0000-0000-0000-000000000000}","@context":"http://sepses.ifs.tuwien.ac.at/contexts/wineventlog.jsonld"}
{"logName":"Security","source":"Microsoft-Windows-Security-Auditing","@context":"http://sepses.ifs.tuwien.ac.at/contexts/wineventlog.jsonld","computerName":"DESKTOP-F650GTN","objectServer":"Security","@type":"http://purl.org/sepses/vocab/log/wineventlog#WindowsEventLogEntry","upCode":"Info","resourceAttributes":"S:AI","accessMask":"0x80","hasLogType":"wineventlog","timestamp":"2019-05-29T13:17:14.079Z","processName":"C:\\Program Files (x86)\\Dropbox\\Client\\Dropbox.exe","handleID":"0x34f8","@timestamp":"2019-05-29T13:17:14.079Z","eventID":4663,"level":"Information","taskCategory":"File System","originatesFrom":{"@type":"rdf:nodeID","@id":"http://example.org/sepses#ae749fc3-038b-49ab-93a2-1054c35a7fd9","hostName":"DESKTOP-F650GTN"},"objectType":"File","processID":"0x3bb4","@id":"http://example.org/logEntry#logEntry-cebdeb93-f671-4b3b-b741-1a6c632e7b14","accountName":"KKurniawan","keyword":["Audit Success"],"accountDomain":"DESKTOP-F650GTN","logonID":"0xe138a","accesses":"%%4423\n\t\t\t\t","logMessage":"An attempt was made to access an object.\n\nSubject:\n\tSecurity ID:\t\tS-1-5-21-132051286-1762614582-3209893546-1001\n\tAccount Name:\t\tKKurniawan\n\tAccount Domain:\t\tDESKTOP-F650GTN\n\tLogon ID:\t\t0xE138A\n\nObject:\n\tObject Server:\t\tSecurity\n\tObject Type:\t\tFile\n\tObject Name:\t\tC:\\Users\\KKurniawan\\Dropbox\n\tHandle ID:\t\t0x34f8\n\tResource Attributes:\tS:AI\n\nProcess Information:\n\tProcess ID:\t\t0x3bb4\n\tProcess Name:\t\tC:\\Program Files (x86)\\Dropbox\\Client\\Dropbox.exe\n\nAccess Request Information:\n\tAccesses:\t\tReadAttributes\n\t\t\t\t\n\tAccess Mask:\t\t0x80","version":1,"objectName":"C:\\Users\\KKurniawan\\Dropbox"}
{"logName":"Security","source":"Microsoft-Windows-Security-Auditing","@context":"http://sepses.ifs.tuwien.ac.at/contexts/wineventlog.jsonld","computerName":"DESKTOP-F650GTN","objectServer":"Security","@type":"http://purl.org/sepses/vocab/log/wineventlog#WindowsEventLogEntry","upCode":"Info","resourceAttributes":"S:AI","accessMask":"0x10000","hasLogType":"wineventlog","timestamp":"2019-05-29T13:17:14.092Z","processName":"C:\\Program Files (x86)\\Dropbox\\Client\\Dropbox.exe","handleID":"0x5c4","@timestamp":"2019-05-29T13:17:14.092Z","eventID":4663,"level":"Information","taskCategory":"File System","originatesFrom":{"@type":"rdf:nodeID","@id":"http://example.org/sepses#94916a64-5fa5-4a5d-851d-a386d1df144c","hostName":"DESKTOP-F650GTN"},"objectType":"File","processID":"0x3bb4","@id":"http://example.org/logEntry#logEntry-add9bd6d-49bd-4d64-940b-3a30de0d65a9","accountName":"KKurniawan","keyword":["Audit Success"],"accountDomain":"DESKTOP-F650GTN","logonID":"0xe138a","accesses":"%%1537\n\t\t\t\t","logMessage":"An attempt was made to access an object.\n\nSubject:\n\tSecurity ID:\t\tS-1-5-21-132051286-1762614582-3209893546-1001\n\tAccount Name:\t\tKKurniawan\n\tAccount Domain:\t\tDESKTOP-F650GTN\n\tLogon ID:\t\t0xE138A\n\nObject:\n\tObject Server:\t\tSecurity\n\tObject Type:\t\tFile\n\tObject Name:\t\tC:\\Users\\KKurniawan\\Dropbox\\.dropbox.cache\\new_files\\dd7d9d9968d7a67562a73a9cbb129331\n\tHandle ID:\t\t0x5c4\n\tResource Attributes:\tS:AI\n\nProcess Information:\n\tProcess ID:\t\t0x3bb4\n\tProcess Name:\t\tC:\\Program Files (x86)\\Dropbox\\Client\\Dropbox.exe\n\nAccess Request Information:\n\tAccesses:\t\tDELETE\n\t\t\t\t\n\tAccess Mask:\t\t0x10000","version":1,"objectName":"C:\\Users\\KKurniawan\\Dropbox\\.dropbox.cache\\new_files\\dd7d9d9968d7a67562a73a9cbb129331"}
{"logName":"Security","source":"Microsoft-Windows-Security-Auditing","@context":"http://sepses.ifs.tuwien.ac.at/contexts/wineventlog.jsonld","computerName":"DESKTOP-F650GTN","objectServer":"Security","@type":"http://purl.org/sepses/vocab/log/wineventlog#WindowsEventLogEntry","upCode":"Info","resourceAttributes":"S:AI","accessMask":"0x80","hasLogType":"wineventlog","timestamp":"2019-05-29T13:17:14.103Z","processName":"C:\\Program Files (x86)\\Dropbox\\Client\\Dropbox.exe","handleID":"0x5c4","@timestamp":"2019-05-29T13:17:14.103Z","eventID":4663,"level":"Information","taskCategory":"File System","originatesFrom":{"@type":"rdf:nodeID","@id":"http://example.org/sepses#d0b29d90-6dc8-4c4f-98b7-8c602fbb2a74","hostName":"DESKTOP-F650GTN"},"objectType":"File","processID":"0x3bb4","@id":"http://example.org/logEntry#logEntry-06bda2ea-8c52-4bd9-a5f1-81b2707153d1","accountName":"KKurniawan","keyword":["Audit Success"],"accountDomain":"DESKTOP-F650GTN","logonID":"0xe138a","accesses":"%%4423\n\t\t\t\t","logMessage":"An attempt was made to access an object.\n\nSubject:\n\tSecurity ID:\t\tS-1-5-21-132051286-1762614582-3209893546-1001\n\tAccount Name:\t\tKKurniawan\n\tAccount Domain:\t\tDESKTOP-F650GTN\n\tLogon ID:\t\t0xE138A\n\nObject:\n\tObject Server:\t\tSecurity\n\tObject Type:\t\tFile\n\tObject Name:\t\tC:\\Users\\KKurniawan\\Dropbox\\Secret\n\tHandle ID:\t\t0x5c4\n\tResource Attributes:\tS:AI\n\nProcess Information:\n\tProcess ID:\t\t0x3bb4\n\tProcess Name:\t\tC:\\Program Files (x86)\\Dropbox\\Client\\Dropbox.exe\n\nAccess Request Information:\n\tAccesses:\t\tReadAttributes\n\t\t\t\t\n\tAccess Mask:\t\t0x80","version":1,"objectName":"C:\\Users\\KKurniawan\\Dropbox\\Secret"}
{"logName":"Security","source":"Microsoft-Windows-Security-Auditing","@context":"http://sepses.ifs.tuwien.ac.at/contexts/wineventlog.jsonld","computerName":"DESKTOP-F650GTN","objectServer":"Security","@type":"http://purl.org/sepses/vocab/log/wineventlog#WindowsEventLogEntry","upCode":"Info","resourceAttributes":"S:AI","accessMask":"0x80","hasLogType":"wineventlog","timestamp":"2019-05-29T13:17:14.117Z","processName":"C:\\Program Files (x86)\\Dropbox\\Client\\Dropbox.exe","handleID":"0x38bc","@timestamp":"2019-05-29T13:17:14.117Z","eventID":4663,"level":"Information","taskCategory":"File System","originatesFrom":{"@type":"rdf:nodeID","@id":"http://example.org/sepses#768db86c-46d6-41c6-9466-1c6238cf2a9b","hostName":"DESKTOP-F650GTN"},"objectType":"File","processID":"0x3bb4","@id":"http://example.org/logEntry#logEntry-0b3fca1f-d148-4dde-bb34-4c9f6db91ae0","accountName":"KKurniawan","keyword":["Audit Success"],"accountDomain":"DESKTOP-F650GTN","logonID":"0xe138a","accesses":"%%4423\n\t\t\t\t","logMessage":"An attempt was made to access an object.\n\nSubject:\n\tSecurity ID:\t\tS-1-5-21-132051286-1762614582-3209893546-1001\n\tAccount Name:\t\tKKurniawan\n\tAccount Domain:\t\tDESKTOP-F650GTN\n\tLogon ID:\t\t0xE138A\n\nObject:\n\tObject Server:\t\tSecurity\n\tObject Type:\t\tFile\n\tObject Name:\t\tC:\\Users\\KKurniawan\\Dropbox\\Secret\\secretFileB1.doc\n\tHandle ID:\t\t0x38bc\n\tResource Attributes:\tS:AI\n\nProcess Information:\n\tProcess ID:\t\t0x3bb4\n\tProcess Name:\t\tC:\\Program Files (x86)\\Dropbox\\Client\\Dropbox.exe\n\nAccess Request Information:\n\tAccesses:\t\tReadAttributes\n\t\t\t\t\n\tAccess Mask:\t\t0x80","version":1,"objectName":"C:\\Users\\KKurniawan\\Dropbox\\Secret\\secretFileB1.doc"}
{"logName":"Security","source":"Microsoft-Windows-Security-Auditing","@context":"http://sepses.ifs.tuwien.ac.at/contexts/wineventlog.jsonld","computerName":"DESKTOP-F650GTN","objectServer":"Security","@type":"http://purl.org/sepses/vocab/log/wineventlog#WindowsEventLogEntry","upCode":"Info","resourceAttributes":"S:AI","accessMask":"0x80","hasLogType":"wineventlog","timestamp":"2019-05-29T13:17:13.508Z","processName":"C:\\Program Files (x86)\\Dropbox\\Client\\Dropbox.exe","handleID":"0x3750","@timestamp":"2019-05-29T13:17:13.508Z","eventID":4663,"level":"Information","taskCategory":"File System","originatesFrom":{"@type":"rdf:nodeID","@id":"http://example.org/sepses#96750b30-03e8-41ba-a348-61b4d510cc7a","hostName":"DESKTOP-F650GTN"},"objectType":"File","processID":"0x3bb4","@id":"http://example.org/logEntry#logEntry-8688a8b4-b8c2-4693-80ab-dd26f3f4b379","accountName":"KKurniawan","keyword":["Audit Success"],"accountDomain":"DESKTOP-F650GTN","logonID":"0xe138a","accesses":"%%4423\n\t\t\t\t","logMessage":"An attempt was made to access an object.\n\nSubject:\n\tSecurity ID:\t\tS-1-5-21-132051286-1762614582-3209893546-1001\n\tAccount Name:\t\tKKurniawan\n\tAccount Domain:\t\tDESKTOP-F650GTN\n\tLogon ID:\t\t0xE138A\n\nObject:\n\tObject Server:\t\tSecurity\n\tObject Type:\t\tFile\n\tObject Name:\t\tC:\\Users\\KKurniawan\\Dropbox\\.dropbox.cache\\new_files\n\tHandle ID:\t\t0x3750\n\tResource Attributes:\tS:AI\n\nProcess Information:\n\tProcess ID:\t\t0x3bb4\n\tProcess Name:\t\tC:\\Program Files (x86)\\Dropbox\\Client\\Dropbox.exe\n\nAccess Request Information:\n\tAccesses:\t\tReadAttributes\n\t\t\t\t\n\tAccess Mask:\t\t0x80","version":1,"objectName":"C:\\Users\\KKurniawan\\Dropbox\\.dropbox.cache\\new_files"}
{"logName":"Security","source":"Microsoft-Windows-Security-Auditing","@context":"http://sepses.ifs.tuwien.ac.at/contexts/wineventlog.jsonld","computerName":"DESKTOP-F650GTN","objectServer":"Security","@type":"http://purl.org/sepses/vocab/log/wineventlog#WindowsEventLogEntry","upCode":"Info","resourceAttributes":"S:AI","accessMask":"0x10000","hasLogType":"wineventlog","timestamp":"2019-05-29T13:17:14.068Z","processName":"C:\\Program Files (x86)\\Dropbox\\Client\\Dropbox.exe","handleID":"0x180c","@timestamp":"2019-05-29T13:17:14.068Z","eventID":4663,"level":"Information","taskCategory":"File System","originatesFrom":{"@type":"rdf:nodeID","@id":"http://example.org/sepses#36706cbc-8cd9-4312-9968-43792e4983a1","hostName":"DESKTOP-F650GTN"},"objectType":"File","processID":"0x3bb4","@id":"http://example.org/logEntry#logEntry-9630048b-a0b4-4988-8526-df5279a48ee9","accountName":"KKurniawan","keyword":["Audit Success"],"accountDomain":"DESKTOP-F650GTN","logonID":"0xe138a","accesses":"%%1537\n\t\t\t\t","logMessage":"An attempt was made to access an object.\n\nSubject:\n\tSecurity ID:\t\tS-1-5-21-132051286-1762614582-3209893546-1001\n\tAccount Name:\t\tKKurniawan\n\tAccount Domain:\t\tDESKTOP-F650GTN\n\tLogon ID:\t\t0xE138A\n\nObject:\n\tObject Server:\t\tSecurity\n\tObject Type:\t\tFile\n\tObject Name:\t\tC:\\Users\\KKurniawan\\Dropbox\\.dropbox.cache\\new_files\\dd7d9d9968d7a67562a73a9cbb129331:com.dropbox.internal\n\tHandle ID:\t\t0x180c\n\tResource Attributes:\tS:AI\n\nProcess Information:\n\tProcess ID:\t\t0x3bb4\n\tProcess Name:\t\tC:\\Program Files (x86)\\Dropbox\\Client\\Dropbox.exe\n\nAccess Request Information:\n\tAccesses:\t\tDELETE\n\t\t\t\t\n\tAccess Mask:\t\t0x10000","version":1,"objectName":"C:\\Users\\KKurniawan\\Dropbox\\.dropbox.cache\\new_files\\dd7d9d9968d7a67562a73a9cbb129331:com.dropbox.internal"}
{"logName":"Security","source":"Microsoft-Windows-Security-Auditing","@context":"http://sepses.ifs.tuwien.ac.at/contexts/wineventlog.jsonld","computerName":"DESKTOP-F650GTN","objectServer":"Security","@type":"http://purl.org/sepses/vocab/log/wineventlog#WindowsEventLogEntry","upCode":"Info","resourceAttributes":"S:AI","accessMask":"0x80","hasLogType":"wineventlog","timestamp":"2019-05-29T13:17:14.077Z","processName":"C:\\Program Files (x86)\\Dropbox\\Client\\Dropbox.exe","handleID":"0x3af8","@timestamp":"2019-05-29T13:17:14.077Z","eventID":4663,"level":"Information","taskCategory":"File System","originatesFrom":{"@type":"rdf:nodeID","@id":"http://example.org/sepses#b5955d0f-8f21-4a50-9091-8a47eab6b778","hostName":"DESKTOP-F650GTN"},"objectType":"File","processID":"0x3bb4","@id":"http://example.org/logEntry#logEntry-1c554728-c25c-4ca3-a7fd-328f800d8fc4","accountName":"KKurniawan","keyword":["Audit Success"],"accountDomain":"DESKTOP-F650GTN","logonID":"0xe138a","accesses":"%%4423\n\t\t\t\t","logMessage":"An attempt was made to access an object.\n\nSubject:\n\tSecurity ID:\t\tS-1-5-21-132051286-1762614582-3209893546-1001\n\tAccount Name:\t\tKKurniawan\n\tAccount Domain:\t\tDESKTOP-F650GTN\n\tLogon ID:\t\t0xE138A\n\nObject:\n\tObject Server:\t\tSecurity\n\tObject Type:\t\tFile\n\tObject Name:\t\tC:\\Users\\KKurniawan\\Dropbox\\.dropbox.cache\\new_files\\dd7d9d9968d7a67562a73a9cbb129331\n\tHandle ID:\t\t0x3af8\n\tResource Attributes:\tS:AI\n\nProcess Information:\n\tProcess ID:\t\t0x3bb4\n\tProcess Name:\t\tC:\\Program Files (x86)\\Dropbox\\Client\\Dropbox.exe\n\nAccess Request Information:\n\tAccesses:\t\tReadAttributes\n\t\t\t\t\n\tAccess Mask:\t\t0x80","version":1,"objectName":"C:\\Users\\KKurniawan\\Dropbox\\.dropbox.cache\\new_files\\dd7d9d9968d7a67562a73a9cbb129331"}
{"logName":"Security","source":"Microsoft-Windows-Security-Auditing","@context":"http://sepses.ifs.tuwien.ac.at/contexts/wineventlog.jsonld","computerName":"DESKTOP-F650GTN","objectServer":"Security","@type":"http://purl.org/sepses/vocab/log/wineventlog#WindowsEventLogEntry","upCode":"Info","resourceAttributes":"S:AI","accessMask":"0x80","hasLogType":"wineventlog","timestamp":"2019-05-29T13:17:14.091Z","processName":"C:\\Program Files (x86)\\Dropbox\\Client\\Dropbox.exe","handleID":"0x5c4","@timestamp":"2019-05-29T13:17:14.091Z","eventID":4663,"level":"Information","taskCategory":"File System","originatesFrom":{"@type":"rdf:nodeID","@id":"http://example.org/sepses#ca8f645d-19e5-4af0-be80-969612ad216e","hostName":"DESKTOP-F650GTN"},"objectType":"File","processID":"0x3bb4","@id":"http://example.org/logEntry#logEntry-c8fc1cc3-78b7-4589-a520-04e0aae53c9c","accountName":"KKurniawan","keyword":["Audit Success"],"accountDomain":"DESKTOP-F650GTN","logonID":"0xe138a","accesses":"%%4423\n\t\t\t\t","logMessage":"An attempt was made to access an object.\n\nSubject:\n\tSecurity ID:\t\tS-1-5-21-132051286-1762614582-3209893546-1001\n\tAccount Name:\t\tKKurniawan\n\tAccount Domain:\t\tDESKTOP-F650GTN\n\tLogon ID:\t\t0xE138A\n\nObject:\n\tObject Server:\t\tSecurity\n\tObject Type:\t\tFile\n\tObject Name:\t\tC:\\Users\\KKurniawan\\Dropbox\\.dropbox.cache\\new_files\\dd7d9d9968d7a67562a73a9cbb129331\n\tHandle ID:\t\t0x5c4\n\tResource Attributes:\tS:AI\n\nProcess Information:\n\tProcess ID:\t\t0x3bb4\n\tProcess Name:\t\tC:\\Program Files (x86)\\Dropbox\\Client\\Dropbox.exe\n\nAccess Request Information:\n\tAccesses:\t\tReadAttributes\n\t\t\t\t\n\tAccess Mask:\t\t0x80","version":1,"objectName":"C:\\Users\\KKurniawan\\Dropbox\\.dropbox.cache\\new_files\\dd7d9d9968d7a67562a73a9cbb129331"}
{"logName":"Security","source":"Microsoft-Windows-Security-Auditing","@context":"http://sepses.ifs.tuwien.ac.at/contexts/wineventlog.jsonld","computerName":"DESKTOP-F650GTN","objectServer":"Security","@type":"http://purl.org/sepses/vocab/log/wineventlog#WindowsEventLogEntry","upCode":"Info","resourceAttributes":"S:AI","accessMask":"0x80","hasLogType":"wineventlog","timestamp":"2019-05-29T13:17:14.102Z","processName":"C:\\Program Files (x86)\\Dropbox\\Client\\Dropbox.exe","handleID":"0x3020","@timestamp":"2019-05-29T13:17:14.102Z","eventID":4663,"level":"Information","taskCategory":"File System","originatesFrom":{"@type":"rdf:nodeID","@id":"http://example.org/sepses#fc8ed540-10d8-44a2-b626-aac7930ed83b","hostName":"DESKTOP-F650GTN"},"objectType":"File","processID":"0x3bb4","@id":"http://example.org/logEntry#logEntry-a49b8805-5eb3-4ab0-94c3-8446a904fa5a","accountName":"KKurniawan","keyword":["Audit Success"],"accountDomain":"DESKTOP-F650GTN","logonID":"0xe138a","accesses":"%%4423\n\t\t\t\t","logMessage":"An attempt was made to access an object.\n\nSubject:\n\tSecurity ID:\t\tS-1-5-21-132051286-1762614582-3209893546-1001\n\tAccount Name:\t\tKKurniawan\n\tAccount Domain:\t\tDESKTOP-F650GTN\n\tLogon ID:\t\t0xE138A\n\nObject:\n\tObject Server:\t\tSecurity\n\tObject Type:\t\tFile\n\tObject Name:\t\tC:\\Users\\KKurniawan\\Dropbox\n\tHandle ID:\t\t0x3020\n\tResource Attributes:\tS:AI\n\nProcess Information:\n\tProcess ID:\t\t0x3bb4\n\tProcess Name:\t\tC:\\Program Files (x86)\\Dropbox\\Client\\Dropbox.exe\n\nAccess Request Information:\n\tAccesses:\t\tReadAttributes\n\t\t\t\t\n\tAccess Mask:\t\t0x80","version":1,"objectName":"C:\\Users\\KKurniawan\\Dropbox"}
{"logName":"Security","source":"Microsoft-Windows-Security-Auditing","@context":"http://sepses.ifs.tuwien.ac.at/contexts/wineventlog.jsonld","computerName":"DESKTOP-F650GTN","objectServer":"Security","@type":"http://purl.org/sepses/vocab/log/wineventlog#WindowsEventLogEntry","upCode":"Info","resourceAttributes":"S:AI","accessMask":"0x80","hasLogType":"wineventlog","timestamp":"2019-05-29T13:17:14.115Z","processName":"C:\\Program Files (x86)\\Dropbox\\Client\\Dropbox.exe","handleID":"0x5c4","@timestamp":"2019-05-29T13:17:14.115Z","eventID":4663,"level":"Information","taskCategory":"File System","originatesFrom":{"@type":"rdf:nodeID","@id":"http://example.org/sepses#ce8e4723-a395-4769-8bce-3d33a168beba","hostName":"DESKTOP-F650GTN"},"objectType":"File","processID":"0x3bb4","@id":"http://example.org/logEntry#logEntry-c000bb89-6e74-42a2-ba0a-9c07a23818fb","accountName":"KKurniawan","keyword":["Audit Success"],"accountDomain":"DESKTOP-F650GTN","logonID":"0xe138a","accesses":"%%4423\n\t\t\t\t","logMessage":"An attempt was made to access an object.\n\nSubject:\n\tSecurity ID:\t\tS-1-5-21-132051286-1762614582-3209893546-1001\n\tAccount Name:\t\tKKurniawan\n\tAccount Domain:\t\tDESKTOP-F650GTN\n\tLogon ID:\t\t0xE138A\n\nObject:\n\tObject Server:\t\tSecurity\n\tObject Type:\t\tFile\n\tObject Name:\t\tC:\\Users\\KKurniawan\\Dropbox\\Secret\n\tHandle ID:\t\t0x5c4\n\tResource Attributes:\tS:AI\n\nProcess Information:\n\tProcess ID:\t\t0x3bb4\n\tProcess Name:\t\tC:\\Program Files (x86)\\Dropbox\\Client\\Dropbox.exe\n\nAccess Request Information:\n\tAccesses:\t\tReadAttributes\n\t\t\t\t\n\tAccess Mask:\t\t0x80","version":1,"objectName":"C:\\Users\\KKurniawan\\Dropbox\\Secret"}
{"logName":"Security","source":"Microsoft-Windows-Security-Auditing","@context":"http://sepses.ifs.tuwien.ac.at/contexts/wineventlog.jsonld","computerName":"DESKTOP-F650GTN","objectServer":"Security","@type":"http://purl.org/sepses/vocab/log/wineventlog#WindowsEventLogEntry","upCode":"Info","resourceAttributes":"S:AI","accessMask":"0x10000","hasLogType":"wineventlog","timestamp":"2019-05-29T13:17:17.285Z","processName":"C:\\Program Files (x86)\\Dropbox\\Client\\Dropbox.exe","handleID":"0x36fc","@timestamp":"2019-05-29T13:17:17.285Z","eventID":4663,"level":"Information","taskCategory":"File System","originatesFrom":{"@type":"rdf:nodeID","@id":"http://example.org/sepses#ddfef788-d0d0-4f40-84ea-9ec94a90d50c","hostName":"DESKTOP-F650GTN"},"objectType":"File","processID":"0x3bb4","@id":"http://example.org/logEntry#logEntry-5b975768-9edd-4b6d-bd10-94f469175dfc","accountName":"KKurniawan","keyword":["Audit Success"],"accountDomain":"DESKTOP-F650GTN","logonID":"0xe138a","accesses":"%%1537\n\t\t\t\t","logMessage":"An attempt was made to access an object.\n\nSubject:\n\tSecurity ID:\t\tS-1-5-21-132051286-1762614582-3209893546-1001\n\tAccount Name:\t\tKKurniawan\n\tAccount Domain:\t\tDESKTOP-F650GTN\n\tLogon ID:\t\t0xE138A\n\nObject:\n\tObject Server:\t\tSecurity\n\tObject Type:\t\tFile\n\tObject Name:\t\tC:\\Users\\KKurniawan\\Dropbox\\.dropbox.cache\\new_files\\ec5e92b1763319a432b5127f963770c2\n\tHandle ID:\t\t0x36fc\n\tResource Attributes:\tS:AI\n\nProcess Information:\n\tProcess ID:\t\t0x3bb4\n\tProcess Name:\t\tC:\\Program Files (x86)\\Dropbox\\Client\\Dropbox.exe\n\nAccess Request Information:\n\tAccesses:\t\tDELETE\n\t\t\t\t\n\tAccess Mask:\t\t0x10000","version":1,"objectName":"C:\\Users\\KKurniawan\\Dropbox\\.dropbox.cache\\new_files\\ec5e92b1763319a432b5127f963770c2"}
{"logName":"Security","source":"Microsoft-Windows-Security-Auditing","@context":"http://sepses.ifs.tuwien.ac.at/contexts/wineventlog.jsonld","computerName":"DESKTOP-F650GTN","objectServer":"Security","@type":"http://purl.org/sepses/vocab/log/wineventlog#WindowsEventLogEntry","upCode":"Info","resourceAttributes":"S:AI","accessMask":"0x80","hasLogType":"wineventlog","timestamp":"2019-05-29T13:17:16.824Z","processName":"C:\\Program Files (x86)\\Dropbox\\Client\\Dropbox.exe","handleID":"0x3490","@timestamp":"2019-05-29T13:17:16.824Z","eventID":4663,"level":"Information","taskCategory":"File System","originatesFrom":{"@type":"rdf:nodeID","@id":"http://example.org/sepses#3ca84632-9dd3-4a26-98f8-6467348c44c6","hostName":"DESKTOP-F650GTN"},"objectType":"File","processID":"0x3bb4","@id":"http://example.org/logEntry#logEntry-09817a72-3e0e-46df-a1d4-083ab6ef7785","accountName":"KKurniawan","keyword":["Audit Success"],"accountDomain":"DESKTOP-F650GTN","logonID":"0xe138a","accesses":"%%4423\n\t\t\t\t","logMessage":"An attempt was made to access an object.\n\nSubject:\n\tSecurity ID:\t\tS-1-5-21-132051286-1762614582-3209893546-1001\n\tAccount Name:\t\tKKurniawan\n\tAccount Domain:\t\tDESKTOP-F650GTN\n\tLogon ID:\t\t0xE138A\n\nObject:\n\tObject Server:\t\tSecurity\n\tObject Type:\t\tFile\n\tObject Name:\t\tC:\\Users\\KKurniawan\\Dropbox\\.dropbox.cache\\new_files\\ec5e92b1763319a432b5127f963770c2\n\tHandle ID:\t\t0x3490\n\tResource Attributes:\tS:AI\n\nProcess Information:\n\tProcess ID:\t\t0x3bb4\n\tProcess Name:\t\tC:\\Program Files (x86)\\Dropbox\\Client\\Dropbox.exe\n\nAccess Request Information:\n\tAccesses:\t\tReadAttributes\n\t\t\t\t\n\tAccess Mask:\t\t0x80","version":1,"objectName":"C:\\Users\\KKurniawan\\Dropbox\\.dropbox.cache\\new_files\\ec5e92b1763319a432b5127f963770c2"}
{"logName":"Security","source":"Microsoft-Windows-Security-Auditing","@context":"http://sepses.ifs.tuwien.ac.at/contexts/wineventlog.jsonld","computerName":"DESKTOP-F650GTN","objectServer":"Security","@type":"http://purl.org/sepses/vocab/log/wineventlog#WindowsEventLogEntry","upCode":"Info","resourceAttributes":"S:AI","accessMask":"0x80","hasLogType":"wineventlog","timestamp":"2019-05-29T13:17:17.287Z","processName":"C:\\Program Files (x86)\\Dropbox\\Client\\Dropbox.exe","handleID":"0x2dbc","@timestamp":"2019-05-29T13:17:17.287Z","eventID":4663,"level":"Information","taskCategory":"File System","originatesFrom":{"@type":"rdf:nodeID","@id":"http://example.org/sepses#59e0def1-1688-4506-a321-4a4224de2520","hostName":"DESKTOP-F650GTN"},"objectType":"File","processID":"0x3bb4","@id":"http://example.org/logEntry#logEntry-e7f2bb83-6957-4f21-b78b-f7082222a728","accountName":"KKurniawan","keyword":["Audit Success"],"accountDomain":"DESKTOP-F650GTN","logonID":"0xe138a","accesses":"%%4423\n\t\t\t\t","logMessage":"An attempt was made to access an object.\n\nSubject:\n\tSecurity ID:\t\tS-1-5-21-132051286-1762614582-3209893546-1001\n\tAccount Name:\t\tKKurniawan\n\tAccount Domain:\t\tDESKTOP-F650GTN\n\tLogon ID:\t\t0xE138A\n\nObject:\n\tObject Server:\t\tSecurity\n\tObject Type:\t\tFile\n\tObject Name:\t\tC:\\Users\\KKurniawan\\Dropbox\\Secret\\secretFileB2.rtf\n\tHandle ID:\t\t0x2dbc\n\tResource Attributes:\tS:AI\n\nProcess Information:\n\tProcess ID:\t\t0x3bb4\n\tProcess Name:\t\tC:\\Program Files (x86)\\Dropbox\\Client\\Dropbox.exe\n\nAccess Request Information:\n\tAccesses:\t\tReadAttributes\n\t\t\t\t\n\tAccess Mask:\t\t0x80","version":1,"objectName":"C:\\Users\\KKurniawan\\Dropbox\\Secret\\secretFileB2.rtf"}
{"logName":"Security","source":"Microsoft-Windows-Security-Auditing","@context":"http://sepses.ifs.tuwien.ac.at/contexts/wineventlog.jsonld","computerName":"DESKTOP-F650GTN","objectServer":"Security","@type":"http://purl.org/sepses/vocab/log/wineventlog#WindowsEventLogEntry","upCode":"Info","resourceAttributes":"S:AI","accessMask":"0x80","hasLogType":"wineventlog","timestamp":"2019-05-29T13:17:17.299Z","processName":"C:\\Program Files (x86)\\Dropbox\\Client\\Dropbox.exe","handleID":"0x3680","@timestamp":"2019-05-29T13:17:17.299Z","eventID":4663,"level":"Information","taskCategory":"File System","originatesFrom":{"@type":"rdf:nodeID","@id":"http://example.org/sepses#22961ed0-24df-435c-82f3-444c6e0d9a98","hostName":"DESKTOP-F650GTN"},"objectType":"File","processID":"0x3bb4","@id":"http://example.org/logEntry#logEntry-de30fd71-6844-457d-ac35-2ec8c0e4e296","accountName":"KKurniawan","keyword":["Audit Success"],"accountDomain":"DESKTOP-F650GTN","logonID":"0xe138a","accesses":"%%4423\n\t\t\t\t","logMessage":"An attempt was made to access an object.\n\nSubject:\n\tSecurity ID:\t\tS-1-5-21-132051286-1762614582-3209893546-1001\n\tAccount Name:\t\tKKurniawan\n\tAccount Domain:\t\tDESKTOP-F650GTN\n\tLogon ID:\t\t0xE138A\n\nObject:\n\tObject Server:\t\tSecurity\n\tObject Type:\t\tFile\n\tObject Name:\t\tC:\\Users\\KKurniawan\\Dropbox\n\tHandle ID:\t\t0x3680\n\tResource Attributes:\tS:AI\n\nProcess Information:\n\tProcess ID:\t\t0x3bb4\n\tProcess Name:\t\tC:\\Program Files (x86)\\Dropbox\\Client\\Dropbox.exe\n\nAccess Request Information:\n\tAccesses:\t\tReadAttributes\n\t\t\t\t\n\tAccess Mask:\t\t0x80","version":1,"objectName":"C:\\Users\\KKurniawan\\Dropbox"}
