{"logMessage":"An attempt was made to access an object.\n\nSubject:\n\tSecurity ID:\t\tS-1-5-21-2361021202-3253521353-2316283985-1001\n\tAccount Name:\t\tVirtualWindows8User\n\tAccount Domain:\t\tVirtualWindows8\n\tLogon ID:\t\t0x5ED4C0\n\nObject:\n\tObject Server:\t\tSecurity\n\tObject Type:\t\tFile\n\tObject Name:\t\tC:\\Users\\VirtualWindows8User\\Dropbox\\Secret\\secretFileB3.xls\n\tHandle ID:\t\t0x2dd0\n\tResource Attributes:\tS:AI\n\nProcess Information:\n\tProcess ID:\t\t0x930\n\tProcess Name:\t\tC:\\Program Files (x86)\\Dropbox\\Client\\Dropbox.exe\n\nAccess Request Information:\n\tAccesses:\t\tReadAttributes\n\t\t\t\t\n\tAccess Mask:\t\t0x80","logonID":"0x5ed4c0","level":"Information","computerName":"VirtualWindows8","upCode":"Info","accesses":"%%4423\n\t\t\t\t","resourceAttributes":"S:AI","@id":"http://example.org/logEntry#logEntry-5dd7995f-8b11-45dd-90f0-93476f2ec521","processName":"C:\\Program Files (x86)\\Dropbox\\Client\\Dropbox.exe","keyword":["Audit Success"],"accessMask":"0x80","@timestamp":"2019-05-29T13:17:16.713Z","version":1,"taskCategory":"File System","@type":"http://purl.org/sepses/vocab/log/wineventlog#WindowsEventLogEntry","handleID":"0x2dd0","eventID":4663,"@context":"http://sepses.ifs.tuwien.ac.at/contexts/wineventlog.jsonld","objectServer":"Security","logName":"Security","hasLogType":"wineventlog","timestamp":"2019-05-29T13:17:16.713Z","accountName":"VirtualWindows8User","processID":"0x930","objectType":"File","accountDomain":"VirtualWindows8","originatesFrom":{"hostName":{"name":"VirtualWindows8"},"@type":"rdf:nodeID","@id":"http://example.org/sepses#8ea9338a-8cad-4d6b-8993-09f8a7e258b6"},"objectName":"C:\\Users\\VirtualWindows8User\\Dropbox\\Secret\\secretFileB3.xls","source":"Microsoft-Windows-Security-Auditing"}
{"logMessage":"An attempt was made to access an object.\n\nSubject:\n\tSecurity ID:\t\tS-1-5-21-2361021202-3253521353-2316283985-1001\n\tAccount Name:\t\tVirtualWindows8User\n\tAccount Domain:\t\tVirtualWindows8\n\tLogon ID:\t\t0x5ED4C0\n\nObject:\n\tObject Server:\t\tSecurity\n\tObject Type:\t\tFile\n\tObject Name:\t\tC:\\Users\\VirtualWindows8User\\Dropbox\\Secret\n\tHandle ID:\t\t0x13d4\n\tResource Attributes:\tS:AI\n\nProcess Information:\n\tProcess ID:\t\t0x930\n\tProcess Name:\t\tC:\\Program Files (x86)\\Dropbox\\Client\\Dropbox.exe\n\nAccess Request Information:\n\tAccesses:\t\tReadAttributes\n\t\t\t\t\n\tAccess Mask:\t\t0x80","logonID":"0x5ed4c0","level":"Information","computerName":"VirtualWindows8","upCode":"Info","accesses":"%%4423\n\t\t\t\t","resourceAttributes":"S:AI","@id":"http://example.org/logEntry#logEntry-6ae6cb8c-fdc4-4bd5-923d-36e11b89a1ab","processName":"C:\\Program Files (x86)\\Dropbox\\Client\\Dropbox.exe","keyword":["Audit Success"],"accessMask":"0x80","@timestamp":"2019-05-29T13:17:16.760Z","version":1,"taskCategory":"File System","@type":"http://purl.org/sepses/vocab/log/wineventlog#WindowsEventLogEntry","handleID":"0x13d4","eventID":4663,"@context":"http://sepses.ifs.tuwien.ac.at/contexts/wineventlog.jsonld","objectServer":"Security","logName":"Security","hasLogType":"wineventlog","timestamp":"2019-05-29T13:17:16.760Z","accountName":"VirtualWindows8User","processID":"0x930","objectType":"File","accountDomain":"VirtualWindows8","originatesFrom":{"hostName":{"name":"VirtualWindows8"},"@type":"rdf:nodeID","@id":"http://example.org/sepses#14875764-b8c4-4b8f-ab4b-18926ce952f5"},"objectName":"C:\\Users\\VirtualWindows8User\\Dropbox\\Secret","source":"Microsoft-Windows-Security-Auditing"}
{"logMessage":"An attempt was made to access an object.\n\nSubject:\n\tSecurity ID:\t\tS-1-5-18\n\tAccount Name:\t\tVIRTUALWINDOWS8$\n\tAccount Domain:\t\tWORKGROUP\n\tLogon ID:\t\t0x3E7\n\nObject:\n\tObject Server:\t\tSecurity\n\tObject Type:\t\tFile\n\tObject Name:\t\tC:\\Windows\\WinSxS\\wow64_microsoft-windows-security-kerberos_31bf3856ad364e35_6.3.9600.18838_none_e223d43ab8f95713\\kerberos.dll\n\tHandle ID:\t\t0x2bb0\n\tResource Attributes:\tS:AI\n\nProcess Information:\n\tProcess ID:\t\t0xd1c\n\tProcess Name:\t\tC:\\Windows\\WinSxS\\amd64_microsoft-windows-servicingstack_31bf3856ad364e35_6.3.9600.18384_none_fa1d93c39b41b41a\\TiWorker.exe\n\nAccess Request Information:\n\tAccesses:\t\tDELETE\n\t\t\t\t\n\tAccess Mask:\t\t0x10000","logonID":"0x3e7","level":"Information","computerName":"VirtualWindows8","upCode":"Info","accesses":"%%1537\n\t\t\t\t","resourceAttributes":"S:AI","@id":"http://example.org/logEntry#logEntry-c8624e7b-b0c3-48f1-84fc-403f94529129","processName":"C:\\Windows\\WinSxS\\amd64_microsoft-windows-servicingstack_31bf3856ad364e35_6.3.9600.18384_none_fa1d93c39b41b41a\\TiWorker.exe","keyword":["Audit Success"],"accessMask":"0x10000","@timestamp":"2019-05-29T13:17:19.932Z","version":1,"taskCategory":"File System","@type":"http://purl.org/sepses/vocab/log/wineventlog#WindowsEventLogEntry","handleID":"0x2bb0","eventID":4663,"@context":"http://sepses.ifs.tuwien.ac.at/contexts/wineventlog.jsonld","objectServer":"Security","logName":"Security","hasLogType":"wineventlog","timestamp":"2019-05-29T13:17:19.932Z","accountName":"VIRTUALWINDOWS8$","processID":"0xd1c","objectType":"File","accountDomain":"WORKGROUP","originatesFrom":{"hostName":{"name":"VirtualWindows8"},"@type":"rdf:nodeID","@id":"http://example.org/sepses#16571f09-fa3c-468f-9199-3f17e78a5fd5"},"objectName":"C:\\Windows\\WinSxS\\wow64_microsoft-windows-security-kerberos_31bf3856ad364e35_6.3.9600.18838_none_e223d43ab8f95713\\kerberos.dll","source":"Microsoft-Windows-Security-Auditing"}
{"logMessage":"An object was deleted.\n\nSubject:\n\tSecurity ID:\t\tS-1-5-18\n\tAccount Name:\t\tVIRTUALWINDOWS8$\n\tAccount Domain:\t\tWORKGROUP\n\tLogon ID:\t\t0x3E7\n\nObject:\n\tObject Server:\tSecurity\n\tHandle ID:\t0x2bb0\n\nProcess Information:\n\tProcess ID:\t0xd1c\n\tProcess Name:\tC:\\Windows\\WinSxS\\amd64_microsoft-windows-servicingstack_31bf3856ad364e35_6.3.9600.18384_none_fa1d93c39b41b41a\\TiWorker.exe\n\tTransaction ID:\t{3CD79209-820F-11E9-9C1D-0800279A39D8}","logonID":"0x3e7","level":"Information","computerName":"VirtualWindows8","upCode":"Info","@id":"http://example.org/logEntry#logEntry-6bde1495-1e0e-4ce4-a023-1fd541923fce","processName":"C:\\Windows\\WinSxS\\amd64_microsoft-windows-servicingstack_31bf3856ad364e35_6.3.9600.18384_none_fa1d93c39b41b41a\\TiWorker.exe","keyword":["Audit Success"],"@timestamp":"2019-05-29T13:17:19.932Z","taskCategory":"File System","@type":"http://purl.org/sepses/vocab/log/wineventlog#WindowsEventLogEntry","handleID":"0x2bb0","eventID":4660,"@context":"http://sepses.ifs.tuwien.ac.at/contexts/wineventlog.jsonld","objectServer":"Security","logName":"Security","hasLogType":"wineventlog","timestamp":"2019-05-29T13:17:19.932Z","accountName":"VIRTUALWINDOWS8$","processID":"0xd1c","accountDomain":"WORKGROUP","originatesFrom":{"hostName":{"name":"VirtualWindows8"},"@type":"rdf:nodeID","@id":"http://example.org/sepses#7818d4e8-749c-4843-ac2a-8c94be3f72d9"},"source":"Microsoft-Windows-Security-Auditing"}
{"logMessage":"An object was deleted.\n\nSubject:\n\tSecurity ID:\t\tS-1-5-18\n\tAccount Name:\t\tVIRTUALWINDOWS8$\n\tAccount Domain:\t\tWORKGROUP\n\tLogon ID:\t\t0x3E7\n\nObject:\n\tObject Server:\tSecurity\n\tHandle ID:\t0x2b94\n\nProcess Information:\n\tProcess ID:\t0xd1c\n\tProcess Name:\tC:\\Windows\\WinSxS\\amd64_microsoft-windows-servicingstack_31bf3856ad364e35_6.3.9600.18384_none_fa1d93c39b41b41a\\TiWorker.exe\n\tTransaction ID:\t{3CD79221-820F-11E9-9C1D-0800279A39D8}","logonID":"0x3e7","level":"Information","computerName":"VirtualWindows8","upCode":"Info","@id":"http://example.org/logEntry#logEntry-faf27ad7-4e74-445e-a365-c139798cf1f5","processName":"C:\\Windows\\WinSxS\\amd64_microsoft-windows-servicingstack_31bf3856ad364e35_6.3.9600.18384_none_fa1d93c39b41b41a\\TiWorker.exe","keyword":["Audit Success"],"@timestamp":"2019-05-29T13:17:21.510Z","taskCategory":"File System","@type":"http://purl.org/sepses/vocab/log/wineventlog#WindowsEventLogEntry","handleID":"0x2b94","eventID":4660,"@context":"http://sepses.ifs.tuwien.ac.at/contexts/wineventlog.jsonld","objectServer":"Security","logName":"Security","hasLogType":"wineventlog","timestamp":"2019-05-29T13:17:21.510Z","accountName":"VIRTUALWINDOWS8$","processID":"0xd1c","accountDomain":"WORKGROUP","originatesFrom":{"hostName":{"name":"VirtualWindows8"},"@type":"rdf:nodeID","@id":"http://example.org/sepses#2b5edfa0-0d4c-40da-a790-2c481042a21a"},"source":"Microsoft-Windows-Security-Auditing"}
{"logMessage":"An object was deleted.\n\nSubject:\n\tSecurity ID:\t\tS-1-5-18\n\tAccount Name:\t\tVIRTUALWINDOWS8$\n\tAccount Domain:\t\tWORKGROUP\n\tLogon ID:\t\t0x3E7\n\nObject:\n\tObject Server:\tSecurity\n\tHandle ID:\t0x2bbc\n\nProcess Information:\n\tProcess ID:\t0xd1c\n\tProcess Name:\tC:\\Windows\\WinSxS\\amd64_microsoft-windows-servicingstack_31bf3856ad364e35_6.3.9600.18384_none_fa1d93c39b41b41a\\TiWorker.exe\n\tTransaction ID:\t{3CD7922D-820F-11E9-9C1D-0800279A39D8}","logonID":"0x3e7","level":"Information","computerName":"VirtualWindows8","upCode":"Info","@id":"http://example.org/logEntry#logEntry-9dc2e533-dbee-4f7d-a89d-8076a8798124","processName":"C:\\Windows\\WinSxS\\amd64_microsoft-windows-servicingstack_31bf3856ad364e35_6.3.9600.18384_none_fa1d93c39b41b41a\\TiWorker.exe","keyword":["Audit Success"],"@timestamp":"2019-05-29T13:17:21.635Z","taskCategory":"File System","@type":"http://purl.org/sepses/vocab/log/wineventlog#WindowsEventLogEntry","handleID":"0x2bbc","eventID":4660,"@context":"http://sepses.ifs.tuwien.ac.at/contexts/wineventlog.jsonld","objectServer":"Security","logName":"Security","hasLogType":"wineventlog","timestamp":"2019-05-29T13:17:21.635Z","accountName":"VIRTUALWINDOWS8$","processID":"0xd1c","accountDomain":"WORKGROUP","originatesFrom":{"hostName":{"name":"VirtualWindows8"},"@type":"rdf:nodeID","@id":"http://example.org/sepses#c851b486-fe9e-43ac-b18b-f13860b49e90"},"source":"Microsoft-Windows-Security-Auditing"}
{"logMessage":"An attempt was made to access an object.\n\nSubject:\n\tSecurity ID:\t\tS-1-5-21-2361021202-3253521353-2316283985-1001\n\tAccount Name:\t\tVirtualWindows8User\n\tAccount Domain:\t\tVirtualWindows8\n\tLogon ID:\t\t0x5ED4C0\n\nObject:\n\tObject Server:\t\tSecurity\n\tObject Type:\t\tFile\n\tObject Name:\t\tC:\\Users\\VirtualWindows8User\\Dropbox\\Secret\\secretFileB1.doc\n\tHandle ID:\t\t0xb4\n\tResource Attributes:\tS:AI\n\nProcess Information:\n\tProcess ID:\t\t0x9a4\n\tProcess Name:\t\tC:\\Windows\\System32\\cmd.exe\n\nAccess Request Information:\n\tAccesses:\t\tDELETE\n\t\t\t\t\n\tAccess Mask:\t\t0x10000","logonID":"0x5ed4c0","level":"Information","computerName":"VirtualWindows8","upCode":"Info","accesses":"%%1537\n\t\t\t\t","resourceAttributes":"S:AI","@id":"http://example.org/logEntry#logEntry-7a99cc16-f4f3-447d-8d56-c7072c6d4b9d","processName":"C:\\Windows\\System32\\cmd.exe","keyword":["Audit Success"],"accessMask":"0x10000","@timestamp":"2019-05-29T13:17:22.213Z","version":1,"taskCategory":"File System","@type":"http://purl.org/sepses/vocab/log/wineventlog#WindowsEventLogEntry","handleID":"0xb4","eventID":4663,"@context":"http://sepses.ifs.tuwien.ac.at/contexts/wineventlog.jsonld","objectServer":"Security","logName":"Security","hasLogType":"wineventlog","timestamp":"2019-05-29T13:17:22.213Z","accountName":"VirtualWindows8User","processID":"0x9a4","objectType":"File","accountDomain":"VirtualWindows8","originatesFrom":{"hostName":{"name":"VirtualWindows8"},"@type":"rdf:nodeID","@id":"http://example.org/sepses#a7033b7d-66a7-4fd6-bdbf-951358ff56c0"},"objectName":"C:\\Users\\VirtualWindows8User\\Dropbox\\Secret\\secretFileB1.doc","source":"Microsoft-Windows-Security-Auditing"}
{"logMessage":"An attempt was made to access an object.\n\nSubject:\n\tSecurity ID:\t\tS-1-5-21-2361021202-3253521353-2316283985-1001\n\tAccount Name:\t\tVirtualWindows8User\n\tAccount Domain:\t\tVirtualWindows8\n\tLogon ID:\t\t0x5ED4C0\n\nObject:\n\tObject Server:\t\tSecurity\n\tObject Type:\t\tFile\n\tObject Name:\t\tC:\\Users\\VirtualWindows8User\\Dropbox\n\tHandle ID:\t\t0xff0\n\tResource Attributes:\tS:AI\n\nProcess Information:\n\tProcess ID:\t\t0x930\n\tProcess Name:\t\tC:\\Program Files (x86)\\Dropbox\\Client\\Dropbox.exe\n\nAccess Request Information:\n\tAccesses:\t\tReadAttributes\n\t\t\t\t\n\tAccess Mask:\t\t0x80","logonID":"0x5ed4c0","level":"Information","computerName":"VirtualWindows8","upCode":"Info","accesses":"%%4423\n\t\t\t\t","resourceAttributes":"S:AI","@id":"http://example.org/logEntry#logEntry-cb2e7097-5efd-4a1a-9b11-1ca9164d82d2","processName":"C:\\Program Files (x86)\\Dropbox\\Client\\Dropbox.exe","keyword":["Audit Success"],"accessMask":"0x80","@timestamp":"2019-05-29T13:17:22.244Z","version":1,"taskCategory":"File System","@type":"http://purl.org/sepses/vocab/log/wineventlog#WindowsEventLogEntry","handleID":"0xff0","eventID":4663,"@context":"http://sepses.ifs.tuwien.ac.at/contexts/wineventlog.jsonld","objectServer":"Security","logName":"Security","hasLogType":"wineventlog","timestamp":"2019-05-29T13:17:22.244Z","accountName":"VirtualWindows8User","processID":"0x930","objectType":"File","accountDomain":"VirtualWindows8","originatesFrom":{"hostName":{"name":"VirtualWindows8"},"@type":"rdf:nodeID","@id":"http://example.org/sepses#f42ba372-7150-4334-8f15-1a93d8d8ef4c"},"objectName":"C:\\Users\\VirtualWindows8User\\Dropbox","source":"Microsoft-Windows-Security-Auditing"}
{"logMessage":"An attempt was made to access an object.\n\nSubject:\n\tSecurity ID:\t\tS-1-5-21-2361021202-3253521353-2316283985-1001\n\tAccount Name:\t\tVirtualWindows8User\n\tAccount Domain:\t\tVirtualWindows8\n\tLogon ID:\t\t0x5ED4C0\n\nObject:\n\tObject Server:\t\tSecurity\n\tObject Type:\t\tFile\n\tObject Name:\t\tC:\\Users\\VirtualWindows8User\\Dropbox\n\tHandle ID:\t\t0x2dc0\n\tResource Attributes:\tS:AI\n\nProcess Information:\n\tProcess ID:\t\t0x930\n\tProcess Name:\t\tC:\\Program Files (x86)\\Dropbox\\Client\\Dropbox.exe\n\nAccess Request Information:\n\tAccesses:\t\tReadAttributes\n\t\t\t\t\n\tAccess Mask:\t\t0x80","logonID":"0x5ed4c0","level":"Information","computerName":"VirtualWindows8","upCode":"Info","accesses":"%%4423\n\t\t\t\t","resourceAttributes":"S:AI","@id":"http://example.org/logEntry#logEntry-67674ae5-8496-4552-bd51-268893c92113","processName":"C:\\Program Files (x86)\\Dropbox\\Client\\Dropbox.exe","keyword":["Audit Success"],"accessMask":"0x80","@timestamp":"2019-05-29T13:17:22.244Z","version":1,"taskCategory":"File System","@type":"http://purl.org/sepses/vocab/log/wineventlog#WindowsEventLogEntry","handleID":"0x2dc0","eventID":4663,"@context":"http://sepses.ifs.tuwien.ac.at/contexts/wineventlog.jsonld","objectServer":"Security","logName":"Security","hasLogType":"wineventlog","timestamp":"2019-05-29T13:17:22.244Z","accountName":"VirtualWindows8User","processID":"0x930","objectType":"File","accountDomain":"VirtualWindows8","originatesFrom":{"hostName":{"name":"VirtualWindows8"},"@type":"rdf:nodeID","@id":"http://example.org/sepses#4d3317d3-da0d-4d9e-8dfd-3c8f8aa287ce"},"objectName":"C:\\Users\\VirtualWindows8User\\Dropbox","source":"Microsoft-Windows-Security-Auditing"}
{"logMessage":"An attempt was made to access an object.\n\nSubject:\n\tSecurity ID:\t\tS-1-5-21-2361021202-3253521353-2316283985-1001\n\tAccount Name:\t\tVirtualWindows8User\n\tAccount Domain:\t\tVirtualWindows8\n\tLogon ID:\t\t0x5ED4C0\n\nObject:\n\tObject Server:\t\tSecurity\n\tObject Type:\t\tFile\n\tObject Name:\t\tC:\\Users\\VirtualWindows8User\\Dropbox\\Secret\n\tHandle ID:\t\t0x2a80\n\tResource Attributes:\tS:AI\n\nProcess Information:\n\tProcess ID:\t\t0x930\n\tProcess Name:\t\tC:\\Program Files (x86)\\Dropbox\\Client\\Dropbox.exe\n\nAccess Request Information:\n\tAccesses:\t\tReadAttributes\n\t\t\t\t\n\tAccess Mask:\t\t0x80","logonID":"0x5ed4c0","level":"Information","computerName":"VirtualWindows8","upCode":"Info","accesses":"%%4423\n\t\t\t\t","resourceAttributes":"S:AI","@id":"http://example.org/logEntry#logEntry-6b140097-4411-41cc-97da-d2df4ba696b3","processName":"C:\\Program Files (x86)\\Dropbox\\Client\\Dropbox.exe","keyword":["Audit Success"],"accessMask":"0x80","@timestamp":"2019-05-29T13:17:22.260Z","version":1,"taskCategory":"File System","@type":"http://purl.org/sepses/vocab/log/wineventlog#WindowsEventLogEntry","handleID":"0x2a80","eventID":4663,"@context":"http://sepses.ifs.tuwien.ac.at/contexts/wineventlog.jsonld","objectServer":"Security","logName":"Security","hasLogType":"wineventlog","timestamp":"2019-05-29T13:17:22.260Z","accountName":"VirtualWindows8User","processID":"0x930","objectType":"File","accountDomain":"VirtualWindows8","originatesFrom":{"hostName":{"name":"VirtualWindows8"},"@type":"rdf:nodeID","@id":"http://example.org/sepses#e7cbd9af-a683-4526-9411-7f2ee27743c6"},"objectName":"C:\\Users\\VirtualWindows8User\\Dropbox\\Secret","source":"Microsoft-Windows-Security-Auditing"}
{"logMessage":"An attempt was made to access an object.\n\nSubject:\n\tSecurity ID:\t\tS-1-5-21-2361021202-3253521353-2316283985-1001\n\tAccount Name:\t\tVirtualWindows8User\n\tAccount Domain:\t\tVirtualWindows8\n\tLogon ID:\t\t0x5ED4C0\n\nObject:\n\tObject Server:\t\tSecurity\n\tObject Type:\t\tFile\n\tObject Name:\t\tC:\\Users\\VirtualWindows8User\\Dropbox\n\tHandle ID:\t\t0x990\n\tResource Attributes:\tS:AI\n\nProcess Information:\n\tProcess ID:\t\t0x930\n\tProcess Name:\t\tC:\\Program Files (x86)\\Dropbox\\Client\\Dropbox.exe\n\nAccess Request Information:\n\tAccesses:\t\tReadAttributes\n\t\t\t\t\n\tAccess Mask:\t\t0x80","logonID":"0x5ed4c0","level":"Information","computerName":"VirtualWindows8","upCode":"Info","accesses":"%%4423\n\t\t\t\t","resourceAttributes":"S:AI","@id":"http://example.org/logEntry#logEntry-0798207f-afa1-4251-a7c6-51be2b97075d","processName":"C:\\Program Files (x86)\\Dropbox\\Client\\Dropbox.exe","keyword":["Audit Success"],"accessMask":"0x80","@timestamp":"2019-05-29T13:17:22.275Z","version":1,"taskCategory":"File System","@type":"http://purl.org/sepses/vocab/log/wineventlog#WindowsEventLogEntry","handleID":"0x990","eventID":4663,"@context":"http://sepses.ifs.tuwien.ac.at/contexts/wineventlog.jsonld","objectServer":"Security","logName":"Security","hasLogType":"wineventlog","timestamp":"2019-05-29T13:17:22.275Z","accountName":"VirtualWindows8User","processID":"0x930","objectType":"File","accountDomain":"VirtualWindows8","originatesFrom":{"hostName":{"name":"VirtualWindows8"},"@type":"rdf:nodeID","@id":"http://example.org/sepses#b82a2cd8-5176-46b2-a06d-b4d46a5d954b"},"objectName":"C:\\Users\\VirtualWindows8User\\Dropbox","source":"Microsoft-Windows-Security-Auditing"}
{"logMessage":"An attempt was made to access an object.\n\nSubject:\n\tSecurity ID:\t\tS-1-5-21-2361021202-3253521353-2316283985-1001\n\tAccount Name:\t\tVirtualWindows8User\n\tAccount Domain:\t\tVirtualWindows8\n\tLogon ID:\t\t0x5ED4C0\n\nObject:\n\tObject Server:\t\tSecurity\n\tObject Type:\t\tFile\n\tObject Name:\t\tC:\\Users\\VirtualWindows8User\\Dropbox\\Secret\\secretFileB1_copy.doc\n\tHandle ID:\t\t0x990\n\tResource Attributes:\tS:AI\n\nProcess Information:\n\tProcess ID:\t\t0x930\n\tProcess Name:\t\tC:\\Program Files (x86)\\Dropbox\\Client\\Dropbox.exe\n\nAccess Request Information:\n\tAccesses:\t\tReadAttributes\n\t\t\t\t\n\tAccess Mask:\t\t0x80","logonID":"0x5ed4c0","level":"Information","computerName":"VirtualWindows8","upCode":"Info","accesses":"%%4423\n\t\t\t\t","resourceAttributes":"S:AI","@id":"http://example.org/logEntry#logEntry-b13e89e7-07a3-4878-bfa5-598611161b64","processName":"C:\\Program Files (x86)\\Dropbox\\Client\\Dropbox.exe","keyword":["Audit Success"],"accessMask":"0x80","@timestamp":"2019-05-29T13:17:22.275Z","version":1,"taskCategory":"File System","@type":"http://purl.org/sepses/vocab/log/wineventlog#WindowsEventLogEntry","handleID":"0x990","eventID":4663,"@context":"http://sepses.ifs.tuwien.ac.at/contexts/wineventlog.jsonld","objectServer":"Security","logName":"Security","hasLogType":"wineventlog","timestamp":"2019-05-29T13:17:22.275Z","accountName":"VirtualWindows8User","processID":"0x930","objectType":"File","accountDomain":"VirtualWindows8","originatesFrom":{"hostName":{"name":"VirtualWindows8"},"@type":"rdf:nodeID","@id":"http://example.org/sepses#a2d8351c-4fc5-4783-b614-213731290f85"},"objectName":"C:\\Users\\VirtualWindows8User\\Dropbox\\Secret\\secretFileB1_copy.doc","source":"Microsoft-Windows-Security-Auditing"}
{"logMessage":"An object was deleted.\n\nSubject:\n\tSecurity ID:\t\tS-1-5-18\n\tAccount Name:\t\tVIRTUALWINDOWS8$\n\tAccount Domain:\t\tWORKGROUP\n\tLogon ID:\t\t0x3E7\n\nObject:\n\tObject Server:\tSecurity\n\tHandle ID:\t0x2ba4\n\nProcess Information:\n\tProcess ID:\t0xd1c\n\tProcess Name:\tC:\\Windows\\WinSxS\\amd64_microsoft-windows-servicingstack_31bf3856ad364e35_6.3.9600.18384_none_fa1d93c39b41b41a\\TiWorker.exe\n\tTransaction ID:\t{3CD7923A-820F-11E9-9C1D-0800279A39D8}","logonID":"0x3e7","level":"Information","computerName":"VirtualWindows8","upCode":"Info","@id":"http://example.org/logEntry#logEntry-4d4b9d15-952b-4574-a0d4-9cd8bf3a1067","processName":"C:\\Windows\\WinSxS\\amd64_microsoft-windows-servicingstack_31bf3856ad364e35_6.3.9600.18384_none_fa1d93c39b41b41a\\TiWorker.exe","keyword":["Audit Success"],"@timestamp":"2019-05-29T13:17:22.322Z","taskCategory":"File System","@type":"http://purl.org/sepses/vocab/log/wineventlog#WindowsEventLogEntry","handleID":"0x2ba4","eventID":4660,"@context":"http://sepses.ifs.tuwien.ac.at/contexts/wineventlog.jsonld","objectServer":"Security","logName":"Security","hasLogType":"wineventlog","timestamp":"2019-05-29T13:17:22.322Z","accountName":"VIRTUALWINDOWS8$","processID":"0xd1c","accountDomain":"WORKGROUP","originatesFrom":{"hostName":{"name":"VirtualWindows8"},"@type":"rdf:nodeID","@id":"http://example.org/sepses#14a3e501-8700-4026-a4cc-97a7831e91e5"},"source":"Microsoft-Windows-Security-Auditing"}
{"logMessage":"An attempt was made to access an object.\n\nSubject:\n\tSecurity ID:\t\tS-1-5-18\n\tAccount Name:\t\tVIRTUALWINDOWS8$\n\tAccount Domain:\t\tWORKGROUP\n\tLogon ID:\t\t0x3E7\n\nObject:\n\tObject Server:\t\tSecurity\n\tObject Type:\t\tFile\n\tObject Name:\t\tC:\\Windows\\WinSxS\\wow64_microsoft-windows-security-netlogon_31bf3856ad364e35_6.3.9600.18970_none_f8d16e38404d51a5\\netlogon.dll\n\tHandle ID:\t\t0x2b94\n\tResource Attributes:\tS:AI\n\nProcess Information:\n\tProcess ID:\t\t0xd1c\n\tProcess Name:\t\tC:\\Windows\\WinSxS\\amd64_microsoft-windows-servicingstack_31bf3856ad364e35_6.3.9600.18384_none_fa1d93c39b41b41a\\TiWorker.exe\n\nAccess Request Information:\n\tAccesses:\t\tDELETE\n\t\t\t\t\n\tAccess Mask:\t\t0x10000","logonID":"0x3e7","level":"Information","computerName":"VirtualWindows8","upCode":"Info","accesses":"%%1537\n\t\t\t\t","resourceAttributes":"S:AI","@id":"http://example.org/logEntry#logEntry-5d28120b-8364-49f8-afd7-0c05a51ea5fe","processName":"C:\\Windows\\WinSxS\\amd64_microsoft-windows-servicingstack_31bf3856ad364e35_6.3.9600.18384_none_fa1d93c39b41b41a\\TiWorker.exe","keyword":["Audit Success"],"accessMask":"0x10000","@timestamp":"2019-05-29T13:17:21.510Z","version":1,"taskCategory":"File System","@type":"http://purl.org/sepses/vocab/log/wineventlog#WindowsEventLogEntry","handleID":"0x2b94","eventID":4663,"@context":"http://sepses.ifs.tuwien.ac.at/contexts/wineventlog.jsonld","objectServer":"Security","logName":"Security","hasLogType":"wineventlog","timestamp":"2019-05-29T13:17:21.510Z","accountName":"VIRTUALWINDOWS8$","processID":"0xd1c","objectType":"File","accountDomain":"WORKGROUP","originatesFrom":{"hostName":{"name":"VirtualWindows8"},"@type":"rdf:nodeID","@id":"http://example.org/sepses#eebd5309-f0e8-4165-8794-ec4b36e041c2"},"objectName":"C:\\Windows\\WinSxS\\wow64_microsoft-windows-security-netlogon_31bf3856ad364e35_6.3.9600.18970_none_f8d16e38404d51a5\\netlogon.dll","source":"Microsoft-Windows-Security-Auditing"}
{"logMessage":"An attempt was made to access an object.\n\nSubject:\n\tSecurity ID:\t\tS-1-5-18\n\tAccount Name:\t\tVIRTUALWINDOWS8$\n\tAccount Domain:\t\tWORKGROUP\n\tLogon ID:\t\t0x3E7\n\nObject:\n\tObject Server:\t\tSecurity\n\tObject Type:\t\tFile\n\tObject Name:\t\tC:\\Windows\\WinSxS\\wow64_microsoft-windows-security-netlogon_31bf3856ad364e35_6.3.9600.19236_none_f9028b924027a77b\\netlogon.dll\n\tHandle ID:\t\t0x2bbc\n\tResource Attributes:\tS:AI\n\nProcess Information:\n\tProcess ID:\t\t0xd1c\n\tProcess Name:\t\tC:\\Windows\\WinSxS\\amd64_microsoft-windows-servicingstack_31bf3856ad364e35_6.3.9600.18384_none_fa1d93c39b41b41a\\TiWorker.exe\n\nAccess Request Information:\n\tAccesses:\t\tDELETE\n\t\t\t\t\n\tAccess Mask:\t\t0x10000","logonID":"0x3e7","level":"Information","computerName":"VirtualWindows8","upCode":"Info","accesses":"%%1537\n\t\t\t\t","resourceAttributes":"S:AI","@id":"http://example.org/logEntry#logEntry-22d77ac0-5ecf-405c-a484-952c2052a31e","processName":"C:\\Windows\\WinSxS\\amd64_microsoft-windows-servicingstack_31bf3856ad364e35_6.3.9600.18384_none_fa1d93c39b41b41a\\TiWorker.exe","keyword":["Audit Success"],"accessMask":"0x10000","@timestamp":"2019-05-29T13:17:21.635Z","version":1,"taskCategory":"File System","@type":"http://purl.org/sepses/vocab/log/wineventlog#WindowsEventLogEntry","handleID":"0x2bbc","eventID":4663,"@context":"http://sepses.ifs.tuwien.ac.at/contexts/wineventlog.jsonld","objectServer":"Security","logName":"Security","hasLogType":"wineventlog","timestamp":"2019-05-29T13:17:21.635Z","accountName":"VIRTUALWINDOWS8$","processID":"0xd1c","objectType":"File","accountDomain":"WORKGROUP","originatesFrom":{"hostName":{"name":"VirtualWindows8"},"@type":"rdf:nodeID","@id":"http://example.org/sepses#53dccefb-1609-494d-bce3-3c400b9951db"},"objectName":"C:\\Windows\\WinSxS\\wow64_microsoft-windows-security-netlogon_31bf3856ad364e35_6.3.9600.19236_none_f9028b924027a77b\\netlogon.dll","source":"Microsoft-Windows-Security-Auditing"}
{"logMessage":"An attempt was made to access an object.\n\nSubject:\n\tSecurity ID:\t\tS-1-5-21-2361021202-3253521353-2316283985-1001\n\tAccount Name:\t\tVirtualWindows8User\n\tAccount Domain:\t\tVirtualWindows8\n\tLogon ID:\t\t0x5ED4C0\n\nObject:\n\tObject Server:\t\tSecurity\n\tObject Type:\t\tFile\n\tObject Name:\t\tC:\\Users\\VirtualWindows8User\\Dropbox\\Secret\\secretFileB1.doc\n\tHandle ID:\t\t0xb4\n\tResource Attributes:\tS:AI\n\nProcess Information:\n\tProcess ID:\t\t0x9a4\n\tProcess Name:\t\tC:\\Windows\\System32\\cmd.exe\n\nAccess Request Information:\n\tAccesses:\t\tReadAttributes\n\t\t\t\t\n\tAccess Mask:\t\t0x80","logonID":"0x5ed4c0","level":"Information","computerName":"VirtualWindows8","upCode":"Info","accesses":"%%4423\n\t\t\t\t","resourceAttributes":"S:AI","@id":"http://example.org/logEntry#logEntry-ccfab6d9-2d51-4aa2-bc59-b1137fa9900e","processName":"C:\\Windows\\System32\\cmd.exe","keyword":["Audit Success"],"accessMask":"0x80","@timestamp":"2019-05-29T13:17:22.213Z","version":1,"taskCategory":"File System","@type":"http://purl.org/sepses/vocab/log/wineventlog#WindowsEventLogEntry","handleID":"0xb4","eventID":4663,"@context":"http://sepses.ifs.tuwien.ac.at/contexts/wineventlog.jsonld","objectServer":"Security","logName":"Security","hasLogType":"wineventlog","timestamp":"2019-05-29T13:17:22.213Z","accountName":"VirtualWindows8User","processID":"0x9a4","objectType":"File","accountDomain":"VirtualWindows8","originatesFrom":{"hostName":{"name":"VirtualWindows8"},"@type":"rdf:nodeID","@id":"http://example.org/sepses#65bddf2f-33d0-4515-882d-8f699e15a41e"},"objectName":"C:\\Users\\VirtualWindows8User\\Dropbox\\Secret\\secretFileB1.doc","source":"Microsoft-Windows-Security-Auditing"}
{"logMessage":"An attempt was made to access an object.\n\nSubject:\n\tSecurity ID:\t\tS-1-5-21-2361021202-3253521353-2316283985-1001\n\tAccount Name:\t\tVirtualWindows8User\n\tAccount Domain:\t\tVirtualWindows8\n\tLogon ID:\t\t0x5ED4C0\n\nObject:\n\tObject Server:\t\tSecurity\n\tObject Type:\t\tFile\n\tObject Name:\t\tC:\\Users\\VirtualWindows8User\\Dropbox\\Secret\n\tHandle ID:\t\t0x13a8\n\tResource Attributes:\tS:AI\n\nProcess Information:\n\tProcess ID:\t\t0x9a4\n\tProcess Name:\t\tC:\\Windows\\System32\\cmd.exe\n\nAccess Request Information:\n\tAccesses:\t\tWriteData (or AddFile)\n\t\t\t\t\n\tAccess Mask:\t\t0x2","logonID":"0x5ed4c0","level":"Information","computerName":"VirtualWindows8","upCode":"Info","accesses":"%%4417\n\t\t\t\t","resourceAttributes":"S:AI","@id":"http://example.org/logEntry#logEntry-63d7650a-b586-4020-abc5-f6d88c31764f","processName":"C:\\Windows\\System32\\cmd.exe","keyword":["Audit Success"],"accessMask":"0x2","@timestamp":"2019-05-29T13:17:22.213Z","version":1,"taskCategory":"File System","@type":"http://purl.org/sepses/vocab/log/wineventlog#WindowsEventLogEntry","handleID":"0x13a8","eventID":4663,"@context":"http://sepses.ifs.tuwien.ac.at/contexts/wineventlog.jsonld","objectServer":"Security","logName":"Security","hasLogType":"wineventlog","timestamp":"2019-05-29T13:17:22.213Z","accountName":"VirtualWindows8User","processID":"0x9a4","objectType":"File","accountDomain":"VirtualWindows8","originatesFrom":{"hostName":{"name":"VirtualWindows8"},"@type":"rdf:nodeID","@id":"http://example.org/sepses#e75c9795-d79f-46c9-b053-fa34c1f8c3ca"},"objectName":"C:\\Users\\VirtualWindows8User\\Dropbox\\Secret","source":"Microsoft-Windows-Security-Auditing"}
{"logMessage":"An attempt was made to access an object.\n\nSubject:\n\tSecurity ID:\t\tS-1-5-21-2361021202-3253521353-2316283985-1001\n\tAccount Name:\t\tVirtualWindows8User\n\tAccount Domain:\t\tVirtualWindows8\n\tLogon ID:\t\t0x5ED4C0\n\nObject:\n\tObject Server:\t\tSecurity\n\tObject Type:\t\tFile\n\tObject Name:\t\tC:\\Users\\VirtualWindows8User\\Dropbox\\Secret\n\tHandle ID:\t\t0x2dc0\n\tResource Attributes:\tS:AI\n\nProcess Information:\n\tProcess ID:\t\t0x930\n\tProcess Name:\t\tC:\\Program Files (x86)\\Dropbox\\Client\\Dropbox.exe\n\nAccess Request Information:\n\tAccesses:\t\tReadAttributes\n\t\t\t\t\n\tAccess Mask:\t\t0x80","logonID":"0x5ed4c0","level":"Information","computerName":"VirtualWindows8","upCode":"Info","accesses":"%%4423\n\t\t\t\t","resourceAttributes":"S:AI","@id":"http://example.org/logEntry#logEntry-90525ac7-d592-4f64-bba1-1a351fd6d113","processName":"C:\\Program Files (x86)\\Dropbox\\Client\\Dropbox.exe","keyword":["Audit Success"],"accessMask":"0x80","@timestamp":"2019-05-29T13:17:22.244Z","version":1,"taskCategory":"File System","@type":"http://purl.org/sepses/vocab/log/wineventlog#WindowsEventLogEntry","handleID":"0x2dc0","eventID":4663,"@context":"http://sepses.ifs.tuwien.ac.at/contexts/wineventlog.jsonld","objectServer":"Security","logName":"Security","hasLogType":"wineventlog","timestamp":"2019-05-29T13:17:22.244Z","accountName":"VirtualWindows8User","processID":"0x930","objectType":"File","accountDomain":"VirtualWindows8","originatesFrom":{"hostName":{"name":"VirtualWindows8"},"@type":"rdf:nodeID","@id":"http://example.org/sepses#f3409cc3-b361-4261-951d-646506a92734"},"objectName":"C:\\Users\\VirtualWindows8User\\Dropbox\\Secret","source":"Microsoft-Windows-Security-Auditing"}
{"logMessage":"An attempt was made to access an object.\n\nSubject:\n\tSecurity ID:\t\tS-1-5-21-2361021202-3253521353-2316283985-1001\n\tAccount Name:\t\tVirtualWindows8User\n\tAccount Domain:\t\tVirtualWindows8\n\tLogon ID:\t\t0x5ED4C0\n\nObject:\n\tObject Server:\t\tSecurity\n\tObject Type:\t\tFile\n\tObject Name:\t\tC:\\Users\\VirtualWindows8User\\Dropbox\n\tHandle ID:\t\t0x2310\n\tResource Attributes:\tS:AI\n\nProcess Information:\n\tProcess ID:\t\t0x930\n\tProcess Name:\t\tC:\\Program Files (x86)\\Dropbox\\Client\\Dropbox.exe\n\nAccess Request Information:\n\tAccesses:\t\tReadAttributes\n\t\t\t\t\n\tAccess Mask:\t\t0x80","logonID":"0x5ed4c0","level":"Information","computerName":"VirtualWindows8","upCode":"Info","accesses":"%%4423\n\t\t\t\t","resourceAttributes":"S:AI","@id":"http://example.org/logEntry#logEntry-bc114458-f2c0-4f8a-a15c-033bc0e4ab44","processName":"C:\\Program Files (x86)\\Dropbox\\Client\\Dropbox.exe","keyword":["Audit Success"],"accessMask":"0x80","@timestamp":"2019-05-29T13:17:22.260Z","version":1,"taskCategory":"File System","@type":"http://purl.org/sepses/vocab/log/wineventlog#WindowsEventLogEntry","handleID":"0x2310","eventID":4663,"@context":"http://sepses.ifs.tuwien.ac.at/contexts/wineventlog.jsonld","objectServer":"Security","logName":"Security","hasLogType":"wineventlog","timestamp":"2019-05-29T13:17:22.260Z","accountName":"VirtualWindows8User","processID":"0x930","objectType":"File","accountDomain":"VirtualWindows8","originatesFrom":{"hostName":{"name":"VirtualWindows8"},"@type":"rdf:nodeID","@id":"http://example.org/sepses#2c0df51b-db65-436c-8419-efbab53cc963"},"objectName":"C:\\Users\\VirtualWindows8User\\Dropbox","source":"Microsoft-Windows-Security-Auditing"}
{"logMessage":"An attempt was made to access an object.\n\nSubject:\n\tSecurity ID:\t\tS-1-5-21-2361021202-3253521353-2316283985-1001\n\tAccount Name:\t\tVirtualWindows8User\n\tAccount Domain:\t\tVirtualWindows8\n\tLogon ID:\t\t0x5ED4C0\n\nObject:\n\tObject Server:\t\tSecurity\n\tObject Type:\t\tFile\n\tObject Name:\t\tC:\\Users\\VirtualWindows8User\\Dropbox\\Secret\\secretFileB1_copy.doc\n\tHandle ID:\t\t0x2310\n\tResource Attributes:\tS:AI\n\nProcess Information:\n\tProcess ID:\t\t0x930\n\tProcess Name:\t\tC:\\Program Files (x86)\\Dropbox\\Client\\Dropbox.exe\n\nAccess Request Information:\n\tAccesses:\t\tReadAttributes\n\t\t\t\t\n\tAccess Mask:\t\t0x80","logonID":"0x5ed4c0","level":"Information","computerName":"VirtualWindows8","upCode":"Info","accesses":"%%4423\n\t\t\t\t","resourceAttributes":"S:AI","@id":"http://example.org/logEntry#logEntry-1c38618e-1020-4705-b6e7-34f44d4e703b","processName":"C:\\Program Files (x86)\\Dropbox\\Client\\Dropbox.exe","keyword":["Audit Success"],"accessMask":"0x80","@timestamp":"2019-05-29T13:17:22.260Z","version":1,"taskCategory":"File System","@type":"http://purl.org/sepses/vocab/log/wineventlog#WindowsEventLogEntry","handleID":"0x2310","eventID":4663,"@context":"http://sepses.ifs.tuwien.ac.at/contexts/wineventlog.jsonld","objectServer":"Security","logName":"Security","hasLogType":"wineventlog","timestamp":"2019-05-29T13:17:22.260Z","accountName":"VirtualWindows8User","processID":"0x930","objectType":"File","accountDomain":"VirtualWindows8","originatesFrom":{"hostName":{"name":"VirtualWindows8"},"@type":"rdf:nodeID","@id":"http://example.org/sepses#bb34aa4f-a6ac-4b19-a655-e3d11a67dea0"},"objectName":"C:\\Users\\VirtualWindows8User\\Dropbox\\Secret\\secretFileB1_copy.doc","source":"Microsoft-Windows-Security-Auditing"}
{"logMessage":"An attempt was made to access an object.\n\nSubject:\n\tSecurity ID:\t\tS-1-5-21-2361021202-3253521353-2316283985-1001\n\tAccount Name:\t\tVirtualWindows8User\n\tAccount Domain:\t\tVirtualWindows8\n\tLogon ID:\t\t0x5ED4C0\n\nObject:\n\tObject Server:\t\tSecurity\n\tObject Type:\t\tFile\n\tObject Name:\t\tC:\\Users\\VirtualWindows8User\\Dropbox\\Secret\n\tHandle ID:\t\t0x2ba4\n\tResource Attributes:\tS:AI\n\nProcess Information:\n\tProcess ID:\t\t0x930\n\tProcess Name:\t\tC:\\Program Files (x86)\\Dropbox\\Client\\Dropbox.exe\n\nAccess Request Information:\n\tAccesses:\t\tReadAttributes\n\t\t\t\t\n\tAccess Mask:\t\t0x80","logonID":"0x5ed4c0","level":"Information","computerName":"VirtualWindows8","upCode":"Info","accesses":"%%4423\n\t\t\t\t","resourceAttributes":"S:AI","@id":"http://example.org/logEntry#logEntry-74e7b22c-222c-4e52-98be-24187c89dd0d","processName":"C:\\Program Files (x86)\\Dropbox\\Client\\Dropbox.exe","keyword":["Audit Success"],"accessMask":"0x80","@timestamp":"2019-05-29T13:17:22.275Z","version":1,"taskCategory":"File System","@type":"http://purl.org/sepses/vocab/log/wineventlog#WindowsEventLogEntry","handleID":"0x2ba4","eventID":4663,"@context":"http://sepses.ifs.tuwien.ac.at/contexts/wineventlog.jsonld","objectServer":"Security","logName":"Security","hasLogType":"wineventlog","timestamp":"2019-05-29T13:17:22.275Z","accountName":"VirtualWindows8User","processID":"0x930","objectType":"File","accountDomain":"VirtualWindows8","originatesFrom":{"hostName":{"name":"VirtualWindows8"},"@type":"rdf:nodeID","@id":"http://example.org/sepses#db7a55b6-e1b2-48be-a161-90e903273d7b"},"objectName":"C:\\Users\\VirtualWindows8User\\Dropbox\\Secret","source":"Microsoft-Windows-Security-Auditing"}
{"logMessage":"An attempt was made to access an object.\n\nSubject:\n\tSecurity ID:\t\tS-1-5-18\n\tAccount Name:\t\tVIRTUALWINDOWS8$\n\tAccount Domain:\t\tWORKGROUP\n\tLogon ID:\t\t0x3E7\n\nObject:\n\tObject Server:\t\tSecurity\n\tObject Type:\t\tFile\n\tObject Name:\t\tC:\\Windows\\WinSxS\\wow64_microsoft-windows-security-ntlm_31bf3856ad364e35_6.3.9600.18513_none_78107c966aaadc29\\msv1_0.dll\n\tHandle ID:\t\t0x2ba4\n\tResource Attributes:\tS:AI\n\nProcess Information:\n\tProcess ID:\t\t0xd1c\n\tProcess Name:\t\tC:\\Windows\\WinSxS\\amd64_microsoft-windows-servicingstack_31bf3856ad364e35_6.3.9600.18384_none_fa1d93c39b41b41a\\TiWorker.exe\n\nAccess Request Information:\n\tAccesses:\t\tDELETE\n\t\t\t\t\n\tAccess Mask:\t\t0x10000","logonID":"0x3e7","level":"Information","computerName":"VirtualWindows8","upCode":"Info","accesses":"%%1537\n\t\t\t\t","resourceAttributes":"S:AI","@id":"http://example.org/logEntry#logEntry-0f8d8f9c-8950-4049-9527-2afdc2ab6b76","processName":"C:\\Windows\\WinSxS\\amd64_microsoft-windows-servicingstack_31bf3856ad364e35_6.3.9600.18384_none_fa1d93c39b41b41a\\TiWorker.exe","keyword":["Audit Success"],"accessMask":"0x10000","@timestamp":"2019-05-29T13:17:22.322Z","version":1,"taskCategory":"File System","@type":"http://purl.org/sepses/vocab/log/wineventlog#WindowsEventLogEntry","handleID":"0x2ba4","eventID":4663,"@context":"http://sepses.ifs.tuwien.ac.at/contexts/wineventlog.jsonld","objectServer":"Security","logName":"Security","hasLogType":"wineventlog","timestamp":"2019-05-29T13:17:22.322Z","accountName":"VIRTUALWINDOWS8$","processID":"0xd1c","objectType":"File","accountDomain":"WORKGROUP","originatesFrom":{"hostName":{"name":"VirtualWindows8"},"@type":"rdf:nodeID","@id":"http://example.org/sepses#e7ec9b3a-947b-4c47-8e30-4c56489f3c10"},"objectName":"C:\\Windows\\WinSxS\\wow64_microsoft-windows-security-ntlm_31bf3856ad364e35_6.3.9600.18513_none_78107c966aaadc29\\msv1_0.dll","source":"Microsoft-Windows-Security-Auditing"}
{"logMessage":"An object was deleted.\n\nSubject:\n\tSecurity ID:\t\tS-1-5-18\n\tAccount Name:\t\tVIRTUALWINDOWS8$\n\tAccount Domain:\t\tWORKGROUP\n\tLogon ID:\t\t0x3E7\n\nObject:\n\tObject Server:\tSecurity\n\tHandle ID:\t0x2bb8\n\nProcess Information:\n\tProcess ID:\t0xd1c\n\tProcess Name:\tC:\\Windows\\WinSxS\\amd64_microsoft-windows-servicingstack_31bf3856ad364e35_6.3.9600.18384_none_fa1d93c39b41b41a\\TiWorker.exe\n\tTransaction ID:\t{3CD79246-820F-11E9-9C1D-0800279A39D8}","logonID":"0x3e7","level":"Information","computerName":"VirtualWindows8","upCode":"Info","@id":"http://example.org/logEntry#logEntry-7cd17637-4013-40ec-8805-231df8f5c0c6","processName":"C:\\Windows\\WinSxS\\amd64_microsoft-windows-servicingstack_31bf3856ad364e35_6.3.9600.18384_none_fa1d93c39b41b41a\\TiWorker.exe","keyword":["Audit Success"],"@timestamp":"2019-05-29T13:17:23.120Z","taskCategory":"File System","@type":"http://purl.org/sepses/vocab/log/wineventlog#WindowsEventLogEntry","handleID":"0x2bb8","eventID":4660,"@context":"http://sepses.ifs.tuwien.ac.at/contexts/wineventlog.jsonld","objectServer":"Security","logName":"Security","hasLogType":"wineventlog","timestamp":"2019-05-29T13:17:23.120Z","accountName":"VIRTUALWINDOWS8$","processID":"0xd1c","accountDomain":"WORKGROUP","originatesFrom":{"hostName":{"name":"VirtualWindows8"},"@type":"rdf:nodeID","@id":"http://example.org/sepses#23a4ce3f-571c-400e-a7ae-f17dd0f028d0"},"source":"Microsoft-Windows-Security-Auditing"}
{"logMessage":"An attempt was made to access an object.\n\nSubject:\n\tSecurity ID:\t\tS-1-5-18\n\tAccount Name:\t\tVIRTUALWINDOWS8$\n\tAccount Domain:\t\tWORKGROUP\n\tLogon ID:\t\t0x3E7\n\nObject:\n\tObject Server:\t\tSecurity\n\tObject Type:\t\tFile\n\tObject Name:\t\tC:\\Windows\\WinSxS\\wow64_microsoft-windows-security-ntlm_31bf3856ad364e35_6.3.9600.19236_none_77fdc1226ab8823c\\msv1_0.dll\n\tHandle ID:\t\t0x2bb8\n\tResource Attributes:\tS:AI\n\nProcess Information:\n\tProcess ID:\t\t0xd1c\n\tProcess Name:\t\tC:\\Windows\\WinSxS\\amd64_microsoft-windows-servicingstack_31bf3856ad364e35_6.3.9600.18384_none_fa1d93c39b41b41a\\TiWorker.exe\n\nAccess Request Information:\n\tAccesses:\t\tDELETE\n\t\t\t\t\n\tAccess Mask:\t\t0x10000","logonID":"0x3e7","level":"Information","computerName":"VirtualWindows8","upCode":"Info","accesses":"%%1537\n\t\t\t\t","resourceAttributes":"S:AI","@id":"http://example.org/logEntry#logEntry-b44651e5-93b7-46f3-a6b2-4422a82d780b","processName":"C:\\Windows\\WinSxS\\amd64_microsoft-windows-servicingstack_31bf3856ad364e35_6.3.9600.18384_none_fa1d93c39b41b41a\\TiWorker.exe","keyword":["Audit Success"],"accessMask":"0x10000","@timestamp":"2019-05-29T13:17:23.120Z","version":1,"taskCategory":"File System","@type":"http://purl.org/sepses/vocab/log/wineventlog#WindowsEventLogEntry","handleID":"0x2bb8","eventID":4663,"@context":"http://sepses.ifs.tuwien.ac.at/contexts/wineventlog.jsonld","objectServer":"Security","logName":"Security","hasLogType":"wineventlog","timestamp":"2019-05-29T13:17:23.120Z","accountName":"VIRTUALWINDOWS8$","processID":"0xd1c","objectType":"File","accountDomain":"WORKGROUP","originatesFrom":{"hostName":{"name":"VirtualWindows8"},"@type":"rdf:nodeID","@id":"http://example.org/sepses#d98427ff-a7fd-4316-82d6-576dbf8e0653"},"objectName":"C:\\Windows\\WinSxS\\wow64_microsoft-windows-security-ntlm_31bf3856ad364e35_6.3.9600.19236_none_77fdc1226ab8823c\\msv1_0.dll","source":"Microsoft-Windows-Security-Auditing"}
{"logMessage":"An attempt was made to access an object.\n\nSubject:\n\tSecurity ID:\t\tS-1-5-21-2361021202-3253521353-2316283985-1001\n\tAccount Name:\t\tVirtualWindows8User\n\tAccount Domain:\t\tVirtualWindows8\n\tLogon ID:\t\t0x5ED4C0\n\nObject:\n\tObject Server:\t\tSecurity\n\tObject Type:\t\tFile\n\tObject Name:\t\tC:\\Users\\VirtualWindows8User\\Dropbox\\Secret\\secretFileB2.rtf\n\tHandle ID:\t\t0x54\n\tResource Attributes:\tS:AI\n\nProcess Information:\n\tProcess ID:\t\t0x9a4\n\tProcess Name:\t\tC:\\Windows\\System32\\cmd.exe\n\nAccess Request Information:\n\tAccesses:\t\tReadAttributes\n\t\t\t\t\n\tAccess Mask:\t\t0x80","logonID":"0x5ed4c0","level":"Information","computerName":"VirtualWindows8","upCode":"Info","accesses":"%%4423\n\t\t\t\t","resourceAttributes":"S:AI","@id":"http://example.org/logEntry#logEntry-1ec533a7-276c-4563-97f1-6ba29faa3450","processName":"C:\\Windows\\System32\\cmd.exe","keyword":["Audit Success"],"accessMask":"0x80","@timestamp":"2019-05-29T13:17:25.182Z","version":1,"taskCategory":"File System","@type":"http://purl.org/sepses/vocab/log/wineventlog#WindowsEventLogEntry","handleID":"0x54","eventID":4663,"@context":"http://sepses.ifs.tuwien.ac.at/contexts/wineventlog.jsonld","objectServer":"Security","logName":"Security","hasLogType":"wineventlog","timestamp":"2019-05-29T13:17:25.182Z","accountName":"VirtualWindows8User","processID":"0x9a4","objectType":"File","accountDomain":"VirtualWindows8","originatesFrom":{"hostName":{"name":"VirtualWindows8"},"@type":"rdf:nodeID","@id":"http://example.org/sepses#6dd02166-886a-47c5-9bc3-81833fcddc06"},"objectName":"C:\\Users\\VirtualWindows8User\\Dropbox\\Secret\\secretFileB2.rtf","source":"Microsoft-Windows-Security-Auditing"}
{"logMessage":"An attempt was made to access an object.\n\nSubject:\n\tSecurity ID:\t\tS-1-5-21-2361021202-3253521353-2316283985-1001\n\tAccount Name:\t\tVirtualWindows8User\n\tAccount Domain:\t\tVirtualWindows8\n\tLogon ID:\t\t0x5ED4C0\n\nObject:\n\tObject Server:\t\tSecurity\n\tObject Type:\t\tFile\n\tObject Name:\t\tC:\\Users\\VirtualWindows8User\\Dropbox\\Secret\\secretFileB2.rtf\n\tHandle ID:\t\t0x54\n\tResource Attributes:\tS:AI\n\nProcess Information:\n\tProcess ID:\t\t0x9a4\n\tProcess Name:\t\tC:\\Windows\\System32\\cmd.exe\n\nAccess Request Information:\n\tAccesses:\t\tDELETE\n\t\t\t\t\n\tAccess Mask:\t\t0x10000","logonID":"0x5ed4c0","level":"Information","computerName":"VirtualWindows8","upCode":"Info","accesses":"%%1537\n\t\t\t\t","resourceAttributes":"S:AI","@id":"http://example.org/logEntry#logEntry-a0f002a3-dc8f-4b72-9650-98a2f8eae56d","processName":"C:\\Windows\\System32\\cmd.exe","keyword":["Audit Success"],"accessMask":"0x10000","@timestamp":"2019-05-29T13:17:25.182Z","version":1,"taskCategory":"File System","@type":"http://purl.org/sepses/vocab/log/wineventlog#WindowsEventLogEntry","handleID":"0x54","eventID":4663,"@context":"http://sepses.ifs.tuwien.ac.at/contexts/wineventlog.jsonld","objectServer":"Security","logName":"Security","hasLogType":"wineventlog","timestamp":"2019-05-29T13:17:25.182Z","accountName":"VirtualWindows8User","processID":"0x9a4","objectType":"File","accountDomain":"VirtualWindows8","originatesFrom":{"hostName":{"name":"VirtualWindows8"},"@type":"rdf:nodeID","@id":"http://example.org/sepses#b62b4940-7d12-45a8-b861-dcc64cafbc88"},"objectName":"C:\\Users\\VirtualWindows8User\\Dropbox\\Secret\\secretFileB2.rtf","source":"Microsoft-Windows-Security-Auditing"}
{"logMessage":"An attempt was made to access an object.\n\nSubject:\n\tSecurity ID:\t\tS-1-5-21-2361021202-3253521353-2316283985-1001\n\tAccount Name:\t\tVirtualWindows8User\n\tAccount Domain:\t\tVirtualWindows8\n\tLogon ID:\t\t0x5ED4C0\n\nObject:\n\tObject Server:\t\tSecurity\n\tObject Type:\t\tFile\n\tObject Name:\t\tC:\\Users\\VirtualWindows8User\\Dropbox\\Secret\\secretFileB2_copy.rtf\n\tHandle ID:\t\t0x2eb0\n\tResource Attributes:\tS:AI\n\nProcess Information:\n\tProcess ID:\t\t0x930\n\tProcess Name:\t\tC:\\Program Files (x86)\\Dropbox\\Client\\Dropbox.exe\n\nAccess Request Information:\n\tAccesses:\t\tReadAttributes\n\t\t\t\t\n\tAccess Mask:\t\t0x80","logonID":"0x5ed4c0","level":"Information","computerName":"VirtualWindows8","upCode":"Info","accesses":"%%4423\n\t\t\t\t","resourceAttributes":"S:AI","@id":"http://example.org/logEntry#logEntry-cff59511-ce6a-45f5-bd59-3bd7393b506e","processName":"C:\\Program Files (x86)\\Dropbox\\Client\\Dropbox.exe","keyword":["Audit Success"],"accessMask":"0x80","@timestamp":"2019-05-29T13:17:25.214Z","version":1,"taskCategory":"File System","@type":"http://purl.org/sepses/vocab/log/wineventlog#WindowsEventLogEntry","handleID":"0x2eb0","eventID":4663,"@context":"http://sepses.ifs.tuwien.ac.at/contexts/wineventlog.jsonld","objectServer":"Security","logName":"Security","hasLogType":"wineventlog","timestamp":"2019-05-29T13:17:25.214Z","accountName":"VirtualWindows8User","processID":"0x930","objectType":"File","accountDomain":"VirtualWindows8","originatesFrom":{"hostName":{"name":"VirtualWindows8"},"@type":"rdf:nodeID","@id":"http://example.org/sepses#11eeee2a-4db3-4864-abc2-2e7d00a47353"},"objectName":"C:\\Users\\VirtualWindows8User\\Dropbox\\Secret\\secretFileB2_copy.rtf","source":"Microsoft-Windows-Security-Auditing"}
{"logMessage":"An attempt was made to access an object.\n\nSubject:\n\tSecurity ID:\t\tS-1-5-21-2361021202-3253521353-2316283985-1001\n\tAccount Name:\t\tVirtualWindows8User\n\tAccount Domain:\t\tVirtualWindows8\n\tLogon ID:\t\t0x5ED4C0\n\nObject:\n\tObject Server:\t\tSecurity\n\tObject Type:\t\tFile\n\tObject Name:\t\tC:\\Users\\VirtualWindows8User\\Dropbox\\Secret\n\tHandle ID:\t\t0x2eb0\n\tResource Attributes:\tS:AI\n\nProcess Information:\n\tProcess ID:\t\t0x930\n\tProcess Name:\t\tC:\\Program Files (x86)\\Dropbox\\Client\\Dropbox.exe\n\nAccess Request Information:\n\tAccesses:\t\tReadAttributes\n\t\t\t\t\n\tAccess Mask:\t\t0x80","logonID":"0x5ed4c0","level":"Information","computerName":"VirtualWindows8","upCode":"Info","accesses":"%%4423\n\t\t\t\t","resourceAttributes":"S:AI","@id":"http://example.org/logEntry#logEntry-7764cb15-2a40-4047-b2b3-a12b0660fbe9","processName":"C:\\Program Files (x86)\\Dropbox\\Client\\Dropbox.exe","keyword":["Audit Success"],"accessMask":"0x80","@timestamp":"2019-05-29T13:17:25.228Z","version":1,"taskCategory":"File System","@type":"http://purl.org/sepses/vocab/log/wineventlog#WindowsEventLogEntry","handleID":"0x2eb0","eventID":4663,"@context":"http://sepses.ifs.tuwien.ac.at/contexts/wineventlog.jsonld","objectServer":"Security","logName":"Security","hasLogType":"wineventlog","timestamp":"2019-05-29T13:17:25.228Z","accountName":"VirtualWindows8User","processID":"0x930","objectType":"File","accountDomain":"VirtualWindows8","originatesFrom":{"hostName":{"name":"VirtualWindows8"},"@type":"rdf:nodeID","@id":"http://example.org/sepses#6a9d1797-1256-48eb-a5c7-d8c551832146"},"objectName":"C:\\Users\\VirtualWindows8User\\Dropbox\\Secret","source":"Microsoft-Windows-Security-Auditing"}
