{"logMessage":"An attempt was made to access an object.\n\nSubject:\n\tSecurity ID:\t\tS-1-5-18\n\tAccount Name:\t\tVIRTUALWINDOWS8$\n\tAccount Domain:\t\tWORKGROUP\n\tLogon ID:\t\t0x3E7\n\nObject:\n\tObject Server:\t\tSecurity\n\tObject Type:\t\tFile\n\tObject Name:\t\tC:\\Windows\\WinSxS\\wow64_microsoft-windows-ieframe_31bf3856ad364e35_11.0.9600.19236_none_72c21f9ac570ef44\\wow64_ieframe.ptxml\n\tHandle ID:\t\t0x2bb0\n\tResource Attributes:\tS:AI\n\nProcess Information:\n\tProcess ID:\t\t0xd1c\n\tProcess Name:\t\tC:\\Windows\\WinSxS\\amd64_microsoft-windows-servicingstack_31bf3856ad364e35_6.3.9600.18384_none_fa1d93c39b41b41a\\TiWorker.exe\n\nAccess Request Information:\n\tAccesses:\t\tDELETE\n\t\t\t\t\n\tAccess Mask:\t\t0x10000","logonID":"0x3e7","level":"Information","computerName":"VirtualWindows8","upCode":"Info","accesses":"%%1537\n\t\t\t\t","resourceAttributes":"S:AI","@id":"http://example.org/logEntry#logEntry-74d24edd-846f-45ee-8aac-dccdf057627d","processName":"C:\\Windows\\WinSxS\\amd64_microsoft-windows-servicingstack_31bf3856ad364e35_6.3.9600.18384_none_fa1d93c39b41b41a\\TiWorker.exe","keyword":["Audit Success"],"accessMask":"0x10000","@timestamp":"2019-05-29T13:14:21.418Z","version":1,"taskCategory":"File System","@type":"http://purl.org/sepses/vocab/log/wineventlog#WindowsEventLogEntry","handleID":"0x2bb0","eventID":4663,"@context":"http://sepses.ifs.tuwien.ac.at/contexts/wineventlog.jsonld","objectServer":"Security","logName":"Security","hasLogType":"wineventlog","timestamp":"2019-05-29T13:14:21.418Z","accountName":"VIRTUALWINDOWS8$","processID":"0xd1c","objectType":"File","accountDomain":"WORKGROUP","originatesFrom":{"hostName":{"name":"VirtualWindows8"},"@type":"rdf:nodeID","@id":"http://example.org/sepses#93a4a111-e5d0-46bc-8c5c-99d09d36fc2b"},"objectName":"C:\\Windows\\WinSxS\\wow64_microsoft-windows-ieframe_31bf3856ad364e35_11.0.9600.19236_none_72c21f9ac570ef44\\wow64_ieframe.ptxml","source":"Microsoft-Windows-Security-Auditing"}
{"logMessage":"An attempt was made to access an object.\n\nSubject:\n\tSecurity ID:\t\tS-1-5-18\n\tAccount Name:\t\tVIRTUALWINDOWS8$\n\tAccount Domain:\t\tWORKGROUP\n\tLogon ID:\t\t0x3E7\n\nObject:\n\tObject Server:\t\tSecurity\n\tObject Type:\t\tFile\n\tObject Name:\t\tC:\\Windows\\WinSxS\\wow64_microsoft-windows-ieframe_31bf3856ad364e35_11.0.9600.19236_none_72c21f9ac570ef44\\ieframe.dll\n\tHandle ID:\t\t0x2bfc\n\tResource Attributes:\tS:AI\n\nProcess Information:\n\tProcess ID:\t\t0xd1c\n\tProcess Name:\t\tC:\\Windows\\WinSxS\\amd64_microsoft-windows-servicingstack_31bf3856ad364e35_6.3.9600.18384_none_fa1d93c39b41b41a\\TiWorker.exe\n\nAccess Request Information:\n\tAccesses:\t\tDELETE\n\t\t\t\t\n\tAccess Mask:\t\t0x10000","logonID":"0x3e7","level":"Information","computerName":"VirtualWindows8","upCode":"Info","accesses":"%%1537\n\t\t\t\t","resourceAttributes":"S:AI","@id":"http://example.org/logEntry#logEntry-92c1f86a-244b-4e51-bd96-e6ff7c58da78","processName":"C:\\Windows\\WinSxS\\amd64_microsoft-windows-servicingstack_31bf3856ad364e35_6.3.9600.18384_none_fa1d93c39b41b41a\\TiWorker.exe","keyword":["Audit Success"],"accessMask":"0x10000","@timestamp":"2019-05-29T13:14:21.479Z","version":1,"taskCategory":"File System","@type":"http://purl.org/sepses/vocab/log/wineventlog#WindowsEventLogEntry","handleID":"0x2bfc","eventID":4663,"@context":"http://sepses.ifs.tuwien.ac.at/contexts/wineventlog.jsonld","objectServer":"Security","logName":"Security","hasLogType":"wineventlog","timestamp":"2019-05-29T13:14:21.479Z","accountName":"VIRTUALWINDOWS8$","processID":"0xd1c","objectType":"File","accountDomain":"WORKGROUP","originatesFrom":{"hostName":{"name":"VirtualWindows8"},"@type":"rdf:nodeID","@id":"http://example.org/sepses#f72c6a66-840a-4650-a795-ddbbd2548293"},"objectName":"C:\\Windows\\WinSxS\\wow64_microsoft-windows-ieframe_31bf3856ad364e35_11.0.9600.19236_none_72c21f9ac570ef44\\ieframe.dll","source":"Microsoft-Windows-Security-Auditing"}
{"logMessage":"An attempt was made to access an object.\n\nSubject:\n\tSecurity ID:\t\tS-1-5-18\n\tAccount Name:\t\tVIRTUALWINDOWS8$\n\tAccount Domain:\t\tWORKGROUP\n\tLogon ID:\t\t0x3E7\n\nObject:\n\tObject Server:\t\tSecurity\n\tObject Type:\t\tFile\n\tObject Name:\t\tC:\\Windows\\WinSxS\\wow64_microsoft-windows-kernel32.resources_31bf3856ad364e35_6.3.9600.17031_en-us_3860c01f2d768c78\\kernel32.dll.mui\n\tHandle ID:\t\t0x2bec\n\tResource Attributes:\tS:AI\n\nProcess Information:\n\tProcess ID:\t\t0xd1c\n\tProcess Name:\t\tC:\\Windows\\WinSxS\\amd64_microsoft-windows-servicingstack_31bf3856ad364e35_6.3.9600.18384_none_fa1d93c39b41b41a\\TiWorker.exe\n\nAccess Request Information:\n\tAccesses:\t\tDELETE\n\t\t\t\t\n\tAccess Mask:\t\t0x10000","logonID":"0x3e7","level":"Information","computerName":"VirtualWindows8","upCode":"Info","accesses":"%%1537\n\t\t\t\t","resourceAttributes":"S:AI","@id":"http://example.org/logEntry#logEntry-3d5a1df7-11d4-46ff-b705-46caa3c17e39","processName":"C:\\Windows\\WinSxS\\amd64_microsoft-windows-servicingstack_31bf3856ad364e35_6.3.9600.18384_none_fa1d93c39b41b41a\\TiWorker.exe","keyword":["Audit Success"],"accessMask":"0x10000","@timestamp":"2019-05-29T13:14:33.291Z","version":1,"taskCategory":"File System","@type":"http://purl.org/sepses/vocab/log/wineventlog#WindowsEventLogEntry","handleID":"0x2bec","eventID":4663,"@context":"http://sepses.ifs.tuwien.ac.at/contexts/wineventlog.jsonld","objectServer":"Security","logName":"Security","hasLogType":"wineventlog","timestamp":"2019-05-29T13:14:33.291Z","accountName":"VIRTUALWINDOWS8$","processID":"0xd1c","objectType":"File","accountDomain":"WORKGROUP","originatesFrom":{"hostName":{"name":"VirtualWindows8"},"@type":"rdf:nodeID","@id":"http://example.org/sepses#bc4aca9d-877b-4d1b-97cd-88b367df4193"},"objectName":"C:\\Windows\\WinSxS\\wow64_microsoft-windows-kernel32.resources_31bf3856ad364e35_6.3.9600.17031_en-us_3860c01f2d768c78\\kernel32.dll.mui","source":"Microsoft-Windows-Security-Auditing"}
{"logMessage":"An object was deleted.\n\nSubject:\n\tSecurity ID:\t\tS-1-5-18\n\tAccount Name:\t\tVIRTUALWINDOWS8$\n\tAccount Domain:\t\tWORKGROUP\n\tLogon ID:\t\t0x3E7\n\nObject:\n\tObject Server:\tSecurity\n\tHandle ID:\t0x2bec\n\nProcess Information:\n\tProcess ID:\t0xd1c\n\tProcess Name:\tC:\\Windows\\WinSxS\\amd64_microsoft-windows-servicingstack_31bf3856ad364e35_6.3.9600.18384_none_fa1d93c39b41b41a\\TiWorker.exe\n\tTransaction ID:\t{3CD78F9E-820F-11E9-9C1D-0800279A39D8}","logonID":"0x3e7","level":"Information","computerName":"VirtualWindows8","upCode":"Info","@id":"http://example.org/logEntry#logEntry-daa65a93-0b83-4292-9564-185151ef07e8","processName":"C:\\Windows\\WinSxS\\amd64_microsoft-windows-servicingstack_31bf3856ad364e35_6.3.9600.18384_none_fa1d93c39b41b41a\\TiWorker.exe","keyword":["Audit Success"],"@timestamp":"2019-05-29T13:14:34.994Z","taskCategory":"File System","@type":"http://purl.org/sepses/vocab/log/wineventlog#WindowsEventLogEntry","handleID":"0x2bec","eventID":4660,"@context":"http://sepses.ifs.tuwien.ac.at/contexts/wineventlog.jsonld","objectServer":"Security","logName":"Security","hasLogType":"wineventlog","timestamp":"2019-05-29T13:14:34.994Z","accountName":"VIRTUALWINDOWS8$","processID":"0xd1c","accountDomain":"WORKGROUP","originatesFrom":{"hostName":{"name":"VirtualWindows8"},"@type":"rdf:nodeID","@id":"http://example.org/sepses#2c3622e1-76fe-4be4-9012-d855f719fb55"},"source":"Microsoft-Windows-Security-Auditing"}
{"logMessage":"An object was deleted.\n\nSubject:\n\tSecurity ID:\t\tS-1-5-18\n\tAccount Name:\t\tVIRTUALWINDOWS8$\n\tAccount Domain:\t\tWORKGROUP\n\tLogon ID:\t\t0x3E7\n\nObject:\n\tObject Server:\tSecurity\n\tHandle ID:\t0x2bb0\n\nProcess Information:\n\tProcess ID:\t0xd1c\n\tProcess Name:\tC:\\Windows\\WinSxS\\amd64_microsoft-windows-servicingstack_31bf3856ad364e35_6.3.9600.18384_none_fa1d93c39b41b41a\\TiWorker.exe\n\tTransaction ID:\t{3CD78FAA-820F-11E9-9C1D-0800279A39D8}","logonID":"0x3e7","level":"Information","computerName":"VirtualWindows8","upCode":"Info","@id":"http://example.org/logEntry#logEntry-916a602a-76c9-4097-a05f-ac727e57d060","processName":"C:\\Windows\\WinSxS\\amd64_microsoft-windows-servicingstack_31bf3856ad364e35_6.3.9600.18384_none_fa1d93c39b41b41a\\TiWorker.exe","keyword":["Audit Success"],"@timestamp":"2019-05-29T13:14:37.322Z","taskCategory":"File System","@type":"http://purl.org/sepses/vocab/log/wineventlog#WindowsEventLogEntry","handleID":"0x2bb0","eventID":4660,"@context":"http://sepses.ifs.tuwien.ac.at/contexts/wineventlog.jsonld","objectServer":"Security","logName":"Security","hasLogType":"wineventlog","timestamp":"2019-05-29T13:14:37.322Z","accountName":"VIRTUALWINDOWS8$","processID":"0xd1c","accountDomain":"WORKGROUP","originatesFrom":{"hostName":{"name":"VirtualWindows8"},"@type":"rdf:nodeID","@id":"http://example.org/sepses#e4083c29-f245-4b3d-aeb6-08f917a797db"},"source":"Microsoft-Windows-Security-Auditing"}
{"logMessage":"An object was deleted.\n\nSubject:\n\tSecurity ID:\t\tS-1-5-18\n\tAccount Name:\t\tVIRTUALWINDOWS8$\n\tAccount Domain:\t\tWORKGROUP\n\tLogon ID:\t\t0x3E7\n\nObject:\n\tObject Server:\tSecurity\n\tHandle ID:\t0x2bb8\n\nProcess Information:\n\tProcess ID:\t0xd1c\n\tProcess Name:\tC:\\Windows\\WinSxS\\amd64_microsoft-windows-servicingstack_31bf3856ad364e35_6.3.9600.18384_none_fa1d93c39b41b41a\\TiWorker.exe\n\tTransaction ID:\t{3CD78FC2-820F-11E9-9C1D-0800279A39D8}","logonID":"0x3e7","level":"Information","computerName":"VirtualWindows8","upCode":"Info","@id":"http://example.org/logEntry#logEntry-22ef7b7a-bac5-473f-88ce-54b30173b386","processName":"C:\\Windows\\WinSxS\\amd64_microsoft-windows-servicingstack_31bf3856ad364e35_6.3.9600.18384_none_fa1d93c39b41b41a\\TiWorker.exe","keyword":["Audit Success"],"@timestamp":"2019-05-29T13:14:41.390Z","taskCategory":"File System","@type":"http://purl.org/sepses/vocab/log/wineventlog#WindowsEventLogEntry","handleID":"0x2bb8","eventID":4660,"@context":"http://sepses.ifs.tuwien.ac.at/contexts/wineventlog.jsonld","objectServer":"Security","logName":"Security","hasLogType":"wineventlog","timestamp":"2019-05-29T13:14:41.390Z","accountName":"VIRTUALWINDOWS8$","processID":"0xd1c","accountDomain":"WORKGROUP","originatesFrom":{"hostName":{"name":"VirtualWindows8"},"@type":"rdf:nodeID","@id":"http://example.org/sepses#d2ba1b9c-c8ef-4cd4-a9c3-d1e520fe46da"},"source":"Microsoft-Windows-Security-Auditing"}
{"logMessage":"An object was deleted.\n\nSubject:\n\tSecurity ID:\t\tS-1-5-18\n\tAccount Name:\t\tVIRTUALWINDOWS8$\n\tAccount Domain:\t\tWORKGROUP\n\tLogon ID:\t\t0x3E7\n\nObject:\n\tObject Server:\tSecurity\n\tHandle ID:\t0x2b94\n\nProcess Information:\n\tProcess ID:\t0xd1c\n\tProcess Name:\tC:\\Windows\\WinSxS\\amd64_microsoft-windows-servicingstack_31bf3856ad364e35_6.3.9600.18384_none_fa1d93c39b41b41a\\TiWorker.exe\n\tTransaction ID:\t{3CD78F86-820F-11E9-9C1D-0800279A39D8}","logonID":"0x3e7","level":"Information","computerName":"VirtualWindows8","upCode":"Info","@id":"http://example.org/logEntry#logEntry-0f04d9d1-bc6b-4958-a90e-bab4e1da955b","processName":"C:\\Windows\\WinSxS\\amd64_microsoft-windows-servicingstack_31bf3856ad364e35_6.3.9600.18384_none_fa1d93c39b41b41a\\TiWorker.exe","keyword":["Audit Success"],"@timestamp":"2019-05-29T13:14:31.522Z","taskCategory":"File System","@type":"http://purl.org/sepses/vocab/log/wineventlog#WindowsEventLogEntry","handleID":"0x2b94","eventID":4660,"@context":"http://sepses.ifs.tuwien.ac.at/contexts/wineventlog.jsonld","objectServer":"Security","logName":"Security","hasLogType":"wineventlog","timestamp":"2019-05-29T13:14:31.522Z","accountName":"VIRTUALWINDOWS8$","processID":"0xd1c","accountDomain":"WORKGROUP","originatesFrom":{"hostName":{"name":"VirtualWindows8"},"@type":"rdf:nodeID","@id":"http://example.org/sepses#0884934a-829a-46a3-b15c-05ec68bc1403"},"source":"Microsoft-Windows-Security-Auditing"}
{"logMessage":"An object was deleted.\n\nSubject:\n\tSecurity ID:\t\tS-1-5-18\n\tAccount Name:\t\tVIRTUALWINDOWS8$\n\tAccount Domain:\t\tWORKGROUP\n\tLogon ID:\t\t0x3E7\n\nObject:\n\tObject Server:\tSecurity\n\tHandle ID:\t0x2bc4\n\nProcess Information:\n\tProcess ID:\t0xd1c\n\tProcess Name:\tC:\\Windows\\WinSxS\\amd64_microsoft-windows-servicingstack_31bf3856ad364e35_6.3.9600.18384_none_fa1d93c39b41b41a\\TiWorker.exe\n\tTransaction ID:\t{3CD78F86-820F-11E9-9C1D-0800279A39D8}","logonID":"0x3e7","level":"Information","computerName":"VirtualWindows8","upCode":"Info","@id":"http://example.org/logEntry#logEntry-31597120-c3da-4813-8945-7de7c77dab25","processName":"C:\\Windows\\WinSxS\\amd64_microsoft-windows-servicingstack_31bf3856ad364e35_6.3.9600.18384_none_fa1d93c39b41b41a\\TiWorker.exe","keyword":["Audit Success"],"@timestamp":"2019-05-29T13:14:31.524Z","taskCategory":"File System","@type":"http://purl.org/sepses/vocab/log/wineventlog#WindowsEventLogEntry","handleID":"0x2bc4","eventID":4660,"@context":"http://sepses.ifs.tuwien.ac.at/contexts/wineventlog.jsonld","objectServer":"Security","logName":"Security","hasLogType":"wineventlog","timestamp":"2019-05-29T13:14:31.524Z","accountName":"VIRTUALWINDOWS8$","processID":"0xd1c","accountDomain":"WORKGROUP","originatesFrom":{"hostName":{"name":"VirtualWindows8"},"@type":"rdf:nodeID","@id":"http://example.org/sepses#b2ac80d4-ed1c-455b-a813-86f2fd1ee631"},"source":"Microsoft-Windows-Security-Auditing"}
{"logMessage":"An object was deleted.\n\nSubject:\n\tSecurity ID:\t\tS-1-5-18\n\tAccount Name:\t\tVIRTUALWINDOWS8$\n\tAccount Domain:\t\tWORKGROUP\n\tLogon ID:\t\t0x3E7\n\nObject:\n\tObject Server:\tSecurity\n\tHandle ID:\t0x2be8\n\nProcess Information:\n\tProcess ID:\t0xd1c\n\tProcess Name:\tC:\\Windows\\WinSxS\\amd64_microsoft-windows-servicingstack_31bf3856ad364e35_6.3.9600.18384_none_fa1d93c39b41b41a\\TiWorker.exe\n\tTransaction ID:\t{3CD78FD3-820F-11E9-9C1D-0800279A39D8}","logonID":"0x3e7","level":"Information","computerName":"VirtualWindows8","upCode":"Info","@id":"http://example.org/logEntry#logEntry-bf7e9fba-3544-4d31-b6c4-dd10237a1f17","processName":"C:\\Windows\\WinSxS\\amd64_microsoft-windows-servicingstack_31bf3856ad364e35_6.3.9600.18384_none_fa1d93c39b41b41a\\TiWorker.exe","keyword":["Audit Success"],"@timestamp":"2019-05-29T13:14:43.354Z","taskCategory":"File System","@type":"http://purl.org/sepses/vocab/log/wineventlog#WindowsEventLogEntry","handleID":"0x2be8","eventID":4660,"@context":"http://sepses.ifs.tuwien.ac.at/contexts/wineventlog.jsonld","objectServer":"Security","logName":"Security","hasLogType":"wineventlog","timestamp":"2019-05-29T13:14:43.354Z","accountName":"VIRTUALWINDOWS8$","processID":"0xd1c","accountDomain":"WORKGROUP","originatesFrom":{"hostName":{"name":"VirtualWindows8"},"@type":"rdf:nodeID","@id":"http://example.org/sepses#08eafbcf-2f60-4e5a-a1f2-329452ca7dba"},"source":"Microsoft-Windows-Security-Auditing"}
{"logMessage":"An object was deleted.\n\nSubject:\n\tSecurity ID:\t\tS-1-5-18\n\tAccount Name:\t\tVIRTUALWINDOWS8$\n\tAccount Domain:\t\tWORKGROUP\n\tLogon ID:\t\t0x3E7\n\nObject:\n\tObject Server:\tSecurity\n\tHandle ID:\t0x2bc4\n\nProcess Information:\n\tProcess ID:\t0xd1c\n\tProcess Name:\tC:\\Windows\\WinSxS\\amd64_microsoft-windows-servicingstack_31bf3856ad364e35_6.3.9600.18384_none_fa1d93c39b41b41a\\TiWorker.exe\n\tTransaction ID:\t{3CD78FDF-820F-11E9-9C1D-0800279A39D8}","logonID":"0x3e7","level":"Information","computerName":"VirtualWindows8","upCode":"Info","@id":"http://example.org/logEntry#logEntry-3ab13a82-509a-49f0-a5dd-086149f530be","processName":"C:\\Windows\\WinSxS\\amd64_microsoft-windows-servicingstack_31bf3856ad364e35_6.3.9600.18384_none_fa1d93c39b41b41a\\TiWorker.exe","keyword":["Audit Success"],"@timestamp":"2019-05-29T13:14:44.072Z","taskCategory":"File System","@type":"http://purl.org/sepses/vocab/log/wineventlog#WindowsEventLogEntry","handleID":"0x2bc4","eventID":4660,"@context":"http://sepses.ifs.tuwien.ac.at/contexts/wineventlog.jsonld","objectServer":"Security","logName":"Security","hasLogType":"wineventlog","timestamp":"2019-05-29T13:14:44.072Z","accountName":"VIRTUALWINDOWS8$","processID":"0xd1c","accountDomain":"WORKGROUP","originatesFrom":{"hostName":{"name":"VirtualWindows8"},"@type":"rdf:nodeID","@id":"http://example.org/sepses#b587d409-0a30-4b70-86f8-91b6c123d362"},"source":"Microsoft-Windows-Security-Auditing"}
{"logMessage":"An object was deleted.\n\nSubject:\n\tSecurity ID:\t\tS-1-5-18\n\tAccount Name:\t\tVIRTUALWINDOWS8$\n\tAccount Domain:\t\tWORKGROUP\n\tLogon ID:\t\t0x3E7\n\nObject:\n\tObject Server:\tSecurity\n\tHandle ID:\t0x2bb8\n\nProcess Information:\n\tProcess ID:\t0xd1c\n\tProcess Name:\tC:\\Windows\\WinSxS\\amd64_microsoft-windows-servicingstack_31bf3856ad364e35_6.3.9600.18384_none_fa1d93c39b41b41a\\TiWorker.exe\n\tTransaction ID:\t{3CD78FEB-820F-11E9-9C1D-0800279A39D8}","logonID":"0x3e7","level":"Information","computerName":"VirtualWindows8","upCode":"Info","@id":"http://example.org/logEntry#logEntry-fb3ede95-ad9c-4cbd-b88f-33c8b44ae22b","processName":"C:\\Windows\\WinSxS\\amd64_microsoft-windows-servicingstack_31bf3856ad364e35_6.3.9600.18384_none_fa1d93c39b41b41a\\TiWorker.exe","keyword":["Audit Success"],"@timestamp":"2019-05-29T13:14:44.557Z","taskCategory":"File System","@type":"http://purl.org/sepses/vocab/log/wineventlog#WindowsEventLogEntry","handleID":"0x2bb8","eventID":4660,"@context":"http://sepses.ifs.tuwien.ac.at/contexts/wineventlog.jsonld","objectServer":"Security","logName":"Security","hasLogType":"wineventlog","timestamp":"2019-05-29T13:14:44.557Z","accountName":"VIRTUALWINDOWS8$","processID":"0xd1c","accountDomain":"WORKGROUP","originatesFrom":{"hostName":{"name":"VirtualWindows8"},"@type":"rdf:nodeID","@id":"http://example.org/sepses#7014a3ba-9f3a-473d-bb96-2d7be5328f64"},"source":"Microsoft-Windows-Security-Auditing"}
{"logMessage":"An attempt was made to access an object.\n\nSubject:\n\tSecurity ID:\t\tS-1-5-21-2361021202-3253521353-2316283985-1001\n\tAccount Name:\t\tVirtualWindows8User\n\tAccount Domain:\t\tVirtualWindows8\n\tLogon ID:\t\t0x5ED4C0\n\nObject:\n\tObject Server:\t\tSecurity\n\tObject Type:\t\tFile\n\tObject Name:\t\tC:\\Users\\VirtualWindows8User\\UserDocuments\n\tHandle ID:\t\t0x1cec\n\tResource Attributes:\tS:AI\n\nProcess Information:\n\tProcess ID:\t\t0x6f4\n\tProcess Name:\t\tC:\\Windows\\explorer.exe\n\nAccess Request Information:\n\tAccesses:\t\tReadAttributes\n\t\t\t\t\n\tAccess Mask:\t\t0x80","logonID":"0x5ed4c0","level":"Information","computerName":"VirtualWindows8","upCode":"Info","accesses":"%%4423\n\t\t\t\t","resourceAttributes":"S:AI","@id":"http://example.org/logEntry#logEntry-26d2d76f-b69d-4555-80fb-555a7293de31","processName":"C:\\Windows\\explorer.exe","keyword":["Audit Success"],"accessMask":"0x80","@timestamp":"2019-05-29T13:14:46.010Z","version":1,"taskCategory":"File System","@type":"http://purl.org/sepses/vocab/log/wineventlog#WindowsEventLogEntry","handleID":"0x1cec","eventID":4663,"@context":"http://sepses.ifs.tuwien.ac.at/contexts/wineventlog.jsonld","objectServer":"Security","logName":"Security","hasLogType":"wineventlog","timestamp":"2019-05-29T13:14:46.010Z","accountName":"VirtualWindows8User","processID":"0x6f4","objectType":"File","accountDomain":"VirtualWindows8","originatesFrom":{"hostName":{"name":"VirtualWindows8"},"@type":"rdf:nodeID","@id":"http://example.org/sepses#e272e556-0e2d-4d18-ab16-67a16d304b9b"},"objectName":"C:\\Users\\VirtualWindows8User\\UserDocuments","source":"Microsoft-Windows-Security-Auditing"}
{"logMessage":"An attempt was made to access an object.\n\nSubject:\n\tSecurity ID:\t\tS-1-5-21-2361021202-3253521353-2316283985-1001\n\tAccount Name:\t\tVirtualWindows8User\n\tAccount Domain:\t\tVirtualWindows8\n\tLogon ID:\t\t0x5ED4C0\n\nObject:\n\tObject Server:\t\tSecurity\n\tObject Type:\t\tFile\n\tObject Name:\t\tC:\\Users\\VirtualWindows8User\\UserDocuments\n\tHandle ID:\t\t0x1a74\n\tResource Attributes:\tS:AI\n\nProcess Information:\n\tProcess ID:\t\t0x6f4\n\tProcess Name:\t\tC:\\Windows\\explorer.exe\n\nAccess Request Information:\n\tAccesses:\t\tReadAttributes\n\t\t\t\t\n\tAccess Mask:\t\t0x80","logonID":"0x5ed4c0","level":"Information","computerName":"VirtualWindows8","upCode":"Info","accesses":"%%4423\n\t\t\t\t","resourceAttributes":"S:AI","@id":"http://example.org/logEntry#logEntry-a48524e7-a69c-4b36-9a03-f5e02d22124e","processName":"C:\\Windows\\explorer.exe","keyword":["Audit Success"],"accessMask":"0x80","@timestamp":"2019-05-29T13:14:46.025Z","version":1,"taskCategory":"File System","@type":"http://purl.org/sepses/vocab/log/wineventlog#WindowsEventLogEntry","handleID":"0x1a74","eventID":4663,"@context":"http://sepses.ifs.tuwien.ac.at/contexts/wineventlog.jsonld","objectServer":"Security","logName":"Security","hasLogType":"wineventlog","timestamp":"2019-05-29T13:14:46.025Z","accountName":"VirtualWindows8User","processID":"0x6f4","objectType":"File","accountDomain":"VirtualWindows8","originatesFrom":{"hostName":{"name":"VirtualWindows8"},"@type":"rdf:nodeID","@id":"http://example.org/sepses#ca7923cc-68a1-4eb2-a5f0-0a64691efb5b"},"objectName":"C:\\Users\\VirtualWindows8User\\UserDocuments","source":"Microsoft-Windows-Security-Auditing"}
{"logMessage":"An attempt was made to access an object.\n\nSubject:\n\tSecurity ID:\t\tS-1-5-21-2361021202-3253521353-2316283985-1001\n\tAccount Name:\t\tVirtualWindows8User\n\tAccount Domain:\t\tVirtualWindows8\n\tLogon ID:\t\t0x5ED4C0\n\nObject:\n\tObject Server:\t\tSecurity\n\tObject Type:\t\tFile\n\tObject Name:\t\tC:\\Users\\VirtualWindows8User\\UserDocuments\n\tHandle ID:\t\t0x2080\n\tResource Attributes:\tS:AI\n\nProcess Information:\n\tProcess ID:\t\t0x6f4\n\tProcess Name:\t\tC:\\Windows\\explorer.exe\n\nAccess Request Information:\n\tAccesses:\t\tReadAttributes\n\t\t\t\t\n\tAccess Mask:\t\t0x80","logonID":"0x5ed4c0","level":"Information","computerName":"VirtualWindows8","upCode":"Info","accesses":"%%4423\n\t\t\t\t","resourceAttributes":"S:AI","@id":"http://example.org/logEntry#logEntry-6d7a74a3-16dc-4abe-9da8-fa078836851f","processName":"C:\\Windows\\explorer.exe","keyword":["Audit Success"],"accessMask":"0x80","@timestamp":"2019-05-29T13:14:46.072Z","version":1,"taskCategory":"File System","@type":"http://purl.org/sepses/vocab/log/wineventlog#WindowsEventLogEntry","handleID":"0x2080","eventID":4663,"@context":"http://sepses.ifs.tuwien.ac.at/contexts/wineventlog.jsonld","objectServer":"Security","logName":"Security","hasLogType":"wineventlog","timestamp":"2019-05-29T13:14:46.072Z","accountName":"VirtualWindows8User","processID":"0x6f4","objectType":"File","accountDomain":"VirtualWindows8","originatesFrom":{"hostName":{"name":"VirtualWindows8"},"@type":"rdf:nodeID","@id":"http://example.org/sepses#79d6417c-d7f6-42bb-bb33-06b405e4ea32"},"objectName":"C:\\Users\\VirtualWindows8User\\UserDocuments","source":"Microsoft-Windows-Security-Auditing"}
{"logMessage":"An attempt was made to access an object.\n\nSubject:\n\tSecurity ID:\t\tS-1-5-18\n\tAccount Name:\t\tVIRTUALWINDOWS8$\n\tAccount Domain:\t\tWORKGROUP\n\tLogon ID:\t\t0x3E7\n\nObject:\n\tObject Server:\t\tSecurity\n\tObject Type:\t\tFile\n\tObject Name:\t\tC:\\Windows\\WinSxS\\wow64_microsoft-windows-m..ents-mdac-ado15-dll_31bf3856ad364e35_6.3.9600.18909_none_079f4b8978b93a9c\\msado15.dll\n\tHandle ID:\t\t0x2be0\n\tResource Attributes:\tS:AI\n\nProcess Information:\n\tProcess ID:\t\t0xd1c\n\tProcess Name:\t\tC:\\Windows\\WinSxS\\amd64_microsoft-windows-servicingstack_31bf3856ad364e35_6.3.9600.18384_none_fa1d93c39b41b41a\\TiWorker.exe\n\nAccess Request Information:\n\tAccesses:\t\tDELETE\n\t\t\t\t\n\tAccess Mask:\t\t0x10000","logonID":"0x3e7","level":"Information","computerName":"VirtualWindows8","upCode":"Info","accesses":"%%1537\n\t\t\t\t","resourceAttributes":"S:AI","@id":"http://example.org/logEntry#logEntry-603db12f-9543-4774-9cd6-d55a41405e55","processName":"C:\\Windows\\WinSxS\\amd64_microsoft-windows-servicingstack_31bf3856ad364e35_6.3.9600.18384_none_fa1d93c39b41b41a\\TiWorker.exe","keyword":["Audit Success"],"accessMask":"0x10000","@timestamp":"2019-05-29T13:14:47.197Z","version":1,"taskCategory":"File System","@type":"http://purl.org/sepses/vocab/log/wineventlog#WindowsEventLogEntry","handleID":"0x2be0","eventID":4663,"@context":"http://sepses.ifs.tuwien.ac.at/contexts/wineventlog.jsonld","objectServer":"Security","logName":"Security","hasLogType":"wineventlog","timestamp":"2019-05-29T13:14:47.197Z","accountName":"VIRTUALWINDOWS8$","processID":"0xd1c","objectType":"File","accountDomain":"WORKGROUP","originatesFrom":{"hostName":{"name":"VirtualWindows8"},"@type":"rdf:nodeID","@id":"http://example.org/sepses#6e07d2d7-864e-41b9-8e42-85d30fdb2bbf"},"objectName":"C:\\Windows\\WinSxS\\wow64_microsoft-windows-m..ents-mdac-ado15-dll_31bf3856ad364e35_6.3.9600.18909_none_079f4b8978b93a9c\\msado15.dll","source":"Microsoft-Windows-Security-Auditing"}
{"logMessage":"An attempt was made to access an object.\n\nSubject:\n\tSecurity ID:\t\tS-1-5-18\n\tAccount Name:\t\tVIRTUALWINDOWS8$\n\tAccount Domain:\t\tWORKGROUP\n\tLogon ID:\t\t0x3E7\n\nObject:\n\tObject Server:\t\tSecurity\n\tObject Type:\t\tFile\n\tObject Name:\t\tC:\\Windows\\WinSxS\\wow64_microsoft-windows-mobilepc-location-api_31bf3856ad364e35_6.3.9600.17415_none_0c473609787af949\\LocationApi.dll\n\tHandle ID:\t\t0x2bc4\n\tResource Attributes:\tS:AI\n\nProcess Information:\n\tProcess ID:\t\t0xd1c\n\tProcess Name:\t\tC:\\Windows\\WinSxS\\amd64_microsoft-windows-servicingstack_31bf3856ad364e35_6.3.9600.18384_none_fa1d93c39b41b41a\\TiWorker.exe\n\nAccess Request Information:\n\tAccesses:\t\tDELETE\n\t\t\t\t\n\tAccess Mask:\t\t0x10000","logonID":"0x3e7","level":"Information","computerName":"VirtualWindows8","upCode":"Info","accesses":"%%1537\n\t\t\t\t","resourceAttributes":"S:AI","@id":"http://example.org/logEntry#logEntry-59d64ef2-de68-4ed0-a339-04bc411434aa","processName":"C:\\Windows\\WinSxS\\amd64_microsoft-windows-servicingstack_31bf3856ad364e35_6.3.9600.18384_none_fa1d93c39b41b41a\\TiWorker.exe","keyword":["Audit Success"],"accessMask":"0x10000","@timestamp":"2019-05-29T13:14:47.822Z","version":1,"taskCategory":"File System","@type":"http://purl.org/sepses/vocab/log/wineventlog#WindowsEventLogEntry","handleID":"0x2bc4","eventID":4663,"@context":"http://sepses.ifs.tuwien.ac.at/contexts/wineventlog.jsonld","objectServer":"Security","logName":"Security","hasLogType":"wineventlog","timestamp":"2019-05-29T13:14:47.822Z","accountName":"VIRTUALWINDOWS8$","processID":"0xd1c","objectType":"File","accountDomain":"WORKGROUP","originatesFrom":{"hostName":{"name":"VirtualWindows8"},"@type":"rdf:nodeID","@id":"http://example.org/sepses#bb6ebfb8-b538-4cac-93cd-b76589679299"},"objectName":"C:\\Windows\\WinSxS\\wow64_microsoft-windows-mobilepc-location-api_31bf3856ad364e35_6.3.9600.17415_none_0c473609787af949\\LocationApi.dll","source":"Microsoft-Windows-Security-Auditing"}
{"logMessage":"An attempt was made to access an object.\n\nSubject:\n\tSecurity ID:\t\tS-1-5-21-2361021202-3253521353-2316283985-1001\n\tAccount Name:\t\tVirtualWindows8User\n\tAccount Domain:\t\tVirtualWindows8\n\tLogon ID:\t\t0x5ED4C0\n\nObject:\n\tObject Server:\t\tSecurity\n\tObject Type:\t\tFile\n\tObject Name:\t\tC:\\Users\\VirtualWindows8User\\Dropbox\\desktop.ini\n\tHandle ID:\t\t0x229c\n\tResource Attributes:\tS:AI\n\nProcess Information:\n\tProcess ID:\t\t0x6f4\n\tProcess Name:\t\tC:\\Windows\\explorer.exe\n\nAccess Request Information:\n\tAccesses:\t\tReadAttributes\n\t\t\t\t\n\tAccess Mask:\t\t0x80","logonID":"0x5ed4c0","level":"Information","computerName":"VirtualWindows8","upCode":"Info","accesses":"%%4423\n\t\t\t\t","resourceAttributes":"S:AI","@id":"http://example.org/logEntry#logEntry-0ef5f726-74b1-4cea-a828-b769d7c37d18","processName":"C:\\Windows\\explorer.exe","keyword":["Audit Success"],"accessMask":"0x80","@timestamp":"2019-05-29T13:14:48.397Z","version":1,"taskCategory":"File System","@type":"http://purl.org/sepses/vocab/log/wineventlog#WindowsEventLogEntry","handleID":"0x229c","eventID":4663,"@context":"http://sepses.ifs.tuwien.ac.at/contexts/wineventlog.jsonld","objectServer":"Security","logName":"Security","hasLogType":"wineventlog","timestamp":"2019-05-29T13:14:48.397Z","accountName":"VirtualWindows8User","processID":"0x6f4","objectType":"File","accountDomain":"VirtualWindows8","originatesFrom":{"hostName":{"name":"VirtualWindows8"},"@type":"rdf:nodeID","@id":"http://example.org/sepses#012a5c9a-363a-4573-992c-ab7069190008"},"objectName":"C:\\Users\\VirtualWindows8User\\Dropbox\\desktop.ini","source":"Microsoft-Windows-Security-Auditing"}
{"logMessage":"An attempt was made to access an object.\n\nSubject:\n\tSecurity ID:\t\tS-1-5-18\n\tAccount Name:\t\tVIRTUALWINDOWS8$\n\tAccount Domain:\t\tWORKGROUP\n\tLogon ID:\t\t0x3E7\n\nObject:\n\tObject Server:\t\tSecurity\n\tObject Type:\t\tFile\n\tObject Name:\t\tC:\\Windows\\WinSxS\\wow64_microsoft-windows-msxml30_31bf3856ad364e35_6.3.9600.18723_none_83c1043d9efe518c\\msxml3.dll\n\tHandle ID:\t\t0x2bb8\n\tResource Attributes:\tS:AI\n\nProcess Information:\n\tProcess ID:\t\t0xd1c\n\tProcess Name:\t\tC:\\Windows\\WinSxS\\amd64_microsoft-windows-servicingstack_31bf3856ad364e35_6.3.9600.18384_none_fa1d93c39b41b41a\\TiWorker.exe\n\nAccess Request Information:\n\tAccesses:\t\tDELETE\n\t\t\t\t\n\tAccess Mask:\t\t0x10000","logonID":"0x3e7","level":"Information","computerName":"VirtualWindows8","upCode":"Info","accesses":"%%1537\n\t\t\t\t","resourceAttributes":"S:AI","@id":"http://example.org/logEntry#logEntry-1da6b8f3-7556-48dd-bc67-398b1cec80c2","processName":"C:\\Windows\\WinSxS\\amd64_microsoft-windows-servicingstack_31bf3856ad364e35_6.3.9600.18384_none_fa1d93c39b41b41a\\TiWorker.exe","keyword":["Audit Success"],"accessMask":"0x10000","@timestamp":"2019-05-29T13:14:51.953Z","version":1,"taskCategory":"File System","@type":"http://purl.org/sepses/vocab/log/wineventlog#WindowsEventLogEntry","handleID":"0x2bb8","eventID":4663,"@context":"http://sepses.ifs.tuwien.ac.at/contexts/wineventlog.jsonld","objectServer":"Security","logName":"Security","hasLogType":"wineventlog","timestamp":"2019-05-29T13:14:51.953Z","accountName":"VIRTUALWINDOWS8$","processID":"0xd1c","objectType":"File","accountDomain":"WORKGROUP","originatesFrom":{"hostName":{"name":"VirtualWindows8"},"@type":"rdf:nodeID","@id":"http://example.org/sepses#1f932487-07ca-4ba7-bdc8-fd69906d1977"},"objectName":"C:\\Windows\\WinSxS\\wow64_microsoft-windows-msxml30_31bf3856ad364e35_6.3.9600.18723_none_83c1043d9efe518c\\msxml3.dll","source":"Microsoft-Windows-Security-Auditing"}
{"logMessage":"An attempt was made to access an object.\n\nSubject:\n\tSecurity ID:\t\tS-1-5-18\n\tAccount Name:\t\tVIRTUALWINDOWS8$\n\tAccount Domain:\t\tWORKGROUP\n\tLogon ID:\t\t0x3E7\n\nObject:\n\tObject Server:\t\tSecurity\n\tObject Type:\t\tFile\n\tObject Name:\t\tC:\\Windows\\WinSxS\\wow64_microsoft-windows-msxml30_31bf3856ad364e35_6.3.9600.19198_none_837a340f9f32be8d\\msxml3.dll\n\tHandle ID:\t\t0x2bc0\n\tResource Attributes:\tS:AI\n\nProcess Information:\n\tProcess ID:\t\t0xd1c\n\tProcess Name:\t\tC:\\Windows\\WinSxS\\amd64_microsoft-windows-servicingstack_31bf3856ad364e35_6.3.9600.18384_none_fa1d93c39b41b41a\\TiWorker.exe\n\nAccess Request Information:\n\tAccesses:\t\tDELETE\n\t\t\t\t\n\tAccess Mask:\t\t0x10000","logonID":"0x3e7","level":"Information","computerName":"VirtualWindows8","upCode":"Info","accesses":"%%1537\n\t\t\t\t","resourceAttributes":"S:AI","@id":"http://example.org/logEntry#logEntry-1fc63150-0a8f-4779-a778-ff9a9fce0135","processName":"C:\\Windows\\WinSxS\\amd64_microsoft-windows-servicingstack_31bf3856ad364e35_6.3.9600.18384_none_fa1d93c39b41b41a\\TiWorker.exe","keyword":["Audit Success"],"accessMask":"0x10000","@timestamp":"2019-05-29T13:14:59.697Z","version":1,"taskCategory":"File System","@type":"http://purl.org/sepses/vocab/log/wineventlog#WindowsEventLogEntry","handleID":"0x2bc0","eventID":4663,"@context":"http://sepses.ifs.tuwien.ac.at/contexts/wineventlog.jsonld","objectServer":"Security","logName":"Security","hasLogType":"wineventlog","timestamp":"2019-05-29T13:14:59.697Z","accountName":"VIRTUALWINDOWS8$","processID":"0xd1c","objectType":"File","accountDomain":"WORKGROUP","originatesFrom":{"hostName":{"name":"VirtualWindows8"},"@type":"rdf:nodeID","@id":"http://example.org/sepses#557f52fd-682e-4376-ab9f-28ba50535707"},"objectName":"C:\\Windows\\WinSxS\\wow64_microsoft-windows-msxml30_31bf3856ad364e35_6.3.9600.19198_none_837a340f9f32be8d\\msxml3.dll","source":"Microsoft-Windows-Security-Auditing"}
{"logMessage":"An attempt was made to access an object.\n\nSubject:\n\tSecurity ID:\t\tS-1-5-18\n\tAccount Name:\t\tVIRTUALWINDOWS8$\n\tAccount Domain:\t\tWORKGROUP\n\tLogon ID:\t\t0x3E7\n\nObject:\n\tObject Server:\t\tSecurity\n\tObject Type:\t\tFile\n\tObject Name:\t\tC:\\Windows\\WinSxS\\wow64_microsoft-windows-msxml60_31bf3856ad364e35_6.3.9600.18895_none_837712eb9f3591db\\msxml6.dll\n\tHandle ID:\t\t0x2bb0\n\tResource Attributes:\tS:AI\n\nProcess Information:\n\tProcess ID:\t\t0xd1c\n\tProcess Name:\t\tC:\\Windows\\WinSxS\\amd64_microsoft-windows-servicingstack_31bf3856ad364e35_6.3.9600.18384_none_fa1d93c39b41b41a\\TiWorker.exe\n\nAccess Request Information:\n\tAccesses:\t\tDELETE\n\t\t\t\t\n\tAccess Mask:\t\t0x10000","logonID":"0x3e7","level":"Information","computerName":"VirtualWindows8","upCode":"Info","accesses":"%%1537\n\t\t\t\t","resourceAttributes":"S:AI","@id":"http://example.org/logEntry#logEntry-ac74ebf0-2eb0-4bb7-9c03-935931707e17","processName":"C:\\Windows\\WinSxS\\amd64_microsoft-windows-servicingstack_31bf3856ad364e35_6.3.9600.18384_none_fa1d93c39b41b41a\\TiWorker.exe","keyword":["Audit Success"],"accessMask":"0x10000","@timestamp":"2019-05-29T13:15:10.010Z","version":1,"taskCategory":"File System","@type":"http://purl.org/sepses/vocab/log/wineventlog#WindowsEventLogEntry","handleID":"0x2bb0","eventID":4663,"@context":"http://sepses.ifs.tuwien.ac.at/contexts/wineventlog.jsonld","objectServer":"Security","logName":"Security","hasLogType":"wineventlog","timestamp":"2019-05-29T13:15:10.010Z","accountName":"VIRTUALWINDOWS8$","processID":"0xd1c","objectType":"File","accountDomain":"WORKGROUP","originatesFrom":{"hostName":{"name":"VirtualWindows8"},"@type":"rdf:nodeID","@id":"http://example.org/sepses#acfb9a01-d419-4a87-a495-2a9f86aca9b6"},"objectName":"C:\\Windows\\WinSxS\\wow64_microsoft-windows-msxml60_31bf3856ad364e35_6.3.9600.18895_none_837712eb9f3591db\\msxml6.dll","source":"Microsoft-Windows-Security-Auditing"}
{"logMessage":"An attempt was made to access an object.\n\nSubject:\n\tSecurity ID:\t\tS-1-5-18\n\tAccount Name:\t\tVIRTUALWINDOWS8$\n\tAccount Domain:\t\tWORKGROUP\n\tLogon ID:\t\t0x3E7\n\nObject:\n\tObject Server:\t\tSecurity\n\tObject Type:\t\tFile\n\tObject Name:\t\tC:\\Windows\\WinSxS\\wow64_microsoft-windows-msxml60_31bf3856ad364e35_6.3.9600.19227_none_83c4a0c79efb2ba9\\msxml6.dll\n\tHandle ID:\t\t0x2bc4\n\tResource Attributes:\tS:AI\n\nProcess Information:\n\tProcess ID:\t\t0xd1c\n\tProcess Name:\t\tC:\\Windows\\WinSxS\\amd64_microsoft-windows-servicingstack_31bf3856ad364e35_6.3.9600.18384_none_fa1d93c39b41b41a\\TiWorker.exe\n\nAccess Request Information:\n\tAccesses:\t\tDELETE\n\t\t\t\t\n\tAccess Mask:\t\t0x10000","logonID":"0x3e7","level":"Information","computerName":"VirtualWindows8","upCode":"Info","accesses":"%%1537\n\t\t\t\t","resourceAttributes":"S:AI","@id":"http://example.org/logEntry#logEntry-caa08d23-22a4-47e6-9a44-ed9884277001","processName":"C:\\Windows\\WinSxS\\amd64_microsoft-windows-servicingstack_31bf3856ad364e35_6.3.9600.18384_none_fa1d93c39b41b41a\\TiWorker.exe","keyword":["Audit Success"],"accessMask":"0x10000","@timestamp":"2019-05-29T13:15:18.822Z","version":1,"taskCategory":"File System","@type":"http://purl.org/sepses/vocab/log/wineventlog#WindowsEventLogEntry","handleID":"0x2bc4","eventID":4663,"@context":"http://sepses.ifs.tuwien.ac.at/contexts/wineventlog.jsonld","objectServer":"Security","logName":"Security","hasLogType":"wineventlog","timestamp":"2019-05-29T13:15:18.822Z","accountName":"VIRTUALWINDOWS8$","processID":"0xd1c","objectType":"File","accountDomain":"WORKGROUP","originatesFrom":{"hostName":{"name":"VirtualWindows8"},"@type":"rdf:nodeID","@id":"http://example.org/sepses#8ce06238-33da-4d26-b9fc-9ce08ed32e0f"},"objectName":"C:\\Windows\\WinSxS\\wow64_microsoft-windows-msxml60_31bf3856ad364e35_6.3.9600.19227_none_83c4a0c79efb2ba9\\msxml6.dll","source":"Microsoft-Windows-Security-Auditing"}
{"logMessage":"An attempt was made to access an object.\n\nSubject:\n\tSecurity ID:\t\tS-1-5-18\n\tAccount Name:\t\tVIRTUALWINDOWS8$\n\tAccount Domain:\t\tWORKGROUP\n\tLogon ID:\t\t0x3E7\n\nObject:\n\tObject Server:\t\tSecurity\n\tObject Type:\t\tFile\n\tObject Name:\t\tC:\\Windows\\WinSxS\\wow64_microsoft-windows-n..-domain-clients-svc_31bf3856ad364e35_6.3.9600.17415_none_3f6e1d0af4237363\\polstore.dll\n\tHandle ID:\t\t0x2bbc\n\tResource Attributes:\tS:AI\n\nProcess Information:\n\tProcess ID:\t\t0xd1c\n\tProcess Name:\t\tC:\\Windows\\WinSxS\\amd64_microsoft-windows-servicingstack_31bf3856ad364e35_6.3.9600.18384_none_fa1d93c39b41b41a\\TiWorker.exe\n\nAccess Request Information:\n\tAccesses:\t\tDELETE\n\t\t\t\t\n\tAccess Mask:\t\t0x10000","logonID":"0x3e7","level":"Information","computerName":"VirtualWindows8","upCode":"Info","accesses":"%%1537\n\t\t\t\t","resourceAttributes":"S:AI","@id":"http://example.org/logEntry#logEntry-6fe35833-a42f-4056-94a9-a681f2d63817","processName":"C:\\Windows\\WinSxS\\amd64_microsoft-windows-servicingstack_31bf3856ad364e35_6.3.9600.18384_none_fa1d93c39b41b41a\\TiWorker.exe","keyword":["Audit Success"],"accessMask":"0x10000","@timestamp":"2019-05-29T13:15:19.721Z","version":1,"taskCategory":"File System","@type":"http://purl.org/sepses/vocab/log/wineventlog#WindowsEventLogEntry","handleID":"0x2bbc","eventID":4663,"@context":"http://sepses.ifs.tuwien.ac.at/contexts/wineventlog.jsonld","objectServer":"Security","logName":"Security","hasLogType":"wineventlog","timestamp":"2019-05-29T13:15:19.721Z","accountName":"VIRTUALWINDOWS8$","processID":"0xd1c","objectType":"File","accountDomain":"WORKGROUP","originatesFrom":{"hostName":{"name":"VirtualWindows8"},"@type":"rdf:nodeID","@id":"http://example.org/sepses#8f25843a-b306-49ad-b4d9-cccc771f1cad"},"objectName":"C:\\Windows\\WinSxS\\wow64_microsoft-windows-n..-domain-clients-svc_31bf3856ad364e35_6.3.9600.17415_none_3f6e1d0af4237363\\polstore.dll","source":"Microsoft-Windows-Security-Auditing"}
{"logMessage":"An attempt was made to access an object.\n\nSubject:\n\tSecurity ID:\t\tS-1-5-18\n\tAccount Name:\t\tVIRTUALWINDOWS8$\n\tAccount Domain:\t\tWORKGROUP\n\tLogon ID:\t\t0x3E7\n\nObject:\n\tObject Server:\t\tSecurity\n\tObject Type:\t\tFile\n\tObject Name:\t\tC:\\Windows\\WinSxS\\wow64_microsoft-windows-n..-domain-clients-svc_31bf3856ad364e35_6.3.9600.17415_none_3f6e1d0af4237363\\winipsec.dll\n\tHandle ID:\t\t0x2bbc\n\tResource Attributes:\tS:AI\n\nProcess Information:\n\tProcess ID:\t\t0xd1c\n\tProcess Name:\t\tC:\\Windows\\WinSxS\\amd64_microsoft-windows-servicingstack_31bf3856ad364e35_6.3.9600.18384_none_fa1d93c39b41b41a\\TiWorker.exe\n\nAccess Request Information:\n\tAccesses:\t\tDELETE\n\t\t\t\t\n\tAccess Mask:\t\t0x10000","logonID":"0x3e7","level":"Information","computerName":"VirtualWindows8","upCode":"Info","accesses":"%%1537\n\t\t\t\t","resourceAttributes":"S:AI","@id":"http://example.org/logEntry#logEntry-e0a6244c-1fba-4596-8d2d-48779277594c","processName":"C:\\Windows\\WinSxS\\amd64_microsoft-windows-servicingstack_31bf3856ad364e35_6.3.9600.18384_none_fa1d93c39b41b41a\\TiWorker.exe","keyword":["Audit Success"],"accessMask":"0x10000","@timestamp":"2019-05-29T13:15:19.793Z","version":1,"taskCategory":"File System","@type":"http://purl.org/sepses/vocab/log/wineventlog#WindowsEventLogEntry","handleID":"0x2bbc","eventID":4663,"@context":"http://sepses.ifs.tuwien.ac.at/contexts/wineventlog.jsonld","objectServer":"Security","logName":"Security","hasLogType":"wineventlog","timestamp":"2019-05-29T13:15:19.793Z","accountName":"VIRTUALWINDOWS8$","processID":"0xd1c","objectType":"File","accountDomain":"WORKGROUP","originatesFrom":{"hostName":{"name":"VirtualWindows8"},"@type":"rdf:nodeID","@id":"http://example.org/sepses#b2907635-ae6c-4feb-83e3-676753ef6e1a"},"objectName":"C:\\Windows\\WinSxS\\wow64_microsoft-windows-n..-domain-clients-svc_31bf3856ad364e35_6.3.9600.17415_none_3f6e1d0af4237363\\winipsec.dll","source":"Microsoft-Windows-Security-Auditing"}
{"logMessage":"An attempt was made to access an object.\n\nSubject:\n\tSecurity ID:\t\tS-1-5-18\n\tAccount Name:\t\tVIRTUALWINDOWS8$\n\tAccount Domain:\t\tWORKGROUP\n\tLogon ID:\t\t0x3E7\n\nObject:\n\tObject Server:\t\tSecurity\n\tObject Type:\t\tFile\n\tObject Name:\t\tC:\\Windows\\WinSxS\\wow64_microsoft-windows-n..-domain-clients-svc_31bf3856ad364e35_6.3.9600.17415_none_3f6e1d0af4237363\\FwRemoteSvr.dll\n\tHandle ID:\t\t0x2bbc\n\tResource Attributes:\tS:AI\n\nProcess Information:\n\tProcess ID:\t\t0xd1c\n\tProcess Name:\t\tC:\\Windows\\WinSxS\\amd64_microsoft-windows-servicingstack_31bf3856ad364e35_6.3.9600.18384_none_fa1d93c39b41b41a\\TiWorker.exe\n\nAccess Request Information:\n\tAccesses:\t\tDELETE\n\t\t\t\t\n\tAccess Mask:\t\t0x10000","logonID":"0x3e7","level":"Information","computerName":"VirtualWindows8","upCode":"Info","accesses":"%%1537\n\t\t\t\t","resourceAttributes":"S:AI","@id":"http://example.org/logEntry#logEntry-f825da66-658c-42aa-86b1-8f1f9063e975","processName":"C:\\Windows\\WinSxS\\amd64_microsoft-windows-servicingstack_31bf3856ad364e35_6.3.9600.18384_none_fa1d93c39b41b41a\\TiWorker.exe","keyword":["Audit Success"],"accessMask":"0x10000","@timestamp":"2019-05-29T13:15:19.793Z","version":1,"taskCategory":"File System","@type":"http://purl.org/sepses/vocab/log/wineventlog#WindowsEventLogEntry","handleID":"0x2bbc","eventID":4663,"@context":"http://sepses.ifs.tuwien.ac.at/contexts/wineventlog.jsonld","objectServer":"Security","logName":"Security","hasLogType":"wineventlog","timestamp":"2019-05-29T13:15:19.793Z","accountName":"VIRTUALWINDOWS8$","processID":"0xd1c","objectType":"File","accountDomain":"WORKGROUP","originatesFrom":{"hostName":{"name":"VirtualWindows8"},"@type":"rdf:nodeID","@id":"http://example.org/sepses#09352643-63fd-45d4-9e66-6f47d7e7cd85"},"objectName":"C:\\Windows\\WinSxS\\wow64_microsoft-windows-n..-domain-clients-svc_31bf3856ad364e35_6.3.9600.17415_none_3f6e1d0af4237363\\FwRemoteSvr.dll","source":"Microsoft-Windows-Security-Auditing"}
{"logMessage":"An attempt was made to access an object.\n\nSubject:\n\tSecurity ID:\t\tS-1-5-18\n\tAccount Name:\t\tVIRTUALWINDOWS8$\n\tAccount Domain:\t\tWORKGROUP\n\tLogon ID:\t\t0x3E7\n\nObject:\n\tObject Server:\t\tSecurity\n\tObject Type:\t\tFile\n\tObject Name:\t\tC:\\Windows\\WinSxS\\wow64_microsoft-windows-network-security_31bf3856ad364e35_6.3.9600.18895_none_c82d869232e9fac5\\nshwfp.dll\n\tHandle ID:\t\t0x2b9c\n\tResource Attributes:\tS:AI\n\nProcess Information:\n\tProcess ID:\t\t0xd1c\n\tProcess Name:\t\tC:\\Windows\\WinSxS\\amd64_microsoft-windows-servicingstack_31bf3856ad364e35_6.3.9600.18384_none_fa1d93c39b41b41a\\TiWorker.exe\n\nAccess Request Information:\n\tAccesses:\t\tDELETE\n\t\t\t\t\n\tAccess Mask:\t\t0x10000","logonID":"0x3e7","level":"Information","computerName":"VirtualWindows8","upCode":"Info","accesses":"%%1537\n\t\t\t\t","resourceAttributes":"S:AI","@id":"http://example.org/logEntry#logEntry-6acc55d1-1e77-4e79-a61c-e38712683987","processName":"C:\\Windows\\WinSxS\\amd64_microsoft-windows-servicingstack_31bf3856ad364e35_6.3.9600.18384_none_fa1d93c39b41b41a\\TiWorker.exe","keyword":["Audit Success"],"accessMask":"0x10000","@timestamp":"2019-05-29T13:15:21.198Z","version":1,"taskCategory":"File System","@type":"http://purl.org/sepses/vocab/log/wineventlog#WindowsEventLogEntry","handleID":"0x2b9c","eventID":4663,"@context":"http://sepses.ifs.tuwien.ac.at/contexts/wineventlog.jsonld","objectServer":"Security","logName":"Security","hasLogType":"wineventlog","timestamp":"2019-05-29T13:15:21.198Z","accountName":"VIRTUALWINDOWS8$","processID":"0xd1c","objectType":"File","accountDomain":"WORKGROUP","originatesFrom":{"hostName":{"name":"VirtualWindows8"},"@type":"rdf:nodeID","@id":"http://example.org/sepses#dc9550a4-d77e-41f2-af9c-a9b13ce252de"},"objectName":"C:\\Windows\\WinSxS\\wow64_microsoft-windows-network-security_31bf3856ad364e35_6.3.9600.18895_none_c82d869232e9fac5\\nshwfp.dll","source":"Microsoft-Windows-Security-Auditing"}
{"logMessage":"An attempt was made to access an object.\n\nSubject:\n\tSecurity ID:\t\tS-1-5-18\n\tAccount Name:\t\tVIRTUALWINDOWS8$\n\tAccount Domain:\t\tWORKGROUP\n\tLogon ID:\t\t0x3E7\n\nObject:\n\tObject Server:\t\tSecurity\n\tObject Type:\t\tFile\n\tObject Name:\t\tC:\\Windows\\WinSxS\\wow64_microsoft-windows-network-security_31bf3856ad364e35_6.3.9600.18895_none_c82d869232e9fac5\\FWPUCLNT.DLL\n\tHandle ID:\t\t0x2b9c\n\tResource Attributes:\tS:AI\n\nProcess Information:\n\tProcess ID:\t\t0xd1c\n\tProcess Name:\t\tC:\\Windows\\WinSxS\\amd64_microsoft-windows-servicingstack_31bf3856ad364e35_6.3.9600.18384_none_fa1d93c39b41b41a\\TiWorker.exe\n\nAccess Request Information:\n\tAccesses:\t\tDELETE\n\t\t\t\t\n\tAccess Mask:\t\t0x10000","logonID":"0x3e7","level":"Information","computerName":"VirtualWindows8","upCode":"Info","accesses":"%%1537\n\t\t\t\t","resourceAttributes":"S:AI","@id":"http://example.org/logEntry#logEntry-1fecbb6f-e02a-4331-b243-4d8931b5ad08","processName":"C:\\Windows\\WinSxS\\amd64_microsoft-windows-servicingstack_31bf3856ad364e35_6.3.9600.18384_none_fa1d93c39b41b41a\\TiWorker.exe","keyword":["Audit Success"],"accessMask":"0x10000","@timestamp":"2019-05-29T13:15:21.260Z","version":1,"taskCategory":"File System","@type":"http://purl.org/sepses/vocab/log/wineventlog#WindowsEventLogEntry","handleID":"0x2b9c","eventID":4663,"@context":"http://sepses.ifs.tuwien.ac.at/contexts/wineventlog.jsonld","objectServer":"Security","logName":"Security","hasLogType":"wineventlog","timestamp":"2019-05-29T13:15:21.260Z","accountName":"VIRTUALWINDOWS8$","processID":"0xd1c","objectType":"File","accountDomain":"WORKGROUP","originatesFrom":{"hostName":{"name":"VirtualWindows8"},"@type":"rdf:nodeID","@id":"http://example.org/sepses#7c7a8055-7b35-47e5-9991-6ca59b3ca202"},"objectName":"C:\\Windows\\WinSxS\\wow64_microsoft-windows-network-security_31bf3856ad364e35_6.3.9600.18895_none_c82d869232e9fac5\\FWPUCLNT.DLL","source":"Microsoft-Windows-Security-Auditing"}
{"logMessage":"An object was deleted.\n\nSubject:\n\tSecurity ID:\t\tS-1-5-18\n\tAccount Name:\t\tVIRTUALWINDOWS8$\n\tAccount Domain:\t\tWORKGROUP\n\tLogon ID:\t\t0x3E7\n\nObject:\n\tObject Server:\tSecurity\n\tHandle ID:\t0x2b94\n\nProcess Information:\n\tProcess ID:\t0xd1c\n\tProcess Name:\tC:\\Windows\\WinSxS\\amd64_microsoft-windows-servicingstack_31bf3856ad364e35_6.3.9600.18384_none_fa1d93c39b41b41a\\TiWorker.exe\n\tTransaction ID:\t{3CD7906D-820F-11E9-9C1D-0800279A39D8}","logonID":"0x3e7","level":"Information","computerName":"VirtualWindows8","upCode":"Info","@id":"http://example.org/logEntry#logEntry-4c64b067-99a2-4d0f-bd74-49b2f8759cbd","processName":"C:\\Windows\\WinSxS\\amd64_microsoft-windows-servicingstack_31bf3856ad364e35_6.3.9600.18384_none_fa1d93c39b41b41a\\TiWorker.exe","keyword":["Audit Success"],"@timestamp":"2019-05-29T13:15:22.510Z","taskCategory":"File System","@type":"http://purl.org/sepses/vocab/log/wineventlog#WindowsEventLogEntry","handleID":"0x2b94","eventID":4660,"@context":"http://sepses.ifs.tuwien.ac.at/contexts/wineventlog.jsonld","objectServer":"Security","logName":"Security","hasLogType":"wineventlog","timestamp":"2019-05-29T13:15:22.510Z","accountName":"VIRTUALWINDOWS8$","processID":"0xd1c","accountDomain":"WORKGROUP","originatesFrom":{"hostName":{"name":"VirtualWindows8"},"@type":"rdf:nodeID","@id":"http://example.org/sepses#479a59c3-ade7-4297-8db1-fcbf49c39b6c"},"source":"Microsoft-Windows-Security-Auditing"}
{"logMessage":"An attempt was made to access an object.\n\nSubject:\n\tSecurity ID:\t\tS-1-5-18\n\tAccount Name:\t\tVIRTUALWINDOWS8$\n\tAccount Domain:\t\tWORKGROUP\n\tLogon ID:\t\t0x3E7\n\nObject:\n\tObject Server:\t\tSecurity\n\tObject Type:\t\tFile\n\tObject Name:\t\tC:\\Windows\\WinSxS\\wow64_microsoft-windows-ntdll_31bf3856ad364e35_6.3.9600.19125_none_542b804d045438cb\\ntdll.dll\n\tHandle ID:\t\t0x2bb0\n\tResource Attributes:\tS:AI\n\nProcess Information:\n\tProcess ID:\t\t0xd1c\n\tProcess Name:\t\tC:\\Windows\\WinSxS\\amd64_microsoft-windows-servicingstack_31bf3856ad364e35_6.3.9600.18384_none_fa1d93c39b41b41a\\TiWorker.exe\n\nAccess Request Information:\n\tAccesses:\t\tDELETE\n\t\t\t\t\n\tAccess Mask:\t\t0x10000","logonID":"0x3e7","level":"Information","computerName":"VirtualWindows8","upCode":"Info","accesses":"%%1537\n\t\t\t\t","resourceAttributes":"S:AI","@id":"http://example.org/logEntry#logEntry-429515c4-495e-4cb1-a3d5-e7e8b0099bcd","processName":"C:\\Windows\\WinSxS\\amd64_microsoft-windows-servicingstack_31bf3856ad364e35_6.3.9600.18384_none_fa1d93c39b41b41a\\TiWorker.exe","keyword":["Audit Success"],"accessMask":"0x10000","@timestamp":"2019-05-29T13:15:29.447Z","version":1,"taskCategory":"File System","@type":"http://purl.org/sepses/vocab/log/wineventlog#WindowsEventLogEntry","handleID":"0x2bb0","eventID":4663,"@context":"http://sepses.ifs.tuwien.ac.at/contexts/wineventlog.jsonld","objectServer":"Security","logName":"Security","hasLogType":"wineventlog","timestamp":"2019-05-29T13:15:29.447Z","accountName":"VIRTUALWINDOWS8$","processID":"0xd1c","objectType":"File","accountDomain":"WORKGROUP","originatesFrom":{"hostName":{"name":"VirtualWindows8"},"@type":"rdf:nodeID","@id":"http://example.org/sepses#ff27ad1e-0ef8-4083-b51e-a8466c2a8e34"},"objectName":"C:\\Windows\\WinSxS\\wow64_microsoft-windows-ntdll_31bf3856ad364e35_6.3.9600.19125_none_542b804d045438cb\\ntdll.dll","source":"Microsoft-Windows-Security-Auditing"}
