{"logMessage":"An attempt was made to access an object.\n\nSubject:\n\tSecurity ID:\t\tS-1-5-18\n\tAccount Name:\t\tVIRTUALWINDOWS8$\n\tAccount Domain:\t\tWORKGROUP\n\tLogon ID:\t\t0x3E7\n\nObject:\n\tObject Server:\t\tSecurity\n\tObject Type:\t\tFile\n\tObject Name:\t\tC:\\Windows\\WinSxS\\wow64_microsoft-windows-ntdll_31bf3856ad364e35_6.3.9600.19202_none_543e212d0446b20b\\ntdll.dll\n\tHandle ID:\t\t0x2be8\n\tResource Attributes:\tS:AI\n\nProcess Information:\n\tProcess ID:\t\t0xd1c\n\tProcess Name:\t\tC:\\Windows\\WinSxS\\amd64_microsoft-windows-servicingstack_31bf3856ad364e35_6.3.9600.18384_none_fa1d93c39b41b41a\\TiWorker.exe\n\nAccess Request Information:\n\tAccesses:\t\tDELETE\n\t\t\t\t\n\tAccess Mask:\t\t0x10000","logonID":"0x3e7","level":"Information","computerName":"VirtualWindows8","upCode":"Info","accesses":"%%1537\n\t\t\t\t","resourceAttributes":"S:AI","@id":"http://example.org/logEntry#logEntry-f3bdbbe1-2ca8-4b70-9643-d9e7fb77f041","processName":"C:\\Windows\\WinSxS\\amd64_microsoft-windows-servicingstack_31bf3856ad364e35_6.3.9600.18384_none_fa1d93c39b41b41a\\TiWorker.exe","keyword":["Audit Success"],"accessMask":"0x10000","@timestamp":"2019-05-29T13:15:29.839Z","version":1,"taskCategory":"File System","@type":"http://purl.org/sepses/vocab/log/wineventlog#WindowsEventLogEntry","handleID":"0x2be8","eventID":4663,"@context":"http://sepses.ifs.tuwien.ac.at/contexts/wineventlog.jsonld","objectServer":"Security","logName":"Security","hasLogType":"wineventlog","timestamp":"2019-05-29T13:15:29.839Z","accountName":"VIRTUALWINDOWS8$","processID":"0xd1c","objectType":"File","accountDomain":"WORKGROUP","originatesFrom":{"hostName":{"name":"VirtualWindows8"},"@type":"rdf:nodeID","@id":"http://example.org/sepses#b800f406-719f-4908-9617-8cd0086e3a26"},"objectName":"C:\\Windows\\WinSxS\\wow64_microsoft-windows-ntdll_31bf3856ad364e35_6.3.9600.19202_none_543e212d0446b20b\\ntdll.dll","source":"Microsoft-Windows-Security-Auditing"}
{"logMessage":"An attempt was made to access an object.\n\nSubject:\n\tSecurity ID:\t\tS-1-5-18\n\tAccount Name:\t\tVIRTUALWINDOWS8$\n\tAccount Domain:\t\tWORKGROUP\n\tLogon ID:\t\t0x3E7\n\nObject:\n\tObject Server:\t\tSecurity\n\tObject Type:\t\tFile\n\tObject Name:\t\tC:\\Windows\\WinSxS\\wow64_microsoft-windows-ole-automation_31bf3856ad364e35_6.3.9600.19003_none_b86869f703925826\\oleaut32.dll\n\tHandle ID:\t\t0x2bfc\n\tResource Attributes:\tS:AI\n\nProcess Information:\n\tProcess ID:\t\t0xd1c\n\tProcess Name:\t\tC:\\Windows\\WinSxS\\amd64_microsoft-windows-servicingstack_31bf3856ad364e35_6.3.9600.18384_none_fa1d93c39b41b41a\\TiWorker.exe\n\nAccess Request Information:\n\tAccesses:\t\tDELETE\n\t\t\t\t\n\tAccess Mask:\t\t0x10000","logonID":"0x3e7","level":"Information","computerName":"VirtualWindows8","upCode":"Info","accesses":"%%1537\n\t\t\t\t","resourceAttributes":"S:AI","@id":"http://example.org/logEntry#logEntry-98ea5bc1-36b4-40b4-a138-4c6e128cc069","processName":"C:\\Windows\\WinSxS\\amd64_microsoft-windows-servicingstack_31bf3856ad364e35_6.3.9600.18384_none_fa1d93c39b41b41a\\TiWorker.exe","keyword":["Audit Success"],"accessMask":"0x10000","@timestamp":"2019-05-29T13:15:31.760Z","version":1,"taskCategory":"File System","@type":"http://purl.org/sepses/vocab/log/wineventlog#WindowsEventLogEntry","handleID":"0x2bfc","eventID":4663,"@context":"http://sepses.ifs.tuwien.ac.at/contexts/wineventlog.jsonld","objectServer":"Security","logName":"Security","hasLogType":"wineventlog","timestamp":"2019-05-29T13:15:31.760Z","accountName":"VIRTUALWINDOWS8$","processID":"0xd1c","objectType":"File","accountDomain":"WORKGROUP","originatesFrom":{"hostName":{"name":"VirtualWindows8"},"@type":"rdf:nodeID","@id":"http://example.org/sepses#cd48bd03-1ce2-48fe-b586-ff3ee50e2108"},"objectName":"C:\\Windows\\WinSxS\\wow64_microsoft-windows-ole-automation_31bf3856ad364e35_6.3.9600.19003_none_b86869f703925826\\oleaut32.dll","source":"Microsoft-Windows-Security-Auditing"}
{"logMessage":"An attempt was made to access an object.\n\nSubject:\n\tSecurity ID:\t\tS-1-5-18\n\tAccount Name:\t\tVIRTUALWINDOWS8$\n\tAccount Domain:\t\tWORKGROUP\n\tLogon ID:\t\t0x3E7\n\nObject:\n\tObject Server:\t\tSecurity\n\tObject Type:\t\tFile\n\tObject Name:\t\tC:\\Windows\\WinSxS\\wow64_microsoft-windows-p..installerandprintui_31bf3856ad364e35_6.3.9600.19064_none_d17c9fcafe3430e7\\puiapi.dll\n\tHandle ID:\t\t0x2bc4\n\tResource Attributes:\tS:AI\n\nProcess Information:\n\tProcess ID:\t\t0xd1c\n\tProcess Name:\t\tC:\\Windows\\WinSxS\\amd64_microsoft-windows-servicingstack_31bf3856ad364e35_6.3.9600.18384_none_fa1d93c39b41b41a\\TiWorker.exe\n\nAccess Request Information:\n\tAccesses:\t\tDELETE\n\t\t\t\t\n\tAccess Mask:\t\t0x10000","logonID":"0x3e7","level":"Information","computerName":"VirtualWindows8","upCode":"Info","accesses":"%%1537\n\t\t\t\t","resourceAttributes":"S:AI","@id":"http://example.org/logEntry#logEntry-13dd909b-4aea-4b38-a917-6c036fa75fbb","processName":"C:\\Windows\\WinSxS\\amd64_microsoft-windows-servicingstack_31bf3856ad364e35_6.3.9600.18384_none_fa1d93c39b41b41a\\TiWorker.exe","keyword":["Audit Success"],"accessMask":"0x10000","@timestamp":"2019-05-29T13:15:32.931Z","version":1,"taskCategory":"File System","@type":"http://purl.org/sepses/vocab/log/wineventlog#WindowsEventLogEntry","handleID":"0x2bc4","eventID":4663,"@context":"http://sepses.ifs.tuwien.ac.at/contexts/wineventlog.jsonld","objectServer":"Security","logName":"Security","hasLogType":"wineventlog","timestamp":"2019-05-29T13:15:32.931Z","accountName":"VIRTUALWINDOWS8$","processID":"0xd1c","objectType":"File","accountDomain":"WORKGROUP","originatesFrom":{"hostName":{"name":"VirtualWindows8"},"@type":"rdf:nodeID","@id":"http://example.org/sepses#f6b67145-1c9e-4cfe-9bd2-369680a593be"},"objectName":"C:\\Windows\\WinSxS\\wow64_microsoft-windows-p..installerandprintui_31bf3856ad364e35_6.3.9600.19064_none_d17c9fcafe3430e7\\puiapi.dll","source":"Microsoft-Windows-Security-Auditing"}
{"logMessage":"An attempt was made to access an object.\n\nSubject:\n\tSecurity ID:\t\tS-1-5-18\n\tAccount Name:\t\tVIRTUALWINDOWS8$\n\tAccount Domain:\t\tWORKGROUP\n\tLogon ID:\t\t0x3E7\n\nObject:\n\tObject Server:\t\tSecurity\n\tObject Type:\t\tFile\n\tObject Name:\t\tC:\\Windows\\WinSxS\\wow64_microsoft-windows-p..installerandprintui_31bf3856ad364e35_6.3.9600.19064_none_d17c9fcafe3430e7\\puiobj.dll\n\tHandle ID:\t\t0x2bc4\n\tResource Attributes:\tS:AI\n\nProcess Information:\n\tProcess ID:\t\t0xd1c\n\tProcess Name:\t\tC:\\Windows\\WinSxS\\amd64_microsoft-windows-servicingstack_31bf3856ad364e35_6.3.9600.18384_none_fa1d93c39b41b41a\\TiWorker.exe\n\nAccess Request Information:\n\tAccesses:\t\tDELETE\n\t\t\t\t\n\tAccess Mask:\t\t0x10000","logonID":"0x3e7","level":"Information","computerName":"VirtualWindows8","upCode":"Info","accesses":"%%1537\n\t\t\t\t","resourceAttributes":"S:AI","@id":"http://example.org/logEntry#logEntry-5975a933-f87d-4567-887b-f6af0af1bed9","processName":"C:\\Windows\\WinSxS\\amd64_microsoft-windows-servicingstack_31bf3856ad364e35_6.3.9600.18384_none_fa1d93c39b41b41a\\TiWorker.exe","keyword":["Audit Success"],"accessMask":"0x10000","@timestamp":"2019-05-29T13:15:32.931Z","version":1,"taskCategory":"File System","@type":"http://purl.org/sepses/vocab/log/wineventlog#WindowsEventLogEntry","handleID":"0x2bc4","eventID":4663,"@context":"http://sepses.ifs.tuwien.ac.at/contexts/wineventlog.jsonld","objectServer":"Security","logName":"Security","hasLogType":"wineventlog","timestamp":"2019-05-29T13:15:32.931Z","accountName":"VIRTUALWINDOWS8$","processID":"0xd1c","objectType":"File","accountDomain":"WORKGROUP","originatesFrom":{"hostName":{"name":"VirtualWindows8"},"@type":"rdf:nodeID","@id":"http://example.org/sepses#d9ba5a79-d550-4ab1-8c7b-949ac35632b6"},"objectName":"C:\\Windows\\WinSxS\\wow64_microsoft-windows-p..installerandprintui_31bf3856ad364e35_6.3.9600.19064_none_d17c9fcafe3430e7\\puiobj.dll","source":"Microsoft-Windows-Security-Auditing"}
{"logMessage":"An attempt was made to access an object.\n\nSubject:\n\tSecurity ID:\t\tS-1-5-18\n\tAccount Name:\t\tVIRTUALWINDOWS8$\n\tAccount Domain:\t\tWORKGROUP\n\tLogon ID:\t\t0x3E7\n\nObject:\n\tObject Server:\t\tSecurity\n\tObject Type:\t\tFile\n\tObject Name:\t\tC:\\Windows\\WinSxS\\wow64_microsoft-windows-p..installerandprintui_31bf3856ad364e35_6.3.9600.19064_none_d17c9fcafe3430e7\\DafPrintProvider.dll\n\tHandle ID:\t\t0x2bc4\n\tResource Attributes:\tS:AI\n\nProcess Information:\n\tProcess ID:\t\t0xd1c\n\tProcess Name:\t\tC:\\Windows\\WinSxS\\amd64_microsoft-windows-servicingstack_31bf3856ad364e35_6.3.9600.18384_none_fa1d93c39b41b41a\\TiWorker.exe\n\nAccess Request Information:\n\tAccesses:\t\tDELETE\n\t\t\t\t\n\tAccess Mask:\t\t0x10000","logonID":"0x3e7","level":"Information","computerName":"VirtualWindows8","upCode":"Info","accesses":"%%1537\n\t\t\t\t","resourceAttributes":"S:AI","@id":"http://example.org/logEntry#logEntry-29c1990f-fbf6-4ca7-a12d-528b5eed4bc5","processName":"C:\\Windows\\WinSxS\\amd64_microsoft-windows-servicingstack_31bf3856ad364e35_6.3.9600.18384_none_fa1d93c39b41b41a\\TiWorker.exe","keyword":["Audit Success"],"accessMask":"0x10000","@timestamp":"2019-05-29T13:15:33.050Z","version":1,"taskCategory":"File System","@type":"http://purl.org/sepses/vocab/log/wineventlog#WindowsEventLogEntry","handleID":"0x2bc4","eventID":4663,"@context":"http://sepses.ifs.tuwien.ac.at/contexts/wineventlog.jsonld","objectServer":"Security","logName":"Security","hasLogType":"wineventlog","timestamp":"2019-05-29T13:15:33.050Z","accountName":"VIRTUALWINDOWS8$","processID":"0xd1c","objectType":"File","accountDomain":"WORKGROUP","originatesFrom":{"hostName":{"name":"VirtualWindows8"},"@type":"rdf:nodeID","@id":"http://example.org/sepses#dc2b5be6-9db3-4542-a839-dfd77fdf9b72"},"objectName":"C:\\Windows\\WinSxS\\wow64_microsoft-windows-p..installerandprintui_31bf3856ad364e35_6.3.9600.19064_none_d17c9fcafe3430e7\\DafPrintProvider.dll","source":"Microsoft-Windows-Security-Auditing"}
{"logMessage":"An attempt was made to access an object.\n\nSubject:\n\tSecurity ID:\t\tS-1-5-18\n\tAccount Name:\t\tVIRTUALWINDOWS8$\n\tAccount Domain:\t\tWORKGROUP\n\tLogon ID:\t\t0x3E7\n\nObject:\n\tObject Server:\t\tSecurity\n\tObject Type:\t\tFile\n\tObject Name:\t\tC:\\Windows\\WinSxS\\wow64_microsoft-windows-p..installerandprintui_31bf3856ad364e35_6.3.9600.19064_none_d17c9fcafe3430e7\\compstui.dll\n\tHandle ID:\t\t0x2bc4\n\tResource Attributes:\tS:AI\n\nProcess Information:\n\tProcess ID:\t\t0xd1c\n\tProcess Name:\t\tC:\\Windows\\WinSxS\\amd64_microsoft-windows-servicingstack_31bf3856ad364e35_6.3.9600.18384_none_fa1d93c39b41b41a\\TiWorker.exe\n\nAccess Request Information:\n\tAccesses:\t\tDELETE\n\t\t\t\t\n\tAccess Mask:\t\t0x10000","logonID":"0x3e7","level":"Information","computerName":"VirtualWindows8","upCode":"Info","accesses":"%%1537\n\t\t\t\t","resourceAttributes":"S:AI","@id":"http://example.org/logEntry#logEntry-3adb2d46-6d3a-4025-a284-4466bb737b9d","processName":"C:\\Windows\\WinSxS\\amd64_microsoft-windows-servicingstack_31bf3856ad364e35_6.3.9600.18384_none_fa1d93c39b41b41a\\TiWorker.exe","keyword":["Audit Success"],"accessMask":"0x10000","@timestamp":"2019-05-29T13:15:33.053Z","version":1,"taskCategory":"File System","@type":"http://purl.org/sepses/vocab/log/wineventlog#WindowsEventLogEntry","handleID":"0x2bc4","eventID":4663,"@context":"http://sepses.ifs.tuwien.ac.at/contexts/wineventlog.jsonld","objectServer":"Security","logName":"Security","hasLogType":"wineventlog","timestamp":"2019-05-29T13:15:33.053Z","accountName":"VIRTUALWINDOWS8$","processID":"0xd1c","objectType":"File","accountDomain":"WORKGROUP","originatesFrom":{"hostName":{"name":"VirtualWindows8"},"@type":"rdf:nodeID","@id":"http://example.org/sepses#6e0d80c5-b34f-4730-b462-a7953e115761"},"objectName":"C:\\Windows\\WinSxS\\wow64_microsoft-windows-p..installerandprintui_31bf3856ad364e35_6.3.9600.19064_none_d17c9fcafe3430e7\\compstui.dll","source":"Microsoft-Windows-Security-Auditing"}
{"logMessage":"An attempt was made to access an object.\n\nSubject:\n\tSecurity ID:\t\tS-1-5-18\n\tAccount Name:\t\tVIRTUALWINDOWS8$\n\tAccount Domain:\t\tWORKGROUP\n\tLogon ID:\t\t0x3E7\n\nObject:\n\tObject Server:\t\tSecurity\n\tObject Type:\t\tFile\n\tObject Name:\t\tC:\\Windows\\WinSxS\\wow64_microsoft-windows-p..installerandprintui_31bf3856ad364e35_6.3.9600.19064_none_d17c9fcafe3430e7\\printui.exe\n\tHandle ID:\t\t0x2bc4\n\tResource Attributes:\tS:AI\n\nProcess Information:\n\tProcess ID:\t\t0xd1c\n\tProcess Name:\t\tC:\\Windows\\WinSxS\\amd64_microsoft-windows-servicingstack_31bf3856ad364e35_6.3.9600.18384_none_fa1d93c39b41b41a\\TiWorker.exe\n\nAccess Request Information:\n\tAccesses:\t\tDELETE\n\t\t\t\t\n\tAccess Mask:\t\t0x10000","logonID":"0x3e7","level":"Information","computerName":"VirtualWindows8","upCode":"Info","accesses":"%%1537\n\t\t\t\t","resourceAttributes":"S:AI","@id":"http://example.org/logEntry#logEntry-b7bbe5c9-2970-435b-a694-b56c304b7525","processName":"C:\\Windows\\WinSxS\\amd64_microsoft-windows-servicingstack_31bf3856ad364e35_6.3.9600.18384_none_fa1d93c39b41b41a\\TiWorker.exe","keyword":["Audit Success"],"accessMask":"0x10000","@timestamp":"2019-05-29T13:15:33.056Z","version":1,"taskCategory":"File System","@type":"http://purl.org/sepses/vocab/log/wineventlog#WindowsEventLogEntry","handleID":"0x2bc4","eventID":4663,"@context":"http://sepses.ifs.tuwien.ac.at/contexts/wineventlog.jsonld","objectServer":"Security","logName":"Security","hasLogType":"wineventlog","timestamp":"2019-05-29T13:15:33.056Z","accountName":"VIRTUALWINDOWS8$","processID":"0xd1c","objectType":"File","accountDomain":"WORKGROUP","originatesFrom":{"hostName":{"name":"VirtualWindows8"},"@type":"rdf:nodeID","@id":"http://example.org/sepses#17c859b8-b22a-4f1c-aa12-2a85ac6861da"},"objectName":"C:\\Windows\\WinSxS\\wow64_microsoft-windows-p..installerandprintui_31bf3856ad364e35_6.3.9600.19064_none_d17c9fcafe3430e7\\printui.exe","source":"Microsoft-Windows-Security-Auditing"}
{"logMessage":"An attempt was made to access an object.\n\nSubject:\n\tSecurity ID:\t\tS-1-5-18\n\tAccount Name:\t\tVIRTUALWINDOWS8$\n\tAccount Domain:\t\tWORKGROUP\n\tLogon ID:\t\t0x3E7\n\nObject:\n\tObject Server:\t\tSecurity\n\tObject Type:\t\tFile\n\tObject Name:\t\tC:\\Windows\\WinSxS\\wow64_microsoft-windows-p..installerandprintui_31bf3856ad364e35_6.3.9600.19064_none_d17c9fcafe3430e7\\findnetprinters.dll\n\tHandle ID:\t\t0x2bc4\n\tResource Attributes:\tS:AI\n\nProcess Information:\n\tProcess ID:\t\t0xd1c\n\tProcess Name:\t\tC:\\Windows\\WinSxS\\amd64_microsoft-windows-servicingstack_31bf3856ad364e35_6.3.9600.18384_none_fa1d93c39b41b41a\\TiWorker.exe\n\nAccess Request Information:\n\tAccesses:\t\tDELETE\n\t\t\t\t\n\tAccess Mask:\t\t0x10000","logonID":"0x3e7","level":"Information","computerName":"VirtualWindows8","upCode":"Info","accesses":"%%1537\n\t\t\t\t","resourceAttributes":"S:AI","@id":"http://example.org/logEntry#logEntry-84a0573c-ca17-4323-9a1a-d4e7c3cb5ed6","processName":"C:\\Windows\\WinSxS\\amd64_microsoft-windows-servicingstack_31bf3856ad364e35_6.3.9600.18384_none_fa1d93c39b41b41a\\TiWorker.exe","keyword":["Audit Success"],"accessMask":"0x10000","@timestamp":"2019-05-29T13:15:33.058Z","version":1,"taskCategory":"File System","@type":"http://purl.org/sepses/vocab/log/wineventlog#WindowsEventLogEntry","handleID":"0x2bc4","eventID":4663,"@context":"http://sepses.ifs.tuwien.ac.at/contexts/wineventlog.jsonld","objectServer":"Security","logName":"Security","hasLogType":"wineventlog","timestamp":"2019-05-29T13:15:33.058Z","accountName":"VIRTUALWINDOWS8$","processID":"0xd1c","objectType":"File","accountDomain":"WORKGROUP","originatesFrom":{"hostName":{"name":"VirtualWindows8"},"@type":"rdf:nodeID","@id":"http://example.org/sepses#f450401a-2267-46c0-a438-1263c2ae7733"},"objectName":"C:\\Windows\\WinSxS\\wow64_microsoft-windows-p..installerandprintui_31bf3856ad364e35_6.3.9600.19064_none_d17c9fcafe3430e7\\findnetprinters.dll","source":"Microsoft-Windows-Security-Auditing"}
{"logMessage":"An attempt was made to access an object.\n\nSubject:\n\tSecurity ID:\t\tS-1-5-18\n\tAccount Name:\t\tVIRTUALWINDOWS8$\n\tAccount Domain:\t\tWORKGROUP\n\tLogon ID:\t\t0x3E7\n\nObject:\n\tObject Server:\t\tSecurity\n\tObject Type:\t\tFile\n\tObject Name:\t\tC:\\Windows\\WinSxS\\wow64_microsoft-windows-p..randprintui-asyncui_31bf3856ad364e35_6.3.9600.19064_none_7709b246fa6e0b48\\prnntfy.dll\n\tHandle ID:\t\t0x2b74\n\tResource Attributes:\tS:AI\n\nProcess Information:\n\tProcess ID:\t\t0xd1c\n\tProcess Name:\t\tC:\\Windows\\WinSxS\\amd64_microsoft-windows-servicingstack_31bf3856ad364e35_6.3.9600.18384_none_fa1d93c39b41b41a\\TiWorker.exe\n\nAccess Request Information:\n\tAccesses:\t\tDELETE\n\t\t\t\t\n\tAccess Mask:\t\t0x10000","logonID":"0x3e7","level":"Information","computerName":"VirtualWindows8","upCode":"Info","accesses":"%%1537\n\t\t\t\t","resourceAttributes":"S:AI","@id":"http://example.org/logEntry#logEntry-d5b15bdc-881e-40e8-a972-d6b6039a0a39","processName":"C:\\Windows\\WinSxS\\amd64_microsoft-windows-servicingstack_31bf3856ad364e35_6.3.9600.18384_none_fa1d93c39b41b41a\\TiWorker.exe","keyword":["Audit Success"],"accessMask":"0x10000","@timestamp":"2019-05-29T13:15:33.259Z","version":1,"taskCategory":"File System","@type":"http://purl.org/sepses/vocab/log/wineventlog#WindowsEventLogEntry","handleID":"0x2b74","eventID":4663,"@context":"http://sepses.ifs.tuwien.ac.at/contexts/wineventlog.jsonld","objectServer":"Security","logName":"Security","hasLogType":"wineventlog","timestamp":"2019-05-29T13:15:33.259Z","accountName":"VIRTUALWINDOWS8$","processID":"0xd1c","objectType":"File","accountDomain":"WORKGROUP","originatesFrom":{"hostName":{"name":"VirtualWindows8"},"@type":"rdf:nodeID","@id":"http://example.org/sepses#f80651e2-e583-4334-9af1-ad43115fa28c"},"objectName":"C:\\Windows\\WinSxS\\wow64_microsoft-windows-p..randprintui-asyncui_31bf3856ad364e35_6.3.9600.19064_none_7709b246fa6e0b48\\prnntfy.dll","source":"Microsoft-Windows-Security-Auditing"}
{"logMessage":"An object was deleted.\n\nSubject:\n\tSecurity ID:\t\tS-1-5-18\n\tAccount Name:\t\tVIRTUALWINDOWS8$\n\tAccount Domain:\t\tWORKGROUP\n\tLogon ID:\t\t0x3E7\n\nObject:\n\tObject Server:\tSecurity\n\tHandle ID:\t0x2ba4\n\nProcess Information:\n\tProcess ID:\t0xd1c\n\tProcess Name:\tC:\\Windows\\WinSxS\\amd64_microsoft-windows-servicingstack_31bf3856ad364e35_6.3.9600.18384_none_fa1d93c39b41b41a\\TiWorker.exe\n\tTransaction ID:\t{3CD790E1-820F-11E9-9C1D-0800279A39D8}","logonID":"0x3e7","level":"Information","computerName":"VirtualWindows8","upCode":"Info","@id":"http://example.org/logEntry#logEntry-4e5b5ff1-6432-4592-88fb-a68ecc240a95","processName":"C:\\Windows\\WinSxS\\amd64_microsoft-windows-servicingstack_31bf3856ad364e35_6.3.9600.18384_none_fa1d93c39b41b41a\\TiWorker.exe","keyword":["Audit Success"],"@timestamp":"2019-05-29T13:15:35.120Z","taskCategory":"File System","@type":"http://purl.org/sepses/vocab/log/wineventlog#WindowsEventLogEntry","handleID":"0x2ba4","eventID":4660,"@context":"http://sepses.ifs.tuwien.ac.at/contexts/wineventlog.jsonld","objectServer":"Security","logName":"Security","hasLogType":"wineventlog","timestamp":"2019-05-29T13:15:35.120Z","accountName":"VIRTUALWINDOWS8$","processID":"0xd1c","accountDomain":"WORKGROUP","originatesFrom":{"hostName":{"name":"VirtualWindows8"},"@type":"rdf:nodeID","@id":"http://example.org/sepses#2396e194-57f9-446c-a6a4-badd42a27d11"},"source":"Microsoft-Windows-Security-Auditing"}
{"logMessage":"An object was deleted.\n\nSubject:\n\tSecurity ID:\t\tS-1-5-18\n\tAccount Name:\t\tVIRTUALWINDOWS8$\n\tAccount Domain:\t\tWORKGROUP\n\tLogon ID:\t\t0x3E7\n\nObject:\n\tObject Server:\tSecurity\n\tHandle ID:\t0x2be8\n\nProcess Information:\n\tProcess ID:\t0xd1c\n\tProcess Name:\tC:\\Windows\\WinSxS\\amd64_microsoft-windows-servicingstack_31bf3856ad364e35_6.3.9600.18384_none_fa1d93c39b41b41a\\TiWorker.exe\n\tTransaction ID:\t{3CD790ED-820F-11E9-9C1D-0800279A39D8}","logonID":"0x3e7","level":"Information","computerName":"VirtualWindows8","upCode":"Info","@id":"http://example.org/logEntry#logEntry-d5793b7d-211b-4191-b7f9-3c4cb55cab91","processName":"C:\\Windows\\WinSxS\\amd64_microsoft-windows-servicingstack_31bf3856ad364e35_6.3.9600.18384_none_fa1d93c39b41b41a\\TiWorker.exe","keyword":["Audit Success"],"@timestamp":"2019-05-29T13:15:36.557Z","taskCategory":"File System","@type":"http://purl.org/sepses/vocab/log/wineventlog#WindowsEventLogEntry","handleID":"0x2be8","eventID":4660,"@context":"http://sepses.ifs.tuwien.ac.at/contexts/wineventlog.jsonld","objectServer":"Security","logName":"Security","hasLogType":"wineventlog","timestamp":"2019-05-29T13:15:36.557Z","accountName":"VIRTUALWINDOWS8$","processID":"0xd1c","accountDomain":"WORKGROUP","originatesFrom":{"hostName":{"name":"VirtualWindows8"},"@type":"rdf:nodeID","@id":"http://example.org/sepses#922ccfe0-d5b9-4fde-87db-4e0f13e58d67"},"source":"Microsoft-Windows-Security-Auditing"}
{"logMessage":"An object was deleted.\n\nSubject:\n\tSecurity ID:\t\tS-1-5-18\n\tAccount Name:\t\tVIRTUALWINDOWS8$\n\tAccount Domain:\t\tWORKGROUP\n\tLogon ID:\t\t0x3E7\n\nObject:\n\tObject Server:\tSecurity\n\tHandle ID:\t0x2bb8\n\nProcess Information:\n\tProcess ID:\t0xd1c\n\tProcess Name:\tC:\\Windows\\WinSxS\\amd64_microsoft-windows-servicingstack_31bf3856ad364e35_6.3.9600.18384_none_fa1d93c39b41b41a\\TiWorker.exe\n\tTransaction ID:\t{3CD790ED-820F-11E9-9C1D-0800279A39D8}","logonID":"0x3e7","level":"Information","computerName":"VirtualWindows8","upCode":"Info","@id":"http://example.org/logEntry#logEntry-298ada4b-ea37-44ef-ac7e-fb8a0c95cd3f","processName":"C:\\Windows\\WinSxS\\amd64_microsoft-windows-servicingstack_31bf3856ad364e35_6.3.9600.18384_none_fa1d93c39b41b41a\\TiWorker.exe","keyword":["Audit Success"],"@timestamp":"2019-05-29T13:15:36.557Z","taskCategory":"File System","@type":"http://purl.org/sepses/vocab/log/wineventlog#WindowsEventLogEntry","handleID":"0x2bb8","eventID":4660,"@context":"http://sepses.ifs.tuwien.ac.at/contexts/wineventlog.jsonld","objectServer":"Security","logName":"Security","hasLogType":"wineventlog","timestamp":"2019-05-29T13:15:36.557Z","accountName":"VIRTUALWINDOWS8$","processID":"0xd1c","accountDomain":"WORKGROUP","originatesFrom":{"hostName":{"name":"VirtualWindows8"},"@type":"rdf:nodeID","@id":"http://example.org/sepses#b2567b3d-892b-4e30-afdc-77b42ed6e6a7"},"source":"Microsoft-Windows-Security-Auditing"}
{"logMessage":"An object was deleted.\n\nSubject:\n\tSecurity ID:\t\tS-1-5-18\n\tAccount Name:\t\tVIRTUALWINDOWS8$\n\tAccount Domain:\t\tWORKGROUP\n\tLogon ID:\t\t0x3E7\n\nObject:\n\tObject Server:\tSecurity\n\tHandle ID:\t0x2bb8\n\nProcess Information:\n\tProcess ID:\t0xd1c\n\tProcess Name:\tC:\\Windows\\WinSxS\\amd64_microsoft-windows-servicingstack_31bf3856ad364e35_6.3.9600.18384_none_fa1d93c39b41b41a\\TiWorker.exe\n\tTransaction ID:\t{3CD790ED-820F-11E9-9C1D-0800279A39D8}","logonID":"0x3e7","level":"Information","computerName":"VirtualWindows8","upCode":"Info","@id":"http://example.org/logEntry#logEntry-076b2b34-1766-4291-a521-9956b5efed59","processName":"C:\\Windows\\WinSxS\\amd64_microsoft-windows-servicingstack_31bf3856ad364e35_6.3.9600.18384_none_fa1d93c39b41b41a\\TiWorker.exe","keyword":["Audit Success"],"@timestamp":"2019-05-29T13:15:36.557Z","taskCategory":"File System","@type":"http://purl.org/sepses/vocab/log/wineventlog#WindowsEventLogEntry","handleID":"0x2bb8","eventID":4660,"@context":"http://sepses.ifs.tuwien.ac.at/contexts/wineventlog.jsonld","objectServer":"Security","logName":"Security","hasLogType":"wineventlog","timestamp":"2019-05-29T13:15:36.557Z","accountName":"VIRTUALWINDOWS8$","processID":"0xd1c","accountDomain":"WORKGROUP","originatesFrom":{"hostName":{"name":"VirtualWindows8"},"@type":"rdf:nodeID","@id":"http://example.org/sepses#b1697f66-7d6e-43bf-8caf-de9f66bb819f"},"source":"Microsoft-Windows-Security-Auditing"}
{"logMessage":"An object was deleted.\n\nSubject:\n\tSecurity ID:\t\tS-1-5-18\n\tAccount Name:\t\tVIRTUALWINDOWS8$\n\tAccount Domain:\t\tWORKGROUP\n\tLogon ID:\t\t0x3E7\n\nObject:\n\tObject Server:\tSecurity\n\tHandle ID:\t0x2be8\n\nProcess Information:\n\tProcess ID:\t0xd1c\n\tProcess Name:\tC:\\Windows\\WinSxS\\amd64_microsoft-windows-servicingstack_31bf3856ad364e35_6.3.9600.18384_none_fa1d93c39b41b41a\\TiWorker.exe\n\tTransaction ID:\t{3CD790ED-820F-11E9-9C1D-0800279A39D8}","logonID":"0x3e7","level":"Information","computerName":"VirtualWindows8","upCode":"Info","@id":"http://example.org/logEntry#logEntry-085ea4dd-27f2-4969-959f-ceca1180f108","processName":"C:\\Windows\\WinSxS\\amd64_microsoft-windows-servicingstack_31bf3856ad364e35_6.3.9600.18384_none_fa1d93c39b41b41a\\TiWorker.exe","keyword":["Audit Success"],"@timestamp":"2019-05-29T13:15:36.557Z","taskCategory":"File System","@type":"http://purl.org/sepses/vocab/log/wineventlog#WindowsEventLogEntry","handleID":"0x2be8","eventID":4660,"@context":"http://sepses.ifs.tuwien.ac.at/contexts/wineventlog.jsonld","objectServer":"Security","logName":"Security","hasLogType":"wineventlog","timestamp":"2019-05-29T13:15:36.557Z","accountName":"VIRTUALWINDOWS8$","processID":"0xd1c","accountDomain":"WORKGROUP","originatesFrom":{"hostName":{"name":"VirtualWindows8"},"@type":"rdf:nodeID","@id":"http://example.org/sepses#4dbd9bae-94f2-46f8-a733-967c7835c2dc"},"source":"Microsoft-Windows-Security-Auditing"}
{"logMessage":"An object was deleted.\n\nSubject:\n\tSecurity ID:\t\tS-1-5-18\n\tAccount Name:\t\tVIRTUALWINDOWS8$\n\tAccount Domain:\t\tWORKGROUP\n\tLogon ID:\t\t0x3E7\n\nObject:\n\tObject Server:\tSecurity\n\tHandle ID:\t0x2be8\n\nProcess Information:\n\tProcess ID:\t0xd1c\n\tProcess Name:\tC:\\Windows\\WinSxS\\amd64_microsoft-windows-servicingstack_31bf3856ad364e35_6.3.9600.18384_none_fa1d93c39b41b41a\\TiWorker.exe\n\tTransaction ID:\t{3CD790ED-820F-11E9-9C1D-0800279A39D8}","logonID":"0x3e7","level":"Information","computerName":"VirtualWindows8","upCode":"Info","@id":"http://example.org/logEntry#logEntry-5cdb22e8-783e-4a7a-8709-4ef483515e9d","processName":"C:\\Windows\\WinSxS\\amd64_microsoft-windows-servicingstack_31bf3856ad364e35_6.3.9600.18384_none_fa1d93c39b41b41a\\TiWorker.exe","keyword":["Audit Success"],"@timestamp":"2019-05-29T13:15:36.572Z","taskCategory":"File System","@type":"http://purl.org/sepses/vocab/log/wineventlog#WindowsEventLogEntry","handleID":"0x2be8","eventID":4660,"@context":"http://sepses.ifs.tuwien.ac.at/contexts/wineventlog.jsonld","objectServer":"Security","logName":"Security","hasLogType":"wineventlog","timestamp":"2019-05-29T13:15:36.572Z","accountName":"VIRTUALWINDOWS8$","processID":"0xd1c","accountDomain":"WORKGROUP","originatesFrom":{"hostName":{"name":"VirtualWindows8"},"@type":"rdf:nodeID","@id":"http://example.org/sepses#90157565-afe5-4806-a810-104b0ccb1cf9"},"source":"Microsoft-Windows-Security-Auditing"}
{"logMessage":"An object was deleted.\n\nSubject:\n\tSecurity ID:\t\tS-1-5-18\n\tAccount Name:\t\tVIRTUALWINDOWS8$\n\tAccount Domain:\t\tWORKGROUP\n\tLogon ID:\t\t0x3E7\n\nObject:\n\tObject Server:\tSecurity\n\tHandle ID:\t0x2bb8\n\nProcess Information:\n\tProcess ID:\t0xd1c\n\tProcess Name:\tC:\\Windows\\WinSxS\\amd64_microsoft-windows-servicingstack_31bf3856ad364e35_6.3.9600.18384_none_fa1d93c39b41b41a\\TiWorker.exe\n\tTransaction ID:\t{3CD790ED-820F-11E9-9C1D-0800279A39D8}","logonID":"0x3e7","level":"Information","computerName":"VirtualWindows8","upCode":"Info","@id":"http://example.org/logEntry#logEntry-51562ba5-6862-44b3-b755-734c2ccad9ba","processName":"C:\\Windows\\WinSxS\\amd64_microsoft-windows-servicingstack_31bf3856ad364e35_6.3.9600.18384_none_fa1d93c39b41b41a\\TiWorker.exe","keyword":["Audit Success"],"@timestamp":"2019-05-29T13:15:36.572Z","taskCategory":"File System","@type":"http://purl.org/sepses/vocab/log/wineventlog#WindowsEventLogEntry","handleID":"0x2bb8","eventID":4660,"@context":"http://sepses.ifs.tuwien.ac.at/contexts/wineventlog.jsonld","objectServer":"Security","logName":"Security","hasLogType":"wineventlog","timestamp":"2019-05-29T13:15:36.572Z","accountName":"VIRTUALWINDOWS8$","processID":"0xd1c","accountDomain":"WORKGROUP","originatesFrom":{"hostName":{"name":"VirtualWindows8"},"@type":"rdf:nodeID","@id":"http://example.org/sepses#40b20ac4-3279-45ab-a559-4bca27ccc4f6"},"source":"Microsoft-Windows-Security-Auditing"}
{"logMessage":"An object was deleted.\n\nSubject:\n\tSecurity ID:\t\tS-1-5-18\n\tAccount Name:\t\tVIRTUALWINDOWS8$\n\tAccount Domain:\t\tWORKGROUP\n\tLogon ID:\t\t0x3E7\n\nObject:\n\tObject Server:\tSecurity\n\tHandle ID:\t0x2bb8\n\nProcess Information:\n\tProcess ID:\t0xd1c\n\tProcess Name:\tC:\\Windows\\WinSxS\\amd64_microsoft-windows-servicingstack_31bf3856ad364e35_6.3.9600.18384_none_fa1d93c39b41b41a\\TiWorker.exe\n\tTransaction ID:\t{3CD790ED-820F-11E9-9C1D-0800279A39D8}","logonID":"0x3e7","level":"Information","computerName":"VirtualWindows8","upCode":"Info","@id":"http://example.org/logEntry#logEntry-5b27b9bc-954a-4646-b799-4f416b371adb","processName":"C:\\Windows\\WinSxS\\amd64_microsoft-windows-servicingstack_31bf3856ad364e35_6.3.9600.18384_none_fa1d93c39b41b41a\\TiWorker.exe","keyword":["Audit Success"],"@timestamp":"2019-05-29T13:15:36.572Z","taskCategory":"File System","@type":"http://purl.org/sepses/vocab/log/wineventlog#WindowsEventLogEntry","handleID":"0x2bb8","eventID":4660,"@context":"http://sepses.ifs.tuwien.ac.at/contexts/wineventlog.jsonld","objectServer":"Security","logName":"Security","hasLogType":"wineventlog","timestamp":"2019-05-29T13:15:36.572Z","accountName":"VIRTUALWINDOWS8$","processID":"0xd1c","accountDomain":"WORKGROUP","originatesFrom":{"hostName":{"name":"VirtualWindows8"},"@type":"rdf:nodeID","@id":"http://example.org/sepses#3a483b9e-3072-4050-8407-90653551a13a"},"source":"Microsoft-Windows-Security-Auditing"}
{"logMessage":"An object was deleted.\n\nSubject:\n\tSecurity ID:\t\tS-1-5-18\n\tAccount Name:\t\tVIRTUALWINDOWS8$\n\tAccount Domain:\t\tWORKGROUP\n\tLogon ID:\t\t0x3E7\n\nObject:\n\tObject Server:\tSecurity\n\tHandle ID:\t0x2ba4\n\nProcess Information:\n\tProcess ID:\t0xd1c\n\tProcess Name:\tC:\\Windows\\WinSxS\\amd64_microsoft-windows-servicingstack_31bf3856ad364e35_6.3.9600.18384_none_fa1d93c39b41b41a\\TiWorker.exe\n\tTransaction ID:\t{3CD790F9-820F-11E9-9C1D-0800279A39D8}","logonID":"0x3e7","level":"Information","computerName":"VirtualWindows8","upCode":"Info","@id":"http://example.org/logEntry#logEntry-c9e13035-6183-4af9-8260-50779e5ed7cd","processName":"C:\\Windows\\WinSxS\\amd64_microsoft-windows-servicingstack_31bf3856ad364e35_6.3.9600.18384_none_fa1d93c39b41b41a\\TiWorker.exe","keyword":["Audit Success"],"@timestamp":"2019-05-29T13:15:36.760Z","taskCategory":"File System","@type":"http://purl.org/sepses/vocab/log/wineventlog#WindowsEventLogEntry","handleID":"0x2ba4","eventID":4660,"@context":"http://sepses.ifs.tuwien.ac.at/contexts/wineventlog.jsonld","objectServer":"Security","logName":"Security","hasLogType":"wineventlog","timestamp":"2019-05-29T13:15:36.760Z","accountName":"VIRTUALWINDOWS8$","processID":"0xd1c","accountDomain":"WORKGROUP","originatesFrom":{"hostName":{"name":"VirtualWindows8"},"@type":"rdf:nodeID","@id":"http://example.org/sepses#d74f7b8b-b94d-4d2e-a9d3-320594b27680"},"source":"Microsoft-Windows-Security-Auditing"}
{"logMessage":"An object was deleted.\n\nSubject:\n\tSecurity ID:\t\tS-1-5-18\n\tAccount Name:\t\tVIRTUALWINDOWS8$\n\tAccount Domain:\t\tWORKGROUP\n\tLogon ID:\t\t0x3E7\n\nObject:\n\tObject Server:\tSecurity\n\tHandle ID:\t0x2bb0\n\nProcess Information:\n\tProcess ID:\t0xd1c\n\tProcess Name:\tC:\\Windows\\WinSxS\\amd64_microsoft-windows-servicingstack_31bf3856ad364e35_6.3.9600.18384_none_fa1d93c39b41b41a\\TiWorker.exe\n\tTransaction ID:\t{3CD79105-820F-11E9-9C1D-0800279A39D8}","logonID":"0x3e7","level":"Information","computerName":"VirtualWindows8","upCode":"Info","@id":"http://example.org/logEntry#logEntry-23e12f6e-f9f7-443f-9671-d999eb036d53","processName":"C:\\Windows\\WinSxS\\amd64_microsoft-windows-servicingstack_31bf3856ad364e35_6.3.9600.18384_none_fa1d93c39b41b41a\\TiWorker.exe","keyword":["Audit Success"],"@timestamp":"2019-05-29T13:15:38.917Z","taskCategory":"File System","@type":"http://purl.org/sepses/vocab/log/wineventlog#WindowsEventLogEntry","handleID":"0x2bb0","eventID":4660,"@context":"http://sepses.ifs.tuwien.ac.at/contexts/wineventlog.jsonld","objectServer":"Security","logName":"Security","hasLogType":"wineventlog","timestamp":"2019-05-29T13:15:38.917Z","accountName":"VIRTUALWINDOWS8$","processID":"0xd1c","accountDomain":"WORKGROUP","originatesFrom":{"hostName":{"name":"VirtualWindows8"},"@type":"rdf:nodeID","@id":"http://example.org/sepses#d2d1b09a-f3f1-4b25-b300-1558932c045b"},"source":"Microsoft-Windows-Security-Auditing"}
{"logMessage":"An object was deleted.\n\nSubject:\n\tSecurity ID:\t\tS-1-5-18\n\tAccount Name:\t\tVIRTUALWINDOWS8$\n\tAccount Domain:\t\tWORKGROUP\n\tLogon ID:\t\t0x3E7\n\nObject:\n\tObject Server:\tSecurity\n\tHandle ID:\t0x2bc0\n\nProcess Information:\n\tProcess ID:\t0xd1c\n\tProcess Name:\tC:\\Windows\\WinSxS\\amd64_microsoft-windows-servicingstack_31bf3856ad364e35_6.3.9600.18384_none_fa1d93c39b41b41a\\TiWorker.exe\n\tTransaction ID:\t{3CD79116-820F-11E9-9C1D-0800279A39D8}","logonID":"0x3e7","level":"Information","computerName":"VirtualWindows8","upCode":"Info","@id":"http://example.org/logEntry#logEntry-f833727b-23ca-47c9-ae2d-f0ed5216a25e","processName":"C:\\Windows\\WinSxS\\amd64_microsoft-windows-servicingstack_31bf3856ad364e35_6.3.9600.18384_none_fa1d93c39b41b41a\\TiWorker.exe","keyword":["Audit Success"],"@timestamp":"2019-05-29T13:15:41.167Z","taskCategory":"File System","@type":"http://purl.org/sepses/vocab/log/wineventlog#WindowsEventLogEntry","handleID":"0x2bc0","eventID":4660,"@context":"http://sepses.ifs.tuwien.ac.at/contexts/wineventlog.jsonld","objectServer":"Security","logName":"Security","hasLogType":"wineventlog","timestamp":"2019-05-29T13:15:41.167Z","accountName":"VIRTUALWINDOWS8$","processID":"0xd1c","accountDomain":"WORKGROUP","originatesFrom":{"hostName":{"name":"VirtualWindows8"},"@type":"rdf:nodeID","@id":"http://example.org/sepses#b7764fc3-70f6-4b8d-b8e9-550c5de8dbe4"},"source":"Microsoft-Windows-Security-Auditing"}
{"logMessage":"An attempt was made to access an object.\n\nSubject:\n\tSecurity ID:\t\tS-1-5-21-2361021202-3253521353-2316283985-1001\n\tAccount Name:\t\tVirtualWindows8User\n\tAccount Domain:\t\tVirtualWindows8\n\tLogon ID:\t\t0x5ED4C0\n\nObject:\n\tObject Server:\t\tSecurity\n\tObject Type:\t\tFile\n\tObject Name:\t\tC:\\Users\\VirtualWindows8User\\Links\\UserDocuments.lnk\n\tHandle ID:\t\t0x2424\n\tResource Attributes:\tS:AI\n\nProcess Information:\n\tProcess ID:\t\t0x6f4\n\tProcess Name:\t\tC:\\Windows\\explorer.exe\n\nAccess Request Information:\n\tAccesses:\t\tReadAttributes\n\t\t\t\t\n\tAccess Mask:\t\t0x80","logonID":"0x5ed4c0","level":"Information","computerName":"VirtualWindows8","upCode":"Info","accesses":"%%4423\n\t\t\t\t","resourceAttributes":"S:AI","@id":"http://example.org/logEntry#logEntry-e7dc79e3-9428-4716-833a-c0e24ce325c4","processName":"C:\\Windows\\explorer.exe","keyword":["Audit Success"],"accessMask":"0x80","@timestamp":"2019-05-29T13:16:11.886Z","version":1,"taskCategory":"File System","@type":"http://purl.org/sepses/vocab/log/wineventlog#WindowsEventLogEntry","handleID":"0x2424","eventID":4663,"@context":"http://sepses.ifs.tuwien.ac.at/contexts/wineventlog.jsonld","objectServer":"Security","logName":"Security","hasLogType":"wineventlog","timestamp":"2019-05-29T13:16:11.886Z","accountName":"VirtualWindows8User","processID":"0x6f4","objectType":"File","accountDomain":"VirtualWindows8","originatesFrom":{"hostName":{"name":"VirtualWindows8"},"@type":"rdf:nodeID","@id":"http://example.org/sepses#8000ac6b-c58e-4a68-b392-c0d558f05c91"},"objectName":"C:\\Users\\VirtualWindows8User\\Links\\UserDocuments.lnk","source":"Microsoft-Windows-Security-Auditing"}
{"logMessage":"An attempt was made to access an object.\n\nSubject:\n\tSecurity ID:\t\tS-1-5-21-2361021202-3253521353-2316283985-1001\n\tAccount Name:\t\tVirtualWindows8User\n\tAccount Domain:\t\tVirtualWindows8\n\tLogon ID:\t\t0x5ED4C0\n\nObject:\n\tObject Server:\t\tSecurity\n\tObject Type:\t\tFile\n\tObject Name:\t\tC:\\Users\\VirtualWindows8User\\Links\\UserDocuments.lnk\n\tHandle ID:\t\t0x2424\n\tResource Attributes:\tS:AI\n\nProcess Information:\n\tProcess ID:\t\t0x6f4\n\tProcess Name:\t\tC:\\Windows\\explorer.exe\n\nAccess Request Information:\n\tAccesses:\t\tReadAttributes\n\t\t\t\t\n\tAccess Mask:\t\t0x80","logonID":"0x5ed4c0","level":"Information","computerName":"VirtualWindows8","upCode":"Info","accesses":"%%4423\n\t\t\t\t","resourceAttributes":"S:AI","@id":"http://example.org/logEntry#logEntry-b180b043-f0a9-4bbd-904a-09e0e994f2a3","processName":"C:\\Windows\\explorer.exe","keyword":["Audit Success"],"accessMask":"0x80","@timestamp":"2019-05-29T13:16:11.886Z","version":1,"taskCategory":"File System","@type":"http://purl.org/sepses/vocab/log/wineventlog#WindowsEventLogEntry","handleID":"0x2424","eventID":4663,"@context":"http://sepses.ifs.tuwien.ac.at/contexts/wineventlog.jsonld","objectServer":"Security","logName":"Security","hasLogType":"wineventlog","timestamp":"2019-05-29T13:16:11.886Z","accountName":"VirtualWindows8User","processID":"0x6f4","objectType":"File","accountDomain":"VirtualWindows8","originatesFrom":{"hostName":{"name":"VirtualWindows8"},"@type":"rdf:nodeID","@id":"http://example.org/sepses#9f17597c-f102-431d-8ff8-0d40b11dfd25"},"objectName":"C:\\Users\\VirtualWindows8User\\Links\\UserDocuments.lnk","source":"Microsoft-Windows-Security-Auditing"}
{"logMessage":"An attempt was made to access an object.\n\nSubject:\n\tSecurity ID:\t\tS-1-5-21-2361021202-3253521353-2316283985-1001\n\tAccount Name:\t\tVirtualWindows8User\n\tAccount Domain:\t\tVirtualWindows8\n\tLogon ID:\t\t0x5ED4C0\n\nObject:\n\tObject Server:\t\tSecurity\n\tObject Type:\t\tFile\n\tObject Name:\t\tC:\\Users\\VirtualWindows8User\\UserDocuments\n\tHandle ID:\t\t0x1db4\n\tResource Attributes:\tS:AI\n\nProcess Information:\n\tProcess ID:\t\t0x6f4\n\tProcess Name:\t\tC:\\Windows\\explorer.exe\n\nAccess Request Information:\n\tAccesses:\t\tReadAttributes\n\t\t\t\t\n\tAccess Mask:\t\t0x80","logonID":"0x5ed4c0","level":"Information","computerName":"VirtualWindows8","upCode":"Info","accesses":"%%4423\n\t\t\t\t","resourceAttributes":"S:AI","@id":"http://example.org/logEntry#logEntry-21c2d07b-68c0-469d-ad7b-a60788f0754d","processName":"C:\\Windows\\explorer.exe","keyword":["Audit Success"],"accessMask":"0x80","@timestamp":"2019-05-29T13:16:11.900Z","version":1,"taskCategory":"File System","@type":"http://purl.org/sepses/vocab/log/wineventlog#WindowsEventLogEntry","handleID":"0x1db4","eventID":4663,"@context":"http://sepses.ifs.tuwien.ac.at/contexts/wineventlog.jsonld","objectServer":"Security","logName":"Security","hasLogType":"wineventlog","timestamp":"2019-05-29T13:16:11.900Z","accountName":"VirtualWindows8User","processID":"0x6f4","objectType":"File","accountDomain":"VirtualWindows8","originatesFrom":{"hostName":{"name":"VirtualWindows8"},"@type":"rdf:nodeID","@id":"http://example.org/sepses#4bb0f734-ae00-4566-856e-a2ce01e50237"},"objectName":"C:\\Users\\VirtualWindows8User\\UserDocuments","source":"Microsoft-Windows-Security-Auditing"}
{"logMessage":"An attempt was made to access an object.\n\nSubject:\n\tSecurity ID:\t\tS-1-5-21-2361021202-3253521353-2316283985-1001\n\tAccount Name:\t\tVirtualWindows8User\n\tAccount Domain:\t\tVirtualWindows8\n\tLogon ID:\t\t0x5ED4C0\n\nObject:\n\tObject Server:\t\tSecurity\n\tObject Type:\t\tFile\n\tObject Name:\t\tC:\\Users\\VirtualWindows8User\\UserDocuments\n\tHandle ID:\t\t0x2154\n\tResource Attributes:\tS:AI\n\nProcess Information:\n\tProcess ID:\t\t0x6f4\n\tProcess Name:\t\tC:\\Windows\\explorer.exe\n\nAccess Request Information:\n\tAccesses:\t\tReadAttributes\n\t\t\t\t\n\tAccess Mask:\t\t0x80","logonID":"0x5ed4c0","level":"Information","computerName":"VirtualWindows8","upCode":"Info","accesses":"%%4423\n\t\t\t\t","resourceAttributes":"S:AI","@id":"http://example.org/logEntry#logEntry-6bd18c67-3aff-4bca-8327-5e3fad73b362","processName":"C:\\Windows\\explorer.exe","keyword":["Audit Success"],"accessMask":"0x80","@timestamp":"2019-05-29T13:16:11.932Z","version":1,"taskCategory":"File System","@type":"http://purl.org/sepses/vocab/log/wineventlog#WindowsEventLogEntry","handleID":"0x2154","eventID":4663,"@context":"http://sepses.ifs.tuwien.ac.at/contexts/wineventlog.jsonld","objectServer":"Security","logName":"Security","hasLogType":"wineventlog","timestamp":"2019-05-29T13:16:11.932Z","accountName":"VirtualWindows8User","processID":"0x6f4","objectType":"File","accountDomain":"VirtualWindows8","originatesFrom":{"hostName":{"name":"VirtualWindows8"},"@type":"rdf:nodeID","@id":"http://example.org/sepses#48009de2-ff83-4e86-ba26-d19dba6b0588"},"objectName":"C:\\Users\\VirtualWindows8User\\UserDocuments","source":"Microsoft-Windows-Security-Auditing"}
{"logMessage":"An attempt was made to access an object.\n\nSubject:\n\tSecurity ID:\t\tS-1-5-21-2361021202-3253521353-2316283985-1001\n\tAccount Name:\t\tVirtualWindows8User\n\tAccount Domain:\t\tVirtualWindows8\n\tLogon ID:\t\t0x5ED4C0\n\nObject:\n\tObject Server:\t\tSecurity\n\tObject Type:\t\tFile\n\tObject Name:\t\tC:\\Users\\VirtualWindows8User\\UserDocuments\n\tHandle ID:\t\t0x1ca0\n\tResource Attributes:\tS:AI\n\nProcess Information:\n\tProcess ID:\t\t0x6f4\n\tProcess Name:\t\tC:\\Windows\\explorer.exe\n\nAccess Request Information:\n\tAccesses:\t\tReadAttributes\n\t\t\t\t\n\tAccess Mask:\t\t0x80","logonID":"0x5ed4c0","level":"Information","computerName":"VirtualWindows8","upCode":"Info","accesses":"%%4423\n\t\t\t\t","resourceAttributes":"S:AI","@id":"http://example.org/logEntry#logEntry-6de8ea14-c7f0-40b7-b00d-bbcdf71d44f4","processName":"C:\\Windows\\explorer.exe","keyword":["Audit Success"],"accessMask":"0x80","@timestamp":"2019-05-29T13:16:12.031Z","version":1,"taskCategory":"File System","@type":"http://purl.org/sepses/vocab/log/wineventlog#WindowsEventLogEntry","handleID":"0x1ca0","eventID":4663,"@context":"http://sepses.ifs.tuwien.ac.at/contexts/wineventlog.jsonld","objectServer":"Security","logName":"Security","hasLogType":"wineventlog","timestamp":"2019-05-29T13:16:12.031Z","accountName":"VirtualWindows8User","processID":"0x6f4","objectType":"File","accountDomain":"VirtualWindows8","originatesFrom":{"hostName":{"name":"VirtualWindows8"},"@type":"rdf:nodeID","@id":"http://example.org/sepses#5571be09-17ba-4c3b-8356-25661fc3584e"},"objectName":"C:\\Users\\VirtualWindows8User\\UserDocuments","source":"Microsoft-Windows-Security-Auditing"}
{"logMessage":"An attempt was made to access an object.\n\nSubject:\n\tSecurity ID:\t\tS-1-5-21-2361021202-3253521353-2316283985-1001\n\tAccount Name:\t\tVirtualWindows8User\n\tAccount Domain:\t\tVirtualWindows8\n\tLogon ID:\t\t0x5ED4C0\n\nObject:\n\tObject Server:\t\tSecurity\n\tObject Type:\t\tFile\n\tObject Name:\t\tC:\\Users\\VirtualWindows8User\\Dropbox\\desktop.ini\n\tHandle ID:\t\t0x1b28\n\tResource Attributes:\tS:AI\n\nProcess Information:\n\tProcess ID:\t\t0x6f4\n\tProcess Name:\t\tC:\\Windows\\explorer.exe\n\nAccess Request Information:\n\tAccesses:\t\tReadAttributes\n\t\t\t\t\n\tAccess Mask:\t\t0x80","logonID":"0x5ed4c0","level":"Information","computerName":"VirtualWindows8","upCode":"Info","accesses":"%%4423\n\t\t\t\t","resourceAttributes":"S:AI","@id":"http://example.org/logEntry#logEntry-afbfd248-9742-4503-a75c-156887106210","processName":"C:\\Windows\\explorer.exe","keyword":["Audit Success"],"accessMask":"0x80","@timestamp":"2019-05-29T13:16:13.478Z","version":1,"taskCategory":"File System","@type":"http://purl.org/sepses/vocab/log/wineventlog#WindowsEventLogEntry","handleID":"0x1b28","eventID":4663,"@context":"http://sepses.ifs.tuwien.ac.at/contexts/wineventlog.jsonld","objectServer":"Security","logName":"Security","hasLogType":"wineventlog","timestamp":"2019-05-29T13:16:13.478Z","accountName":"VirtualWindows8User","processID":"0x6f4","objectType":"File","accountDomain":"VirtualWindows8","originatesFrom":{"hostName":{"name":"VirtualWindows8"},"@type":"rdf:nodeID","@id":"http://example.org/sepses#c19c91a7-bf6e-4f2c-8b7e-53f6c6a1f55d"},"objectName":"C:\\Users\\VirtualWindows8User\\Dropbox\\desktop.ini","source":"Microsoft-Windows-Security-Auditing"}
{"logMessage":"An attempt was made to access an object.\n\nSubject:\n\tSecurity ID:\t\tS-1-5-18\n\tAccount Name:\t\tVIRTUALWINDOWS8$\n\tAccount Domain:\t\tWORKGROUP\n\tLogon ID:\t\t0x3E7\n\nObject:\n\tObject Server:\t\tSecurity\n\tObject Type:\t\tFile\n\tObject Name:\t\tC:\\Windows\\WinSxS\\wow64_microsoft-windows-scripting-jscript9_31bf3856ad364e35_11.0.9600.19101_none_525180a0d4fd7496\\jscript9.dll\n\tHandle ID:\t\t0x2b74\n\tResource Attributes:\tS:AI\n\nProcess Information:\n\tProcess ID:\t\t0xd1c\n\tProcess Name:\t\tC:\\Windows\\WinSxS\\amd64_microsoft-windows-servicingstack_31bf3856ad364e35_6.3.9600.18384_none_fa1d93c39b41b41a\\TiWorker.exe\n\nAccess Request Information:\n\tAccesses:\t\tDELETE\n\t\t\t\t\n\tAccess Mask:\t\t0x10000","logonID":"0x3e7","level":"Information","computerName":"VirtualWindows8","upCode":"Info","accesses":"%%1537\n\t\t\t\t","resourceAttributes":"S:AI","@id":"http://example.org/logEntry#logEntry-0c49afee-e25d-4599-bb3e-a67d8cf32e31","processName":"C:\\Windows\\WinSxS\\amd64_microsoft-windows-servicingstack_31bf3856ad364e35_6.3.9600.18384_none_fa1d93c39b41b41a\\TiWorker.exe","keyword":["Audit Success"],"accessMask":"0x10000","@timestamp":"2019-05-29T13:16:25.651Z","version":1,"taskCategory":"File System","@type":"http://purl.org/sepses/vocab/log/wineventlog#WindowsEventLogEntry","handleID":"0x2b74","eventID":4663,"@context":"http://sepses.ifs.tuwien.ac.at/contexts/wineventlog.jsonld","objectServer":"Security","logName":"Security","hasLogType":"wineventlog","timestamp":"2019-05-29T13:16:25.651Z","accountName":"VIRTUALWINDOWS8$","processID":"0xd1c","objectType":"File","accountDomain":"WORKGROUP","originatesFrom":{"hostName":{"name":"VirtualWindows8"},"@type":"rdf:nodeID","@id":"http://example.org/sepses#4ca6c77a-3a1d-4bca-baad-8ed52a04152a"},"objectName":"C:\\Windows\\WinSxS\\wow64_microsoft-windows-scripting-jscript9_31bf3856ad364e35_11.0.9600.19101_none_525180a0d4fd7496\\jscript9.dll","source":"Microsoft-Windows-Security-Auditing"}
{"logMessage":"An attempt was made to access an object.\n\nSubject:\n\tSecurity ID:\t\tS-1-5-18\n\tAccount Name:\t\tVIRTUALWINDOWS8$\n\tAccount Domain:\t\tWORKGROUP\n\tLogon ID:\t\t0x3E7\n\nObject:\n\tObject Server:\t\tSecurity\n\tObject Type:\t\tFile\n\tObject Name:\t\tC:\\Windows\\WinSxS\\wow64_microsoft-windows-scripting-jscript9_31bf3856ad364e35_11.0.9600.19101_none_525180a0d4fd7496\\jscript9diag.dll\n\tHandle ID:\t\t0x2be8\n\tResource Attributes:\tS:AI\n\nProcess Information:\n\tProcess ID:\t\t0xd1c\n\tProcess Name:\t\tC:\\Windows\\WinSxS\\amd64_microsoft-windows-servicingstack_31bf3856ad364e35_6.3.9600.18384_none_fa1d93c39b41b41a\\TiWorker.exe\n\nAccess Request Information:\n\tAccesses:\t\tDELETE\n\t\t\t\t\n\tAccess Mask:\t\t0x10000","logonID":"0x3e7","level":"Information","computerName":"VirtualWindows8","upCode":"Info","accesses":"%%1537\n\t\t\t\t","resourceAttributes":"S:AI","@id":"http://example.org/logEntry#logEntry-c2e3de38-e02e-470e-ac7b-445565f9125f","processName":"C:\\Windows\\WinSxS\\amd64_microsoft-windows-servicingstack_31bf3856ad364e35_6.3.9600.18384_none_fa1d93c39b41b41a\\TiWorker.exe","keyword":["Audit Success"],"accessMask":"0x10000","@timestamp":"2019-05-29T13:16:25.713Z","version":1,"taskCategory":"File System","@type":"http://purl.org/sepses/vocab/log/wineventlog#WindowsEventLogEntry","handleID":"0x2be8","eventID":4663,"@context":"http://sepses.ifs.tuwien.ac.at/contexts/wineventlog.jsonld","objectServer":"Security","logName":"Security","hasLogType":"wineventlog","timestamp":"2019-05-29T13:16:25.713Z","accountName":"VIRTUALWINDOWS8$","processID":"0xd1c","objectType":"File","accountDomain":"WORKGROUP","originatesFrom":{"hostName":{"name":"VirtualWindows8"},"@type":"rdf:nodeID","@id":"http://example.org/sepses#bf20f3e9-ae22-4d92-8209-8d6b8cf437dd"},"objectName":"C:\\Windows\\WinSxS\\wow64_microsoft-windows-scripting-jscript9_31bf3856ad364e35_11.0.9600.19101_none_525180a0d4fd7496\\jscript9diag.dll","source":"Microsoft-Windows-Security-Auditing"}
