{"logName":"Security","source":"Microsoft-Windows-Security-Auditing","@context":"http://sepses.ifs.tuwien.ac.at/contexts/wineventlog.jsonld","computerName":"DESKTOP-F650GTN","objectServer":"Security","@type":"http://purl.org/sepses/vocab/log/wineventlog#WindowsEventLogEntry","upCode":"Info","resourceAttributes":"S:AI","accessMask":"0x80","hasLogType":"wineventlog","timestamp":"2019-05-29T13:17:19.931Z","processName":"C:\\Program Files (x86)\\Dropbox\\Client\\Dropbox.exe","handleID":"0x373c","@timestamp":"2019-05-29T13:17:19.931Z","eventID":4663,"level":"Information","taskCategory":"File System","originatesFrom":{"@type":"rdf:nodeID","@id":"http://example.org/sepses#691ea125-8980-4872-baee-861d36276ad1","hostName":"DESKTOP-F650GTN"},"objectType":"File","processID":"0x3bb4","@id":"http://example.org/logEntry#logEntry-22710695-3c22-4003-9dea-e787c8c6ff0a","accountName":"KKurniawan","keyword":["Audit Success"],"accountDomain":"DESKTOP-F650GTN","logonID":"0xe138a","accesses":"%%4423\n\t\t\t\t","logMessage":"An attempt was made to access an object.\n\nSubject:\n\tSecurity ID:\t\tS-1-5-21-132051286-1762614582-3209893546-1001\n\tAccount Name:\t\tKKurniawan\n\tAccount Domain:\t\tDESKTOP-F650GTN\n\tLogon ID:\t\t0xE138A\n\nObject:\n\tObject Server:\t\tSecurity\n\tObject Type:\t\tFile\n\tObject Name:\t\tC:\\Users\\KKurniawan\\Dropbox\\Secret\\secretFileB3.xls\n\tHandle ID:\t\t0x373c\n\tResource Attributes:\tS:AI\n\nProcess Information:\n\tProcess ID:\t\t0x3bb4\n\tProcess Name:\t\tC:\\Program Files (x86)\\Dropbox\\Client\\Dropbox.exe\n\nAccess Request Information:\n\tAccesses:\t\tReadAttributes\n\t\t\t\t\n\tAccess Mask:\t\t0x80","version":1,"objectName":"C:\\Users\\KKurniawan\\Dropbox\\Secret\\secretFileB3.xls"}
{"logName":"Security","source":"Microsoft-Windows-Security-Auditing","@context":"http://sepses.ifs.tuwien.ac.at/contexts/wineventlog.jsonld","computerName":"DESKTOP-F650GTN","objectServer":"Security","@type":"http://purl.org/sepses/vocab/log/wineventlog#WindowsEventLogEntry","upCode":"Info","resourceAttributes":"S:AI","accessMask":"0x2","hasLogType":"wineventlog","timestamp":"2019-05-29T13:17:19.458Z","processName":"C:\\Program Files (x86)\\Dropbox\\Client\\Dropbox.exe","handleID":"0x3b10","@timestamp":"2019-05-29T13:17:19.458Z","eventID":4663,"level":"Information","taskCategory":"File System","originatesFrom":{"@type":"rdf:nodeID","@id":"http://example.org/sepses#3a98ad8c-e39f-4dd0-ba55-ac3b8952f42a","hostName":"DESKTOP-F650GTN"},"objectType":"File","processID":"0x3bb4","@id":"http://example.org/logEntry#logEntry-40d20058-6abc-4b54-9c90-a5fbc735e5a9","accountName":"KKurniawan","keyword":["Audit Success"],"accountDomain":"DESKTOP-F650GTN","logonID":"0xe138a","accesses":"%%4417\n\t\t\t\t","logMessage":"An attempt was made to access an object.\n\nSubject:\n\tSecurity ID:\t\tS-1-5-21-132051286-1762614582-3209893546-1001\n\tAccount Name:\t\tKKurniawan\n\tAccount Domain:\t\tDESKTOP-F650GTN\n\tLogon ID:\t\t0xE138A\n\nObject:\n\tObject Server:\t\tSecurity\n\tObject Type:\t\tFile\n\tObject Name:\t\tC:\\Users\\KKurniawan\\Dropbox\\.dropbox.cache\\new_files\\e8658a47292fdea2fd67ff479758852f\n\tHandle ID:\t\t0x3b10\n\tResource Attributes:\tS:AI\n\nProcess Information:\n\tProcess ID:\t\t0x3bb4\n\tProcess Name:\t\tC:\\Program Files (x86)\\Dropbox\\Client\\Dropbox.exe\n\nAccess Request Information:\n\tAccesses:\t\tWriteData (or AddFile)\n\t\t\t\t\n\tAccess Mask:\t\t0x2","version":1,"objectName":"C:\\Users\\KKurniawan\\Dropbox\\.dropbox.cache\\new_files\\e8658a47292fdea2fd67ff479758852f"}
{"logName":"Security","source":"Microsoft-Windows-Security-Auditing","@type":"http://purl.org/sepses/vocab/log/wineventlog#WindowsEventLogEntry","computerName":"DESKTOP-F650GTN","objectServer":"Security","upCode":"Info","hasLogType":"wineventlog","timestamp":"2019-05-29T13:17:19.892Z","processName":"C:\\Program Files (x86)\\Dropbox\\Client\\Dropbox.exe","handleID":"0x3a94","@timestamp":"2019-05-29T13:17:19.892Z","eventID":4660,"level":"Information","taskCategory":"File System","originatesFrom":{"@type":"rdf:nodeID","@id":"http://example.org/sepses#0c8e0e5b-2cea-4868-82dd-af17f081ae22","hostName":"DESKTOP-F650GTN"},"processID":"0x3bb4","@id":"http://example.org/logEntry#logEntry-ae05fc83-74f5-4125-ad09-ddbda2cb8c47","accountName":"KKurniawan","keyword":["Audit Success"],"accountDomain":"DESKTOP-F650GTN","logonID":"0xe138a","logMessage":"An object was deleted.\n\nSubject:\n\tSecurity ID:\t\tS-1-5-21-132051286-1762614582-3209893546-1001\n\tAccount Name:\t\tKKurniawan\n\tAccount Domain:\t\tDESKTOP-F650GTN\n\tLogon ID:\t\t0xE138A\n\nObject:\n\tObject Server:\tSecurity\n\tHandle ID:\t0x3a94\n\nProcess Information:\n\tProcess ID:\t0x3bb4\n\tProcess Name:\tC:\\Program Files (x86)\\Dropbox\\Client\\Dropbox.exe\n\tTransaction ID:\t{00000000-0000-0000-0000-000000000000}","@context":"http://sepses.ifs.tuwien.ac.at/contexts/wineventlog.jsonld"}
{"logName":"Security","source":"Microsoft-Windows-Security-Auditing","@context":"http://sepses.ifs.tuwien.ac.at/contexts/wineventlog.jsonld","computerName":"DESKTOP-F650GTN","objectServer":"Security","@type":"http://purl.org/sepses/vocab/log/wineventlog#WindowsEventLogEntry","upCode":"Info","resourceAttributes":"S:AI","accessMask":"0x80","hasLogType":"wineventlog","timestamp":"2019-05-29T13:17:19.897Z","processName":"C:\\Program Files (x86)\\Dropbox\\Client\\Dropbox.exe","handleID":"0x3a94","@timestamp":"2019-05-29T13:17:19.897Z","eventID":4663,"level":"Information","taskCategory":"File System","originatesFrom":{"@type":"rdf:nodeID","@id":"http://example.org/sepses#1e4cc6e6-2359-4d32-94f6-01099b7b44af","hostName":"DESKTOP-F650GTN"},"objectType":"File","processID":"0x3bb4","@id":"http://example.org/logEntry#logEntry-299edb5c-2230-4007-8407-c7b5741c4e60","accountName":"KKurniawan","keyword":["Audit Success"],"accountDomain":"DESKTOP-F650GTN","logonID":"0xe138a","accesses":"%%4423\n\t\t\t\t","logMessage":"An attempt was made to access an object.\n\nSubject:\n\tSecurity ID:\t\tS-1-5-21-132051286-1762614582-3209893546-1001\n\tAccount Name:\t\tKKurniawan\n\tAccount Domain:\t\tDESKTOP-F650GTN\n\tLogon ID:\t\t0xE138A\n\nObject:\n\tObject Server:\t\tSecurity\n\tObject Type:\t\tFile\n\tObject Name:\t\tC:\\Users\\KKurniawan\\Dropbox\n\tHandle ID:\t\t0x3a94\n\tResource Attributes:\tS:AI\n\nProcess Information:\n\tProcess ID:\t\t0x3bb4\n\tProcess Name:\t\tC:\\Program Files (x86)\\Dropbox\\Client\\Dropbox.exe\n\nAccess Request Information:\n\tAccesses:\t\tReadAttributes\n\t\t\t\t\n\tAccess Mask:\t\t0x80","version":1,"objectName":"C:\\Users\\KKurniawan\\Dropbox"}
{"logName":"Security","source":"Microsoft-Windows-Security-Auditing","@context":"http://sepses.ifs.tuwien.ac.at/contexts/wineventlog.jsonld","computerName":"DESKTOP-F650GTN","objectServer":"Security","@type":"http://purl.org/sepses/vocab/log/wineventlog#WindowsEventLogEntry","upCode":"Info","resourceAttributes":"S:AI","accessMask":"0x80","hasLogType":"wineventlog","timestamp":"2019-05-29T13:17:19.897Z","processName":"C:\\Program Files (x86)\\Dropbox\\Client\\Dropbox.exe","handleID":"0x3654","@timestamp":"2019-05-29T13:17:19.897Z","eventID":4663,"level":"Information","taskCategory":"File System","originatesFrom":{"@type":"rdf:nodeID","@id":"http://example.org/sepses#dd431e92-4a56-4d56-ad27-3f4574085457","hostName":"DESKTOP-F650GTN"},"objectType":"File","processID":"0x3bb4","@id":"http://example.org/logEntry#logEntry-73865ec5-d910-4052-a615-004da95020ff","accountName":"KKurniawan","keyword":["Audit Success"],"accountDomain":"DESKTOP-F650GTN","logonID":"0xe138a","accesses":"%%4423\n\t\t\t\t","logMessage":"An attempt was made to access an object.\n\nSubject:\n\tSecurity ID:\t\tS-1-5-21-132051286-1762614582-3209893546-1001\n\tAccount Name:\t\tKKurniawan\n\tAccount Domain:\t\tDESKTOP-F650GTN\n\tLogon ID:\t\t0xE138A\n\nObject:\n\tObject Server:\t\tSecurity\n\tObject Type:\t\tFile\n\tObject Name:\t\tC:\\Users\\KKurniawan\\Dropbox\\Secret\n\tHandle ID:\t\t0x3654\n\tResource Attributes:\tS:AI\n\nProcess Information:\n\tProcess ID:\t\t0x3bb4\n\tProcess Name:\t\tC:\\Program Files (x86)\\Dropbox\\Client\\Dropbox.exe\n\nAccess Request Information:\n\tAccesses:\t\tReadAttributes\n\t\t\t\t\n\tAccess Mask:\t\t0x80","version":1,"objectName":"C:\\Users\\KKurniawan\\Dropbox\\Secret"}
{"logName":"Security","source":"Microsoft-Windows-Security-Auditing","@context":"http://sepses.ifs.tuwien.ac.at/contexts/wineventlog.jsonld","computerName":"DESKTOP-F650GTN","objectServer":"Security","@type":"http://purl.org/sepses/vocab/log/wineventlog#WindowsEventLogEntry","upCode":"Info","resourceAttributes":"S:AI","accessMask":"0x80","hasLogType":"wineventlog","timestamp":"2019-05-29T13:17:19.904Z","processName":"C:\\Program Files (x86)\\Dropbox\\Client\\Dropbox.exe","handleID":"0x2a14","@timestamp":"2019-05-29T13:17:19.904Z","eventID":4663,"level":"Information","taskCategory":"File System","originatesFrom":{"@type":"rdf:nodeID","@id":"http://example.org/sepses#e2adbb2b-726d-4f5e-8bf2-3512b48ea8ee","hostName":"DESKTOP-F650GTN"},"objectType":"File","processID":"0x3bb4","@id":"http://example.org/logEntry#logEntry-0de1eab2-0500-4b6d-9036-c1d9fcd4d960","accountName":"KKurniawan","keyword":["Audit Success"],"accountDomain":"DESKTOP-F650GTN","logonID":"0xe138a","accesses":"%%4423\n\t\t\t\t","logMessage":"An attempt was made to access an object.\n\nSubject:\n\tSecurity ID:\t\tS-1-5-21-132051286-1762614582-3209893546-1001\n\tAccount Name:\t\tKKurniawan\n\tAccount Domain:\t\tDESKTOP-F650GTN\n\tLogon ID:\t\t0xE138A\n\nObject:\n\tObject Server:\t\tSecurity\n\tObject Type:\t\tFile\n\tObject Name:\t\tC:\\Users\\KKurniawan\\Dropbox\\.dropbox.cache\\new_files\n\tHandle ID:\t\t0x2a14\n\tResource Attributes:\tS:AI\n\nProcess Information:\n\tProcess ID:\t\t0x3bb4\n\tProcess Name:\t\tC:\\Program Files (x86)\\Dropbox\\Client\\Dropbox.exe\n\nAccess Request Information:\n\tAccesses:\t\tReadAttributes\n\t\t\t\t\n\tAccess Mask:\t\t0x80","version":1,"objectName":"C:\\Users\\KKurniawan\\Dropbox\\.dropbox.cache\\new_files"}
{"logName":"Security","source":"Microsoft-Windows-Security-Auditing","@context":"http://sepses.ifs.tuwien.ac.at/contexts/wineventlog.jsonld","computerName":"DESKTOP-F650GTN","objectServer":"Security","@type":"http://purl.org/sepses/vocab/log/wineventlog#WindowsEventLogEntry","upCode":"Info","resourceAttributes":"S:AI","accessMask":"0x80","hasLogType":"wineventlog","timestamp":"2019-05-29T13:17:19.906Z","processName":"C:\\Program Files (x86)\\Dropbox\\Client\\Dropbox.exe","handleID":"0x373c","@timestamp":"2019-05-29T13:17:19.906Z","eventID":4663,"level":"Information","taskCategory":"File System","originatesFrom":{"@type":"rdf:nodeID","@id":"http://example.org/sepses#393b56ff-badb-4ffb-8d65-c0a5c97b1ea3","hostName":"DESKTOP-F650GTN"},"objectType":"File","processID":"0x3bb4","@id":"http://example.org/logEntry#logEntry-84d2fd23-58a9-4929-8353-5998474a7f21","accountName":"KKurniawan","keyword":["Audit Success"],"accountDomain":"DESKTOP-F650GTN","logonID":"0xe138a","accesses":"%%4423\n\t\t\t\t","logMessage":"An attempt was made to access an object.\n\nSubject:\n\tSecurity ID:\t\tS-1-5-21-132051286-1762614582-3209893546-1001\n\tAccount Name:\t\tKKurniawan\n\tAccount Domain:\t\tDESKTOP-F650GTN\n\tLogon ID:\t\t0xE138A\n\nObject:\n\tObject Server:\t\tSecurity\n\tObject Type:\t\tFile\n\tObject Name:\t\tC:\\Users\\KKurniawan\\Dropbox\\.dropbox.cache\\new_files\\e8658a47292fdea2fd67ff479758852f\n\tHandle ID:\t\t0x373c\n\tResource Attributes:\tS:AI\n\nProcess Information:\n\tProcess ID:\t\t0x3bb4\n\tProcess Name:\t\tC:\\Program Files (x86)\\Dropbox\\Client\\Dropbox.exe\n\nAccess Request Information:\n\tAccesses:\t\tReadAttributes\n\t\t\t\t\n\tAccess Mask:\t\t0x80","version":1,"objectName":"C:\\Users\\KKurniawan\\Dropbox\\.dropbox.cache\\new_files\\e8658a47292fdea2fd67ff479758852f"}
{"logName":"Security","source":"Microsoft-Windows-Security-Auditing","@context":"http://sepses.ifs.tuwien.ac.at/contexts/wineventlog.jsonld","computerName":"DESKTOP-F650GTN","objectServer":"Security","@type":"http://purl.org/sepses/vocab/log/wineventlog#WindowsEventLogEntry","upCode":"Info","resourceAttributes":"S:AI","accessMask":"0x10000","hasLogType":"wineventlog","timestamp":"2019-05-29T13:17:19.906Z","processName":"C:\\Program Files (x86)\\Dropbox\\Client\\Dropbox.exe","handleID":"0x373c","@timestamp":"2019-05-29T13:17:19.906Z","eventID":4663,"level":"Information","taskCategory":"File System","originatesFrom":{"@type":"rdf:nodeID","@id":"http://example.org/sepses#de8e4017-8ff5-44e2-83d8-fb6b49482ef1","hostName":"DESKTOP-F650GTN"},"objectType":"File","processID":"0x3bb4","@id":"http://example.org/logEntry#logEntry-663ab6af-399c-43a7-bd26-fa519dad9f59","accountName":"KKurniawan","keyword":["Audit Success"],"accountDomain":"DESKTOP-F650GTN","logonID":"0xe138a","accesses":"%%1537\n\t\t\t\t","logMessage":"An attempt was made to access an object.\n\nSubject:\n\tSecurity ID:\t\tS-1-5-21-132051286-1762614582-3209893546-1001\n\tAccount Name:\t\tKKurniawan\n\tAccount Domain:\t\tDESKTOP-F650GTN\n\tLogon ID:\t\t0xE138A\n\nObject:\n\tObject Server:\t\tSecurity\n\tObject Type:\t\tFile\n\tObject Name:\t\tC:\\Users\\KKurniawan\\Dropbox\\.dropbox.cache\\new_files\\e8658a47292fdea2fd67ff479758852f\n\tHandle ID:\t\t0x373c\n\tResource Attributes:\tS:AI\n\nProcess Information:\n\tProcess ID:\t\t0x3bb4\n\tProcess Name:\t\tC:\\Program Files (x86)\\Dropbox\\Client\\Dropbox.exe\n\nAccess Request Information:\n\tAccesses:\t\tDELETE\n\t\t\t\t\n\tAccess Mask:\t\t0x10000","version":1,"objectName":"C:\\Users\\KKurniawan\\Dropbox\\.dropbox.cache\\new_files\\e8658a47292fdea2fd67ff479758852f"}
{"logName":"Security","source":"Microsoft-Windows-Security-Auditing","@context":"http://sepses.ifs.tuwien.ac.at/contexts/wineventlog.jsonld","computerName":"DESKTOP-F650GTN","objectServer":"Security","@type":"http://purl.org/sepses/vocab/log/wineventlog#WindowsEventLogEntry","upCode":"Info","resourceAttributes":"S:AI","accessMask":"0x80","hasLogType":"wineventlog","timestamp":"2019-05-29T13:17:19.457Z","processName":"C:\\Program Files (x86)\\Dropbox\\Client\\Dropbox.exe","handleID":"0x3164","@timestamp":"2019-05-29T13:17:19.457Z","eventID":4663,"level":"Information","taskCategory":"File System","originatesFrom":{"@type":"rdf:nodeID","@id":"http://example.org/sepses#2f710229-1a96-4bc4-ace3-1b70036e1c95","hostName":"DESKTOP-F650GTN"},"objectType":"File","processID":"0x3bb4","@id":"http://example.org/logEntry#logEntry-c093e42b-76ab-43ea-8751-251f1f86fee8","accountName":"KKurniawan","keyword":["Audit Success"],"accountDomain":"DESKTOP-F650GTN","logonID":"0xe138a","accesses":"%%4423\n\t\t\t\t","logMessage":"An attempt was made to access an object.\n\nSubject:\n\tSecurity ID:\t\tS-1-5-21-132051286-1762614582-3209893546-1001\n\tAccount Name:\t\tKKurniawan\n\tAccount Domain:\t\tDESKTOP-F650GTN\n\tLogon ID:\t\t0xE138A\n\nObject:\n\tObject Server:\t\tSecurity\n\tObject Type:\t\tFile\n\tObject Name:\t\tC:\\Users\\KKurniawan\\Dropbox\\.dropbox.cache\\new_files\n\tHandle ID:\t\t0x3164\n\tResource Attributes:\tS:AI\n\nProcess Information:\n\tProcess ID:\t\t0x3bb4\n\tProcess Name:\t\tC:\\Program Files (x86)\\Dropbox\\Client\\Dropbox.exe\n\nAccess Request Information:\n\tAccesses:\t\tReadAttributes\n\t\t\t\t\n\tAccess Mask:\t\t0x80","version":1,"objectName":"C:\\Users\\KKurniawan\\Dropbox\\.dropbox.cache\\new_files"}
{"logName":"Security","source":"Microsoft-Windows-Security-Auditing","@context":"http://sepses.ifs.tuwien.ac.at/contexts/wineventlog.jsonld","computerName":"DESKTOP-F650GTN","objectServer":"Security","@type":"http://purl.org/sepses/vocab/log/wineventlog#WindowsEventLogEntry","upCode":"Info","resourceAttributes":"S:AI","accessMask":"0x10000","hasLogType":"wineventlog","timestamp":"2019-05-29T13:17:19.892Z","processName":"C:\\Program Files (x86)\\Dropbox\\Client\\Dropbox.exe","handleID":"0x3a94","@timestamp":"2019-05-29T13:17:19.892Z","eventID":4663,"level":"Information","taskCategory":"File System","originatesFrom":{"@type":"rdf:nodeID","@id":"http://example.org/sepses#5b2bad8a-1339-425c-8445-8e84052d4075","hostName":"DESKTOP-F650GTN"},"objectType":"File","processID":"0x3bb4","@id":"http://example.org/logEntry#logEntry-b83e217f-a653-40d0-be84-3b76d09ed0f1","accountName":"KKurniawan","keyword":["Audit Success"],"accountDomain":"DESKTOP-F650GTN","logonID":"0xe138a","accesses":"%%1537\n\t\t\t\t","logMessage":"An attempt was made to access an object.\n\nSubject:\n\tSecurity ID:\t\tS-1-5-21-132051286-1762614582-3209893546-1001\n\tAccount Name:\t\tKKurniawan\n\tAccount Domain:\t\tDESKTOP-F650GTN\n\tLogon ID:\t\t0xE138A\n\nObject:\n\tObject Server:\t\tSecurity\n\tObject Type:\t\tFile\n\tObject Name:\t\tC:\\Users\\KKurniawan\\Dropbox\\.dropbox.cache\\new_files\\e8658a47292fdea2fd67ff479758852f:com.dropbox.internal\n\tHandle ID:\t\t0x3a94\n\tResource Attributes:\tS:AI\n\nProcess Information:\n\tProcess ID:\t\t0x3bb4\n\tProcess Name:\t\tC:\\Program Files (x86)\\Dropbox\\Client\\Dropbox.exe\n\nAccess Request Information:\n\tAccesses:\t\tDELETE\n\t\t\t\t\n\tAccess Mask:\t\t0x10000","version":1,"objectName":"C:\\Users\\KKurniawan\\Dropbox\\.dropbox.cache\\new_files\\e8658a47292fdea2fd67ff479758852f:com.dropbox.internal"}
{"logName":"Security","source":"Microsoft-Windows-Security-Auditing","@context":"http://sepses.ifs.tuwien.ac.at/contexts/wineventlog.jsonld","computerName":"DESKTOP-F650GTN","objectServer":"Security","@type":"http://purl.org/sepses/vocab/log/wineventlog#WindowsEventLogEntry","upCode":"Info","resourceAttributes":"S:AI","accessMask":"0x80","hasLogType":"wineventlog","timestamp":"2019-05-29T13:17:19.896Z","processName":"C:\\Program Files (x86)\\Dropbox\\Client\\Dropbox.exe","handleID":"0x3654","@timestamp":"2019-05-29T13:17:19.896Z","eventID":4663,"level":"Information","taskCategory":"File System","originatesFrom":{"@type":"rdf:nodeID","@id":"http://example.org/sepses#f0c6f70c-0918-4e49-9994-583fe758e8a7","hostName":"DESKTOP-F650GTN"},"objectType":"File","processID":"0x3bb4","@id":"http://example.org/logEntry#logEntry-5211d27a-bd77-4a19-9b55-59d0ff97c52d","accountName":"KKurniawan","keyword":["Audit Success"],"accountDomain":"DESKTOP-F650GTN","logonID":"0xe138a","accesses":"%%4423\n\t\t\t\t","logMessage":"An attempt was made to access an object.\n\nSubject:\n\tSecurity ID:\t\tS-1-5-21-132051286-1762614582-3209893546-1001\n\tAccount Name:\t\tKKurniawan\n\tAccount Domain:\t\tDESKTOP-F650GTN\n\tLogon ID:\t\t0xE138A\n\nObject:\n\tObject Server:\t\tSecurity\n\tObject Type:\t\tFile\n\tObject Name:\t\tC:\\Users\\KKurniawan\\Dropbox\\.dropbox.cache\\new_files\\e8658a47292fdea2fd67ff479758852f\n\tHandle ID:\t\t0x3654\n\tResource Attributes:\tS:AI\n\nProcess Information:\n\tProcess ID:\t\t0x3bb4\n\tProcess Name:\t\tC:\\Program Files (x86)\\Dropbox\\Client\\Dropbox.exe\n\nAccess Request Information:\n\tAccesses:\t\tReadAttributes\n\t\t\t\t\n\tAccess Mask:\t\t0x80","version":1,"objectName":"C:\\Users\\KKurniawan\\Dropbox\\.dropbox.cache\\new_files\\e8658a47292fdea2fd67ff479758852f"}
{"logName":"Security","source":"Microsoft-Windows-Security-Auditing","@context":"http://sepses.ifs.tuwien.ac.at/contexts/wineventlog.jsonld","computerName":"DESKTOP-F650GTN","objectServer":"Security","@type":"http://purl.org/sepses/vocab/log/wineventlog#WindowsEventLogEntry","upCode":"Info","resourceAttributes":"S:AI","accessMask":"0x80","hasLogType":"wineventlog","timestamp":"2019-05-29T13:17:25.040Z","processName":"C:\\Program Files (x86)\\Dropbox\\Client\\Dropbox.exe","handleID":"0x1de0","@timestamp":"2019-05-29T13:17:25.040Z","eventID":4663,"level":"Information","taskCategory":"File System","originatesFrom":{"@type":"rdf:nodeID","@id":"http://example.org/sepses#70ebbb6a-a46b-44b2-b6b8-0ac65a157297","hostName":"DESKTOP-F650GTN"},"objectType":"File","processID":"0x3bb4","@id":"http://example.org/logEntry#logEntry-4120fc4c-1b10-49e6-93ad-b63634347000","accountName":"KKurniawan","keyword":["Audit Success"],"accountDomain":"DESKTOP-F650GTN","logonID":"0xe138a","accesses":"%%4423\n\t\t\t\t","logMessage":"An attempt was made to access an object.\n\nSubject:\n\tSecurity ID:\t\tS-1-5-21-132051286-1762614582-3209893546-1001\n\tAccount Name:\t\tKKurniawan\n\tAccount Domain:\t\tDESKTOP-F650GTN\n\tLogon ID:\t\t0xE138A\n\nObject:\n\tObject Server:\t\tSecurity\n\tObject Type:\t\tFile\n\tObject Name:\t\tC:\\Users\\KKurniawan\\Dropbox\\Secret\\secretFileB1.doc\n\tHandle ID:\t\t0x1de0\n\tResource Attributes:\tS:AI\n\nProcess Information:\n\tProcess ID:\t\t0x3bb4\n\tProcess Name:\t\tC:\\Program Files (x86)\\Dropbox\\Client\\Dropbox.exe\n\nAccess Request Information:\n\tAccesses:\t\tReadAttributes\n\t\t\t\t\n\tAccess Mask:\t\t0x80","version":1,"objectName":"C:\\Users\\KKurniawan\\Dropbox\\Secret\\secretFileB1.doc"}
{"logName":"Security","source":"Microsoft-Windows-Security-Auditing","@context":"http://sepses.ifs.tuwien.ac.at/contexts/wineventlog.jsonld","computerName":"DESKTOP-F650GTN","objectServer":"Security","@type":"http://purl.org/sepses/vocab/log/wineventlog#WindowsEventLogEntry","upCode":"Info","resourceAttributes":"S:AI","accessMask":"0x80","hasLogType":"wineventlog","timestamp":"2019-05-29T13:17:25.058Z","processName":"C:\\Program Files (x86)\\Dropbox\\Client\\Dropbox.exe","handleID":"0x3678","@timestamp":"2019-05-29T13:17:25.058Z","eventID":4663,"level":"Information","taskCategory":"File System","originatesFrom":{"@type":"rdf:nodeID","@id":"http://example.org/sepses#1b32319f-6abb-44fc-b8a1-14eb55f138ec","hostName":"DESKTOP-F650GTN"},"objectType":"File","processID":"0x3bb4","@id":"http://example.org/logEntry#logEntry-3402bbfc-a66e-418d-a63d-913b1408294f","accountName":"KKurniawan","keyword":["Audit Success"],"accountDomain":"DESKTOP-F650GTN","logonID":"0xe138a","accesses":"%%4423\n\t\t\t\t","logMessage":"An attempt was made to access an object.\n\nSubject:\n\tSecurity ID:\t\tS-1-5-21-132051286-1762614582-3209893546-1001\n\tAccount Name:\t\tKKurniawan\n\tAccount Domain:\t\tDESKTOP-F650GTN\n\tLogon ID:\t\t0xE138A\n\nObject:\n\tObject Server:\t\tSecurity\n\tObject Type:\t\tFile\n\tObject Name:\t\tC:\\Users\\KKurniawan\\Dropbox\\Secret\n\tHandle ID:\t\t0x3678\n\tResource Attributes:\tS:AI\n\nProcess Information:\n\tProcess ID:\t\t0x3bb4\n\tProcess Name:\t\tC:\\Program Files (x86)\\Dropbox\\Client\\Dropbox.exe\n\nAccess Request Information:\n\tAccesses:\t\tReadAttributes\n\t\t\t\t\n\tAccess Mask:\t\t0x80","version":1,"objectName":"C:\\Users\\KKurniawan\\Dropbox\\Secret"}
{"logName":"Security","source":"Microsoft-Windows-Security-Auditing","@context":"http://sepses.ifs.tuwien.ac.at/contexts/wineventlog.jsonld","computerName":"DESKTOP-F650GTN","objectServer":"Security","@type":"http://purl.org/sepses/vocab/log/wineventlog#WindowsEventLogEntry","upCode":"Info","resourceAttributes":"S:AI","accessMask":"0x80","hasLogType":"wineventlog","timestamp":"2019-05-29T13:17:25.032Z","processName":"C:\\Program Files (x86)\\Dropbox\\Client\\Dropbox.exe","handleID":"0x2a60","@timestamp":"2019-05-29T13:17:25.032Z","eventID":4663,"level":"Information","taskCategory":"File System","originatesFrom":{"@type":"rdf:nodeID","@id":"http://example.org/sepses#ea928777-4fa2-4f0c-83f5-057e2d412e6f","hostName":"DESKTOP-F650GTN"},"objectType":"File","processID":"0x3bb4","@id":"http://example.org/logEntry#logEntry-0db583df-5158-4d5a-8eb7-5d6a2b533f23","accountName":"KKurniawan","keyword":["Audit Success"],"accountDomain":"DESKTOP-F650GTN","logonID":"0xe138a","accesses":"%%4423\n\t\t\t\t","logMessage":"An attempt was made to access an object.\n\nSubject:\n\tSecurity ID:\t\tS-1-5-21-132051286-1762614582-3209893546-1001\n\tAccount Name:\t\tKKurniawan\n\tAccount Domain:\t\tDESKTOP-F650GTN\n\tLogon ID:\t\t0xE138A\n\nObject:\n\tObject Server:\t\tSecurity\n\tObject Type:\t\tFile\n\tObject Name:\t\tC:\\Users\\KKurniawan\\Dropbox\\Secret\n\tHandle ID:\t\t0x2a60\n\tResource Attributes:\tS:AI\n\nProcess Information:\n\tProcess ID:\t\t0x3bb4\n\tProcess Name:\t\tC:\\Program Files (x86)\\Dropbox\\Client\\Dropbox.exe\n\nAccess Request Information:\n\tAccesses:\t\tReadAttributes\n\t\t\t\t\n\tAccess Mask:\t\t0x80","version":1,"objectName":"C:\\Users\\KKurniawan\\Dropbox\\Secret"}
{"logName":"Security","source":"Microsoft-Windows-Security-Auditing","@context":"http://sepses.ifs.tuwien.ac.at/contexts/wineventlog.jsonld","computerName":"DESKTOP-F650GTN","objectServer":"Security","@type":"http://purl.org/sepses/vocab/log/wineventlog#WindowsEventLogEntry","upCode":"Info","resourceAttributes":"S:AI","accessMask":"0x80","hasLogType":"wineventlog","timestamp":"2019-05-29T13:17:25.042Z","processName":"C:\\Program Files (x86)\\Dropbox\\Client\\Dropbox.exe","handleID":"0x37f8","@timestamp":"2019-05-29T13:17:25.042Z","eventID":4663,"level":"Information","taskCategory":"File System","originatesFrom":{"@type":"rdf:nodeID","@id":"http://example.org/sepses#300d375c-d687-49ec-9b79-210af3fb71e9","hostName":"DESKTOP-F650GTN"},"objectType":"File","processID":"0x3bb4","@id":"http://example.org/logEntry#logEntry-dfc6da21-fa35-4ed5-a0c3-ade7d79e922e","accountName":"KKurniawan","keyword":["Audit Success"],"accountDomain":"DESKTOP-F650GTN","logonID":"0xe138a","accesses":"%%4423\n\t\t\t\t","logMessage":"An attempt was made to access an object.\n\nSubject:\n\tSecurity ID:\t\tS-1-5-21-132051286-1762614582-3209893546-1001\n\tAccount Name:\t\tKKurniawan\n\tAccount Domain:\t\tDESKTOP-F650GTN\n\tLogon ID:\t\t0xE138A\n\nObject:\n\tObject Server:\t\tSecurity\n\tObject Type:\t\tFile\n\tObject Name:\t\tC:\\Users\\KKurniawan\\Dropbox\\Secret\\secretFileB1_copy.doc\n\tHandle ID:\t\t0x37f8\n\tResource Attributes:\tS:AI\n\nProcess Information:\n\tProcess ID:\t\t0x3bb4\n\tProcess Name:\t\tC:\\Program Files (x86)\\Dropbox\\Client\\Dropbox.exe\n\nAccess Request Information:\n\tAccesses:\t\tReadAttributes\n\t\t\t\t\n\tAccess Mask:\t\t0x80","version":1,"objectName":"C:\\Users\\KKurniawan\\Dropbox\\Secret\\secretFileB1_copy.doc"}
{"logName":"Security","source":"Microsoft-Windows-Security-Auditing","@context":"http://sepses.ifs.tuwien.ac.at/contexts/wineventlog.jsonld","computerName":"DESKTOP-F650GTN","objectServer":"Security","@type":"http://purl.org/sepses/vocab/log/wineventlog#WindowsEventLogEntry","upCode":"Info","resourceAttributes":"S:AI","accessMask":"0x80","hasLogType":"wineventlog","timestamp":"2019-05-29T13:17:25.059Z","processName":"C:\\Program Files (x86)\\Dropbox\\Client\\Dropbox.exe","handleID":"0x39d0","@timestamp":"2019-05-29T13:17:25.059Z","eventID":4663,"level":"Information","taskCategory":"File System","originatesFrom":{"@type":"rdf:nodeID","@id":"http://example.org/sepses#f37d404d-9158-496d-b180-5f3608899581","hostName":"DESKTOP-F650GTN"},"objectType":"File","processID":"0x3bb4","@id":"http://example.org/logEntry#logEntry-ae3393b0-0883-4750-a65c-3a6f9b9cbc66","accountName":"KKurniawan","keyword":["Audit Success"],"accountDomain":"DESKTOP-F650GTN","logonID":"0xe138a","accesses":"%%4423\n\t\t\t\t","logMessage":"An attempt was made to access an object.\n\nSubject:\n\tSecurity ID:\t\tS-1-5-21-132051286-1762614582-3209893546-1001\n\tAccount Name:\t\tKKurniawan\n\tAccount Domain:\t\tDESKTOP-F650GTN\n\tLogon ID:\t\t0xE138A\n\nObject:\n\tObject Server:\t\tSecurity\n\tObject Type:\t\tFile\n\tObject Name:\t\tC:\\Users\\KKurniawan\\Dropbox\\Secret\n\tHandle ID:\t\t0x39d0\n\tResource Attributes:\tS:AI\n\nProcess Information:\n\tProcess ID:\t\t0x3bb4\n\tProcess Name:\t\tC:\\Program Files (x86)\\Dropbox\\Client\\Dropbox.exe\n\nAccess Request Information:\n\tAccesses:\t\tReadAttributes\n\t\t\t\t\n\tAccess Mask:\t\t0x80","version":1,"objectName":"C:\\Users\\KKurniawan\\Dropbox\\Secret"}
{"logName":"Security","source":"Microsoft-Windows-Security-Auditing","@context":"http://sepses.ifs.tuwien.ac.at/contexts/wineventlog.jsonld","computerName":"DESKTOP-F650GTN","objectServer":"Security","@type":"http://purl.org/sepses/vocab/log/wineventlog#WindowsEventLogEntry","upCode":"Info","resourceAttributes":"S:AI","accessMask":"0x80","hasLogType":"wineventlog","timestamp":"2019-05-29T13:17:25.027Z","processName":"C:\\Program Files (x86)\\Dropbox\\Client\\Dropbox.exe","handleID":"0x1de0","@timestamp":"2019-05-29T13:17:25.027Z","eventID":4663,"level":"Information","taskCategory":"File System","originatesFrom":{"@type":"rdf:nodeID","@id":"http://example.org/sepses#23779122-b81b-4b0c-a09e-815a5e7ad5f6","hostName":"DESKTOP-F650GTN"},"objectType":"File","processID":"0x3bb4","@id":"http://example.org/logEntry#logEntry-fa914a5d-b032-49c5-bb74-2633d0ae653e","accountName":"KKurniawan","keyword":["Audit Success"],"accountDomain":"DESKTOP-F650GTN","logonID":"0xe138a","accesses":"%%4423\n\t\t\t\t","logMessage":"An attempt was made to access an object.\n\nSubject:\n\tSecurity ID:\t\tS-1-5-21-132051286-1762614582-3209893546-1001\n\tAccount Name:\t\tKKurniawan\n\tAccount Domain:\t\tDESKTOP-F650GTN\n\tLogon ID:\t\t0xE138A\n\nObject:\n\tObject Server:\t\tSecurity\n\tObject Type:\t\tFile\n\tObject Name:\t\tC:\\Users\\KKurniawan\\Dropbox\n\tHandle ID:\t\t0x1de0\n\tResource Attributes:\tS:AI\n\nProcess Information:\n\tProcess ID:\t\t0x3bb4\n\tProcess Name:\t\tC:\\Program Files (x86)\\Dropbox\\Client\\Dropbox.exe\n\nAccess Request Information:\n\tAccesses:\t\tReadAttributes\n\t\t\t\t\n\tAccess Mask:\t\t0x80","version":1,"objectName":"C:\\Users\\KKurniawan\\Dropbox"}
{"logName":"Security","source":"Microsoft-Windows-Security-Auditing","@context":"http://sepses.ifs.tuwien.ac.at/contexts/wineventlog.jsonld","computerName":"DESKTOP-F650GTN","objectServer":"Security","@type":"http://purl.org/sepses/vocab/log/wineventlog#WindowsEventLogEntry","upCode":"Info","resourceAttributes":"S:AI","accessMask":"0x10000","hasLogType":"wineventlog","timestamp":"2019-05-29T13:17:25.040Z","processName":"C:\\Program Files (x86)\\Dropbox\\Client\\Dropbox.exe","handleID":"0x1de0","@timestamp":"2019-05-29T13:17:25.040Z","eventID":4663,"level":"Information","taskCategory":"File System","originatesFrom":{"@type":"rdf:nodeID","@id":"http://example.org/sepses#67e6932a-acd0-4b52-b8f6-1aac60c3d7be","hostName":"DESKTOP-F650GTN"},"objectType":"File","processID":"0x3bb4","@id":"http://example.org/logEntry#logEntry-b22a11f0-9a5d-4e6c-998c-aca47873f2f3","accountName":"KKurniawan","keyword":["Audit Success"],"accountDomain":"DESKTOP-F650GTN","logonID":"0xe138a","accesses":"%%1537\n\t\t\t\t","logMessage":"An attempt was made to access an object.\n\nSubject:\n\tSecurity ID:\t\tS-1-5-21-132051286-1762614582-3209893546-1001\n\tAccount Name:\t\tKKurniawan\n\tAccount Domain:\t\tDESKTOP-F650GTN\n\tLogon ID:\t\t0xE138A\n\nObject:\n\tObject Server:\t\tSecurity\n\tObject Type:\t\tFile\n\tObject Name:\t\tC:\\Users\\KKurniawan\\Dropbox\\Secret\\secretFileB1.doc\n\tHandle ID:\t\t0x1de0\n\tResource Attributes:\tS:AI\n\nProcess Information:\n\tProcess ID:\t\t0x3bb4\n\tProcess Name:\t\tC:\\Program Files (x86)\\Dropbox\\Client\\Dropbox.exe\n\nAccess Request Information:\n\tAccesses:\t\tDELETE\n\t\t\t\t\n\tAccess Mask:\t\t0x10000","version":1,"objectName":"C:\\Users\\KKurniawan\\Dropbox\\Secret\\secretFileB1.doc"}
{"logName":"Security","source":"Microsoft-Windows-Security-Auditing","@context":"http://sepses.ifs.tuwien.ac.at/contexts/wineventlog.jsonld","computerName":"DESKTOP-F650GTN","objectServer":"Security","@type":"http://purl.org/sepses/vocab/log/wineventlog#WindowsEventLogEntry","upCode":"Info","resourceAttributes":"S:AI","accessMask":"0x80","hasLogType":"wineventlog","timestamp":"2019-05-29T13:17:25.058Z","processName":"C:\\Program Files (x86)\\Dropbox\\Client\\Dropbox.exe","handleID":"0x1de0","@timestamp":"2019-05-29T13:17:25.058Z","eventID":4663,"level":"Information","taskCategory":"File System","originatesFrom":{"@type":"rdf:nodeID","@id":"http://example.org/sepses#9d54ca75-6ed7-47bb-947e-8d097281bb73","hostName":"DESKTOP-F650GTN"},"objectType":"File","processID":"0x3bb4","@id":"http://example.org/logEntry#logEntry-9df3b52a-b567-45ed-b83b-f89939b02da9","accountName":"KKurniawan","keyword":["Audit Success"],"accountDomain":"DESKTOP-F650GTN","logonID":"0xe138a","accesses":"%%4423\n\t\t\t\t","logMessage":"An attempt was made to access an object.\n\nSubject:\n\tSecurity ID:\t\tS-1-5-21-132051286-1762614582-3209893546-1001\n\tAccount Name:\t\tKKurniawan\n\tAccount Domain:\t\tDESKTOP-F650GTN\n\tLogon ID:\t\t0xE138A\n\nObject:\n\tObject Server:\t\tSecurity\n\tObject Type:\t\tFile\n\tObject Name:\t\tC:\\Users\\KKurniawan\\Dropbox\n\tHandle ID:\t\t0x1de0\n\tResource Attributes:\tS:AI\n\nProcess Information:\n\tProcess ID:\t\t0x3bb4\n\tProcess Name:\t\tC:\\Program Files (x86)\\Dropbox\\Client\\Dropbox.exe\n\nAccess Request Information:\n\tAccesses:\t\tReadAttributes\n\t\t\t\t\n\tAccess Mask:\t\t0x80","version":1,"objectName":"C:\\Users\\KKurniawan\\Dropbox"}
{"logName":"Security","source":"Microsoft-Windows-Security-Auditing","@context":"http://sepses.ifs.tuwien.ac.at/contexts/wineventlog.jsonld","computerName":"DESKTOP-F650GTN","objectServer":"Security","@type":"http://purl.org/sepses/vocab/log/wineventlog#WindowsEventLogEntry","upCode":"Info","resourceAttributes":"S:AI","accessMask":"0x80","hasLogType":"wineventlog","timestamp":"2019-05-29T13:17:25.039Z","processName":"C:\\Program Files (x86)\\Dropbox\\Client\\Dropbox.exe","handleID":"0x1de0","@timestamp":"2019-05-29T13:17:25.039Z","eventID":4663,"level":"Information","taskCategory":"File System","originatesFrom":{"@type":"rdf:nodeID","@id":"http://example.org/sepses#3be285be-e077-456a-a251-117a84958754","hostName":"DESKTOP-F650GTN"},"objectType":"File","processID":"0x3bb4","@id":"http://example.org/logEntry#logEntry-40e9e8b3-3716-420a-86a9-ed8f5d20bad8","accountName":"KKurniawan","keyword":["Audit Success"],"accountDomain":"DESKTOP-F650GTN","logonID":"0xe138a","accesses":"%%4423\n\t\t\t\t","logMessage":"An attempt was made to access an object.\n\nSubject:\n\tSecurity ID:\t\tS-1-5-21-132051286-1762614582-3209893546-1001\n\tAccount Name:\t\tKKurniawan\n\tAccount Domain:\t\tDESKTOP-F650GTN\n\tLogon ID:\t\t0xE138A\n\nObject:\n\tObject Server:\t\tSecurity\n\tObject Type:\t\tFile\n\tObject Name:\t\tC:\\Users\\KKurniawan\\Dropbox\\Secret\\secretFileB1.doc\n\tHandle ID:\t\t0x1de0\n\tResource Attributes:\tS:AI\n\nProcess Information:\n\tProcess ID:\t\t0x3bb4\n\tProcess Name:\t\tC:\\Program Files (x86)\\Dropbox\\Client\\Dropbox.exe\n\nAccess Request Information:\n\tAccesses:\t\tReadAttributes\n\t\t\t\t\n\tAccess Mask:\t\t0x80","version":1,"objectName":"C:\\Users\\KKurniawan\\Dropbox\\Secret\\secretFileB1.doc"}
{"logName":"Security","source":"Microsoft-Windows-Security-Auditing","@context":"http://sepses.ifs.tuwien.ac.at/contexts/wineventlog.jsonld","computerName":"DESKTOP-F650GTN","objectServer":"Security","@type":"http://purl.org/sepses/vocab/log/wineventlog#WindowsEventLogEntry","upCode":"Info","resourceAttributes":"S:AI","accessMask":"0x80","hasLogType":"wineventlog","timestamp":"2019-05-29T13:17:25.057Z","processName":"C:\\Program Files (x86)\\Dropbox\\Client\\Dropbox.exe","handleID":"0x1de0","@timestamp":"2019-05-29T13:17:25.057Z","eventID":4663,"level":"Information","taskCategory":"File System","originatesFrom":{"@type":"rdf:nodeID","@id":"http://example.org/sepses#d3bf8e77-d38b-42c9-b6e6-5d9010921fc0","hostName":"DESKTOP-F650GTN"},"objectType":"File","processID":"0x3bb4","@id":"http://example.org/logEntry#logEntry-42c86d4b-8de8-4006-a859-fbc3bf2d39f7","accountName":"KKurniawan","keyword":["Audit Success"],"accountDomain":"DESKTOP-F650GTN","logonID":"0xe138a","accesses":"%%4423\n\t\t\t\t","logMessage":"An attempt was made to access an object.\n\nSubject:\n\tSecurity ID:\t\tS-1-5-21-132051286-1762614582-3209893546-1001\n\tAccount Name:\t\tKKurniawan\n\tAccount Domain:\t\tDESKTOP-F650GTN\n\tLogon ID:\t\t0xE138A\n\nObject:\n\tObject Server:\t\tSecurity\n\tObject Type:\t\tFile\n\tObject Name:\t\tC:\\Users\\KKurniawan\\Dropbox\n\tHandle ID:\t\t0x1de0\n\tResource Attributes:\tS:AI\n\nProcess Information:\n\tProcess ID:\t\t0x3bb4\n\tProcess Name:\t\tC:\\Program Files (x86)\\Dropbox\\Client\\Dropbox.exe\n\nAccess Request Information:\n\tAccesses:\t\tReadAttributes\n\t\t\t\t\n\tAccess Mask:\t\t0x80","version":1,"objectName":"C:\\Users\\KKurniawan\\Dropbox"}
{"logName":"Security","source":"Microsoft-Windows-Security-Auditing","@context":"http://sepses.ifs.tuwien.ac.at/contexts/wineventlog.jsonld","computerName":"DESKTOP-F650GTN","objectServer":"Security","@type":"http://purl.org/sepses/vocab/log/wineventlog#WindowsEventLogEntry","upCode":"Info","resourceAttributes":"S:AI","accessMask":"0x80","hasLogType":"wineventlog","timestamp":"2019-05-29T13:17:25.063Z","processName":"C:\\Program Files (x86)\\Dropbox\\Client\\Dropbox.exe","handleID":"0x3040","@timestamp":"2019-05-29T13:17:25.063Z","eventID":4663,"level":"Information","taskCategory":"File System","originatesFrom":{"@type":"rdf:nodeID","@id":"http://example.org/sepses#3544c28c-4951-45dc-bd0f-123328d45828","hostName":"DESKTOP-F650GTN"},"objectType":"File","processID":"0x3bb4","@id":"http://example.org/logEntry#logEntry-b8b1cb9a-7557-4524-b2b3-208259eddf71","accountName":"KKurniawan","keyword":["Audit Success"],"accountDomain":"DESKTOP-F650GTN","logonID":"0xe138a","accesses":"%%4423\n\t\t\t\t","logMessage":"An attempt was made to access an object.\n\nSubject:\n\tSecurity ID:\t\tS-1-5-21-132051286-1762614582-3209893546-1001\n\tAccount Name:\t\tKKurniawan\n\tAccount Domain:\t\tDESKTOP-F650GTN\n\tLogon ID:\t\t0xE138A\n\nObject:\n\tObject Server:\t\tSecurity\n\tObject Type:\t\tFile\n\tObject Name:\t\tC:\\Users\\KKurniawan\\Dropbox\\Secret\\secretFileB1_copy.doc\n\tHandle ID:\t\t0x3040\n\tResource Attributes:\tS:AI\n\nProcess Information:\n\tProcess ID:\t\t0x3bb4\n\tProcess Name:\t\tC:\\Program Files (x86)\\Dropbox\\Client\\Dropbox.exe\n\nAccess Request Information:\n\tAccesses:\t\tReadAttributes\n\t\t\t\t\n\tAccess Mask:\t\t0x80","version":1,"objectName":"C:\\Users\\KKurniawan\\Dropbox\\Secret\\secretFileB1_copy.doc"}
{"logName":"Security","source":"Microsoft-Windows-Security-Auditing","@context":"http://sepses.ifs.tuwien.ac.at/contexts/wineventlog.jsonld","computerName":"DESKTOP-F650GTN","objectServer":"Security","@type":"http://purl.org/sepses/vocab/log/wineventlog#WindowsEventLogEntry","upCode":"Info","resourceAttributes":"S:AI","accessMask":"0x10000","hasLogType":"wineventlog","timestamp":"2019-05-29T13:17:27.972Z","processName":"C:\\Program Files (x86)\\Dropbox\\Client\\Dropbox.exe","handleID":"0x327c","@timestamp":"2019-05-29T13:17:27.972Z","eventID":4663,"level":"Information","taskCategory":"File System","originatesFrom":{"@type":"rdf:nodeID","@id":"http://example.org/sepses#0d493543-a472-47c6-94cb-bdef8439468d","hostName":"DESKTOP-F650GTN"},"objectType":"File","processID":"0x3bb4","@id":"http://example.org/logEntry#logEntry-b53eb384-9ae8-4e47-8056-a52c35507b1a","accountName":"KKurniawan","keyword":["Audit Success"],"accountDomain":"DESKTOP-F650GTN","logonID":"0xe138a","accesses":"%%1537\n\t\t\t\t","logMessage":"An attempt was made to access an object.\n\nSubject:\n\tSecurity ID:\t\tS-1-5-21-132051286-1762614582-3209893546-1001\n\tAccount Name:\t\tKKurniawan\n\tAccount Domain:\t\tDESKTOP-F650GTN\n\tLogon ID:\t\t0xE138A\n\nObject:\n\tObject Server:\t\tSecurity\n\tObject Type:\t\tFile\n\tObject Name:\t\tC:\\Users\\KKurniawan\\Dropbox\\Secret\\secretFileB2.rtf\n\tHandle ID:\t\t0x327c\n\tResource Attributes:\tS:AI\n\nProcess Information:\n\tProcess ID:\t\t0x3bb4\n\tProcess Name:\t\tC:\\Program Files (x86)\\Dropbox\\Client\\Dropbox.exe\n\nAccess Request Information:\n\tAccesses:\t\tDELETE\n\t\t\t\t\n\tAccess Mask:\t\t0x10000","version":1,"objectName":"C:\\Users\\KKurniawan\\Dropbox\\Secret\\secretFileB2.rtf"}
{"logName":"Security","source":"Microsoft-Windows-Security-Auditing","@context":"http://sepses.ifs.tuwien.ac.at/contexts/wineventlog.jsonld","computerName":"DESKTOP-F650GTN","objectServer":"Security","@type":"http://purl.org/sepses/vocab/log/wineventlog#WindowsEventLogEntry","upCode":"Info","resourceAttributes":"S:AI","accessMask":"0x80","hasLogType":"wineventlog","timestamp":"2019-05-29T13:17:27.978Z","processName":"C:\\Program Files (x86)\\Dropbox\\Client\\Dropbox.exe","handleID":"0x37ec","@timestamp":"2019-05-29T13:17:27.978Z","eventID":4663,"level":"Information","taskCategory":"File System","originatesFrom":{"@type":"rdf:nodeID","@id":"http://example.org/sepses#a77e9f43-c500-44f9-a5b8-445afcc4a784","hostName":"DESKTOP-F650GTN"},"objectType":"File","processID":"0x3bb4","@id":"http://example.org/logEntry#logEntry-d56fdb42-9ffe-40a2-8788-2ee16e81f607","accountName":"KKurniawan","keyword":["Audit Success"],"accountDomain":"DESKTOP-F650GTN","logonID":"0xe138a","accesses":"%%4423\n\t\t\t\t","logMessage":"An attempt was made to access an object.\n\nSubject:\n\tSecurity ID:\t\tS-1-5-21-132051286-1762614582-3209893546-1001\n\tAccount Name:\t\tKKurniawan\n\tAccount Domain:\t\tDESKTOP-F650GTN\n\tLogon ID:\t\t0xE138A\n\nObject:\n\tObject Server:\t\tSecurity\n\tObject Type:\t\tFile\n\tObject Name:\t\tC:\\Users\\KKurniawan\\Dropbox\\Secret\\secretFileB2_copy.rtf\n\tHandle ID:\t\t0x37ec\n\tResource Attributes:\tS:AI\n\nProcess Information:\n\tProcess ID:\t\t0x3bb4\n\tProcess Name:\t\tC:\\Program Files (x86)\\Dropbox\\Client\\Dropbox.exe\n\nAccess Request Information:\n\tAccesses:\t\tReadAttributes\n\t\t\t\t\n\tAccess Mask:\t\t0x80","version":1,"objectName":"C:\\Users\\KKurniawan\\Dropbox\\Secret\\secretFileB2_copy.rtf"}
{"logName":"Security","source":"Microsoft-Windows-Security-Auditing","@context":"http://sepses.ifs.tuwien.ac.at/contexts/wineventlog.jsonld","computerName":"DESKTOP-F650GTN","objectServer":"Security","@type":"http://purl.org/sepses/vocab/log/wineventlog#WindowsEventLogEntry","upCode":"Info","resourceAttributes":"S:AI","accessMask":"0x80","hasLogType":"wineventlog","timestamp":"2019-05-29T13:17:27.989Z","processName":"C:\\Program Files (x86)\\Dropbox\\Client\\Dropbox.exe","handleID":"0x3590","@timestamp":"2019-05-29T13:17:27.989Z","eventID":4663,"level":"Information","taskCategory":"File System","originatesFrom":{"@type":"rdf:nodeID","@id":"http://example.org/sepses#19201e44-30d6-4c83-9df3-e3a2d33b41ad","hostName":"DESKTOP-F650GTN"},"objectType":"File","processID":"0x3bb4","@id":"http://example.org/logEntry#logEntry-9a4b69f1-9f5f-4e52-be10-c2bd5a84c155","accountName":"KKurniawan","keyword":["Audit Success"],"accountDomain":"DESKTOP-F650GTN","logonID":"0xe138a","accesses":"%%4423\n\t\t\t\t","logMessage":"An attempt was made to access an object.\n\nSubject:\n\tSecurity ID:\t\tS-1-5-21-132051286-1762614582-3209893546-1001\n\tAccount Name:\t\tKKurniawan\n\tAccount Domain:\t\tDESKTOP-F650GTN\n\tLogon ID:\t\t0xE138A\n\nObject:\n\tObject Server:\t\tSecurity\n\tObject Type:\t\tFile\n\tObject Name:\t\tC:\\Users\\KKurniawan\\Dropbox\\Secret\n\tHandle ID:\t\t0x3590\n\tResource Attributes:\tS:AI\n\nProcess Information:\n\tProcess ID:\t\t0x3bb4\n\tProcess Name:\t\tC:\\Program Files (x86)\\Dropbox\\Client\\Dropbox.exe\n\nAccess Request Information:\n\tAccesses:\t\tReadAttributes\n\t\t\t\t\n\tAccess Mask:\t\t0x80","version":1,"objectName":"C:\\Users\\KKurniawan\\Dropbox\\Secret"}
{"logName":"Security","source":"Microsoft-Windows-Security-Auditing","@context":"http://sepses.ifs.tuwien.ac.at/contexts/wineventlog.jsonld","computerName":"DESKTOP-F650GTN","objectServer":"Security","@type":"http://purl.org/sepses/vocab/log/wineventlog#WindowsEventLogEntry","upCode":"Info","resourceAttributes":"S:AI","accessMask":"0x80","hasLogType":"wineventlog","timestamp":"2019-05-29T13:17:27.972Z","processName":"C:\\Program Files (x86)\\Dropbox\\Client\\Dropbox.exe","handleID":"0x327c","@timestamp":"2019-05-29T13:17:27.972Z","eventID":4663,"level":"Information","taskCategory":"File System","originatesFrom":{"@type":"rdf:nodeID","@id":"http://example.org/sepses#a345fa74-23ad-454f-a520-55cf74e5f30d","hostName":"DESKTOP-F650GTN"},"objectType":"File","processID":"0x3bb4","@id":"http://example.org/logEntry#logEntry-f7cf22a3-8e18-4145-94e8-97f055d740c5","accountName":"KKurniawan","keyword":["Audit Success"],"accountDomain":"DESKTOP-F650GTN","logonID":"0xe138a","accesses":"%%4423\n\t\t\t\t","logMessage":"An attempt was made to access an object.\n\nSubject:\n\tSecurity ID:\t\tS-1-5-21-132051286-1762614582-3209893546-1001\n\tAccount Name:\t\tKKurniawan\n\tAccount Domain:\t\tDESKTOP-F650GTN\n\tLogon ID:\t\t0xE138A\n\nObject:\n\tObject Server:\t\tSecurity\n\tObject Type:\t\tFile\n\tObject Name:\t\tC:\\Users\\KKurniawan\\Dropbox\\Secret\\secretFileB2.rtf\n\tHandle ID:\t\t0x327c\n\tResource Attributes:\tS:AI\n\nProcess Information:\n\tProcess ID:\t\t0x3bb4\n\tProcess Name:\t\tC:\\Program Files (x86)\\Dropbox\\Client\\Dropbox.exe\n\nAccess Request Information:\n\tAccesses:\t\tReadAttributes\n\t\t\t\t\n\tAccess Mask:\t\t0x80","version":1,"objectName":"C:\\Users\\KKurniawan\\Dropbox\\Secret\\secretFileB2.rtf"}
{"logName":"Security","source":"Microsoft-Windows-Security-Auditing","@context":"http://sepses.ifs.tuwien.ac.at/contexts/wineventlog.jsonld","computerName":"DESKTOP-F650GTN","objectServer":"Security","@type":"http://purl.org/sepses/vocab/log/wineventlog#WindowsEventLogEntry","upCode":"Info","resourceAttributes":"S:AI","accessMask":"0x80","hasLogType":"wineventlog","timestamp":"2019-05-29T13:17:27.988Z","processName":"C:\\Program Files (x86)\\Dropbox\\Client\\Dropbox.exe","handleID":"0x37ec","@timestamp":"2019-05-29T13:17:27.988Z","eventID":4663,"level":"Information","taskCategory":"File System","originatesFrom":{"@type":"rdf:nodeID","@id":"http://example.org/sepses#06c60167-1fe3-4cd8-98e7-4cfec2a5b087","hostName":"DESKTOP-F650GTN"},"objectType":"File","processID":"0x3bb4","@id":"http://example.org/logEntry#logEntry-917c0bc7-dec7-4cc8-9f61-4363d5fcf1f2","accountName":"KKurniawan","keyword":["Audit Success"],"accountDomain":"DESKTOP-F650GTN","logonID":"0xe138a","accesses":"%%4423\n\t\t\t\t","logMessage":"An attempt was made to access an object.\n\nSubject:\n\tSecurity ID:\t\tS-1-5-21-132051286-1762614582-3209893546-1001\n\tAccount Name:\t\tKKurniawan\n\tAccount Domain:\t\tDESKTOP-F650GTN\n\tLogon ID:\t\t0xE138A\n\nObject:\n\tObject Server:\t\tSecurity\n\tObject Type:\t\tFile\n\tObject Name:\t\tC:\\Users\\KKurniawan\\Dropbox\n\tHandle ID:\t\t0x37ec\n\tResource Attributes:\tS:AI\n\nProcess Information:\n\tProcess ID:\t\t0x3bb4\n\tProcess Name:\t\tC:\\Program Files (x86)\\Dropbox\\Client\\Dropbox.exe\n\nAccess Request Information:\n\tAccesses:\t\tReadAttributes\n\t\t\t\t\n\tAccess Mask:\t\t0x80","version":1,"objectName":"C:\\Users\\KKurniawan\\Dropbox"}
{"logName":"Security","source":"Microsoft-Windows-Security-Auditing","@context":"http://sepses.ifs.tuwien.ac.at/contexts/wineventlog.jsonld","computerName":"DESKTOP-F650GTN","objectServer":"Security","@type":"http://purl.org/sepses/vocab/log/wineventlog#WindowsEventLogEntry","upCode":"Info","resourceAttributes":"S:AI","accessMask":"0x80","hasLogType":"wineventlog","timestamp":"2019-05-29T13:17:27.993Z","processName":"C:\\Program Files (x86)\\Dropbox\\Client\\Dropbox.exe","handleID":"0x3164","@timestamp":"2019-05-29T13:17:27.993Z","eventID":4663,"level":"Information","taskCategory":"File System","originatesFrom":{"@type":"rdf:nodeID","@id":"http://example.org/sepses#e1adc12a-89af-485c-b8f1-45daafa72beb","hostName":"DESKTOP-F650GTN"},"objectType":"File","processID":"0x3bb4","@id":"http://example.org/logEntry#logEntry-ff661cb4-43bf-41bb-b598-b092eb013ed9","accountName":"KKurniawan","keyword":["Audit Success"],"accountDomain":"DESKTOP-F650GTN","logonID":"0xe138a","accesses":"%%4423\n\t\t\t\t","logMessage":"An attempt was made to access an object.\n\nSubject:\n\tSecurity ID:\t\tS-1-5-21-132051286-1762614582-3209893546-1001\n\tAccount Name:\t\tKKurniawan\n\tAccount Domain:\t\tDESKTOP-F650GTN\n\tLogon ID:\t\t0xE138A\n\nObject:\n\tObject Server:\t\tSecurity\n\tObject Type:\t\tFile\n\tObject Name:\t\tC:\\Users\\KKurniawan\\Dropbox\\Secret\\secretFileB2_copy.rtf\n\tHandle ID:\t\t0x3164\n\tResource Attributes:\tS:AI\n\nProcess Information:\n\tProcess ID:\t\t0x3bb4\n\tProcess Name:\t\tC:\\Program Files (x86)\\Dropbox\\Client\\Dropbox.exe\n\nAccess Request Information:\n\tAccesses:\t\tReadAttributes\n\t\t\t\t\n\tAccess Mask:\t\t0x80","version":1,"objectName":"C:\\Users\\KKurniawan\\Dropbox\\Secret\\secretFileB2_copy.rtf"}
{"logName":"Security","source":"Microsoft-Windows-Security-Auditing","@context":"http://sepses.ifs.tuwien.ac.at/contexts/wineventlog.jsonld","computerName":"DESKTOP-F650GTN","objectServer":"Security","@type":"http://purl.org/sepses/vocab/log/wineventlog#WindowsEventLogEntry","upCode":"Info","resourceAttributes":"S:AI","accessMask":"0x80","hasLogType":"wineventlog","timestamp":"2019-05-29T13:17:27.956Z","processName":"C:\\Program Files (x86)\\Dropbox\\Client\\Dropbox.exe","handleID":"0x3538","@timestamp":"2019-05-29T13:17:27.956Z","eventID":4663,"level":"Information","taskCategory":"File System","originatesFrom":{"@type":"rdf:nodeID","@id":"http://example.org/sepses#10718996-53ec-4a18-aee2-dfe96ed9d836","hostName":"DESKTOP-F650GTN"},"objectType":"File","processID":"0x3bb4","@id":"http://example.org/logEntry#logEntry-39d57d77-6842-4bae-ad00-fa2e4b1ec196","accountName":"KKurniawan","keyword":["Audit Success"],"accountDomain":"DESKTOP-F650GTN","logonID":"0xe138a","accesses":"%%4423\n\t\t\t\t","logMessage":"An attempt was made to access an object.\n\nSubject:\n\tSecurity ID:\t\tS-1-5-21-132051286-1762614582-3209893546-1001\n\tAccount Name:\t\tKKurniawan\n\tAccount Domain:\t\tDESKTOP-F650GTN\n\tLogon ID:\t\t0xE138A\n\nObject:\n\tObject Server:\t\tSecurity\n\tObject Type:\t\tFile\n\tObject Name:\t\tC:\\Users\\KKurniawan\\Dropbox\\Secret\n\tHandle ID:\t\t0x3538\n\tResource Attributes:\tS:AI\n\nProcess Information:\n\tProcess ID:\t\t0x3bb4\n\tProcess Name:\t\tC:\\Program Files (x86)\\Dropbox\\Client\\Dropbox.exe\n\nAccess Request Information:\n\tAccesses:\t\tReadAttributes\n\t\t\t\t\n\tAccess Mask:\t\t0x80","version":1,"objectName":"C:\\Users\\KKurniawan\\Dropbox\\Secret"}
