{"logName":"Security","source":"Microsoft-Windows-Security-Auditing","@context":"http://sepses.ifs.tuwien.ac.at/contexts/wineventlog.jsonld","computerName":"DESKTOP-F650GTN","objectServer":"Security","@type":"http://purl.org/sepses/vocab/log/wineventlog#WindowsEventLogEntry","upCode":"Info","resourceAttributes":"S:AI","accessMask":"0x80","hasLogType":"wineventlog","timestamp":"2019-05-29T13:18:52.390Z","processName":"C:\\Windows\\Recycle.exe","handleID":"0x4b4","@timestamp":"2019-05-29T13:18:52.390Z","eventID":4663,"level":"Information","taskCategory":"File System","originatesFrom":{"@type":"rdf:nodeID","@id":"http://example.org/sepses#e7f084ab-e00a-44a5-9ea3-e8d1483bccb8","hostName":"DESKTOP-F650GTN"},"objectType":"File","processID":"0x4f24","@id":"http://example.org/logEntry#logEntry-d8230c7a-f786-4ffe-9dfa-b0b37cabac8b","accountName":"KKurniawan","keyword":["Audit Success"],"accountDomain":"DESKTOP-F650GTN","logonID":"0xe138a","accesses":"%%4423\n\t\t\t\t","logMessage":"An attempt was made to access an object.\n\nSubject:\n\tSecurity ID:\t\tS-1-5-21-132051286-1762614582-3209893546-1001\n\tAccount Name:\t\tKKurniawan\n\tAccount Domain:\t\tDESKTOP-F650GTN\n\tLogon ID:\t\t0xE138A\n\nObject:\n\tObject Server:\t\tSecurity\n\tObject Type:\t\tFile\n\tObject Name:\t\tC:\\$Recycle.Bin\\S-1-5-21-132051286-1762614582-3209893546-1001\\$RI172B4.xls\n\tHandle ID:\t\t0x4b4\n\tResource Attributes:\tS:AI\n\nProcess Information:\n\tProcess ID:\t\t0x4f24\n\tProcess Name:\t\tC:\\Windows\\Recycle.exe\n\nAccess Request Information:\n\tAccesses:\t\tReadAttributes\n\t\t\t\t\n\tAccess Mask:\t\t0x80","version":1,"objectName":"C:\\$Recycle.Bin\\S-1-5-21-132051286-1762614582-3209893546-1001\\$RI172B4.xls"}
{"logName":"Security","source":"Microsoft-Windows-Security-Auditing","@context":"http://sepses.ifs.tuwien.ac.at/contexts/wineventlog.jsonld","computerName":"DESKTOP-F650GTN","objectServer":"Security","@type":"http://purl.org/sepses/vocab/log/wineventlog#WindowsEventLogEntry","upCode":"Info","resourceAttributes":"S:AI","accessMask":"0x80","hasLogType":"wineventlog","timestamp":"2019-05-29T13:18:52.398Z","processName":"C:\\Program Files (x86)\\Dropbox\\Client\\Dropbox.exe","handleID":"0x36fc","@timestamp":"2019-05-29T13:18:52.398Z","eventID":4663,"level":"Information","taskCategory":"File System","originatesFrom":{"@type":"rdf:nodeID","@id":"http://example.org/sepses#84bc6685-096c-484e-96af-8df824bb6ba6","hostName":"DESKTOP-F650GTN"},"objectType":"File","processID":"0x3bb4","@id":"http://example.org/logEntry#logEntry-5d4880ed-67b8-4377-9124-9ed90329ac81","accountName":"KKurniawan","keyword":["Audit Success"],"accountDomain":"DESKTOP-F650GTN","logonID":"0xe138a","accesses":"%%4423\n\t\t\t\t","logMessage":"An attempt was made to access an object.\n\nSubject:\n\tSecurity ID:\t\tS-1-5-21-132051286-1762614582-3209893546-1001\n\tAccount Name:\t\tKKurniawan\n\tAccount Domain:\t\tDESKTOP-F650GTN\n\tLogon ID:\t\t0xE138A\n\nObject:\n\tObject Server:\t\tSecurity\n\tObject Type:\t\tFile\n\tObject Name:\t\tC:\\Users\\KKurniawan\\Dropbox\\Secret\n\tHandle ID:\t\t0x36fc\n\tResource Attributes:\tS:AI\n\nProcess Information:\n\tProcess ID:\t\t0x3bb4\n\tProcess Name:\t\tC:\\Program Files (x86)\\Dropbox\\Client\\Dropbox.exe\n\nAccess Request Information:\n\tAccesses:\t\tReadAttributes\n\t\t\t\t\n\tAccess Mask:\t\t0x80","version":1,"objectName":"C:\\Users\\KKurniawan\\Dropbox\\Secret"}
{"logName":"Security","source":"Microsoft-Windows-Security-Auditing","@context":"http://sepses.ifs.tuwien.ac.at/contexts/wineventlog.jsonld","computerName":"DESKTOP-F650GTN","objectServer":"Security","@type":"http://purl.org/sepses/vocab/log/wineventlog#WindowsEventLogEntry","upCode":"Info","resourceAttributes":"S:AI","accessMask":"0x80","hasLogType":"wineventlog","timestamp":"2019-05-29T13:18:52.379Z","processName":"C:\\Windows\\Recycle.exe","handleID":"0x4a8","@timestamp":"2019-05-29T13:18:52.379Z","eventID":4663,"level":"Information","taskCategory":"File System","originatesFrom":{"@type":"rdf:nodeID","@id":"http://example.org/sepses#2a46faef-7cf2-454b-bab3-7a44e63640d3","hostName":"DESKTOP-F650GTN"},"objectType":"File","processID":"0x4f24","@id":"http://example.org/logEntry#logEntry-f6726fcf-9f10-43f4-8fac-f3bd000e21da","accountName":"KKurniawan","keyword":["Audit Success"],"accountDomain":"DESKTOP-F650GTN","logonID":"0xe138a","accesses":"%%4423\n\t\t\t\t","logMessage":"An attempt was made to access an object.\n\nSubject:\n\tSecurity ID:\t\tS-1-5-21-132051286-1762614582-3209893546-1001\n\tAccount Name:\t\tKKurniawan\n\tAccount Domain:\t\tDESKTOP-F650GTN\n\tLogon ID:\t\t0xE138A\n\nObject:\n\tObject Server:\t\tSecurity\n\tObject Type:\t\tFile\n\tObject Name:\t\tC:\\Users\\KKurniawan\\Dropbox\\Secret\\secretFileB3_copy.xls\n\tHandle ID:\t\t0x4a8\n\tResource Attributes:\tS:AI\n\nProcess Information:\n\tProcess ID:\t\t0x4f24\n\tProcess Name:\t\tC:\\Windows\\Recycle.exe\n\nAccess Request Information:\n\tAccesses:\t\tReadAttributes\n\t\t\t\t\n\tAccess Mask:\t\t0x80","version":1,"objectName":"C:\\Users\\KKurniawan\\Dropbox\\Secret\\secretFileB3_copy.xls"}
{"logName":"Security","source":"Microsoft-Windows-Security-Auditing","@context":"http://sepses.ifs.tuwien.ac.at/contexts/wineventlog.jsonld","computerName":"DESKTOP-F650GTN","objectServer":"Security","@type":"http://purl.org/sepses/vocab/log/wineventlog#WindowsEventLogEntry","upCode":"Info","resourceAttributes":"S:AI","accessMask":"0x10000","hasLogType":"wineventlog","timestamp":"2019-05-29T13:18:52.388Z","processName":"C:\\Windows\\Recycle.exe","handleID":"0x4b4","@timestamp":"2019-05-29T13:18:52.388Z","eventID":4663,"level":"Information","taskCategory":"File System","originatesFrom":{"@type":"rdf:nodeID","@id":"http://example.org/sepses#02eab3b3-1edb-4d14-9b8b-7b6c29980aa3","hostName":"DESKTOP-F650GTN"},"objectType":"File","processID":"0x4f24","@id":"http://example.org/logEntry#logEntry-cdb3b566-2c2a-468b-ab49-15f770df9c0d","accountName":"KKurniawan","keyword":["Audit Success"],"accountDomain":"DESKTOP-F650GTN","logonID":"0xe138a","accesses":"%%1537\n\t\t\t\t","logMessage":"An attempt was made to access an object.\n\nSubject:\n\tSecurity ID:\t\tS-1-5-21-132051286-1762614582-3209893546-1001\n\tAccount Name:\t\tKKurniawan\n\tAccount Domain:\t\tDESKTOP-F650GTN\n\tLogon ID:\t\t0xE138A\n\nObject:\n\tObject Server:\t\tSecurity\n\tObject Type:\t\tFile\n\tObject Name:\t\tC:\\Users\\KKurniawan\\Dropbox\\Secret\\secretFileB3_copy.xls\n\tHandle ID:\t\t0x4b4\n\tResource Attributes:\tS:AI\n\nProcess Information:\n\tProcess ID:\t\t0x4f24\n\tProcess Name:\t\tC:\\Windows\\Recycle.exe\n\nAccess Request Information:\n\tAccesses:\t\tDELETE\n\t\t\t\t\n\tAccess Mask:\t\t0x10000","version":1,"objectName":"C:\\Users\\KKurniawan\\Dropbox\\Secret\\secretFileB3_copy.xls"}
{"logName":"Security","source":"Microsoft-Windows-Security-Auditing","@context":"http://sepses.ifs.tuwien.ac.at/contexts/wineventlog.jsonld","computerName":"DESKTOP-F650GTN","objectServer":"Security","@type":"http://purl.org/sepses/vocab/log/wineventlog#WindowsEventLogEntry","upCode":"Info","resourceAttributes":"S:AI","accessMask":"0x80","hasLogType":"wineventlog","timestamp":"2019-05-29T13:18:52.394Z","processName":"C:\\Windows\\explorer.exe","handleID":"0x4d24","@timestamp":"2019-05-29T13:18:52.394Z","eventID":4663,"level":"Information","taskCategory":"File System","originatesFrom":{"@type":"rdf:nodeID","@id":"http://example.org/sepses#b3cbcbe7-b6dd-42f9-8ddd-1b623442b8ab","hostName":"DESKTOP-F650GTN"},"objectType":"File","processID":"0x2be0","@id":"http://example.org/logEntry#logEntry-01f8bf08-2cea-4b31-a3e9-680d0dd8ee2b","accountName":"KKurniawan","keyword":["Audit Success"],"accountDomain":"DESKTOP-F650GTN","logonID":"0xe138a","accesses":"%%4423\n\t\t\t\t","logMessage":"An attempt was made to access an object.\n\nSubject:\n\tSecurity ID:\t\tS-1-5-21-132051286-1762614582-3209893546-1001\n\tAccount Name:\t\tKKurniawan\n\tAccount Domain:\t\tDESKTOP-F650GTN\n\tLogon ID:\t\t0xE138A\n\nObject:\n\tObject Server:\t\tSecurity\n\tObject Type:\t\tFile\n\tObject Name:\t\tC:\\Users\\KKurniawan\\Dropbox\n\tHandle ID:\t\t0x4d24\n\tResource Attributes:\tS:AI\n\nProcess Information:\n\tProcess ID:\t\t0x2be0\n\tProcess Name:\t\tC:\\Windows\\explorer.exe\n\nAccess Request Information:\n\tAccesses:\t\tReadAttributes\n\t\t\t\t\n\tAccess Mask:\t\t0x80","version":1,"objectName":"C:\\Users\\KKurniawan\\Dropbox"}
{"logName":"Security","source":"Microsoft-Windows-Security-Auditing","@context":"http://sepses.ifs.tuwien.ac.at/contexts/wineventlog.jsonld","computerName":"DESKTOP-F650GTN","objectServer":"Security","@type":"http://purl.org/sepses/vocab/log/wineventlog#WindowsEventLogEntry","upCode":"Info","accessMask":"0x1","hasLogType":"wineventlog","timestamp":"2019-05-29T13:19:38.291Z","processName":"C:\\Program Files (x86)\\Google\\Chrome\\Application\\chrome.exe","handleID":"0x3990","@timestamp":"2019-05-29T13:19:38.291Z","eventID":4663,"level":"Information","taskCategory":"Removable Storage","originatesFrom":{"@type":"rdf:nodeID","@id":"http://example.org/sepses#0635a144-d35c-4260-9caa-ca45d7fd6cbc","hostName":"DESKTOP-F650GTN"},"objectType":"File","processID":"0x1404","@id":"http://example.org/logEntry#logEntry-568f4201-86a1-4525-a3e0-d106de2ce729","accountName":"KKurniawan","keyword":["Audit Success"],"accountDomain":"DESKTOP-F650GTN","logonID":"0xe138a","accesses":"%%4416\n\t\t\t\t","logMessage":"An attempt was made to access an object.\n\nSubject:\n\tSecurity ID:\t\tS-1-5-21-132051286-1762614582-3209893546-1001\n\tAccount Name:\t\tKKurniawan\n\tAccount Domain:\t\tDESKTOP-F650GTN\n\tLogon ID:\t\t0xE138A\n\nObject:\n\tObject Server:\t\tSecurity\n\tObject Type:\t\tFile\n\tObject Name:\t\t\\Device\\HarddiskVolume6\\CANON_SC\n\tHandle ID:\t\t0x3990\n\tResource Attributes:\t\n\nProcess Information:\n\tProcess ID:\t\t0x1404\n\tProcess Name:\t\tC:\\Program Files (x86)\\Google\\Chrome\\Application\\chrome.exe\n\nAccess Request Information:\n\tAccesses:\t\tReadData (or ListDirectory)\n\t\t\t\t\n\tAccess Mask:\t\t0x1","version":1,"objectName":"\\Device\\HarddiskVolume6\\CANON_SC"}
{"logName":"Security","source":"Microsoft-Windows-Security-Auditing","@context":"http://sepses.ifs.tuwien.ac.at/contexts/wineventlog.jsonld","computerName":"DESKTOP-F650GTN","objectServer":"Security","@type":"http://purl.org/sepses/vocab/log/wineventlog#WindowsEventLogEntry","upCode":"Info","accessMask":"0x1","hasLogType":"wineventlog","timestamp":"2019-05-29T13:19:38.293Z","processName":"C:\\Program Files (x86)\\Google\\Chrome\\Application\\chrome.exe","handleID":"0x2c64","@timestamp":"2019-05-29T13:19:38.293Z","eventID":4663,"level":"Information","taskCategory":"Removable Storage","originatesFrom":{"@type":"rdf:nodeID","@id":"http://example.org/sepses#7ffb9c7a-0ea0-4d40-b39c-2176553b23cd","hostName":"DESKTOP-F650GTN"},"objectType":"File","processID":"0x1404","@id":"http://example.org/logEntry#logEntry-cecaa048-b522-4d97-92a2-936774cba5c8","accountName":"KKurniawan","keyword":["Audit Success"],"accountDomain":"DESKTOP-F650GTN","logonID":"0xe138a","accesses":"%%4416\n\t\t\t\t","logMessage":"An attempt was made to access an object.\n\nSubject:\n\tSecurity ID:\t\tS-1-5-21-132051286-1762614582-3209893546-1001\n\tAccount Name:\t\tKKurniawan\n\tAccount Domain:\t\tDESKTOP-F650GTN\n\tLogon ID:\t\t0xE138A\n\nObject:\n\tObject Server:\t\tSecurity\n\tObject Type:\t\tFile\n\tObject Name:\t\t\\Device\\HarddiskVolume6\\print2\n\tHandle ID:\t\t0x2c64\n\tResource Attributes:\t\n\nProcess Information:\n\tProcess ID:\t\t0x1404\n\tProcess Name:\t\tC:\\Program Files (x86)\\Google\\Chrome\\Application\\chrome.exe\n\nAccess Request Information:\n\tAccesses:\t\tReadData (or ListDirectory)\n\t\t\t\t\n\tAccess Mask:\t\t0x1","version":1,"objectName":"\\Device\\HarddiskVolume6\\print2"}
{"logName":"Security","source":"Microsoft-Windows-Security-Auditing","@context":"http://sepses.ifs.tuwien.ac.at/contexts/wineventlog.jsonld","computerName":"DESKTOP-F650GTN","objectServer":"Security","@type":"http://purl.org/sepses/vocab/log/wineventlog#WindowsEventLogEntry","upCode":"Info","accessMask":"0x1","hasLogType":"wineventlog","timestamp":"2019-05-29T13:19:38.295Z","processName":"C:\\Program Files (x86)\\Google\\Chrome\\Application\\chrome.exe","handleID":"0x36e0","@timestamp":"2019-05-29T13:19:38.295Z","eventID":4663,"level":"Information","taskCategory":"Removable Storage","originatesFrom":{"@type":"rdf:nodeID","@id":"http://example.org/sepses#493774b0-2b4a-47e2-9e07-5946b2001a43","hostName":"DESKTOP-F650GTN"},"objectType":"File","processID":"0x1404","@id":"http://example.org/logEntry#logEntry-535979cb-9686-4093-ac3d-450e30437c35","accountName":"KKurniawan","keyword":["Audit Success"],"accountDomain":"DESKTOP-F650GTN","logonID":"0xe138a","accesses":"%%4416\n\t\t\t\t","logMessage":"An attempt was made to access an object.\n\nSubject:\n\tSecurity ID:\t\tS-1-5-21-132051286-1762614582-3209893546-1001\n\tAccount Name:\t\tKKurniawan\n\tAccount Domain:\t\tDESKTOP-F650GTN\n\tLogon ID:\t\t0xE138A\n\nObject:\n\tObject Server:\t\tSecurity\n\tObject Type:\t\tFile\n\tObject Name:\t\t\\Device\\HarddiskVolume6\\test\n\tHandle ID:\t\t0x36e0\n\tResource Attributes:\t\n\nProcess Information:\n\tProcess ID:\t\t0x1404\n\tProcess Name:\t\tC:\\Program Files (x86)\\Google\\Chrome\\Application\\chrome.exe\n\nAccess Request Information:\n\tAccesses:\t\tReadData (or ListDirectory)\n\t\t\t\t\n\tAccess Mask:\t\t0x1","version":1,"objectName":"\\Device\\HarddiskVolume6\\test"}
{"logName":"Security","source":"Microsoft-Windows-Security-Auditing","@context":"http://sepses.ifs.tuwien.ac.at/contexts/wineventlog.jsonld","computerName":"DESKTOP-F650GTN","objectServer":"Security","@type":"http://purl.org/sepses/vocab/log/wineventlog#WindowsEventLogEntry","upCode":"Info","accessMask":"0x1","hasLogType":"wineventlog","timestamp":"2019-05-29T13:19:38.392Z","processName":"C:\\Program Files (x86)\\Google\\Chrome\\Application\\chrome.exe","handleID":"0x39b8","@timestamp":"2019-05-29T13:19:38.392Z","eventID":4663,"level":"Information","taskCategory":"Removable Storage","originatesFrom":{"@type":"rdf:nodeID","@id":"http://example.org/sepses#de084fad-4483-4be0-b71f-ce5d1effabfd","hostName":"DESKTOP-F650GTN"},"objectType":"File","processID":"0x1404","@id":"http://example.org/logEntry#logEntry-352a7913-406e-43ff-a6f4-d22d95cc8a16","accountName":"KKurniawan","keyword":["Audit Success"],"accountDomain":"DESKTOP-F650GTN","logonID":"0xe138a","accesses":"%%4416\n\t\t\t\t","logMessage":"An attempt was made to access an object.\n\nSubject:\n\tSecurity ID:\t\tS-1-5-21-132051286-1762614582-3209893546-1001\n\tAccount Name:\t\tKKurniawan\n\tAccount Domain:\t\tDESKTOP-F650GTN\n\tLogon ID:\t\t0xE138A\n\nObject:\n\tObject Server:\t\tSecurity\n\tObject Type:\t\tFile\n\tObject Name:\t\t\\Device\\HarddiskVolume6\\\n\tHandle ID:\t\t0x39b8\n\tResource Attributes:\t\n\nProcess Information:\n\tProcess ID:\t\t0x1404\n\tProcess Name:\t\tC:\\Program Files (x86)\\Google\\Chrome\\Application\\chrome.exe\n\nAccess Request Information:\n\tAccesses:\t\tReadData (or ListDirectory)\n\t\t\t\t\n\tAccess Mask:\t\t0x1","version":1,"objectName":"\\Device\\HarddiskVolume6\\"}
{"logName":"Security","source":"Microsoft-Windows-Security-Auditing","@context":"http://sepses.ifs.tuwien.ac.at/contexts/wineventlog.jsonld","computerName":"DESKTOP-F650GTN","objectServer":"Security","@type":"http://purl.org/sepses/vocab/log/wineventlog#WindowsEventLogEntry","upCode":"Info","accessMask":"0x1","hasLogType":"wineventlog","timestamp":"2019-05-29T13:19:38.451Z","processName":"C:\\Program Files (x86)\\Google\\Chrome\\Application\\chrome.exe","handleID":"0x39e4","@timestamp":"2019-05-29T13:19:38.451Z","eventID":4663,"level":"Information","taskCategory":"Removable Storage","originatesFrom":{"@type":"rdf:nodeID","@id":"http://example.org/sepses#70edcdc0-c505-454a-abcd-f29a644d2fdc","hostName":"DESKTOP-F650GTN"},"objectType":"File","processID":"0x1404","@id":"http://example.org/logEntry#logEntry-e116637f-ae6b-4c34-bb02-1c7942cf6f49","accountName":"KKurniawan","keyword":["Audit Success"],"accountDomain":"DESKTOP-F650GTN","logonID":"0xe138a","accesses":"%%4416\n\t\t\t\t","logMessage":"An attempt was made to access an object.\n\nSubject:\n\tSecurity ID:\t\tS-1-5-21-132051286-1762614582-3209893546-1001\n\tAccount Name:\t\tKKurniawan\n\tAccount Domain:\t\tDESKTOP-F650GTN\n\tLogon ID:\t\t0xE138A\n\nObject:\n\tObject Server:\t\tSecurity\n\tObject Type:\t\tFile\n\tObject Name:\t\t\\Device\\HarddiskVolume6\\\n\tHandle ID:\t\t0x39e4\n\tResource Attributes:\t\n\nProcess Information:\n\tProcess ID:\t\t0x1404\n\tProcess Name:\t\tC:\\Program Files (x86)\\Google\\Chrome\\Application\\chrome.exe\n\nAccess Request Information:\n\tAccesses:\t\tReadData (or ListDirectory)\n\t\t\t\t\n\tAccess Mask:\t\t0x1","version":1,"objectName":"\\Device\\HarddiskVolume6\\"}
{"logName":"Security","source":"Microsoft-Windows-Security-Auditing","@context":"http://sepses.ifs.tuwien.ac.at/contexts/wineventlog.jsonld","computerName":"DESKTOP-F650GTN","objectServer":"Security","@type":"http://purl.org/sepses/vocab/log/wineventlog#WindowsEventLogEntry","upCode":"Info","accessMask":"0x1","hasLogType":"wineventlog","timestamp":"2019-05-29T13:19:38.495Z","processName":"C:\\Program Files (x86)\\Google\\Chrome\\Application\\chrome.exe","handleID":"0x2f68","@timestamp":"2019-05-29T13:19:38.495Z","eventID":4663,"level":"Information","taskCategory":"Removable Storage","originatesFrom":{"@type":"rdf:nodeID","@id":"http://example.org/sepses#b1ef0ddc-0ad7-4147-951d-6b2064ea75f6","hostName":"DESKTOP-F650GTN"},"objectType":"File","processID":"0x1404","@id":"http://example.org/logEntry#logEntry-9e560846-fb8f-4485-89d5-f0cd3289c85e","accountName":"KKurniawan","keyword":["Audit Success"],"accountDomain":"DESKTOP-F650GTN","logonID":"0xe138a","accesses":"%%4416\n\t\t\t\t","logMessage":"An attempt was made to access an object.\n\nSubject:\n\tSecurity ID:\t\tS-1-5-21-132051286-1762614582-3209893546-1001\n\tAccount Name:\t\tKKurniawan\n\tAccount Domain:\t\tDESKTOP-F650GTN\n\tLogon ID:\t\t0xE138A\n\nObject:\n\tObject Server:\t\tSecurity\n\tObject Type:\t\tFile\n\tObject Name:\t\t\\Device\\HarddiskVolume6\\\n\tHandle ID:\t\t0x2f68\n\tResource Attributes:\t\n\nProcess Information:\n\tProcess ID:\t\t0x1404\n\tProcess Name:\t\tC:\\Program Files (x86)\\Google\\Chrome\\Application\\chrome.exe\n\nAccess Request Information:\n\tAccesses:\t\tReadData (or ListDirectory)\n\t\t\t\t\n\tAccess Mask:\t\t0x1","version":1,"objectName":"\\Device\\HarddiskVolume6\\"}
{"logName":"Security","source":"Microsoft-Windows-Security-Auditing","@context":"http://sepses.ifs.tuwien.ac.at/contexts/wineventlog.jsonld","computerName":"DESKTOP-F650GTN","objectServer":"Security","@type":"http://purl.org/sepses/vocab/log/wineventlog#WindowsEventLogEntry","upCode":"Info","accessMask":"0x1","hasLogType":"wineventlog","timestamp":"2019-05-29T13:19:38.535Z","processName":"C:\\Program Files (x86)\\Google\\Chrome\\Application\\chrome.exe","handleID":"0x3070","@timestamp":"2019-05-29T13:19:38.535Z","eventID":4663,"level":"Information","taskCategory":"Removable Storage","originatesFrom":{"@type":"rdf:nodeID","@id":"http://example.org/sepses#67a5171d-ff71-4ff0-aff4-15534b75ec59","hostName":"DESKTOP-F650GTN"},"objectType":"File","processID":"0x1404","@id":"http://example.org/logEntry#logEntry-24972285-bedf-45bb-8b00-ea8c6fb70b83","accountName":"KKurniawan","keyword":["Audit Success"],"accountDomain":"DESKTOP-F650GTN","logonID":"0xe138a","accesses":"%%4416\n\t\t\t\t","logMessage":"An attempt was made to access an object.\n\nSubject:\n\tSecurity ID:\t\tS-1-5-21-132051286-1762614582-3209893546-1001\n\tAccount Name:\t\tKKurniawan\n\tAccount Domain:\t\tDESKTOP-F650GTN\n\tLogon ID:\t\t0xE138A\n\nObject:\n\tObject Server:\t\tSecurity\n\tObject Type:\t\tFile\n\tObject Name:\t\t\\Device\\HarddiskVolume6\\\n\tHandle ID:\t\t0x3070\n\tResource Attributes:\t\n\nProcess Information:\n\tProcess ID:\t\t0x1404\n\tProcess Name:\t\tC:\\Program Files (x86)\\Google\\Chrome\\Application\\chrome.exe\n\nAccess Request Information:\n\tAccesses:\t\tReadData (or ListDirectory)\n\t\t\t\t\n\tAccess Mask:\t\t0x1","version":1,"objectName":"\\Device\\HarddiskVolume6\\"}
{"logName":"Security","source":"Microsoft-Windows-Security-Auditing","@context":"http://sepses.ifs.tuwien.ac.at/contexts/wineventlog.jsonld","computerName":"DESKTOP-F650GTN","objectServer":"Security","@type":"http://purl.org/sepses/vocab/log/wineventlog#WindowsEventLogEntry","upCode":"Info","accessMask":"0x1","hasLogType":"wineventlog","timestamp":"2019-05-29T13:19:38.549Z","processName":"C:\\Program Files (x86)\\Google\\Chrome\\Application\\chrome.exe","handleID":"0x2988","@timestamp":"2019-05-29T13:19:38.549Z","eventID":4663,"level":"Information","taskCategory":"Removable Storage","originatesFrom":{"@type":"rdf:nodeID","@id":"http://example.org/sepses#03d712d4-2ac1-4b44-82d9-446dd407e64b","hostName":"DESKTOP-F650GTN"},"objectType":"File","processID":"0x1404","@id":"http://example.org/logEntry#logEntry-14e2714a-78fd-4aca-9c01-3a7bfa5cf174","accountName":"KKurniawan","keyword":["Audit Success"],"accountDomain":"DESKTOP-F650GTN","logonID":"0xe138a","accesses":"%%4416\n\t\t\t\t","logMessage":"An attempt was made to access an object.\n\nSubject:\n\tSecurity ID:\t\tS-1-5-21-132051286-1762614582-3209893546-1001\n\tAccount Name:\t\tKKurniawan\n\tAccount Domain:\t\tDESKTOP-F650GTN\n\tLogon ID:\t\t0xE138A\n\nObject:\n\tObject Server:\t\tSecurity\n\tObject Type:\t\tFile\n\tObject Name:\t\t\\Device\\HarddiskVolume6\\\n\tHandle ID:\t\t0x2988\n\tResource Attributes:\t\n\nProcess Information:\n\tProcess ID:\t\t0x1404\n\tProcess Name:\t\tC:\\Program Files (x86)\\Google\\Chrome\\Application\\chrome.exe\n\nAccess Request Information:\n\tAccesses:\t\tReadData (or ListDirectory)\n\t\t\t\t\n\tAccess Mask:\t\t0x1","version":1,"objectName":"\\Device\\HarddiskVolume6\\"}
{"logName":"Security","source":"Microsoft-Windows-Security-Auditing","@context":"http://sepses.ifs.tuwien.ac.at/contexts/wineventlog.jsonld","computerName":"DESKTOP-F650GTN","objectServer":"Security","@type":"http://purl.org/sepses/vocab/log/wineventlog#WindowsEventLogEntry","upCode":"Info","accessMask":"0x1","hasLogType":"wineventlog","timestamp":"2019-05-29T13:19:38.080Z","processName":"C:\\Program Files (x86)\\Google\\Chrome\\Application\\chrome.exe","handleID":"0x38b0","@timestamp":"2019-05-29T13:19:38.080Z","eventID":4663,"level":"Information","taskCategory":"Removable Storage","originatesFrom":{"@type":"rdf:nodeID","@id":"http://example.org/sepses#49f59c87-df0c-42de-a6c7-82af26792504","hostName":"DESKTOP-F650GTN"},"objectType":"File","processID":"0x1404","@id":"http://example.org/logEntry#logEntry-2cf8250d-f00e-4528-b2ee-06112072d713","accountName":"KKurniawan","keyword":["Audit Success"],"accountDomain":"DESKTOP-F650GTN","logonID":"0xe138a","accesses":"%%4416\n\t\t\t\t","logMessage":"An attempt was made to access an object.\n\nSubject:\n\tSecurity ID:\t\tS-1-5-21-132051286-1762614582-3209893546-1001\n\tAccount Name:\t\tKKurniawan\n\tAccount Domain:\t\tDESKTOP-F650GTN\n\tLogon ID:\t\t0xE138A\n\nObject:\n\tObject Server:\t\tSecurity\n\tObject Type:\t\tFile\n\tObject Name:\t\t\\Device\\HarddiskVolume6\\slide-2017\\desktop.ini\n\tHandle ID:\t\t0x38b0\n\tResource Attributes:\t\n\nProcess Information:\n\tProcess ID:\t\t0x1404\n\tProcess Name:\t\tC:\\Program Files (x86)\\Google\\Chrome\\Application\\chrome.exe\n\nAccess Request Information:\n\tAccesses:\t\tReadData (or ListDirectory)\n\t\t\t\t\n\tAccess Mask:\t\t0x1","version":1,"objectName":"\\Device\\HarddiskVolume6\\slide-2017\\desktop.ini"}
{"logName":"Security","source":"Microsoft-Windows-Security-Auditing","@context":"http://sepses.ifs.tuwien.ac.at/contexts/wineventlog.jsonld","computerName":"DESKTOP-F650GTN","objectServer":"Security","@type":"http://purl.org/sepses/vocab/log/wineventlog#WindowsEventLogEntry","upCode":"Info","accessMask":"0x1","hasLogType":"wineventlog","timestamp":"2019-05-29T13:19:38.293Z","processName":"C:\\Program Files (x86)\\Google\\Chrome\\Application\\chrome.exe","handleID":"0x2c64","@timestamp":"2019-05-29T13:19:38.293Z","eventID":4663,"level":"Information","taskCategory":"Removable Storage","originatesFrom":{"@type":"rdf:nodeID","@id":"http://example.org/sepses#b408f802-2f0c-4e6e-bd83-859c4fd59eb9","hostName":"DESKTOP-F650GTN"},"objectType":"File","processID":"0x1404","@id":"http://example.org/logEntry#logEntry-bd716195-8e45-4a29-b0b6-643f265004ec","accountName":"KKurniawan","keyword":["Audit Success"],"accountDomain":"DESKTOP-F650GTN","logonID":"0xe138a","accesses":"%%4416\n\t\t\t\t","logMessage":"An attempt was made to access an object.\n\nSubject:\n\tSecurity ID:\t\tS-1-5-21-132051286-1762614582-3209893546-1001\n\tAccount Name:\t\tKKurniawan\n\tAccount Domain:\t\tDESKTOP-F650GTN\n\tLogon ID:\t\t0xE138A\n\nObject:\n\tObject Server:\t\tSecurity\n\tObject Type:\t\tFile\n\tObject Name:\t\t\\Device\\HarddiskVolume6\\Print\n\tHandle ID:\t\t0x2c64\n\tResource Attributes:\t\n\nProcess Information:\n\tProcess ID:\t\t0x1404\n\tProcess Name:\t\tC:\\Program Files (x86)\\Google\\Chrome\\Application\\chrome.exe\n\nAccess Request Information:\n\tAccesses:\t\tReadData (or ListDirectory)\n\t\t\t\t\n\tAccess Mask:\t\t0x1","version":1,"objectName":"\\Device\\HarddiskVolume6\\Print"}
{"logName":"Security","source":"Microsoft-Windows-Security-Auditing","@context":"http://sepses.ifs.tuwien.ac.at/contexts/wineventlog.jsonld","computerName":"DESKTOP-F650GTN","objectServer":"Security","@type":"http://purl.org/sepses/vocab/log/wineventlog#WindowsEventLogEntry","upCode":"Info","accessMask":"0x1","hasLogType":"wineventlog","timestamp":"2019-05-29T13:19:38.295Z","processName":"C:\\Program Files (x86)\\Google\\Chrome\\Application\\chrome.exe","handleID":"0x2b64","@timestamp":"2019-05-29T13:19:38.295Z","eventID":4663,"level":"Information","taskCategory":"Removable Storage","originatesFrom":{"@type":"rdf:nodeID","@id":"http://example.org/sepses#32934481-9bbc-451a-9af8-bfe7eea78ce6","hostName":"DESKTOP-F650GTN"},"objectType":"File","processID":"0x1404","@id":"http://example.org/logEntry#logEntry-bdd165f9-8023-45c9-bc26-c29bfe9eb51c","accountName":"KKurniawan","keyword":["Audit Success"],"accountDomain":"DESKTOP-F650GTN","logonID":"0xe138a","accesses":"%%4416\n\t\t\t\t","logMessage":"An attempt was made to access an object.\n\nSubject:\n\tSecurity ID:\t\tS-1-5-21-132051286-1762614582-3209893546-1001\n\tAccount Name:\t\tKKurniawan\n\tAccount Domain:\t\tDESKTOP-F650GTN\n\tLogon ID:\t\t0xE138A\n\nObject:\n\tObject Server:\t\tSecurity\n\tObject Type:\t\tFile\n\tObject Name:\t\t\\Device\\HarddiskVolume6\\slide-2017\\Kuis\\desktop.ini\n\tHandle ID:\t\t0x2b64\n\tResource Attributes:\t\n\nProcess Information:\n\tProcess ID:\t\t0x1404\n\tProcess Name:\t\tC:\\Program Files (x86)\\Google\\Chrome\\Application\\chrome.exe\n\nAccess Request Information:\n\tAccesses:\t\tReadData (or ListDirectory)\n\t\t\t\t\n\tAccess Mask:\t\t0x1","version":1,"objectName":"\\Device\\HarddiskVolume6\\slide-2017\\Kuis\\desktop.ini"}
{"logName":"Security","source":"Microsoft-Windows-Security-Auditing","@context":"http://sepses.ifs.tuwien.ac.at/contexts/wineventlog.jsonld","computerName":"DESKTOP-F650GTN","objectServer":"Security","@type":"http://purl.org/sepses/vocab/log/wineventlog#WindowsEventLogEntry","upCode":"Info","accessMask":"0x1","hasLogType":"wineventlog","timestamp":"2019-05-29T13:19:38.391Z","processName":"C:\\Program Files (x86)\\Google\\Chrome\\Application\\chrome.exe","handleID":"0x39b8","@timestamp":"2019-05-29T13:19:38.391Z","eventID":4663,"level":"Information","taskCategory":"Removable Storage","originatesFrom":{"@type":"rdf:nodeID","@id":"http://example.org/sepses#0aee88db-b800-402f-a182-a7f6db9717fc","hostName":"DESKTOP-F650GTN"},"objectType":"File","processID":"0x1404","@id":"http://example.org/logEntry#logEntry-4c7eac3a-db46-4ca1-8302-1cd461d9d6fe","accountName":"KKurniawan","keyword":["Audit Success"],"accountDomain":"DESKTOP-F650GTN","logonID":"0xe138a","accesses":"%%4416\n\t\t\t\t","logMessage":"An attempt was made to access an object.\n\nSubject:\n\tSecurity ID:\t\tS-1-5-21-132051286-1762614582-3209893546-1001\n\tAccount Name:\t\tKKurniawan\n\tAccount Domain:\t\tDESKTOP-F650GTN\n\tLogon ID:\t\t0xE138A\n\nObject:\n\tObject Server:\t\tSecurity\n\tObject Type:\t\tFile\n\tObject Name:\t\t\\Device\\HarddiskVolume6\\\n\tHandle ID:\t\t0x39b8\n\tResource Attributes:\t\n\nProcess Information:\n\tProcess ID:\t\t0x1404\n\tProcess Name:\t\tC:\\Program Files (x86)\\Google\\Chrome\\Application\\chrome.exe\n\nAccess Request Information:\n\tAccesses:\t\tReadData (or ListDirectory)\n\t\t\t\t\n\tAccess Mask:\t\t0x1","version":1,"objectName":"\\Device\\HarddiskVolume6\\"}
{"logName":"Security","source":"Microsoft-Windows-Security-Auditing","@context":"http://sepses.ifs.tuwien.ac.at/contexts/wineventlog.jsonld","computerName":"DESKTOP-F650GTN","objectServer":"Security","@type":"http://purl.org/sepses/vocab/log/wineventlog#WindowsEventLogEntry","upCode":"Info","accessMask":"0x1","hasLogType":"wineventlog","timestamp":"2019-05-29T13:19:38.450Z","processName":"C:\\Program Files (x86)\\Google\\Chrome\\Application\\chrome.exe","handleID":"0x39e4","@timestamp":"2019-05-29T13:19:38.450Z","eventID":4663,"level":"Information","taskCategory":"Removable Storage","originatesFrom":{"@type":"rdf:nodeID","@id":"http://example.org/sepses#b655179b-e1e9-4d45-a6cc-0d04c31ba83d","hostName":"DESKTOP-F650GTN"},"objectType":"File","processID":"0x1404","@id":"http://example.org/logEntry#logEntry-706c91bd-78ae-4f45-b4d1-a56be6ce3886","accountName":"KKurniawan","keyword":["Audit Success"],"accountDomain":"DESKTOP-F650GTN","logonID":"0xe138a","accesses":"%%4416\n\t\t\t\t","logMessage":"An attempt was made to access an object.\n\nSubject:\n\tSecurity ID:\t\tS-1-5-21-132051286-1762614582-3209893546-1001\n\tAccount Name:\t\tKKurniawan\n\tAccount Domain:\t\tDESKTOP-F650GTN\n\tLogon ID:\t\t0xE138A\n\nObject:\n\tObject Server:\t\tSecurity\n\tObject Type:\t\tFile\n\tObject Name:\t\t\\Device\\HarddiskVolume6\\\n\tHandle ID:\t\t0x39e4\n\tResource Attributes:\t\n\nProcess Information:\n\tProcess ID:\t\t0x1404\n\tProcess Name:\t\tC:\\Program Files (x86)\\Google\\Chrome\\Application\\chrome.exe\n\nAccess Request Information:\n\tAccesses:\t\tReadData (or ListDirectory)\n\t\t\t\t\n\tAccess Mask:\t\t0x1","version":1,"objectName":"\\Device\\HarddiskVolume6\\"}
{"logName":"Security","source":"Microsoft-Windows-Security-Auditing","@context":"http://sepses.ifs.tuwien.ac.at/contexts/wineventlog.jsonld","computerName":"DESKTOP-F650GTN","objectServer":"Security","@type":"http://purl.org/sepses/vocab/log/wineventlog#WindowsEventLogEntry","upCode":"Info","accessMask":"0x1","hasLogType":"wineventlog","timestamp":"2019-05-29T13:19:38.476Z","processName":"C:\\Program Files (x86)\\Google\\Chrome\\Application\\chrome.exe","handleID":"0x3070","@timestamp":"2019-05-29T13:19:38.476Z","eventID":4663,"level":"Information","taskCategory":"Removable Storage","originatesFrom":{"@type":"rdf:nodeID","@id":"http://example.org/sepses#833a0950-e758-448b-abcf-9d06360964b6","hostName":"DESKTOP-F650GTN"},"objectType":"File","processID":"0x1404","@id":"http://example.org/logEntry#logEntry-d1516914-aad1-49ab-92f7-375d363620f1","accountName":"KKurniawan","keyword":["Audit Success"],"accountDomain":"DESKTOP-F650GTN","logonID":"0xe138a","accesses":"%%4416\n\t\t\t\t","logMessage":"An attempt was made to access an object.\n\nSubject:\n\tSecurity ID:\t\tS-1-5-21-132051286-1762614582-3209893546-1001\n\tAccount Name:\t\tKKurniawan\n\tAccount Domain:\t\tDESKTOP-F650GTN\n\tLogon ID:\t\t0xE138A\n\nObject:\n\tObject Server:\t\tSecurity\n\tObject Type:\t\tFile\n\tObject Name:\t\t\\Device\\HarddiskVolume6\\\n\tHandle ID:\t\t0x3070\n\tResource Attributes:\t\n\nProcess Information:\n\tProcess ID:\t\t0x1404\n\tProcess Name:\t\tC:\\Program Files (x86)\\Google\\Chrome\\Application\\chrome.exe\n\nAccess Request Information:\n\tAccesses:\t\tReadData (or ListDirectory)\n\t\t\t\t\n\tAccess Mask:\t\t0x1","version":1,"objectName":"\\Device\\HarddiskVolume6\\"}
{"logName":"Security","source":"Microsoft-Windows-Security-Auditing","@context":"http://sepses.ifs.tuwien.ac.at/contexts/wineventlog.jsonld","computerName":"DESKTOP-F650GTN","objectServer":"Security","@type":"http://purl.org/sepses/vocab/log/wineventlog#WindowsEventLogEntry","upCode":"Info","accessMask":"0x1","hasLogType":"wineventlog","timestamp":"2019-05-29T13:19:38.534Z","processName":"C:\\Program Files (x86)\\Google\\Chrome\\Application\\chrome.exe","handleID":"0x3070","@timestamp":"2019-05-29T13:19:38.534Z","eventID":4663,"level":"Information","taskCategory":"Removable Storage","originatesFrom":{"@type":"rdf:nodeID","@id":"http://example.org/sepses#71a61f97-80df-4ec0-a109-b5dadf8ecbf3","hostName":"DESKTOP-F650GTN"},"objectType":"File","processID":"0x1404","@id":"http://example.org/logEntry#logEntry-87c45075-a558-4a8d-8074-3027b27ad1c6","accountName":"KKurniawan","keyword":["Audit Success"],"accountDomain":"DESKTOP-F650GTN","logonID":"0xe138a","accesses":"%%4416\n\t\t\t\t","logMessage":"An attempt was made to access an object.\n\nSubject:\n\tSecurity ID:\t\tS-1-5-21-132051286-1762614582-3209893546-1001\n\tAccount Name:\t\tKKurniawan\n\tAccount Domain:\t\tDESKTOP-F650GTN\n\tLogon ID:\t\t0xE138A\n\nObject:\n\tObject Server:\t\tSecurity\n\tObject Type:\t\tFile\n\tObject Name:\t\t\\Device\\HarddiskVolume6\\\n\tHandle ID:\t\t0x3070\n\tResource Attributes:\t\n\nProcess Information:\n\tProcess ID:\t\t0x1404\n\tProcess Name:\t\tC:\\Program Files (x86)\\Google\\Chrome\\Application\\chrome.exe\n\nAccess Request Information:\n\tAccesses:\t\tReadData (or ListDirectory)\n\t\t\t\t\n\tAccess Mask:\t\t0x1","version":1,"objectName":"\\Device\\HarddiskVolume6\\"}
{"logName":"Security","source":"Microsoft-Windows-Security-Auditing","@context":"http://sepses.ifs.tuwien.ac.at/contexts/wineventlog.jsonld","computerName":"DESKTOP-F650GTN","objectServer":"Security","@type":"http://purl.org/sepses/vocab/log/wineventlog#WindowsEventLogEntry","upCode":"Info","accessMask":"0x1","hasLogType":"wineventlog","timestamp":"2019-05-29T13:19:38.549Z","processName":"C:\\Program Files (x86)\\Google\\Chrome\\Application\\chrome.exe","handleID":"0x2988","@timestamp":"2019-05-29T13:19:38.549Z","eventID":4663,"level":"Information","taskCategory":"Removable Storage","originatesFrom":{"@type":"rdf:nodeID","@id":"http://example.org/sepses#9600df1f-3a7f-406e-a343-d3101957af48","hostName":"DESKTOP-F650GTN"},"objectType":"File","processID":"0x1404","@id":"http://example.org/logEntry#logEntry-e0c8c9e9-23bc-4dd5-b40a-07822bd58a07","accountName":"KKurniawan","keyword":["Audit Success"],"accountDomain":"DESKTOP-F650GTN","logonID":"0xe138a","accesses":"%%4416\n\t\t\t\t","logMessage":"An attempt was made to access an object.\n\nSubject:\n\tSecurity ID:\t\tS-1-5-21-132051286-1762614582-3209893546-1001\n\tAccount Name:\t\tKKurniawan\n\tAccount Domain:\t\tDESKTOP-F650GTN\n\tLogon ID:\t\t0xE138A\n\nObject:\n\tObject Server:\t\tSecurity\n\tObject Type:\t\tFile\n\tObject Name:\t\t\\Device\\HarddiskVolume6\\\n\tHandle ID:\t\t0x2988\n\tResource Attributes:\t\n\nProcess Information:\n\tProcess ID:\t\t0x1404\n\tProcess Name:\t\tC:\\Program Files (x86)\\Google\\Chrome\\Application\\chrome.exe\n\nAccess Request Information:\n\tAccesses:\t\tReadData (or ListDirectory)\n\t\t\t\t\n\tAccess Mask:\t\t0x1","version":1,"objectName":"\\Device\\HarddiskVolume6\\"}
{"logName":"Security","source":"Microsoft-Windows-Security-Auditing","@context":"http://sepses.ifs.tuwien.ac.at/contexts/wineventlog.jsonld","computerName":"DESKTOP-F650GTN","objectServer":"Security","@type":"http://purl.org/sepses/vocab/log/wineventlog#WindowsEventLogEntry","upCode":"Info","accessMask":"0x1","hasLogType":"wineventlog","timestamp":"2019-05-29T13:19:38.637Z","processName":"C:\\Program Files (x86)\\Google\\Chrome\\Application\\chrome.exe","handleID":"0x23ec","@timestamp":"2019-05-29T13:19:38.637Z","eventID":4663,"level":"Information","taskCategory":"Removable Storage","originatesFrom":{"@type":"rdf:nodeID","@id":"http://example.org/sepses#03d2d5c7-de27-4995-94aa-67e128d0e6f6","hostName":"DESKTOP-F650GTN"},"objectType":"File","processID":"0x1404","@id":"http://example.org/logEntry#logEntry-bd6aefab-ba9c-485a-b12c-eee989ee03c7","accountName":"KKurniawan","keyword":["Audit Success"],"accountDomain":"DESKTOP-F650GTN","logonID":"0xe138a","accesses":"%%4416\n\t\t\t\t","logMessage":"An attempt was made to access an object.\n\nSubject:\n\tSecurity ID:\t\tS-1-5-21-132051286-1762614582-3209893546-1001\n\tAccount Name:\t\tKKurniawan\n\tAccount Domain:\t\tDESKTOP-F650GTN\n\tLogon ID:\t\t0xE138A\n\nObject:\n\tObject Server:\t\tSecurity\n\tObject Type:\t\tFile\n\tObject Name:\t\t\\Device\\HarddiskVolume6\\\n\tHandle ID:\t\t0x23ec\n\tResource Attributes:\t\n\nProcess Information:\n\tProcess ID:\t\t0x1404\n\tProcess Name:\t\tC:\\Program Files (x86)\\Google\\Chrome\\Application\\chrome.exe\n\nAccess Request Information:\n\tAccesses:\t\tReadData (or ListDirectory)\n\t\t\t\t\n\tAccess Mask:\t\t0x1","version":1,"objectName":"\\Device\\HarddiskVolume6\\"}
{"logName":"Security","source":"Microsoft-Windows-Security-Auditing","@context":"http://sepses.ifs.tuwien.ac.at/contexts/wineventlog.jsonld","computerName":"DESKTOP-F650GTN","objectServer":"Security","@type":"http://purl.org/sepses/vocab/log/wineventlog#WindowsEventLogEntry","upCode":"Info","accessMask":"0x1","hasLogType":"wineventlog","timestamp":"2019-05-29T13:19:38.078Z","processName":"C:\\Program Files (x86)\\Google\\Chrome\\Application\\chrome.exe","handleID":"0x2bc0","@timestamp":"2019-05-29T13:19:38.078Z","eventID":4663,"level":"Information","taskCategory":"Removable Storage","originatesFrom":{"@type":"rdf:nodeID","@id":"http://example.org/sepses#bab52a03-fe71-4f7b-bf3c-4b0a186cfc5c","hostName":"DESKTOP-F650GTN"},"objectType":"File","processID":"0x1404","@id":"http://example.org/logEntry#logEntry-9c644ff4-adc0-43cb-8e6b-33cf5e21ceb1","accountName":"KKurniawan","keyword":["Audit Success"],"accountDomain":"DESKTOP-F650GTN","logonID":"0xe138a","accesses":"%%4416\n\t\t\t\t","logMessage":"An attempt was made to access an object.\n\nSubject:\n\tSecurity ID:\t\tS-1-5-21-132051286-1762614582-3209893546-1001\n\tAccount Name:\t\tKKurniawan\n\tAccount Domain:\t\tDESKTOP-F650GTN\n\tLogon ID:\t\t0xE138A\n\nObject:\n\tObject Server:\t\tSecurity\n\tObject Type:\t\tFile\n\tObject Name:\t\t\\Device\\HarddiskVolume6\\\n\tHandle ID:\t\t0x2bc0\n\tResource Attributes:\t\n\nProcess Information:\n\tProcess ID:\t\t0x1404\n\tProcess Name:\t\tC:\\Program Files (x86)\\Google\\Chrome\\Application\\chrome.exe\n\nAccess Request Information:\n\tAccesses:\t\tReadData (or ListDirectory)\n\t\t\t\t\n\tAccess Mask:\t\t0x1","version":1,"objectName":"\\Device\\HarddiskVolume6\\"}
{"logName":"Security","source":"Microsoft-Windows-Security-Auditing","@context":"http://sepses.ifs.tuwien.ac.at/contexts/wineventlog.jsonld","computerName":"DESKTOP-F650GTN","objectServer":"Security","@type":"http://purl.org/sepses/vocab/log/wineventlog#WindowsEventLogEntry","upCode":"Info","accessMask":"0x1","hasLogType":"wineventlog","timestamp":"2019-05-29T13:19:38.292Z","processName":"C:\\Program Files (x86)\\Google\\Chrome\\Application\\chrome.exe","handleID":"0x2c64","@timestamp":"2019-05-29T13:19:38.292Z","eventID":4663,"level":"Information","taskCategory":"Removable Storage","originatesFrom":{"@type":"rdf:nodeID","@id":"http://example.org/sepses#ad430ed9-7a12-44eb-b7c8-963fac3ddfb2","hostName":"DESKTOP-F650GTN"},"objectType":"File","processID":"0x1404","@id":"http://example.org/logEntry#logEntry-3217972e-06b5-4acb-96e7-e30512ed2f02","accountName":"KKurniawan","keyword":["Audit Success"],"accountDomain":"DESKTOP-F650GTN","logonID":"0xe138a","accesses":"%%4416\n\t\t\t\t","logMessage":"An attempt was made to access an object.\n\nSubject:\n\tSecurity ID:\t\tS-1-5-21-132051286-1762614582-3209893546-1001\n\tAccount Name:\t\tKKurniawan\n\tAccount Domain:\t\tDESKTOP-F650GTN\n\tLogon ID:\t\t0xE138A\n\nObject:\n\tObject Server:\t\tSecurity\n\tObject Type:\t\tFile\n\tObject Name:\t\t\\Device\\HarddiskVolume6\\New folder\n\tHandle ID:\t\t0x2c64\n\tResource Attributes:\t\n\nProcess Information:\n\tProcess ID:\t\t0x1404\n\tProcess Name:\t\tC:\\Program Files (x86)\\Google\\Chrome\\Application\\chrome.exe\n\nAccess Request Information:\n\tAccesses:\t\tReadData (or ListDirectory)\n\t\t\t\t\n\tAccess Mask:\t\t0x1","version":1,"objectName":"\\Device\\HarddiskVolume6\\New folder"}
{"logName":"Security","source":"Microsoft-Windows-Security-Auditing","@context":"http://sepses.ifs.tuwien.ac.at/contexts/wineventlog.jsonld","computerName":"DESKTOP-F650GTN","objectServer":"Security","@type":"http://purl.org/sepses/vocab/log/wineventlog#WindowsEventLogEntry","upCode":"Info","accessMask":"0x1","hasLogType":"wineventlog","timestamp":"2019-05-29T13:19:38.295Z","processName":"C:\\Program Files (x86)\\Google\\Chrome\\Application\\chrome.exe","handleID":"0x36e0","@timestamp":"2019-05-29T13:19:38.295Z","eventID":4663,"level":"Information","taskCategory":"Removable Storage","originatesFrom":{"@type":"rdf:nodeID","@id":"http://example.org/sepses#77643b73-f9af-479a-a484-f72b5bf530cc","hostName":"DESKTOP-F650GTN"},"objectType":"File","processID":"0x1404","@id":"http://example.org/logEntry#logEntry-9badc370-7e2d-477c-82ec-17e169bf27d6","accountName":"KKurniawan","keyword":["Audit Success"],"accountDomain":"DESKTOP-F650GTN","logonID":"0xe138a","accesses":"%%4416\n\t\t\t\t","logMessage":"An attempt was made to access an object.\n\nSubject:\n\tSecurity ID:\t\tS-1-5-21-132051286-1762614582-3209893546-1001\n\tAccount Name:\t\tKKurniawan\n\tAccount Domain:\t\tDESKTOP-F650GTN\n\tLogon ID:\t\t0xE138A\n\nObject:\n\tObject Server:\t\tSecurity\n\tObject Type:\t\tFile\n\tObject Name:\t\t\\Device\\HarddiskVolume6\\Secret\n\tHandle ID:\t\t0x36e0\n\tResource Attributes:\t\n\nProcess Information:\n\tProcess ID:\t\t0x1404\n\tProcess Name:\t\tC:\\Program Files (x86)\\Google\\Chrome\\Application\\chrome.exe\n\nAccess Request Information:\n\tAccesses:\t\tReadData (or ListDirectory)\n\t\t\t\t\n\tAccess Mask:\t\t0x1","version":1,"objectName":"\\Device\\HarddiskVolume6\\Secret"}
{"logName":"Security","source":"Microsoft-Windows-Security-Auditing","@context":"http://sepses.ifs.tuwien.ac.at/contexts/wineventlog.jsonld","computerName":"DESKTOP-F650GTN","objectServer":"Security","@type":"http://purl.org/sepses/vocab/log/wineventlog#WindowsEventLogEntry","upCode":"Info","accessMask":"0x1","hasLogType":"wineventlog","timestamp":"2019-05-29T13:19:38.296Z","processName":"C:\\Program Files (x86)\\Google\\Chrome\\Application\\chrome.exe","handleID":"0x36e0","@timestamp":"2019-05-29T13:19:38.296Z","eventID":4663,"level":"Information","taskCategory":"Removable Storage","originatesFrom":{"@type":"rdf:nodeID","@id":"http://example.org/sepses#be83fe4a-7de9-4a03-9076-e8b7e6a9d196","hostName":"DESKTOP-F650GTN"},"objectType":"File","processID":"0x1404","@id":"http://example.org/logEntry#logEntry-4637613c-a029-449b-a54c-18544c88f2d1","accountName":"KKurniawan","keyword":["Audit Success"],"accountDomain":"DESKTOP-F650GTN","logonID":"0xe138a","accesses":"%%4416\n\t\t\t\t","logMessage":"An attempt was made to access an object.\n\nSubject:\n\tSecurity ID:\t\tS-1-5-21-132051286-1762614582-3209893546-1001\n\tAccount Name:\t\tKKurniawan\n\tAccount Domain:\t\tDESKTOP-F650GTN\n\tLogon ID:\t\t0xE138A\n\nObject:\n\tObject Server:\t\tSecurity\n\tObject Type:\t\tFile\n\tObject Name:\t\t\\Device\\HarddiskVolume6\\Video\n\tHandle ID:\t\t0x36e0\n\tResource Attributes:\t\n\nProcess Information:\n\tProcess ID:\t\t0x1404\n\tProcess Name:\t\tC:\\Program Files (x86)\\Google\\Chrome\\Application\\chrome.exe\n\nAccess Request Information:\n\tAccesses:\t\tReadData (or ListDirectory)\n\t\t\t\t\n\tAccess Mask:\t\t0x1","version":1,"objectName":"\\Device\\HarddiskVolume6\\Video"}
{"logName":"Security","source":"Microsoft-Windows-Security-Auditing","@context":"http://sepses.ifs.tuwien.ac.at/contexts/wineventlog.jsonld","computerName":"DESKTOP-F650GTN","objectServer":"Security","@type":"http://purl.org/sepses/vocab/log/wineventlog#WindowsEventLogEntry","upCode":"Info","accessMask":"0x1","hasLogType":"wineventlog","timestamp":"2019-05-29T13:19:38.450Z","processName":"C:\\Program Files (x86)\\Google\\Chrome\\Application\\chrome.exe","handleID":"0x39e4","@timestamp":"2019-05-29T13:19:38.450Z","eventID":4663,"level":"Information","taskCategory":"Removable Storage","originatesFrom":{"@type":"rdf:nodeID","@id":"http://example.org/sepses#616cb0ac-6a59-4ca2-9533-c4a0a93960c6","hostName":"DESKTOP-F650GTN"},"objectType":"File","processID":"0x1404","@id":"http://example.org/logEntry#logEntry-c41a3ff9-7c1c-4f15-ba99-d5bb04644c3e","accountName":"KKurniawan","keyword":["Audit Success"],"accountDomain":"DESKTOP-F650GTN","logonID":"0xe138a","accesses":"%%4416\n\t\t\t\t","logMessage":"An attempt was made to access an object.\n\nSubject:\n\tSecurity ID:\t\tS-1-5-21-132051286-1762614582-3209893546-1001\n\tAccount Name:\t\tKKurniawan\n\tAccount Domain:\t\tDESKTOP-F650GTN\n\tLogon ID:\t\t0xE138A\n\nObject:\n\tObject Server:\t\tSecurity\n\tObject Type:\t\tFile\n\tObject Name:\t\t\\Device\\HarddiskVolume6\\\n\tHandle ID:\t\t0x39e4\n\tResource Attributes:\t\n\nProcess Information:\n\tProcess ID:\t\t0x1404\n\tProcess Name:\t\tC:\\Program Files (x86)\\Google\\Chrome\\Application\\chrome.exe\n\nAccess Request Information:\n\tAccesses:\t\tReadData (or ListDirectory)\n\t\t\t\t\n\tAccess Mask:\t\t0x1","version":1,"objectName":"\\Device\\HarddiskVolume6\\"}
{"logName":"Security","source":"Microsoft-Windows-Security-Auditing","@context":"http://sepses.ifs.tuwien.ac.at/contexts/wineventlog.jsonld","computerName":"DESKTOP-F650GTN","objectServer":"Security","@type":"http://purl.org/sepses/vocab/log/wineventlog#WindowsEventLogEntry","upCode":"Info","accessMask":"0x1","hasLogType":"wineventlog","timestamp":"2019-05-29T13:19:38.476Z","processName":"C:\\Program Files (x86)\\Google\\Chrome\\Application\\chrome.exe","handleID":"0x3070","@timestamp":"2019-05-29T13:19:38.476Z","eventID":4663,"level":"Information","taskCategory":"Removable Storage","originatesFrom":{"@type":"rdf:nodeID","@id":"http://example.org/sepses#1d8a3ef5-ea76-4ae8-b4ab-c9ded46c73ef","hostName":"DESKTOP-F650GTN"},"objectType":"File","processID":"0x1404","@id":"http://example.org/logEntry#logEntry-cb236f78-8d71-467d-bf5d-982a05228bd6","accountName":"KKurniawan","keyword":["Audit Success"],"accountDomain":"DESKTOP-F650GTN","logonID":"0xe138a","accesses":"%%4416\n\t\t\t\t","logMessage":"An attempt was made to access an object.\n\nSubject:\n\tSecurity ID:\t\tS-1-5-21-132051286-1762614582-3209893546-1001\n\tAccount Name:\t\tKKurniawan\n\tAccount Domain:\t\tDESKTOP-F650GTN\n\tLogon ID:\t\t0xE138A\n\nObject:\n\tObject Server:\t\tSecurity\n\tObject Type:\t\tFile\n\tObject Name:\t\t\\Device\\HarddiskVolume6\\\n\tHandle ID:\t\t0x3070\n\tResource Attributes:\t\n\nProcess Information:\n\tProcess ID:\t\t0x1404\n\tProcess Name:\t\tC:\\Program Files (x86)\\Google\\Chrome\\Application\\chrome.exe\n\nAccess Request Information:\n\tAccesses:\t\tReadData (or ListDirectory)\n\t\t\t\t\n\tAccess Mask:\t\t0x1","version":1,"objectName":"\\Device\\HarddiskVolume6\\"}
{"logName":"Security","source":"Microsoft-Windows-Security-Auditing","@context":"http://sepses.ifs.tuwien.ac.at/contexts/wineventlog.jsonld","computerName":"DESKTOP-F650GTN","objectServer":"Security","@type":"http://purl.org/sepses/vocab/log/wineventlog#WindowsEventLogEntry","upCode":"Info","accessMask":"0x1","hasLogType":"wineventlog","timestamp":"2019-05-29T13:19:38.496Z","processName":"C:\\Program Files (x86)\\Google\\Chrome\\Application\\chrome.exe","handleID":"0x2f68","@timestamp":"2019-05-29T13:19:38.496Z","eventID":4663,"level":"Information","taskCategory":"Removable Storage","originatesFrom":{"@type":"rdf:nodeID","@id":"http://example.org/sepses#d3a024ba-aeb5-4c36-b760-eb50022180fd","hostName":"DESKTOP-F650GTN"},"objectType":"File","processID":"0x1404","@id":"http://example.org/logEntry#logEntry-fda8825a-9999-4828-9097-34999b9a257b","accountName":"KKurniawan","keyword":["Audit Success"],"accountDomain":"DESKTOP-F650GTN","logonID":"0xe138a","accesses":"%%4416\n\t\t\t\t","logMessage":"An attempt was made to access an object.\n\nSubject:\n\tSecurity ID:\t\tS-1-5-21-132051286-1762614582-3209893546-1001\n\tAccount Name:\t\tKKurniawan\n\tAccount Domain:\t\tDESKTOP-F650GTN\n\tLogon ID:\t\t0xE138A\n\nObject:\n\tObject Server:\t\tSecurity\n\tObject Type:\t\tFile\n\tObject Name:\t\t\\Device\\HarddiskVolume6\\\n\tHandle ID:\t\t0x2f68\n\tResource Attributes:\t\n\nProcess Information:\n\tProcess ID:\t\t0x1404\n\tProcess Name:\t\tC:\\Program Files (x86)\\Google\\Chrome\\Application\\chrome.exe\n\nAccess Request Information:\n\tAccesses:\t\tReadData (or ListDirectory)\n\t\t\t\t\n\tAccess Mask:\t\t0x1","version":1,"objectName":"\\Device\\HarddiskVolume6\\"}
